[2025-04-15T01:50:25.850+0000] {local_task_job_runner.py:123} INFO - ::group::Pre task execution logs
[2025-04-15T01:50:25.981+0000] {taskinstance.py:2614} INFO - Dependencies all met for dep_context=non-requeueable deps ti=<TaskInstance: pipeline_garrafa_stanley.storage_scrap manual__2025-04-15T01:50:03.037922+00:00 [queued]>
[2025-04-15T01:50:26.068+0000] {taskinstance.py:2614} INFO - Dependencies all met for dep_context=requeueable deps ti=<TaskInstance: pipeline_garrafa_stanley.storage_scrap manual__2025-04-15T01:50:03.037922+00:00 [queued]>
[2025-04-15T01:50:26.076+0000] {taskinstance.py:2867} INFO - Starting attempt 1 of 1
[2025-04-15T01:50:26.166+0000] {taskinstance.py:2890} INFO - Executing <Task(PythonOperator): storage_scrap> on 2025-04-15 01:50:03.037922+00:00
[2025-04-15T01:50:26.261+0000] {warnings.py:112} WARNING - /home/***/.local/lib/python3.12/site-packages/***/task/task_runner/standard_task_runner.py:70: DeprecationWarning: This process (pid=633) is multi-threaded, use of fork() may lead to deadlocks in the child.
  pid = os.fork()

[2025-04-15T01:50:26.270+0000] {standard_task_runner.py:72} INFO - Started process 643 to run task
[2025-04-15T01:50:26.293+0000] {standard_task_runner.py:104} INFO - Running: ['***', 'tasks', 'run', 'pipeline_garrafa_stanley', 'storage_scrap', 'manual__2025-04-15T01:50:03.037922+00:00', '--job-id', '200', '--raw', '--subdir', 'DAGS_FOLDER/pipeline.py', '--cfg-path', '/tmp/tmp1a2uv3o9']
[2025-04-15T01:50:26.318+0000] {standard_task_runner.py:105} INFO - Job 200: Subtask storage_scrap
[2025-04-15T01:50:26.727+0000] {task_command.py:467} INFO - Running <TaskInstance: pipeline_garrafa_stanley.storage_scrap manual__2025-04-15T01:50:03.037922+00:00 [running]> on host 28ab01396367
[2025-04-15T01:50:27.156+0000] {taskinstance.py:3134} INFO - Exporting env vars: AIRFLOW_CTX_DAG_OWNER='***' AIRFLOW_CTX_DAG_ID='pipeline_garrafa_stanley' AIRFLOW_CTX_TASK_ID='storage_scrap' AIRFLOW_CTX_EXECUTION_DATE='2025-04-15T01:50:03.037922+00:00' AIRFLOW_CTX_TRY_NUMBER='1' AIRFLOW_CTX_DAG_RUN_ID='manual__2025-04-15T01:50:03.037922+00:00'
[2025-04-15T01:50:27.160+0000] {taskinstance.py:732} INFO - ::endgroup::
[2025-04-15T01:50:27.229+0000] {logging_mixin.py:190} INFO - Bucket bucket-coleta already exists
[2025-04-15T01:50:27.290+0000] {logging_mixin.py:190} INFO - /opt/***/dags/scrap_result.csv Arquivado com Sucesso  scrap_result_2025-04-15_01:50:24.csv no repositório bucket-coleta
[2025-04-15T01:50:27.294+0000] {python.py:240} INFO - Done. Returned value was: None
[2025-04-15T01:50:27.355+0000] {taskinstance.py:341} INFO - ::group::Post task execution logs
[2025-04-15T01:50:27.357+0000] {taskinstance.py:353} INFO - Marking task as SUCCESS. dag_id=pipeline_garrafa_stanley, task_id=storage_scrap, run_id=manual__2025-04-15T01:50:03.037922+00:00, execution_date=20250415T015003, start_date=20250415T015026, end_date=20250415T015027
[2025-04-15T01:50:27.589+0000] {local_task_job_runner.py:266} INFO - Task exited with return code 0
[2025-04-15T01:50:27.742+0000] {taskinstance.py:3901} INFO - 0 downstream tasks scheduled from follow-on schedule check
[2025-04-15T01:50:27.758+0000] {local_task_job_runner.py:245} INFO - ::endgroup::
