[2025-04-13T23:29:32.378+0000] {processor.py:186} INFO - Started process (PID=2190) to work on /opt/airflow/dags/process_csv.py
[2025-04-13T23:29:32.380+0000] {processor.py:914} INFO - Processing file /opt/airflow/dags/process_csv.py for tasks to queue
[2025-04-13T23:29:32.384+0000] {logging_mixin.py:190} INFO - [2025-04-13T23:29:32.383+0000] {dagbag.py:588} INFO - Filling up the DagBag from /opt/airflow/dags/process_csv.py
[2025-04-13T23:29:32.876+0000] {processor.py:927} WARNING - No viable dags retrieved from /opt/airflow/dags/process_csv.py
[2025-04-13T23:29:32.910+0000] {processor.py:208} INFO - Processing /opt/airflow/dags/process_csv.py took 0.540 seconds
[2025-04-13T23:30:03.252+0000] {processor.py:186} INFO - Started process (PID=2201) to work on /opt/airflow/dags/process_csv.py
[2025-04-13T23:30:03.254+0000] {processor.py:914} INFO - Processing file /opt/airflow/dags/process_csv.py for tasks to queue
[2025-04-13T23:30:03.257+0000] {logging_mixin.py:190} INFO - [2025-04-13T23:30:03.256+0000] {dagbag.py:588} INFO - Filling up the DagBag from /opt/airflow/dags/process_csv.py
[2025-04-13T23:30:03.720+0000] {processor.py:927} WARNING - No viable dags retrieved from /opt/airflow/dags/process_csv.py
[2025-04-13T23:30:03.752+0000] {processor.py:208} INFO - Processing /opt/airflow/dags/process_csv.py took 0.507 seconds
[2025-04-13T23:30:34.019+0000] {processor.py:186} INFO - Started process (PID=2212) to work on /opt/airflow/dags/process_csv.py
[2025-04-13T23:30:34.020+0000] {processor.py:914} INFO - Processing file /opt/airflow/dags/process_csv.py for tasks to queue
[2025-04-13T23:30:34.022+0000] {logging_mixin.py:190} INFO - [2025-04-13T23:30:34.022+0000] {dagbag.py:588} INFO - Filling up the DagBag from /opt/airflow/dags/process_csv.py
[2025-04-13T23:30:34.474+0000] {processor.py:927} WARNING - No viable dags retrieved from /opt/airflow/dags/process_csv.py
[2025-04-13T23:30:34.510+0000] {processor.py:208} INFO - Processing /opt/airflow/dags/process_csv.py took 0.499 seconds
[2025-04-13T23:31:05.107+0000] {processor.py:186} INFO - Started process (PID=2224) to work on /opt/airflow/dags/process_csv.py
[2025-04-13T23:31:05.109+0000] {processor.py:914} INFO - Processing file /opt/airflow/dags/process_csv.py for tasks to queue
[2025-04-13T23:31:05.112+0000] {logging_mixin.py:190} INFO - [2025-04-13T23:31:05.112+0000] {dagbag.py:588} INFO - Filling up the DagBag from /opt/airflow/dags/process_csv.py
[2025-04-13T23:31:05.554+0000] {processor.py:927} WARNING - No viable dags retrieved from /opt/airflow/dags/process_csv.py
[2025-04-13T23:31:05.580+0000] {processor.py:208} INFO - Processing /opt/airflow/dags/process_csv.py took 0.482 seconds
[2025-04-13T23:31:35.699+0000] {processor.py:186} INFO - Started process (PID=2238) to work on /opt/airflow/dags/process_csv.py
[2025-04-13T23:31:35.700+0000] {processor.py:914} INFO - Processing file /opt/airflow/dags/process_csv.py for tasks to queue
[2025-04-13T23:31:35.702+0000] {logging_mixin.py:190} INFO - [2025-04-13T23:31:35.702+0000] {dagbag.py:588} INFO - Filling up the DagBag from /opt/airflow/dags/process_csv.py
[2025-04-13T23:31:36.288+0000] {processor.py:927} WARNING - No viable dags retrieved from /opt/airflow/dags/process_csv.py
[2025-04-13T23:31:36.316+0000] {processor.py:208} INFO - Processing /opt/airflow/dags/process_csv.py took 0.627 seconds
[2025-04-13T23:32:06.696+0000] {processor.py:186} INFO - Started process (PID=2249) to work on /opt/airflow/dags/process_csv.py
[2025-04-13T23:32:06.698+0000] {processor.py:914} INFO - Processing file /opt/airflow/dags/process_csv.py for tasks to queue
[2025-04-13T23:32:06.701+0000] {logging_mixin.py:190} INFO - [2025-04-13T23:32:06.700+0000] {dagbag.py:588} INFO - Filling up the DagBag from /opt/airflow/dags/process_csv.py
[2025-04-13T23:32:07.210+0000] {processor.py:927} WARNING - No viable dags retrieved from /opt/airflow/dags/process_csv.py
[2025-04-13T23:32:07.240+0000] {processor.py:208} INFO - Processing /opt/airflow/dags/process_csv.py took 0.561 seconds
[2025-04-13T23:32:37.550+0000] {processor.py:186} INFO - Started process (PID=2260) to work on /opt/airflow/dags/process_csv.py
[2025-04-13T23:32:37.552+0000] {processor.py:914} INFO - Processing file /opt/airflow/dags/process_csv.py for tasks to queue
[2025-04-13T23:32:37.554+0000] {logging_mixin.py:190} INFO - [2025-04-13T23:32:37.553+0000] {dagbag.py:588} INFO - Filling up the DagBag from /opt/airflow/dags/process_csv.py
[2025-04-13T23:32:38.022+0000] {processor.py:927} WARNING - No viable dags retrieved from /opt/airflow/dags/process_csv.py
[2025-04-13T23:32:38.069+0000] {processor.py:208} INFO - Processing /opt/airflow/dags/process_csv.py took 0.529 seconds
[2025-04-13T23:33:08.454+0000] {processor.py:186} INFO - Started process (PID=2272) to work on /opt/airflow/dags/process_csv.py
[2025-04-13T23:33:08.456+0000] {processor.py:914} INFO - Processing file /opt/airflow/dags/process_csv.py for tasks to queue
[2025-04-13T23:33:08.458+0000] {logging_mixin.py:190} INFO - [2025-04-13T23:33:08.457+0000] {dagbag.py:588} INFO - Filling up the DagBag from /opt/airflow/dags/process_csv.py
[2025-04-13T23:33:08.889+0000] {processor.py:927} WARNING - No viable dags retrieved from /opt/airflow/dags/process_csv.py
[2025-04-13T23:33:08.918+0000] {processor.py:208} INFO - Processing /opt/airflow/dags/process_csv.py took 0.473 seconds
[2025-04-13T23:33:39.241+0000] {processor.py:186} INFO - Started process (PID=2283) to work on /opt/airflow/dags/process_csv.py
[2025-04-13T23:33:39.243+0000] {processor.py:914} INFO - Processing file /opt/airflow/dags/process_csv.py for tasks to queue
[2025-04-13T23:33:39.246+0000] {logging_mixin.py:190} INFO - [2025-04-13T23:33:39.245+0000] {dagbag.py:588} INFO - Filling up the DagBag from /opt/airflow/dags/process_csv.py
[2025-04-13T23:33:39.662+0000] {processor.py:927} WARNING - No viable dags retrieved from /opt/airflow/dags/process_csv.py
[2025-04-13T23:33:39.693+0000] {processor.py:208} INFO - Processing /opt/airflow/dags/process_csv.py took 0.461 seconds
[2025-04-13T23:34:10.130+0000] {processor.py:186} INFO - Started process (PID=2296) to work on /opt/airflow/dags/process_csv.py
[2025-04-13T23:34:10.133+0000] {processor.py:914} INFO - Processing file /opt/airflow/dags/process_csv.py for tasks to queue
[2025-04-13T23:34:10.135+0000] {logging_mixin.py:190} INFO - [2025-04-13T23:34:10.134+0000] {dagbag.py:588} INFO - Filling up the DagBag from /opt/airflow/dags/process_csv.py
[2025-04-13T23:34:10.593+0000] {processor.py:927} WARNING - No viable dags retrieved from /opt/airflow/dags/process_csv.py
[2025-04-13T23:34:10.622+0000] {processor.py:208} INFO - Processing /opt/airflow/dags/process_csv.py took 0.500 seconds
[2025-04-13T23:34:40.929+0000] {processor.py:186} INFO - Started process (PID=2308) to work on /opt/airflow/dags/process_csv.py
[2025-04-13T23:34:40.931+0000] {processor.py:914} INFO - Processing file /opt/airflow/dags/process_csv.py for tasks to queue
[2025-04-13T23:34:40.933+0000] {logging_mixin.py:190} INFO - [2025-04-13T23:34:40.933+0000] {dagbag.py:588} INFO - Filling up the DagBag from /opt/airflow/dags/process_csv.py
[2025-04-13T23:34:41.362+0000] {processor.py:927} WARNING - No viable dags retrieved from /opt/airflow/dags/process_csv.py
[2025-04-13T23:34:41.390+0000] {processor.py:208} INFO - Processing /opt/airflow/dags/process_csv.py took 0.468 seconds
[2025-04-13T23:35:12.277+0000] {processor.py:186} INFO - Started process (PID=2320) to work on /opt/airflow/dags/process_csv.py
[2025-04-13T23:35:12.278+0000] {processor.py:914} INFO - Processing file /opt/airflow/dags/process_csv.py for tasks to queue
[2025-04-13T23:35:12.280+0000] {logging_mixin.py:190} INFO - [2025-04-13T23:35:12.280+0000] {dagbag.py:588} INFO - Filling up the DagBag from /opt/airflow/dags/process_csv.py
[2025-04-13T23:35:12.721+0000] {processor.py:927} WARNING - No viable dags retrieved from /opt/airflow/dags/process_csv.py
[2025-04-13T23:35:12.749+0000] {processor.py:208} INFO - Processing /opt/airflow/dags/process_csv.py took 0.480 seconds
[2025-04-13T23:35:43.138+0000] {processor.py:186} INFO - Started process (PID=2332) to work on /opt/airflow/dags/process_csv.py
[2025-04-13T23:35:43.140+0000] {processor.py:914} INFO - Processing file /opt/airflow/dags/process_csv.py for tasks to queue
[2025-04-13T23:35:43.142+0000] {logging_mixin.py:190} INFO - [2025-04-13T23:35:43.142+0000] {dagbag.py:588} INFO - Filling up the DagBag from /opt/airflow/dags/process_csv.py
[2025-04-13T23:35:43.555+0000] {processor.py:927} WARNING - No viable dags retrieved from /opt/airflow/dags/process_csv.py
[2025-04-13T23:35:43.587+0000] {processor.py:208} INFO - Processing /opt/airflow/dags/process_csv.py took 0.456 seconds
[2025-04-13T23:36:13.872+0000] {processor.py:186} INFO - Started process (PID=2345) to work on /opt/airflow/dags/process_csv.py
[2025-04-13T23:36:13.873+0000] {processor.py:914} INFO - Processing file /opt/airflow/dags/process_csv.py for tasks to queue
[2025-04-13T23:36:13.876+0000] {logging_mixin.py:190} INFO - [2025-04-13T23:36:13.875+0000] {dagbag.py:588} INFO - Filling up the DagBag from /opt/airflow/dags/process_csv.py
[2025-04-13T23:36:14.340+0000] {processor.py:927} WARNING - No viable dags retrieved from /opt/airflow/dags/process_csv.py
[2025-04-13T23:36:14.371+0000] {processor.py:208} INFO - Processing /opt/airflow/dags/process_csv.py took 0.516 seconds
[2025-04-13T23:36:44.686+0000] {processor.py:186} INFO - Started process (PID=2356) to work on /opt/airflow/dags/process_csv.py
[2025-04-13T23:36:44.688+0000] {processor.py:914} INFO - Processing file /opt/airflow/dags/process_csv.py for tasks to queue
[2025-04-13T23:36:44.690+0000] {logging_mixin.py:190} INFO - [2025-04-13T23:36:44.690+0000] {dagbag.py:588} INFO - Filling up the DagBag from /opt/airflow/dags/process_csv.py
[2025-04-13T23:36:45.092+0000] {processor.py:927} WARNING - No viable dags retrieved from /opt/airflow/dags/process_csv.py
[2025-04-13T23:36:45.118+0000] {processor.py:208} INFO - Processing /opt/airflow/dags/process_csv.py took 0.440 seconds
[2025-04-13T23:37:15.542+0000] {processor.py:186} INFO - Started process (PID=2376) to work on /opt/airflow/dags/process_csv.py
[2025-04-13T23:37:15.544+0000] {processor.py:914} INFO - Processing file /opt/airflow/dags/process_csv.py for tasks to queue
[2025-04-13T23:37:15.547+0000] {logging_mixin.py:190} INFO - [2025-04-13T23:37:15.546+0000] {dagbag.py:588} INFO - Filling up the DagBag from /opt/airflow/dags/process_csv.py
[2025-04-13T23:37:15.986+0000] {processor.py:927} WARNING - No viable dags retrieved from /opt/airflow/dags/process_csv.py
[2025-04-13T23:37:16.015+0000] {processor.py:208} INFO - Processing /opt/airflow/dags/process_csv.py took 0.482 seconds
[2025-04-13T23:37:46.293+0000] {processor.py:186} INFO - Started process (PID=2388) to work on /opt/airflow/dags/process_csv.py
[2025-04-13T23:37:46.295+0000] {processor.py:914} INFO - Processing file /opt/airflow/dags/process_csv.py for tasks to queue
[2025-04-13T23:37:46.296+0000] {logging_mixin.py:190} INFO - [2025-04-13T23:37:46.296+0000] {dagbag.py:588} INFO - Filling up the DagBag from /opt/airflow/dags/process_csv.py
[2025-04-13T23:37:46.724+0000] {processor.py:927} WARNING - No viable dags retrieved from /opt/airflow/dags/process_csv.py
[2025-04-13T23:37:46.750+0000] {processor.py:208} INFO - Processing /opt/airflow/dags/process_csv.py took 0.464 seconds
[2025-04-13T23:38:17.270+0000] {processor.py:186} INFO - Started process (PID=2399) to work on /opt/airflow/dags/process_csv.py
[2025-04-13T23:38:17.272+0000] {processor.py:914} INFO - Processing file /opt/airflow/dags/process_csv.py for tasks to queue
[2025-04-13T23:38:17.274+0000] {logging_mixin.py:190} INFO - [2025-04-13T23:38:17.274+0000] {dagbag.py:588} INFO - Filling up the DagBag from /opt/airflow/dags/process_csv.py
[2025-04-13T23:38:17.821+0000] {processor.py:927} WARNING - No viable dags retrieved from /opt/airflow/dags/process_csv.py
[2025-04-13T23:38:17.849+0000] {processor.py:208} INFO - Processing /opt/airflow/dags/process_csv.py took 0.587 seconds
[2025-04-13T23:38:48.286+0000] {processor.py:186} INFO - Started process (PID=2413) to work on /opt/airflow/dags/process_csv.py
[2025-04-13T23:38:48.288+0000] {processor.py:914} INFO - Processing file /opt/airflow/dags/process_csv.py for tasks to queue
[2025-04-13T23:38:48.291+0000] {logging_mixin.py:190} INFO - [2025-04-13T23:38:48.290+0000] {dagbag.py:588} INFO - Filling up the DagBag from /opt/airflow/dags/process_csv.py
[2025-04-13T23:38:48.735+0000] {processor.py:927} WARNING - No viable dags retrieved from /opt/airflow/dags/process_csv.py
[2025-04-13T23:38:48.761+0000] {processor.py:208} INFO - Processing /opt/airflow/dags/process_csv.py took 0.486 seconds
[2025-04-13T23:39:19.072+0000] {processor.py:186} INFO - Started process (PID=2425) to work on /opt/airflow/dags/process_csv.py
[2025-04-13T23:39:19.074+0000] {processor.py:914} INFO - Processing file /opt/airflow/dags/process_csv.py for tasks to queue
[2025-04-13T23:39:19.076+0000] {logging_mixin.py:190} INFO - [2025-04-13T23:39:19.076+0000] {dagbag.py:588} INFO - Filling up the DagBag from /opt/airflow/dags/process_csv.py
[2025-04-13T23:39:19.535+0000] {processor.py:927} WARNING - No viable dags retrieved from /opt/airflow/dags/process_csv.py
[2025-04-13T23:39:19.562+0000] {processor.py:208} INFO - Processing /opt/airflow/dags/process_csv.py took 0.503 seconds
[2025-04-13T23:39:27.657+0000] {processor.py:186} INFO - Started process (PID=2428) to work on /opt/airflow/dags/process_csv.py
[2025-04-13T23:39:27.658+0000] {processor.py:914} INFO - Processing file /opt/airflow/dags/process_csv.py for tasks to queue
[2025-04-13T23:39:27.661+0000] {logging_mixin.py:190} INFO - [2025-04-13T23:39:27.660+0000] {dagbag.py:588} INFO - Filling up the DagBag from /opt/airflow/dags/process_csv.py
[2025-04-13T23:39:28.156+0000] {processor.py:927} WARNING - No viable dags retrieved from /opt/airflow/dags/process_csv.py
[2025-04-13T23:39:28.190+0000] {processor.py:208} INFO - Processing /opt/airflow/dags/process_csv.py took 0.542 seconds
[2025-04-13T23:39:58.558+0000] {processor.py:186} INFO - Started process (PID=2441) to work on /opt/airflow/dags/process_csv.py
[2025-04-13T23:39:58.560+0000] {processor.py:914} INFO - Processing file /opt/airflow/dags/process_csv.py for tasks to queue
[2025-04-13T23:39:58.562+0000] {logging_mixin.py:190} INFO - [2025-04-13T23:39:58.562+0000] {dagbag.py:588} INFO - Filling up the DagBag from /opt/airflow/dags/process_csv.py
[2025-04-13T23:39:59.021+0000] {processor.py:927} WARNING - No viable dags retrieved from /opt/airflow/dags/process_csv.py
[2025-04-13T23:39:59.049+0000] {processor.py:208} INFO - Processing /opt/airflow/dags/process_csv.py took 0.499 seconds
[2025-04-13T23:40:29.483+0000] {processor.py:186} INFO - Started process (PID=2455) to work on /opt/airflow/dags/process_csv.py
[2025-04-13T23:40:29.485+0000] {processor.py:914} INFO - Processing file /opt/airflow/dags/process_csv.py for tasks to queue
[2025-04-13T23:40:29.489+0000] {logging_mixin.py:190} INFO - [2025-04-13T23:40:29.488+0000] {dagbag.py:588} INFO - Filling up the DagBag from /opt/airflow/dags/process_csv.py
[2025-04-13T23:40:30.077+0000] {processor.py:927} WARNING - No viable dags retrieved from /opt/airflow/dags/process_csv.py
[2025-04-13T23:40:30.114+0000] {processor.py:208} INFO - Processing /opt/airflow/dags/process_csv.py took 0.643 seconds
[2025-04-13T23:41:00.872+0000] {processor.py:186} INFO - Started process (PID=2469) to work on /opt/airflow/dags/process_csv.py
[2025-04-13T23:41:00.874+0000] {processor.py:914} INFO - Processing file /opt/airflow/dags/process_csv.py for tasks to queue
[2025-04-13T23:41:00.876+0000] {logging_mixin.py:190} INFO - [2025-04-13T23:41:00.876+0000] {dagbag.py:588} INFO - Filling up the DagBag from /opt/airflow/dags/process_csv.py
[2025-04-13T23:41:01.305+0000] {processor.py:927} WARNING - No viable dags retrieved from /opt/airflow/dags/process_csv.py
[2025-04-13T23:41:01.329+0000] {processor.py:208} INFO - Processing /opt/airflow/dags/process_csv.py took 0.465 seconds
[2025-04-13T23:41:31.633+0000] {processor.py:186} INFO - Started process (PID=2480) to work on /opt/airflow/dags/process_csv.py
[2025-04-13T23:41:31.635+0000] {processor.py:914} INFO - Processing file /opt/airflow/dags/process_csv.py for tasks to queue
[2025-04-13T23:41:31.638+0000] {logging_mixin.py:190} INFO - [2025-04-13T23:41:31.638+0000] {dagbag.py:588} INFO - Filling up the DagBag from /opt/airflow/dags/process_csv.py
[2025-04-13T23:41:32.098+0000] {processor.py:927} WARNING - No viable dags retrieved from /opt/airflow/dags/process_csv.py
[2025-04-13T23:41:32.133+0000] {processor.py:208} INFO - Processing /opt/airflow/dags/process_csv.py took 0.511 seconds
[2025-04-13T23:42:02.911+0000] {processor.py:186} INFO - Started process (PID=2492) to work on /opt/airflow/dags/process_csv.py
[2025-04-13T23:42:02.913+0000] {processor.py:914} INFO - Processing file /opt/airflow/dags/process_csv.py for tasks to queue
[2025-04-13T23:42:02.915+0000] {logging_mixin.py:190} INFO - [2025-04-13T23:42:02.914+0000] {dagbag.py:588} INFO - Filling up the DagBag from /opt/airflow/dags/process_csv.py
[2025-04-13T23:42:03.361+0000] {processor.py:927} WARNING - No viable dags retrieved from /opt/airflow/dags/process_csv.py
[2025-04-13T23:42:03.387+0000] {processor.py:208} INFO - Processing /opt/airflow/dags/process_csv.py took 0.485 seconds
[2025-04-13T23:42:33.704+0000] {processor.py:186} INFO - Started process (PID=2505) to work on /opt/airflow/dags/process_csv.py
[2025-04-13T23:42:33.706+0000] {processor.py:914} INFO - Processing file /opt/airflow/dags/process_csv.py for tasks to queue
[2025-04-13T23:42:33.708+0000] {logging_mixin.py:190} INFO - [2025-04-13T23:42:33.708+0000] {dagbag.py:588} INFO - Filling up the DagBag from /opt/airflow/dags/process_csv.py
[2025-04-13T23:42:34.161+0000] {processor.py:927} WARNING - No viable dags retrieved from /opt/airflow/dags/process_csv.py
[2025-04-13T23:42:34.189+0000] {processor.py:208} INFO - Processing /opt/airflow/dags/process_csv.py took 0.493 seconds
[2025-04-13T23:43:04.459+0000] {processor.py:186} INFO - Started process (PID=2517) to work on /opt/airflow/dags/process_csv.py
[2025-04-13T23:43:04.461+0000] {processor.py:914} INFO - Processing file /opt/airflow/dags/process_csv.py for tasks to queue
[2025-04-13T23:43:04.464+0000] {logging_mixin.py:190} INFO - [2025-04-13T23:43:04.463+0000] {dagbag.py:588} INFO - Filling up the DagBag from /opt/airflow/dags/process_csv.py
[2025-04-13T23:43:05.018+0000] {processor.py:927} WARNING - No viable dags retrieved from /opt/airflow/dags/process_csv.py
[2025-04-13T23:43:05.051+0000] {processor.py:208} INFO - Processing /opt/airflow/dags/process_csv.py took 0.602 seconds
[2025-04-13T23:43:35.710+0000] {processor.py:186} INFO - Started process (PID=2528) to work on /opt/airflow/dags/process_csv.py
[2025-04-13T23:43:35.712+0000] {processor.py:914} INFO - Processing file /opt/airflow/dags/process_csv.py for tasks to queue
[2025-04-13T23:43:35.715+0000] {logging_mixin.py:190} INFO - [2025-04-13T23:43:35.714+0000] {dagbag.py:588} INFO - Filling up the DagBag from /opt/airflow/dags/process_csv.py
[2025-04-13T23:43:36.206+0000] {processor.py:927} WARNING - No viable dags retrieved from /opt/airflow/dags/process_csv.py
[2025-04-13T23:43:36.248+0000] {processor.py:208} INFO - Processing /opt/airflow/dags/process_csv.py took 0.548 seconds
[2025-04-13T23:44:06.994+0000] {processor.py:186} INFO - Started process (PID=2541) to work on /opt/airflow/dags/process_csv.py
[2025-04-13T23:44:06.996+0000] {processor.py:914} INFO - Processing file /opt/airflow/dags/process_csv.py for tasks to queue
[2025-04-13T23:44:06.998+0000] {logging_mixin.py:190} INFO - [2025-04-13T23:44:06.998+0000] {dagbag.py:588} INFO - Filling up the DagBag from /opt/airflow/dags/process_csv.py
[2025-04-13T23:44:07.444+0000] {processor.py:927} WARNING - No viable dags retrieved from /opt/airflow/dags/process_csv.py
[2025-04-13T23:44:07.472+0000] {processor.py:208} INFO - Processing /opt/airflow/dags/process_csv.py took 0.485 seconds
[2025-04-13T23:44:37.938+0000] {processor.py:186} INFO - Started process (PID=2553) to work on /opt/airflow/dags/process_csv.py
[2025-04-13T23:44:37.940+0000] {processor.py:914} INFO - Processing file /opt/airflow/dags/process_csv.py for tasks to queue
[2025-04-13T23:44:37.942+0000] {logging_mixin.py:190} INFO - [2025-04-13T23:44:37.942+0000] {dagbag.py:588} INFO - Filling up the DagBag from /opt/airflow/dags/process_csv.py
[2025-04-13T23:44:38.454+0000] {processor.py:927} WARNING - No viable dags retrieved from /opt/airflow/dags/process_csv.py
[2025-04-13T23:44:38.484+0000] {processor.py:208} INFO - Processing /opt/airflow/dags/process_csv.py took 0.553 seconds
[2025-04-13T23:45:08.766+0000] {processor.py:186} INFO - Started process (PID=2565) to work on /opt/airflow/dags/process_csv.py
[2025-04-13T23:45:08.767+0000] {processor.py:914} INFO - Processing file /opt/airflow/dags/process_csv.py for tasks to queue
[2025-04-13T23:45:08.769+0000] {logging_mixin.py:190} INFO - [2025-04-13T23:45:08.769+0000] {dagbag.py:588} INFO - Filling up the DagBag from /opt/airflow/dags/process_csv.py
[2025-04-13T23:45:09.186+0000] {processor.py:927} WARNING - No viable dags retrieved from /opt/airflow/dags/process_csv.py
[2025-04-13T23:45:09.218+0000] {processor.py:208} INFO - Processing /opt/airflow/dags/process_csv.py took 0.459 seconds
[2025-04-13T23:45:39.506+0000] {processor.py:186} INFO - Started process (PID=2577) to work on /opt/airflow/dags/process_csv.py
[2025-04-13T23:45:39.508+0000] {processor.py:914} INFO - Processing file /opt/airflow/dags/process_csv.py for tasks to queue
[2025-04-13T23:45:39.511+0000] {logging_mixin.py:190} INFO - [2025-04-13T23:45:39.510+0000] {dagbag.py:588} INFO - Filling up the DagBag from /opt/airflow/dags/process_csv.py
[2025-04-13T23:45:39.979+0000] {processor.py:927} WARNING - No viable dags retrieved from /opt/airflow/dags/process_csv.py
[2025-04-13T23:45:40.015+0000] {processor.py:208} INFO - Processing /opt/airflow/dags/process_csv.py took 0.517 seconds
[2025-04-13T23:46:10.348+0000] {processor.py:186} INFO - Started process (PID=2589) to work on /opt/airflow/dags/process_csv.py
[2025-04-13T23:46:10.349+0000] {processor.py:914} INFO - Processing file /opt/airflow/dags/process_csv.py for tasks to queue
[2025-04-13T23:46:10.351+0000] {logging_mixin.py:190} INFO - [2025-04-13T23:46:10.351+0000] {dagbag.py:588} INFO - Filling up the DagBag from /opt/airflow/dags/process_csv.py
[2025-04-13T23:46:10.794+0000] {processor.py:927} WARNING - No viable dags retrieved from /opt/airflow/dags/process_csv.py
[2025-04-13T23:46:10.823+0000] {processor.py:208} INFO - Processing /opt/airflow/dags/process_csv.py took 0.483 seconds
[2025-04-13T23:46:41.072+0000] {processor.py:186} INFO - Started process (PID=2602) to work on /opt/airflow/dags/process_csv.py
[2025-04-13T23:46:41.074+0000] {processor.py:914} INFO - Processing file /opt/airflow/dags/process_csv.py for tasks to queue
[2025-04-13T23:46:41.077+0000] {logging_mixin.py:190} INFO - [2025-04-13T23:46:41.077+0000] {dagbag.py:588} INFO - Filling up the DagBag from /opt/airflow/dags/process_csv.py
[2025-04-13T23:46:41.552+0000] {processor.py:927} WARNING - No viable dags retrieved from /opt/airflow/dags/process_csv.py
[2025-04-13T23:46:41.582+0000] {processor.py:208} INFO - Processing /opt/airflow/dags/process_csv.py took 0.518 seconds
[2025-04-13T23:47:11.828+0000] {processor.py:186} INFO - Started process (PID=2614) to work on /opt/airflow/dags/process_csv.py
[2025-04-13T23:47:11.830+0000] {processor.py:914} INFO - Processing file /opt/airflow/dags/process_csv.py for tasks to queue
[2025-04-13T23:47:11.832+0000] {logging_mixin.py:190} INFO - [2025-04-13T23:47:11.831+0000] {dagbag.py:588} INFO - Filling up the DagBag from /opt/airflow/dags/process_csv.py
[2025-04-13T23:47:12.272+0000] {processor.py:927} WARNING - No viable dags retrieved from /opt/airflow/dags/process_csv.py
[2025-04-13T23:47:12.302+0000] {processor.py:208} INFO - Processing /opt/airflow/dags/process_csv.py took 0.481 seconds
[2025-04-13T23:47:42.544+0000] {processor.py:186} INFO - Started process (PID=2626) to work on /opt/airflow/dags/process_csv.py
[2025-04-13T23:47:42.546+0000] {processor.py:914} INFO - Processing file /opt/airflow/dags/process_csv.py for tasks to queue
[2025-04-13T23:47:42.548+0000] {logging_mixin.py:190} INFO - [2025-04-13T23:47:42.547+0000] {dagbag.py:588} INFO - Filling up the DagBag from /opt/airflow/dags/process_csv.py
[2025-04-13T23:47:42.967+0000] {processor.py:927} WARNING - No viable dags retrieved from /opt/airflow/dags/process_csv.py
[2025-04-13T23:47:42.991+0000] {processor.py:208} INFO - Processing /opt/airflow/dags/process_csv.py took 0.454 seconds
[2025-04-13T23:48:13.219+0000] {processor.py:186} INFO - Started process (PID=2638) to work on /opt/airflow/dags/process_csv.py
[2025-04-13T23:48:13.221+0000] {processor.py:914} INFO - Processing file /opt/airflow/dags/process_csv.py for tasks to queue
[2025-04-13T23:48:13.223+0000] {logging_mixin.py:190} INFO - [2025-04-13T23:48:13.223+0000] {dagbag.py:588} INFO - Filling up the DagBag from /opt/airflow/dags/process_csv.py
[2025-04-13T23:48:13.670+0000] {processor.py:927} WARNING - No viable dags retrieved from /opt/airflow/dags/process_csv.py
[2025-04-13T23:48:13.698+0000] {processor.py:208} INFO - Processing /opt/airflow/dags/process_csv.py took 0.488 seconds
[2025-04-13T23:48:43.955+0000] {processor.py:186} INFO - Started process (PID=2650) to work on /opt/airflow/dags/process_csv.py
[2025-04-13T23:48:43.958+0000] {processor.py:914} INFO - Processing file /opt/airflow/dags/process_csv.py for tasks to queue
[2025-04-13T23:48:43.962+0000] {logging_mixin.py:190} INFO - [2025-04-13T23:48:43.961+0000] {dagbag.py:588} INFO - Filling up the DagBag from /opt/airflow/dags/process_csv.py
[2025-04-13T23:48:44.413+0000] {processor.py:927} WARNING - No viable dags retrieved from /opt/airflow/dags/process_csv.py
[2025-04-13T23:48:44.437+0000] {processor.py:208} INFO - Processing /opt/airflow/dags/process_csv.py took 0.494 seconds
[2025-04-13T23:49:14.645+0000] {processor.py:186} INFO - Started process (PID=2661) to work on /opt/airflow/dags/process_csv.py
[2025-04-13T23:49:14.647+0000] {processor.py:914} INFO - Processing file /opt/airflow/dags/process_csv.py for tasks to queue
[2025-04-13T23:49:14.650+0000] {logging_mixin.py:190} INFO - [2025-04-13T23:49:14.649+0000] {dagbag.py:588} INFO - Filling up the DagBag from /opt/airflow/dags/process_csv.py
[2025-04-13T23:49:15.123+0000] {processor.py:927} WARNING - No viable dags retrieved from /opt/airflow/dags/process_csv.py
[2025-04-13T23:49:15.149+0000] {processor.py:208} INFO - Processing /opt/airflow/dags/process_csv.py took 0.511 seconds
[2025-04-13T23:49:45.440+0000] {processor.py:186} INFO - Started process (PID=2673) to work on /opt/airflow/dags/process_csv.py
[2025-04-13T23:49:45.442+0000] {processor.py:914} INFO - Processing file /opt/airflow/dags/process_csv.py for tasks to queue
[2025-04-13T23:49:45.444+0000] {logging_mixin.py:190} INFO - [2025-04-13T23:49:45.443+0000] {dagbag.py:588} INFO - Filling up the DagBag from /opt/airflow/dags/process_csv.py
[2025-04-13T23:49:45.908+0000] {processor.py:927} WARNING - No viable dags retrieved from /opt/airflow/dags/process_csv.py
[2025-04-13T23:49:45.938+0000] {processor.py:208} INFO - Processing /opt/airflow/dags/process_csv.py took 0.505 seconds
[2025-04-13T23:50:16.283+0000] {processor.py:186} INFO - Started process (PID=2685) to work on /opt/airflow/dags/process_csv.py
[2025-04-13T23:50:16.285+0000] {processor.py:914} INFO - Processing file /opt/airflow/dags/process_csv.py for tasks to queue
[2025-04-13T23:50:16.287+0000] {logging_mixin.py:190} INFO - [2025-04-13T23:50:16.286+0000] {dagbag.py:588} INFO - Filling up the DagBag from /opt/airflow/dags/process_csv.py
[2025-04-13T23:50:16.779+0000] {processor.py:927} WARNING - No viable dags retrieved from /opt/airflow/dags/process_csv.py
[2025-04-13T23:50:16.802+0000] {processor.py:208} INFO - Processing /opt/airflow/dags/process_csv.py took 0.529 seconds
[2025-04-13T23:50:47.078+0000] {processor.py:186} INFO - Started process (PID=2696) to work on /opt/airflow/dags/process_csv.py
[2025-04-13T23:50:47.080+0000] {processor.py:914} INFO - Processing file /opt/airflow/dags/process_csv.py for tasks to queue
[2025-04-13T23:50:47.082+0000] {logging_mixin.py:190} INFO - [2025-04-13T23:50:47.082+0000] {dagbag.py:588} INFO - Filling up the DagBag from /opt/airflow/dags/process_csv.py
[2025-04-13T23:50:47.497+0000] {processor.py:927} WARNING - No viable dags retrieved from /opt/airflow/dags/process_csv.py
[2025-04-13T23:50:47.524+0000] {processor.py:208} INFO - Processing /opt/airflow/dags/process_csv.py took 0.454 seconds
[2025-04-13T23:51:17.865+0000] {processor.py:186} INFO - Started process (PID=2716) to work on /opt/airflow/dags/process_csv.py
[2025-04-13T23:51:17.867+0000] {processor.py:914} INFO - Processing file /opt/airflow/dags/process_csv.py for tasks to queue
[2025-04-13T23:51:17.869+0000] {logging_mixin.py:190} INFO - [2025-04-13T23:51:17.869+0000] {dagbag.py:588} INFO - Filling up the DagBag from /opt/airflow/dags/process_csv.py
[2025-04-13T23:51:18.346+0000] {processor.py:927} WARNING - No viable dags retrieved from /opt/airflow/dags/process_csv.py
[2025-04-13T23:51:18.380+0000] {processor.py:208} INFO - Processing /opt/airflow/dags/process_csv.py took 0.524 seconds
[2025-04-13T23:51:48.648+0000] {processor.py:186} INFO - Started process (PID=2728) to work on /opt/airflow/dags/process_csv.py
[2025-04-13T23:51:48.650+0000] {processor.py:914} INFO - Processing file /opt/airflow/dags/process_csv.py for tasks to queue
[2025-04-13T23:51:48.652+0000] {logging_mixin.py:190} INFO - [2025-04-13T23:51:48.651+0000] {dagbag.py:588} INFO - Filling up the DagBag from /opt/airflow/dags/process_csv.py
[2025-04-13T23:51:49.063+0000] {processor.py:927} WARNING - No viable dags retrieved from /opt/airflow/dags/process_csv.py
[2025-04-13T23:51:49.087+0000] {processor.py:208} INFO - Processing /opt/airflow/dags/process_csv.py took 0.447 seconds
[2025-04-13T23:52:19.472+0000] {processor.py:186} INFO - Started process (PID=2741) to work on /opt/airflow/dags/process_csv.py
[2025-04-13T23:52:19.474+0000] {processor.py:914} INFO - Processing file /opt/airflow/dags/process_csv.py for tasks to queue
[2025-04-13T23:52:19.477+0000] {logging_mixin.py:190} INFO - [2025-04-13T23:52:19.476+0000] {dagbag.py:588} INFO - Filling up the DagBag from /opt/airflow/dags/process_csv.py
[2025-04-13T23:52:20.034+0000] {processor.py:927} WARNING - No viable dags retrieved from /opt/airflow/dags/process_csv.py
[2025-04-13T23:52:20.061+0000] {processor.py:208} INFO - Processing /opt/airflow/dags/process_csv.py took 0.602 seconds
[2025-04-13T23:52:50.337+0000] {processor.py:186} INFO - Started process (PID=2752) to work on /opt/airflow/dags/process_csv.py
[2025-04-13T23:52:50.339+0000] {processor.py:914} INFO - Processing file /opt/airflow/dags/process_csv.py for tasks to queue
[2025-04-13T23:52:50.343+0000] {logging_mixin.py:190} INFO - [2025-04-13T23:52:50.342+0000] {dagbag.py:588} INFO - Filling up the DagBag from /opt/airflow/dags/process_csv.py
[2025-04-13T23:52:50.820+0000] {processor.py:927} WARNING - No viable dags retrieved from /opt/airflow/dags/process_csv.py
[2025-04-13T23:52:50.845+0000] {processor.py:208} INFO - Processing /opt/airflow/dags/process_csv.py took 0.516 seconds
[2025-04-13T23:53:21.111+0000] {processor.py:186} INFO - Started process (PID=2764) to work on /opt/airflow/dags/process_csv.py
[2025-04-13T23:53:21.112+0000] {processor.py:914} INFO - Processing file /opt/airflow/dags/process_csv.py for tasks to queue
[2025-04-13T23:53:21.114+0000] {logging_mixin.py:190} INFO - [2025-04-13T23:53:21.114+0000] {dagbag.py:588} INFO - Filling up the DagBag from /opt/airflow/dags/process_csv.py
[2025-04-13T23:53:21.589+0000] {processor.py:927} WARNING - No viable dags retrieved from /opt/airflow/dags/process_csv.py
[2025-04-13T23:53:21.614+0000] {processor.py:208} INFO - Processing /opt/airflow/dags/process_csv.py took 0.511 seconds
[2025-04-13T23:53:51.992+0000] {processor.py:186} INFO - Started process (PID=2776) to work on /opt/airflow/dags/process_csv.py
[2025-04-13T23:53:51.994+0000] {processor.py:914} INFO - Processing file /opt/airflow/dags/process_csv.py for tasks to queue
[2025-04-13T23:53:51.996+0000] {logging_mixin.py:190} INFO - [2025-04-13T23:53:51.996+0000] {dagbag.py:588} INFO - Filling up the DagBag from /opt/airflow/dags/process_csv.py
[2025-04-13T23:53:52.462+0000] {processor.py:927} WARNING - No viable dags retrieved from /opt/airflow/dags/process_csv.py
[2025-04-13T23:53:52.488+0000] {processor.py:208} INFO - Processing /opt/airflow/dags/process_csv.py took 0.503 seconds
