[2025-04-15T01:00:10.070+0000] {local_task_job_runner.py:123} INFO - ::group::Pre task execution logs
[2025-04-15T01:00:10.176+0000] {taskinstance.py:2614} INFO - Dependencies all met for dep_context=non-requeueable deps ti=<TaskInstance: pipeline_garrafa_stanley.storage_scrap manual__2025-04-15T00:59:48.724758+00:00 [queued]>
[2025-04-15T01:00:10.203+0000] {taskinstance.py:2614} INFO - Dependencies all met for dep_context=requeueable deps ti=<TaskInstance: pipeline_garrafa_stanley.storage_scrap manual__2025-04-15T00:59:48.724758+00:00 [queued]>
[2025-04-15T01:00:10.206+0000] {taskinstance.py:2867} INFO - Starting attempt 1 of 1
[2025-04-15T01:00:10.269+0000] {taskinstance.py:2890} INFO - Executing <Task(PythonOperator): storage_scrap> on 2025-04-15 00:59:48.724758+00:00
[2025-04-15T01:00:10.289+0000] {warnings.py:112} WARNING - /home/***/.local/lib/python3.12/site-packages/***/task/task_runner/standard_task_runner.py:70: DeprecationWarning: This process (pid=4378) is multi-threaded, use of fork() may lead to deadlocks in the child.
  pid = os.fork()

[2025-04-15T01:00:10.294+0000] {standard_task_runner.py:72} INFO - Started process 4380 to run task
[2025-04-15T01:00:10.295+0000] {standard_task_runner.py:104} INFO - Running: ['***', 'tasks', 'run', 'pipeline_garrafa_stanley', 'storage_scrap', 'manual__2025-04-15T00:59:48.724758+00:00', '--job-id', '163', '--raw', '--subdir', 'DAGS_FOLDER/pipeline.py', '--cfg-path', '/tmp/tmp6k2jiv0l']
[2025-04-15T01:00:10.302+0000] {standard_task_runner.py:105} INFO - Job 163: Subtask storage_scrap
[2025-04-15T01:00:10.578+0000] {task_command.py:467} INFO - Running <TaskInstance: pipeline_garrafa_stanley.storage_scrap manual__2025-04-15T00:59:48.724758+00:00 [running]> on host a68e7f38875d
[2025-04-15T01:00:10.936+0000] {taskinstance.py:3134} INFO - Exporting env vars: AIRFLOW_CTX_DAG_OWNER='***' AIRFLOW_CTX_DAG_ID='pipeline_garrafa_stanley' AIRFLOW_CTX_TASK_ID='storage_scrap' AIRFLOW_CTX_EXECUTION_DATE='2025-04-15T00:59:48.724758+00:00' AIRFLOW_CTX_TRY_NUMBER='1' AIRFLOW_CTX_DAG_RUN_ID='manual__2025-04-15T00:59:48.724758+00:00'
[2025-04-15T01:00:10.940+0000] {taskinstance.py:732} INFO - ::endgroup::
[2025-04-15T01:00:10.999+0000] {logging_mixin.py:190} INFO - Bucket bucket-coleta already exists
[2025-04-15T01:00:11.056+0000] {logging_mixin.py:190} INFO - /opt/***/dags/scrap_result.csv Arquivado com Sucesso  scrap_result_2025-04-15_01:00:08.csv no repositório bucket-coleta
[2025-04-15T01:00:11.059+0000] {python.py:240} INFO - Done. Returned value was: None
[2025-04-15T01:00:11.139+0000] {taskinstance.py:341} INFO - ::group::Post task execution logs
[2025-04-15T01:00:11.142+0000] {taskinstance.py:353} INFO - Marking task as SUCCESS. dag_id=pipeline_garrafa_stanley, task_id=storage_scrap, run_id=manual__2025-04-15T00:59:48.724758+00:00, execution_date=20250415T005948, start_date=20250415T010010, end_date=20250415T010011
[2025-04-15T01:00:11.342+0000] {local_task_job_runner.py:266} INFO - Task exited with return code 0
[2025-04-15T01:00:11.494+0000] {taskinstance.py:3901} INFO - 1 downstream tasks scheduled from follow-on schedule check
[2025-04-15T01:00:11.501+0000] {local_task_job_runner.py:245} INFO - ::endgroup::
