[2025-04-14T00:25:21.263+0000] {local_task_job_runner.py:123} INFO - ::group::Pre task execution logs
[2025-04-14T00:25:21.296+0000] {taskinstance.py:2614} INFO - Dependencies all met for dep_context=non-requeueable deps ti=<TaskInstance: pipeline_garrafa_stanley.scrap_magalu manual__2025-04-14T00:25:19.363973+00:00 [queued]>
[2025-04-14T00:25:21.307+0000] {taskinstance.py:2614} INFO - Dependencies all met for dep_context=requeueable deps ti=<TaskInstance: pipeline_garrafa_stanley.scrap_magalu manual__2025-04-14T00:25:19.363973+00:00 [queued]>
[2025-04-14T00:25:21.308+0000] {taskinstance.py:2867} INFO - Starting attempt 1 of 1
[2025-04-14T00:25:21.323+0000] {taskinstance.py:2890} INFO - Executing <Task(BashOperator): scrap_magalu> on 2025-04-14 00:25:19.363973+00:00
[2025-04-14T00:25:21.335+0000] {warnings.py:112} WARNING - /home/***/.local/lib/python3.12/site-packages/***/task/task_runner/standard_task_runner.py:70: DeprecationWarning: This process (pid=353) is multi-threaded, use of fork() may lead to deadlocks in the child.
  pid = os.fork()

[2025-04-14T00:25:21.338+0000] {standard_task_runner.py:72} INFO - Started process 355 to run task
[2025-04-14T00:25:21.339+0000] {standard_task_runner.py:104} INFO - Running: ['***', 'tasks', 'run', 'pipeline_garrafa_stanley', 'scrap_magalu', 'manual__2025-04-14T00:25:19.363973+00:00', '--job-id', '58', '--raw', '--subdir', 'DAGS_FOLDER/pipeline.py', '--cfg-path', '/tmp/tmpt0wy83ot']
[2025-04-14T00:25:21.344+0000] {standard_task_runner.py:105} INFO - Job 58: Subtask scrap_magalu
[2025-04-14T00:25:21.437+0000] {task_command.py:467} INFO - Running <TaskInstance: pipeline_garrafa_stanley.scrap_magalu manual__2025-04-14T00:25:19.363973+00:00 [running]> on host f1db68b53ea1
[2025-04-14T00:25:21.599+0000] {taskinstance.py:3134} INFO - Exporting env vars: AIRFLOW_CTX_DAG_OWNER='Mário Kojima' AIRFLOW_CTX_DAG_ID='pipeline_garrafa_stanley' AIRFLOW_CTX_TASK_ID='scrap_magalu' AIRFLOW_CTX_EXECUTION_DATE='2025-04-14T00:25:19.363973+00:00' AIRFLOW_CTX_TRY_NUMBER='1' AIRFLOW_CTX_DAG_RUN_ID='manual__2025-04-14T00:25:19.363973+00:00'
[2025-04-14T00:25:21.602+0000] {taskinstance.py:732} INFO - ::endgroup::
[2025-04-14T00:25:21.622+0000] {subprocess.py:78} INFO - Tmp dir root location: /tmp
[2025-04-14T00:25:21.625+0000] {subprocess.py:88} INFO - Running command: ['/usr/bin/bash', '-c', 'scrapy runspider /opt/***/dags/scrap_magalu.py -O /opt/***/dags/scrap_result.csv']
[2025-04-14T00:25:21.647+0000] {subprocess.py:99} INFO - Output:
[2025-04-14T00:25:22.921+0000] {subprocess.py:106} INFO - 2025-04-14 00:25:22 [scrapy.utils.log] INFO: Scrapy 2.12.0 started (bot: scrapybot)
[2025-04-14T00:25:22.924+0000] {subprocess.py:106} INFO - 2025-04-14 00:25:22 [scrapy.utils.log] INFO: Versions: lxml 5.3.0.0, libxml2 2.12.9, cssselect 1.3.0, parsel 1.10.0, w3lib 2.3.1, Twisted 24.11.0, Python 3.12.9 (main, Feb  6 2025, 22:37:05) [GCC 12.2.0], pyOpenSSL 24.3.0 (OpenSSL 3.2.2 4 Jun 2024), cryptography 42.0.8, Platform Linux-5.10.76-linuxkit-x86_64-with-glibc2.36
[2025-04-14T00:25:22.929+0000] {subprocess.py:106} INFO - 2025-04-14 00:25:22 [scrapy.addons] INFO: Enabled addons:
[2025-04-14T00:25:22.931+0000] {subprocess.py:106} INFO - []
[2025-04-14T00:25:22.932+0000] {subprocess.py:106} INFO - 2025-04-14 00:25:22 [scrapy.utils.log] DEBUG: Using reactor: twisted.internet.epollreactor.EPollReactor
[2025-04-14T00:25:22.934+0000] {subprocess.py:106} INFO - 2025-04-14 00:25:22 [scrapy.extensions.telnet] INFO: Telnet Password: 546405a3b719955a
[2025-04-14T00:25:22.989+0000] {subprocess.py:106} INFO - 2025-04-14 00:25:22 [scrapy.middleware] INFO: Enabled extensions:
[2025-04-14T00:25:22.990+0000] {subprocess.py:106} INFO - ['scrapy.extensions.corestats.CoreStats',
[2025-04-14T00:25:22.991+0000] {subprocess.py:106} INFO -  'scrapy.extensions.telnet.TelnetConsole',
[2025-04-14T00:25:22.992+0000] {subprocess.py:106} INFO -  'scrapy.extensions.memusage.MemoryUsage',
[2025-04-14T00:25:22.993+0000] {subprocess.py:106} INFO -  'scrapy.extensions.feedexport.FeedExporter',
[2025-04-14T00:25:22.994+0000] {subprocess.py:106} INFO -  'scrapy.extensions.logstats.LogStats']
[2025-04-14T00:25:22.996+0000] {subprocess.py:106} INFO - 2025-04-14 00:25:22 [scrapy.crawler] INFO: Overridden settings:
[2025-04-14T00:25:22.997+0000] {subprocess.py:106} INFO - {'SPIDER_LOADER_WARN_ONLY': True,
[2025-04-14T00:25:22.998+0000] {subprocess.py:106} INFO -  'USER_AGENT': 'Mozilla/5.0 (X11; Linux x86_64) AppleWebKit/537.36 (KHTML, '
[2025-04-14T00:25:22.999+0000] {subprocess.py:106} INFO -                'like Gecko) Chrome/51.0.2704.103 Safari/537.36'}
[2025-04-14T00:25:23.129+0000] {subprocess.py:106} INFO - 2025-04-14 00:25:23 [scrapy.middleware] INFO: Enabled downloader middlewares:
[2025-04-14T00:25:23.130+0000] {subprocess.py:106} INFO - ['scrapy.downloadermiddlewares.offsite.OffsiteMiddleware',
[2025-04-14T00:25:23.131+0000] {subprocess.py:106} INFO -  'scrapy.downloadermiddlewares.httpauth.HttpAuthMiddleware',
[2025-04-14T00:25:23.132+0000] {subprocess.py:106} INFO -  'scrapy.downloadermiddlewares.downloadtimeout.DownloadTimeoutMiddleware',
[2025-04-14T00:25:23.133+0000] {subprocess.py:106} INFO -  'scrapy.downloadermiddlewares.defaultheaders.DefaultHeadersMiddleware',
[2025-04-14T00:25:23.135+0000] {subprocess.py:106} INFO -  'scrapy.downloadermiddlewares.useragent.UserAgentMiddleware',
[2025-04-14T00:25:23.135+0000] {subprocess.py:106} INFO -  'scrapy.downloadermiddlewares.retry.RetryMiddleware',
[2025-04-14T00:25:23.137+0000] {subprocess.py:106} INFO -  'scrapy.downloadermiddlewares.redirect.MetaRefreshMiddleware',
[2025-04-14T00:25:23.139+0000] {subprocess.py:106} INFO -  'scrapy.downloadermiddlewares.httpcompression.HttpCompressionMiddleware',
[2025-04-14T00:25:23.140+0000] {subprocess.py:106} INFO -  'scrapy.downloadermiddlewares.redirect.RedirectMiddleware',
[2025-04-14T00:25:23.142+0000] {subprocess.py:106} INFO -  'scrapy.downloadermiddlewares.cookies.CookiesMiddleware',
[2025-04-14T00:25:23.143+0000] {subprocess.py:106} INFO -  'scrapy.downloadermiddlewares.httpproxy.HttpProxyMiddleware',
[2025-04-14T00:25:23.144+0000] {subprocess.py:106} INFO -  'scrapy.downloadermiddlewares.stats.DownloaderStats']
[2025-04-14T00:25:23.145+0000] {subprocess.py:106} INFO - 2025-04-14 00:25:23 [scrapy.middleware] INFO: Enabled spider middlewares:
[2025-04-14T00:25:23.146+0000] {subprocess.py:106} INFO - ['scrapy.spidermiddlewares.httperror.HttpErrorMiddleware',
[2025-04-14T00:25:23.147+0000] {subprocess.py:106} INFO -  'scrapy.spidermiddlewares.referer.RefererMiddleware',
[2025-04-14T00:25:23.148+0000] {subprocess.py:106} INFO -  'scrapy.spidermiddlewares.urllength.UrlLengthMiddleware',
[2025-04-14T00:25:23.149+0000] {subprocess.py:106} INFO -  'scrapy.spidermiddlewares.depth.DepthMiddleware']
[2025-04-14T00:25:23.150+0000] {subprocess.py:106} INFO - 2025-04-14 00:25:23 [scrapy.middleware] INFO: Enabled item pipelines:
[2025-04-14T00:25:23.151+0000] {subprocess.py:106} INFO - []
[2025-04-14T00:25:23.152+0000] {subprocess.py:106} INFO - 2025-04-14 00:25:23 [scrapy.core.engine] INFO: Spider opened
[2025-04-14T00:25:23.153+0000] {subprocess.py:106} INFO - 2025-04-14 00:25:23 [scrapy.extensions.logstats] INFO: Crawled 0 pages (at 0 pages/min), scraped 0 items (at 0 items/min)
[2025-04-14T00:25:23.154+0000] {subprocess.py:106} INFO - 2025-04-14 00:25:23 [scrapy.extensions.telnet] INFO: Telnet console listening on 127.0.0.1:6023
[2025-04-14T00:25:24.701+0000] {subprocess.py:106} INFO - 2025-04-14 00:25:24 [scrapy.core.engine] DEBUG: Crawled (200) <GET https://www.magazineluiza.com.br/busca/garrafa+stanley+aerolight+fast+flow/?page=1> (referer: None)
[2025-04-14T00:25:26.534+0000] {subprocess.py:106} INFO - 2025-04-14 00:25:26 [scrapy.core.engine] DEBUG: Crawled (200) <GET https://www.magazineluiza.com.br/busca/garrafa+stanley+aerolight+fast+flow/?page=1?page=2> (referer: https://www.magazineluiza.com.br/busca/garrafa+stanley+aerolight+fast+flow/?page=1)
[2025-04-14T00:25:26.674+0000] {subprocess.py:106} INFO - 2025-04-14 00:25:26 [scrapy.core.scraper] DEBUG: Scraped from <200 https://www.magazineluiza.com.br/busca/garrafa+stanley+aerolight+fast+flow/?page=1?page=2>
[2025-04-14T00:25:26.675+0000] {subprocess.py:106} INFO - {'title': 'GARRAFA STANLEY AEROLIGHT FAST FLOW 1.1Lt ORIGINAL TODAS AS CORES', 'price': 'R$\xa0339,14', 'review': '4.2 (6)', 'store': 'Magazine Luiza'}
[2025-04-14T00:25:26.678+0000] {subprocess.py:106} INFO - 2025-04-14 00:25:26 [scrapy.core.scraper] DEBUG: Scraped from <200 https://www.magazineluiza.com.br/busca/garrafa+stanley+aerolight+fast+flow/?page=1?page=2>
[2025-04-14T00:25:26.679+0000] {subprocess.py:106} INFO - {'title': 'Garrafa stanley aerolight fast flow 710ml original todas as cores', 'price': 'R$\xa0310,64', 'review': '5.0 (1)', 'store': 'Magazine Luiza'}
[2025-04-14T00:25:26.680+0000] {subprocess.py:106} INFO - 2025-04-14 00:25:26 [scrapy.core.scraper] DEBUG: Scraped from <200 https://www.magazineluiza.com.br/busca/garrafa+stanley+aerolight+fast+flow/?page=1?page=2>
[2025-04-14T00:25:26.681+0000] {subprocess.py:106} INFO - {'title': 'Garrafa Térmica Aerolight Stanley Fast Flow 710ml - Matte Black', 'price': 'R$\xa0262,65', 'review': '5.0 (1)', 'store': 'Magazine Luiza'}
[2025-04-14T00:25:26.682+0000] {subprocess.py:106} INFO - 2025-04-14 00:25:26 [scrapy.core.scraper] DEBUG: Scraped from <200 https://www.magazineluiza.com.br/busca/garrafa+stanley+aerolight+fast+flow/?page=1?page=2>
[2025-04-14T00:25:26.683+0000] {subprocess.py:106} INFO - {'title': 'Garrafa Térmica Stanley Aerolight Fast Flow Lavender 710ML - STANLEY PMI', 'price': 'R$\xa0289,97', 'review': None, 'store': 'Magazine Luiza'}
[2025-04-14T00:25:26.684+0000] {subprocess.py:106} INFO - 2025-04-14 00:25:26 [scrapy.core.scraper] DEBUG: Scraped from <200 https://www.magazineluiza.com.br/busca/garrafa+stanley+aerolight+fast+flow/?page=1?page=2>
[2025-04-14T00:25:26.685+0000] {subprocess.py:106} INFO - {'title': 'Stanley Garrafa Térmica Aerolight Original Fast Flow Branco Polar 710ml', 'price': 'R$\xa0332,10', 'review': None, 'store': 'Magazine Luiza'}
[2025-04-14T00:25:26.686+0000] {subprocess.py:106} INFO - 2025-04-14 00:25:26 [scrapy.core.scraper] DEBUG: Scraped from <200 https://www.magazineluiza.com.br/busca/garrafa+stanley+aerolight+fast+flow/?page=1?page=2>
[2025-04-14T00:25:26.687+0000] {subprocess.py:106} INFO - {'title': 'Garrafa Térmica Aerolight Stanley Fast Flow 1,1L - Tigerlily', 'price': 'R$\xa0288,15', 'review': '5.0 (1)', 'store': 'Magazine Luiza'}
[2025-04-14T00:25:26.688+0000] {subprocess.py:106} INFO - 2025-04-14 00:25:26 [scrapy.core.scraper] DEBUG: Scraped from <200 https://www.magazineluiza.com.br/busca/garrafa+stanley+aerolight+fast+flow/?page=1?page=2>
[2025-04-14T00:25:26.688+0000] {subprocess.py:106} INFO - {'title': 'Garrafa Térmica Stanley Aerolight Fast Flow 1.1L Pink', 'price': 'R$\xa0295,45', 'review': None, 'store': 'Magazine Luiza'}
[2025-04-14T00:25:26.689+0000] {subprocess.py:106} INFO - 2025-04-14 00:25:26 [scrapy.core.scraper] DEBUG: Scraped from <200 https://www.magazineluiza.com.br/busca/garrafa+stanley+aerolight+fast+flow/?page=1?page=2>
[2025-04-14T00:25:26.690+0000] {subprocess.py:106} INFO - {'title': 'Garrafa Térmica Stanley Aerolight Fast Flow Matte Black 710ML', 'price': 'R$\xa0278,35', 'review': '5.0 (1)', 'store': 'Magazine Luiza'}
[2025-04-14T00:25:26.690+0000] {subprocess.py:106} INFO - 2025-04-14 00:25:26 [scrapy.core.scraper] DEBUG: Scraped from <200 https://www.magazineluiza.com.br/busca/garrafa+stanley+aerolight+fast+flow/?page=1?page=2>
[2025-04-14T00:25:26.691+0000] {subprocess.py:106} INFO - {'title': 'Garrafa Térmica Aerolight Fast Flow Matte Black 1,1L Stanley', 'price': 'R$\xa0358,79', 'review': '4.2 (6)', 'store': 'Magazine Luiza'}
[2025-04-14T00:25:26.692+0000] {subprocess.py:106} INFO - 2025-04-14 00:25:26 [scrapy.core.scraper] DEBUG: Scraped from <200 https://www.magazineluiza.com.br/busca/garrafa+stanley+aerolight+fast+flow/?page=1?page=2>
[2025-04-14T00:25:26.693+0000] {subprocess.py:106} INFO - {'title': 'Garrafa Térmica Aerolight Stanley Fast Flow 710ml - Lavender', 'price': 'R$\xa0262,65', 'review': None, 'store': 'Magazine Luiza'}
[2025-04-14T00:25:26.693+0000] {subprocess.py:106} INFO - 2025-04-14 00:25:26 [scrapy.core.scraper] DEBUG: Scraped from <200 https://www.magazineluiza.com.br/busca/garrafa+stanley+aerolight+fast+flow/?page=1?page=2>
[2025-04-14T00:25:26.694+0000] {subprocess.py:106} INFO - {'title': 'Garrafa Térmica Stanley Aerolight Fast Flow Branco Polar 1,1 Litros', 'price': 'R$\xa0305,90', 'review': None, 'store': 'Magazine Luiza'}
[2025-04-14T00:25:26.695+0000] {subprocess.py:106} INFO - 2025-04-14 00:25:26 [scrapy.core.scraper] DEBUG: Scraped from <200 https://www.magazineluiza.com.br/busca/garrafa+stanley+aerolight+fast+flow/?page=1?page=2>
[2025-04-14T00:25:26.696+0000] {subprocess.py:106} INFO - {'title': 'Garrafa Térmica Aerolight Stanley Fast Flow 1,1L - Citron', 'price': 'R$\xa0288,15', 'review': None, 'store': 'Magazine Luiza'}
[2025-04-14T00:25:26.696+0000] {subprocess.py:106} INFO - 2025-04-14 00:25:26 [scrapy.core.scraper] DEBUG: Scraped from <200 https://www.magazineluiza.com.br/busca/garrafa+stanley+aerolight+fast+flow/?page=1?page=2>
[2025-04-14T00:25:26.697+0000] {subprocess.py:106} INFO - {'title': 'Garrafa Térmica Aerolight Stanley Fast Flow 1,1L - Polar', 'price': 'R$\xa0288,15', 'review': None, 'store': 'Magazine Luiza'}
[2025-04-14T00:25:26.698+0000] {subprocess.py:106} INFO - 2025-04-14 00:25:26 [scrapy.core.scraper] DEBUG: Scraped from <200 https://www.magazineluiza.com.br/busca/garrafa+stanley+aerolight+fast+flow/?page=1?page=2>
[2025-04-14T00:25:26.699+0000] {subprocess.py:106} INFO - {'title': 'Garrafa Térmica Stanley Aerolight Fast Flow Citron 710ML', 'price': 'R$\xa0278,35', 'review': None, 'store': 'Magazine Luiza'}
[2025-04-14T00:25:26.700+0000] {subprocess.py:106} INFO - 2025-04-14 00:25:26 [scrapy.core.scraper] DEBUG: Scraped from <200 https://www.magazineluiza.com.br/busca/garrafa+stanley+aerolight+fast+flow/?page=1?page=2>
[2025-04-14T00:25:26.701+0000] {subprocess.py:106} INFO - {'title': 'Garrafa Térmica Stanley Aerolight Fast Flow Original Laranja Tigerlily 1,1 L', 'price': 'R$\xa0379,00', 'review': '5.0 (1)', 'store': 'Magazine Luiza'}
[2025-04-14T00:25:26.702+0000] {subprocess.py:106} INFO - 2025-04-14 00:25:26 [scrapy.core.scraper] DEBUG: Scraped from <200 https://www.magazineluiza.com.br/busca/garrafa+stanley+aerolight+fast+flow/?page=1?page=2>
[2025-04-14T00:25:26.703+0000] {subprocess.py:106} INFO - {'title': 'Garrafa Térmica Aerolight Laranja Fast Flow Tigerlily 1,1L Stanley', 'price': 'R$\xa0351,41', 'review': '5.0 (1)', 'store': 'Magazine Luiza'}
[2025-04-14T00:25:26.704+0000] {subprocess.py:106} INFO - 2025-04-14 00:25:26 [scrapy.core.scraper] DEBUG: Scraped from <200 https://www.magazineluiza.com.br/busca/garrafa+stanley+aerolight+fast+flow/?page=1?page=2>
[2025-04-14T00:25:26.705+0000] {subprocess.py:106} INFO - {'title': 'Garrafa stanley térmica aerolight fast flow em aço inox 710ml lavender 08241-00', 'price': 'R$\xa0331,55', 'review': None, 'store': 'Magazine Luiza'}
[2025-04-14T00:25:26.707+0000] {subprocess.py:106} INFO - 2025-04-14 00:25:26 [scrapy.core.scraper] DEBUG: Scraped from <200 https://www.magazineluiza.com.br/busca/garrafa+stanley+aerolight+fast+flow/?page=1?page=2>
[2025-04-14T00:25:26.709+0000] {subprocess.py:106} INFO - {'title': 'Garrafa stanley térmica aerolight fast flow 1,1 litros laranja tigerlily 08242-00', 'price': 'R$\xa0350,55', 'review': '5.0 (1)', 'store': 'Magazine Luiza'}
[2025-04-14T00:25:26.710+0000] {subprocess.py:106} INFO - 2025-04-14 00:25:26 [scrapy.core.scraper] DEBUG: Scraped from <200 https://www.magazineluiza.com.br/busca/garrafa+stanley+aerolight+fast+flow/?page=1?page=2>
[2025-04-14T00:25:26.711+0000] {subprocess.py:106} INFO - {'title': 'Garrafa Térmica Stanley Aerolight Fast Flow 710ml Rosa Claro', 'price': 'R$\xa0274,34', 'review': None, 'store': 'Magazine Luiza'}
[2025-04-14T00:25:26.711+0000] {subprocess.py:106} INFO - 2025-04-14 00:25:26 [scrapy.core.scraper] DEBUG: Scraped from <200 https://www.magazineluiza.com.br/busca/garrafa+stanley+aerolight+fast+flow/?page=1?page=2>
[2025-04-14T00:25:26.712+0000] {subprocess.py:106} INFO - {'title': 'Garrafa Térmica Stanley Aerolight Fast Flow 1.1L Verde Água', 'price': 'R$\xa0295,45', 'review': None, 'store': 'Magazine Luiza'}
[2025-04-14T00:25:26.714+0000] {subprocess.py:106} INFO - 2025-04-14 00:25:26 [scrapy.core.scraper] DEBUG: Scraped from <200 https://www.magazineluiza.com.br/busca/garrafa+stanley+aerolight+fast+flow/?page=1?page=2>
[2025-04-14T00:25:26.715+0000] {subprocess.py:106} INFO - {'title': 'Garrafa Térmica Stanley Aerolight Fast Flow Branco Polar 1,1 Litros - STANLEY PMI', 'price': 'R$\xa0399,00', 'review': None, 'store': 'Magazine Luiza'}
[2025-04-14T00:25:26.716+0000] {subprocess.py:106} INFO - 2025-04-14 00:25:26 [scrapy.core.scraper] DEBUG: Scraped from <200 https://www.magazineluiza.com.br/busca/garrafa+stanley+aerolight+fast+flow/?page=1?page=2>
[2025-04-14T00:25:26.717+0000] {subprocess.py:106} INFO - {'title': 'Garrafa Térmica Stanley Aerolight Fast Flow Matte Black 710ML - STANLEY PMI', 'price': 'R$\xa0365,00', 'review': '5.0 (1)', 'store': 'Magazine Luiza'}
[2025-04-14T00:25:26.718+0000] {subprocess.py:106} INFO - 2025-04-14 00:25:26 [scrapy.core.scraper] DEBUG: Scraped from <200 https://www.magazineluiza.com.br/busca/garrafa+stanley+aerolight+fast+flow/?page=1?page=2>
[2025-04-14T00:25:26.720+0000] {subprocess.py:106} INFO - {'title': 'Garrafa stanley térmica aerolight fast flow em aço inox 710ml laranja tigerlily 08204-00', 'price': 'R$\xa0331,55', 'review': None, 'store': 'Magazine Luiza'}
[2025-04-14T00:25:26.721+0000] {subprocess.py:106} INFO - **************************************************
[2025-04-14T00:25:26.723+0000] {subprocess.py:106} INFO - 2
[2025-04-14T00:25:26.724+0000] {subprocess.py:106} INFO - **************************************************
[2025-04-14T00:25:26.725+0000] {subprocess.py:106} INFO - https://www.magazineluiza.com.br/busca/garrafa+stanley+aerolight+fast+flow/?page=1?page=2
[2025-04-14T00:25:26.726+0000] {subprocess.py:106} INFO - blocos
[2025-04-14T00:25:26.727+0000] {subprocess.py:106} INFO - [<Selector query='//div[@data-testid="product-list"]//li' data='<li class="sc-hwhrDX ghzctf"><a href=...'>, <Selector query='//div[@data-testid="product-list"]//li' data='<li class="sc-hwhrDX ghzctf"><a href=...'>, <Selector query='//div[@data-testid="product-list"]//li' data='<li class="sc-hwhrDX ghzctf"><a href=...'>, <Selector query='//div[@data-testid="product-list"]//li' data='<li class="sc-hwhrDX ghzctf"><a href=...'>, <Selector query='//div[@data-testid="product-list"]//li' data='<li class="sc-hwhrDX ghzctf"><a href=...'>, <Selector query='//div[@data-testid="product-list"]//li' data='<li class="sc-hwhrDX ghzctf"><a href=...'>, <Selector query='//div[@data-testid="product-list"]//li' data='<li class="sc-hwhrDX ghzctf"><a href=...'>, <Selector query='//div[@data-testid="product-list"]//li' data='<li class="sc-hwhrDX ghzctf"><a href=...'>, <Selector query='//div[@data-testid="product-list"]//li' data='<li class="sc-hwhrDX ghzctf"><a href=...'>, <Selector query='//div[@data-testid="product-list"]//li' data='<li class="sc-hwhrDX ghzctf"><a href=...'>, <Selector query='//div[@data-testid="product-list"]//li' data='<li class="sc-hwhrDX ghzctf"><a href=...'>, <Selector query='//div[@data-testid="product-list"]//li' data='<li class="sc-hwhrDX ghzctf"><a href=...'>, <Selector query='//div[@data-testid="product-list"]//li' data='<li class="sc-hwhrDX ghzctf"><a href=...'>, <Selector query='//div[@data-testid="product-list"]//li' data='<li class="sc-hwhrDX ghzctf"><a href=...'>, <Selector query='//div[@data-testid="product-list"]//li' data='<li class="sc-hwhrDX ghzctf"><a href=...'>, <Selector query='//div[@data-testid="product-list"]//li' data='<li class="sc-hwhrDX ghzctf"><a href=...'>, <Selector query='//div[@data-testid="product-list"]//li' data='<li class="sc-hwhrDX ghzctf"><a href=...'>, <Selector query='//div[@data-testid="product-list"]//li' data='<li class="sc-hwhrDX ghzctf"><a href=...'>, <Selector query='//div[@data-testid="product-list"]//li' data='<li class="sc-hwhrDX ghzctf"><a href=...'>, <Selector query='//div[@data-testid="product-list"]//li' data='<li class="sc-hwhrDX ghzctf"><a href=...'>, <Selector query='//div[@data-testid="product-list"]//li' data='<li class="sc-hwhrDX ghzctf"><a href=...'>, <Selector query='//div[@data-testid="product-list"]//li' data='<li class="sc-hwhrDX ghzctf"><a href=...'>, <Selector query='//div[@data-testid="product-list"]//li' data='<li class="sc-hwhrDX ghzctf"><a href=...'>, <Selector query='//div[@data-testid="product-list"]//li' data='<li class="sc-hwhrDX ghzctf"><a href=...'>, <Selector query='//div[@data-testid="product-list"]//li' data='<li class="sc-hwhrDX ghzctf"><a href=...'>, <Selector query='//div[@data-testid="product-list"]//li' data='<li class="sc-hwhrDX ghzctf"><a href=...'>, <Selector query='//div[@data-testid="product-list"]//li' data='<li class="sc-hwhrDX ghzctf"><a href=...'>, <Selector query='//div[@data-testid="product-list"]//li' data='<li class="sc-hwhrDX ghzctf"><a href=...'>, <Selector query='//div[@data-testid="product-list"]//li' data='<li class="sc-hwhrDX ghzctf"><a href=...'>, <Selector query='//div[@data-testid="product-list"]//li' data='<li class="sc-hwhrDX ghzctf"><a href=...'>, <Selector query='//div[@data-testid="product-list"]//li' data='<li class="sc-hwhrDX ghzctf"><a href=...'>, <Selector query='//div[@data-testid="product-list"]//li' data='<li class="sc-hwhrDX ghzctf"><a href=...'>, <Selector query='//div[@data-testid="product-list"]//li' data='<li class="sc-hwhrDX ghzctf"><a href=...'>, <Selector query='//div[@data-testid="product-list"]//li' data='<li class="sc-hwhrDX ghzctf"><a href=...'>, <Selector query='//div[@data-testid="product-list"]//li' data='<li class="sc-hwhrDX ghzctf"><a href=...'>, <Selector query='//div[@data-testid="product-list"]//li' data='<li class="sc-hwhrDX ghzctf"><a href=...'>, <Selector query='//div[@data-testid="product-list"]//li' data='<li class="sc-hwhrDX ghzctf"><a href=...'>, <Selector query='//div[@data-testid="product-list"]//li' data='<li class="sc-hwhrDX ghzctf"><a href=...'>, <Selector query='//div[@data-testid="product-list"]//li' data='<li class="sc-hwhrDX ghzctf"><a href=...'>, <Selector query='//div[@data-testid="product-list"]//li' data='<li class="sc-hwhrDX ghzctf"><a href=...'>, <Selector query='//div[@data-testid="product-list"]//li' data='<li class="sc-hwhrDX ghzctf"><a href=...'>, <Selector query='//div[@data-testid="product-list"]//li' data='<li class="sc-hwhrDX ghzctf"><a href=...'>, <Selector query='//div[@data-testid="product-list"]//li' data='<li class="sc-hwhrDX ghzctf"><a href=...'>, <Selector query='//div[@data-testid="product-list"]//li' data='<li class="sc-hwhrDX ghzctf"><a href=...'>, <Selector query='//div[@data-testid="product-list"]//li' data='<li class="sc-hwhrDX ghzctf"><a href=...'>, <Selector query='//div[@data-testid="product-list"]//li' data='<li class="sc-hwhrDX ghzctf"><a href=...'>, <Selector query='//div[@data-testid="product-list"]//li' data='<li class="sc-hwhrDX ghzctf"><a href=...'>, <Selector query='//div[@data-testid="product-list"]//li' data='<li class="sc-hwhrDX ghzctf"><a href=...'>, <Selector query='//div[@data-testid="product-list"]//li' data='<li class="sc-hwhrDX ghzctf"><a href=...'>, <Selector query='//div[@data-testid="product-list"]//li' data='<li class="sc-hwhrDX ghzctf"><a href=...'>, <Selector query='//div[@data-testid="product-list"]//li' data='<li class="sc-hwhrDX ghzctf"><a href=...'>, <Selector query='//div[@data-testid="product-list"]//li' data='<li class="sc-hwhrDX ghzctf"><a href=...'>, <Selector query='//div[@data-testid="product-list"]//li' data='<li class="sc-hwhrDX ghzctf"><a href=...'>, <Selector query='//div[@data-testid="product-list"]//li' data='<li class="sc-hwhrDX ghzctf"><a href=...'>, <Selector query='//div[@data-testid="product-list"]//li' data='<li class="sc-hwhrDX ghzctf"><a href=...'>]
[2025-04-14T00:25:26.728+0000] {subprocess.py:106} INFO - GARRAFA STANLEY AEROLIGHT FAST FLOW 1.1Lt ORIGINAL TODAS AS CORES
[2025-04-14T00:25:26.729+0000] {subprocess.py:106} INFO - [R$ 339,14]
[2025-04-14T00:25:26.730+0000] {subprocess.py:106} INFO - 4.2 (6)
[2025-04-14T00:25:26.731+0000] {subprocess.py:106} INFO - Garrafa stanley aerolight fast flow 710ml original todas as cores
[2025-04-14T00:25:26.732+0000] {subprocess.py:106} INFO - [R$ 310,64]
[2025-04-14T00:25:26.733+0000] {subprocess.py:106} INFO - 5.0 (1)
[2025-04-14T00:25:26.734+0000] {subprocess.py:106} INFO - Garrafa Térmica Aerolight Stanley Fast Flow 710ml - Matte Black
[2025-04-14T00:25:26.735+0000] {subprocess.py:106} INFO - [R$ 262,65]
[2025-04-14T00:25:26.736+0000] {subprocess.py:106} INFO - 5.0 (1)
[2025-04-14T00:25:26.736+0000] {subprocess.py:106} INFO - Garrafa Térmica Stanley Aerolight Fast Flow Lavender 710ML - STANLEY PMI
[2025-04-14T00:25:26.737+0000] {subprocess.py:106} INFO - [R$ 289,97]
[2025-04-14T00:25:26.738+0000] {subprocess.py:106} INFO - None
[2025-04-14T00:25:26.739+0000] {subprocess.py:106} INFO - Stanley Garrafa Térmica Aerolight Original Fast Flow Branco Polar 710ml
[2025-04-14T00:25:26.740+0000] {subprocess.py:106} INFO - [R$ 332,10]
[2025-04-14T00:25:26.741+0000] {subprocess.py:106} INFO - None
[2025-04-14T00:25:26.742+0000] {subprocess.py:106} INFO - Garrafa Térmica Aerolight Stanley Fast Flow 1,1L - Tigerlily
[2025-04-14T00:25:26.743+0000] {subprocess.py:106} INFO - [R$ 288,15]
[2025-04-14T00:25:26.743+0000] {subprocess.py:106} INFO - 5.0 (1)
[2025-04-14T00:25:26.744+0000] {subprocess.py:106} INFO - Garrafa Térmica Stanley Aerolight Fast Flow 1.1L Pink
[2025-04-14T00:25:26.745+0000] {subprocess.py:106} INFO - [R$ 295,45]
[2025-04-14T00:25:26.745+0000] {subprocess.py:106} INFO - None
[2025-04-14T00:25:26.746+0000] {subprocess.py:106} INFO - Garrafa Térmica Stanley Aerolight Fast Flow Matte Black 710ML
[2025-04-14T00:25:26.747+0000] {subprocess.py:106} INFO - [R$ 278,35]
[2025-04-14T00:25:26.747+0000] {subprocess.py:106} INFO - 5.0 (1)
[2025-04-14T00:25:26.748+0000] {subprocess.py:106} INFO - Garrafa Térmica Aerolight Fast Flow Matte Black 1,1L Stanley
[2025-04-14T00:25:26.748+0000] {subprocess.py:106} INFO - [R$ 358,79]
[2025-04-14T00:25:26.749+0000] {subprocess.py:106} INFO - 4.2 (6)
[2025-04-14T00:25:26.750+0000] {subprocess.py:106} INFO - Garrafa Térmica Aerolight Stanley Fast Flow 710ml - Lavender
[2025-04-14T00:25:26.751+0000] {subprocess.py:106} INFO - [R$ 262,65]
[2025-04-14T00:25:26.751+0000] {subprocess.py:106} INFO - None
[2025-04-14T00:25:26.752+0000] {subprocess.py:106} INFO - Garrafa Térmica Stanley Aerolight Fast Flow Branco Polar 1,1 Litros
[2025-04-14T00:25:26.753+0000] {subprocess.py:106} INFO - [R$ 305,90]
[2025-04-14T00:25:26.754+0000] {subprocess.py:106} INFO - None
[2025-04-14T00:25:26.755+0000] {subprocess.py:106} INFO - Garrafa Térmica Aerolight Stanley Fast Flow 1,1L - Citron
[2025-04-14T00:25:26.755+0000] {subprocess.py:106} INFO - [R$ 288,15]
[2025-04-14T00:25:26.756+0000] {subprocess.py:106} INFO - None
[2025-04-14T00:25:26.757+0000] {subprocess.py:106} INFO - Garrafa Térmica Aerolight Stanley Fast Flow 1,1L - Polar
[2025-04-14T00:25:26.758+0000] {subprocess.py:106} INFO - [R$ 288,15]
[2025-04-14T00:25:26.759+0000] {subprocess.py:106} INFO - None
[2025-04-14T00:25:26.759+0000] {subprocess.py:106} INFO - Garrafa Térmica Stanley Aerolight Fast Flow Citron 710ML
[2025-04-14T00:25:26.760+0000] {subprocess.py:106} INFO - [R$ 278,35]
[2025-04-14T00:25:26.760+0000] {subprocess.py:106} INFO - None
[2025-04-14T00:25:26.761+0000] {subprocess.py:106} INFO - Garrafa Térmica Stanley Aerolight Fast Flow Original Laranja Tigerlily 1,1 L
[2025-04-14T00:25:26.762+0000] {subprocess.py:106} INFO - [R$ 379,00]
[2025-04-14T00:25:26.763+0000] {subprocess.py:106} INFO - 5.0 (1)
[2025-04-14T00:25:26.764+0000] {subprocess.py:106} INFO - Garrafa Térmica Aerolight Laranja Fast Flow Tigerlily 1,1L Stanley
[2025-04-14T00:25:26.766+0000] {subprocess.py:106} INFO - [R$ 351,41]
[2025-04-14T00:25:26.767+0000] {subprocess.py:106} INFO - 5.0 (1)
[2025-04-14T00:25:26.768+0000] {subprocess.py:106} INFO - Garrafa stanley térmica aerolight fast flow em aço inox 710ml lavender 08241-00
[2025-04-14T00:25:26.769+0000] {subprocess.py:106} INFO - [R$ 331,55]
[2025-04-14T00:25:26.771+0000] {subprocess.py:106} INFO - None
[2025-04-14T00:25:26.772+0000] {subprocess.py:106} INFO - Garrafa stanley térmica aerolight fast flow 1,1 litros laranja tigerlily 08242-00
[2025-04-14T00:25:26.774+0000] {subprocess.py:106} INFO - [R$ 350,55]
[2025-04-14T00:25:26.775+0000] {subprocess.py:106} INFO - 5.0 (1)
[2025-04-14T00:25:26.777+0000] {subprocess.py:106} INFO - Garrafa Térmica Stanley Aerolight Fast Flow 710ml Rosa Claro
[2025-04-14T00:25:26.778+0000] {subprocess.py:106} INFO - [R$ 274,34]
[2025-04-14T00:25:26.779+0000] {subprocess.py:106} INFO - None
[2025-04-14T00:25:26.780+0000] {subprocess.py:106} INFO - Garrafa Térmica Stanley Aerolight Fast Flow 1.1L Verde Água
[2025-04-14T00:25:26.780+0000] {subprocess.py:106} INFO - [R$ 295,45]
[2025-04-14T00:25:26.781+0000] {subprocess.py:106} INFO - None
[2025-04-14T00:25:26.782+0000] {subprocess.py:106} INFO - Garrafa Térmica Stanley Aerolight Fast Flow Branco Polar 1,1 Litros - STANLEY PMI
[2025-04-14T00:25:26.783+0000] {subprocess.py:106} INFO - [R$ 399,00]
[2025-04-14T00:25:26.784+0000] {subprocess.py:106} INFO - None
[2025-04-14T00:25:26.785+0000] {subprocess.py:106} INFO - Garrafa Térmica Stanley Aerolight Fast Flow Matte Black 710ML - STANLEY PMI
[2025-04-14T00:25:26.786+0000] {subprocess.py:106} INFO - [R$ 365,00]
[2025-04-14T00:25:26.787+0000] {subprocess.py:106} INFO - 5.0 (1)
[2025-04-14T00:25:26.788+0000] {subprocess.py:106} INFO - Garrafa stanley térmica aerolight fast flow em aço inox 710ml laranja tigerlily 08204-00
[2025-04-14T00:25:26.788+0000] {subprocess.py:106} INFO - [R$ 331,55]
[2025-04-14T00:25:26.789+0000] {subprocess.py:106} INFO - None
[2025-04-14T00:25:26.791+0000] {subprocess.py:106} INFO - Garrafa stanley térmica aerolight fast flow em aço inox 710ml vivid violet 08405-002025-04-14 00:25:26 [scrapy.core.scraper] DEBUG: Scraped from <200 https://www.magazineluiza.com.br/busca/garrafa+stanley+aerolight+fast+flow/?page=1?page=2>
[2025-04-14T00:25:26.791+0000] {subprocess.py:106} INFO - {'title': 'Garrafa stanley térmica aerolight fast flow em aço inox 710ml vivid violet 08405-00', 'price': 'R$\xa0331,55', 'review': None, 'store': 'Magazine Luiza'}
[2025-04-14T00:25:26.792+0000] {subprocess.py:106} INFO - 2025-04-14 00:25:26 [scrapy.core.scraper] DEBUG: Scraped from <200 https://www.magazineluiza.com.br/busca/garrafa+stanley+aerolight+fast+flow/?page=1?page=2>
[2025-04-14T00:25:26.793+0000] {subprocess.py:106} INFO - {'title': 'Garrafa Térmica Stanley Aerolight Fast Flow 710ml Lilás', 'price': 'R$\xa0274,34', 'review': None, 'store': 'Magazine Luiza'}
[2025-04-14T00:25:26.794+0000] {subprocess.py:106} INFO - 2025-04-14 00:25:26 [scrapy.core.scraper] DEBUG: Scraped from <200 https://www.magazineluiza.com.br/busca/garrafa+stanley+aerolight+fast+flow/?page=1?page=2>
[2025-04-14T00:25:26.795+0000] {subprocess.py:106} INFO - {'title': 'Garrafa Térmica Stanley Aerolight Fast Flow Branco Polar 1,1 Litros - STANLEY PMI', 'price': 'R$\xa0385,90', 'review': None, 'store': 'Magazine Luiza'}
[2025-04-14T00:25:26.796+0000] {subprocess.py:106} INFO - 2025-04-14 00:25:26 [scrapy.core.scraper] DEBUG: Scraped from <200 https://www.magazineluiza.com.br/busca/garrafa+stanley+aerolight+fast+flow/?page=1?page=2>
[2025-04-14T00:25:26.797+0000] {subprocess.py:106} INFO - {'title': 'Garrafa Térmica Stanley Aerolight Fast Flow 710 ML Azul 0838', 'price': 'R$\xa0369,90', 'review': None, 'store': 'Magazine Luiza'}
[2025-04-14T00:25:26.797+0000] {subprocess.py:106} INFO - 2025-04-14 00:25:26 [scrapy.core.scraper] DEBUG: Scraped from <200 https://www.magazineluiza.com.br/busca/garrafa+stanley+aerolight+fast+flow/?page=1?page=2>
[2025-04-14T00:25:26.798+0000] {subprocess.py:106} INFO - {'title': 'Garrafa stanley térmica aerolight fast flow 1,1 litros branco polar 08207-00', 'price': 'R$\xa0350,55', 'review': None, 'store': 'Magazine Luiza'}
[2025-04-14T00:25:26.799+0000] {subprocess.py:106} INFO - 2025-04-14 00:25:26 [scrapy.core.scraper] DEBUG: Scraped from <200 https://www.magazineluiza.com.br/busca/garrafa+stanley+aerolight+fast+flow/?page=1?page=2>
[2025-04-14T00:25:26.800+0000] {subprocess.py:106} INFO - {'title': 'Garrafa Térmica Stanley Aerolight Fast Flow 710ml Azul Claro', 'price': 'R$\xa0274,34', 'review': None, 'store': 'Magazine Luiza'}
[2025-04-14T00:25:26.801+0000] {subprocess.py:106} INFO - 2025-04-14 00:25:26 [scrapy.core.scraper] DEBUG: Scraped from <200 https://www.magazineluiza.com.br/busca/garrafa+stanley+aerolight+fast+flow/?page=1?page=2>
[2025-04-14T00:25:26.802+0000] {subprocess.py:106} INFO - {'title': 'Garrafa termica stanley aerolight fast flow tigerlily 1,1l cod8208 cx6', 'price': 'R$\xa0434,37', 'review': '5.0 (1)', 'store': 'Magazine Luiza'}
[2025-04-14T00:25:26.803+0000] {subprocess.py:106} INFO - 2025-04-14 00:25:26 [scrapy.core.scraper] DEBUG: Scraped from <200 https://www.magazineluiza.com.br/busca/garrafa+stanley+aerolight+fast+flow/?page=1?page=2>
[2025-04-14T00:25:26.805+0000] {subprocess.py:106} INFO - {'title': 'Garrafa Térmica Stanley Aerolight Fast Flow Branco Polar 710', 'price': 'R$\xa0361,00', 'review': None, 'store': 'Magazine Luiza'}
[2025-04-14T00:25:26.806+0000] {subprocess.py:106} INFO - 2025-04-14 00:25:26 [scrapy.core.scraper] DEBUG: Scraped from <200 https://www.magazineluiza.com.br/busca/garrafa+stanley+aerolight+fast+flow/?page=1?page=2>
[2025-04-14T00:25:26.808+0000] {subprocess.py:106} INFO - {'title': 'Garrafa Térmica Stanley IceFlow Aerolight Fast Flow 700ml - Cinza', 'price': 'R$\xa0450,71', 'review': None, 'store': 'Magazine Luiza'}
[2025-04-14T00:25:26.809+0000] {subprocess.py:106} INFO - 2025-04-14 00:25:26 [scrapy.core.scraper] DEBUG: Scraped from <200 https://www.magazineluiza.com.br/busca/garrafa+stanley+aerolight+fast+flow/?page=1?page=2>
[2025-04-14T00:25:26.810+0000] {subprocess.py:106} INFO - {'title': 'Garrafa Térmica Stanley Aerolight Fast Flow Citron 1,1 Litros - STANLEY PMI', 'price': 'R$\xa0367,16', 'review': None, 'store': 'Magazine Luiza'}
[2025-04-14T00:25:26.811+0000] {subprocess.py:106} INFO - 2025-04-14 00:25:26 [scrapy.core.scraper] DEBUG: Scraped from <200 https://www.magazineluiza.com.br/busca/garrafa+stanley+aerolight+fast+flow/?page=1?page=2>
[2025-04-14T00:25:26.811+0000] {subprocess.py:106} INFO - {'title': 'Garrafa Térmica Aerolight Fast Flow 1,1L Polar Stanley', 'price': 'R$\xa0379,00', 'review': None, 'store': 'Magazine Luiza'}
[2025-04-14T00:25:26.812+0000] {subprocess.py:106} INFO - 2025-04-14 00:25:26 [scrapy.core.scraper] DEBUG: Scraped from <200 https://www.magazineluiza.com.br/busca/garrafa+stanley+aerolight+fast+flow/?page=1?page=2>
[2025-04-14T00:25:26.813+0000] {subprocess.py:106} INFO - {'title': 'Garrafa Térmica Aerolight Fast Flow Tigerlily 710ml Stanley', 'price': 'R$\xa0295,45', 'review': None, 'store': 'Magazine Luiza'}
[2025-04-14T00:25:26.814+0000] {subprocess.py:106} INFO - 2025-04-14 00:25:26 [scrapy.core.scraper] DEBUG: Scraped from <200 https://www.magazineluiza.com.br/busca/garrafa+stanley+aerolight+fast+flow/?page=1?page=2>
[2025-04-14T00:25:26.815+0000] {subprocess.py:106} INFO - {'title': 'Garrafa stanley térmica aerolight fast flow em aço inox 710ml azul tropical teal 08406-00', 'price': 'R$\xa0331,55', 'review': None, 'store': 'Magazine Luiza'}
[2025-04-14T00:25:26.816+0000] {subprocess.py:106} INFO - 2025-04-14 00:25:26 [scrapy.core.scraper] DEBUG: Scraped from <200 https://www.magazineluiza.com.br/busca/garrafa+stanley+aerolight+fast+flow/?page=1?page=2>
[2025-04-14T00:25:26.817+0000] {subprocess.py:106} INFO - {'title': 'Garrafa Térmica Stanley Aerolight Fast Flow 710ml Verde Água', 'price': 'R$\xa0274,34', 'review': None, 'store': 'Magazine Luiza'}
[2025-04-14T00:25:26.818+0000] {subprocess.py:106} INFO - 2025-04-14 00:25:26 [scrapy.core.scraper] DEBUG: Scraped from <200 https://www.magazineluiza.com.br/busca/garrafa+stanley+aerolight+fast+flow/?page=1?page=2>
[2025-04-14T00:25:26.819+0000] {subprocess.py:106} INFO - {'title': 'Garrafa Térmica Stanley Aerolight Fast Flow Citron 1,1 Litros - STANLEY PMI', 'price': 'R$\xa0385,90', 'review': None, 'store': 'Magazine Luiza'}
[2025-04-14T00:25:26.819+0000] {subprocess.py:106} INFO - 2025-04-14 00:25:26 [scrapy.core.scraper] DEBUG: Scraped from <200 https://www.magazineluiza.com.br/busca/garrafa+stanley+aerolight+fast+flow/?page=1?page=2>
[2025-04-14T00:25:26.821+0000] {subprocess.py:106} INFO - {'title': 'Garrafa Térmica Aerolight Fast Flow Stanley 710ML', 'price': 'R$\xa0395,91', 'review': None, 'store': 'Magazine Luiza'}
[2025-04-14T00:25:26.824+0000] {subprocess.py:106} INFO - 2025-04-14 00:25:26 [scrapy.core.scraper] DEBUG: Scraped from <200 https://www.magazineluiza.com.br/busca/garrafa+stanley+aerolight+fast+flow/?page=1?page=2>
[2025-04-14T00:25:26.825+0000] {subprocess.py:106} INFO - {'title': 'Garrafa Térmica Aerolight Fast Flow Polar 1,1L Stanley', 'price': 'R$\xa0358,79', 'review': None, 'store': 'Magazine Luiza'}
[2025-04-14T00:25:26.826+0000] {subprocess.py:106} INFO - 2025-04-14 00:25:26 [scrapy.core.scraper] DEBUG: Scraped from <200 https://www.magazineluiza.com.br/busca/garrafa+stanley+aerolight+fast+flow/?page=1?page=2>
[2025-04-14T00:25:26.828+0000] {subprocess.py:106} INFO - {'title': 'Garrafa Térmica Stanley Aerolight Fast Flow Citron 710ML - STANLEY PMI', 'price': 'R$\xa0419,90', 'review': None, 'store': 'Magazine Luiza'}
[2025-04-14T00:25:26.829+0000] {subprocess.py:106} INFO - 2025-04-14 00:25:26 [scrapy.core.scraper] DEBUG: Scraped from <200 https://www.magazineluiza.com.br/busca/garrafa+stanley+aerolight+fast+flow/?page=1?page=2>
[2025-04-14T00:25:26.829+0000] {subprocess.py:106} INFO - {'title': 'Garrafa Térmica Aerolight Fast Flow Heat Wave Passion Pink 710ML Stanley', 'price': 'R$\xa0313,41', 'review': None, 'store': 'Magazine Luiza'}
[2025-04-14T00:25:26.830+0000] {subprocess.py:106} INFO - 2025-04-14 00:25:26 [scrapy.core.scraper] DEBUG: Scraped from <200 https://www.magazineluiza.com.br/busca/garrafa+stanley+aerolight+fast+flow/?page=1?page=2>
[2025-04-14T00:25:26.831+0000] {subprocess.py:106} INFO - {'title': 'Garrafa stanley térmica aerolight fast flow em aço inox 710ml passion pink 08404-00', 'price': 'R$\xa0331,55', 'review': None, 'store': 'Magazine Luiza'}
[2025-04-14T00:25:26.831+0000] {subprocess.py:106} INFO - 2025-04-14 00:25:26 [scrapy.core.scraper] DEBUG: Scraped from <200 https://www.magazineluiza.com.br/busca/garrafa+stanley+aerolight+fast+flow/?page=1?page=2>
[2025-04-14T00:25:26.832+0000] {subprocess.py:106} INFO - {'title': 'Garrafa Térmica STanley Aerolight Fast Flow 1,1L', 'price': 'R$\xa0376,10', 'review': None, 'store': 'Magazine Luiza'}
[2025-04-14T00:25:26.833+0000] {subprocess.py:106} INFO - 2025-04-14 00:25:26 [scrapy.core.scraper] DEBUG: Scraped from <200 https://www.magazineluiza.com.br/busca/garrafa+stanley+aerolight+fast+flow/?page=1?page=2>
[2025-04-14T00:25:26.834+0000] {subprocess.py:106} INFO - {'title': 'Garrafa Térmica Stanley Aerolight Fast Flow Citron 1,1 Litros - STANLEY PMI', 'price': 'R$\xa0379,05', 'review': None, 'store': 'Magazine Luiza'}
[2025-04-14T00:25:26.835+0000] {subprocess.py:106} INFO - 2025-04-14 00:25:26 [scrapy.core.scraper] DEBUG: Scraped from <200 https://www.magazineluiza.com.br/busca/garrafa+stanley+aerolight+fast+flow/?page=1?page=2>
[2025-04-14T00:25:26.835+0000] {subprocess.py:106} INFO - {'title': 'Garrafa stanley térmica aerolight fast flow 710ml matte black 08202-00', 'price': 'R$\xa0331,55', 'review': '5.0 (1)', 'store': 'Magazine Luiza'}
[2025-04-14T00:25:26.837+0000] {subprocess.py:106} INFO - 2025-04-14 00:25:26 [scrapy.core.scraper] DEBUG: Scraped from <200 https://www.magazineluiza.com.br/busca/garrafa+stanley+aerolight+fast+flow/?page=1?page=2>
[2025-04-14T00:25:26.837+0000] {subprocess.py:106} INFO - {'title': 'Garrafa Térmica STanley Aerolight Fast Flow 1,1L', 'price': 'R$\xa0376,10', 'review': None, 'store': 'Magazine Luiza'}
[2025-04-14T00:25:26.838+0000] {subprocess.py:106} INFO - 2025-04-14 00:25:26 [scrapy.core.scraper] DEBUG: Scraped from <200 https://www.magazineluiza.com.br/busca/garrafa+stanley+aerolight+fast+flow/?page=1?page=2>
[2025-04-14T00:25:26.839+0000] {subprocess.py:106} INFO - {'title': 'Garrafa Térmica Stanley Aerolight Fast Flow 710ml Verde Limão', 'price': 'R$\xa0274,34', 'review': None, 'store': 'Magazine Luiza'}
[2025-04-14T00:25:26.840+0000] {subprocess.py:106} INFO - 2025-04-14 00:25:26 [scrapy.core.scraper] DEBUG: Scraped from <200 https://www.magazineluiza.com.br/busca/garrafa+stanley+aerolight+fast+flow/?page=1?page=2>
[2025-04-14T00:25:26.842+0000] {subprocess.py:106} INFO - {'title': 'Garrafa Térmica Stanley Aerolight Fast Flow Branco Polar 710ML - STANLEY PMI', 'price': 'R$\xa0369,90', 'review': None, 'store': 'Magazine Luiza'}
[2025-04-14T00:25:26.843+0000] {subprocess.py:106} INFO - 2025-04-14 00:25:26 [scrapy.core.scraper] DEBUG: Scraped from <200 https://www.magazineluiza.com.br/busca/garrafa+stanley+aerolight+fast+flow/?page=1?page=2>
[2025-04-14T00:25:26.843+0000] {subprocess.py:106} INFO - {'title': 'Garrafa Térmica Aerolight Fast Flow Stanley Citron 710 Ml', 'price': 'R$\xa0365,00', 'review': None, 'store': 'Magazine Luiza'}
[2025-04-14T00:25:26.844+0000] {subprocess.py:106} INFO - 2025-04-14 00:25:26 [scrapy.core.scraper] DEBUG: Scraped from <200 https://www.magazineluiza.com.br/busca/garrafa+stanley+aerolight+fast+flow/?page=1?page=2>
[2025-04-14T00:25:26.845+0000] {subprocess.py:106} INFO - {'title': 'Garrafa Térmica Aerolight Fast Flow 1,1L', 'price': 'R$\xa0589,90', 'review': '5.0 (1)', 'store': 'Magazine Luiza'}
[2025-04-14T00:25:26.845+0000] {subprocess.py:106} INFO - 2025-04-14 00:25:26 [scrapy.core.scraper] DEBUG: Scraped from <200 https://www.magazineluiza.com.br/busca/garrafa+stanley+aerolight+fast+flow/?page=1?page=2>
[2025-04-14T00:25:26.846+0000] {subprocess.py:106} INFO - {'title': 'Garrafa Térmica Stanley Aerolight Fast Flow Citron 1,1 Litros - STANLEY PMI', 'price': 'R$\xa0489,00', 'review': None, 'store': 'Magazine Luiza'}
[2025-04-14T00:25:26.847+0000] {subprocess.py:106} INFO - 2025-04-14 00:25:26 [scrapy.core.scraper] DEBUG: Scraped from <200 https://www.magazineluiza.com.br/busca/garrafa+stanley+aerolight+fast+flow/?page=1?page=2>
[2025-04-14T00:25:26.847+0000] {subprocess.py:106} INFO - {'title': 'Garrafa Térmica Stanley Aerolight Fast Flow 0.7L Verde 08205', 'price': 'R$\xa0344,01', 'review': None, 'store': 'Magazine Luiza'}
[2025-04-14T00:25:26.848+0000] {subprocess.py:106} INFO - 2025-04-14 00:25:26 [scrapy.core.scraper] DEBUG: Scraped from <200 https://www.magazineluiza.com.br/busca/garrafa+stanley+aerolight+fast+flow/?page=1?page=2>
[2025-04-14T00:25:26.849+0000] {subprocess.py:106} INFO - {'title': 'Garrafa Térmico Aerolight Fast Flow 710 Ml Citron Stanley', 'price': 'R$\xa0336,66', 'review': None, 'store': 'Magazine Luiza'}
[2025-04-14T00:25:26.849+0000] {subprocess.py:106} INFO - 2025-04-14 00:25:26 [scrapy.core.scraper] DEBUG: Scraped from <200 https://www.magazineluiza.com.br/busca/garrafa+stanley+aerolight+fast+flow/?page=1?page=2>
[2025-04-14T00:25:26.850+0000] {subprocess.py:106} INFO - {'title': 'Garrafa Térmica Aerolight Fast Flow Polar 1,1L', 'price': 'R$\xa0479,99', 'review': None, 'store': 'Magazine Luiza'}
[2025-04-14T00:25:27.242+0000] {subprocess.py:106} INFO - 2025-04-14 00:25:27 [scrapy.core.engine] DEBUG: Crawled (200) <GET https://www.magazineluiza.com.br/busca/garrafa+stanley+aerolight+fast+flow/?page=1?page=1> (referer: https://www.magazineluiza.com.br/busca/garrafa+stanley+aerolight+fast+flow/?page=1)
[2025-04-14T00:25:27.370+0000] {subprocess.py:106} INFO - 
[2025-04-14T00:25:27.372+0000] {subprocess.py:106} INFO - [R$ 331,55]
[2025-04-14T00:25:27.373+0000] {subprocess.py:106} INFO - None
[2025-04-14T00:25:27.375+0000] {subprocess.py:106} INFO - Garrafa Térmica Stanley Aerolight Fast Flow 710ml Lilás
[2025-04-14T00:25:27.376+0000] {subprocess.py:106} INFO - [R$ 274,34]
[2025-04-14T00:25:27.377+0000] {subprocess.py:106} INFO - None
[2025-04-14T00:25:27.378+0000] {subprocess.py:106} INFO - Garrafa Térmica Stanley Aerolight Fast Flow Branco Polar 1,1 Litros - STANLEY PMI
[2025-04-14T00:25:27.379+0000] {subprocess.py:106} INFO - [R$ 385,90]
[2025-04-14T00:25:27.380+0000] {subprocess.py:106} INFO - None
[2025-04-14T00:25:27.381+0000] {subprocess.py:106} INFO - Garrafa Térmica Stanley Aerolight Fast Flow 710 ML Azul 0838
[2025-04-14T00:25:27.382+0000] {subprocess.py:106} INFO - [R$ 369,90]
[2025-04-14T00:25:27.383+0000] {subprocess.py:106} INFO - None
[2025-04-14T00:25:27.384+0000] {subprocess.py:106} INFO - Garrafa stanley térmica aerolight fast flow 1,1 litros branco polar 08207-00
[2025-04-14T00:25:27.385+0000] {subprocess.py:106} INFO - [R$ 350,55]
[2025-04-14T00:25:27.385+0000] {subprocess.py:106} INFO - None
[2025-04-14T00:25:27.386+0000] {subprocess.py:106} INFO - Garrafa Térmica Stanley Aerolight Fast Flow 710ml Azul Claro
[2025-04-14T00:25:27.387+0000] {subprocess.py:106} INFO - [R$ 274,34]
[2025-04-14T00:25:27.388+0000] {subprocess.py:106} INFO - None
[2025-04-14T00:25:27.388+0000] {subprocess.py:106} INFO - Garrafa termica stanley aerolight fast flow tigerlily 1,1l cod8208 cx6
[2025-04-14T00:25:27.389+0000] {subprocess.py:106} INFO - [R$ 434,37]
[2025-04-14T00:25:27.390+0000] {subprocess.py:106} INFO - 5.0 (1)
[2025-04-14T00:25:27.390+0000] {subprocess.py:106} INFO - Garrafa Térmica Stanley Aerolight Fast Flow Branco Polar 710
[2025-04-14T00:25:27.391+0000] {subprocess.py:106} INFO - [R$ 361,00]
[2025-04-14T00:25:27.391+0000] {subprocess.py:106} INFO - None
[2025-04-14T00:25:27.392+0000] {subprocess.py:106} INFO - Garrafa Térmica Stanley IceFlow Aerolight Fast Flow 700ml - Cinza
[2025-04-14T00:25:27.393+0000] {subprocess.py:106} INFO - [R$ 450,71]
[2025-04-14T00:25:27.393+0000] {subprocess.py:106} INFO - None
[2025-04-14T00:25:27.394+0000] {subprocess.py:106} INFO - Garrafa Térmica Stanley Aerolight Fast Flow Citron 1,1 Litros - STANLEY PMI
[2025-04-14T00:25:27.395+0000] {subprocess.py:106} INFO - [R$ 367,16]
[2025-04-14T00:25:27.395+0000] {subprocess.py:106} INFO - None
[2025-04-14T00:25:27.396+0000] {subprocess.py:106} INFO - Garrafa Térmica Aerolight Fast Flow 1,1L Polar Stanley
[2025-04-14T00:25:27.397+0000] {subprocess.py:106} INFO - [R$ 379,00]
[2025-04-14T00:25:27.397+0000] {subprocess.py:106} INFO - None
[2025-04-14T00:25:27.398+0000] {subprocess.py:106} INFO - Garrafa Térmica Aerolight Fast Flow Tigerlily 710ml Stanley
[2025-04-14T00:25:27.398+0000] {subprocess.py:106} INFO - [R$ 295,45]
[2025-04-14T00:25:27.399+0000] {subprocess.py:106} INFO - None
[2025-04-14T00:25:27.400+0000] {subprocess.py:106} INFO - Garrafa stanley térmica aerolight fast flow em aço inox 710ml azul tropical teal 08406-00
[2025-04-14T00:25:27.400+0000] {subprocess.py:106} INFO - [R$ 331,55]
[2025-04-14T00:25:27.401+0000] {subprocess.py:106} INFO - None
[2025-04-14T00:25:27.401+0000] {subprocess.py:106} INFO - Garrafa Térmica Stanley Aerolight Fast Flow 710ml Verde Água
[2025-04-14T00:25:27.402+0000] {subprocess.py:106} INFO - [R$ 274,34]
[2025-04-14T00:25:27.403+0000] {subprocess.py:106} INFO - None
[2025-04-14T00:25:27.403+0000] {subprocess.py:106} INFO - Garrafa Térmica Stanley Aerolight Fast Flow Citron 1,1 Litros - STANLEY PMI
[2025-04-14T00:25:27.404+0000] {subprocess.py:106} INFO - [R$ 385,90]
[2025-04-14T00:25:27.405+0000] {subprocess.py:106} INFO - None
[2025-04-14T00:25:27.406+0000] {subprocess.py:106} INFO - Garrafa Térmica Aerolight Fast Flow Stanley 710ML
[2025-04-14T00:25:27.408+0000] {subprocess.py:106} INFO - [R$ 395,91]
[2025-04-14T00:25:27.409+0000] {subprocess.py:106} INFO - None
[2025-04-14T00:25:27.410+0000] {subprocess.py:106} INFO - Garrafa Térmica Aerolight Fast Flow Polar 1,1L Stanley
[2025-04-14T00:25:27.410+0000] {subprocess.py:106} INFO - [R$ 358,79]
[2025-04-14T00:25:27.411+0000] {subprocess.py:106} INFO - None
[2025-04-14T00:25:27.412+0000] {subprocess.py:106} INFO - Garrafa Térmica Stanley Aerolight Fast Flow Citron 710ML - STANLEY PMI
[2025-04-14T00:25:27.412+0000] {subprocess.py:106} INFO - [R$ 419,90]
[2025-04-14T00:25:27.413+0000] {subprocess.py:106} INFO - None
[2025-04-14T00:25:27.414+0000] {subprocess.py:106} INFO - Garrafa Térmica Aerolight Fast Flow Heat Wave Passion Pink 710ML Stanley
[2025-04-14T00:25:27.415+0000] {subprocess.py:106} INFO - [R$ 313,41]
[2025-04-14T00:25:27.416+0000] {subprocess.py:106} INFO - None
[2025-04-14T00:25:27.417+0000] {subprocess.py:106} INFO - Garrafa stanley térmica aerolight fast flow em aço inox 710ml passion pink 08404-00
[2025-04-14T00:25:27.419+0000] {subprocess.py:106} INFO - [R$ 331,55]
[2025-04-14T00:25:27.420+0000] {subprocess.py:106} INFO - None
[2025-04-14T00:25:27.421+0000] {subprocess.py:106} INFO - Garrafa Térmica STanley Aerolight Fast Flow 1,1L
[2025-04-14T00:25:27.422+0000] {subprocess.py:106} INFO - [R$ 376,10]
[2025-04-14T00:25:27.423+0000] {subprocess.py:106} INFO - None
[2025-04-14T00:25:27.424+0000] {subprocess.py:106} INFO - Garrafa Térmica Stanley Aerolight Fast Flow Citron 1,1 Litros - STANLEY PMI
[2025-04-14T00:25:27.425+0000] {subprocess.py:106} INFO - [R$ 379,05]
[2025-04-14T00:25:27.426+0000] {subprocess.py:106} INFO - None
[2025-04-14T00:25:27.427+0000] {subprocess.py:106} INFO - Garrafa stanley térmica aerolight fast flow 710ml matte black 08202-00
[2025-04-14T00:25:27.428+0000] {subprocess.py:106} INFO - [R$ 331,55]
[2025-04-14T00:25:27.429+0000] {subprocess.py:106} INFO - 5.0 (1)
[2025-04-14T00:25:27.429+0000] {subprocess.py:106} INFO - Garrafa Térmica STanley Aerolight Fast Flow 1,1L
[2025-04-14T00:25:27.430+0000] {subprocess.py:106} INFO - [R$ 376,10]
[2025-04-14T00:25:27.431+0000] {subprocess.py:106} INFO - None
[2025-04-14T00:25:27.432+0000] {subprocess.py:106} INFO - Garrafa Térmica Stanley Aerolight Fast Flow 710ml Verde Limão
[2025-04-14T00:25:27.433+0000] {subprocess.py:106} INFO - [R$ 274,34]
[2025-04-14T00:25:27.434+0000] {subprocess.py:106} INFO - None
[2025-04-14T00:25:27.435+0000] {subprocess.py:106} INFO - Garrafa Térmica Stanley Aerolight Fast Flow Branco Polar 710ML - STANLEY PMI
[2025-04-14T00:25:27.435+0000] {subprocess.py:106} INFO - [R$ 369,90]
[2025-04-14T00:25:27.436+0000] {subprocess.py:106} INFO - None
[2025-04-14T00:25:27.437+0000] {subprocess.py:106} INFO - Garrafa Térmica Aerolight Fast Flow Stanley Citron 710 Ml
[2025-04-14T00:25:27.438+0000] {subprocess.py:106} INFO - [R$ 365,00]
[2025-04-14T00:25:27.439+0000] {subprocess.py:106} INFO - None
[2025-04-14T00:25:27.439+0000] {subprocess.py:106} INFO - Garrafa Térmica Aerolight Fast Flow 1,1L
[2025-04-14T00:25:27.440+0000] {subprocess.py:106} INFO - [R$ 589,90]
[2025-04-14T00:25:27.441+0000] {subprocess.py:106} INFO - 5.0 (1)
[2025-04-14T00:25:27.443+0000] {subprocess.py:106} INFO - Garrafa Térmica Stanley Aerolight Fast Flow Citron 1,1 Litros - STANLEY PMI
[2025-04-14T00:25:27.444+0000] {subprocess.py:106} INFO - [R$ 489,00]
[2025-04-14T00:25:27.446+0000] {subprocess.py:106} INFO - None
[2025-04-14T00:25:27.448+0000] {subprocess.py:106} INFO - Garrafa Térmica Stanley Aerolight Fast Flow 0.7L Verde 08205
[2025-04-14T00:25:27.449+0000] {subprocess.py:106} INFO - [R$ 344,01]
[2025-04-14T00:25:27.450+0000] {subprocess.py:106} INFO - None
[2025-04-14T00:25:27.451+0000] {subprocess.py:106} INFO - Garrafa Térmico Aerolight Fast Flow 710 Ml Citron Stanley
[2025-04-14T00:25:27.452+0000] {subprocess.py:106} INFO - [R$ 336,66]
[2025-04-14T00:25:27.453+0000] {subprocess.py:106} INFO - None
[2025-04-14T00:25:27.454+0000] {subprocess.py:106} INFO - Garrafa Térmica Aerolight Fast Flow Polar 1,1L
[2025-04-14T00:25:27.455+0000] {subprocess.py:106} INFO - [R$ 479,99]
[2025-04-14T00:25:27.456+0000] {subprocess.py:106} INFO - None
[2025-04-14T00:25:27.457+0000] {subprocess.py:106} INFO - https://www.magazineluiza.com.br/busca/garrafa+stanley+aerolight+fast+flow/?page=1?page=1
[2025-04-14T00:25:27.458+0000] {subprocess.py:106} INFO - blocos
[2025-04-14T00:25:27.459+0000] {subprocess.py:106} INFO - [<Selector query='//div[@data-testid="product-list"]//li' data='<li class="sc-hwhrDX ghzctf"><a href=...'>, <Selector query='//div[@data-testid="product-list"]//li' data='<li class="sc-hwhrDX ghzctf"><a href=...'>, <Selector query='//div[@data-testid="product-list"]//li' data='<li class="sc-hwhrDX ghzctf"><a href=...'>, <Selector query='//div[@data-testid="product-list"]//li' data='<li class="sc-hwhrDX ghzctf"><a href=...'>, <Selector query='//div[@data-testid="product-list"]//li' data='<li class="sc-hwhrDX ghzctf"><a href=...'>, <Selector query='//div[@data-testid="product-list"]//li' data='<li class="sc-hwhrDX ghzctf"><a href=...'>, <Selector query='//div[@data-testid="product-list"]//li' data='<li class="sc-hwhrDX ghzctf"><a href=...'>, <Selector query='//div[@data-testid="product-list"]//li' data='<li class="sc-hwhrDX ghzctf"><a href=...'>, <Selector query='//div[@data-testid="product-list"]//li' data='<li class="sc-hwhrDX ghzctf"><a href=...'>, <Selector query='//div[@data-testid="product-list"]//li' data='<li class="sc-hwhrDX ghzctf"><a href=...'>, <Selector query='//div[@data-testid="product-list"]//li' data='<li class="sc-hwhrDX ghzctf"><a href=...'>, <Selector query='//div[@data-testid="product-list"]//li' data='<li class="sc-hwhrDX ghzctf"><a href=...'>, <Selector query='//div[@data-testid="product-list"]//li' data='<li class="sc-hwhrDX ghzctf"><a href=...'>, <Selector query='//div[@data-testid="product-list"]//li' data='<li class="sc-hwhrDX ghzctf"><a href=...'>, <Selector query='//div[@data-testid="product-list"]//li' data='<li class="sc-hwhrDX ghzctf"><a href=...'>, <Selector query='//div[@data-testid="product-list"]//li' data='<li class="sc-hwhrDX ghzctf"><a href=...'>, <Selector query='//div[@data-testid="product-list"]//li' data='<li class="sc-hwhrDX ghzctf"><a href=...'>, <Selector query='//div[@data-testid="product-list"]//li' data='<li class="sc-hwhrDX ghzctf"><a href=...'>, <Selector query='//div[@data-testid="product-list"]//li' data='<li class="sc-hwhrDX ghzctf"><a href=...'>, <Selector query='//div[@data-testid="product-list"]//li' data='<li class="sc-hwhrDX ghzctf"><a href=...'>, <Selector query='//div[@data-testid="product-list"]//li' data='<li class="sc-hwhrDX ghzctf"><a href=...'>, <Selector query='//div[@data-testid="product-list"]//li' data='<li class="sc-hwhrDX ghzctf"><a href=...'>, <Selector query='//div[@data-testid="product-list"]//li' data='<li class="sc-hwhrDX ghzctf"><a href=...'>, <Selector query='//div[@data-testid="product-list"]//li' data='<li class="sc-hwhrDX ghzctf"><a href=...'>, <Selector query='//div[@data-testid="product-list"]//li' data='<li class="sc-hwhrDX ghzctf"><a href=...'>, <Selector query='//div[@data-testid="product-list"]//li' data='<li class="sc-hwhrDX ghzctf"><a href=...'>, <Selector query='//div[@data-testid="product-list"]//li' data='<li class="sc-hwhrDX ghzctf"><a href=...'>, <Selector query='//div[@data-testid="product-list"]//li' data='<li class="sc-hwhrDX ghzctf"><a href=...'>, <Selector query='//div[@data-testid="product-list"]//li' data='<li class="sc-hwhrDX ghzctf"><a href=...'>, <Selector query='//div[@data-testid="product-list"]//li' data='<li class="sc-hwhrDX ghzctf"><a href=...'>, <Selector query='//div[@data-testid="product-list"]//li' data='<li class="sc-hwhrDX ghzctf"><a href=...'>, <Selector query='//div[@data-testid="product-list"]//li' data='<li class="sc-hwhrDX ghzctf"><a href=...'>, <Selector query='//div[@data-testid="product-list"]//li' data='<li class="sc-hwhrDX ghzctf"><a href=...'>, <Selector query='//div[@data-testid="product-list"]//li' data='<li class="sc-hwhrDX ghzctf"><a href=...'>, <Selector query='//div[@data-testid="product-list"]//li' data='<li class="sc-hwhrDX ghzctf"><a href=...'>, <Selector query='//div[@data-testid="product-list"]//li' data='<li class="sc-hwhrDX ghzctf"><a href=...'>, <Selector query='//div[@data-testid="product-list"]//li' data='<li class="sc-hwhrDX ghzctf"><a href=...'>, <Selector query='//div[@data-testid="product-list"]//li' data='<li class="sc-hwhrDX ghzctf"><a href=...'>, <Selector query='//div[@data-testid="product-list"]//li' data='<li class="sc-hwhrDX ghzctf"><a href=...'>, <Selector query='//div[@data-testid="product-list"]//li' data='<li class="sc-hwhrDX ghzctf"><a href=...'>, <Selector query='//div[@data-testid="product-list"]//li' data='<li class="sc-hwhrDX ghzctf"><a href=...'>, <Selector query='//div[@data-testid="product-list"]//li' data='<li class="sc-hwhrDX ghzctf"><a href=...'>, <Selector query='//div[@data-testid="product-list"]//li' data='<li class="sc-hwhrDX ghzctf"><a href=...'>, <Selector query='//div[@data-testid="product-list"]//li' data='<li class="sc-hwhrDX ghzctf"><a href=...'>, <Selector query='//div[@data-testid="product-list"]//li' data='<li class="sc-hwhrDX ghzctf"><a href=...'>, <Selector query='//div[@data-testid="product-list"]//li' data='<li class="sc-hwhrDX ghzctf"><a href=...'>, <Selector query='//div[@data-testid="product-list"]//li' data='<li class="sc-hwhrDX ghzctf"><a href=...'>, <Selector query='//div[@data-testid="product-list"]//li' data='<li class="sc-hwhrDX ghzctf"><a href=...'>, <Selector query='//div[@data-testid="product-list"]//li' data='<li class="sc-hwhrDX ghzctf"><a href=...'>, <Selector query='//div[@data-testid="product-list"]//li' data='<li class="sc-hwhrDX ghzctf"><a href=...'>, <Selector query='//div[@data-testid="product-list"]//li' data='<li class="sc-hwhrDX ghzctf"><a href=...'>, <Selector query='//div[@data-testid="product-list"]//li' data='<li class="sc-hwhrDX ghzctf"><a href=...'>, <Selector query='//div[@data-testid="product-list"]//li' data='<li class="sc-hwhrDX ghzctf"><a href=...'>, <Selector query='//div[@data-testid="product-list"]//li' data='<li class="sc-hwhrDX ghzctf"><a href=...'>, <Selector query='//div[@data-testid="product-list"]//li' data='<li class="sc-hwhrDX ghzctf"><a href=...'>]2025-04-14 00:25:27 [scrapy.core.scraper] DEBUG: Scraped from <200 https://www.magazineluiza.com.br/busca/garrafa+stanley+aerolight+fast+flow/?page=1?page=1>
[2025-04-14T00:25:27.460+0000] {subprocess.py:106} INFO - {'title': 'GARRAFA STANLEY AEROLIGHT FAST FLOW 1.1Lt ORIGINAL TODAS AS CORES', 'price': 'R$\xa0339,14', 'review': '4.2 (6)', 'store': 'Magazine Luiza'}
[2025-04-14T00:25:27.461+0000] {subprocess.py:106} INFO - 2025-04-14 00:25:27 [scrapy.core.scraper] DEBUG: Scraped from <200 https://www.magazineluiza.com.br/busca/garrafa+stanley+aerolight+fast+flow/?page=1?page=1>
[2025-04-14T00:25:27.462+0000] {subprocess.py:106} INFO - {'title': 'Garrafa stanley aerolight fast flow 710ml original todas as cores', 'price': 'R$\xa0310,64', 'review': '5.0 (1)', 'store': 'Magazine Luiza'}
[2025-04-14T00:25:27.463+0000] {subprocess.py:106} INFO - 2025-04-14 00:25:27 [scrapy.core.scraper] DEBUG: Scraped from <200 https://www.magazineluiza.com.br/busca/garrafa+stanley+aerolight+fast+flow/?page=1?page=1>
[2025-04-14T00:25:27.464+0000] {subprocess.py:106} INFO - {'title': 'Garrafa Térmica Aerolight Stanley Fast Flow 710ml - Matte Black', 'price': 'R$\xa0262,65', 'review': '5.0 (1)', 'store': 'Magazine Luiza'}
[2025-04-14T00:25:27.465+0000] {subprocess.py:106} INFO - 2025-04-14 00:25:27 [scrapy.core.scraper] DEBUG: Scraped from <200 https://www.magazineluiza.com.br/busca/garrafa+stanley+aerolight+fast+flow/?page=1?page=1>
[2025-04-14T00:25:27.466+0000] {subprocess.py:106} INFO - {'title': 'Garrafa Térmica Stanley Aerolight Fast Flow Lavender 710ML - STANLEY PMI', 'price': 'R$\xa0289,97', 'review': None, 'store': 'Magazine Luiza'}
[2025-04-14T00:25:27.468+0000] {subprocess.py:106} INFO - 2025-04-14 00:25:27 [scrapy.core.scraper] DEBUG: Scraped from <200 https://www.magazineluiza.com.br/busca/garrafa+stanley+aerolight+fast+flow/?page=1?page=1>
[2025-04-14T00:25:27.469+0000] {subprocess.py:106} INFO - {'title': 'Stanley Garrafa Térmica Aerolight Original Fast Flow Branco Polar 710ml', 'price': 'R$\xa0332,10', 'review': None, 'store': 'Magazine Luiza'}
[2025-04-14T00:25:27.470+0000] {subprocess.py:106} INFO - 2025-04-14 00:25:27 [scrapy.core.scraper] DEBUG: Scraped from <200 https://www.magazineluiza.com.br/busca/garrafa+stanley+aerolight+fast+flow/?page=1?page=1>
[2025-04-14T00:25:27.472+0000] {subprocess.py:106} INFO - {'title': 'Garrafa Térmica Aerolight Stanley Fast Flow 1,1L - Tigerlily', 'price': 'R$\xa0288,15', 'review': '5.0 (1)', 'store': 'Magazine Luiza'}
[2025-04-14T00:25:27.479+0000] {subprocess.py:106} INFO - 2025-04-14 00:25:27 [scrapy.core.scraper] DEBUG: Scraped from <200 https://www.magazineluiza.com.br/busca/garrafa+stanley+aerolight+fast+flow/?page=1?page=1>
[2025-04-14T00:25:27.481+0000] {subprocess.py:106} INFO - {'title': 'Garrafa Térmica Stanley Aerolight Fast Flow 1.1L Pink', 'price': 'R$\xa0295,45', 'review': None, 'store': 'Magazine Luiza'}
[2025-04-14T00:25:27.482+0000] {subprocess.py:106} INFO - 2025-04-14 00:25:27 [scrapy.core.scraper] DEBUG: Scraped from <200 https://www.magazineluiza.com.br/busca/garrafa+stanley+aerolight+fast+flow/?page=1?page=1>
[2025-04-14T00:25:27.484+0000] {subprocess.py:106} INFO - {'title': 'Garrafa Térmica Stanley Aerolight Fast Flow Matte Black 710ML', 'price': 'R$\xa0278,35', 'review': '5.0 (1)', 'store': 'Magazine Luiza'}
[2025-04-14T00:25:27.485+0000] {subprocess.py:106} INFO - 2025-04-14 00:25:27 [scrapy.core.scraper] DEBUG: Scraped from <200 https://www.magazineluiza.com.br/busca/garrafa+stanley+aerolight+fast+flow/?page=1?page=1>
[2025-04-14T00:25:27.486+0000] {subprocess.py:106} INFO - {'title': 'Garrafa Térmica Aerolight Fast Flow Matte Black 1,1L Stanley', 'price': 'R$\xa0358,79', 'review': '4.2 (6)', 'store': 'Magazine Luiza'}
[2025-04-14T00:25:27.487+0000] {subprocess.py:106} INFO - 2025-04-14 00:25:27 [scrapy.core.scraper] DEBUG: Scraped from <200 https://www.magazineluiza.com.br/busca/garrafa+stanley+aerolight+fast+flow/?page=1?page=1>
[2025-04-14T00:25:27.488+0000] {subprocess.py:106} INFO - {'title': 'Garrafa Térmica Aerolight Stanley Fast Flow 710ml - Lavender', 'price': 'R$\xa0262,65', 'review': None, 'store': 'Magazine Luiza'}
[2025-04-14T00:25:27.488+0000] {subprocess.py:106} INFO - 2025-04-14 00:25:27 [scrapy.core.scraper] DEBUG: Scraped from <200 https://www.magazineluiza.com.br/busca/garrafa+stanley+aerolight+fast+flow/?page=1?page=1>
[2025-04-14T00:25:27.489+0000] {subprocess.py:106} INFO - {'title': 'Garrafa Térmica Stanley Aerolight Fast Flow Branco Polar 1,1 Litros', 'price': 'R$\xa0305,90', 'review': None, 'store': 'Magazine Luiza'}
[2025-04-14T00:25:27.490+0000] {subprocess.py:106} INFO - 2025-04-14 00:25:27 [scrapy.core.scraper] DEBUG: Scraped from <200 https://www.magazineluiza.com.br/busca/garrafa+stanley+aerolight+fast+flow/?page=1?page=1>
[2025-04-14T00:25:27.491+0000] {subprocess.py:106} INFO - {'title': 'Garrafa Térmica Aerolight Stanley Fast Flow 1,1L - Citron', 'price': 'R$\xa0288,15', 'review': None, 'store': 'Magazine Luiza'}
[2025-04-14T00:25:27.492+0000] {subprocess.py:106} INFO - 2025-04-14 00:25:27 [scrapy.core.scraper] DEBUG: Scraped from <200 https://www.magazineluiza.com.br/busca/garrafa+stanley+aerolight+fast+flow/?page=1?page=1>
[2025-04-14T00:25:27.493+0000] {subprocess.py:106} INFO - {'title': 'Garrafa Térmica Aerolight Stanley Fast Flow 1,1L - Polar', 'price': 'R$\xa0288,15', 'review': None, 'store': 'Magazine Luiza'}
[2025-04-14T00:25:27.493+0000] {subprocess.py:106} INFO - 2025-04-14 00:25:27 [scrapy.core.scraper] DEBUG: Scraped from <200 https://www.magazineluiza.com.br/busca/garrafa+stanley+aerolight+fast+flow/?page=1?page=1>
[2025-04-14T00:25:27.494+0000] {subprocess.py:106} INFO - {'title': 'Garrafa Térmica Stanley Aerolight Fast Flow Citron 710ML', 'price': 'R$\xa0278,35', 'review': None, 'store': 'Magazine Luiza'}
[2025-04-14T00:25:27.495+0000] {subprocess.py:106} INFO - 2025-04-14 00:25:27 [scrapy.core.scraper] DEBUG: Scraped from <200 https://www.magazineluiza.com.br/busca/garrafa+stanley+aerolight+fast+flow/?page=1?page=1>
[2025-04-14T00:25:27.496+0000] {subprocess.py:106} INFO - {'title': 'Garrafa Térmica Stanley Aerolight Fast Flow Original Laranja Tigerlily 1,1 L', 'price': 'R$\xa0379,00', 'review': '5.0 (1)', 'store': 'Magazine Luiza'}
[2025-04-14T00:25:27.497+0000] {subprocess.py:106} INFO - 2025-04-14 00:25:27 [scrapy.core.scraper] DEBUG: Scraped from <200 https://www.magazineluiza.com.br/busca/garrafa+stanley+aerolight+fast+flow/?page=1?page=1>
[2025-04-14T00:25:27.498+0000] {subprocess.py:106} INFO - {'title': 'Garrafa Térmica Aerolight Laranja Fast Flow Tigerlily 1,1L Stanley', 'price': 'R$\xa0351,41', 'review': '5.0 (1)', 'store': 'Magazine Luiza'}
[2025-04-14T00:25:27.499+0000] {subprocess.py:106} INFO - 2025-04-14 00:25:27 [scrapy.core.scraper] DEBUG: Scraped from <200 https://www.magazineluiza.com.br/busca/garrafa+stanley+aerolight+fast+flow/?page=1?page=1>
[2025-04-14T00:25:27.500+0000] {subprocess.py:106} INFO - {'title': 'Garrafa stanley térmica aerolight fast flow em aço inox 710ml lavender 08241-00', 'price': 'R$\xa0331,55', 'review': None, 'store': 'Magazine Luiza'}
[2025-04-14T00:25:27.501+0000] {subprocess.py:106} INFO - 2025-04-14 00:25:27 [scrapy.core.scraper] DEBUG: Scraped from <200 https://www.magazineluiza.com.br/busca/garrafa+stanley+aerolight+fast+flow/?page=1?page=1>
[2025-04-14T00:25:27.502+0000] {subprocess.py:106} INFO - {'title': 'Garrafa stanley térmica aerolight fast flow 1,1 litros laranja tigerlily 08242-00', 'price': 'R$\xa0350,55', 'review': '5.0 (1)', 'store': 'Magazine Luiza'}
[2025-04-14T00:25:27.503+0000] {subprocess.py:106} INFO - 2025-04-14 00:25:27 [scrapy.core.scraper] DEBUG: Scraped from <200 https://www.magazineluiza.com.br/busca/garrafa+stanley+aerolight+fast+flow/?page=1?page=1>
[2025-04-14T00:25:27.504+0000] {subprocess.py:106} INFO - {'title': 'Garrafa Térmica Stanley Aerolight Fast Flow 710ml Rosa Claro', 'price': 'R$\xa0274,34', 'review': None, 'store': 'Magazine Luiza'}
[2025-04-14T00:25:27.506+0000] {subprocess.py:106} INFO - 2025-04-14 00:25:27 [scrapy.core.scraper] DEBUG: Scraped from <200 https://www.magazineluiza.com.br/busca/garrafa+stanley+aerolight+fast+flow/?page=1?page=1>
[2025-04-14T00:25:27.511+0000] {subprocess.py:106} INFO - {'title': 'Garrafa Térmica Stanley Aerolight Fast Flow 1.1L Verde Água', 'price': 'R$\xa0295,45', 'review': None, 'store': 'Magazine Luiza'}
[2025-04-14T00:25:27.513+0000] {subprocess.py:106} INFO - 2025-04-14 00:25:27 [scrapy.core.scraper] DEBUG: Scraped from <200 https://www.magazineluiza.com.br/busca/garrafa+stanley+aerolight+fast+flow/?page=1?page=1>
[2025-04-14T00:25:27.515+0000] {subprocess.py:106} INFO - {'title': 'Garrafa Térmica Stanley Aerolight Fast Flow Branco Polar 1,1 Litros - STANLEY PMI', 'price': 'R$\xa0399,00', 'review': None, 'store': 'Magazine Luiza'}
[2025-04-14T00:25:27.517+0000] {subprocess.py:106} INFO - 2025-04-14 00:25:27 [scrapy.core.scraper] DEBUG: Scraped from <200 https://www.magazineluiza.com.br/busca/garrafa+stanley+aerolight+fast+flow/?page=1?page=1>
[2025-04-14T00:25:27.519+0000] {subprocess.py:106} INFO - {'title': 'Garrafa Térmica Stanley Aerolight Fast Flow Matte Black 710ML - STANLEY PMI', 'price': 'R$\xa0365,00', 'review': '5.0 (1)', 'store': 'Magazine Luiza'}
[2025-04-14T00:25:27.520+0000] {subprocess.py:106} INFO - 2025-04-14 00:25:27 [scrapy.core.scraper] DEBUG: Scraped from <200 https://www.magazineluiza.com.br/busca/garrafa+stanley+aerolight+fast+flow/?page=1?page=1>
[2025-04-14T00:25:27.521+0000] {subprocess.py:106} INFO - {'title': 'Garrafa stanley térmica aerolight fast flow em aço inox 710ml laranja tigerlily 08204-00', 'price': 'R$\xa0331,55', 'review': None, 'store': 'Magazine Luiza'}
[2025-04-14T00:25:27.529+0000] {subprocess.py:106} INFO - 2025-04-14 00:25:27 [scrapy.core.scraper] DEBUG: Scraped from <200 https://www.magazineluiza.com.br/busca/garrafa+stanley+aerolight+fast+flow/?page=1?page=1>
[2025-04-14T00:25:27.539+0000] {subprocess.py:106} INFO - {'title': 'Garrafa stanley térmica aerolight fast flow em aço inox 710ml vivid violet 08405-00', 'price': 'R$\xa0331,55', 'review': None, 'store': 'Magazine Luiza'}
[2025-04-14T00:25:27.545+0000] {subprocess.py:106} INFO - 2025-04-14 00:25:27 [scrapy.core.scraper] DEBUG: Scraped from <200 https://www.magazineluiza.com.br/busca/garrafa+stanley+aerolight+fast+flow/?page=1?page=1>
[2025-04-14T00:25:27.548+0000] {subprocess.py:106} INFO - {'title': 'Garrafa Térmica Stanley Aerolight Fast Flow 710ml Lilás', 'price': 'R$\xa0274,34', 'review': None, 'store': 'Magazine Luiza'}
[2025-04-14T00:25:27.550+0000] {subprocess.py:106} INFO - 2025-04-14 00:25:27 [scrapy.core.scraper] DEBUG: Scraped from <200 https://www.magazineluiza.com.br/busca/garrafa+stanley+aerolight+fast+flow/?page=1?page=1>
[2025-04-14T00:25:27.551+0000] {subprocess.py:106} INFO - {'title': 'Garrafa Térmica Stanley Aerolight Fast Flow Branco Polar 1,1 Litros - STANLEY PMI', 'price': 'R$\xa0385,90', 'review': None, 'store': 'Magazine Luiza'}
[2025-04-14T00:25:27.552+0000] {subprocess.py:106} INFO - 2025-04-14 00:25:27 [scrapy.core.scraper] DEBUG: Scraped from <200 https://www.magazineluiza.com.br/busca/garrafa+stanley+aerolight+fast+flow/?page=1?page=1>
[2025-04-14T00:25:27.554+0000] {subprocess.py:106} INFO - {'title': 'Garrafa Térmica Stanley Aerolight Fast Flow 710 ML Azul 0838', 'price': 'R$\xa0369,90', 'review': None, 'store': 'Magazine Luiza'}
[2025-04-14T00:25:27.555+0000] {subprocess.py:106} INFO - 2025-04-14 00:25:27 [scrapy.core.scraper] DEBUG: Scraped from <200 https://www.magazineluiza.com.br/busca/garrafa+stanley+aerolight+fast+flow/?page=1?page=1>
[2025-04-14T00:25:27.556+0000] {subprocess.py:106} INFO - {'title': 'Garrafa stanley térmica aerolight fast flow 1,1 litros branco polar 08207-00', 'price': 'R$\xa0350,55', 'review': None, 'store': 'Magazine Luiza'}
[2025-04-14T00:25:27.557+0000] {subprocess.py:106} INFO - 2025-04-14 00:25:27 [scrapy.core.scraper] DEBUG: Scraped from <200 https://www.magazineluiza.com.br/busca/garrafa+stanley+aerolight+fast+flow/?page=1?page=1>
[2025-04-14T00:25:27.558+0000] {subprocess.py:106} INFO - {'title': 'Garrafa Térmica Stanley Aerolight Fast Flow 710ml Azul Claro', 'price': 'R$\xa0274,34', 'review': None, 'store': 'Magazine Luiza'}
[2025-04-14T00:25:27.559+0000] {subprocess.py:106} INFO - 2025-04-14 00:25:27 [scrapy.core.scraper] DEBUG: Scraped from <200 https://www.magazineluiza.com.br/busca/garrafa+stanley+aerolight+fast+flow/?page=1?page=1>
[2025-04-14T00:25:27.560+0000] {subprocess.py:106} INFO - {'title': 'Garrafa termica stanley aerolight fast flow tigerlily 1,1l cod8208 cx6', 'price': 'R$\xa0434,37', 'review': '5.0 (1)', 'store': 'Magazine Luiza'}
[2025-04-14T00:25:27.561+0000] {subprocess.py:106} INFO - 2025-04-14 00:25:27 [scrapy.core.scraper] DEBUG: Scraped from <200 https://www.magazineluiza.com.br/busca/garrafa+stanley+aerolight+fast+flow/?page=1?page=1>
[2025-04-14T00:25:27.563+0000] {subprocess.py:106} INFO - {'title': 'Garrafa Térmica Stanley Aerolight Fast Flow Branco Polar 710', 'price': 'R$\xa0361,00', 'review': None, 'store': 'Magazine Luiza'}
[2025-04-14T00:25:27.564+0000] {subprocess.py:106} INFO - 2025-04-14 00:25:27 [scrapy.core.scraper] DEBUG: Scraped from <200 https://www.magazineluiza.com.br/busca/garrafa+stanley+aerolight+fast+flow/?page=1?page=1>
[2025-04-14T00:25:27.566+0000] {subprocess.py:106} INFO - {'title': 'Garrafa Térmica Stanley IceFlow Aerolight Fast Flow 700ml - Cinza', 'price': 'R$\xa0450,71', 'review': None, 'store': 'Magazine Luiza'}
[2025-04-14T00:25:27.567+0000] {subprocess.py:106} INFO - 2025-04-14 00:25:27 [scrapy.core.scraper] DEBUG: Scraped from <200 https://www.magazineluiza.com.br/busca/garrafa+stanley+aerolight+fast+flow/?page=1?page=1>
[2025-04-14T00:25:27.568+0000] {subprocess.py:106} INFO - {'title': 'Garrafa Térmica Stanley Aerolight Fast Flow Citron 1,1 Litros - STANLEY PMI', 'price': 'R$\xa0367,16', 'review': None, 'store': 'Magazine Luiza'}
[2025-04-14T00:25:27.570+0000] {subprocess.py:106} INFO - 2025-04-14 00:25:27 [scrapy.core.scraper] DEBUG: Scraped from <200 https://www.magazineluiza.com.br/busca/garrafa+stanley+aerolight+fast+flow/?page=1?page=1>
[2025-04-14T00:25:27.571+0000] {subprocess.py:106} INFO - {'title': 'Garrafa Térmica Aerolight Fast Flow 1,1L Polar Stanley', 'price': 'R$\xa0379,00', 'review': None, 'store': 'Magazine Luiza'}
[2025-04-14T00:25:27.573+0000] {subprocess.py:106} INFO - 2025-04-14 00:25:27 [scrapy.core.scraper] DEBUG: Scraped from <200 https://www.magazineluiza.com.br/busca/garrafa+stanley+aerolight+fast+flow/?page=1?page=1>
[2025-04-14T00:25:27.577+0000] {subprocess.py:106} INFO - {'title': 'Garrafa Térmica Aerolight Fast Flow Tigerlily 710ml Stanley', 'price': 'R$\xa0295,45', 'review': None, 'store': 'Magazine Luiza'}
[2025-04-14T00:25:27.579+0000] {subprocess.py:106} INFO - 2025-04-14 00:25:27 [scrapy.core.scraper] DEBUG: Scraped from <200 https://www.magazineluiza.com.br/busca/garrafa+stanley+aerolight+fast+flow/?page=1?page=1>
[2025-04-14T00:25:27.582+0000] {subprocess.py:106} INFO - {'title': 'Garrafa stanley térmica aerolight fast flow em aço inox 710ml azul tropical teal 08406-00', 'price': 'R$\xa0331,55', 'review': None, 'store': 'Magazine Luiza'}
[2025-04-14T00:25:27.584+0000] {subprocess.py:106} INFO - 2025-04-14 00:25:27 [scrapy.core.scraper] DEBUG: Scraped from <200 https://www.magazineluiza.com.br/busca/garrafa+stanley+aerolight+fast+flow/?page=1?page=1>
[2025-04-14T00:25:27.585+0000] {subprocess.py:106} INFO - {'title': 'Garrafa Térmica Stanley Aerolight Fast Flow 710ml Verde Água', 'price': 'R$\xa0274,34', 'review': None, 'store': 'Magazine Luiza'}
[2025-04-14T00:25:27.586+0000] {subprocess.py:106} INFO - 2025-04-14 00:25:27 [scrapy.core.scraper] DEBUG: Scraped from <200 https://www.magazineluiza.com.br/busca/garrafa+stanley+aerolight+fast+flow/?page=1?page=1>
[2025-04-14T00:25:27.587+0000] {subprocess.py:106} INFO - {'title': 'Garrafa Térmica Stanley Aerolight Fast Flow Citron 1,1 Litros - STANLEY PMI', 'price': 'R$\xa0385,90', 'review': None, 'store': 'Magazine Luiza'}
[2025-04-14T00:25:27.588+0000] {subprocess.py:106} INFO - 2025-04-14 00:25:27 [scrapy.core.scraper] DEBUG: Scraped from <200 https://www.magazineluiza.com.br/busca/garrafa+stanley+aerolight+fast+flow/?page=1?page=1>
[2025-04-14T00:25:27.589+0000] {subprocess.py:106} INFO - {'title': 'Garrafa Térmica Aerolight Fast Flow Stanley 710ML', 'price': 'R$\xa0395,91', 'review': None, 'store': 'Magazine Luiza'}
[2025-04-14T00:25:27.590+0000] {subprocess.py:106} INFO - 2025-04-14 00:25:27 [scrapy.core.scraper] DEBUG: Scraped from <200 https://www.magazineluiza.com.br/busca/garrafa+stanley+aerolight+fast+flow/?page=1?page=1>
[2025-04-14T00:25:27.591+0000] {subprocess.py:106} INFO - {'title': 'Garrafa Térmica Aerolight Fast Flow Polar 1,1L Stanley', 'price': 'R$\xa0358,79', 'review': None, 'store': 'Magazine Luiza'}
[2025-04-14T00:25:27.592+0000] {subprocess.py:106} INFO - 2025-04-14 00:25:27 [scrapy.core.scraper] DEBUG: Scraped from <200 https://www.magazineluiza.com.br/busca/garrafa+stanley+aerolight+fast+flow/?page=1?page=1>
[2025-04-14T00:25:27.593+0000] {subprocess.py:106} INFO - {'title': 'Garrafa Térmica Stanley Aerolight Fast Flow Citron 710ML - STANLEY PMI', 'price': 'R$\xa0419,90', 'review': None, 'store': 'Magazine Luiza'}
[2025-04-14T00:25:27.594+0000] {subprocess.py:106} INFO - 2025-04-14 00:25:27 [scrapy.core.scraper] DEBUG: Scraped from <200 https://www.magazineluiza.com.br/busca/garrafa+stanley+aerolight+fast+flow/?page=1?page=1>
[2025-04-14T00:25:27.595+0000] {subprocess.py:106} INFO - {'title': 'Garrafa Térmica Aerolight Fast Flow Heat Wave Passion Pink 710ML Stanley', 'price': 'R$\xa0313,41', 'review': None, 'store': 'Magazine Luiza'}
[2025-04-14T00:25:27.597+0000] {subprocess.py:106} INFO - 2025-04-14 00:25:27 [scrapy.core.scraper] DEBUG: Scraped from <200 https://www.magazineluiza.com.br/busca/garrafa+stanley+aerolight+fast+flow/?page=1?page=1>
[2025-04-14T00:25:27.598+0000] {subprocess.py:106} INFO - {'title': 'Garrafa stanley térmica aerolight fast flow em aço inox 710ml passion pink 08404-00', 'price': 'R$\xa0331,55', 'review': None, 'store': 'Magazine Luiza'}
[2025-04-14T00:25:27.599+0000] {subprocess.py:106} INFO - 2025-04-14 00:25:27 [scrapy.core.scraper] DEBUG: Scraped from <200 https://www.magazineluiza.com.br/busca/garrafa+stanley+aerolight+fast+flow/?page=1?page=1>
[2025-04-14T00:25:27.600+0000] {subprocess.py:106} INFO - {'title': 'Garrafa Térmica STanley Aerolight Fast Flow 1,1L', 'price': 'R$\xa0376,10', 'review': None, 'store': 'Magazine Luiza'}
[2025-04-14T00:25:27.601+0000] {subprocess.py:106} INFO - 2025-04-14 00:25:27 [scrapy.core.scraper] DEBUG: Scraped from <200 https://www.magazineluiza.com.br/busca/garrafa+stanley+aerolight+fast+flow/?page=1?page=1>
[2025-04-14T00:25:27.603+0000] {subprocess.py:106} INFO - {'title': 'Garrafa Térmica Stanley Aerolight Fast Flow Citron 1,1 Litros - STANLEY PMI', 'price': 'R$\xa0379,05', 'review': None, 'store': 'Magazine Luiza'}
[2025-04-14T00:25:27.604+0000] {subprocess.py:106} INFO - 2025-04-14 00:25:27 [scrapy.core.scraper] DEBUG: Scraped from <200 https://www.magazineluiza.com.br/busca/garrafa+stanley+aerolight+fast+flow/?page=1?page=1>
[2025-04-14T00:25:27.605+0000] {subprocess.py:106} INFO - {'title': 'Garrafa stanley térmica aerolight fast flow 710ml matte black 08202-00', 'price': 'R$\xa0331,55', 'review': '5.0 (1)', 'store': 'Magazine Luiza'}
[2025-04-14T00:25:27.609+0000] {subprocess.py:106} INFO - 2025-04-14 00:25:27 [scrapy.core.scraper] DEBUG: Scraped from <200 https://www.magazineluiza.com.br/busca/garrafa+stanley+aerolight+fast+flow/?page=1?page=1>
[2025-04-14T00:25:27.611+0000] {subprocess.py:106} INFO - {'title': 'Garrafa Térmica STanley Aerolight Fast Flow 1,1L', 'price': 'R$\xa0376,10', 'review': None, 'store': 'Magazine Luiza'}
[2025-04-14T00:25:27.613+0000] {subprocess.py:106} INFO - 2025-04-14 00:25:27 [scrapy.core.scraper] DEBUG: Scraped from <200 https://www.magazineluiza.com.br/busca/garrafa+stanley+aerolight+fast+flow/?page=1?page=1>
[2025-04-14T00:25:27.615+0000] {subprocess.py:106} INFO - {'title': 'Garrafa Térmica Stanley Aerolight Fast Flow 710ml Verde Limão', 'price': 'R$\xa0274,34', 'review': None, 'store': 'Magazine Luiza'}
[2025-04-14T00:25:27.617+0000] {subprocess.py:106} INFO - 2025-04-14 00:25:27 [scrapy.core.scraper] DEBUG: Scraped from <200 https://www.magazineluiza.com.br/busca/garrafa+stanley+aerolight+fast+flow/?page=1?page=1>
[2025-04-14T00:25:27.618+0000] {subprocess.py:106} INFO - {'title': 'Garrafa Térmica Stanley Aerolight Fast Flow Branco Polar 710ML - STANLEY PMI', 'price': 'R$\xa0369,90', 'review': None, 'store': 'Magazine Luiza'}
[2025-04-14T00:25:27.619+0000] {subprocess.py:106} INFO - 2025-04-14 00:25:27 [scrapy.core.scraper] DEBUG: Scraped from <200 https://www.magazineluiza.com.br/busca/garrafa+stanley+aerolight+fast+flow/?page=1?page=1>
[2025-04-14T00:25:27.621+0000] {subprocess.py:106} INFO - {'title': 'Garrafa Térmica Aerolight Fast Flow Stanley Citron 710 Ml', 'price': 'R$\xa0365,00', 'review': None, 'store': 'Magazine Luiza'}
[2025-04-14T00:25:27.622+0000] {subprocess.py:106} INFO - 2025-04-14 00:25:27 [scrapy.core.scraper] DEBUG: Scraped from <200 https://www.magazineluiza.com.br/busca/garrafa+stanley+aerolight+fast+flow/?page=1?page=1>
[2025-04-14T00:25:27.623+0000] {subprocess.py:106} INFO - {'title': 'Garrafa Térmica Aerolight Fast Flow 1,1L', 'price': 'R$\xa0589,90', 'review': '5.0 (1)', 'store': 'Magazine Luiza'}
[2025-04-14T00:25:27.625+0000] {subprocess.py:106} INFO - 2025-04-14 00:25:27 [scrapy.core.scraper] DEBUG: Scraped from <200 https://www.magazineluiza.com.br/busca/garrafa+stanley+aerolight+fast+flow/?page=1?page=1>
[2025-04-14T00:25:27.626+0000] {subprocess.py:106} INFO - {'title': 'Garrafa Térmica Stanley Aerolight Fast Flow Citron 1,1 Litros - STANLEY PMI', 'price': 'R$\xa0489,00', 'review': None, 'store': 'Magazine Luiza'}
[2025-04-14T00:25:27.627+0000] {subprocess.py:106} INFO - 2025-04-14 00:25:27 [scrapy.core.scraper] DEBUG: Scraped from <200 https://www.magazineluiza.com.br/busca/garrafa+stanley+aerolight+fast+flow/?page=1?page=1>
[2025-04-14T00:25:27.628+0000] {subprocess.py:106} INFO - {'title': 'Garrafa Térmica Stanley Aerolight Fast Flow 0.7L Verde 08205', 'price': 'R$\xa0344,01', 'review': None, 'store': 'Magazine Luiza'}
[2025-04-14T00:25:27.629+0000] {subprocess.py:106} INFO - 2025-04-14 00:25:27 [scrapy.core.scraper] DEBUG: Scraped from <200 https://www.magazineluiza.com.br/busca/garrafa+stanley+aerolight+fast+flow/?page=1?page=1>
[2025-04-14T00:25:27.630+0000] {subprocess.py:106} INFO - {'title': 'Garrafa Térmico Aerolight Fast Flow 710 Ml Citron Stanley', 'price': 'R$\xa0336,66', 'review': None, 'store': 'Magazine Luiza'}
[2025-04-14T00:25:27.631+0000] {subprocess.py:106} INFO - 2025-04-14 00:25:27 [scrapy.core.scraper] DEBUG: Scraped from <200 https://www.magazineluiza.com.br/busca/garrafa+stanley+aerolight+fast+flow/?page=1?page=1>
[2025-04-14T00:25:27.632+0000] {subprocess.py:106} INFO - {'title': 'Garrafa Térmica Aerolight Fast Flow Polar 1,1L', 'price': 'R$\xa0479,99', 'review': None, 'store': 'Magazine Luiza'}
[2025-04-14T00:25:27.633+0000] {subprocess.py:106} INFO - 2025-04-14 00:25:27 [scrapy.core.engine] INFO: Closing spider (finished)
[2025-04-14T00:25:27.634+0000] {subprocess.py:106} INFO - 2025-04-14 00:25:27 [scrapy.extensions.feedexport] INFO: Stored csv feed (110 items) in: /opt/***/dags/scrap_result.csv
[2025-04-14T00:25:27.636+0000] {subprocess.py:106} INFO - 2025-04-14 00:25:27 [scrapy.statscollectors] INFO: Dumping Scrapy stats:
[2025-04-14T00:25:27.637+0000] {subprocess.py:106} INFO - {'downloader/request_bytes': 2450,
[2025-04-14T00:25:27.638+0000] {subprocess.py:106} INFO -  'downloader/request_count': 3,
[2025-04-14T00:25:27.639+0000] {subprocess.py:106} INFO -  'downloader/request_method_count/GET': 3,
[2025-04-14T00:25:27.641+0000] {subprocess.py:106} INFO -  'downloader/response_bytes': 285695,
[2025-04-14T00:25:27.643+0000] {subprocess.py:106} INFO -  'downloader/response_count': 3,
[2025-04-14T00:25:27.644+0000] {subprocess.py:106} INFO -  'downloader/response_status_count/200': 3,
[2025-04-14T00:25:27.646+0000] {subprocess.py:106} INFO -  'elapsed_time_seconds': 4.269092,
[2025-04-14T00:25:27.647+0000] {subprocess.py:106} INFO -  'feedexport/success_count/FileFeedStorage': 1,
[2025-04-14T00:25:27.650+0000] {subprocess.py:106} INFO -  'finish_reason': 'finished',
[2025-04-14T00:25:27.653+0000] {subprocess.py:106} INFO -  'finish_time': datetime.datetime(2025, 4, 14, 0, 25, 27, 413306, tzinfo=datetime.timezone.utc),
[2025-04-14T00:25:27.656+0000] {subprocess.py:106} INFO -  'httpcompression/response_bytes': 2100653,
[2025-04-14T00:25:27.658+0000] {subprocess.py:106} INFO -  'httpcompression/response_count': 3,
[2025-04-14T00:25:27.659+0000] {subprocess.py:106} INFO -  'item_scraped_count': 110,
[2025-04-14T00:25:27.660+0000] {subprocess.py:106} INFO -  'items_per_minute': None,
[2025-04-14T00:25:27.660+0000] {subprocess.py:106} INFO -  'log_count/DEBUG': 114,
[2025-04-14T00:25:27.661+0000] {subprocess.py:106} INFO -  'log_count/INFO': 11,
[2025-04-14T00:25:27.662+0000] {subprocess.py:106} INFO -  'memusage/max': 220692480,
[2025-04-14T00:25:27.663+0000] {subprocess.py:106} INFO -  'memusage/startup': 220692480,
[2025-04-14T00:25:27.664+0000] {subprocess.py:106} INFO -  'request_depth_max': 1,
[2025-04-14T00:25:27.665+0000] {subprocess.py:106} INFO -  'response_received_count': 3,
[2025-04-14T00:25:27.666+0000] {subprocess.py:106} INFO -  'responses_per_minute': None,
[2025-04-14T00:25:27.667+0000] {subprocess.py:106} INFO -  'scheduler/dequeued': 3,
[2025-04-14T00:25:27.668+0000] {subprocess.py:106} INFO -  'scheduler/dequeued/memory': 3,
[2025-04-14T00:25:27.669+0000] {subprocess.py:106} INFO -  'scheduler/enqueued': 3,
[2025-04-14T00:25:27.670+0000] {subprocess.py:106} INFO -  'scheduler/enqueued/memory': 3,
[2025-04-14T00:25:27.671+0000] {subprocess.py:106} INFO -  'start_time': datetime.datetime(2025, 4, 14, 0, 25, 23, 144214, tzinfo=datetime.timezone.utc)}
[2025-04-14T00:25:27.672+0000] {subprocess.py:106} INFO - 2025-04-14 00:25:27 [scrapy.core.engine] INFO: Spider closed (finished)
[2025-04-14T00:25:27.674+0000] {subprocess.py:106} INFO - 
[2025-04-14T00:25:27.676+0000] {subprocess.py:106} INFO - GARRAFA STANLEY AEROLIGHT FAST FLOW 1.1Lt ORIGINAL TODAS AS CORES
[2025-04-14T00:25:27.678+0000] {subprocess.py:106} INFO - [R$ 339,14]
[2025-04-14T00:25:27.679+0000] {subprocess.py:106} INFO - 4.2 (6)
[2025-04-14T00:25:27.681+0000] {subprocess.py:106} INFO - Garrafa stanley aerolight fast flow 710ml original todas as cores
[2025-04-14T00:25:27.683+0000] {subprocess.py:106} INFO - [R$ 310,64]
[2025-04-14T00:25:27.684+0000] {subprocess.py:106} INFO - 5.0 (1)
[2025-04-14T00:25:27.685+0000] {subprocess.py:106} INFO - Garrafa Térmica Aerolight Stanley Fast Flow 710ml - Matte Black
[2025-04-14T00:25:27.686+0000] {subprocess.py:106} INFO - [R$ 262,65]
[2025-04-14T00:25:27.687+0000] {subprocess.py:106} INFO - 5.0 (1)
[2025-04-14T00:25:27.687+0000] {subprocess.py:106} INFO - Garrafa Térmica Stanley Aerolight Fast Flow Lavender 710ML - STANLEY PMI
[2025-04-14T00:25:27.688+0000] {subprocess.py:106} INFO - [R$ 289,97]
[2025-04-14T00:25:27.689+0000] {subprocess.py:106} INFO - None
[2025-04-14T00:25:27.690+0000] {subprocess.py:106} INFO - Stanley Garrafa Térmica Aerolight Original Fast Flow Branco Polar 710ml
[2025-04-14T00:25:27.691+0000] {subprocess.py:106} INFO - [R$ 332,10]
[2025-04-14T00:25:27.692+0000] {subprocess.py:106} INFO - None
[2025-04-14T00:25:27.692+0000] {subprocess.py:106} INFO - Garrafa Térmica Aerolight Stanley Fast Flow 1,1L - Tigerlily
[2025-04-14T00:25:27.693+0000] {subprocess.py:106} INFO - [R$ 288,15]
[2025-04-14T00:25:27.693+0000] {subprocess.py:106} INFO - 5.0 (1)
[2025-04-14T00:25:27.694+0000] {subprocess.py:106} INFO - Garrafa Térmica Stanley Aerolight Fast Flow 1.1L Pink
[2025-04-14T00:25:27.695+0000] {subprocess.py:106} INFO - [R$ 295,45]
[2025-04-14T00:25:27.695+0000] {subprocess.py:106} INFO - None
[2025-04-14T00:25:27.696+0000] {subprocess.py:106} INFO - Garrafa Térmica Stanley Aerolight Fast Flow Matte Black 710ML
[2025-04-14T00:25:27.697+0000] {subprocess.py:106} INFO - [R$ 278,35]
[2025-04-14T00:25:27.698+0000] {subprocess.py:106} INFO - 5.0 (1)
[2025-04-14T00:25:27.699+0000] {subprocess.py:106} INFO - Garrafa Térmica Aerolight Fast Flow Matte Black 1,1L Stanley
[2025-04-14T00:25:27.700+0000] {subprocess.py:106} INFO - [R$ 358,79]
[2025-04-14T00:25:27.701+0000] {subprocess.py:106} INFO - 4.2 (6)
[2025-04-14T00:25:27.702+0000] {subprocess.py:106} INFO - Garrafa Térmica Aerolight Stanley Fast Flow 710ml - Lavender
[2025-04-14T00:25:27.702+0000] {subprocess.py:106} INFO - [R$ 262,65]
[2025-04-14T00:25:27.703+0000] {subprocess.py:106} INFO - None
[2025-04-14T00:25:27.704+0000] {subprocess.py:106} INFO - Garrafa Térmica Stanley Aerolight Fast Flow Branco Polar 1,1 Litros
[2025-04-14T00:25:27.704+0000] {subprocess.py:106} INFO - [R$ 305,90]
[2025-04-14T00:25:27.705+0000] {subprocess.py:106} INFO - None
[2025-04-14T00:25:27.706+0000] {subprocess.py:106} INFO - Garrafa Térmica Aerolight Stanley Fast Flow 1,1L - Citron
[2025-04-14T00:25:27.707+0000] {subprocess.py:106} INFO - [R$ 288,15]
[2025-04-14T00:25:27.709+0000] {subprocess.py:106} INFO - None
[2025-04-14T00:25:27.710+0000] {subprocess.py:106} INFO - Garrafa Térmica Aerolight Stanley Fast Flow 1,1L - Polar
[2025-04-14T00:25:27.712+0000] {subprocess.py:106} INFO - [R$ 288,15]
[2025-04-14T00:25:27.713+0000] {subprocess.py:106} INFO - None
[2025-04-14T00:25:27.714+0000] {subprocess.py:106} INFO - Garrafa Térmica Stanley Aerolight Fast Flow Citron 710ML
[2025-04-14T00:25:27.715+0000] {subprocess.py:106} INFO - [R$ 278,35]
[2025-04-14T00:25:27.716+0000] {subprocess.py:106} INFO - None
[2025-04-14T00:25:27.717+0000] {subprocess.py:106} INFO - Garrafa Térmica Stanley Aerolight Fast Flow Original Laranja Tigerlily 1,1 L
[2025-04-14T00:25:27.718+0000] {subprocess.py:106} INFO - [R$ 379,00]
[2025-04-14T00:25:27.719+0000] {subprocess.py:106} INFO - 5.0 (1)
[2025-04-14T00:25:27.720+0000] {subprocess.py:106} INFO - Garrafa Térmica Aerolight Laranja Fast Flow Tigerlily 1,1L Stanley
[2025-04-14T00:25:27.721+0000] {subprocess.py:106} INFO - [R$ 351,41]
[2025-04-14T00:25:27.721+0000] {subprocess.py:106} INFO - 5.0 (1)
[2025-04-14T00:25:27.722+0000] {subprocess.py:106} INFO - Garrafa stanley térmica aerolight fast flow em aço inox 710ml lavender 08241-00
[2025-04-14T00:25:27.723+0000] {subprocess.py:106} INFO - [R$ 331,55]
[2025-04-14T00:25:27.724+0000] {subprocess.py:106} INFO - None
[2025-04-14T00:25:27.725+0000] {subprocess.py:106} INFO - Garrafa stanley térmica aerolight fast flow 1,1 litros laranja tigerlily 08242-00
[2025-04-14T00:25:27.725+0000] {subprocess.py:106} INFO - [R$ 350,55]
[2025-04-14T00:25:27.726+0000] {subprocess.py:106} INFO - 5.0 (1)
[2025-04-14T00:25:27.727+0000] {subprocess.py:106} INFO - Garrafa Térmica Stanley Aerolight Fast Flow 710ml Rosa Claro
[2025-04-14T00:25:27.728+0000] {subprocess.py:106} INFO - [R$ 274,34]
[2025-04-14T00:25:27.728+0000] {subprocess.py:106} INFO - None
[2025-04-14T00:25:27.729+0000] {subprocess.py:106} INFO - Garrafa Térmica Stanley Aerolight Fast Flow 1.1L Verde Água
[2025-04-14T00:25:27.730+0000] {subprocess.py:106} INFO - [R$ 295,45]
[2025-04-14T00:25:27.731+0000] {subprocess.py:106} INFO - None
[2025-04-14T00:25:27.732+0000] {subprocess.py:106} INFO - Garrafa Térmica Stanley Aerolight Fast Flow Branco Polar 1,1 Litros - STANLEY PMI
[2025-04-14T00:25:27.735+0000] {subprocess.py:106} INFO - [R$ 399,00]
[2025-04-14T00:25:27.736+0000] {subprocess.py:106} INFO - None
[2025-04-14T00:25:27.736+0000] {subprocess.py:106} INFO - Garrafa Térmica Stanley Aerolight Fast Flow Matte Black 710ML - STANLEY PMI
[2025-04-14T00:25:27.737+0000] {subprocess.py:106} INFO - [R$ 365,00]
[2025-04-14T00:25:27.738+0000] {subprocess.py:106} INFO - 5.0 (1)
[2025-04-14T00:25:27.739+0000] {subprocess.py:106} INFO - Garrafa stanley térmica aerolight fast flow em aço inox 710ml laranja tigerlily 08204-00
[2025-04-14T00:25:27.741+0000] {subprocess.py:106} INFO - [R$ 331,55]
[2025-04-14T00:25:27.744+0000] {subprocess.py:106} INFO - None
[2025-04-14T00:25:27.747+0000] {subprocess.py:106} INFO - Garrafa stanley térmica aerolight fast flow em aço inox 710ml vivid violet 08405-00
[2025-04-14T00:25:27.748+0000] {subprocess.py:106} INFO - [R$ 331,55]
[2025-04-14T00:25:27.750+0000] {subprocess.py:106} INFO - None
[2025-04-14T00:25:27.751+0000] {subprocess.py:106} INFO - Garrafa Térmica Stanley Aerolight Fast Flow 710ml Lilás
[2025-04-14T00:25:27.752+0000] {subprocess.py:106} INFO - [R$ 274,34]
[2025-04-14T00:25:27.754+0000] {subprocess.py:106} INFO - None
[2025-04-14T00:25:27.754+0000] {subprocess.py:106} INFO - Garrafa Térmica Stanley Aerolight Fast Flow Branco Polar 1,1 Litros - STANLEY PMI
[2025-04-14T00:25:27.755+0000] {subprocess.py:106} INFO - [R$ 385,90]
[2025-04-14T00:25:27.756+0000] {subprocess.py:106} INFO - None
[2025-04-14T00:25:27.757+0000] {subprocess.py:106} INFO - Garrafa Térmica Stanley Aerolight Fast Flow 710 ML Azul 0838
[2025-04-14T00:25:27.758+0000] {subprocess.py:106} INFO - [R$ 369,90]
[2025-04-14T00:25:27.759+0000] {subprocess.py:106} INFO - None
[2025-04-14T00:25:27.759+0000] {subprocess.py:106} INFO - Garrafa stanley térmica aerolight fast flow 1,1 litros branco polar 08207-00
[2025-04-14T00:25:27.760+0000] {subprocess.py:106} INFO - [R$ 350,55]
[2025-04-14T00:25:27.761+0000] {subprocess.py:106} INFO - None
[2025-04-14T00:25:27.761+0000] {subprocess.py:106} INFO - Garrafa Térmica Stanley Aerolight Fast Flow 710ml Azul Claro
[2025-04-14T00:25:27.762+0000] {subprocess.py:106} INFO - [R$ 274,34]
[2025-04-14T00:25:27.763+0000] {subprocess.py:106} INFO - None
[2025-04-14T00:25:27.763+0000] {subprocess.py:106} INFO - Garrafa termica stanley aerolight fast flow tigerlily 1,1l cod8208 cx6
[2025-04-14T00:25:27.764+0000] {subprocess.py:106} INFO - [R$ 434,37]
[2025-04-14T00:25:27.765+0000] {subprocess.py:106} INFO - 5.0 (1)
[2025-04-14T00:25:27.765+0000] {subprocess.py:106} INFO - Garrafa Térmica Stanley Aerolight Fast Flow Branco Polar 710
[2025-04-14T00:25:27.766+0000] {subprocess.py:106} INFO - [R$ 361,00]
[2025-04-14T00:25:27.767+0000] {subprocess.py:106} INFO - None
[2025-04-14T00:25:27.768+0000] {subprocess.py:106} INFO - Garrafa Térmica Stanley IceFlow Aerolight Fast Flow 700ml - Cinza
[2025-04-14T00:25:27.769+0000] {subprocess.py:106} INFO - [R$ 450,71]
[2025-04-14T00:25:27.769+0000] {subprocess.py:106} INFO - None
[2025-04-14T00:25:27.770+0000] {subprocess.py:106} INFO - Garrafa Térmica Stanley Aerolight Fast Flow Citron 1,1 Litros - STANLEY PMI
[2025-04-14T00:25:27.771+0000] {subprocess.py:106} INFO - [R$ 367,16]
[2025-04-14T00:25:27.777+0000] {subprocess.py:106} INFO - None
[2025-04-14T00:25:27.778+0000] {subprocess.py:106} INFO - Garrafa Térmica Aerolight Fast Flow 1,1L Polar Stanley
[2025-04-14T00:25:27.779+0000] {subprocess.py:106} INFO - [R$ 379,00]
[2025-04-14T00:25:27.780+0000] {subprocess.py:106} INFO - None
[2025-04-14T00:25:27.781+0000] {subprocess.py:106} INFO - Garrafa Térmica Aerolight Fast Flow Tigerlily 710ml Stanley
[2025-04-14T00:25:27.782+0000] {subprocess.py:106} INFO - [R$ 295,45]
[2025-04-14T00:25:27.782+0000] {subprocess.py:106} INFO - None
[2025-04-14T00:25:27.783+0000] {subprocess.py:106} INFO - Garrafa stanley térmica aerolight fast flow em aço inox 710ml azul tropical teal 08406-00
[2025-04-14T00:25:27.784+0000] {subprocess.py:106} INFO - [R$ 331,55]
[2025-04-14T00:25:27.785+0000] {subprocess.py:106} INFO - None
[2025-04-14T00:25:27.785+0000] {subprocess.py:106} INFO - Garrafa Térmica Stanley Aerolight Fast Flow 710ml Verde Água
[2025-04-14T00:25:27.786+0000] {subprocess.py:106} INFO - [R$ 274,34]
[2025-04-14T00:25:27.787+0000] {subprocess.py:106} INFO - None
[2025-04-14T00:25:27.787+0000] {subprocess.py:106} INFO - Garrafa Térmica Stanley Aerolight Fast Flow Citron 1,1 Litros - STANLEY PMI
[2025-04-14T00:25:27.788+0000] {subprocess.py:106} INFO - [R$ 385,90]
[2025-04-14T00:25:27.789+0000] {subprocess.py:106} INFO - None
[2025-04-14T00:25:27.789+0000] {subprocess.py:106} INFO - Garrafa Térmica Aerolight Fast Flow Stanley 710ML
[2025-04-14T00:25:27.790+0000] {subprocess.py:106} INFO - [R$ 395,91]
[2025-04-14T00:25:27.791+0000] {subprocess.py:106} INFO - None
[2025-04-14T00:25:27.791+0000] {subprocess.py:106} INFO - Garrafa Térmica Aerolight Fast Flow Polar 1,1L Stanley
[2025-04-14T00:25:27.792+0000] {subprocess.py:106} INFO - [R$ 358,79]
[2025-04-14T00:25:27.793+0000] {subprocess.py:106} INFO - None
[2025-04-14T00:25:27.794+0000] {subprocess.py:106} INFO - Garrafa Térmica Stanley Aerolight Fast Flow Citron 710ML - STANLEY PMI
[2025-04-14T00:25:27.794+0000] {subprocess.py:106} INFO - [R$ 419,90]
[2025-04-14T00:25:27.795+0000] {subprocess.py:106} INFO - None
[2025-04-14T00:25:27.796+0000] {subprocess.py:106} INFO - Garrafa Térmica Aerolight Fast Flow Heat Wave Passion Pink 710ML Stanley
[2025-04-14T00:25:27.796+0000] {subprocess.py:106} INFO - [R$ 313,41]
[2025-04-14T00:25:27.797+0000] {subprocess.py:106} INFO - None
[2025-04-14T00:25:27.798+0000] {subprocess.py:106} INFO - Garrafa stanley térmica aerolight fast flow em aço inox 710ml passion pink 08404-00
[2025-04-14T00:25:27.798+0000] {subprocess.py:106} INFO - [R$ 331,55]
[2025-04-14T00:25:27.799+0000] {subprocess.py:106} INFO - None
[2025-04-14T00:25:27.800+0000] {subprocess.py:106} INFO - Garrafa Térmica STanley Aerolight Fast Flow 1,1L
[2025-04-14T00:25:27.800+0000] {subprocess.py:106} INFO - [R$ 376,10]
[2025-04-14T00:25:27.801+0000] {subprocess.py:106} INFO - None
[2025-04-14T00:25:27.802+0000] {subprocess.py:106} INFO - Garrafa Térmica Stanley Aerolight Fast Flow Citron 1,1 Litros - STANLEY PMI
[2025-04-14T00:25:27.802+0000] {subprocess.py:106} INFO - [R$ 379,05]
[2025-04-14T00:25:27.803+0000] {subprocess.py:106} INFO - None
[2025-04-14T00:25:27.804+0000] {subprocess.py:106} INFO - Garrafa stanley térmica aerolight fast flow 710ml matte black 08202-00
[2025-04-14T00:25:27.805+0000] {subprocess.py:106} INFO - [R$ 331,55]
[2025-04-14T00:25:27.806+0000] {subprocess.py:106} INFO - 5.0 (1)
[2025-04-14T00:25:27.807+0000] {subprocess.py:106} INFO - Garrafa Térmica STanley Aerolight Fast Flow 1,1L
[2025-04-14T00:25:27.808+0000] {subprocess.py:106} INFO - [R$ 376,10]
[2025-04-14T00:25:27.809+0000] {subprocess.py:106} INFO - None
[2025-04-14T00:25:27.810+0000] {subprocess.py:106} INFO - Garrafa Térmica Stanley Aerolight Fast Flow 710ml Verde Limão
[2025-04-14T00:25:27.811+0000] {subprocess.py:106} INFO - [R$ 274,34]
[2025-04-14T00:25:27.812+0000] {subprocess.py:106} INFO - None
[2025-04-14T00:25:27.812+0000] {subprocess.py:106} INFO - Garrafa Térmica Stanley Aerolight Fast Flow Branco Polar 710ML - STANLEY PMI
[2025-04-14T00:25:27.814+0000] {subprocess.py:106} INFO - [R$ 369,90]
[2025-04-14T00:25:27.815+0000] {subprocess.py:106} INFO - None
[2025-04-14T00:25:27.816+0000] {subprocess.py:106} INFO - Garrafa Térmica Aerolight Fast Flow Stanley Citron 710 Ml
[2025-04-14T00:25:27.817+0000] {subprocess.py:106} INFO - [R$ 365,00]
[2025-04-14T00:25:27.817+0000] {subprocess.py:106} INFO - None
[2025-04-14T00:25:27.818+0000] {subprocess.py:106} INFO - Garrafa Térmica Aerolight Fast Flow 1,1L
[2025-04-14T00:25:27.819+0000] {subprocess.py:106} INFO - [R$ 589,90]
[2025-04-14T00:25:27.820+0000] {subprocess.py:106} INFO - 5.0 (1)
[2025-04-14T00:25:27.820+0000] {subprocess.py:106} INFO - Garrafa Térmica Stanley Aerolight Fast Flow Citron 1,1 Litros - STANLEY PMI
[2025-04-14T00:25:27.821+0000] {subprocess.py:106} INFO - [R$ 489,00]
[2025-04-14T00:25:27.823+0000] {subprocess.py:106} INFO - None
[2025-04-14T00:25:27.824+0000] {subprocess.py:106} INFO - Garrafa Térmica Stanley Aerolight Fast Flow 0.7L Verde 08205
[2025-04-14T00:25:27.824+0000] {subprocess.py:106} INFO - [R$ 344,01]
[2025-04-14T00:25:27.825+0000] {subprocess.py:106} INFO - None
[2025-04-14T00:25:27.826+0000] {subprocess.py:106} INFO - Garrafa Térmico Aerolight Fast Flow 710 Ml Citron Stanley
[2025-04-14T00:25:27.827+0000] {subprocess.py:106} INFO - [R$ 336,66]
[2025-04-14T00:25:27.828+0000] {subprocess.py:106} INFO - None
[2025-04-14T00:25:27.828+0000] {subprocess.py:106} INFO - Garrafa Térmica Aerolight Fast Flow Polar 1,1L
[2025-04-14T00:25:27.829+0000] {subprocess.py:106} INFO - [R$ 479,99]
[2025-04-14T00:25:27.830+0000] {subprocess.py:106} INFO - None
[2025-04-14T00:25:27.831+0000] {subprocess.py:110} INFO - Command exited with return code 0
[2025-04-14T00:25:27.911+0000] {taskinstance.py:341} INFO - ::group::Post task execution logs
[2025-04-14T00:25:27.914+0000] {taskinstance.py:353} INFO - Marking task as SUCCESS. dag_id=pipeline_garrafa_stanley, task_id=scrap_magalu, run_id=manual__2025-04-14T00:25:19.363973+00:00, execution_date=20250414T002519, start_date=20250414T002521, end_date=20250414T002527
[2025-04-14T00:25:28.012+0000] {local_task_job_runner.py:266} INFO - Task exited with return code 0
[2025-04-14T00:25:28.062+0000] {taskinstance.py:3901} INFO - 1 downstream tasks scheduled from follow-on schedule check
[2025-04-14T00:25:28.064+0000] {local_task_job_runner.py:245} INFO - ::endgroup::
