[2025-04-14T23:51:44.788+0000] {local_task_job_runner.py:123} INFO - ::group::Pre task execution logs
[2025-04-14T23:51:44.876+0000] {taskinstance.py:2614} INFO - Dependencies all met for dep_context=non-requeueable deps ti=<TaskInstance: pipeline_garrafa_stanley.ai_feedback manual__2025-04-14T23:51:08.642371+00:00 [queued]>
[2025-04-14T23:51:44.900+0000] {taskinstance.py:2614} INFO - Dependencies all met for dep_context=requeueable deps ti=<TaskInstance: pipeline_garrafa_stanley.ai_feedback manual__2025-04-14T23:51:08.642371+00:00 [queued]>
[2025-04-14T23:51:44.902+0000] {taskinstance.py:2867} INFO - Starting attempt 1 of 1
[2025-04-14T23:51:44.936+0000] {taskinstance.py:2890} INFO - Executing <Task(PythonOperator): ai_feedback> on 2025-04-14 23:51:08.642371+00:00
[2025-04-14T23:51:44.952+0000] {warnings.py:112} WARNING - /home/***/.local/lib/python3.12/site-packages/***/task/task_runner/standard_task_runner.py:70: DeprecationWarning: This process (pid=3235) is multi-threaded, use of fork() may lead to deadlocks in the child.
  pid = os.fork()

[2025-04-14T23:51:44.958+0000] {standard_task_runner.py:72} INFO - Started process 3237 to run task
[2025-04-14T23:51:44.958+0000] {standard_task_runner.py:104} INFO - Running: ['***', 'tasks', 'run', 'pipeline_garrafa_stanley', 'ai_feedback', 'manual__2025-04-14T23:51:08.642371+00:00', '--job-id', '118', '--raw', '--subdir', 'DAGS_FOLDER/pipeline.py', '--cfg-path', '/tmp/tmp8cb3r_op']
[2025-04-14T23:51:44.965+0000] {standard_task_runner.py:105} INFO - Job 118: Subtask ai_feedback
[2025-04-14T23:51:45.179+0000] {task_command.py:467} INFO - Running <TaskInstance: pipeline_garrafa_stanley.ai_feedback manual__2025-04-14T23:51:08.642371+00:00 [running]> on host a68e7f38875d
[2025-04-14T23:51:45.527+0000] {taskinstance.py:3134} INFO - Exporting env vars: AIRFLOW_CTX_DAG_OWNER='***' AIRFLOW_CTX_DAG_ID='pipeline_garrafa_stanley' AIRFLOW_CTX_TASK_ID='ai_feedback' AIRFLOW_CTX_EXECUTION_DATE='2025-04-14T23:51:08.642371+00:00' AIRFLOW_CTX_TRY_NUMBER='1' AIRFLOW_CTX_DAG_RUN_ID='manual__2025-04-14T23:51:08.642371+00:00'
[2025-04-14T23:51:45.530+0000] {taskinstance.py:732} INFO - ::endgroup::
[2025-04-14T23:51:45.593+0000] {logging_mixin.py:190} INFO - ([{'preco': 272.5447833433377, 'data': '12/04/2025', 'capacidade': '710ml'}, {'preco': 332.5330719410694, 'data': '11/04/2025', 'capacidade': '1100ml'}, {'preco': 269.0608313067965, 'data': '11/04/2025', 'capacidade': '710ml'}, {'preco': 365.51399594320486, 'data': '14/04/2025', 'capacidade': '1100ml'}, {'preco': 316.89227360308433, 'data': '14/04/2025', 'capacidade': '710ml'}, {'preco': 337.8895705952379, 'data': '12/04/2025', 'capacidade': '1100ml'}],)
[2025-04-14T23:51:45.595+0000] {logging_mixin.py:190} INFO - <class 'tuple'>
[2025-04-14T23:51:45.597+0000] {logging_mixin.py:190} INFO - 
    ### INSTRUÇÕES ###
    Analise o conteúdo informado no CONTEXTO,levando em consideração a variação do preço do produto ao passar do tempo.
    Retorne um objeto JSON. O output deve parecer com {"analise":"O preço do produto subiu 12% entre 11/04/2023 e 14/04/2025","insight":"uma ação promocional poderia trazer um incremento nas vendas para os dias dos pais"}

    
    ### CONTEXTO ###
    
[2025-04-14T23:51:45.600+0000] {python.py:240} INFO - Done. Returned value was: None
[2025-04-14T23:51:45.661+0000] {taskinstance.py:341} INFO - ::group::Post task execution logs
[2025-04-14T23:51:45.663+0000] {taskinstance.py:353} INFO - Marking task as SUCCESS. dag_id=pipeline_garrafa_stanley, task_id=ai_feedback, run_id=manual__2025-04-14T23:51:08.642371+00:00, execution_date=20250414T235108, start_date=20250414T235144, end_date=20250414T235145
[2025-04-14T23:51:45.835+0000] {local_task_job_runner.py:266} INFO - Task exited with return code 0
[2025-04-14T23:51:45.913+0000] {taskinstance.py:3901} INFO - 1 downstream tasks scheduled from follow-on schedule check
[2025-04-14T23:51:45.918+0000] {local_task_job_runner.py:245} INFO - ::endgroup::
