[2025-04-15T01:07:51.163+0000] {local_task_job_runner.py:123} INFO - ::group::Pre task execution logs
[2025-04-15T01:07:51.259+0000] {taskinstance.py:2614} INFO - Dependencies all met for dep_context=non-requeueable deps ti=<TaskInstance: pipeline_garrafa_stanley.etl_scrap manual__2025-04-15T01:07:35.944088+00:00 [queued]>
[2025-04-15T01:07:51.284+0000] {taskinstance.py:2614} INFO - Dependencies all met for dep_context=requeueable deps ti=<TaskInstance: pipeline_garrafa_stanley.etl_scrap manual__2025-04-15T01:07:35.944088+00:00 [queued]>
[2025-04-15T01:07:51.287+0000] {taskinstance.py:2867} INFO - Starting attempt 1 of 1
[2025-04-15T01:07:51.321+0000] {taskinstance.py:2890} INFO - Executing <Task(PythonOperator): etl_scrap> on 2025-04-15 01:07:35.944088+00:00
[2025-04-15T01:07:51.358+0000] {warnings.py:112} WARNING - /home/***/.local/lib/python3.12/site-packages/***/task/task_runner/standard_task_runner.py:70: DeprecationWarning: This process (pid=4499) is multi-threaded, use of fork() may lead to deadlocks in the child.
  pid = os.fork()

[2025-04-15T01:07:51.363+0000] {standard_task_runner.py:72} INFO - Started process 4501 to run task
[2025-04-15T01:07:51.366+0000] {standard_task_runner.py:104} INFO - Running: ['***', 'tasks', 'run', 'pipeline_garrafa_stanley', 'etl_scrap', 'manual__2025-04-15T01:07:35.944088+00:00', '--job-id', '168', '--raw', '--subdir', 'DAGS_FOLDER/pipeline.py', '--cfg-path', '/tmp/tmplgrh5hed']
[2025-04-15T01:07:51.379+0000] {standard_task_runner.py:105} INFO - Job 168: Subtask etl_scrap
[2025-04-15T01:07:51.633+0000] {task_command.py:467} INFO - Running <TaskInstance: pipeline_garrafa_stanley.etl_scrap manual__2025-04-15T01:07:35.944088+00:00 [running]> on host a68e7f38875d
[2025-04-15T01:07:52.005+0000] {taskinstance.py:3134} INFO - Exporting env vars: AIRFLOW_CTX_DAG_OWNER='***' AIRFLOW_CTX_DAG_ID='pipeline_garrafa_stanley' AIRFLOW_CTX_TASK_ID='etl_scrap' AIRFLOW_CTX_EXECUTION_DATE='2025-04-15T01:07:35.944088+00:00' AIRFLOW_CTX_TRY_NUMBER='1' AIRFLOW_CTX_DAG_RUN_ID='manual__2025-04-15T01:07:35.944088+00:00'
[2025-04-15T01:07:52.009+0000] {taskinstance.py:732} INFO - ::endgroup::
[2025-04-15T01:07:52.211+0000] {logging_mixin.py:190} INFO - Leitura de '/opt/***/dags/scrap_result.csv' realizada com sucesso.
[2025-04-15T01:07:52.213+0000] {logging_mixin.py:190} INFO - Normalização dos dados realizada com sucesso.
[2025-04-15T01:07:52.215+0000] {logging_mixin.py:190} INFO - Carga realizada com sucesso na tabela 'scrappy'.
[2025-04-15T01:07:52.218+0000] {python.py:240} INFO - Done. Returned value was: None
[2025-04-15T01:07:52.263+0000] {taskinstance.py:341} INFO - ::group::Post task execution logs
[2025-04-15T01:07:52.265+0000] {taskinstance.py:353} INFO - Marking task as SUCCESS. dag_id=pipeline_garrafa_stanley, task_id=etl_scrap, run_id=manual__2025-04-15T01:07:35.944088+00:00, execution_date=20250415T010735, start_date=20250415T010751, end_date=20250415T010752
[2025-04-15T01:07:52.482+0000] {local_task_job_runner.py:266} INFO - Task exited with return code 0
[2025-04-15T01:07:52.579+0000] {taskinstance.py:3901} INFO - 1 downstream tasks scheduled from follow-on schedule check
[2025-04-15T01:07:52.590+0000] {local_task_job_runner.py:245} INFO - ::endgroup::
