[2025-04-15T00:46:00.900+0000] {local_task_job_runner.py:123} INFO - ::group::Pre task execution logs
[2025-04-15T00:46:00.978+0000] {taskinstance.py:2614} INFO - Dependencies all met for dep_context=non-requeueable deps ti=<TaskInstance: pipeline_garrafa_stanley.send_alert manual__2025-04-15T00:45:23.709523+00:00 [queued]>
[2025-04-15T00:46:01.002+0000] {taskinstance.py:2614} INFO - Dependencies all met for dep_context=requeueable deps ti=<TaskInstance: pipeline_garrafa_stanley.send_alert manual__2025-04-15T00:45:23.709523+00:00 [queued]>
[2025-04-15T00:46:01.004+0000] {taskinstance.py:2867} INFO - Starting attempt 1 of 1
[2025-04-15T00:46:01.036+0000] {taskinstance.py:2890} INFO - Executing <Task(PythonOperator): send_alert> on 2025-04-15 00:45:23.709523+00:00
[2025-04-15T00:46:01.052+0000] {warnings.py:112} WARNING - /home/***/.local/lib/python3.12/site-packages/***/task/task_runner/standard_task_runner.py:70: DeprecationWarning: This process (pid=4076) is multi-threaded, use of fork() may lead to deadlocks in the child.
  pid = os.fork()

[2025-04-15T00:46:01.056+0000] {standard_task_runner.py:72} INFO - Started process 4078 to run task
[2025-04-15T00:46:01.056+0000] {standard_task_runner.py:104} INFO - Running: ['***', 'tasks', 'run', 'pipeline_garrafa_stanley', 'send_alert', 'manual__2025-04-15T00:45:23.709523+00:00', '--job-id', '137', '--raw', '--subdir', 'DAGS_FOLDER/pipeline.py', '--cfg-path', '/tmp/tmpqmv3syrt']
[2025-04-15T00:46:01.062+0000] {standard_task_runner.py:105} INFO - Job 137: Subtask send_alert
[2025-04-15T00:46:01.223+0000] {task_command.py:467} INFO - Running <TaskInstance: pipeline_garrafa_stanley.send_alert manual__2025-04-15T00:45:23.709523+00:00 [running]> on host a68e7f38875d
[2025-04-15T00:46:01.515+0000] {taskinstance.py:3134} INFO - Exporting env vars: AIRFLOW_CTX_DAG_OWNER='***' AIRFLOW_CTX_DAG_ID='pipeline_garrafa_stanley' AIRFLOW_CTX_TASK_ID='send_alert' AIRFLOW_CTX_EXECUTION_DATE='2025-04-15T00:45:23.709523+00:00' AIRFLOW_CTX_TRY_NUMBER='1' AIRFLOW_CTX_DAG_RUN_ID='manual__2025-04-15T00:45:23.709523+00:00'
[2025-04-15T00:46:01.517+0000] {taskinstance.py:732} INFO - ::endgroup::
[2025-04-15T00:46:05.215+0000] {logging_mixin.py:190} INFO - Mensagem enviada!
[2025-04-15T00:46:05.217+0000] {python.py:240} INFO - Done. Returned value was: None
[2025-04-15T00:46:05.278+0000] {taskinstance.py:341} INFO - ::group::Post task execution logs
[2025-04-15T00:46:05.279+0000] {taskinstance.py:353} INFO - Marking task as SUCCESS. dag_id=pipeline_garrafa_stanley, task_id=send_alert, run_id=manual__2025-04-15T00:45:23.709523+00:00, execution_date=20250415T004523, start_date=20250415T004600, end_date=20250415T004605
[2025-04-15T00:46:05.450+0000] {local_task_job_runner.py:266} INFO - Task exited with return code 0
[2025-04-15T00:46:05.532+0000] {taskinstance.py:3901} INFO - 0 downstream tasks scheduled from follow-on schedule check
[2025-04-15T00:46:05.540+0000] {local_task_job_runner.py:245} INFO - ::endgroup::
