[2025-04-14T23:41:54.952+0000] {local_task_job_runner.py:123} INFO - ::group::Pre task execution logs
[2025-04-14T23:41:55.019+0000] {taskinstance.py:2614} INFO - Dependencies all met for dep_context=non-requeueable deps ti=<TaskInstance: pipeline_garrafa_stanley.scrap_magalu manual__2025-04-14T23:41:51.629619+00:00 [queued]>
[2025-04-14T23:41:55.041+0000] {taskinstance.py:2614} INFO - Dependencies all met for dep_context=requeueable deps ti=<TaskInstance: pipeline_garrafa_stanley.scrap_magalu manual__2025-04-14T23:41:51.629619+00:00 [queued]>
[2025-04-14T23:41:55.043+0000] {taskinstance.py:2867} INFO - Starting attempt 1 of 1
[2025-04-14T23:41:55.079+0000] {taskinstance.py:2890} INFO - Executing <Task(BashOperator): scrap_magalu> on 2025-04-14 23:41:51.629619+00:00
[2025-04-14T23:41:55.096+0000] {warnings.py:112} WARNING - /home/***/.local/lib/python3.12/site-packages/***/task/task_runner/standard_task_runner.py:70: DeprecationWarning: This process (pid=3012) is multi-threaded, use of fork() may lead to deadlocks in the child.
  pid = os.fork()

[2025-04-14T23:41:55.100+0000] {standard_task_runner.py:72} INFO - Started process 3014 to run task
[2025-04-14T23:41:55.102+0000] {standard_task_runner.py:104} INFO - Running: ['***', 'tasks', 'run', 'pipeline_garrafa_stanley', 'scrap_magalu', 'manual__2025-04-14T23:41:51.629619+00:00', '--job-id', '96', '--raw', '--subdir', 'DAGS_FOLDER/pipeline.py', '--cfg-path', '/tmp/tmpq6e48ae0']
[2025-04-14T23:41:55.108+0000] {standard_task_runner.py:105} INFO - Job 96: Subtask scrap_magalu
[2025-04-14T23:41:55.313+0000] {task_command.py:467} INFO - Running <TaskInstance: pipeline_garrafa_stanley.scrap_magalu manual__2025-04-14T23:41:51.629619+00:00 [running]> on host a68e7f38875d
[2025-04-14T23:41:55.714+0000] {taskinstance.py:3134} INFO - Exporting env vars: AIRFLOW_CTX_DAG_OWNER='Mário Kojima' AIRFLOW_CTX_DAG_ID='pipeline_garrafa_stanley' AIRFLOW_CTX_TASK_ID='scrap_magalu' AIRFLOW_CTX_EXECUTION_DATE='2025-04-14T23:41:51.629619+00:00' AIRFLOW_CTX_TRY_NUMBER='1' AIRFLOW_CTX_DAG_RUN_ID='manual__2025-04-14T23:41:51.629619+00:00'
[2025-04-14T23:41:55.729+0000] {taskinstance.py:732} INFO - ::endgroup::
[2025-04-14T23:41:55.776+0000] {subprocess.py:78} INFO - Tmp dir root location: /tmp
[2025-04-14T23:41:55.786+0000] {subprocess.py:88} INFO - Running command: ['/usr/bin/bash', '-c', 'scrapy runspider /opt/***/dags/scrap_magalu.py -O /opt/***/dags/scrap_result.csv']
[2025-04-14T23:41:55.831+0000] {subprocess.py:99} INFO - Output:
[2025-04-14T23:41:58.341+0000] {subprocess.py:106} INFO - 2025-04-14 23:41:58 [scrapy.utils.log] INFO: Scrapy 2.12.0 started (bot: scrapybot)
[2025-04-14T23:41:58.348+0000] {subprocess.py:106} INFO - 2025-04-14 23:41:58 [scrapy.utils.log] INFO: Versions: lxml 5.3.0.0, libxml2 2.12.9, cssselect 1.3.0, parsel 1.10.0, w3lib 2.3.1, Twisted 24.11.0, Python 3.12.9 (main, Feb  6 2025, 22:37:05) [GCC 12.2.0], pyOpenSSL 24.3.0 (OpenSSL 3.2.2 4 Jun 2024), cryptography 42.0.8, Platform Linux-5.10.76-linuxkit-x86_64-with-glibc2.36
[2025-04-14T23:41:58.365+0000] {subprocess.py:106} INFO - 2025-04-14 23:41:58 [scrapy.addons] INFO: Enabled addons:
[2025-04-14T23:41:58.372+0000] {subprocess.py:106} INFO - []
[2025-04-14T23:41:58.375+0000] {subprocess.py:106} INFO - 2025-04-14 23:41:58 [scrapy.utils.log] DEBUG: Using reactor: twisted.internet.epollreactor.EPollReactor
[2025-04-14T23:41:58.379+0000] {subprocess.py:106} INFO - 2025-04-14 23:41:58 [scrapy.extensions.telnet] INFO: Telnet Password: 83b62ecc333877cf
[2025-04-14T23:41:58.467+0000] {subprocess.py:106} INFO - 2025-04-14 23:41:58 [scrapy.middleware] INFO: Enabled extensions:
[2025-04-14T23:41:58.470+0000] {subprocess.py:106} INFO - ['scrapy.extensions.corestats.CoreStats',
[2025-04-14T23:41:58.472+0000] {subprocess.py:106} INFO -  'scrapy.extensions.telnet.TelnetConsole',
[2025-04-14T23:41:58.474+0000] {subprocess.py:106} INFO -  'scrapy.extensions.memusage.MemoryUsage',
[2025-04-14T23:41:58.476+0000] {subprocess.py:106} INFO -  'scrapy.extensions.feedexport.FeedExporter',
[2025-04-14T23:41:58.478+0000] {subprocess.py:106} INFO -  'scrapy.extensions.logstats.LogStats']
[2025-04-14T23:41:58.481+0000] {subprocess.py:106} INFO - 2025-04-14 23:41:58 [scrapy.crawler] INFO: Overridden settings:
[2025-04-14T23:41:58.483+0000] {subprocess.py:106} INFO - {'SPIDER_LOADER_WARN_ONLY': True,
[2025-04-14T23:41:58.485+0000] {subprocess.py:106} INFO -  'USER_AGENT': 'Mozilla/5.0 (X11; Linux x86_64) AppleWebKit/537.36 (KHTML, '
[2025-04-14T23:41:58.487+0000] {subprocess.py:106} INFO -                'like Gecko) Chrome/51.0.2704.103 Safari/537.36'}
[2025-04-14T23:41:58.881+0000] {subprocess.py:106} INFO - 2025-04-14 23:41:58 [scrapy.middleware] INFO: Enabled downloader middlewares:
[2025-04-14T23:41:58.883+0000] {subprocess.py:106} INFO - ['scrapy.downloadermiddlewares.offsite.OffsiteMiddleware',
[2025-04-14T23:41:58.886+0000] {subprocess.py:106} INFO -  'scrapy.downloadermiddlewares.httpauth.HttpAuthMiddleware',
[2025-04-14T23:41:58.889+0000] {subprocess.py:106} INFO -  'scrapy.downloadermiddlewares.downloadtimeout.DownloadTimeoutMiddleware',
[2025-04-14T23:41:58.892+0000] {subprocess.py:106} INFO -  'scrapy.downloadermiddlewares.defaultheaders.DefaultHeadersMiddleware',
[2025-04-14T23:41:58.894+0000] {subprocess.py:106} INFO -  'scrapy.downloadermiddlewares.useragent.UserAgentMiddleware',
[2025-04-14T23:41:58.896+0000] {subprocess.py:106} INFO -  'scrapy.downloadermiddlewares.retry.RetryMiddleware',
[2025-04-14T23:41:58.899+0000] {subprocess.py:106} INFO -  'scrapy.downloadermiddlewares.redirect.MetaRefreshMiddleware',
[2025-04-14T23:41:58.902+0000] {subprocess.py:106} INFO -  'scrapy.downloadermiddlewares.httpcompression.HttpCompressionMiddleware',
[2025-04-14T23:41:58.905+0000] {subprocess.py:106} INFO -  'scrapy.downloadermiddlewares.redirect.RedirectMiddleware',
[2025-04-14T23:41:58.908+0000] {subprocess.py:106} INFO -  'scrapy.downloadermiddlewares.cookies.CookiesMiddleware',
[2025-04-14T23:41:58.912+0000] {subprocess.py:106} INFO -  'scrapy.downloadermiddlewares.httpproxy.HttpProxyMiddleware',
[2025-04-14T23:41:58.914+0000] {subprocess.py:106} INFO -  'scrapy.downloadermiddlewares.stats.DownloaderStats']
[2025-04-14T23:41:58.916+0000] {subprocess.py:106} INFO - 2025-04-14 23:41:58 [scrapy.middleware] INFO: Enabled spider middlewares:
[2025-04-14T23:41:58.921+0000] {subprocess.py:106} INFO - ['scrapy.spidermiddlewares.httperror.HttpErrorMiddleware',
[2025-04-14T23:41:58.931+0000] {subprocess.py:106} INFO -  'scrapy.spidermiddlewares.referer.RefererMiddleware',
[2025-04-14T23:41:58.935+0000] {subprocess.py:106} INFO -  'scrapy.spidermiddlewares.urllength.UrlLengthMiddleware',
[2025-04-14T23:41:58.940+0000] {subprocess.py:106} INFO -  'scrapy.spidermiddlewares.depth.DepthMiddleware']
[2025-04-14T23:41:58.949+0000] {subprocess.py:106} INFO - 2025-04-14 23:41:58 [scrapy.middleware] INFO: Enabled item pipelines:
[2025-04-14T23:41:58.952+0000] {subprocess.py:106} INFO - []
[2025-04-14T23:41:58.955+0000] {subprocess.py:106} INFO - 2025-04-14 23:41:58 [scrapy.core.engine] INFO: Spider opened
[2025-04-14T23:41:58.958+0000] {subprocess.py:106} INFO - 2025-04-14 23:41:58 [scrapy.extensions.logstats] INFO: Crawled 0 pages (at 0 pages/min), scraped 0 items (at 0 items/min)
[2025-04-14T23:41:58.961+0000] {subprocess.py:106} INFO - 2025-04-14 23:41:58 [scrapy.extensions.telnet] INFO: Telnet console listening on 127.0.0.1:6023
[2025-04-14T23:42:00.575+0000] {subprocess.py:106} INFO - 2025-04-14 23:42:00 [scrapy.core.engine] DEBUG: Crawled (200) <GET https://www.magazineluiza.com.br/busca/garrafa+stanley+aerolight+fast+flow/?page=1> (referer: None)
[2025-04-14T23:42:02.031+0000] {subprocess.py:106} INFO - 2025-04-14 23:42:02 [scrapy.core.engine] DEBUG: Crawled (200) <GET https://www.magazineluiza.com.br/busca/garrafa+stanley+aerolight+fast+flow/?page=1?page=1> (referer: https://www.magazineluiza.com.br/busca/garrafa+stanley+aerolight+fast+flow/?page=1)
[2025-04-14T23:42:02.207+0000] {subprocess.py:106} INFO - 2025-04-14 23:42:02 [scrapy.core.scraper] DEBUG: Scraped from <200 https://www.magazineluiza.com.br/busca/garrafa+stanley+aerolight+fast+flow/?page=1?page=1>
[2025-04-14T23:42:02.209+0000] {subprocess.py:106} INFO - {'title': 'GARRAFA STANLEY AEROLIGHT FAST FLOW 1.1Lt ORIGINAL TODAS AS CORES', 'price': 'R$\xa0332,00', 'review': '4.2 (6)', 'store': 'Magazine Luiza'}
[2025-04-14T23:42:02.218+0000] {subprocess.py:106} INFO - 2025-04-14 23:42:02 [scrapy.core.scraper] DEBUG: Scraped from <200 https://www.magazineluiza.com.br/busca/garrafa+stanley+aerolight+fast+flow/?page=1?page=1>
[2025-04-14T23:42:02.221+0000] {subprocess.py:106} INFO - {'title': 'Garrafa stanley aerolight fast flow 710ml original todas as cores', 'price': 'R$\xa0304,10', 'review': '5.0 (1)', 'store': 'Magazine Luiza'}
[2025-04-14T23:42:02.233+0000] {subprocess.py:106} INFO - 2025-04-14 23:42:02 [scrapy.core.scraper] DEBUG: Scraped from <200 https://www.magazineluiza.com.br/busca/garrafa+stanley+aerolight+fast+flow/?page=1?page=1>
[2025-04-14T23:42:02.236+0000] {subprocess.py:106} INFO - {'title': 'Garrafa Térmica Aerolight Stanley Fast Flow 710ml - Matte Black', 'price': 'R$\xa0287,37', 'review': '5.0 (1)', 'store': 'Magazine Luiza'}
[2025-04-14T23:42:02.239+0000] {subprocess.py:106} INFO - 2025-04-14 23:42:02 [scrapy.core.scraper] DEBUG: Scraped from <200 https://www.magazineluiza.com.br/busca/garrafa+stanley+aerolight+fast+flow/?page=1?page=1>
[2025-04-14T23:42:02.242+0000] {subprocess.py:106} INFO - {'title': 'Garrafa Térmica Stanley Aerolight Fast Flow Lavender 710ML - STANLEY PMI', 'price': 'R$\xa0289,97', 'review': None, 'store': 'Magazine Luiza'}
[2025-04-14T23:42:02.245+0000] {subprocess.py:106} INFO - 2025-04-14 23:42:02 [scrapy.core.scraper] DEBUG: Scraped from <200 https://www.magazineluiza.com.br/busca/garrafa+stanley+aerolight+fast+flow/?page=1?page=1>
[2025-04-14T23:42:02.251+0000] {subprocess.py:106} INFO - {'title': 'Stanley Garrafa Térmica Aerolight Original Fast Flow Branco Polar 710ml', 'price': 'R$\xa0332,10', 'review': None, 'store': 'Magazine Luiza'}
[2025-04-14T23:42:02.258+0000] {subprocess.py:106} INFO - 2025-04-14 23:42:02 [scrapy.core.scraper] DEBUG: Scraped from <200 https://www.magazineluiza.com.br/busca/garrafa+stanley+aerolight+fast+flow/?page=1?page=1>
[2025-04-14T23:42:02.261+0000] {subprocess.py:106} INFO - {'title': 'Garrafa Térmica Aerolight Stanley Fast Flow 1,1L - Tigerlily', 'price': 'R$\xa0315,27', 'review': '5.0 (1)', 'store': 'Magazine Luiza'}
[2025-04-14T23:42:02.264+0000] {subprocess.py:106} INFO - 2025-04-14 23:42:02 [scrapy.core.scraper] DEBUG: Scraped from <200 https://www.magazineluiza.com.br/busca/garrafa+stanley+aerolight+fast+flow/?page=1?page=1>
[2025-04-14T23:42:02.266+0000] {subprocess.py:106} INFO - {'title': 'Garrafa Térmica Stanley Aerolight Fast Flow 1.1L Pink', 'price': 'R$\xa0289,23', 'review': None, 'store': 'Magazine Luiza'}
[2025-04-14T23:42:02.271+0000] {subprocess.py:106} INFO - 2025-04-14 23:42:02 [scrapy.core.scraper] DEBUG: Scraped from <200 https://www.magazineluiza.com.br/busca/garrafa+stanley+aerolight+fast+flow/?page=1?page=1>
[2025-04-14T23:42:02.277+0000] {subprocess.py:106} INFO - {'title': 'Garrafa Térmica Aerolight Fast Flow Matte Black 1,1L Stanley', 'price': 'R$\xa0351,23', 'review': '4.2 (6)', 'store': 'Magazine Luiza'}
[2025-04-14T23:42:02.284+0000] {subprocess.py:106} INFO - 2025-04-14 23:42:02 [scrapy.core.scraper] DEBUG: Scraped from <200 https://www.magazineluiza.com.br/busca/garrafa+stanley+aerolight+fast+flow/?page=1?page=1>
[2025-04-14T23:42:02.289+0000] {subprocess.py:106} INFO - {'title': 'Garrafa Térmica Stanley Aerolight Fast Flow Matte Black 710ML', 'price': 'R$\xa0272,49', 'review': '5.0 (1)', 'store': 'Magazine Luiza'}
[2025-04-14T23:42:02.298+0000] {subprocess.py:106} INFO - 2025-04-14 23:42:02 [scrapy.core.scraper] DEBUG: Scraped from <200 https://www.magazineluiza.com.br/busca/garrafa+stanley+aerolight+fast+flow/?page=1?page=1>
[2025-04-14T23:42:02.300+0000] {subprocess.py:106} INFO - {'title': 'Garrafa Térmica Aerolight Stanley Fast Flow 710ml - Lavender', 'price': 'R$\xa0287,37', 'review': None, 'store': 'Magazine Luiza'}
[2025-04-14T23:42:02.304+0000] {subprocess.py:106} INFO - 2025-04-14 23:42:02 [scrapy.core.engine] DEBUG: Crawled (200) <GET https://www.magazineluiza.com.br/busca/garrafa+stanley+aerolight+fast+flow/?page=1?page=2> (referer: https://www.magazineluiza.com.br/busca/garrafa+stanley+aerolight+fast+flow/?page=1)
[2025-04-14T23:42:02.311+0000] {subprocess.py:106} INFO - 2025-04-14 23:42:02 [scrapy.core.scraper] DEBUG: Scraped from <200 https://www.magazineluiza.com.br/busca/garrafa+stanley+aerolight+fast+flow/?page=1?page=1>
[2025-04-14T23:42:02.317+0000] {subprocess.py:106} INFO - {'title': 'Garrafa Térmica Stanley Aerolight Fast Flow Branco Polar 1,1 Litros', 'price': 'R$\xa0299,46', 'review': None, 'store': 'Magazine Luiza'}
[2025-04-14T23:42:02.319+0000] {subprocess.py:106} INFO - 2025-04-14 23:42:02 [scrapy.core.scraper] DEBUG: Scraped from <200 https://www.magazineluiza.com.br/busca/garrafa+stanley+aerolight+fast+flow/?page=1?page=1>
[2025-04-14T23:42:02.322+0000] {subprocess.py:106} INFO - {'title': 'Garrafa Térmica Aerolight Stanley Fast Flow 1,1L - Citron', 'price': 'R$\xa0315,27', 'review': None, 'store': 'Magazine Luiza'}
[2025-04-14T23:42:02.325+0000] {subprocess.py:106} INFO - 2025-04-14 23:42:02 [scrapy.core.scraper] DEBUG: Scraped from <200 https://www.magazineluiza.com.br/busca/garrafa+stanley+aerolight+fast+flow/?page=1?page=1>
[2025-04-14T23:42:02.327+0000] {subprocess.py:106} INFO - {'title': 'Garrafa Térmica Aerolight Stanley Fast Flow 1,1L - Polar', 'price': 'R$\xa0315,27', 'review': None, 'store': 'Magazine Luiza'}
[2025-04-14T23:42:02.331+0000] {subprocess.py:106} INFO - 2025-04-14 23:42:02 [scrapy.core.scraper] DEBUG: Scraped from <200 https://www.magazineluiza.com.br/busca/garrafa+stanley+aerolight+fast+flow/?page=1?page=1>
[2025-04-14T23:42:02.340+0000] {subprocess.py:106} INFO - {'title': 'Garrafa Térmica Stanley Aerolight Fast Flow Citron 710ML', 'price': 'R$\xa0272,49', 'review': None, 'store': 'Magazine Luiza'}
[2025-04-14T23:42:02.345+0000] {subprocess.py:106} INFO - 2025-04-14 23:42:02 [scrapy.core.scraper] DEBUG: Scraped from <200 https://www.magazineluiza.com.br/busca/garrafa+stanley+aerolight+fast+flow/?page=1?page=1>
[2025-04-14T23:42:02.351+0000] {subprocess.py:106} INFO - {'title': 'Garrafa Térmica Stanley Aerolight Fast Flow Original Laranja Tigerlily 1,1 L', 'price': 'R$\xa0379,00', 'review': '5.0 (1)', 'store': 'Magazine Luiza'}
[2025-04-14T23:42:02.356+0000] {subprocess.py:106} INFO - 2025-04-14 23:42:02 [scrapy.core.scraper] DEBUG: Scraped from <200 https://www.magazineluiza.com.br/busca/garrafa+stanley+aerolight+fast+flow/?page=1?page=1>
[2025-04-14T23:42:02.359+0000] {subprocess.py:106} INFO - {'title': 'Garrafa Térmica Aerolight Laranja Fast Flow Tigerlily 1,1L Stanley', 'price': 'R$\xa0344,01', 'review': '5.0 (1)', 'store': 'Magazine Luiza'}
[2025-04-14T23:42:02.364+0000] {subprocess.py:106} INFO - 2025-04-14 23:42:02 [scrapy.core.scraper] DEBUG: Scraped from <200 https://www.magazineluiza.com.br/busca/garrafa+stanley+aerolight+fast+flow/?page=1?page=1>
[2025-04-14T23:42:02.366+0000] {subprocess.py:106} INFO - {'title': 'Garrafa stanley térmica aerolight fast flow em aço inox 710ml lavender 08241-00', 'price': 'R$\xa0324,57', 'review': None, 'store': 'Magazine Luiza'}
[2025-04-14T23:42:02.368+0000] {subprocess.py:106} INFO - 2025-04-14 23:42:02 [scrapy.core.scraper] DEBUG: Scraped from <200 https://www.magazineluiza.com.br/busca/garrafa+stanley+aerolight+fast+flow/?page=1?page=1>
[2025-04-14T23:42:02.372+0000] {subprocess.py:106} INFO - {'title': 'Garrafa stanley térmica aerolight fast flow 1,1 litros laranja tigerlily 08242-00', 'price': 'R$\xa0343,17', 'review': '5.0 (1)', 'store': 'Magazine Luiza'}
[2025-04-14T23:42:02.378+0000] {subprocess.py:106} INFO - 2025-04-14 23:42:02 [scrapy.core.scraper] DEBUG: Scraped from <200 https://www.magazineluiza.com.br/busca/garrafa+stanley+aerolight+fast+flow/?page=1?page=1>
[2025-04-14T23:42:02.390+0000] {subprocess.py:106} INFO - {'title': 'Garrafa Térmica Stanley Aerolight Fast Flow 710ml Rosa Claro', 'price': 'R$\xa0268,57', 'review': None, 'store': 'Magazine Luiza'}
[2025-04-14T23:42:02.392+0000] {subprocess.py:106} INFO - 2025-04-14 23:42:02 [scrapy.core.scraper] DEBUG: Scraped from <200 https://www.magazineluiza.com.br/busca/garrafa+stanley+aerolight+fast+flow/?page=1?page=1>
[2025-04-14T23:42:02.413+0000] {subprocess.py:106} INFO - {'title': 'Garrafa Térmica Stanley Aerolight Fast Flow 1.1L Verde Água', 'price': 'R$\xa0289,23', 'review': None, 'store': 'Magazine Luiza'}
[2025-04-14T23:42:02.421+0000] {subprocess.py:106} INFO - 2025-04-14 23:42:02 [scrapy.core.scraper] DEBUG: Scraped from <200 https://www.magazineluiza.com.br/busca/garrafa+stanley+aerolight+fast+flow/?page=1?page=1>
[2025-04-14T23:42:02.425+0000] {subprocess.py:106} INFO - {'title': 'Garrafa Térmica Stanley Aerolight Fast Flow Branco Polar 1,1 Litros - STANLEY PMI', 'price': 'R$\xa0399,00', 'review': None, 'store': 'Magazine Luiza'}
[2025-04-14T23:42:02.428+0000] {subprocess.py:106} INFO - 2025-04-14 23:42:02 [scrapy.core.scraper] DEBUG: Scraped from <200 https://www.magazineluiza.com.br/busca/garrafa+stanley+aerolight+fast+flow/?page=1?page=1>
[2025-04-14T23:42:02.431+0000] {subprocess.py:106} INFO - {'title': 'Garrafa Térmica Stanley Aerolight Fast Flow Matte Black 710ML - STANLEY PMI', 'price': 'R$\xa0365,00', 'review': '5.0 (1)', 'store': 'Magazine Luiza'}
[2025-04-14T23:42:02.435+0000] {subprocess.py:106} INFO - 2025-04-14 23:42:02 [scrapy.core.scraper] DEBUG: Scraped from <200 https://www.magazineluiza.com.br/busca/garrafa+stanley+aerolight+fast+flow/?page=1?page=1>
[2025-04-14T23:42:02.438+0000] {subprocess.py:106} INFO - {'title': 'Garrafa stanley térmica aerolight fast flow em aço inox 710ml laranja tigerlily 08204-00', 'price': 'R$\xa0324,57', 'review': None, 'store': 'Magazine Luiza'}
[2025-04-14T23:42:02.445+0000] {subprocess.py:106} INFO - **************************************************
[2025-04-14T23:42:02.448+0000] {subprocess.py:106} INFO - 2
[2025-04-14T23:42:02.451+0000] {subprocess.py:106} INFO - **************************************************
[2025-04-14T23:42:02.458+0000] {subprocess.py:106} INFO - https://www.magazineluiza.com.br/busca/garrafa+stanley+aerolight+fast+flow/?page=1?page=1
[2025-04-14T23:42:02.461+0000] {subprocess.py:106} INFO - blocos
[2025-04-14T23:42:02.464+0000] {subprocess.py:106} INFO - [<Selector query='//div[@data-testid="product-list"]//li' data='<li class="sc-hwhrDX ghzctf"><a href=...'>, <Selector query='//div[@data-testid="product-list"]//li' data='<li class="sc-hwhrDX ghzctf"><a href=...'>, <Selector query='//div[@data-testid="product-list"]//li' data='<li class="sc-hwhrDX ghzctf"><a href=...'>, <Selector query='//div[@data-testid="product-list"]//li' data='<li class="sc-hwhrDX ghzctf"><a href=...'>, <Selector query='//div[@data-testid="product-list"]//li' data='<li class="sc-hwhrDX ghzctf"><a href=...'>, <Selector query='//div[@data-testid="product-list"]//li' data='<li class="sc-hwhrDX ghzctf"><a href=...'>, <Selector query='//div[@data-testid="product-list"]//li' data='<li class="sc-hwhrDX ghzctf"><a href=...'>, <Selector query='//div[@data-testid="product-list"]//li' data='<li class="sc-hwhrDX ghzctf"><a href=...'>, <Selector query='//div[@data-testid="product-list"]//li' data='<li class="sc-hwhrDX ghzctf"><a href=...'>, <Selector query='//div[@data-testid="product-list"]//li' data='<li class="sc-hwhrDX ghzctf"><a href=...'>, <Selector query='//div[@data-testid="product-list"]//li' data='<li class="sc-hwhrDX ghzctf"><a href=...'>, <Selector query='//div[@data-testid="product-list"]//li' data='<li class="sc-hwhrDX ghzctf"><a href=...'>, <Selector query='//div[@data-testid="product-list"]//li' data='<li class="sc-hwhrDX ghzctf"><a href=...'>, <Selector query='//div[@data-testid="product-list"]//li' data='<li class="sc-hwhrDX ghzctf"><a href=...'>, <Selector query='//div[@data-testid="product-list"]//li' data='<li class="sc-hwhrDX ghzctf"><a href=...'>, <Selector query='//div[@data-testid="product-list"]//li' data='<li class="sc-hwhrDX ghzctf"><a href=...'>, <Selector query='//div[@data-testid="product-list"]//li' data='<li class="sc-hwhrDX ghzctf"><a href=...'>, <Selector query='//div[@data-testid="product-list"]//li' data='<li class="sc-hwhrDX ghzctf"><a href=...'>, <Selector query='//div[@data-testid="product-list"]//li' data='<li class="sc-hwhrDX ghzctf"><a href=...'>, <Selector query='//div[@data-testid="product-list"]//li' data='<li class="sc-hwhrDX ghzctf"><a href=...'>, <Selector query='//div[@data-testid="product-list"]//li' data='<li class="sc-hwhrDX ghzctf"><a href=...'>, <Selector query='//div[@data-testid="product-list"]//li' data='<li class="sc-hwhrDX ghzctf"><a href=...'>, <Selector query='//div[@data-testid="product-list"]//li' data='<li class="sc-hwhrDX ghzctf"><a href=...'>, <Selector query='//div[@data-testid="product-list"]//li' data='<li class="sc-hwhrDX ghzctf"><a href=...'>, <Selector query='//div[@data-testid="product-list"]//li' data='<li class="sc-hwhrDX ghzctf"><a href=...'>, <Selector query='//div[@data-testid="product-list"]//li' data='<li class="sc-hwhrDX ghzctf"><a href=...'>, <Selector query='//div[@data-testid="product-list"]//li' data='<li class="sc-hwhrDX ghzctf"><a href=...'>, <Selector query='//div[@data-testid="product-list"]//li' data='<li class="sc-hwhrDX ghzctf"><a href=...'>, <Selector query='//div[@data-testid="product-list"]//li' data='<li class="sc-hwhrDX ghzctf"><a href=...'>, <Selector query='//div[@data-testid="product-list"]//li' data='<li class="sc-hwhrDX ghzctf"><a href=...'>, <Selector query='//div[@data-testid="product-list"]//li' data='<li class="sc-hwhrDX ghzctf"><a href=...'>, <Selector query='//div[@data-testid="product-list"]//li' data='<li class="sc-hwhrDX ghzctf"><a href=...'>, <Selector query='//div[@data-testid="product-list"]//li' data='<li class="sc-hwhrDX ghzctf"><a href=...'>, <Selector query='//div[@data-testid="product-list"]//li' data='<li class="sc-hwhrDX ghzctf"><a href=...'>, <Selector query='//div[@data-testid="product-list"]//li' data='<li class="sc-hwhrDX ghzctf"><a href=...'>, <Selector query='//div[@data-testid="product-list"]//li' data='<li class="sc-hwhrDX ghzctf"><a href=...'>, <Selector query='//div[@data-testid="product-list"]//li' data='<li class="sc-hwhrDX ghzctf"><a href=...'>, <Selector query='//div[@data-testid="product-list"]//li' data='<li class="sc-hwhrDX ghzctf"><a href=...'>, <Selector query='//div[@data-testid="product-list"]//li' data='<li class="sc-hwhrDX ghzctf"><a href=...'>, <Selector query='//div[@data-testid="product-list"]//li' data='<li class="sc-hwhrDX ghzctf"><a href=...'>, <Selector query='//div[@data-testid="product-list"]//li' data='<li class="sc-hwhrDX ghzctf"><a href=...'>, <Selector query='//div[@data-testid="product-list"]//li' data='<li class="sc-hwhrDX ghzctf"><a href=...'>, <Selector query='//div[@data-testid="product-list"]//li' data='<li class="sc-hwhrDX ghzctf"><a href=...'>, <Selector query='//div[@data-testid="product-list"]//li' data='<li class="sc-hwhrDX ghzctf"><a href=...'>, <Selector query='//div[@data-testid="product-list"]//li' data='<li class="sc-hwhrDX ghzctf"><a href=...'>, <Selector query='//div[@data-testid="product-list"]//li' data='<li class="sc-hwhrDX ghzctf"><a href=...'>, <Selector query='//div[@data-testid="product-list"]//li' data='<li class="sc-hwhrDX ghzctf"><a href=...'>, <Selector query='//div[@data-testid="product-list"]//li' data='<li class="sc-hwhrDX ghzctf"><a href=...'>, <Selector query='//div[@data-testid="product-list"]//li' data='<li class="sc-hwhrDX ghzctf"><a href=...'>, <Selector query='//div[@data-testid="product-list"]//li' data='<li class="sc-hwhrDX ghzctf"><a href=...'>, <Selector query='//div[@data-testid="product-list"]//li' data='<li class="sc-hwhrDX ghzctf"><a href=...'>, <Selector query='//div[@data-testid="product-list"]//li' data='<li class="sc-hwhrDX ghzctf"><a href=...'>, <Selector query='//div[@data-testid="product-list"]//li' data='<li class="sc-hwhrDX ghzctf"><a href=...'>, <Selector query='//div[@data-testid="product-list"]//li' data='<li class="sc-hwhrDX ghzctf"><a href=...'>, <Selector query='//div[@data-testid="product-list"]//li' data='<li class="sc-hwhrDX ghzctf"><a href=...'>]
[2025-04-14T23:42:02.469+0000] {subprocess.py:106} INFO - GARRAFA STANLEY AEROLIGHT FAST FLOW 1.1Lt ORIGINAL TODAS AS CORES
[2025-04-14T23:42:02.473+0000] {subprocess.py:106} INFO - [R$ 332,00]
[2025-04-14T23:42:02.476+0000] {subprocess.py:106} INFO - 4.2 (6)
[2025-04-14T23:42:02.479+0000] {subprocess.py:106} INFO - Garrafa stanley aerolight fast flow 710ml original todas as cores
[2025-04-14T23:42:02.482+0000] {subprocess.py:106} INFO - [R$ 304,10]
[2025-04-14T23:42:02.484+0000] {subprocess.py:106} INFO - 5.0 (1)
[2025-04-14T23:42:02.487+0000] {subprocess.py:106} INFO - Garrafa Térmica Aerolight Stanley Fast Flow 710ml - Matte Black
[2025-04-14T23:42:02.489+0000] {subprocess.py:106} INFO - [R$ 287,37]
[2025-04-14T23:42:02.491+0000] {subprocess.py:106} INFO - 5.0 (1)
[2025-04-14T23:42:02.494+0000] {subprocess.py:106} INFO - Garrafa Térmica Stanley Aerolight Fast Flow Lavender 710ML - STANLEY PMI
[2025-04-14T23:42:02.497+0000] {subprocess.py:106} INFO - [R$ 289,97]
[2025-04-14T23:42:02.500+0000] {subprocess.py:106} INFO - None
[2025-04-14T23:42:02.503+0000] {subprocess.py:106} INFO - Stanley Garrafa Térmica Aerolight Original Fast Flow Branco Polar 710ml
[2025-04-14T23:42:02.506+0000] {subprocess.py:106} INFO - [R$ 332,10]
[2025-04-14T23:42:02.509+0000] {subprocess.py:106} INFO - None
[2025-04-14T23:42:02.512+0000] {subprocess.py:106} INFO - Garrafa Térmica Aerolight Stanley Fast Flow 1,1L - Tigerlily
[2025-04-14T23:42:02.514+0000] {subprocess.py:106} INFO - [R$ 315,27]
[2025-04-14T23:42:02.517+0000] {subprocess.py:106} INFO - 5.0 (1)
[2025-04-14T23:42:02.519+0000] {subprocess.py:106} INFO - Garrafa Térmica Stanley Aerolight Fast Flow 1.1L Pink
[2025-04-14T23:42:02.521+0000] {subprocess.py:106} INFO - [R$ 289,23]
[2025-04-14T23:42:02.523+0000] {subprocess.py:106} INFO - None
[2025-04-14T23:42:02.525+0000] {subprocess.py:106} INFO - Garrafa Térmica Aerolight Fast Flow Matte Black 1,1L Stanley
[2025-04-14T23:42:02.527+0000] {subprocess.py:106} INFO - [R$ 351,23]
[2025-04-14T23:42:02.528+0000] {subprocess.py:106} INFO - 4.2 (6)
[2025-04-14T23:42:02.530+0000] {subprocess.py:106} INFO - Garrafa Térmica Stanley Aerolight Fast Flow Matte Black 710ML
[2025-04-14T23:42:02.532+0000] {subprocess.py:106} INFO - [R$ 272,49]
[2025-04-14T23:42:02.537+0000] {subprocess.py:106} INFO - 5.0 (1)
[2025-04-14T23:42:02.539+0000] {subprocess.py:106} INFO - Garrafa Térmica Aerolight Stanley Fast Flow 710ml - Lavender
[2025-04-14T23:42:02.541+0000] {subprocess.py:106} INFO - [R$ 287,37]
[2025-04-14T23:42:02.543+0000] {subprocess.py:106} INFO - None
[2025-04-14T23:42:02.545+0000] {subprocess.py:106} INFO - Garrafa Térmica Stanley Aerolight Fast Flow Branco Polar 1,1 Litros
[2025-04-14T23:42:02.546+0000] {subprocess.py:106} INFO - [R$ 299,46]
[2025-04-14T23:42:02.548+0000] {subprocess.py:106} INFO - None
[2025-04-14T23:42:02.550+0000] {subprocess.py:106} INFO - Garrafa Térmica Aerolight Stanley Fast Flow 1,1L - Citron
[2025-04-14T23:42:02.552+0000] {subprocess.py:106} INFO - [R$ 315,27]
[2025-04-14T23:42:02.554+0000] {subprocess.py:106} INFO - None
[2025-04-14T23:42:02.556+0000] {subprocess.py:106} INFO - Garrafa Térmica Aerolight Stanley Fast Flow 1,1L - Polar
[2025-04-14T23:42:02.558+0000] {subprocess.py:106} INFO - [R$ 315,27]
[2025-04-14T23:42:02.560+0000] {subprocess.py:106} INFO - None
[2025-04-14T23:42:02.561+0000] {subprocess.py:106} INFO - Garrafa Térmica Stanley Aerolight Fast Flow Citron 710ML
[2025-04-14T23:42:02.563+0000] {subprocess.py:106} INFO - [R$ 272,49]
[2025-04-14T23:42:02.564+0000] {subprocess.py:106} INFO - None
[2025-04-14T23:42:02.566+0000] {subprocess.py:106} INFO - Garrafa Térmica Stanley Aerolight Fast Flow Original Laranja Tigerlily 1,1 L
[2025-04-14T23:42:02.568+0000] {subprocess.py:106} INFO - [R$ 379,00]
[2025-04-14T23:42:02.570+0000] {subprocess.py:106} INFO - 5.0 (1)
[2025-04-14T23:42:02.571+0000] {subprocess.py:106} INFO - Garrafa Térmica Aerolight Laranja Fast Flow Tigerlily 1,1L Stanley
[2025-04-14T23:42:02.573+0000] {subprocess.py:106} INFO - [R$ 344,01]
[2025-04-14T23:42:02.575+0000] {subprocess.py:106} INFO - 5.0 (1)
[2025-04-14T23:42:02.577+0000] {subprocess.py:106} INFO - Garrafa stanley térmica aerolight fast flow em aço inox 710ml lavender 08241-00
[2025-04-14T23:42:02.580+0000] {subprocess.py:106} INFO - [R$ 324,57]
[2025-04-14T23:42:02.582+0000] {subprocess.py:106} INFO - None
[2025-04-14T23:42:02.584+0000] {subprocess.py:106} INFO - Garrafa stanley térmica aerolight fast flow 1,1 litros laranja tigerlily 08242-00
[2025-04-14T23:42:02.586+0000] {subprocess.py:106} INFO - [R$ 343,17]
[2025-04-14T23:42:02.588+0000] {subprocess.py:106} INFO - 5.0 (1)
[2025-04-14T23:42:02.590+0000] {subprocess.py:106} INFO - Garrafa Térmica Stanley Aerolight Fast Flow 710ml Rosa Claro
[2025-04-14T23:42:02.592+0000] {subprocess.py:106} INFO - [R$ 268,57]
[2025-04-14T23:42:02.594+0000] {subprocess.py:106} INFO - None
[2025-04-14T23:42:02.596+0000] {subprocess.py:106} INFO - Garrafa Térmica Stanley Aerolight Fast Flow 1.1L Verde Água
[2025-04-14T23:42:02.598+0000] {subprocess.py:106} INFO - [R$ 289,23]
[2025-04-14T23:42:02.600+0000] {subprocess.py:106} INFO - None
[2025-04-14T23:42:02.602+0000] {subprocess.py:106} INFO - Garrafa Térmica Stanley Aerolight Fast Flow Branco Polar 1,1 Litros - STANLEY PMI
[2025-04-14T23:42:02.603+0000] {subprocess.py:106} INFO - [R$ 399,00]
[2025-04-14T23:42:02.605+0000] {subprocess.py:106} INFO - None
[2025-04-14T23:42:02.606+0000] {subprocess.py:106} INFO - Garrafa Térmica Stanley Aerolight Fast Flow Matte Black 710ML - STANLEY PMI
[2025-04-14T23:42:02.608+0000] {subprocess.py:106} INFO - [R$ 365,00]
[2025-04-14T23:42:02.610+0000] {subprocess.py:106} INFO - 5.0 (1)
[2025-04-14T23:42:02.611+0000] {subprocess.py:106} INFO - Garrafa stanley térmica aerolight fast flow em aço inox 710ml laranja tigerlily 08204-00
[2025-04-14T23:42:02.613+0000] {subprocess.py:106} INFO - [R$ 324,57]
[2025-04-14T23:42:02.614+0000] {subprocess.py:106} INFO - None
[2025-04-14T23:42:02.616+0000] {subprocess.py:106} INFO - Garrafa stanley térmica aerolight fast flow em aço inox 710ml vivid violet 08405-002025-04-14 23:42:02 [scrapy.core.scraper] DEBUG: Scraped from <200 https://www.magazineluiza.com.br/busca/garrafa+stanley+aerolight+fast+flow/?page=1?page=1>
[2025-04-14T23:42:02.617+0000] {subprocess.py:106} INFO - {'title': 'Garrafa stanley térmica aerolight fast flow em aço inox 710ml vivid violet 08405-00', 'price': 'R$\xa0324,57', 'review': None, 'store': 'Magazine Luiza'}
[2025-04-14T23:42:02.619+0000] {subprocess.py:106} INFO - 2025-04-14 23:42:02 [scrapy.core.scraper] DEBUG: Scraped from <200 https://www.magazineluiza.com.br/busca/garrafa+stanley+aerolight+fast+flow/?page=1?page=1>
[2025-04-14T23:42:02.621+0000] {subprocess.py:106} INFO - {'title': 'Garrafa Térmica Stanley Aerolight Fast Flow 710ml Lilás', 'price': 'R$\xa0268,57', 'review': None, 'store': 'Magazine Luiza'}
[2025-04-14T23:42:02.623+0000] {subprocess.py:106} INFO - 2025-04-14 23:42:02 [scrapy.core.scraper] DEBUG: Scraped from <200 https://www.magazineluiza.com.br/busca/garrafa+stanley+aerolight+fast+flow/?page=1?page=1>
[2025-04-14T23:42:02.625+0000] {subprocess.py:106} INFO - {'title': 'Garrafa Térmica Stanley Aerolight Fast Flow Branco Polar 1,1 Litros - STANLEY PMI', 'price': 'R$\xa0385,90', 'review': None, 'store': 'Magazine Luiza'}
[2025-04-14T23:42:02.626+0000] {subprocess.py:106} INFO - 2025-04-14 23:42:02 [scrapy.core.scraper] DEBUG: Scraped from <200 https://www.magazineluiza.com.br/busca/garrafa+stanley+aerolight+fast+flow/?page=1?page=1>
[2025-04-14T23:42:02.628+0000] {subprocess.py:106} INFO - {'title': 'Garrafa Térmica Stanley Aerolight Fast Flow 710 ML Azul 0838', 'price': 'R$\xa0369,90', 'review': None, 'store': 'Magazine Luiza'}
[2025-04-14T23:42:02.630+0000] {subprocess.py:106} INFO - 2025-04-14 23:42:02 [scrapy.core.scraper] DEBUG: Scraped from <200 https://www.magazineluiza.com.br/busca/garrafa+stanley+aerolight+fast+flow/?page=1?page=1>
[2025-04-14T23:42:02.631+0000] {subprocess.py:106} INFO - {'title': 'Garrafa stanley térmica aerolight fast flow 1,1 litros branco polar 08207-00', 'price': 'R$\xa0343,17', 'review': None, 'store': 'Magazine Luiza'}
[2025-04-14T23:42:02.633+0000] {subprocess.py:106} INFO - 2025-04-14 23:42:02 [scrapy.core.scraper] DEBUG: Scraped from <200 https://www.magazineluiza.com.br/busca/garrafa+stanley+aerolight+fast+flow/?page=1?page=1>
[2025-04-14T23:42:02.636+0000] {subprocess.py:106} INFO - {'title': 'Garrafa Térmica Stanley Aerolight Fast Flow 710ml Azul Claro', 'price': 'R$\xa0268,57', 'review': None, 'store': 'Magazine Luiza'}
[2025-04-14T23:42:02.638+0000] {subprocess.py:106} INFO - 2025-04-14 23:42:02 [scrapy.core.scraper] DEBUG: Scraped from <200 https://www.magazineluiza.com.br/busca/garrafa+stanley+aerolight+fast+flow/?page=1?page=1>
[2025-04-14T23:42:02.640+0000] {subprocess.py:106} INFO - {'title': 'Garrafa termica stanley aerolight fast flow tigerlily 1,1l cod8208 cx6', 'price': 'R$\xa0434,37', 'review': '5.0 (1)', 'store': 'Magazine Luiza'}
[2025-04-14T23:42:02.642+0000] {subprocess.py:106} INFO - 2025-04-14 23:42:02 [scrapy.core.scraper] DEBUG: Scraped from <200 https://www.magazineluiza.com.br/busca/garrafa+stanley+aerolight+fast+flow/?page=1?page=1>
[2025-04-14T23:42:02.644+0000] {subprocess.py:106} INFO - {'title': 'Garrafa Térmica Stanley Aerolight Fast Flow Branco Polar 710', 'price': 'R$\xa0361,00', 'review': None, 'store': 'Magazine Luiza'}
[2025-04-14T23:42:02.646+0000] {subprocess.py:106} INFO - 2025-04-14 23:42:02 [scrapy.core.scraper] DEBUG: Scraped from <200 https://www.magazineluiza.com.br/busca/garrafa+stanley+aerolight+fast+flow/?page=1?page=1>
[2025-04-14T23:42:02.648+0000] {subprocess.py:106} INFO - {'title': 'Garrafa Térmica Stanley IceFlow Aerolight Fast Flow 700ml - Cinza', 'price': 'R$\xa0448,45', 'review': None, 'store': 'Magazine Luiza'}
[2025-04-14T23:42:02.650+0000] {subprocess.py:106} INFO - 2025-04-14 23:42:02 [scrapy.core.scraper] DEBUG: Scraped from <200 https://www.magazineluiza.com.br/busca/garrafa+stanley+aerolight+fast+flow/?page=1?page=1>
[2025-04-14T23:42:02.652+0000] {subprocess.py:106} INFO - {'title': 'Garrafa Térmica STanley Aerolight Fast Flow 1,1L', 'price': 'R$\xa0368,18', 'review': None, 'store': 'Magazine Luiza'}
[2025-04-14T23:42:02.654+0000] {subprocess.py:106} INFO - 2025-04-14 23:42:02 [scrapy.core.scraper] DEBUG: Scraped from <200 https://www.magazineluiza.com.br/busca/garrafa+stanley+aerolight+fast+flow/?page=1?page=1>
[2025-04-14T23:42:02.656+0000] {subprocess.py:106} INFO - {'title': 'Garrafa Térmica Stanley Aerolight Fast Flow Citron 1,1 Litros - STANLEY PMI', 'price': 'R$\xa0359,43', 'review': None, 'store': 'Magazine Luiza'}
[2025-04-14T23:42:02.657+0000] {subprocess.py:106} INFO - 2025-04-14 23:42:02 [scrapy.core.scraper] DEBUG: Scraped from <200 https://www.magazineluiza.com.br/busca/garrafa+stanley+aerolight+fast+flow/?page=1?page=1>
[2025-04-14T23:42:02.659+0000] {subprocess.py:106} INFO - {'title': 'Garrafa Térmica Aerolight Fast Flow 1,1L Polar Stanley', 'price': 'R$\xa0379,00', 'review': None, 'store': 'Magazine Luiza'}
[2025-04-14T23:42:02.661+0000] {subprocess.py:106} INFO - 2025-04-14 23:42:02 [scrapy.core.scraper] DEBUG: Scraped from <200 https://www.magazineluiza.com.br/busca/garrafa+stanley+aerolight+fast+flow/?page=1?page=1>
[2025-04-14T23:42:02.662+0000] {subprocess.py:106} INFO - {'title': 'Garrafa Térmica Aerolight Fast Flow Tigerlily 710ml Stanley', 'price': 'R$\xa0289,23', 'review': None, 'store': 'Magazine Luiza'}
[2025-04-14T23:42:02.664+0000] {subprocess.py:106} INFO - 2025-04-14 23:42:02 [scrapy.core.scraper] DEBUG: Scraped from <200 https://www.magazineluiza.com.br/busca/garrafa+stanley+aerolight+fast+flow/?page=1?page=1>
[2025-04-14T23:42:02.666+0000] {subprocess.py:106} INFO - {'title': 'Garrafa stanley térmica aerolight fast flow em aço inox 710ml azul tropical teal 08406-00', 'price': 'R$\xa0324,57', 'review': None, 'store': 'Magazine Luiza'}
[2025-04-14T23:42:02.668+0000] {subprocess.py:106} INFO - 2025-04-14 23:42:02 [scrapy.core.scraper] DEBUG: Scraped from <200 https://www.magazineluiza.com.br/busca/garrafa+stanley+aerolight+fast+flow/?page=1?page=1>
[2025-04-14T23:42:02.670+0000] {subprocess.py:106} INFO - {'title': 'Garrafa Térmica Stanley Aerolight Fast Flow Citron 1,1 Litros - STANLEY PMI', 'price': 'R$\xa0385,90', 'review': None, 'store': 'Magazine Luiza'}
[2025-04-14T23:42:02.675+0000] {subprocess.py:106} INFO - 2025-04-14 23:42:02 [scrapy.core.scraper] DEBUG: Scraped from <200 https://www.magazineluiza.com.br/busca/garrafa+stanley+aerolight+fast+flow/?page=1?page=1>
[2025-04-14T23:42:02.679+0000] {subprocess.py:106} INFO - {'title': 'Garrafa Térmica Stanley Aerolight Fast Flow 710ml Verde Água', 'price': 'R$\xa0268,57', 'review': None, 'store': 'Magazine Luiza'}
[2025-04-14T23:42:02.683+0000] {subprocess.py:106} INFO - 2025-04-14 23:42:02 [scrapy.core.scraper] DEBUG: Scraped from <200 https://www.magazineluiza.com.br/busca/garrafa+stanley+aerolight+fast+flow/?page=1?page=1>
[2025-04-14T23:42:02.687+0000] {subprocess.py:106} INFO - {'title': 'Garrafa Térmica Aerolight Fast Flow Stanley 710ML', 'price': 'R$\xa0359,91', 'review': None, 'store': 'Magazine Luiza'}
[2025-04-14T23:42:02.692+0000] {subprocess.py:106} INFO - 2025-04-14 23:42:02 [scrapy.core.scraper] DEBUG: Scraped from <200 https://www.magazineluiza.com.br/busca/garrafa+stanley+aerolight+fast+flow/?page=1?page=1>
[2025-04-14T23:42:02.695+0000] {subprocess.py:106} INFO - {'title': 'Garrafa Térmica Aerolight Fast Flow Polar 1,1L Stanley', 'price': 'R$\xa0351,23', 'review': None, 'store': 'Magazine Luiza'}
[2025-04-14T23:42:02.697+0000] {subprocess.py:106} INFO - 2025-04-14 23:42:02 [scrapy.core.scraper] DEBUG: Scraped from <200 https://www.magazineluiza.com.br/busca/garrafa+stanley+aerolight+fast+flow/?page=1?page=1>
[2025-04-14T23:42:02.701+0000] {subprocess.py:106} INFO - {'title': 'Garrafa Térmica Stanley Aerolight Fast Flow Citron 710ML - STANLEY PMI', 'price': 'R$\xa0419,90', 'review': None, 'store': 'Magazine Luiza'}
[2025-04-14T23:42:02.704+0000] {subprocess.py:106} INFO - 2025-04-14 23:42:02 [scrapy.core.scraper] DEBUG: Scraped from <200 https://www.magazineluiza.com.br/busca/garrafa+stanley+aerolight+fast+flow/?page=1?page=1>
[2025-04-14T23:42:02.707+0000] {subprocess.py:106} INFO - {'title': 'Garrafa Térmica Aerolight Fast Flow Heat Wave Passion Pink 710ML Stanley', 'price': 'R$\xa0306,81', 'review': None, 'store': 'Magazine Luiza'}
[2025-04-14T23:42:02.711+0000] {subprocess.py:106} INFO - 2025-04-14 23:42:02 [scrapy.core.scraper] DEBUG: Scraped from <200 https://www.magazineluiza.com.br/busca/garrafa+stanley+aerolight+fast+flow/?page=1?page=1>
[2025-04-14T23:42:02.715+0000] {subprocess.py:106} INFO - {'title': 'Garrafa stanley térmica aerolight fast flow em aço inox 710ml passion pink 08404-00', 'price': 'R$\xa0324,57', 'review': None, 'store': 'Magazine Luiza'}
[2025-04-14T23:42:02.717+0000] {subprocess.py:106} INFO - 2025-04-14 23:42:02 [scrapy.core.scraper] DEBUG: Scraped from <200 https://www.magazineluiza.com.br/busca/garrafa+stanley+aerolight+fast+flow/?page=1?page=1>
[2025-04-14T23:42:02.720+0000] {subprocess.py:106} INFO - {'title': 'Garrafa Térmica STanley Aerolight Fast Flow 1,1L', 'price': 'R$\xa0368,18', 'review': None, 'store': 'Magazine Luiza'}
[2025-04-14T23:42:02.722+0000] {subprocess.py:106} INFO - 2025-04-14 23:42:02 [scrapy.core.scraper] DEBUG: Scraped from <200 https://www.magazineluiza.com.br/busca/garrafa+stanley+aerolight+fast+flow/?page=1?page=1>
[2025-04-14T23:42:02.725+0000] {subprocess.py:106} INFO - {'title': 'Garrafa Térmica Stanley Aerolight Fast Flow Citron 1,1 Litros - STANLEY PMI', 'price': 'R$\xa0371,07', 'review': None, 'store': 'Magazine Luiza'}
[2025-04-14T23:42:02.727+0000] {subprocess.py:106} INFO - 2025-04-14 23:42:02 [scrapy.core.scraper] DEBUG: Scraped from <200 https://www.magazineluiza.com.br/busca/garrafa+stanley+aerolight+fast+flow/?page=1?page=1>
[2025-04-14T23:42:02.730+0000] {subprocess.py:106} INFO - {'title': 'Garrafa stanley térmica aerolight fast flow 710ml matte black 08202-00', 'price': 'R$\xa0324,57', 'review': '5.0 (1)', 'store': 'Magazine Luiza'}
[2025-04-14T23:42:02.732+0000] {subprocess.py:106} INFO - 2025-04-14 23:42:02 [scrapy.core.scraper] DEBUG: Scraped from <200 https://www.magazineluiza.com.br/busca/garrafa+stanley+aerolight+fast+flow/?page=1?page=1>
[2025-04-14T23:42:02.736+0000] {subprocess.py:106} INFO - {'title': 'Garrafa Térmica Stanley Aerolight Fast Flow 710ml Verde Limão', 'price': 'R$\xa0268,57', 'review': None, 'store': 'Magazine Luiza'}
[2025-04-14T23:42:02.738+0000] {subprocess.py:106} INFO - 2025-04-14 23:42:02 [scrapy.core.scraper] DEBUG: Scraped from <200 https://www.magazineluiza.com.br/busca/garrafa+stanley+aerolight+fast+flow/?page=1?page=1>
[2025-04-14T23:42:02.740+0000] {subprocess.py:106} INFO - {'title': 'Garrafa Térmica Stanley Aerolight Fast Flow Branco Polar 710ML - STANLEY PMI', 'price': 'R$\xa0369,90', 'review': None, 'store': 'Magazine Luiza'}
[2025-04-14T23:42:02.743+0000] {subprocess.py:106} INFO - 2025-04-14 23:42:02 [scrapy.core.scraper] DEBUG: Scraped from <200 https://www.magazineluiza.com.br/busca/garrafa+stanley+aerolight+fast+flow/?page=1?page=1>
[2025-04-14T23:42:02.745+0000] {subprocess.py:106} INFO - {'title': 'Garrafa Térmica Aerolight Fast Flow Stanley Citron 710 Ml', 'price': 'R$\xa0365,00', 'review': None, 'store': 'Magazine Luiza'}
[2025-04-14T23:42:02.746+0000] {subprocess.py:106} INFO - 2025-04-14 23:42:02 [scrapy.core.scraper] DEBUG: Scraped from <200 https://www.magazineluiza.com.br/busca/garrafa+stanley+aerolight+fast+flow/?page=1?page=1>
[2025-04-14T23:42:02.748+0000] {subprocess.py:106} INFO - {'title': 'Garrafa Térmica Stanley Aerolight Fast Flow Citron 1,1 Litros - STANLEY PMI', 'price': 'R$\xa0489,00', 'review': None, 'store': 'Magazine Luiza'}
[2025-04-14T23:42:02.750+0000] {subprocess.py:106} INFO - 2025-04-14 23:42:02 [scrapy.core.scraper] DEBUG: Scraped from <200 https://www.magazineluiza.com.br/busca/garrafa+stanley+aerolight+fast+flow/?page=1?page=1>
[2025-04-14T23:42:02.752+0000] {subprocess.py:106} INFO - {'title': 'Garrafa Térmica Stanley Aerolight Fast Flow 0.7L Verde 08205', 'price': 'R$\xa0344,01', 'review': None, 'store': 'Magazine Luiza'}
[2025-04-14T23:42:02.755+0000] {subprocess.py:106} INFO - 2025-04-14 23:42:02 [scrapy.core.scraper] DEBUG: Scraped from <200 https://www.magazineluiza.com.br/busca/garrafa+stanley+aerolight+fast+flow/?page=1?page=1>
[2025-04-14T23:42:02.757+0000] {subprocess.py:106} INFO - {'title': 'Garrafa Térmico Aerolight Fast Flow 710 Ml Citron Stanley', 'price': 'R$\xa0329,57', 'review': None, 'store': 'Magazine Luiza'}
[2025-04-14T23:42:02.759+0000] {subprocess.py:106} INFO - 2025-04-14 23:42:02 [scrapy.core.scraper] DEBUG: Scraped from <200 https://www.magazineluiza.com.br/busca/garrafa+stanley+aerolight+fast+flow/?page=1?page=1>
[2025-04-14T23:42:02.761+0000] {subprocess.py:106} INFO - {'title': 'Garrafa Térmica Aerolight Fast Flow Polar 1,1L', 'price': 'R$\xa0479,99', 'review': None, 'store': 'Magazine Luiza'}
[2025-04-14T23:42:02.764+0000] {subprocess.py:106} INFO - 2025-04-14 23:42:02 [scrapy.core.scraper] DEBUG: Scraped from <200 https://www.magazineluiza.com.br/busca/garrafa+stanley+aerolight+fast+flow/?page=1?page=1>
[2025-04-14T23:42:02.766+0000] {subprocess.py:106} INFO - {'title': 'Garrafa Térmica Stanley Aerolight Fast Flow Lavender 710ML - STANLEY PMI', 'price': 'R$\xa0361,77', 'review': None, 'store': 'Magazine Luiza'}
[2025-04-14T23:42:02.768+0000] {subprocess.py:106} INFO - 
[2025-04-14T23:42:02.770+0000] {subprocess.py:106} INFO - [R$ 324,57]
[2025-04-14T23:42:02.772+0000] {subprocess.py:106} INFO - None
[2025-04-14T23:42:02.774+0000] {subprocess.py:106} INFO - Garrafa Térmica Stanley Aerolight Fast Flow 710ml Lilás
[2025-04-14T23:42:02.777+0000] {subprocess.py:106} INFO - [R$ 268,57]
[2025-04-14T23:42:02.779+0000] {subprocess.py:106} INFO - None
[2025-04-14T23:42:02.782+0000] {subprocess.py:106} INFO - Garrafa Térmica Stanley Aerolight Fast Flow Branco Polar 1,1 Litros - STANLEY PMI
[2025-04-14T23:42:02.784+0000] {subprocess.py:106} INFO - [R$ 385,90]
[2025-04-14T23:42:02.786+0000] {subprocess.py:106} INFO - None
[2025-04-14T23:42:02.788+0000] {subprocess.py:106} INFO - Garrafa Térmica Stanley Aerolight Fast Flow 710 ML Azul 0838
[2025-04-14T23:42:02.791+0000] {subprocess.py:106} INFO - [R$ 369,90]
[2025-04-14T23:42:02.794+0000] {subprocess.py:106} INFO - None
[2025-04-14T23:42:02.797+0000] {subprocess.py:106} INFO - Garrafa stanley térmica aerolight fast flow 1,1 litros branco polar 08207-00
[2025-04-14T23:42:02.799+0000] {subprocess.py:106} INFO - [R$ 343,17]
[2025-04-14T23:42:02.801+0000] {subprocess.py:106} INFO - None
[2025-04-14T23:42:02.803+0000] {subprocess.py:106} INFO - Garrafa Térmica Stanley Aerolight Fast Flow 710ml Azul Claro
[2025-04-14T23:42:02.805+0000] {subprocess.py:106} INFO - [R$ 268,57]
[2025-04-14T23:42:02.807+0000] {subprocess.py:106} INFO - None
[2025-04-14T23:42:02.810+0000] {subprocess.py:106} INFO - Garrafa termica stanley aerolight fast flow tigerlily 1,1l cod8208 cx6
[2025-04-14T23:42:02.811+0000] {subprocess.py:106} INFO - [R$ 434,37]
[2025-04-14T23:42:02.813+0000] {subprocess.py:106} INFO - 5.0 (1)
[2025-04-14T23:42:02.816+0000] {subprocess.py:106} INFO - Garrafa Térmica Stanley Aerolight Fast Flow Branco Polar 710
[2025-04-14T23:42:02.818+0000] {subprocess.py:106} INFO - [R$ 361,00]
[2025-04-14T23:42:02.822+0000] {subprocess.py:106} INFO - None
[2025-04-14T23:42:02.825+0000] {subprocess.py:106} INFO - Garrafa Térmica Stanley IceFlow Aerolight Fast Flow 700ml - Cinza
[2025-04-14T23:42:02.827+0000] {subprocess.py:106} INFO - [R$ 448,45]
[2025-04-14T23:42:02.829+0000] {subprocess.py:106} INFO - None
[2025-04-14T23:42:02.831+0000] {subprocess.py:106} INFO - Garrafa Térmica STanley Aerolight Fast Flow 1,1L
[2025-04-14T23:42:02.833+0000] {subprocess.py:106} INFO - [R$ 368,18]
[2025-04-14T23:42:02.836+0000] {subprocess.py:106} INFO - None
[2025-04-14T23:42:02.838+0000] {subprocess.py:106} INFO - Garrafa Térmica Stanley Aerolight Fast Flow Citron 1,1 Litros - STANLEY PMI
[2025-04-14T23:42:02.840+0000] {subprocess.py:106} INFO - [R$ 359,43]
[2025-04-14T23:42:02.842+0000] {subprocess.py:106} INFO - None
[2025-04-14T23:42:02.849+0000] {subprocess.py:106} INFO - Garrafa Térmica Aerolight Fast Flow 1,1L Polar Stanley
[2025-04-14T23:42:02.851+0000] {subprocess.py:106} INFO - [R$ 379,00]
[2025-04-14T23:42:02.854+0000] {subprocess.py:106} INFO - None
[2025-04-14T23:42:02.856+0000] {subprocess.py:106} INFO - Garrafa Térmica Aerolight Fast Flow Tigerlily 710ml Stanley
[2025-04-14T23:42:02.859+0000] {subprocess.py:106} INFO - [R$ 289,23]
[2025-04-14T23:42:02.861+0000] {subprocess.py:106} INFO - None
[2025-04-14T23:42:02.863+0000] {subprocess.py:106} INFO - Garrafa stanley térmica aerolight fast flow em aço inox 710ml azul tropical teal 08406-00
[2025-04-14T23:42:02.865+0000] {subprocess.py:106} INFO - [R$ 324,57]
[2025-04-14T23:42:02.867+0000] {subprocess.py:106} INFO - None
[2025-04-14T23:42:02.870+0000] {subprocess.py:106} INFO - Garrafa Térmica Stanley Aerolight Fast Flow Citron 1,1 Litros - STANLEY PMI
[2025-04-14T23:42:02.872+0000] {subprocess.py:106} INFO - [R$ 385,90]
[2025-04-14T23:42:02.874+0000] {subprocess.py:106} INFO - None
[2025-04-14T23:42:02.877+0000] {subprocess.py:106} INFO - Garrafa Térmica Stanley Aerolight Fast Flow 710ml Verde Água
[2025-04-14T23:42:02.879+0000] {subprocess.py:106} INFO - [R$ 268,57]
[2025-04-14T23:42:02.881+0000] {subprocess.py:106} INFO - None
[2025-04-14T23:42:02.884+0000] {subprocess.py:106} INFO - Garrafa Térmica Aerolight Fast Flow Stanley 710ML
[2025-04-14T23:42:02.885+0000] {subprocess.py:106} INFO - [R$ 359,91]
[2025-04-14T23:42:02.888+0000] {subprocess.py:106} INFO - None
[2025-04-14T23:42:02.891+0000] {subprocess.py:106} INFO - Garrafa Térmica Aerolight Fast Flow Polar 1,1L Stanley
[2025-04-14T23:42:02.892+0000] {subprocess.py:106} INFO - [R$ 351,23]
[2025-04-14T23:42:02.894+0000] {subprocess.py:106} INFO - None
[2025-04-14T23:42:02.896+0000] {subprocess.py:106} INFO - Garrafa Térmica Stanley Aerolight Fast Flow Citron 710ML - STANLEY PMI
[2025-04-14T23:42:02.898+0000] {subprocess.py:106} INFO - [R$ 419,90]
[2025-04-14T23:42:02.900+0000] {subprocess.py:106} INFO - None
[2025-04-14T23:42:02.905+0000] {subprocess.py:106} INFO - Garrafa Térmica Aerolight Fast Flow Heat Wave Passion Pink 710ML Stanley
[2025-04-14T23:42:02.907+0000] {subprocess.py:106} INFO - [R$ 306,81]
[2025-04-14T23:42:02.911+0000] {subprocess.py:106} INFO - None
[2025-04-14T23:42:02.912+0000] {subprocess.py:106} INFO - Garrafa stanley térmica aerolight fast flow em aço inox 710ml passion pink 08404-00
[2025-04-14T23:42:02.914+0000] {subprocess.py:106} INFO - [R$ 324,57]
[2025-04-14T23:42:02.915+0000] {subprocess.py:106} INFO - None
[2025-04-14T23:42:02.917+0000] {subprocess.py:106} INFO - Garrafa Térmica STanley Aerolight Fast Flow 1,1L
[2025-04-14T23:42:02.919+0000] {subprocess.py:106} INFO - [R$ 368,18]
[2025-04-14T23:42:02.921+0000] {subprocess.py:106} INFO - None
[2025-04-14T23:42:02.923+0000] {subprocess.py:106} INFO - Garrafa Térmica Stanley Aerolight Fast Flow Citron 1,1 Litros - STANLEY PMI
[2025-04-14T23:42:02.924+0000] {subprocess.py:106} INFO - [R$ 371,07]
[2025-04-14T23:42:02.926+0000] {subprocess.py:106} INFO - None
[2025-04-14T23:42:02.928+0000] {subprocess.py:106} INFO - Garrafa stanley térmica aerolight fast flow 710ml matte black 08202-00
[2025-04-14T23:42:02.930+0000] {subprocess.py:106} INFO - [R$ 324,57]
[2025-04-14T23:42:02.932+0000] {subprocess.py:106} INFO - 5.0 (1)
[2025-04-14T23:42:02.934+0000] {subprocess.py:106} INFO - Garrafa Térmica Stanley Aerolight Fast Flow 710ml Verde Limão
[2025-04-14T23:42:02.936+0000] {subprocess.py:106} INFO - [R$ 268,57]
[2025-04-14T23:42:02.937+0000] {subprocess.py:106} INFO - None
[2025-04-14T23:42:02.939+0000] {subprocess.py:106} INFO - Garrafa Térmica Stanley Aerolight Fast Flow Branco Polar 710ML - STANLEY PMI
[2025-04-14T23:42:02.941+0000] {subprocess.py:106} INFO - [R$ 369,90]
[2025-04-14T23:42:02.943+0000] {subprocess.py:106} INFO - None
[2025-04-14T23:42:02.945+0000] {subprocess.py:106} INFO - Garrafa Térmica Aerolight Fast Flow Stanley Citron 710 Ml
[2025-04-14T23:42:02.947+0000] {subprocess.py:106} INFO - [R$ 365,00]
[2025-04-14T23:42:02.949+0000] {subprocess.py:106} INFO - None
[2025-04-14T23:42:02.950+0000] {subprocess.py:106} INFO - Garrafa Térmica Stanley Aerolight Fast Flow Citron 1,1 Litros - STANLEY PMI
[2025-04-14T23:42:02.952+0000] {subprocess.py:106} INFO - [R$ 489,00]
[2025-04-14T23:42:02.954+0000] {subprocess.py:106} INFO - None
[2025-04-14T23:42:02.956+0000] {subprocess.py:106} INFO - Garrafa Térmica Stanley Aerolight Fast Flow 0.7L Verde 08205
[2025-04-14T23:42:02.958+0000] {subprocess.py:106} INFO - [R$ 344,01]
[2025-04-14T23:42:02.960+0000] {subprocess.py:106} INFO - None
[2025-04-14T23:42:02.962+0000] {subprocess.py:106} INFO - Garrafa Térmico Aerolight Fast Flow 710 Ml Citron Stanley
[2025-04-14T23:42:02.964+0000] {subprocess.py:106} INFO - [R$ 329,57]
[2025-04-14T23:42:02.965+0000] {subprocess.py:106} INFO - None
[2025-04-14T23:42:02.967+0000] {subprocess.py:106} INFO - Garrafa Térmica Aerolight Fast Flow Polar 1,1L
[2025-04-14T23:42:02.969+0000] {subprocess.py:106} INFO - [R$ 479,99]
[2025-04-14T23:42:02.971+0000] {subprocess.py:106} INFO - None
[2025-04-14T23:42:02.972+0000] {subprocess.py:106} INFO - Garrafa Térmica Stanley Aerolight Fast Flow Lavender 710ML - STANLEY PMI
[2025-04-14T23:42:02.974+0000] {subprocess.py:106} INFO - [R$ 361,77]
[2025-04-14T23:42:02.976+0000] {subprocess.py:106} INFO - None
[2025-04-14T23:42:02.978+0000] {subprocess.py:106} INFO - https://www.magazineluiza.com.br/busca/garrafa+stanley+aerolight+fast+flow/?page=1?page=2
[2025-04-14T23:42:02.980+0000] {subprocess.py:106} INFO - blocos
[2025-04-14T23:42:02.981+0000] {subprocess.py:106} INFO - [<Selector query='//div[@data-testid="product-list"]//li' data='<li class="sc-hwhrDX ghzctf"><a href=...'>, <Selector query='//div[@data-testid="product-list"]//li' data='<li class="sc-hwhrDX ghzctf"><a href=...'>, <Selector query='//div[@data-testid="product-list"]//li' data='<li class="sc-hwhrDX ghzctf"><a href=...'>, <Selector query='//div[@data-testid="product-list"]//li' data='<li class="sc-hwhrDX ghzctf"><a href=...'>, <Selector query='//div[@data-testid="product-list"]//li' data='<li class="sc-hwhrDX ghzctf"><a href=...'>, <Selector query='//div[@data-testid="product-list"]//li' data='<li class="sc-hwhrDX ghzctf"><a href=...'>, <Selector query='//div[@data-testid="product-list"]//li' data='<li class="sc-hwhrDX ghzctf"><a href=...'>, <Selector query='//div[@data-testid="product-list"]//li' data='<li class="sc-hwhrDX ghzctf"><a href=...'>, <Selector query='//div[@data-testid="product-list"]//li' data='<li class="sc-hwhrDX ghzctf"><a href=...'>, <Selector query='//div[@data-testid="product-list"]//li' data='<li class="sc-hwhrDX ghzctf"><a href=...'>, <Selector query='//div[@data-testid="product-list"]//li' data='<li class="sc-hwhrDX ghzctf"><a href=...'>, <Selector query='//div[@data-testid="product-list"]//li' data='<li class="sc-hwhrDX ghzctf"><a href=...'>, <Selector query='//div[@data-testid="product-list"]//li' data='<li class="sc-hwhrDX ghzctf"><a href=...'>, <Selector query='//div[@data-testid="product-list"]//li' data='<li class="sc-hwhrDX ghzctf"><a href=...'>, <Selector query='//div[@data-testid="product-list"]//li' data='<li class="sc-hwhrDX ghzctf"><a href=...'>, <Selector query='//div[@data-testid="product-list"]//li' data='<li class="sc-hwhrDX ghzctf"><a href=...'>, <Selector query='//div[@data-testid="product-list"]//li' data='<li class="sc-hwhrDX ghzctf"><a href=...'>, <Selector query='//div[@data-testid="product-list"]//li' data='<li class="sc-hwhrDX ghzctf"><a href=...'>, <Selector query='//div[@data-testid="product-list"]//li' data='<li class="sc-hwhrDX ghzctf"><a href=...'>, <Selector query='//div[@data-testid="product-list"]//li' data='<li class="sc-hwhrDX ghzctf"><a href=...'>, <Selector query='//div[@data-testid="product-list"]//li' data='<li class="sc-hwhrDX ghzctf"><a href=...'>, <Selector query='//div[@data-testid="product-list"]//li' data='<li class="sc-hwhrDX ghzctf"><a href=...'>, <Selector query='//div[@data-testid="product-list"]//li' data='<li class="sc-hwhrDX ghzctf"><a href=...'>, <Selector query='//div[@data-testid="product-list"]//li' data='<li class="sc-hwhrDX ghzctf"><a href=...'>, <Selector query='//div[@data-testid="product-list"]//li' data='<li class="sc-hwhrDX ghzctf"><a href=...'>, <Selector query='//div[@data-testid="product-list"]//li' data='<li class="sc-hwhrDX ghzctf"><a href=...'>, <Selector query='//div[@data-testid="product-list"]//li' data='<li class="sc-hwhrDX ghzctf"><a href=...'>, <Selector query='//div[@data-testid="product-list"]//li' data='<li class="sc-hwhrDX ghzctf"><a href=...'>, <Selector query='//div[@data-testid="product-list"]//li' data='<li class="sc-hwhrDX ghzctf"><a href=...'>, <Selector query='//div[@data-testid="product-list"]//li' data='<li class="sc-hwhrDX ghzctf"><a href=...'>, <Selector query='//div[@data-testid="product-list"]//li' data='<li class="sc-hwhrDX ghzctf"><a href=...'>, <Selector query='//div[@data-testid="product-list"]//li' data='<li class="sc-hwhrDX ghzctf"><a href=...'>, <Selector query='//div[@data-testid="product-list"]//li' data='<li class="sc-hwhrDX ghzctf"><a href=...'>, <Selector query='//div[@data-testid="product-list"]//li' data='<li class="sc-hwhrDX ghzctf"><a href=...'>, <Selector query='//div[@data-testid="product-list"]//li' data='<li class="sc-hwhrDX ghzctf"><a href=...'>, <Selector query='//div[@data-testid="product-list"]//li' data='<li class="sc-hwhrDX ghzctf"><a href=...'>, <Selector query='//div[@data-testid="product-list"]//li' data='<li class="sc-hwhrDX ghzctf"><a href=...'>, <Selector query='//div[@data-testid="product-list"]//li' data='<li class="sc-hwhrDX ghzctf"><a href=...'>, <Selector query='//div[@data-testid="product-list"]//li' data='<li class="sc-hwhrDX ghzctf"><a href=...'>, <Selector query='//div[@data-testid="product-list"]//li' data='<li class="sc-hwhrDX ghzctf"><a href=...'>, <Selector query='//div[@data-testid="product-list"]//li' data='<li class="sc-hwhrDX ghzctf"><a href=...'>, <Selector query='//div[@data-testid="product-list"]//li' data='<li class="sc-hwhrDX ghzctf"><a href=...'>, <Selector query='//div[@data-testid="product-list"]//li' data='<li class="sc-hwhrDX ghzctf"><a href=...'>, <Selector query='//div[@data-testid="product-list"]//li' data='<li class="sc-hwhrDX ghzctf"><a href=...'>, <Selector query='//div[@data-testid="product-list"]//li' data='<li class="sc-hwhrDX ghzctf"><a href=...'>, <Selector query='//div[@data-testid="product-list"]//li' data='<li class="sc-hwhrDX ghzctf"><a href=...'>, <Selector query='//div[@data-testid="product-list"]//li' data='<li class="sc-hwhrDX ghzctf"><a href=...'>, <Selector query='//div[@data-testid="product-list"]//li' data='<li class="sc-hwhrDX ghzctf"><a href=...'>, <Selector query='//div[@data-testid="product-list"]//li' data='<li class="sc-hwhrDX ghzctf"><a href=...'>, <Selector query='//div[@data-testid="product-list"]//li' data='<li class="sc-hwhrDX ghzctf"><a href=...'>, <Selector query='//div[@data-testid="product-list"]//li' data='<li class="sc-hwhrDX ghzctf"><a href=...'>, <Selector query='//div[@data-testid="product-list"]//li' data='<li class="sc-hwhrDX ghzctf"><a href=...'>, <Selector query='//div[@data-testid="product-list"]//li' data='<li class="sc-hwhrDX ghzctf"><a href=...'>, <Selector query='//div[@data-testid="product-list"]//li' data='<li class="sc-hwhrDX ghzctf"><a href=...'>, <Selector query='//div[@data-testid="product-list"]//li' data='<li class="sc-hwhrDX ghzctf"><a href=...'>]2025-04-14 23:42:02 [scrapy.core.scraper] DEBUG: Scraped from <200 https://www.magazineluiza.com.br/busca/garrafa+stanley+aerolight+fast+flow/?page=1?page=2>
[2025-04-14T23:42:02.985+0000] {subprocess.py:106} INFO - {'title': 'GARRAFA STANLEY AEROLIGHT FAST FLOW 1.1Lt ORIGINAL TODAS AS CORES', 'price': 'R$\xa0332,00', 'review': '4.2 (6)', 'store': 'Magazine Luiza'}
[2025-04-14T23:42:02.987+0000] {subprocess.py:106} INFO - 2025-04-14 23:42:02 [scrapy.core.scraper] DEBUG: Scraped from <200 https://www.magazineluiza.com.br/busca/garrafa+stanley+aerolight+fast+flow/?page=1?page=2>
[2025-04-14T23:42:02.989+0000] {subprocess.py:106} INFO - {'title': 'Garrafa stanley aerolight fast flow 710ml original todas as cores', 'price': 'R$\xa0304,10', 'review': '5.0 (1)', 'store': 'Magazine Luiza'}
[2025-04-14T23:42:02.990+0000] {subprocess.py:106} INFO - 2025-04-14 23:42:02 [scrapy.core.scraper] DEBUG: Scraped from <200 https://www.magazineluiza.com.br/busca/garrafa+stanley+aerolight+fast+flow/?page=1?page=2>
[2025-04-14T23:42:02.992+0000] {subprocess.py:106} INFO - {'title': 'Garrafa Térmica Aerolight Stanley Fast Flow 710ml - Matte Black', 'price': 'R$\xa0287,37', 'review': '5.0 (1)', 'store': 'Magazine Luiza'}
[2025-04-14T23:42:02.994+0000] {subprocess.py:106} INFO - 2025-04-14 23:42:02 [scrapy.core.scraper] DEBUG: Scraped from <200 https://www.magazineluiza.com.br/busca/garrafa+stanley+aerolight+fast+flow/?page=1?page=2>
[2025-04-14T23:42:02.995+0000] {subprocess.py:106} INFO - {'title': 'Garrafa Térmica Stanley Aerolight Fast Flow Lavender 710ML - STANLEY PMI', 'price': 'R$\xa0289,97', 'review': None, 'store': 'Magazine Luiza'}
[2025-04-14T23:42:02.997+0000] {subprocess.py:106} INFO - 2025-04-14 23:42:02 [scrapy.core.scraper] DEBUG: Scraped from <200 https://www.magazineluiza.com.br/busca/garrafa+stanley+aerolight+fast+flow/?page=1?page=2>
[2025-04-14T23:42:02.999+0000] {subprocess.py:106} INFO - {'title': 'Stanley Garrafa Térmica Aerolight Original Fast Flow Branco Polar 710ml', 'price': 'R$\xa0332,10', 'review': None, 'store': 'Magazine Luiza'}
[2025-04-14T23:42:03.000+0000] {subprocess.py:106} INFO - 2025-04-14 23:42:02 [scrapy.core.scraper] DEBUG: Scraped from <200 https://www.magazineluiza.com.br/busca/garrafa+stanley+aerolight+fast+flow/?page=1?page=2>
[2025-04-14T23:42:03.002+0000] {subprocess.py:106} INFO - {'title': 'Garrafa Térmica Aerolight Stanley Fast Flow 1,1L - Tigerlily', 'price': 'R$\xa0315,27', 'review': '5.0 (1)', 'store': 'Magazine Luiza'}
[2025-04-14T23:42:03.003+0000] {subprocess.py:106} INFO - 2025-04-14 23:42:02 [scrapy.core.scraper] DEBUG: Scraped from <200 https://www.magazineluiza.com.br/busca/garrafa+stanley+aerolight+fast+flow/?page=1?page=2>
[2025-04-14T23:42:03.005+0000] {subprocess.py:106} INFO - {'title': 'Garrafa Térmica Stanley Aerolight Fast Flow 1.1L Pink', 'price': 'R$\xa0289,23', 'review': None, 'store': 'Magazine Luiza'}
[2025-04-14T23:42:03.015+0000] {subprocess.py:106} INFO - 2025-04-14 23:42:02 [scrapy.core.scraper] DEBUG: Scraped from <200 https://www.magazineluiza.com.br/busca/garrafa+stanley+aerolight+fast+flow/?page=1?page=2>
[2025-04-14T23:42:03.017+0000] {subprocess.py:106} INFO - {'title': 'Garrafa Térmica Aerolight Fast Flow Matte Black 1,1L Stanley', 'price': 'R$\xa0351,23', 'review': '4.2 (6)', 'store': 'Magazine Luiza'}
[2025-04-14T23:42:03.021+0000] {subprocess.py:106} INFO - 2025-04-14 23:42:02 [scrapy.core.scraper] DEBUG: Scraped from <200 https://www.magazineluiza.com.br/busca/garrafa+stanley+aerolight+fast+flow/?page=1?page=2>
[2025-04-14T23:42:03.023+0000] {subprocess.py:106} INFO - {'title': 'Garrafa Térmica Stanley Aerolight Fast Flow Matte Black 710ML', 'price': 'R$\xa0272,49', 'review': '5.0 (1)', 'store': 'Magazine Luiza'}
[2025-04-14T23:42:03.025+0000] {subprocess.py:106} INFO - 2025-04-14 23:42:02 [scrapy.core.scraper] DEBUG: Scraped from <200 https://www.magazineluiza.com.br/busca/garrafa+stanley+aerolight+fast+flow/?page=1?page=2>
[2025-04-14T23:42:03.026+0000] {subprocess.py:106} INFO - {'title': 'Garrafa Térmica Aerolight Stanley Fast Flow 710ml - Lavender', 'price': 'R$\xa0287,37', 'review': None, 'store': 'Magazine Luiza'}
[2025-04-14T23:42:03.028+0000] {subprocess.py:106} INFO - 2025-04-14 23:42:02 [scrapy.core.scraper] DEBUG: Scraped from <200 https://www.magazineluiza.com.br/busca/garrafa+stanley+aerolight+fast+flow/?page=1?page=2>
[2025-04-14T23:42:03.030+0000] {subprocess.py:106} INFO - {'title': 'Garrafa Térmica Stanley Aerolight Fast Flow Branco Polar 1,1 Litros', 'price': 'R$\xa0299,46', 'review': None, 'store': 'Magazine Luiza'}
[2025-04-14T23:42:03.037+0000] {subprocess.py:106} INFO - 2025-04-14 23:42:02 [scrapy.core.scraper] DEBUG: Scraped from <200 https://www.magazineluiza.com.br/busca/garrafa+stanley+aerolight+fast+flow/?page=1?page=2>
[2025-04-14T23:42:03.039+0000] {subprocess.py:106} INFO - {'title': 'Garrafa Térmica Aerolight Stanley Fast Flow 1,1L - Citron', 'price': 'R$\xa0315,27', 'review': None, 'store': 'Magazine Luiza'}
[2025-04-14T23:42:03.040+0000] {subprocess.py:106} INFO - 2025-04-14 23:42:02 [scrapy.core.scraper] DEBUG: Scraped from <200 https://www.magazineluiza.com.br/busca/garrafa+stanley+aerolight+fast+flow/?page=1?page=2>
[2025-04-14T23:42:03.043+0000] {subprocess.py:106} INFO - {'title': 'Garrafa Térmica Aerolight Stanley Fast Flow 1,1L - Polar', 'price': 'R$\xa0315,27', 'review': None, 'store': 'Magazine Luiza'}
[2025-04-14T23:42:03.044+0000] {subprocess.py:106} INFO - 2025-04-14 23:42:02 [scrapy.core.scraper] DEBUG: Scraped from <200 https://www.magazineluiza.com.br/busca/garrafa+stanley+aerolight+fast+flow/?page=1?page=2>
[2025-04-14T23:42:03.046+0000] {subprocess.py:106} INFO - {'title': 'Garrafa Térmica Stanley Aerolight Fast Flow Citron 710ML', 'price': 'R$\xa0272,49', 'review': None, 'store': 'Magazine Luiza'}
[2025-04-14T23:42:03.047+0000] {subprocess.py:106} INFO - 2025-04-14 23:42:02 [scrapy.core.scraper] DEBUG: Scraped from <200 https://www.magazineluiza.com.br/busca/garrafa+stanley+aerolight+fast+flow/?page=1?page=2>
[2025-04-14T23:42:03.049+0000] {subprocess.py:106} INFO - {'title': 'Garrafa Térmica Stanley Aerolight Fast Flow Original Laranja Tigerlily 1,1 L', 'price': 'R$\xa0379,00', 'review': '5.0 (1)', 'store': 'Magazine Luiza'}
[2025-04-14T23:42:03.050+0000] {subprocess.py:106} INFO - 2025-04-14 23:42:02 [scrapy.core.scraper] DEBUG: Scraped from <200 https://www.magazineluiza.com.br/busca/garrafa+stanley+aerolight+fast+flow/?page=1?page=2>
[2025-04-14T23:42:03.052+0000] {subprocess.py:106} INFO - {'title': 'Garrafa Térmica Aerolight Laranja Fast Flow Tigerlily 1,1L Stanley', 'price': 'R$\xa0344,01', 'review': '5.0 (1)', 'store': 'Magazine Luiza'}
[2025-04-14T23:42:03.054+0000] {subprocess.py:106} INFO - 2025-04-14 23:42:02 [scrapy.core.scraper] DEBUG: Scraped from <200 https://www.magazineluiza.com.br/busca/garrafa+stanley+aerolight+fast+flow/?page=1?page=2>
[2025-04-14T23:42:03.055+0000] {subprocess.py:106} INFO - {'title': 'Garrafa stanley térmica aerolight fast flow em aço inox 710ml lavender 08241-00', 'price': 'R$\xa0324,57', 'review': None, 'store': 'Magazine Luiza'}
[2025-04-14T23:42:03.058+0000] {subprocess.py:106} INFO - 2025-04-14 23:42:02 [scrapy.core.scraper] DEBUG: Scraped from <200 https://www.magazineluiza.com.br/busca/garrafa+stanley+aerolight+fast+flow/?page=1?page=2>
[2025-04-14T23:42:03.060+0000] {subprocess.py:106} INFO - {'title': 'Garrafa stanley térmica aerolight fast flow 1,1 litros laranja tigerlily 08242-00', 'price': 'R$\xa0343,17', 'review': '5.0 (1)', 'store': 'Magazine Luiza'}
[2025-04-14T23:42:03.062+0000] {subprocess.py:106} INFO - 2025-04-14 23:42:02 [scrapy.core.scraper] DEBUG: Scraped from <200 https://www.magazineluiza.com.br/busca/garrafa+stanley+aerolight+fast+flow/?page=1?page=2>
[2025-04-14T23:42:03.063+0000] {subprocess.py:106} INFO - {'title': 'Garrafa Térmica Stanley Aerolight Fast Flow 710ml Rosa Claro', 'price': 'R$\xa0268,57', 'review': None, 'store': 'Magazine Luiza'}
[2025-04-14T23:42:03.065+0000] {subprocess.py:106} INFO - 2025-04-14 23:42:02 [scrapy.core.scraper] DEBUG: Scraped from <200 https://www.magazineluiza.com.br/busca/garrafa+stanley+aerolight+fast+flow/?page=1?page=2>
[2025-04-14T23:42:03.066+0000] {subprocess.py:106} INFO - {'title': 'Garrafa Térmica Stanley Aerolight Fast Flow 1.1L Verde Água', 'price': 'R$\xa0289,23', 'review': None, 'store': 'Magazine Luiza'}
[2025-04-14T23:42:03.068+0000] {subprocess.py:106} INFO - 2025-04-14 23:42:02 [scrapy.core.scraper] DEBUG: Scraped from <200 https://www.magazineluiza.com.br/busca/garrafa+stanley+aerolight+fast+flow/?page=1?page=2>
[2025-04-14T23:42:03.069+0000] {subprocess.py:106} INFO - {'title': 'Garrafa Térmica Stanley Aerolight Fast Flow Branco Polar 1,1 Litros - STANLEY PMI', 'price': 'R$\xa0399,00', 'review': None, 'store': 'Magazine Luiza'}
[2025-04-14T23:42:03.071+0000] {subprocess.py:106} INFO - 2025-04-14 23:42:02 [scrapy.core.scraper] DEBUG: Scraped from <200 https://www.magazineluiza.com.br/busca/garrafa+stanley+aerolight+fast+flow/?page=1?page=2>
[2025-04-14T23:42:03.073+0000] {subprocess.py:106} INFO - {'title': 'Garrafa Térmica Stanley Aerolight Fast Flow Matte Black 710ML - STANLEY PMI', 'price': 'R$\xa0365,00', 'review': '5.0 (1)', 'store': 'Magazine Luiza'}
[2025-04-14T23:42:03.074+0000] {subprocess.py:106} INFO - 2025-04-14 23:42:02 [scrapy.core.scraper] DEBUG: Scraped from <200 https://www.magazineluiza.com.br/busca/garrafa+stanley+aerolight+fast+flow/?page=1?page=2>
[2025-04-14T23:42:03.077+0000] {subprocess.py:106} INFO - {'title': 'Garrafa stanley térmica aerolight fast flow em aço inox 710ml laranja tigerlily 08204-00', 'price': 'R$\xa0324,57', 'review': None, 'store': 'Magazine Luiza'}
[2025-04-14T23:42:03.079+0000] {subprocess.py:106} INFO - 2025-04-14 23:42:02 [scrapy.core.scraper] DEBUG: Scraped from <200 https://www.magazineluiza.com.br/busca/garrafa+stanley+aerolight+fast+flow/?page=1?page=2>
[2025-04-14T23:42:03.080+0000] {subprocess.py:106} INFO - {'title': 'Garrafa stanley térmica aerolight fast flow em aço inox 710ml vivid violet 08405-00', 'price': 'R$\xa0324,57', 'review': None, 'store': 'Magazine Luiza'}
[2025-04-14T23:42:03.082+0000] {subprocess.py:106} INFO - 2025-04-14 23:42:02 [scrapy.core.scraper] DEBUG: Scraped from <200 https://www.magazineluiza.com.br/busca/garrafa+stanley+aerolight+fast+flow/?page=1?page=2>
[2025-04-14T23:42:03.084+0000] {subprocess.py:106} INFO - {'title': 'Garrafa Térmica Stanley Aerolight Fast Flow 710ml Lilás', 'price': 'R$\xa0268,57', 'review': None, 'store': 'Magazine Luiza'}
[2025-04-14T23:42:03.085+0000] {subprocess.py:106} INFO - 2025-04-14 23:42:02 [scrapy.core.scraper] DEBUG: Scraped from <200 https://www.magazineluiza.com.br/busca/garrafa+stanley+aerolight+fast+flow/?page=1?page=2>
[2025-04-14T23:42:03.088+0000] {subprocess.py:106} INFO - {'title': 'Garrafa Térmica Stanley Aerolight Fast Flow Branco Polar 1,1 Litros - STANLEY PMI', 'price': 'R$\xa0385,90', 'review': None, 'store': 'Magazine Luiza'}
[2025-04-14T23:42:03.090+0000] {subprocess.py:106} INFO - 2025-04-14 23:42:02 [scrapy.core.scraper] DEBUG: Scraped from <200 https://www.magazineluiza.com.br/busca/garrafa+stanley+aerolight+fast+flow/?page=1?page=2>
[2025-04-14T23:42:03.092+0000] {subprocess.py:106} INFO - {'title': 'Garrafa Térmica Stanley Aerolight Fast Flow 710 ML Azul 0838', 'price': 'R$\xa0369,90', 'review': None, 'store': 'Magazine Luiza'}
[2025-04-14T23:42:03.094+0000] {subprocess.py:106} INFO - 2025-04-14 23:42:02 [scrapy.core.scraper] DEBUG: Scraped from <200 https://www.magazineluiza.com.br/busca/garrafa+stanley+aerolight+fast+flow/?page=1?page=2>
[2025-04-14T23:42:03.096+0000] {subprocess.py:106} INFO - {'title': 'Garrafa stanley térmica aerolight fast flow 1,1 litros branco polar 08207-00', 'price': 'R$\xa0343,17', 'review': None, 'store': 'Magazine Luiza'}
[2025-04-14T23:42:03.097+0000] {subprocess.py:106} INFO - 2025-04-14 23:42:02 [scrapy.core.scraper] DEBUG: Scraped from <200 https://www.magazineluiza.com.br/busca/garrafa+stanley+aerolight+fast+flow/?page=1?page=2>
[2025-04-14T23:42:03.099+0000] {subprocess.py:106} INFO - {'title': 'Garrafa Térmica Stanley Aerolight Fast Flow 710ml Azul Claro', 'price': 'R$\xa0268,57', 'review': None, 'store': 'Magazine Luiza'}
[2025-04-14T23:42:03.100+0000] {subprocess.py:106} INFO - 2025-04-14 23:42:02 [scrapy.core.scraper] DEBUG: Scraped from <200 https://www.magazineluiza.com.br/busca/garrafa+stanley+aerolight+fast+flow/?page=1?page=2>
[2025-04-14T23:42:03.102+0000] {subprocess.py:106} INFO - {'title': 'Garrafa termica stanley aerolight fast flow tigerlily 1,1l cod8208 cx6', 'price': 'R$\xa0434,37', 'review': '5.0 (1)', 'store': 'Magazine Luiza'}
[2025-04-14T23:42:03.104+0000] {subprocess.py:106} INFO - 2025-04-14 23:42:02 [scrapy.core.scraper] DEBUG: Scraped from <200 https://www.magazineluiza.com.br/busca/garrafa+stanley+aerolight+fast+flow/?page=1?page=2>
[2025-04-14T23:42:03.105+0000] {subprocess.py:106} INFO - {'title': 'Garrafa Térmica Stanley Aerolight Fast Flow Branco Polar 710', 'price': 'R$\xa0361,00', 'review': None, 'store': 'Magazine Luiza'}
[2025-04-14T23:42:03.107+0000] {subprocess.py:106} INFO - 2025-04-14 23:42:02 [scrapy.core.scraper] DEBUG: Scraped from <200 https://www.magazineluiza.com.br/busca/garrafa+stanley+aerolight+fast+flow/?page=1?page=2>
[2025-04-14T23:42:03.109+0000] {subprocess.py:106} INFO - {'title': 'Garrafa Térmica Stanley IceFlow Aerolight Fast Flow 700ml - Cinza', 'price': 'R$\xa0448,45', 'review': None, 'store': 'Magazine Luiza'}
[2025-04-14T23:42:03.110+0000] {subprocess.py:106} INFO - 2025-04-14 23:42:02 [scrapy.core.scraper] DEBUG: Scraped from <200 https://www.magazineluiza.com.br/busca/garrafa+stanley+aerolight+fast+flow/?page=1?page=2>
[2025-04-14T23:42:03.112+0000] {subprocess.py:106} INFO - {'title': 'Garrafa Térmica STanley Aerolight Fast Flow 1,1L', 'price': 'R$\xa0368,18', 'review': None, 'store': 'Magazine Luiza'}
[2025-04-14T23:42:03.114+0000] {subprocess.py:106} INFO - 2025-04-14 23:42:02 [scrapy.core.scraper] DEBUG: Scraped from <200 https://www.magazineluiza.com.br/busca/garrafa+stanley+aerolight+fast+flow/?page=1?page=2>
[2025-04-14T23:42:03.115+0000] {subprocess.py:106} INFO - {'title': 'Garrafa Térmica Stanley Aerolight Fast Flow Citron 1,1 Litros - STANLEY PMI', 'price': 'R$\xa0359,43', 'review': None, 'store': 'Magazine Luiza'}
[2025-04-14T23:42:03.117+0000] {subprocess.py:106} INFO - 2025-04-14 23:42:02 [scrapy.core.scraper] DEBUG: Scraped from <200 https://www.magazineluiza.com.br/busca/garrafa+stanley+aerolight+fast+flow/?page=1?page=2>
[2025-04-14T23:42:03.118+0000] {subprocess.py:106} INFO - {'title': 'Garrafa Térmica Aerolight Fast Flow 1,1L Polar Stanley', 'price': 'R$\xa0379,00', 'review': None, 'store': 'Magazine Luiza'}
[2025-04-14T23:42:03.119+0000] {subprocess.py:106} INFO - 2025-04-14 23:42:02 [scrapy.core.scraper] DEBUG: Scraped from <200 https://www.magazineluiza.com.br/busca/garrafa+stanley+aerolight+fast+flow/?page=1?page=2>
[2025-04-14T23:42:03.121+0000] {subprocess.py:106} INFO - {'title': 'Garrafa Térmica Aerolight Fast Flow Tigerlily 710ml Stanley', 'price': 'R$\xa0289,23', 'review': None, 'store': 'Magazine Luiza'}
[2025-04-14T23:42:03.124+0000] {subprocess.py:106} INFO - 2025-04-14 23:42:02 [scrapy.core.scraper] DEBUG: Scraped from <200 https://www.magazineluiza.com.br/busca/garrafa+stanley+aerolight+fast+flow/?page=1?page=2>
[2025-04-14T23:42:03.125+0000] {subprocess.py:106} INFO - {'title': 'Garrafa stanley térmica aerolight fast flow em aço inox 710ml azul tropical teal 08406-00', 'price': 'R$\xa0324,57', 'review': None, 'store': 'Magazine Luiza'}
[2025-04-14T23:42:03.127+0000] {subprocess.py:106} INFO - 2025-04-14 23:42:02 [scrapy.core.scraper] DEBUG: Scraped from <200 https://www.magazineluiza.com.br/busca/garrafa+stanley+aerolight+fast+flow/?page=1?page=2>
[2025-04-14T23:42:03.128+0000] {subprocess.py:106} INFO - {'title': 'Garrafa Térmica Stanley Aerolight Fast Flow Citron 1,1 Litros - STANLEY PMI', 'price': 'R$\xa0385,90', 'review': None, 'store': 'Magazine Luiza'}
[2025-04-14T23:42:03.131+0000] {subprocess.py:106} INFO - 2025-04-14 23:42:02 [scrapy.core.scraper] DEBUG: Scraped from <200 https://www.magazineluiza.com.br/busca/garrafa+stanley+aerolight+fast+flow/?page=1?page=2>
[2025-04-14T23:42:03.132+0000] {subprocess.py:106} INFO - {'title': 'Garrafa Térmica Stanley Aerolight Fast Flow 710ml Verde Água', 'price': 'R$\xa0268,57', 'review': None, 'store': 'Magazine Luiza'}
[2025-04-14T23:42:03.134+0000] {subprocess.py:106} INFO - 2025-04-14 23:42:02 [scrapy.core.scraper] DEBUG: Scraped from <200 https://www.magazineluiza.com.br/busca/garrafa+stanley+aerolight+fast+flow/?page=1?page=2>
[2025-04-14T23:42:03.135+0000] {subprocess.py:106} INFO - {'title': 'Garrafa Térmica Aerolight Fast Flow Stanley 710ML', 'price': 'R$\xa0359,91', 'review': None, 'store': 'Magazine Luiza'}
[2025-04-14T23:42:03.137+0000] {subprocess.py:106} INFO - 2025-04-14 23:42:02 [scrapy.core.scraper] DEBUG: Scraped from <200 https://www.magazineluiza.com.br/busca/garrafa+stanley+aerolight+fast+flow/?page=1?page=2>
[2025-04-14T23:42:03.139+0000] {subprocess.py:106} INFO - {'title': 'Garrafa Térmica Aerolight Fast Flow Polar 1,1L Stanley', 'price': 'R$\xa0351,23', 'review': None, 'store': 'Magazine Luiza'}
[2025-04-14T23:42:03.140+0000] {subprocess.py:106} INFO - 2025-04-14 23:42:02 [scrapy.core.scraper] DEBUG: Scraped from <200 https://www.magazineluiza.com.br/busca/garrafa+stanley+aerolight+fast+flow/?page=1?page=2>
[2025-04-14T23:42:03.142+0000] {subprocess.py:106} INFO - {'title': 'Garrafa Térmica Stanley Aerolight Fast Flow Citron 710ML - STANLEY PMI', 'price': 'R$\xa0419,90', 'review': None, 'store': 'Magazine Luiza'}
[2025-04-14T23:42:03.144+0000] {subprocess.py:106} INFO - 2025-04-14 23:42:02 [scrapy.core.scraper] DEBUG: Scraped from <200 https://www.magazineluiza.com.br/busca/garrafa+stanley+aerolight+fast+flow/?page=1?page=2>
[2025-04-14T23:42:03.145+0000] {subprocess.py:106} INFO - {'title': 'Garrafa Térmica Aerolight Fast Flow Heat Wave Passion Pink 710ML Stanley', 'price': 'R$\xa0306,81', 'review': None, 'store': 'Magazine Luiza'}
[2025-04-14T23:42:03.146+0000] {subprocess.py:106} INFO - 2025-04-14 23:42:02 [scrapy.core.scraper] DEBUG: Scraped from <200 https://www.magazineluiza.com.br/busca/garrafa+stanley+aerolight+fast+flow/?page=1?page=2>
[2025-04-14T23:42:03.148+0000] {subprocess.py:106} INFO - {'title': 'Garrafa stanley térmica aerolight fast flow em aço inox 710ml passion pink 08404-00', 'price': 'R$\xa0324,57', 'review': None, 'store': 'Magazine Luiza'}
[2025-04-14T23:42:03.149+0000] {subprocess.py:106} INFO - 2025-04-14 23:42:02 [scrapy.core.scraper] DEBUG: Scraped from <200 https://www.magazineluiza.com.br/busca/garrafa+stanley+aerolight+fast+flow/?page=1?page=2>
[2025-04-14T23:42:03.151+0000] {subprocess.py:106} INFO - {'title': 'Garrafa Térmica STanley Aerolight Fast Flow 1,1L', 'price': 'R$\xa0368,18', 'review': None, 'store': 'Magazine Luiza'}
[2025-04-14T23:42:03.152+0000] {subprocess.py:106} INFO - 2025-04-14 23:42:02 [scrapy.core.scraper] DEBUG: Scraped from <200 https://www.magazineluiza.com.br/busca/garrafa+stanley+aerolight+fast+flow/?page=1?page=2>
[2025-04-14T23:42:03.154+0000] {subprocess.py:106} INFO - {'title': 'Garrafa Térmica Stanley Aerolight Fast Flow Citron 1,1 Litros - STANLEY PMI', 'price': 'R$\xa0371,07', 'review': None, 'store': 'Magazine Luiza'}
[2025-04-14T23:42:03.157+0000] {subprocess.py:106} INFO - 2025-04-14 23:42:02 [scrapy.core.scraper] DEBUG: Scraped from <200 https://www.magazineluiza.com.br/busca/garrafa+stanley+aerolight+fast+flow/?page=1?page=2>
[2025-04-14T23:42:03.158+0000] {subprocess.py:106} INFO - {'title': 'Garrafa stanley térmica aerolight fast flow 710ml matte black 08202-00', 'price': 'R$\xa0324,57', 'review': '5.0 (1)', 'store': 'Magazine Luiza'}
[2025-04-14T23:42:03.159+0000] {subprocess.py:106} INFO - 2025-04-14 23:42:02 [scrapy.core.scraper] DEBUG: Scraped from <200 https://www.magazineluiza.com.br/busca/garrafa+stanley+aerolight+fast+flow/?page=1?page=2>
[2025-04-14T23:42:03.161+0000] {subprocess.py:106} INFO - {'title': 'Garrafa Térmica Stanley Aerolight Fast Flow 710ml Verde Limão', 'price': 'R$\xa0268,57', 'review': None, 'store': 'Magazine Luiza'}
[2025-04-14T23:42:03.163+0000] {subprocess.py:106} INFO - 2025-04-14 23:42:02 [scrapy.core.scraper] DEBUG: Scraped from <200 https://www.magazineluiza.com.br/busca/garrafa+stanley+aerolight+fast+flow/?page=1?page=2>
[2025-04-14T23:42:03.164+0000] {subprocess.py:106} INFO - {'title': 'Garrafa Térmica Stanley Aerolight Fast Flow Branco Polar 710ML - STANLEY PMI', 'price': 'R$\xa0369,90', 'review': None, 'store': 'Magazine Luiza'}
[2025-04-14T23:42:03.166+0000] {subprocess.py:106} INFO - 2025-04-14 23:42:02 [scrapy.core.scraper] DEBUG: Scraped from <200 https://www.magazineluiza.com.br/busca/garrafa+stanley+aerolight+fast+flow/?page=1?page=2>
[2025-04-14T23:42:03.167+0000] {subprocess.py:106} INFO - {'title': 'Garrafa Térmica Aerolight Fast Flow Stanley Citron 710 Ml', 'price': 'R$\xa0365,00', 'review': None, 'store': 'Magazine Luiza'}
[2025-04-14T23:42:03.169+0000] {subprocess.py:106} INFO - 2025-04-14 23:42:02 [scrapy.core.scraper] DEBUG: Scraped from <200 https://www.magazineluiza.com.br/busca/garrafa+stanley+aerolight+fast+flow/?page=1?page=2>
[2025-04-14T23:42:03.170+0000] {subprocess.py:106} INFO - {'title': 'Garrafa Térmica Stanley Aerolight Fast Flow Citron 1,1 Litros - STANLEY PMI', 'price': 'R$\xa0489,00', 'review': None, 'store': 'Magazine Luiza'}
[2025-04-14T23:42:03.172+0000] {subprocess.py:106} INFO - 2025-04-14 23:42:02 [scrapy.core.scraper] DEBUG: Scraped from <200 https://www.magazineluiza.com.br/busca/garrafa+stanley+aerolight+fast+flow/?page=1?page=2>
[2025-04-14T23:42:03.174+0000] {subprocess.py:106} INFO - {'title': 'Garrafa Térmica Stanley Aerolight Fast Flow 0.7L Verde 08205', 'price': 'R$\xa0344,01', 'review': None, 'store': 'Magazine Luiza'}
[2025-04-14T23:42:03.177+0000] {subprocess.py:106} INFO - 2025-04-14 23:42:02 [scrapy.core.scraper] DEBUG: Scraped from <200 https://www.magazineluiza.com.br/busca/garrafa+stanley+aerolight+fast+flow/?page=1?page=2>
[2025-04-14T23:42:03.178+0000] {subprocess.py:106} INFO - {'title': 'Garrafa Térmico Aerolight Fast Flow 710 Ml Citron Stanley', 'price': 'R$\xa0329,57', 'review': None, 'store': 'Magazine Luiza'}
[2025-04-14T23:42:03.180+0000] {subprocess.py:106} INFO - 2025-04-14 23:42:02 [scrapy.core.scraper] DEBUG: Scraped from <200 https://www.magazineluiza.com.br/busca/garrafa+stanley+aerolight+fast+flow/?page=1?page=2>
[2025-04-14T23:42:03.182+0000] {subprocess.py:106} INFO - {'title': 'Garrafa Térmica Aerolight Fast Flow Polar 1,1L', 'price': 'R$\xa0479,99', 'review': None, 'store': 'Magazine Luiza'}
[2025-04-14T23:42:03.184+0000] {subprocess.py:106} INFO - 2025-04-14 23:42:02 [scrapy.core.scraper] DEBUG: Scraped from <200 https://www.magazineluiza.com.br/busca/garrafa+stanley+aerolight+fast+flow/?page=1?page=2>
[2025-04-14T23:42:03.185+0000] {subprocess.py:106} INFO - {'title': 'Garrafa Térmica Stanley Aerolight Fast Flow Lavender 710ML - STANLEY PMI', 'price': 'R$\xa0361,77', 'review': None, 'store': 'Magazine Luiza'}
[2025-04-14T23:42:03.187+0000] {subprocess.py:106} INFO - 2025-04-14 23:42:02 [scrapy.core.engine] INFO: Closing spider (finished)
[2025-04-14T23:42:03.190+0000] {subprocess.py:106} INFO - 2025-04-14 23:42:02 [scrapy.extensions.feedexport] INFO: Stored csv feed (110 items) in: /opt/***/dags/scrap_result.csv
[2025-04-14T23:42:03.192+0000] {subprocess.py:106} INFO - 2025-04-14 23:42:02 [scrapy.statscollectors] INFO: Dumping Scrapy stats:
[2025-04-14T23:42:03.194+0000] {subprocess.py:106} INFO - {'downloader/request_bytes': 2450,
[2025-04-14T23:42:03.195+0000] {subprocess.py:106} INFO -  'downloader/request_count': 3,
[2025-04-14T23:42:03.197+0000] {subprocess.py:106} INFO -  'downloader/request_method_count/GET': 3,
[2025-04-14T23:42:03.198+0000] {subprocess.py:106} INFO -  'downloader/response_bytes': 283621,
[2025-04-14T23:42:03.200+0000] {subprocess.py:106} INFO -  'downloader/response_count': 3,
[2025-04-14T23:42:03.202+0000] {subprocess.py:106} INFO -  'downloader/response_status_count/200': 3,
[2025-04-14T23:42:03.203+0000] {subprocess.py:106} INFO -  'elapsed_time_seconds': 3.677315,
[2025-04-14T23:42:03.204+0000] {subprocess.py:106} INFO -  'feedexport/success_count/FileFeedStorage': 1,
[2025-04-14T23:42:03.206+0000] {subprocess.py:106} INFO -  'finish_reason': 'finished',
[2025-04-14T23:42:03.207+0000] {subprocess.py:106} INFO -  'finish_time': datetime.datetime(2025, 4, 14, 23, 42, 2, 590268, tzinfo=datetime.timezone.utc),
[2025-04-14T23:42:03.209+0000] {subprocess.py:106} INFO -  'httpcompression/response_bytes': 2092123,
[2025-04-14T23:42:03.211+0000] {subprocess.py:106} INFO -  'httpcompression/response_count': 3,
[2025-04-14T23:42:03.212+0000] {subprocess.py:106} INFO -  'item_scraped_count': 110,
[2025-04-14T23:42:03.213+0000] {subprocess.py:106} INFO -  'items_per_minute': None,
[2025-04-14T23:42:03.215+0000] {subprocess.py:106} INFO -  'log_count/DEBUG': 114,
[2025-04-14T23:42:03.216+0000] {subprocess.py:106} INFO -  'log_count/INFO': 11,
[2025-04-14T23:42:03.218+0000] {subprocess.py:106} INFO -  'memusage/max': 218746880,
[2025-04-14T23:42:03.219+0000] {subprocess.py:106} INFO -  'memusage/startup': 218746880,
[2025-04-14T23:42:03.222+0000] {subprocess.py:106} INFO -  'request_depth_max': 1,
[2025-04-14T23:42:03.223+0000] {subprocess.py:106} INFO -  'response_received_count': 3,
[2025-04-14T23:42:03.225+0000] {subprocess.py:106} INFO -  'responses_per_minute': None,
[2025-04-14T23:42:03.227+0000] {subprocess.py:106} INFO -  'scheduler/dequeued': 3,
[2025-04-14T23:42:03.228+0000] {subprocess.py:106} INFO -  'scheduler/dequeued/memory': 3,
[2025-04-14T23:42:03.230+0000] {subprocess.py:106} INFO -  'scheduler/enqueued': 3,
[2025-04-14T23:42:03.232+0000] {subprocess.py:106} INFO -  'scheduler/enqueued/memory': 3,
[2025-04-14T23:42:03.233+0000] {subprocess.py:106} INFO -  'start_time': datetime.datetime(2025, 4, 14, 23, 41, 58, 912953, tzinfo=datetime.timezone.utc)}
[2025-04-14T23:42:03.235+0000] {subprocess.py:106} INFO - 2025-04-14 23:42:02 [scrapy.core.engine] INFO: Spider closed (finished)
[2025-04-14T23:42:03.237+0000] {subprocess.py:106} INFO - 
[2025-04-14T23:42:03.238+0000] {subprocess.py:106} INFO - GARRAFA STANLEY AEROLIGHT FAST FLOW 1.1Lt ORIGINAL TODAS AS CORES
[2025-04-14T23:42:03.240+0000] {subprocess.py:106} INFO - [R$ 332,00]
[2025-04-14T23:42:03.242+0000] {subprocess.py:106} INFO - 4.2 (6)
[2025-04-14T23:42:03.243+0000] {subprocess.py:106} INFO - Garrafa stanley aerolight fast flow 710ml original todas as cores
[2025-04-14T23:42:03.245+0000] {subprocess.py:106} INFO - [R$ 304,10]
[2025-04-14T23:42:03.247+0000] {subprocess.py:106} INFO - 5.0 (1)
[2025-04-14T23:42:03.248+0000] {subprocess.py:106} INFO - Garrafa Térmica Aerolight Stanley Fast Flow 710ml - Matte Black
[2025-04-14T23:42:03.250+0000] {subprocess.py:106} INFO - [R$ 287,37]
[2025-04-14T23:42:03.251+0000] {subprocess.py:106} INFO - 5.0 (1)
[2025-04-14T23:42:03.253+0000] {subprocess.py:106} INFO - Garrafa Térmica Stanley Aerolight Fast Flow Lavender 710ML - STANLEY PMI
[2025-04-14T23:42:03.255+0000] {subprocess.py:106} INFO - [R$ 289,97]
[2025-04-14T23:42:03.256+0000] {subprocess.py:106} INFO - None
[2025-04-14T23:42:03.259+0000] {subprocess.py:106} INFO - Stanley Garrafa Térmica Aerolight Original Fast Flow Branco Polar 710ml
[2025-04-14T23:42:03.262+0000] {subprocess.py:106} INFO - [R$ 332,10]
[2025-04-14T23:42:03.263+0000] {subprocess.py:106} INFO - None
[2025-04-14T23:42:03.265+0000] {subprocess.py:106} INFO - Garrafa Térmica Aerolight Stanley Fast Flow 1,1L - Tigerlily
[2025-04-14T23:42:03.267+0000] {subprocess.py:106} INFO - [R$ 315,27]
[2025-04-14T23:42:03.268+0000] {subprocess.py:106} INFO - 5.0 (1)
[2025-04-14T23:42:03.270+0000] {subprocess.py:106} INFO - Garrafa Térmica Stanley Aerolight Fast Flow 1.1L Pink
[2025-04-14T23:42:03.272+0000] {subprocess.py:106} INFO - [R$ 289,23]
[2025-04-14T23:42:03.274+0000] {subprocess.py:106} INFO - None
[2025-04-14T23:42:03.276+0000] {subprocess.py:106} INFO - Garrafa Térmica Aerolight Fast Flow Matte Black 1,1L Stanley
[2025-04-14T23:42:03.278+0000] {subprocess.py:106} INFO - [R$ 351,23]
[2025-04-14T23:42:03.280+0000] {subprocess.py:106} INFO - 4.2 (6)
[2025-04-14T23:42:03.281+0000] {subprocess.py:106} INFO - Garrafa Térmica Stanley Aerolight Fast Flow Matte Black 710ML
[2025-04-14T23:42:03.283+0000] {subprocess.py:106} INFO - [R$ 272,49]
[2025-04-14T23:42:03.285+0000] {subprocess.py:106} INFO - 5.0 (1)
[2025-04-14T23:42:03.286+0000] {subprocess.py:106} INFO - Garrafa Térmica Aerolight Stanley Fast Flow 710ml - Lavender
[2025-04-14T23:42:03.288+0000] {subprocess.py:106} INFO - [R$ 287,37]
[2025-04-14T23:42:03.290+0000] {subprocess.py:106} INFO - None
[2025-04-14T23:42:03.292+0000] {subprocess.py:106} INFO - Garrafa Térmica Stanley Aerolight Fast Flow Branco Polar 1,1 Litros
[2025-04-14T23:42:03.294+0000] {subprocess.py:106} INFO - [R$ 299,46]
[2025-04-14T23:42:03.295+0000] {subprocess.py:106} INFO - None
[2025-04-14T23:42:03.297+0000] {subprocess.py:106} INFO - Garrafa Térmica Aerolight Stanley Fast Flow 1,1L - Citron
[2025-04-14T23:42:03.299+0000] {subprocess.py:106} INFO - [R$ 315,27]
[2025-04-14T23:42:03.300+0000] {subprocess.py:106} INFO - None
[2025-04-14T23:42:03.301+0000] {subprocess.py:106} INFO - Garrafa Térmica Aerolight Stanley Fast Flow 1,1L - Polar
[2025-04-14T23:42:03.303+0000] {subprocess.py:106} INFO - [R$ 315,27]
[2025-04-14T23:42:03.305+0000] {subprocess.py:106} INFO - None
[2025-04-14T23:42:03.307+0000] {subprocess.py:106} INFO - Garrafa Térmica Stanley Aerolight Fast Flow Citron 710ML
[2025-04-14T23:42:03.309+0000] {subprocess.py:106} INFO - [R$ 272,49]
[2025-04-14T23:42:03.311+0000] {subprocess.py:106} INFO - None
[2025-04-14T23:42:03.312+0000] {subprocess.py:106} INFO - Garrafa Térmica Stanley Aerolight Fast Flow Original Laranja Tigerlily 1,1 L
[2025-04-14T23:42:03.314+0000] {subprocess.py:106} INFO - [R$ 379,00]
[2025-04-14T23:42:03.315+0000] {subprocess.py:106} INFO - 5.0 (1)
[2025-04-14T23:42:03.317+0000] {subprocess.py:106} INFO - Garrafa Térmica Aerolight Laranja Fast Flow Tigerlily 1,1L Stanley
[2025-04-14T23:42:03.318+0000] {subprocess.py:106} INFO - [R$ 344,01]
[2025-04-14T23:42:03.320+0000] {subprocess.py:106} INFO - 5.0 (1)
[2025-04-14T23:42:03.322+0000] {subprocess.py:106} INFO - Garrafa stanley térmica aerolight fast flow em aço inox 710ml lavender 08241-00
[2025-04-14T23:42:03.324+0000] {subprocess.py:106} INFO - [R$ 324,57]
[2025-04-14T23:42:03.325+0000] {subprocess.py:106} INFO - None
[2025-04-14T23:42:03.327+0000] {subprocess.py:106} INFO - Garrafa stanley térmica aerolight fast flow 1,1 litros laranja tigerlily 08242-00
[2025-04-14T23:42:03.331+0000] {subprocess.py:106} INFO - [R$ 343,17]
[2025-04-14T23:42:03.334+0000] {subprocess.py:106} INFO - 5.0 (1)
[2025-04-14T23:42:03.336+0000] {subprocess.py:106} INFO - Garrafa Térmica Stanley Aerolight Fast Flow 710ml Rosa Claro
[2025-04-14T23:42:03.338+0000] {subprocess.py:106} INFO - [R$ 268,57]
[2025-04-14T23:42:03.339+0000] {subprocess.py:106} INFO - None
[2025-04-14T23:42:03.341+0000] {subprocess.py:106} INFO - Garrafa Térmica Stanley Aerolight Fast Flow 1.1L Verde Água
[2025-04-14T23:42:03.343+0000] {subprocess.py:106} INFO - [R$ 289,23]
[2025-04-14T23:42:03.345+0000] {subprocess.py:106} INFO - None
[2025-04-14T23:42:03.348+0000] {subprocess.py:106} INFO - Garrafa Térmica Stanley Aerolight Fast Flow Branco Polar 1,1 Litros - STANLEY PMI
[2025-04-14T23:42:03.349+0000] {subprocess.py:106} INFO - [R$ 399,00]
[2025-04-14T23:42:03.351+0000] {subprocess.py:106} INFO - None
[2025-04-14T23:42:03.352+0000] {subprocess.py:106} INFO - Garrafa Térmica Stanley Aerolight Fast Flow Matte Black 710ML - STANLEY PMI
[2025-04-14T23:42:03.355+0000] {subprocess.py:106} INFO - [R$ 365,00]
[2025-04-14T23:42:03.356+0000] {subprocess.py:106} INFO - 5.0 (1)
[2025-04-14T23:42:03.358+0000] {subprocess.py:106} INFO - Garrafa stanley térmica aerolight fast flow em aço inox 710ml laranja tigerlily 08204-00
[2025-04-14T23:42:03.360+0000] {subprocess.py:106} INFO - [R$ 324,57]
[2025-04-14T23:42:03.362+0000] {subprocess.py:106} INFO - None
[2025-04-14T23:42:03.363+0000] {subprocess.py:106} INFO - Garrafa stanley térmica aerolight fast flow em aço inox 710ml vivid violet 08405-00
[2025-04-14T23:42:03.365+0000] {subprocess.py:106} INFO - [R$ 324,57]
[2025-04-14T23:42:03.366+0000] {subprocess.py:106} INFO - None
[2025-04-14T23:42:03.368+0000] {subprocess.py:106} INFO - Garrafa Térmica Stanley Aerolight Fast Flow 710ml Lilás
[2025-04-14T23:42:03.370+0000] {subprocess.py:106} INFO - [R$ 268,57]
[2025-04-14T23:42:03.371+0000] {subprocess.py:106} INFO - None
[2025-04-14T23:42:03.373+0000] {subprocess.py:106} INFO - Garrafa Térmica Stanley Aerolight Fast Flow Branco Polar 1,1 Litros - STANLEY PMI
[2025-04-14T23:42:03.375+0000] {subprocess.py:106} INFO - [R$ 385,90]
[2025-04-14T23:42:03.377+0000] {subprocess.py:106} INFO - None
[2025-04-14T23:42:03.379+0000] {subprocess.py:106} INFO - Garrafa Térmica Stanley Aerolight Fast Flow 710 ML Azul 0838
[2025-04-14T23:42:03.380+0000] {subprocess.py:106} INFO - [R$ 369,90]
[2025-04-14T23:42:03.382+0000] {subprocess.py:106} INFO - None
[2025-04-14T23:42:03.384+0000] {subprocess.py:106} INFO - Garrafa stanley térmica aerolight fast flow 1,1 litros branco polar 08207-00
[2025-04-14T23:42:03.387+0000] {subprocess.py:106} INFO - [R$ 343,17]
[2025-04-14T23:42:03.389+0000] {subprocess.py:106} INFO - None
[2025-04-14T23:42:03.390+0000] {subprocess.py:106} INFO - Garrafa Térmica Stanley Aerolight Fast Flow 710ml Azul Claro
[2025-04-14T23:42:03.392+0000] {subprocess.py:106} INFO - [R$ 268,57]
[2025-04-14T23:42:03.393+0000] {subprocess.py:106} INFO - None
[2025-04-14T23:42:03.395+0000] {subprocess.py:106} INFO - Garrafa termica stanley aerolight fast flow tigerlily 1,1l cod8208 cx6
[2025-04-14T23:42:03.396+0000] {subprocess.py:106} INFO - [R$ 434,37]
[2025-04-14T23:42:03.398+0000] {subprocess.py:106} INFO - 5.0 (1)
[2025-04-14T23:42:03.400+0000] {subprocess.py:106} INFO - Garrafa Térmica Stanley Aerolight Fast Flow Branco Polar 710
[2025-04-14T23:42:03.401+0000] {subprocess.py:106} INFO - [R$ 361,00]
[2025-04-14T23:42:03.403+0000] {subprocess.py:106} INFO - None
[2025-04-14T23:42:03.404+0000] {subprocess.py:106} INFO - Garrafa Térmica Stanley IceFlow Aerolight Fast Flow 700ml - Cinza
[2025-04-14T23:42:03.406+0000] {subprocess.py:106} INFO - [R$ 448,45]
[2025-04-14T23:42:03.407+0000] {subprocess.py:106} INFO - None
[2025-04-14T23:42:03.409+0000] {subprocess.py:106} INFO - Garrafa Térmica STanley Aerolight Fast Flow 1,1L
[2025-04-14T23:42:03.410+0000] {subprocess.py:106} INFO - [R$ 368,18]
[2025-04-14T23:42:03.412+0000] {subprocess.py:106} INFO - None
[2025-04-14T23:42:03.413+0000] {subprocess.py:106} INFO - Garrafa Térmica Stanley Aerolight Fast Flow Citron 1,1 Litros - STANLEY PMI
[2025-04-14T23:42:03.415+0000] {subprocess.py:106} INFO - [R$ 359,43]
[2025-04-14T23:42:03.416+0000] {subprocess.py:106} INFO - None
[2025-04-14T23:42:03.418+0000] {subprocess.py:106} INFO - Garrafa Térmica Aerolight Fast Flow 1,1L Polar Stanley
[2025-04-14T23:42:03.419+0000] {subprocess.py:106} INFO - [R$ 379,00]
[2025-04-14T23:42:03.422+0000] {subprocess.py:106} INFO - None
[2025-04-14T23:42:03.424+0000] {subprocess.py:106} INFO - Garrafa Térmica Aerolight Fast Flow Tigerlily 710ml Stanley
[2025-04-14T23:42:03.426+0000] {subprocess.py:106} INFO - [R$ 289,23]
[2025-04-14T23:42:03.430+0000] {subprocess.py:106} INFO - None
[2025-04-14T23:42:03.432+0000] {subprocess.py:106} INFO - Garrafa stanley térmica aerolight fast flow em aço inox 710ml azul tropical teal 08406-00
[2025-04-14T23:42:03.434+0000] {subprocess.py:106} INFO - [R$ 324,57]
[2025-04-14T23:42:03.436+0000] {subprocess.py:106} INFO - None
[2025-04-14T23:42:03.438+0000] {subprocess.py:106} INFO - Garrafa Térmica Stanley Aerolight Fast Flow Citron 1,1 Litros - STANLEY PMI
[2025-04-14T23:42:03.440+0000] {subprocess.py:106} INFO - [R$ 385,90]
[2025-04-14T23:42:03.442+0000] {subprocess.py:106} INFO - None
[2025-04-14T23:42:03.444+0000] {subprocess.py:106} INFO - Garrafa Térmica Stanley Aerolight Fast Flow 710ml Verde Água
[2025-04-14T23:42:03.446+0000] {subprocess.py:106} INFO - [R$ 268,57]
[2025-04-14T23:42:03.448+0000] {subprocess.py:106} INFO - None
[2025-04-14T23:42:03.450+0000] {subprocess.py:106} INFO - Garrafa Térmica Aerolight Fast Flow Stanley 710ML
[2025-04-14T23:42:03.452+0000] {subprocess.py:106} INFO - [R$ 359,91]
[2025-04-14T23:42:03.454+0000] {subprocess.py:106} INFO - None
[2025-04-14T23:42:03.456+0000] {subprocess.py:106} INFO - Garrafa Térmica Aerolight Fast Flow Polar 1,1L Stanley
[2025-04-14T23:42:03.458+0000] {subprocess.py:106} INFO - [R$ 351,23]
[2025-04-14T23:42:03.460+0000] {subprocess.py:106} INFO - None
[2025-04-14T23:42:03.461+0000] {subprocess.py:106} INFO - Garrafa Térmica Stanley Aerolight Fast Flow Citron 710ML - STANLEY PMI
[2025-04-14T23:42:03.463+0000] {subprocess.py:106} INFO - [R$ 419,90]
[2025-04-14T23:42:03.465+0000] {subprocess.py:106} INFO - None
[2025-04-14T23:42:03.466+0000] {subprocess.py:106} INFO - Garrafa Térmica Aerolight Fast Flow Heat Wave Passion Pink 710ML Stanley
[2025-04-14T23:42:03.468+0000] {subprocess.py:106} INFO - [R$ 306,81]
[2025-04-14T23:42:03.470+0000] {subprocess.py:106} INFO - None
[2025-04-14T23:42:03.472+0000] {subprocess.py:106} INFO - Garrafa stanley térmica aerolight fast flow em aço inox 710ml passion pink 08404-00
[2025-04-14T23:42:03.473+0000] {subprocess.py:106} INFO - [R$ 324,57]
[2025-04-14T23:42:03.475+0000] {subprocess.py:106} INFO - None
[2025-04-14T23:42:03.477+0000] {subprocess.py:106} INFO - Garrafa Térmica STanley Aerolight Fast Flow 1,1L
[2025-04-14T23:42:03.480+0000] {subprocess.py:106} INFO - [R$ 368,18]
[2025-04-14T23:42:03.482+0000] {subprocess.py:106} INFO - None
[2025-04-14T23:42:03.484+0000] {subprocess.py:106} INFO - Garrafa Térmica Stanley Aerolight Fast Flow Citron 1,1 Litros - STANLEY PMI
[2025-04-14T23:42:03.486+0000] {subprocess.py:106} INFO - [R$ 371,07]
[2025-04-14T23:42:03.488+0000] {subprocess.py:106} INFO - None
[2025-04-14T23:42:03.490+0000] {subprocess.py:106} INFO - Garrafa stanley térmica aerolight fast flow 710ml matte black 08202-00
[2025-04-14T23:42:03.492+0000] {subprocess.py:106} INFO - [R$ 324,57]
[2025-04-14T23:42:03.495+0000] {subprocess.py:106} INFO - 5.0 (1)
[2025-04-14T23:42:03.498+0000] {subprocess.py:106} INFO - Garrafa Térmica Stanley Aerolight Fast Flow 710ml Verde Limão
[2025-04-14T23:42:03.500+0000] {subprocess.py:106} INFO - [R$ 268,57]
[2025-04-14T23:42:03.502+0000] {subprocess.py:106} INFO - None
[2025-04-14T23:42:03.505+0000] {subprocess.py:106} INFO - Garrafa Térmica Stanley Aerolight Fast Flow Branco Polar 710ML - STANLEY PMI
[2025-04-14T23:42:03.507+0000] {subprocess.py:106} INFO - [R$ 369,90]
[2025-04-14T23:42:03.511+0000] {subprocess.py:106} INFO - None
[2025-04-14T23:42:03.513+0000] {subprocess.py:106} INFO - Garrafa Térmica Aerolight Fast Flow Stanley Citron 710 Ml
[2025-04-14T23:42:03.516+0000] {subprocess.py:106} INFO - [R$ 365,00]
[2025-04-14T23:42:03.518+0000] {subprocess.py:106} INFO - None
[2025-04-14T23:42:03.520+0000] {subprocess.py:106} INFO - Garrafa Térmica Stanley Aerolight Fast Flow Citron 1,1 Litros - STANLEY PMI
[2025-04-14T23:42:03.522+0000] {subprocess.py:106} INFO - [R$ 489,00]
[2025-04-14T23:42:03.524+0000] {subprocess.py:106} INFO - None
[2025-04-14T23:42:03.526+0000] {subprocess.py:106} INFO - Garrafa Térmica Stanley Aerolight Fast Flow 0.7L Verde 08205
[2025-04-14T23:42:03.530+0000] {subprocess.py:106} INFO - [R$ 344,01]
[2025-04-14T23:42:03.531+0000] {subprocess.py:106} INFO - None
[2025-04-14T23:42:03.533+0000] {subprocess.py:106} INFO - Garrafa Térmico Aerolight Fast Flow 710 Ml Citron Stanley
[2025-04-14T23:42:03.535+0000] {subprocess.py:106} INFO - [R$ 329,57]
[2025-04-14T23:42:03.538+0000] {subprocess.py:106} INFO - None
[2025-04-14T23:42:03.541+0000] {subprocess.py:106} INFO - Garrafa Térmica Aerolight Fast Flow Polar 1,1L
[2025-04-14T23:42:03.544+0000] {subprocess.py:106} INFO - [R$ 479,99]
[2025-04-14T23:42:03.548+0000] {subprocess.py:106} INFO - None
[2025-04-14T23:42:03.551+0000] {subprocess.py:106} INFO - Garrafa Térmica Stanley Aerolight Fast Flow Lavender 710ML - STANLEY PMI
[2025-04-14T23:42:03.552+0000] {subprocess.py:106} INFO - [R$ 361,77]
[2025-04-14T23:42:03.554+0000] {subprocess.py:106} INFO - None
[2025-04-14T23:42:03.557+0000] {subprocess.py:110} INFO - Command exited with return code 0
[2025-04-14T23:42:03.671+0000] {taskinstance.py:341} INFO - ::group::Post task execution logs
[2025-04-14T23:42:03.674+0000] {taskinstance.py:353} INFO - Marking task as SUCCESS. dag_id=pipeline_garrafa_stanley, task_id=scrap_magalu, run_id=manual__2025-04-14T23:41:51.629619+00:00, execution_date=20250414T234151, start_date=20250414T234155, end_date=20250414T234203
[2025-04-14T23:42:03.862+0000] {local_task_job_runner.py:266} INFO - Task exited with return code 0
[2025-04-14T23:42:03.954+0000] {taskinstance.py:3901} INFO - 1 downstream tasks scheduled from follow-on schedule check
[2025-04-14T23:42:03.959+0000] {local_task_job_runner.py:245} INFO - ::endgroup::
