[2025-04-15T01:45:11.663+0000] {local_task_job_runner.py:123} INFO - ::group::Pre task execution logs
[2025-04-15T01:45:11.732+0000] {taskinstance.py:2614} INFO - Dependencies all met for dep_context=non-requeueable deps ti=<TaskInstance: pipeline_garrafa_stanley.ai_feedback manual__2025-04-15T01:44:36.074249+00:00 [queued]>
[2025-04-15T01:45:11.754+0000] {taskinstance.py:2614} INFO - Dependencies all met for dep_context=requeueable deps ti=<TaskInstance: pipeline_garrafa_stanley.ai_feedback manual__2025-04-15T01:44:36.074249+00:00 [queued]>
[2025-04-15T01:45:11.756+0000] {taskinstance.py:2867} INFO - Starting attempt 1 of 1
[2025-04-15T01:45:11.783+0000] {taskinstance.py:2890} INFO - Executing <Task(PythonOperator): ai_feedback> on 2025-04-15 01:44:36.074249+00:00
[2025-04-15T01:45:11.801+0000] {warnings.py:112} WARNING - /home/***/.local/lib/python3.12/site-packages/***/task/task_runner/standard_task_runner.py:70: DeprecationWarning: This process (pid=523) is multi-threaded, use of fork() may lead to deadlocks in the child.
  pid = os.fork()

[2025-04-15T01:45:11.805+0000] {standard_task_runner.py:72} INFO - Started process 525 to run task
[2025-04-15T01:45:11.804+0000] {standard_task_runner.py:104} INFO - Running: ['***', 'tasks', 'run', 'pipeline_garrafa_stanley', 'ai_feedback', 'manual__2025-04-15T01:44:36.074249+00:00', '--job-id', '190', '--raw', '--subdir', 'DAGS_FOLDER/pipeline.py', '--cfg-path', '/tmp/tmp5dw1kjc0']
[2025-04-15T01:45:11.811+0000] {standard_task_runner.py:105} INFO - Job 190: Subtask ai_feedback
[2025-04-15T01:45:11.982+0000] {task_command.py:467} INFO - Running <TaskInstance: pipeline_garrafa_stanley.ai_feedback manual__2025-04-15T01:44:36.074249+00:00 [running]> on host 28ab01396367
[2025-04-15T01:45:12.247+0000] {taskinstance.py:3134} INFO - Exporting env vars: AIRFLOW_CTX_DAG_OWNER='***' AIRFLOW_CTX_DAG_ID='pipeline_garrafa_stanley' AIRFLOW_CTX_TASK_ID='ai_feedback' AIRFLOW_CTX_EXECUTION_DATE='2025-04-15T01:44:36.074249+00:00' AIRFLOW_CTX_TRY_NUMBER='1' AIRFLOW_CTX_DAG_RUN_ID='manual__2025-04-15T01:44:36.074249+00:00'
[2025-04-15T01:45:12.250+0000] {taskinstance.py:732} INFO - ::endgroup::
[2025-04-15T01:45:12.313+0000] {logging_mixin.py:190} INFO - "[{'preco': 272.5447833433377, 'data': '12/04/2025', 'capacidade': '710ml'}, {'preco': 269.0608313067965, 'data': '11/04/2025', 'capacidade': '710ml'}, {'preco': 364.98922935779837, 'data': '14/04/2025', 'capacidade': '1100ml'}, {'preco': 316.3198969072181, 'data': '14/04/2025', 'capacidade': '710ml'}, {'preco': 337.8895705952379, 'data': '12/04/2025', 'capacidade': '1100ml'}, {'preco': 318.1058593750018, 'data': '15/04/2025', 'capacidade': '710ml'}, {'preco': 332.5330719410694, 'data': '11/04/2025', 'capacidade': '1100ml'}, {'preco': 364.5619397993316, 'data': '15/04/2025', 'capacidade': '1100ml'}]"
[2025-04-15T01:45:14.705+0000] {logging_mixin.py:190} INFO - {'content': {'parts': [{'text': '{\n  "analise": "O preço do produto de 710ml subiu aproximadamente 18% entre 11/04/2025 e 15/04/2025, enquanto o produto de 1100ml teve um aumento de cerca de 9.6% no mesmo período.",\n  "insight": "Considerando o aumento nos preços, uma campanha de marketing focada em destacar o custo-benefício dos produtos, especialmente o de 1100ml, pode ser eficaz para impulsionar as vendas."\n}'}], 'role': 'model'}, 'finishReason': 'STOP', 'avgLogprobs': -0.06159467545766679}
[2025-04-15T01:45:14.708+0000] {python.py:240} INFO - Done. Returned value was: None
[2025-04-15T01:45:14.741+0000] {taskinstance.py:341} INFO - ::group::Post task execution logs
[2025-04-15T01:45:14.743+0000] {taskinstance.py:353} INFO - Marking task as SUCCESS. dag_id=pipeline_garrafa_stanley, task_id=ai_feedback, run_id=manual__2025-04-15T01:44:36.074249+00:00, execution_date=20250415T014436, start_date=20250415T014511, end_date=20250415T014514
[2025-04-15T01:45:14.972+0000] {local_task_job_runner.py:266} INFO - Task exited with return code 0
[2025-04-15T01:45:15.036+0000] {taskinstance.py:3901} INFO - 1 downstream tasks scheduled from follow-on schedule check
[2025-04-15T01:45:15.040+0000] {local_task_job_runner.py:245} INFO - ::endgroup::
