[2025-04-14T23:47:29.664+0000] {local_task_job_runner.py:123} INFO - ::group::Pre task execution logs
[2025-04-14T23:47:29.843+0000] {taskinstance.py:2614} INFO - Dependencies all met for dep_context=non-requeueable deps ti=<TaskInstance: pipeline_garrafa_stanley.storage_scrap manual__2025-04-14T23:47:03.211802+00:00 [queued]>
[2025-04-14T23:47:29.884+0000] {taskinstance.py:2614} INFO - Dependencies all met for dep_context=requeueable deps ti=<TaskInstance: pipeline_garrafa_stanley.storage_scrap manual__2025-04-14T23:47:03.211802+00:00 [queued]>
[2025-04-14T23:47:29.889+0000] {taskinstance.py:2867} INFO - Starting attempt 1 of 1
[2025-04-14T23:47:29.936+0000] {taskinstance.py:2890} INFO - Executing <Task(PythonOperator): storage_scrap> on 2025-04-14 23:47:03.211802+00:00
[2025-04-14T23:47:29.961+0000] {warnings.py:112} WARNING - /home/***/.local/lib/python3.12/site-packages/***/task/task_runner/standard_task_runner.py:70: DeprecationWarning: This process (pid=3121) is multi-threaded, use of fork() may lead to deadlocks in the child.
  pid = os.fork()

[2025-04-14T23:47:29.967+0000] {standard_task_runner.py:72} INFO - Started process 3123 to run task
[2025-04-14T23:47:29.966+0000] {standard_task_runner.py:104} INFO - Running: ['***', 'tasks', 'run', 'pipeline_garrafa_stanley', 'storage_scrap', 'manual__2025-04-14T23:47:03.211802+00:00', '--job-id', '104', '--raw', '--subdir', 'DAGS_FOLDER/pipeline.py', '--cfg-path', '/tmp/tmpr0_9ncg3']
[2025-04-14T23:47:29.976+0000] {standard_task_runner.py:105} INFO - Job 104: Subtask storage_scrap
[2025-04-14T23:47:30.305+0000] {task_command.py:467} INFO - Running <TaskInstance: pipeline_garrafa_stanley.storage_scrap manual__2025-04-14T23:47:03.211802+00:00 [running]> on host a68e7f38875d
[2025-04-14T23:47:30.821+0000] {taskinstance.py:3134} INFO - Exporting env vars: AIRFLOW_CTX_DAG_OWNER='***' AIRFLOW_CTX_DAG_ID='pipeline_garrafa_stanley' AIRFLOW_CTX_TASK_ID='storage_scrap' AIRFLOW_CTX_EXECUTION_DATE='2025-04-14T23:47:03.211802+00:00' AIRFLOW_CTX_TRY_NUMBER='1' AIRFLOW_CTX_DAG_RUN_ID='manual__2025-04-14T23:47:03.211802+00:00'
[2025-04-14T23:47:30.830+0000] {taskinstance.py:732} INFO - ::endgroup::
[2025-04-14T23:47:30.926+0000] {logging_mixin.py:190} INFO - Bucket bucket-coleta already exists
[2025-04-14T23:47:31.001+0000] {logging_mixin.py:190} INFO - /opt/***/dags/scrap_result.csv Arquivado com Sucesso  scrap_result_2025-04-14_23:47:27.csv no repositório bucket-coleta
[2025-04-14T23:47:31.006+0000] {python.py:240} INFO - Done. Returned value was: None
[2025-04-14T23:47:31.077+0000] {taskinstance.py:341} INFO - ::group::Post task execution logs
[2025-04-14T23:47:31.082+0000] {taskinstance.py:353} INFO - Marking task as SUCCESS. dag_id=pipeline_garrafa_stanley, task_id=storage_scrap, run_id=manual__2025-04-14T23:47:03.211802+00:00, execution_date=20250414T234703, start_date=20250414T234729, end_date=20250414T234731
[2025-04-14T23:47:31.337+0000] {local_task_job_runner.py:266} INFO - Task exited with return code 0
[2025-04-14T23:47:31.477+0000] {taskinstance.py:3901} INFO - 1 downstream tasks scheduled from follow-on schedule check
[2025-04-14T23:47:31.488+0000] {local_task_job_runner.py:245} INFO - ::endgroup::
