[2025-04-14T23:36:30.252+0000] {local_task_job_runner.py:123} INFO - ::group::Pre task execution logs
[2025-04-14T23:36:30.332+0000] {taskinstance.py:2614} INFO - Dependencies all met for dep_context=non-requeueable deps ti=<TaskInstance: pipeline_garrafa_stanley.scrap_magalu manual__2025-04-14T23:36:27.273465+00:00 [queued]>
[2025-04-14T23:36:30.356+0000] {taskinstance.py:2614} INFO - Dependencies all met for dep_context=requeueable deps ti=<TaskInstance: pipeline_garrafa_stanley.scrap_magalu manual__2025-04-14T23:36:27.273465+00:00 [queued]>
[2025-04-14T23:36:30.359+0000] {taskinstance.py:2867} INFO - Starting attempt 1 of 1
[2025-04-14T23:36:30.410+0000] {taskinstance.py:2890} INFO - Executing <Task(BashOperator): scrap_magalu> on 2025-04-14 23:36:27.273465+00:00
[2025-04-14T23:36:30.426+0000] {warnings.py:112} WARNING - /home/***/.local/lib/python3.12/site-packages/***/task/task_runner/standard_task_runner.py:70: DeprecationWarning: This process (pid=2908) is multi-threaded, use of fork() may lead to deadlocks in the child.
  pid = os.fork()

[2025-04-14T23:36:30.431+0000] {standard_task_runner.py:72} INFO - Started process 2910 to run task
[2025-04-14T23:36:30.432+0000] {standard_task_runner.py:104} INFO - Running: ['***', 'tasks', 'run', 'pipeline_garrafa_stanley', 'scrap_magalu', 'manual__2025-04-14T23:36:27.273465+00:00', '--job-id', '91', '--raw', '--subdir', 'DAGS_FOLDER/pipeline.py', '--cfg-path', '/tmp/tmp4gdhwdyc']
[2025-04-14T23:36:30.440+0000] {standard_task_runner.py:105} INFO - Job 91: Subtask scrap_magalu
[2025-04-14T23:36:30.646+0000] {task_command.py:467} INFO - Running <TaskInstance: pipeline_garrafa_stanley.scrap_magalu manual__2025-04-14T23:36:27.273465+00:00 [running]> on host a68e7f38875d
[2025-04-14T23:36:31.188+0000] {taskinstance.py:3134} INFO - Exporting env vars: AIRFLOW_CTX_DAG_OWNER='Mário Kojima' AIRFLOW_CTX_DAG_ID='pipeline_garrafa_stanley' AIRFLOW_CTX_TASK_ID='scrap_magalu' AIRFLOW_CTX_EXECUTION_DATE='2025-04-14T23:36:27.273465+00:00' AIRFLOW_CTX_TRY_NUMBER='1' AIRFLOW_CTX_DAG_RUN_ID='manual__2025-04-14T23:36:27.273465+00:00'
[2025-04-14T23:36:31.192+0000] {taskinstance.py:732} INFO - ::endgroup::
[2025-04-14T23:36:31.242+0000] {subprocess.py:78} INFO - Tmp dir root location: /tmp
[2025-04-14T23:36:31.248+0000] {subprocess.py:88} INFO - Running command: ['/usr/bin/bash', '-c', 'scrapy runspider /opt/***/dags/scrap_magalu.py -O /opt/***/dags/scrap_result.csv']
[2025-04-14T23:36:31.288+0000] {subprocess.py:99} INFO - Output:
[2025-04-14T23:36:33.798+0000] {subprocess.py:106} INFO - 2025-04-14 23:36:33 [scrapy.utils.log] INFO: Scrapy 2.12.0 started (bot: scrapybot)
[2025-04-14T23:36:33.804+0000] {subprocess.py:106} INFO - 2025-04-14 23:36:33 [scrapy.utils.log] INFO: Versions: lxml 5.3.0.0, libxml2 2.12.9, cssselect 1.3.0, parsel 1.10.0, w3lib 2.3.1, Twisted 24.11.0, Python 3.12.9 (main, Feb  6 2025, 22:37:05) [GCC 12.2.0], pyOpenSSL 24.3.0 (OpenSSL 3.2.2 4 Jun 2024), cryptography 42.0.8, Platform Linux-5.10.76-linuxkit-x86_64-with-glibc2.36
[2025-04-14T23:36:33.812+0000] {subprocess.py:106} INFO - 2025-04-14 23:36:33 [scrapy.addons] INFO: Enabled addons:
[2025-04-14T23:36:33.814+0000] {subprocess.py:106} INFO - []
[2025-04-14T23:36:33.816+0000] {subprocess.py:106} INFO - 2025-04-14 23:36:33 [scrapy.utils.log] DEBUG: Using reactor: twisted.internet.epollreactor.EPollReactor
[2025-04-14T23:36:33.820+0000] {subprocess.py:106} INFO - 2025-04-14 23:36:33 [scrapy.extensions.telnet] INFO: Telnet Password: 5ca07368fa761989
[2025-04-14T23:36:33.915+0000] {subprocess.py:106} INFO - 2025-04-14 23:36:33 [scrapy.middleware] INFO: Enabled extensions:
[2025-04-14T23:36:33.917+0000] {subprocess.py:106} INFO - ['scrapy.extensions.corestats.CoreStats',
[2025-04-14T23:36:33.919+0000] {subprocess.py:106} INFO -  'scrapy.extensions.telnet.TelnetConsole',
[2025-04-14T23:36:33.921+0000] {subprocess.py:106} INFO -  'scrapy.extensions.memusage.MemoryUsage',
[2025-04-14T23:36:33.924+0000] {subprocess.py:106} INFO -  'scrapy.extensions.feedexport.FeedExporter',
[2025-04-14T23:36:33.926+0000] {subprocess.py:106} INFO -  'scrapy.extensions.logstats.LogStats']
[2025-04-14T23:36:33.930+0000] {subprocess.py:106} INFO - 2025-04-14 23:36:33 [scrapy.crawler] INFO: Overridden settings:
[2025-04-14T23:36:33.932+0000] {subprocess.py:106} INFO - {'SPIDER_LOADER_WARN_ONLY': True,
[2025-04-14T23:36:33.934+0000] {subprocess.py:106} INFO -  'USER_AGENT': 'Mozilla/5.0 (X11; Linux x86_64) AppleWebKit/537.36 (KHTML, '
[2025-04-14T23:36:33.937+0000] {subprocess.py:106} INFO -                'like Gecko) Chrome/51.0.2704.103 Safari/537.36'}
[2025-04-14T23:36:34.258+0000] {subprocess.py:106} INFO - 2025-04-14 23:36:34 [scrapy.middleware] INFO: Enabled downloader middlewares:
[2025-04-14T23:36:34.260+0000] {subprocess.py:106} INFO - ['scrapy.downloadermiddlewares.offsite.OffsiteMiddleware',
[2025-04-14T23:36:34.266+0000] {subprocess.py:106} INFO -  'scrapy.downloadermiddlewares.httpauth.HttpAuthMiddleware',
[2025-04-14T23:36:34.281+0000] {subprocess.py:106} INFO -  'scrapy.downloadermiddlewares.downloadtimeout.DownloadTimeoutMiddleware',
[2025-04-14T23:36:34.285+0000] {subprocess.py:106} INFO -  'scrapy.downloadermiddlewares.defaultheaders.DefaultHeadersMiddleware',
[2025-04-14T23:36:34.290+0000] {subprocess.py:106} INFO -  'scrapy.downloadermiddlewares.useragent.UserAgentMiddleware',
[2025-04-14T23:36:34.296+0000] {subprocess.py:106} INFO -  'scrapy.downloadermiddlewares.retry.RetryMiddleware',
[2025-04-14T23:36:34.302+0000] {subprocess.py:106} INFO -  'scrapy.downloadermiddlewares.redirect.MetaRefreshMiddleware',
[2025-04-14T23:36:34.303+0000] {subprocess.py:106} INFO -  'scrapy.downloadermiddlewares.httpcompression.HttpCompressionMiddleware',
[2025-04-14T23:36:34.306+0000] {subprocess.py:106} INFO -  'scrapy.downloadermiddlewares.redirect.RedirectMiddleware',
[2025-04-14T23:36:34.308+0000] {subprocess.py:106} INFO -  'scrapy.downloadermiddlewares.cookies.CookiesMiddleware',
[2025-04-14T23:36:34.310+0000] {subprocess.py:106} INFO -  'scrapy.downloadermiddlewares.httpproxy.HttpProxyMiddleware',
[2025-04-14T23:36:34.312+0000] {subprocess.py:106} INFO -  'scrapy.downloadermiddlewares.stats.DownloaderStats']
[2025-04-14T23:36:34.313+0000] {subprocess.py:106} INFO - 2025-04-14 23:36:34 [scrapy.middleware] INFO: Enabled spider middlewares:
[2025-04-14T23:36:34.315+0000] {subprocess.py:106} INFO - ['scrapy.spidermiddlewares.httperror.HttpErrorMiddleware',
[2025-04-14T23:36:34.317+0000] {subprocess.py:106} INFO -  'scrapy.spidermiddlewares.referer.RefererMiddleware',
[2025-04-14T23:36:34.319+0000] {subprocess.py:106} INFO -  'scrapy.spidermiddlewares.urllength.UrlLengthMiddleware',
[2025-04-14T23:36:34.321+0000] {subprocess.py:106} INFO -  'scrapy.spidermiddlewares.depth.DepthMiddleware']
[2025-04-14T23:36:34.323+0000] {subprocess.py:106} INFO - 2025-04-14 23:36:34 [scrapy.middleware] INFO: Enabled item pipelines:
[2025-04-14T23:36:34.329+0000] {subprocess.py:106} INFO - []
[2025-04-14T23:36:34.332+0000] {subprocess.py:106} INFO - 2025-04-14 23:36:34 [scrapy.core.engine] INFO: Spider opened
[2025-04-14T23:36:34.333+0000] {subprocess.py:106} INFO - 2025-04-14 23:36:34 [scrapy.extensions.logstats] INFO: Crawled 0 pages (at 0 pages/min), scraped 0 items (at 0 items/min)
[2025-04-14T23:36:34.335+0000] {subprocess.py:106} INFO - 2025-04-14 23:36:34 [scrapy.extensions.telnet] INFO: Telnet console listening on 127.0.0.1:6023
[2025-04-14T23:36:36.098+0000] {subprocess.py:106} INFO - 2025-04-14 23:36:36 [scrapy.core.engine] DEBUG: Crawled (200) <GET https://www.magazineluiza.com.br/busca/garrafa+stanley+aerolight+fast+flow/?page=1> (referer: None)
[2025-04-14T23:36:37.797+0000] {subprocess.py:106} INFO - 2025-04-14 23:36:37 [scrapy.core.engine] DEBUG: Crawled (200) <GET https://www.magazineluiza.com.br/busca/garrafa+stanley+aerolight+fast+flow/?page=1?page=2> (referer: https://www.magazineluiza.com.br/busca/garrafa+stanley+aerolight+fast+flow/?page=1)
[2025-04-14T23:36:37.814+0000] {subprocess.py:106} INFO - 2025-04-14 23:36:37 [scrapy.core.engine] DEBUG: Crawled (200) <GET https://www.magazineluiza.com.br/busca/garrafa+stanley+aerolight+fast+flow/?page=1?page=1> (referer: https://www.magazineluiza.com.br/busca/garrafa+stanley+aerolight+fast+flow/?page=1)
[2025-04-14T23:36:37.936+0000] {subprocess.py:106} INFO - 2025-04-14 23:36:37 [scrapy.core.scraper] DEBUG: Scraped from <200 https://www.magazineluiza.com.br/busca/garrafa+stanley+aerolight+fast+flow/?page=1?page=2>
[2025-04-14T23:36:37.940+0000] {subprocess.py:106} INFO - {'title': 'GARRAFA STANLEY AEROLIGHT FAST FLOW 1.1Lt ORIGINAL TODAS AS CORES', 'price': 'R$\xa0332,00', 'review': '4.2 (6)', 'store': 'Magazine Luiza'}
[2025-04-14T23:36:37.948+0000] {subprocess.py:106} INFO - 2025-04-14 23:36:37 [scrapy.core.scraper] DEBUG: Scraped from <200 https://www.magazineluiza.com.br/busca/garrafa+stanley+aerolight+fast+flow/?page=1?page=2>
[2025-04-14T23:36:37.950+0000] {subprocess.py:106} INFO - {'title': 'Garrafa stanley aerolight fast flow 710ml original todas as cores', 'price': 'R$\xa0304,10', 'review': '5.0 (1)', 'store': 'Magazine Luiza'}
[2025-04-14T23:36:37.952+0000] {subprocess.py:106} INFO - 2025-04-14 23:36:37 [scrapy.core.scraper] DEBUG: Scraped from <200 https://www.magazineluiza.com.br/busca/garrafa+stanley+aerolight+fast+flow/?page=1?page=2>
[2025-04-14T23:36:37.955+0000] {subprocess.py:106} INFO - {'title': 'Garrafa Térmica Aerolight Stanley Fast Flow 710ml - Matte Black', 'price': 'R$\xa0287,37', 'review': '5.0 (1)', 'store': 'Magazine Luiza'}
[2025-04-14T23:36:37.956+0000] {subprocess.py:106} INFO - 2025-04-14 23:36:37 [scrapy.core.scraper] DEBUG: Scraped from <200 https://www.magazineluiza.com.br/busca/garrafa+stanley+aerolight+fast+flow/?page=1?page=2>
[2025-04-14T23:36:37.958+0000] {subprocess.py:106} INFO - {'title': 'Garrafa Térmica Stanley Aerolight Fast Flow Lavender 710ML - STANLEY PMI', 'price': 'R$\xa0289,97', 'review': None, 'store': 'Magazine Luiza'}
[2025-04-14T23:36:37.960+0000] {subprocess.py:106} INFO - 2025-04-14 23:36:37 [scrapy.core.scraper] DEBUG: Scraped from <200 https://www.magazineluiza.com.br/busca/garrafa+stanley+aerolight+fast+flow/?page=1?page=2>
[2025-04-14T23:36:37.962+0000] {subprocess.py:106} INFO - {'title': 'Stanley Garrafa Térmica Aerolight Original Fast Flow Branco Polar 710ml', 'price': 'R$\xa0332,10', 'review': None, 'store': 'Magazine Luiza'}
[2025-04-14T23:36:37.964+0000] {subprocess.py:106} INFO - 2025-04-14 23:36:37 [scrapy.core.scraper] DEBUG: Scraped from <200 https://www.magazineluiza.com.br/busca/garrafa+stanley+aerolight+fast+flow/?page=1?page=2>
[2025-04-14T23:36:37.966+0000] {subprocess.py:106} INFO - {'title': 'Garrafa Térmica Aerolight Stanley Fast Flow 1,1L - Tigerlily', 'price': 'R$\xa0315,27', 'review': '5.0 (1)', 'store': 'Magazine Luiza'}
[2025-04-14T23:36:37.968+0000] {subprocess.py:106} INFO - 2025-04-14 23:36:37 [scrapy.core.scraper] DEBUG: Scraped from <200 https://www.magazineluiza.com.br/busca/garrafa+stanley+aerolight+fast+flow/?page=1?page=2>
[2025-04-14T23:36:37.969+0000] {subprocess.py:106} INFO - {'title': 'Garrafa Térmica Stanley Aerolight Fast Flow 1.1L Pink', 'price': 'R$\xa0289,23', 'review': None, 'store': 'Magazine Luiza'}
[2025-04-14T23:36:37.971+0000] {subprocess.py:106} INFO - 2025-04-14 23:36:37 [scrapy.core.scraper] DEBUG: Scraped from <200 https://www.magazineluiza.com.br/busca/garrafa+stanley+aerolight+fast+flow/?page=1?page=2>
[2025-04-14T23:36:37.973+0000] {subprocess.py:106} INFO - {'title': 'Garrafa Térmica Aerolight Fast Flow Matte Black 1,1L Stanley', 'price': 'R$\xa0351,23', 'review': '4.2 (6)', 'store': 'Magazine Luiza'}
[2025-04-14T23:36:37.975+0000] {subprocess.py:106} INFO - 2025-04-14 23:36:37 [scrapy.core.scraper] DEBUG: Scraped from <200 https://www.magazineluiza.com.br/busca/garrafa+stanley+aerolight+fast+flow/?page=1?page=2>
[2025-04-14T23:36:37.977+0000] {subprocess.py:106} INFO - {'title': 'Garrafa Térmica Stanley Aerolight Fast Flow Matte Black 710ML', 'price': 'R$\xa0272,49', 'review': '5.0 (1)', 'store': 'Magazine Luiza'}
[2025-04-14T23:36:37.994+0000] {subprocess.py:106} INFO - **************************************************
[2025-04-14T23:36:37.996+0000] {subprocess.py:106} INFO - 2
[2025-04-14T23:36:37.998+0000] {subprocess.py:106} INFO - **************************************************
[2025-04-14T23:36:38.001+0000] {subprocess.py:106} INFO - https://www.magazineluiza.com.br/busca/garrafa+stanley+aerolight+fast+flow/?page=1?page=2
[2025-04-14T23:36:38.003+0000] {subprocess.py:106} INFO - blocos
[2025-04-14T23:36:38.005+0000] {subprocess.py:106} INFO - [<Selector query='//div[@data-testid="product-list"]//li' data='<li class="sc-hwhrDX ghzctf"><a href=...'>, <Selector query='//div[@data-testid="product-list"]//li' data='<li class="sc-hwhrDX ghzctf"><a href=...'>, <Selector query='//div[@data-testid="product-list"]//li' data='<li class="sc-hwhrDX ghzctf"><a href=...'>, <Selector query='//div[@data-testid="product-list"]//li' data='<li class="sc-hwhrDX ghzctf"><a href=...'>, <Selector query='//div[@data-testid="product-list"]//li' data='<li class="sc-hwhrDX ghzctf"><a href=...'>, <Selector query='//div[@data-testid="product-list"]//li' data='<li class="sc-hwhrDX ghzctf"><a href=...'>, <Selector query='//div[@data-testid="product-list"]//li' data='<li class="sc-hwhrDX ghzctf"><a href=...'>, <Selector query='//div[@data-testid="product-list"]//li' data='<li class="sc-hwhrDX ghzctf"><a href=...'>, <Selector query='//div[@data-testid="product-list"]//li' data='<li class="sc-hwhrDX ghzctf"><a href=...'>, <Selector query='//div[@data-testid="product-list"]//li' data='<li class="sc-hwhrDX ghzctf"><a href=...'>, <Selector query='//div[@data-testid="product-list"]//li' data='<li class="sc-hwhrDX ghzctf"><a href=...'>, <Selector query='//div[@data-testid="product-list"]//li' data='<li class="sc-hwhrDX ghzctf"><a href=...'>, <Selector query='//div[@data-testid="product-list"]//li' data='<li class="sc-hwhrDX ghzctf"><a href=...'>, <Selector query='//div[@data-testid="product-list"]//li' data='<li class="sc-hwhrDX ghzctf"><a href=...'>, <Selector query='//div[@data-testid="product-list"]//li' data='<li class="sc-hwhrDX ghzctf"><a href=...'>, <Selector query='//div[@data-testid="product-list"]//li' data='<li class="sc-hwhrDX ghzctf"><a href=...'>, <Selector query='//div[@data-testid="product-list"]//li' data='<li class="sc-hwhrDX ghzctf"><a href=...'>, <Selector query='//div[@data-testid="product-list"]//li' data='<li class="sc-hwhrDX ghzctf"><a href=...'>, <Selector query='//div[@data-testid="product-list"]//li' data='<li class="sc-hwhrDX ghzctf"><a href=...'>, <Selector query='//div[@data-testid="product-list"]//li' data='<li class="sc-hwhrDX ghzctf"><a href=...'>, <Selector query='//div[@data-testid="product-list"]//li' data='<li class="sc-hwhrDX ghzctf"><a href=...'>, <Selector query='//div[@data-testid="product-list"]//li' data='<li class="sc-hwhrDX ghzctf"><a href=...'>, <Selector query='//div[@data-testid="product-list"]//li' data='<li class="sc-hwhrDX ghzctf"><a href=...'>, <Selector query='//div[@data-testid="product-list"]//li' data='<li class="sc-hwhrDX ghzctf"><a href=...'>, <Selector query='//div[@data-testid="product-list"]//li' data='<li class="sc-hwhrDX ghzctf"><a href=...'>, <Selector query='//div[@data-testid="product-list"]//li' data='<li class="sc-hwhrDX ghzctf"><a href=...'>, <Selector query='//div[@data-testid="product-list"]//li' data='<li class="sc-hwhrDX ghzctf"><a href=...'>, <Selector query='//div[@data-testid="product-list"]//li' data='<li class="sc-hwhrDX ghzctf"><a href=...'>, <Selector query='//div[@data-testid="product-list"]//li' data='<li class="sc-hwhrDX ghzctf"><a href=...'>, <Selector query='//div[@data-testid="product-list"]//li' data='<li class="sc-hwhrDX ghzctf"><a href=...'>, <Selector query='//div[@data-testid="product-list"]//li' data='<li class="sc-hwhrDX ghzctf"><a href=...'>, <Selector query='//div[@data-testid="product-list"]//li' data='<li class="sc-hwhrDX ghzctf"><a href=...'>, <Selector query='//div[@data-testid="product-list"]//li' data='<li class="sc-hwhrDX ghzctf"><a href=...'>, <Selector query='//div[@data-testid="product-list"]//li' data='<li class="sc-hwhrDX ghzctf"><a href=...'>, <Selector query='//div[@data-testid="product-list"]//li' data='<li class="sc-hwhrDX ghzctf"><a href=...'>, <Selector query='//div[@data-testid="product-list"]//li' data='<li class="sc-hwhrDX ghzctf"><a href=...'>, <Selector query='//div[@data-testid="product-list"]//li' data='<li class="sc-hwhrDX ghzctf"><a href=...'>, <Selector query='//div[@data-testid="product-list"]//li' data='<li class="sc-hwhrDX ghzctf"><a href=...'>, <Selector query='//div[@data-testid="product-list"]//li' data='<li class="sc-hwhrDX ghzctf"><a href=...'>, <Selector query='//div[@data-testid="product-list"]//li' data='<li class="sc-hwhrDX ghzctf"><a href=...'>, <Selector query='//div[@data-testid="product-list"]//li' data='<li class="sc-hwhrDX ghzctf"><a href=...'>, <Selector query='//div[@data-testid="product-list"]//li' data='<li class="sc-hwhrDX ghzctf"><a href=...'>, <Selector query='//div[@data-testid="product-list"]//li' data='<li class="sc-hwhrDX ghzctf"><a href=...'>, <Selector query='//div[@data-testid="product-list"]//li' data='<li class="sc-hwhrDX ghzctf"><a href=...'>, <Selector query='//div[@data-testid="product-list"]//li' data='<li class="sc-hwhrDX ghzctf"><a href=...'>, <Selector query='//div[@data-testid="product-list"]//li' data='<li class="sc-hwhrDX ghzctf"><a href=...'>, <Selector query='//div[@data-testid="product-list"]//li' data='<li class="sc-hwhrDX ghzctf"><a href=...'>, <Selector query='//div[@data-testid="product-list"]//li' data='<li class="sc-hwhrDX ghzctf"><a href=...'>, <Selector query='//div[@data-testid="product-list"]//li' data='<li class="sc-hwhrDX ghzctf"><a href=...'>, <Selector query='//div[@data-testid="product-list"]//li' data='<li class="sc-hwhrDX ghzctf"><a href=...'>, <Selector query='//div[@data-testid="product-list"]//li' data='<li class="sc-hwhrDX ghzctf"><a href=...'>, <Selector query='//div[@data-testid="product-list"]//li' data='<li class="sc-hwhrDX ghzctf"><a href=...'>, <Selector query='//div[@data-testid="product-list"]//li' data='<li class="sc-hwhrDX ghzctf"><a href=...'>, <Selector query='//div[@data-testid="product-list"]//li' data='<li class="sc-hwhrDX ghzctf"><a href=...'>, <Selector query='//div[@data-testid="product-list"]//li' data='<li class="sc-hwhrDX ghzctf"><a href=...'>]
[2025-04-14T23:36:38.008+0000] {subprocess.py:106} INFO - GARRAFA STANLEY AEROLIGHT FAST FLOW 1.1Lt ORIGINAL TODAS AS CORES
[2025-04-14T23:36:38.010+0000] {subprocess.py:106} INFO - [R$ 332,00]
[2025-04-14T23:36:38.011+0000] {subprocess.py:106} INFO - 4.2 (6)
[2025-04-14T23:36:38.014+0000] {subprocess.py:106} INFO - Garrafa stanley aerolight fast flow 710ml original todas as cores
[2025-04-14T23:36:38.016+0000] {subprocess.py:106} INFO - [R$ 304,10]
[2025-04-14T23:36:38.018+0000] {subprocess.py:106} INFO - 5.0 (1)
[2025-04-14T23:36:38.020+0000] {subprocess.py:106} INFO - Garrafa Térmica Aerolight Stanley Fast Flow 710ml - Matte Black
[2025-04-14T23:36:38.021+0000] {subprocess.py:106} INFO - [R$ 287,37]
[2025-04-14T23:36:38.024+0000] {subprocess.py:106} INFO - 5.0 (1)
[2025-04-14T23:36:38.026+0000] {subprocess.py:106} INFO - Garrafa Térmica Stanley Aerolight Fast Flow Lavender 710ML - STANLEY PMI
[2025-04-14T23:36:38.027+0000] {subprocess.py:106} INFO - [R$ 289,97]
[2025-04-14T23:36:38.029+0000] {subprocess.py:106} INFO - None
[2025-04-14T23:36:38.032+0000] {subprocess.py:106} INFO - Stanley Garrafa Térmica Aerolight Original Fast Flow Branco Polar 710ml
[2025-04-14T23:36:38.034+0000] {subprocess.py:106} INFO - [R$ 332,10]
[2025-04-14T23:36:38.035+0000] {subprocess.py:106} INFO - None
[2025-04-14T23:36:38.037+0000] {subprocess.py:106} INFO - Garrafa Térmica Aerolight Stanley Fast Flow 1,1L - Tigerlily
[2025-04-14T23:36:38.039+0000] {subprocess.py:106} INFO - [R$ 315,27]
[2025-04-14T23:36:38.041+0000] {subprocess.py:106} INFO - 5.0 (1)
[2025-04-14T23:36:38.043+0000] {subprocess.py:106} INFO - Garrafa Térmica Stanley Aerolight Fast Flow 1.1L Pink
[2025-04-14T23:36:38.045+0000] {subprocess.py:106} INFO - [R$ 289,23]
[2025-04-14T23:36:38.047+0000] {subprocess.py:106} INFO - None
[2025-04-14T23:36:38.049+0000] {subprocess.py:106} INFO - Garrafa Térmica Aerolight Fast Flow Matte Black 1,1L Stanley
[2025-04-14T23:36:38.051+0000] {subprocess.py:106} INFO - [R$ 351,23]
[2025-04-14T23:36:38.054+0000] {subprocess.py:106} INFO - 4.2 (6)
[2025-04-14T23:36:38.057+0000] {subprocess.py:106} INFO - Garrafa Térmica Stanley Aerolight Fast Flow Matte Black 710ML
[2025-04-14T23:36:38.059+0000] {subprocess.py:106} INFO - [R$ 272,49]
[2025-04-14T23:36:38.061+0000] {subprocess.py:106} INFO - 5.0 (1)
[2025-04-14T23:36:38.062+0000] {subprocess.py:106} INFO - https://www.magazineluiza.com.br/busca/garrafa+stanley+aerolight+fast+flow/?page=1?page=1
[2025-04-14T23:36:38.064+0000] {subprocess.py:106} INFO - blocos
[2025-04-14T23:36:38.066+0000] {subprocess.py:106} INFO - [<Selector query='//div[@data-testid="product-list"]//li' data='<li class="sc-hwhrDX ghzctf"><a href=...'>, <Selector query='//div[@data-testid="product-list"]//li' data='<li class="sc-hwhrDX ghzctf"><a href=...'>, <Selector query='//div[@data-testid="product-list"]//li' data='<li class="sc-hwhrDX ghzctf"><a href=...'>, <Selector query='//div[@data-testid="product-list"]//li' data='<li class="sc-hwhrDX ghzctf"><a href=...'>, <Selector query='//div[@data-testid="product-list"]//li' data='<li class="sc-hwhrDX ghzctf"><a href=...'>, <Selector query='//div[@data-testid="product-list"]//li' data='<li class="sc-hwhrDX ghzctf"><a href=...'>, <Selector query='//div[@data-testid="product-list"]//li' data='<li class="sc-hwhrDX ghzctf"><a href=...'>, <Selector query='//div[@data-testid="product-list"]//li' data='<li class="sc-hwhrDX ghzctf"><a href=...'>, <Selector query='//div[@data-testid="product-list"]//li' data='<li class="sc-hwhrDX ghzctf"><a href=...'>, <Selector query='//div[@data-testid="product-list"]//li' data='<li class="sc-hwhrDX ghzctf"><a href=...'>, <Selector query='//div[@data-testid="product-list"]//li' data='<li class="sc-hwhrDX ghzctf"><a href=...'>, <Selector query='//div[@data-testid="product-list"]//li' data='<li class="sc-hwhrDX ghzctf"><a href=...'>, <Selector query='//div[@data-testid="product-list"]//li' data='<li class="sc-hwhrDX ghzctf"><a href=...'>, <Selector query='//div[@data-testid="product-list"]//li' data='<li class="sc-hwhrDX ghzctf"><a href=...'>, <Selector query='//div[@data-testid="product-list"]//li' data='<li class="sc-hwhrDX ghzctf"><a href=...'>, <Selector query='//div[@data-testid="product-list"]//li' data='<li class="sc-hwhrDX ghzctf"><a href=...'>, <Selector query='//div[@data-testid="product-list"]//li' data='<li class="sc-hwhrDX ghzctf"><a href=...'>, <Selector query='//div[@data-testid="product-list"]//li' data='<li class="sc-hwhrDX ghzctf"><a href=...'>, <Selector query='//div[@data-testid="product-list"]//li' data='<li class="sc-hwhrDX ghzctf"><a href=...'>, <Selector query='//div[@data-testid="product-list"]//li' data='<li class="sc-hwhrDX ghzctf"><a href=...'>, <Selector query='//div[@data-testid="product-list"]//li' data='<li class="sc-hwhrDX ghzctf"><a href=...'>, <Selector query='//div[@data-testid="product-list"]//li' data='<li class="sc-hwhrDX ghzctf"><a href=...'>, <Selector query='//div[@data-testid="product-list"]//li' data='<li class="sc-hwhrDX ghzctf"><a href=...'>, <Selector query='//div[@data-testid="product-list"]//li' data='<li class="sc-hwhrDX ghzctf"><a href=...'>, <Selector query='//div[@data-testid="product-list"]//li' data='<li class="sc-hwhrDX ghzctf"><a href=...'>, <Selector query='//div[@data-testid="product-list"]//li' data='<li class="sc-hwhrDX ghzctf"><a href=...'>, <Selector query='//div[@data-testid="product-list"]//li' data='<li class="sc-hwhrDX ghzctf"><a href=...'>, <Selector query='//div[@data-testid="product-list"]//li' data='<li class="sc-hwhrDX ghzctf"><a href=...'>, <Selector query='//div[@data-testid="product-list"]//li' data='<li class="sc-hwhrDX ghzctf"><a href=...'>, <Selector query='//div[@data-testid="product-list"]//li' data='<li class="sc-hwhrDX ghzctf"><a href=...'>, <Selector query='//div[@data-testid="product-list"]//li' data='<li class="sc-hwhrDX ghzctf"><a href=...'>, <Selector query='//div[@data-testid="product-list"]//li' data='<li class="sc-hwhrDX ghzctf"><a href=...'>, <Selector query='//div[@data-testid="product-list"]//li' data='<li class="sc-hwhrDX ghzctf"><a href=...'>, <Selector query='//div[@data-testid="product-list"]//li' data='<li class="sc-hwhrDX ghzctf"><a href=...'>, <Selector query='//div[@data-testid="product-list"]//li' data='<li class="sc-hwhrDX ghzctf"><a href=...'>, <Selector query='//div[@data-testid="product-list"]//li' data='<li class="sc-hwhrDX ghzctf"><a href=...'>, <Selector query='//div[@data-testid="product-list"]//li' data='<li class="sc-hwhrDX ghzctf"><a href=...'>, <Selector query='//div[@data-testid="product-list"]//li' data='<li class="sc-hwhrDX ghzctf"><a href=...'>, <Selector query='//div[@data-testid="product-list"]//li' data='<li class="sc-hwhrDX ghzctf"><a href=...'>, <Selector query='//div[@data-testid="product-list"]//li' data='<li class="sc-hwhrDX ghzctf"><a href=...'>, <Selector query='//div[@data-testid="product-list"]//li' data='<li class="sc-hwhrDX ghzctf"><a href=...'>, <Selector query='//div[@data-testid="product-list"]//li' data='<li class="sc-hwhrDX ghzctf"><a href=...'>, <Selector query='//div[@data-testid="product-list"]//li' data='<li class="sc-hwhrDX ghzctf"><a href=...'>, <Selector query='//div[@data-testid="product-list"]//li' data='<li class="sc-hwhrDX ghzctf"><a href=...'>, <Selector query='//div[@data-testid="product-list"]//li' data='<li class="sc-hwhrDX ghzctf"><a href=...'>, <Selector query='//div[@data-testid="product-list"]//li' data='<li class="sc-hwhrDX ghzctf"><a href=...'>, <Selector query='//div[@data-testid="product-list"]//li' data='<li class="sc-hwhrDX ghzctf"><a href=...'>, <Selector query='//div[@data-testid="product-list"]//li' data='<li class="sc-hwhrDX ghzctf"><a href=...'>, <Selector query='//div[@data-testid="product-list"]//li' data='<li class="sc-hwhrDX ghzctf"><a href=...'>, <Selector query='//div[@data-testid="product-list"]//li' data='<li class="sc-hwhrDX ghzctf"><a href=...'>, <Selector query='//div[@data-testid="product-list"]//li' data='<li class="sc-hwhrDX ghzctf"><a href=...'>, <Selector query='//div[@data-testid="product-list"]//li' data='<li class="sc-hwhrDX ghzctf"><a href=...'>, <Selector query='//div[@data-testid="product-list"]//li' data='<li class="sc-hwhrDX ghzctf"><a href=...'>, <Selector query='//div[@data-testid="product-list"]//li' data='<li class="sc-hwhrDX ghzctf"><a href=...'>, <Selector query='//div[@data-testid="product-list"]//li' data='<li class="sc-hwhrDX ghzctf"><a href=...'>]2025-04-14 23:36:37 [scrapy.core.scraper] DEBUG: Scraped from <200 https://www.magazineluiza.com.br/busca/garrafa+stanley+aerolight+fast+flow/?page=1?page=1>
[2025-04-14T23:36:38.069+0000] {subprocess.py:106} INFO - {'title': 'GARRAFA STANLEY AEROLIGHT FAST FLOW 1.1Lt ORIGINAL TODAS AS CORES', 'price': 'R$\xa0332,00', 'review': '4.2 (6)', 'store': 'Magazine Luiza'}
[2025-04-14T23:36:38.070+0000] {subprocess.py:106} INFO - 2025-04-14 23:36:37 [scrapy.core.scraper] DEBUG: Scraped from <200 https://www.magazineluiza.com.br/busca/garrafa+stanley+aerolight+fast+flow/?page=1?page=2>
[2025-04-14T23:36:38.072+0000] {subprocess.py:106} INFO - {'title': 'Garrafa Térmica Aerolight Stanley Fast Flow 710ml - Lavender', 'price': 'R$\xa0287,37', 'review': None, 'store': 'Magazine Luiza'}
[2025-04-14T23:36:38.075+0000] {subprocess.py:106} INFO - 2025-04-14 23:36:37 [scrapy.core.scraper] DEBUG: Scraped from <200 https://www.magazineluiza.com.br/busca/garrafa+stanley+aerolight+fast+flow/?page=1?page=2>
[2025-04-14T23:36:38.077+0000] {subprocess.py:106} INFO - {'title': 'Garrafa Térmica Stanley Aerolight Fast Flow Branco Polar 1,1 Litros', 'price': 'R$\xa0299,46', 'review': None, 'store': 'Magazine Luiza'}
[2025-04-14T23:36:38.078+0000] {subprocess.py:106} INFO - 2025-04-14 23:36:37 [scrapy.core.scraper] DEBUG: Scraped from <200 https://www.magazineluiza.com.br/busca/garrafa+stanley+aerolight+fast+flow/?page=1?page=2>
[2025-04-14T23:36:38.080+0000] {subprocess.py:106} INFO - {'title': 'Garrafa Térmica Aerolight Stanley Fast Flow 1,1L - Citron', 'price': 'R$\xa0315,27', 'review': None, 'store': 'Magazine Luiza'}
[2025-04-14T23:36:38.082+0000] {subprocess.py:106} INFO - 2025-04-14 23:36:38 [scrapy.core.scraper] DEBUG: Scraped from <200 https://www.magazineluiza.com.br/busca/garrafa+stanley+aerolight+fast+flow/?page=1?page=2>
[2025-04-14T23:36:38.085+0000] {subprocess.py:106} INFO - {'title': 'Garrafa Térmica Aerolight Stanley Fast Flow 1,1L - Polar', 'price': 'R$\xa0315,27', 'review': None, 'store': 'Magazine Luiza'}
[2025-04-14T23:36:38.087+0000] {subprocess.py:106} INFO - 2025-04-14 23:36:38 [scrapy.core.scraper] DEBUG: Scraped from <200 https://www.magazineluiza.com.br/busca/garrafa+stanley+aerolight+fast+flow/?page=1?page=2>
[2025-04-14T23:36:38.088+0000] {subprocess.py:106} INFO - {'title': 'Garrafa Térmica Stanley Aerolight Fast Flow Citron 710ML', 'price': 'R$\xa0272,49', 'review': None, 'store': 'Magazine Luiza'}
[2025-04-14T23:36:38.091+0000] {subprocess.py:106} INFO - 2025-04-14 23:36:38 [scrapy.core.scraper] DEBUG: Scraped from <200 https://www.magazineluiza.com.br/busca/garrafa+stanley+aerolight+fast+flow/?page=1?page=2>
[2025-04-14T23:36:38.093+0000] {subprocess.py:106} INFO - {'title': 'Garrafa Térmica Stanley Aerolight Fast Flow Original Laranja Tigerlily 1,1 L', 'price': 'R$\xa0379,00', 'review': '5.0 (1)', 'store': 'Magazine Luiza'}
[2025-04-14T23:36:38.095+0000] {subprocess.py:106} INFO - 2025-04-14 23:36:38 [scrapy.core.scraper] DEBUG: Scraped from <200 https://www.magazineluiza.com.br/busca/garrafa+stanley+aerolight+fast+flow/?page=1?page=2>
[2025-04-14T23:36:38.097+0000] {subprocess.py:106} INFO - {'title': 'Garrafa Térmica Aerolight Laranja Fast Flow Tigerlily 1,1L Stanley', 'price': 'R$\xa0344,01', 'review': '5.0 (1)', 'store': 'Magazine Luiza'}
[2025-04-14T23:36:38.099+0000] {subprocess.py:106} INFO - 2025-04-14 23:36:38 [scrapy.core.scraper] DEBUG: Scraped from <200 https://www.magazineluiza.com.br/busca/garrafa+stanley+aerolight+fast+flow/?page=1?page=2>
[2025-04-14T23:36:38.101+0000] {subprocess.py:106} INFO - {'title': 'Garrafa stanley térmica aerolight fast flow em aço inox 710ml lavender 08241-00', 'price': 'R$\xa0324,57', 'review': None, 'store': 'Magazine Luiza'}
[2025-04-14T23:36:38.103+0000] {subprocess.py:106} INFO - 2025-04-14 23:36:38 [scrapy.core.scraper] DEBUG: Scraped from <200 https://www.magazineluiza.com.br/busca/garrafa+stanley+aerolight+fast+flow/?page=1?page=2>
[2025-04-14T23:36:38.105+0000] {subprocess.py:106} INFO - {'title': 'Garrafa stanley térmica aerolight fast flow 1,1 litros laranja tigerlily 08242-00', 'price': 'R$\xa0343,17', 'review': '5.0 (1)', 'store': 'Magazine Luiza'}
[2025-04-14T23:36:38.107+0000] {subprocess.py:106} INFO - 2025-04-14 23:36:38 [scrapy.core.scraper] DEBUG: Scraped from <200 https://www.magazineluiza.com.br/busca/garrafa+stanley+aerolight+fast+flow/?page=1?page=2>
[2025-04-14T23:36:38.109+0000] {subprocess.py:106} INFO - {'title': 'Garrafa Térmica Stanley Aerolight Fast Flow 710ml Rosa Claro', 'price': 'R$\xa0268,57', 'review': None, 'store': 'Magazine Luiza'}
[2025-04-14T23:36:38.111+0000] {subprocess.py:106} INFO - 2025-04-14 23:36:38 [scrapy.core.scraper] DEBUG: Scraped from <200 https://www.magazineluiza.com.br/busca/garrafa+stanley+aerolight+fast+flow/?page=1?page=1>
[2025-04-14T23:36:38.112+0000] {subprocess.py:106} INFO - {'title': 'Garrafa stanley aerolight fast flow 710ml original todas as cores', 'price': 'R$\xa0304,10', 'review': '5.0 (1)', 'store': 'Magazine Luiza'}
[2025-04-14T23:36:38.114+0000] {subprocess.py:106} INFO - 2025-04-14 23:36:38 [scrapy.core.scraper] DEBUG: Scraped from <200 https://www.magazineluiza.com.br/busca/garrafa+stanley+aerolight+fast+flow/?page=1?page=1>
[2025-04-14T23:36:38.116+0000] {subprocess.py:106} INFO - {'title': 'Garrafa Térmica Aerolight Stanley Fast Flow 710ml - Matte Black', 'price': 'R$\xa0287,37', 'review': '5.0 (1)', 'store': 'Magazine Luiza'}
[2025-04-14T23:36:38.117+0000] {subprocess.py:106} INFO - 2025-04-14 23:36:38 [scrapy.core.scraper] DEBUG: Scraped from <200 https://www.magazineluiza.com.br/busca/garrafa+stanley+aerolight+fast+flow/?page=1?page=1>
[2025-04-14T23:36:38.119+0000] {subprocess.py:106} INFO - {'title': 'Garrafa Térmica Stanley Aerolight Fast Flow Lavender 710ML - STANLEY PMI', 'price': 'R$\xa0289,97', 'review': None, 'store': 'Magazine Luiza'}
[2025-04-14T23:36:38.122+0000] {subprocess.py:106} INFO - 2025-04-14 23:36:38 [scrapy.core.scraper] DEBUG: Scraped from <200 https://www.magazineluiza.com.br/busca/garrafa+stanley+aerolight+fast+flow/?page=1?page=1>
[2025-04-14T23:36:38.124+0000] {subprocess.py:106} INFO - {'title': 'Stanley Garrafa Térmica Aerolight Original Fast Flow Branco Polar 710ml', 'price': 'R$\xa0332,10', 'review': None, 'store': 'Magazine Luiza'}
[2025-04-14T23:36:38.126+0000] {subprocess.py:106} INFO - 2025-04-14 23:36:38 [scrapy.core.scraper] DEBUG: Scraped from <200 https://www.magazineluiza.com.br/busca/garrafa+stanley+aerolight+fast+flow/?page=1?page=1>
[2025-04-14T23:36:38.128+0000] {subprocess.py:106} INFO - {'title': 'Garrafa Térmica Aerolight Stanley Fast Flow 1,1L - Tigerlily', 'price': 'R$\xa0315,27', 'review': '5.0 (1)', 'store': 'Magazine Luiza'}
[2025-04-14T23:36:38.130+0000] {subprocess.py:106} INFO - 2025-04-14 23:36:38 [scrapy.core.scraper] DEBUG: Scraped from <200 https://www.magazineluiza.com.br/busca/garrafa+stanley+aerolight+fast+flow/?page=1?page=1>
[2025-04-14T23:36:38.131+0000] {subprocess.py:106} INFO - {'title': 'Garrafa Térmica Stanley Aerolight Fast Flow 1.1L Pink', 'price': 'R$\xa0289,23', 'review': None, 'store': 'Magazine Luiza'}
[2025-04-14T23:36:38.133+0000] {subprocess.py:106} INFO - 2025-04-14 23:36:38 [scrapy.core.scraper] DEBUG: Scraped from <200 https://www.magazineluiza.com.br/busca/garrafa+stanley+aerolight+fast+flow/?page=1?page=1>
[2025-04-14T23:36:38.135+0000] {subprocess.py:106} INFO - {'title': 'Garrafa Térmica Aerolight Fast Flow Matte Black 1,1L Stanley', 'price': 'R$\xa0351,23', 'review': '4.2 (6)', 'store': 'Magazine Luiza'}
[2025-04-14T23:36:38.137+0000] {subprocess.py:106} INFO - 2025-04-14 23:36:38 [scrapy.core.scraper] DEBUG: Scraped from <200 https://www.magazineluiza.com.br/busca/garrafa+stanley+aerolight+fast+flow/?page=1?page=1>
[2025-04-14T23:36:38.139+0000] {subprocess.py:106} INFO - {'title': 'Garrafa Térmica Stanley Aerolight Fast Flow Matte Black 710ML', 'price': 'R$\xa0272,49', 'review': '5.0 (1)', 'store': 'Magazine Luiza'}
[2025-04-14T23:36:38.142+0000] {subprocess.py:106} INFO - 2025-04-14 23:36:38 [scrapy.core.scraper] DEBUG: Scraped from <200 https://www.magazineluiza.com.br/busca/garrafa+stanley+aerolight+fast+flow/?page=1?page=1>
[2025-04-14T23:36:38.144+0000] {subprocess.py:106} INFO - {'title': 'Garrafa Térmica Aerolight Stanley Fast Flow 710ml - Lavender', 'price': 'R$\xa0287,37', 'review': None, 'store': 'Magazine Luiza'}
[2025-04-14T23:36:38.146+0000] {subprocess.py:106} INFO - 2025-04-14 23:36:38 [scrapy.core.scraper] DEBUG: Scraped from <200 https://www.magazineluiza.com.br/busca/garrafa+stanley+aerolight+fast+flow/?page=1?page=1>
[2025-04-14T23:36:38.148+0000] {subprocess.py:106} INFO - {'title': 'Garrafa Térmica Stanley Aerolight Fast Flow Branco Polar 1,1 Litros', 'price': 'R$\xa0299,46', 'review': None, 'store': 'Magazine Luiza'}
[2025-04-14T23:36:38.150+0000] {subprocess.py:106} INFO - 2025-04-14 23:36:38 [scrapy.core.scraper] DEBUG: Scraped from <200 https://www.magazineluiza.com.br/busca/garrafa+stanley+aerolight+fast+flow/?page=1?page=2>
[2025-04-14T23:36:38.153+0000] {subprocess.py:106} INFO - {'title': 'Garrafa Térmica Stanley Aerolight Fast Flow 1.1L Verde Água', 'price': 'R$\xa0289,23', 'review': None, 'store': 'Magazine Luiza'}
[2025-04-14T23:36:38.155+0000] {subprocess.py:106} INFO - 2025-04-14 23:36:38 [scrapy.core.scraper] DEBUG: Scraped from <200 https://www.magazineluiza.com.br/busca/garrafa+stanley+aerolight+fast+flow/?page=1?page=2>
[2025-04-14T23:36:38.158+0000] {subprocess.py:106} INFO - {'title': 'Garrafa Térmica Stanley Aerolight Fast Flow Branco Polar 1,1 Litros - STANLEY PMI', 'price': 'R$\xa0399,00', 'review': None, 'store': 'Magazine Luiza'}
[2025-04-14T23:36:38.160+0000] {subprocess.py:106} INFO - 2025-04-14 23:36:38 [scrapy.core.scraper] DEBUG: Scraped from <200 https://www.magazineluiza.com.br/busca/garrafa+stanley+aerolight+fast+flow/?page=1?page=2>
[2025-04-14T23:36:38.164+0000] {subprocess.py:106} INFO - {'title': 'Garrafa Térmica Stanley Aerolight Fast Flow Matte Black 710ML - STANLEY PMI', 'price': 'R$\xa0365,00', 'review': '5.0 (1)', 'store': 'Magazine Luiza'}
[2025-04-14T23:36:38.166+0000] {subprocess.py:106} INFO - 2025-04-14 23:36:38 [scrapy.core.scraper] DEBUG: Scraped from <200 https://www.magazineluiza.com.br/busca/garrafa+stanley+aerolight+fast+flow/?page=1?page=2>
[2025-04-14T23:36:38.167+0000] {subprocess.py:106} INFO - {'title': 'Garrafa stanley térmica aerolight fast flow em aço inox 710ml laranja tigerlily 08204-00', 'price': 'R$\xa0324,57', 'review': None, 'store': 'Magazine Luiza'}
[2025-04-14T23:36:38.169+0000] {subprocess.py:106} INFO - 2025-04-14 23:36:38 [scrapy.core.scraper] DEBUG: Scraped from <200 https://www.magazineluiza.com.br/busca/garrafa+stanley+aerolight+fast+flow/?page=1?page=2>
[2025-04-14T23:36:38.172+0000] {subprocess.py:106} INFO - {'title': 'Garrafa stanley térmica aerolight fast flow em aço inox 710ml vivid violet 08405-00', 'price': 'R$\xa0324,57', 'review': None, 'store': 'Magazine Luiza'}
[2025-04-14T23:36:38.173+0000] {subprocess.py:106} INFO - 2025-04-14 23:36:38 [scrapy.core.scraper] DEBUG: Scraped from <200 https://www.magazineluiza.com.br/busca/garrafa+stanley+aerolight+fast+flow/?page=1?page=2>
[2025-04-14T23:36:38.176+0000] {subprocess.py:106} INFO - {'title': 'Garrafa Térmica Stanley Aerolight Fast Flow 710ml Lilás', 'price': 'R$\xa0268,57', 'review': None, 'store': 'Magazine Luiza'}
[2025-04-14T23:36:38.179+0000] {subprocess.py:106} INFO - 2025-04-14 23:36:38 [scrapy.core.scraper] DEBUG: Scraped from <200 https://www.magazineluiza.com.br/busca/garrafa+stanley+aerolight+fast+flow/?page=1?page=2>
[2025-04-14T23:36:38.181+0000] {subprocess.py:106} INFO - {'title': 'Garrafa Térmica Stanley Aerolight Fast Flow Branco Polar 1,1 Litros - STANLEY PMI', 'price': 'R$\xa0385,90', 'review': None, 'store': 'Magazine Luiza'}
[2025-04-14T23:36:38.183+0000] {subprocess.py:106} INFO - 2025-04-14 23:36:38 [scrapy.core.scraper] DEBUG: Scraped from <200 https://www.magazineluiza.com.br/busca/garrafa+stanley+aerolight+fast+flow/?page=1?page=2>
[2025-04-14T23:36:38.185+0000] {subprocess.py:106} INFO - {'title': 'Garrafa Térmica Stanley Aerolight Fast Flow 710 ML Azul 0838', 'price': 'R$\xa0369,90', 'review': None, 'store': 'Magazine Luiza'}
[2025-04-14T23:36:38.187+0000] {subprocess.py:106} INFO - 2025-04-14 23:36:38 [scrapy.core.scraper] DEBUG: Scraped from <200 https://www.magazineluiza.com.br/busca/garrafa+stanley+aerolight+fast+flow/?page=1?page=2>
[2025-04-14T23:36:38.190+0000] {subprocess.py:106} INFO - {'title': 'Garrafa stanley térmica aerolight fast flow 1,1 litros branco polar 08207-00', 'price': 'R$\xa0343,17', 'review': None, 'store': 'Magazine Luiza'}
[2025-04-14T23:36:38.193+0000] {subprocess.py:106} INFO - 2025-04-14 23:36:38 [scrapy.core.scraper] DEBUG: Scraped from <200 https://www.magazineluiza.com.br/busca/garrafa+stanley+aerolight+fast+flow/?page=1?page=1>
[2025-04-14T23:36:38.195+0000] {subprocess.py:106} INFO - {'title': 'Garrafa Térmica Aerolight Stanley Fast Flow 1,1L - Citron', 'price': 'R$\xa0315,27', 'review': None, 'store': 'Magazine Luiza'}
[2025-04-14T23:36:38.197+0000] {subprocess.py:106} INFO - 2025-04-14 23:36:38 [scrapy.core.scraper] DEBUG: Scraped from <200 https://www.magazineluiza.com.br/busca/garrafa+stanley+aerolight+fast+flow/?page=1?page=1>
[2025-04-14T23:36:38.199+0000] {subprocess.py:106} INFO - {'title': 'Garrafa Térmica Aerolight Stanley Fast Flow 1,1L - Polar', 'price': 'R$\xa0315,27', 'review': None, 'store': 'Magazine Luiza'}
[2025-04-14T23:36:38.201+0000] {subprocess.py:106} INFO - 2025-04-14 23:36:38 [scrapy.core.scraper] DEBUG: Scraped from <200 https://www.magazineluiza.com.br/busca/garrafa+stanley+aerolight+fast+flow/?page=1?page=1>
[2025-04-14T23:36:38.203+0000] {subprocess.py:106} INFO - {'title': 'Garrafa Térmica Stanley Aerolight Fast Flow Citron 710ML', 'price': 'R$\xa0272,49', 'review': None, 'store': 'Magazine Luiza'}
[2025-04-14T23:36:38.207+0000] {subprocess.py:106} INFO - 2025-04-14 23:36:38 [scrapy.core.scraper] DEBUG: Scraped from <200 https://www.magazineluiza.com.br/busca/garrafa+stanley+aerolight+fast+flow/?page=1?page=1>
[2025-04-14T23:36:38.209+0000] {subprocess.py:106} INFO - {'title': 'Garrafa Térmica Stanley Aerolight Fast Flow Original Laranja Tigerlily 1,1 L', 'price': 'R$\xa0379,00', 'review': '5.0 (1)', 'store': 'Magazine Luiza'}
[2025-04-14T23:36:38.212+0000] {subprocess.py:106} INFO - 2025-04-14 23:36:38 [scrapy.core.scraper] DEBUG: Scraped from <200 https://www.magazineluiza.com.br/busca/garrafa+stanley+aerolight+fast+flow/?page=1?page=1>
[2025-04-14T23:36:38.213+0000] {subprocess.py:106} INFO - {'title': 'Garrafa Térmica Aerolight Laranja Fast Flow Tigerlily 1,1L Stanley', 'price': 'R$\xa0344,01', 'review': '5.0 (1)', 'store': 'Magazine Luiza'}
[2025-04-14T23:36:38.215+0000] {subprocess.py:106} INFO - 2025-04-14 23:36:38 [scrapy.core.scraper] DEBUG: Scraped from <200 https://www.magazineluiza.com.br/busca/garrafa+stanley+aerolight+fast+flow/?page=1?page=1>
[2025-04-14T23:36:38.217+0000] {subprocess.py:106} INFO - {'title': 'Garrafa stanley térmica aerolight fast flow em aço inox 710ml lavender 08241-00', 'price': 'R$\xa0324,57', 'review': None, 'store': 'Magazine Luiza'}
[2025-04-14T23:36:38.220+0000] {subprocess.py:106} INFO - 2025-04-14 23:36:38 [scrapy.core.scraper] DEBUG: Scraped from <200 https://www.magazineluiza.com.br/busca/garrafa+stanley+aerolight+fast+flow/?page=1?page=1>
[2025-04-14T23:36:38.222+0000] {subprocess.py:106} INFO - {'title': 'Garrafa stanley térmica aerolight fast flow 1,1 litros laranja tigerlily 08242-00', 'price': 'R$\xa0343,17', 'review': '5.0 (1)', 'store': 'Magazine Luiza'}
[2025-04-14T23:36:38.225+0000] {subprocess.py:106} INFO - 2025-04-14 23:36:38 [scrapy.core.scraper] DEBUG: Scraped from <200 https://www.magazineluiza.com.br/busca/garrafa+stanley+aerolight+fast+flow/?page=1?page=2>
[2025-04-14T23:36:38.227+0000] {subprocess.py:106} INFO - {'title': 'Garrafa Térmica Stanley Aerolight Fast Flow 710ml Azul Claro', 'price': 'R$\xa0268,57', 'review': None, 'store': 'Magazine Luiza'}
[2025-04-14T23:36:38.229+0000] {subprocess.py:106} INFO - 2025-04-14 23:36:38 [scrapy.core.scraper] DEBUG: Scraped from <200 https://www.magazineluiza.com.br/busca/garrafa+stanley+aerolight+fast+flow/?page=1?page=2>
[2025-04-14T23:36:38.231+0000] {subprocess.py:106} INFO - {'title': 'Garrafa termica stanley aerolight fast flow tigerlily 1,1l cod8208 cx6', 'price': 'R$\xa0434,37', 'review': '5.0 (1)', 'store': 'Magazine Luiza'}
[2025-04-14T23:36:38.233+0000] {subprocess.py:106} INFO - 2025-04-14 23:36:38 [scrapy.core.scraper] DEBUG: Scraped from <200 https://www.magazineluiza.com.br/busca/garrafa+stanley+aerolight+fast+flow/?page=1?page=2>
[2025-04-14T23:36:38.235+0000] {subprocess.py:106} INFO - {'title': 'Garrafa Térmica Stanley Aerolight Fast Flow Branco Polar 710', 'price': 'R$\xa0361,00', 'review': None, 'store': 'Magazine Luiza'}
[2025-04-14T23:36:38.237+0000] {subprocess.py:106} INFO - 2025-04-14 23:36:38 [scrapy.core.scraper] DEBUG: Scraped from <200 https://www.magazineluiza.com.br/busca/garrafa+stanley+aerolight+fast+flow/?page=1?page=2>
[2025-04-14T23:36:38.239+0000] {subprocess.py:106} INFO - {'title': 'Garrafa Térmica Stanley IceFlow Aerolight Fast Flow 700ml - Cinza', 'price': 'R$\xa0448,45', 'review': None, 'store': 'Magazine Luiza'}
[2025-04-14T23:36:38.242+0000] {subprocess.py:106} INFO - 2025-04-14 23:36:38 [scrapy.core.scraper] DEBUG: Scraped from <200 https://www.magazineluiza.com.br/busca/garrafa+stanley+aerolight+fast+flow/?page=1?page=2>
[2025-04-14T23:36:38.244+0000] {subprocess.py:106} INFO - {'title': 'Garrafa Térmica STanley Aerolight Fast Flow 1,1L', 'price': 'R$\xa0368,18', 'review': None, 'store': 'Magazine Luiza'}
[2025-04-14T23:36:38.246+0000] {subprocess.py:106} INFO - 2025-04-14 23:36:38 [scrapy.core.scraper] DEBUG: Scraped from <200 https://www.magazineluiza.com.br/busca/garrafa+stanley+aerolight+fast+flow/?page=1?page=2>
[2025-04-14T23:36:38.248+0000] {subprocess.py:106} INFO - {'title': 'Garrafa Térmica Stanley Aerolight Fast Flow Citron 1,1 Litros - STANLEY PMI', 'price': 'R$\xa0359,43', 'review': None, 'store': 'Magazine Luiza'}
[2025-04-14T23:36:38.252+0000] {subprocess.py:106} INFO - 2025-04-14 23:36:38 [scrapy.core.scraper] DEBUG: Scraped from <200 https://www.magazineluiza.com.br/busca/garrafa+stanley+aerolight+fast+flow/?page=1?page=2>
[2025-04-14T23:36:38.256+0000] {subprocess.py:106} INFO - {'title': 'Garrafa Térmica Aerolight Fast Flow 1,1L Polar Stanley', 'price': 'R$\xa0379,00', 'review': None, 'store': 'Magazine Luiza'}
[2025-04-14T23:36:38.259+0000] {subprocess.py:106} INFO - 2025-04-14 23:36:38 [scrapy.core.scraper] DEBUG: Scraped from <200 https://www.magazineluiza.com.br/busca/garrafa+stanley+aerolight+fast+flow/?page=1?page=2>
[2025-04-14T23:36:38.262+0000] {subprocess.py:106} INFO - {'title': 'Garrafa Térmica Aerolight Fast Flow Tigerlily 710ml Stanley', 'price': 'R$\xa0289,23', 'review': None, 'store': 'Magazine Luiza'}
[2025-04-14T23:36:38.264+0000] {subprocess.py:106} INFO - 2025-04-14 23:36:38 [scrapy.core.scraper] DEBUG: Scraped from <200 https://www.magazineluiza.com.br/busca/garrafa+stanley+aerolight+fast+flow/?page=1?page=2>
[2025-04-14T23:36:38.266+0000] {subprocess.py:106} INFO - {'title': 'Garrafa stanley térmica aerolight fast flow em aço inox 710ml azul tropical teal 08406-00', 'price': 'R$\xa0324,57', 'review': None, 'store': 'Magazine Luiza'}
[2025-04-14T23:36:38.269+0000] {subprocess.py:106} INFO - 2025-04-14 23:36:38 [scrapy.core.scraper] DEBUG: Scraped from <200 https://www.magazineluiza.com.br/busca/garrafa+stanley+aerolight+fast+flow/?page=1?page=2>
[2025-04-14T23:36:38.271+0000] {subprocess.py:106} INFO - {'title': 'Garrafa Térmica Stanley Aerolight Fast Flow Citron 1,1 Litros - STANLEY PMI', 'price': 'R$\xa0385,90', 'review': None, 'store': 'Magazine Luiza'}
[2025-04-14T23:36:38.273+0000] {subprocess.py:106} INFO - 2025-04-14 23:36:38 [scrapy.core.scraper] DEBUG: Scraped from <200 https://www.magazineluiza.com.br/busca/garrafa+stanley+aerolight+fast+flow/?page=1?page=1>
[2025-04-14T23:36:38.276+0000] {subprocess.py:106} INFO - {'title': 'Garrafa Térmica Stanley Aerolight Fast Flow 710ml Rosa Claro', 'price': 'R$\xa0268,57', 'review': None, 'store': 'Magazine Luiza'}
[2025-04-14T23:36:38.278+0000] {subprocess.py:106} INFO - 2025-04-14 23:36:38 [scrapy.core.scraper] DEBUG: Scraped from <200 https://www.magazineluiza.com.br/busca/garrafa+stanley+aerolight+fast+flow/?page=1?page=1>
[2025-04-14T23:36:38.280+0000] {subprocess.py:106} INFO - {'title': 'Garrafa Térmica Stanley Aerolight Fast Flow 1.1L Verde Água', 'price': 'R$\xa0289,23', 'review': None, 'store': 'Magazine Luiza'}
[2025-04-14T23:36:38.283+0000] {subprocess.py:106} INFO - 2025-04-14 23:36:38 [scrapy.core.scraper] DEBUG: Scraped from <200 https://www.magazineluiza.com.br/busca/garrafa+stanley+aerolight+fast+flow/?page=1?page=1>
[2025-04-14T23:36:38.287+0000] {subprocess.py:106} INFO - {'title': 'Garrafa Térmica Stanley Aerolight Fast Flow Branco Polar 1,1 Litros - STANLEY PMI', 'price': 'R$\xa0399,00', 'review': None, 'store': 'Magazine Luiza'}
[2025-04-14T23:36:38.289+0000] {subprocess.py:106} INFO - 2025-04-14 23:36:38 [scrapy.core.scraper] DEBUG: Scraped from <200 https://www.magazineluiza.com.br/busca/garrafa+stanley+aerolight+fast+flow/?page=1?page=1>
[2025-04-14T23:36:38.298+0000] {subprocess.py:106} INFO - {'title': 'Garrafa Térmica Stanley Aerolight Fast Flow Matte Black 710ML - STANLEY PMI', 'price': 'R$\xa0365,00', 'review': '5.0 (1)', 'store': 'Magazine Luiza'}
[2025-04-14T23:36:38.300+0000] {subprocess.py:106} INFO - 2025-04-14 23:36:38 [scrapy.core.scraper] DEBUG: Scraped from <200 https://www.magazineluiza.com.br/busca/garrafa+stanley+aerolight+fast+flow/?page=1?page=1>
[2025-04-14T23:36:38.302+0000] {subprocess.py:106} INFO - {'title': 'Garrafa stanley térmica aerolight fast flow em aço inox 710ml laranja tigerlily 08204-00', 'price': 'R$\xa0324,57', 'review': None, 'store': 'Magazine Luiza'}
[2025-04-14T23:36:38.304+0000] {subprocess.py:106} INFO - 2025-04-14 23:36:38 [scrapy.core.scraper] DEBUG: Scraped from <200 https://www.magazineluiza.com.br/busca/garrafa+stanley+aerolight+fast+flow/?page=1?page=1>
[2025-04-14T23:36:38.307+0000] {subprocess.py:106} INFO - {'title': 'Garrafa stanley térmica aerolight fast flow em aço inox 710ml vivid violet 08405-00', 'price': 'R$\xa0324,57', 'review': None, 'store': 'Magazine Luiza'}
[2025-04-14T23:36:38.309+0000] {subprocess.py:106} INFO - 2025-04-14 23:36:38 [scrapy.core.scraper] DEBUG: Scraped from <200 https://www.magazineluiza.com.br/busca/garrafa+stanley+aerolight+fast+flow/?page=1?page=1>
[2025-04-14T23:36:38.311+0000] {subprocess.py:106} INFO - {'title': 'Garrafa Térmica Stanley Aerolight Fast Flow 710ml Lilás', 'price': 'R$\xa0268,57', 'review': None, 'store': 'Magazine Luiza'}
[2025-04-14T23:36:38.313+0000] {subprocess.py:106} INFO - 2025-04-14 23:36:38 [scrapy.core.scraper] DEBUG: Scraped from <200 https://www.magazineluiza.com.br/busca/garrafa+stanley+aerolight+fast+flow/?page=1?page=1>
[2025-04-14T23:36:38.315+0000] {subprocess.py:106} INFO - {'title': 'Garrafa Térmica Stanley Aerolight Fast Flow Branco Polar 1,1 Litros - STANLEY PMI', 'price': 'R$\xa0385,90', 'review': None, 'store': 'Magazine Luiza'}
[2025-04-14T23:36:38.317+0000] {subprocess.py:106} INFO - 2025-04-14 23:36:38 [scrapy.core.scraper] DEBUG: Scraped from <200 https://www.magazineluiza.com.br/busca/garrafa+stanley+aerolight+fast+flow/?page=1?page=1>
[2025-04-14T23:36:38.319+0000] {subprocess.py:106} INFO - {'title': 'Garrafa Térmica Stanley Aerolight Fast Flow 710 ML Azul 0838', 'price': 'R$\xa0369,90', 'review': None, 'store': 'Magazine Luiza'}
[2025-04-14T23:36:38.321+0000] {subprocess.py:106} INFO - 2025-04-14 23:36:38 [scrapy.core.scraper] DEBUG: Scraped from <200 https://www.magazineluiza.com.br/busca/garrafa+stanley+aerolight+fast+flow/?page=1?page=2>
[2025-04-14T23:36:38.324+0000] {subprocess.py:106} INFO - {'title': 'Garrafa Térmica Stanley Aerolight Fast Flow 710ml Verde Água', 'price': 'R$\xa0268,57', 'review': None, 'store': 'Magazine Luiza'}
[2025-04-14T23:36:38.326+0000] {subprocess.py:106} INFO - 2025-04-14 23:36:38 [scrapy.core.scraper] DEBUG: Scraped from <200 https://www.magazineluiza.com.br/busca/garrafa+stanley+aerolight+fast+flow/?page=1?page=2>
[2025-04-14T23:36:38.328+0000] {subprocess.py:106} INFO - {'title': 'Garrafa Térmica Aerolight Fast Flow Stanley 710ML', 'price': 'R$\xa0359,91', 'review': None, 'store': 'Magazine Luiza'}
[2025-04-14T23:36:38.330+0000] {subprocess.py:106} INFO - 2025-04-14 23:36:38 [scrapy.core.scraper] DEBUG: Scraped from <200 https://www.magazineluiza.com.br/busca/garrafa+stanley+aerolight+fast+flow/?page=1?page=2>
[2025-04-14T23:36:38.331+0000] {subprocess.py:106} INFO - {'title': 'Garrafa Térmica Aerolight Fast Flow Polar 1,1L Stanley', 'price': 'R$\xa0351,23', 'review': None, 'store': 'Magazine Luiza'}
[2025-04-14T23:36:38.333+0000] {subprocess.py:106} INFO - 2025-04-14 23:36:38 [scrapy.core.scraper] DEBUG: Scraped from <200 https://www.magazineluiza.com.br/busca/garrafa+stanley+aerolight+fast+flow/?page=1?page=2>
[2025-04-14T23:36:38.335+0000] {subprocess.py:106} INFO - {'title': 'Garrafa Térmica Stanley Aerolight Fast Flow Citron 710ML - STANLEY PMI', 'price': 'R$\xa0419,90', 'review': None, 'store': 'Magazine Luiza'}
[2025-04-14T23:36:38.337+0000] {subprocess.py:106} INFO - 2025-04-14 23:36:38 [scrapy.core.scraper] DEBUG: Scraped from <200 https://www.magazineluiza.com.br/busca/garrafa+stanley+aerolight+fast+flow/?page=1?page=2>
[2025-04-14T23:36:38.339+0000] {subprocess.py:106} INFO - {'title': 'Garrafa Térmica Aerolight Fast Flow Heat Wave Passion Pink 710ML Stanley', 'price': 'R$\xa0306,81', 'review': None, 'store': 'Magazine Luiza'}
[2025-04-14T23:36:38.341+0000] {subprocess.py:106} INFO - 2025-04-14 23:36:38 [scrapy.core.scraper] DEBUG: Scraped from <200 https://www.magazineluiza.com.br/busca/garrafa+stanley+aerolight+fast+flow/?page=1?page=2>
[2025-04-14T23:36:38.344+0000] {subprocess.py:106} INFO - {'title': 'Garrafa stanley térmica aerolight fast flow em aço inox 710ml passion pink 08404-00', 'price': 'R$\xa0324,57', 'review': None, 'store': 'Magazine Luiza'}
[2025-04-14T23:36:38.348+0000] {subprocess.py:106} INFO - 2025-04-14 23:36:38 [scrapy.core.scraper] DEBUG: Scraped from <200 https://www.magazineluiza.com.br/busca/garrafa+stanley+aerolight+fast+flow/?page=1?page=2>
[2025-04-14T23:36:38.350+0000] {subprocess.py:106} INFO - {'title': 'Garrafa Térmica STanley Aerolight Fast Flow 1,1L', 'price': 'R$\xa0368,18', 'review': None, 'store': 'Magazine Luiza'}
[2025-04-14T23:36:38.352+0000] {subprocess.py:106} INFO - 2025-04-14 23:36:38 [scrapy.core.scraper] DEBUG: Scraped from <200 https://www.magazineluiza.com.br/busca/garrafa+stanley+aerolight+fast+flow/?page=1?page=2>
[2025-04-14T23:36:38.354+0000] {subprocess.py:106} INFO - {'title': 'Garrafa Térmica Stanley Aerolight Fast Flow Citron 1,1 Litros - STANLEY PMI', 'price': 'R$\xa0371,07', 'review': None, 'store': 'Magazine Luiza'}
[2025-04-14T23:36:38.357+0000] {subprocess.py:106} INFO - 2025-04-14 23:36:38 [scrapy.core.scraper] DEBUG: Scraped from <200 https://www.magazineluiza.com.br/busca/garrafa+stanley+aerolight+fast+flow/?page=1?page=2>
[2025-04-14T23:36:38.359+0000] {subprocess.py:106} INFO - {'title': 'Garrafa stanley térmica aerolight fast flow 710ml matte black 08202-00', 'price': 'R$\xa0324,57', 'review': '5.0 (1)', 'store': 'Magazine Luiza'}
[2025-04-14T23:36:38.361+0000] {subprocess.py:106} INFO - 2025-04-14 23:36:38 [scrapy.core.scraper] DEBUG: Scraped from <200 https://www.magazineluiza.com.br/busca/garrafa+stanley+aerolight+fast+flow/?page=1?page=2>
[2025-04-14T23:36:38.363+0000] {subprocess.py:106} INFO - {'title': 'Garrafa Térmica Stanley Aerolight Fast Flow 710ml Verde Limão', 'price': 'R$\xa0268,57', 'review': None, 'store': 'Magazine Luiza'}
[2025-04-14T23:36:38.365+0000] {subprocess.py:106} INFO - 2025-04-14 23:36:38 [scrapy.core.scraper] DEBUG: Scraped from <200 https://www.magazineluiza.com.br/busca/garrafa+stanley+aerolight+fast+flow/?page=1?page=2>
[2025-04-14T23:36:38.367+0000] {subprocess.py:106} INFO - {'title': 'Garrafa Térmica Stanley Aerolight Fast Flow Branco Polar 710ML - STANLEY PMI', 'price': 'R$\xa0369,90', 'review': None, 'store': 'Magazine Luiza'}
[2025-04-14T23:36:38.369+0000] {subprocess.py:106} INFO - 2025-04-14 23:36:38 [scrapy.core.scraper] DEBUG: Scraped from <200 https://www.magazineluiza.com.br/busca/garrafa+stanley+aerolight+fast+flow/?page=1?page=1>
[2025-04-14T23:36:38.377+0000] {subprocess.py:106} INFO - {'title': 'Garrafa stanley térmica aerolight fast flow 1,1 litros branco polar 08207-00', 'price': 'R$\xa0343,17', 'review': None, 'store': 'Magazine Luiza'}
[2025-04-14T23:36:38.380+0000] {subprocess.py:106} INFO - 2025-04-14 23:36:38 [scrapy.core.scraper] DEBUG: Scraped from <200 https://www.magazineluiza.com.br/busca/garrafa+stanley+aerolight+fast+flow/?page=1?page=1>
[2025-04-14T23:36:38.381+0000] {subprocess.py:106} INFO - {'title': 'Garrafa Térmica Stanley Aerolight Fast Flow 710ml Azul Claro', 'price': 'R$\xa0268,57', 'review': None, 'store': 'Magazine Luiza'}
[2025-04-14T23:36:38.384+0000] {subprocess.py:106} INFO - 2025-04-14 23:36:38 [scrapy.core.scraper] DEBUG: Scraped from <200 https://www.magazineluiza.com.br/busca/garrafa+stanley+aerolight+fast+flow/?page=1?page=1>
[2025-04-14T23:36:38.386+0000] {subprocess.py:106} INFO - {'title': 'Garrafa termica stanley aerolight fast flow tigerlily 1,1l cod8208 cx6', 'price': 'R$\xa0434,37', 'review': '5.0 (1)', 'store': 'Magazine Luiza'}
[2025-04-14T23:36:38.388+0000] {subprocess.py:106} INFO - 2025-04-14 23:36:38 [scrapy.core.scraper] DEBUG: Scraped from <200 https://www.magazineluiza.com.br/busca/garrafa+stanley+aerolight+fast+flow/?page=1?page=1>
[2025-04-14T23:36:38.390+0000] {subprocess.py:106} INFO - {'title': 'Garrafa Térmica Stanley Aerolight Fast Flow Branco Polar 710', 'price': 'R$\xa0361,00', 'review': None, 'store': 'Magazine Luiza'}
[2025-04-14T23:36:38.393+0000] {subprocess.py:106} INFO - 2025-04-14 23:36:38 [scrapy.core.scraper] DEBUG: Scraped from <200 https://www.magazineluiza.com.br/busca/garrafa+stanley+aerolight+fast+flow/?page=1?page=1>
[2025-04-14T23:36:38.396+0000] {subprocess.py:106} INFO - {'title': 'Garrafa Térmica Stanley IceFlow Aerolight Fast Flow 700ml - Cinza', 'price': 'R$\xa0448,45', 'review': None, 'store': 'Magazine Luiza'}
[2025-04-14T23:36:38.398+0000] {subprocess.py:106} INFO - 2025-04-14 23:36:38 [scrapy.core.scraper] DEBUG: Scraped from <200 https://www.magazineluiza.com.br/busca/garrafa+stanley+aerolight+fast+flow/?page=1?page=1>
[2025-04-14T23:36:38.401+0000] {subprocess.py:106} INFO - {'title': 'Garrafa Térmica STanley Aerolight Fast Flow 1,1L', 'price': 'R$\xa0368,18', 'review': None, 'store': 'Magazine Luiza'}
[2025-04-14T23:36:38.403+0000] {subprocess.py:106} INFO - 2025-04-14 23:36:38 [scrapy.core.scraper] DEBUG: Scraped from <200 https://www.magazineluiza.com.br/busca/garrafa+stanley+aerolight+fast+flow/?page=1?page=2>
[2025-04-14T23:36:38.405+0000] {subprocess.py:106} INFO - {'title': 'Garrafa Térmica Aerolight Fast Flow Stanley Citron 710 Ml', 'price': 'R$\xa0365,00', 'review': None, 'store': 'Magazine Luiza'}
[2025-04-14T23:36:38.407+0000] {subprocess.py:106} INFO - 2025-04-14 23:36:38 [scrapy.core.scraper] DEBUG: Scraped from <200 https://www.magazineluiza.com.br/busca/garrafa+stanley+aerolight+fast+flow/?page=1?page=2>
[2025-04-14T23:36:38.409+0000] {subprocess.py:106} INFO - {'title': 'Garrafa Térmica Stanley Aerolight Fast Flow Citron 1,1 Litros - STANLEY PMI', 'price': 'R$\xa0489,00', 'review': None, 'store': 'Magazine Luiza'}
[2025-04-14T23:36:38.411+0000] {subprocess.py:106} INFO - 2025-04-14 23:36:38 [scrapy.core.scraper] DEBUG: Scraped from <200 https://www.magazineluiza.com.br/busca/garrafa+stanley+aerolight+fast+flow/?page=1?page=2>
[2025-04-14T23:36:38.413+0000] {subprocess.py:106} INFO - {'title': 'Garrafa Térmica Stanley Aerolight Fast Flow 0.7L Verde 08205', 'price': 'R$\xa0344,01', 'review': None, 'store': 'Magazine Luiza'}
[2025-04-14T23:36:38.415+0000] {subprocess.py:106} INFO - 2025-04-14 23:36:38 [scrapy.core.scraper] DEBUG: Scraped from <200 https://www.magazineluiza.com.br/busca/garrafa+stanley+aerolight+fast+flow/?page=1?page=2>
[2025-04-14T23:36:38.417+0000] {subprocess.py:106} INFO - {'title': 'Garrafa Térmico Aerolight Fast Flow 710 Ml Citron Stanley', 'price': 'R$\xa0329,57', 'review': None, 'store': 'Magazine Luiza'}
[2025-04-14T23:36:38.419+0000] {subprocess.py:106} INFO - 2025-04-14 23:36:38 [scrapy.core.scraper] DEBUG: Scraped from <200 https://www.magazineluiza.com.br/busca/garrafa+stanley+aerolight+fast+flow/?page=1?page=2>
[2025-04-14T23:36:38.421+0000] {subprocess.py:106} INFO - {'title': 'Garrafa Térmica Aerolight Fast Flow Polar 1,1L', 'price': 'R$\xa0479,99', 'review': None, 'store': 'Magazine Luiza'}
[2025-04-14T23:36:38.424+0000] {subprocess.py:106} INFO - 2025-04-14 23:36:38 [scrapy.core.scraper] DEBUG: Scraped from <200 https://www.magazineluiza.com.br/busca/garrafa+stanley+aerolight+fast+flow/?page=1?page=2>
[2025-04-14T23:36:38.426+0000] {subprocess.py:106} INFO - {'title': 'Garrafa Térmica Stanley Aerolight Fast Flow Lavender 710ML - STANLEY PMI', 'price': 'R$\xa0361,77', 'review': None, 'store': 'Magazine Luiza'}
[2025-04-14T23:36:38.428+0000] {subprocess.py:106} INFO - 2025-04-14 23:36:38 [scrapy.core.scraper] DEBUG: Scraped from <200 https://www.magazineluiza.com.br/busca/garrafa+stanley+aerolight+fast+flow/?page=1?page=1>
[2025-04-14T23:36:38.430+0000] {subprocess.py:106} INFO - {'title': 'Garrafa Térmica Stanley Aerolight Fast Flow Citron 1,1 Litros - STANLEY PMI', 'price': 'R$\xa0359,43', 'review': None, 'store': 'Magazine Luiza'}
[2025-04-14T23:36:38.432+0000] {subprocess.py:106} INFO - 2025-04-14 23:36:38 [scrapy.core.scraper] DEBUG: Scraped from <200 https://www.magazineluiza.com.br/busca/garrafa+stanley+aerolight+fast+flow/?page=1?page=1>
[2025-04-14T23:36:38.433+0000] {subprocess.py:106} INFO - {'title': 'Garrafa Térmica Aerolight Fast Flow 1,1L Polar Stanley', 'price': 'R$\xa0379,00', 'review': None, 'store': 'Magazine Luiza'}
[2025-04-14T23:36:38.435+0000] {subprocess.py:106} INFO - 2025-04-14 23:36:38 [scrapy.core.scraper] DEBUG: Scraped from <200 https://www.magazineluiza.com.br/busca/garrafa+stanley+aerolight+fast+flow/?page=1?page=1>
[2025-04-14T23:36:38.438+0000] {subprocess.py:106} INFO - {'title': 'Garrafa Térmica Aerolight Fast Flow Tigerlily 710ml Stanley', 'price': 'R$\xa0289,23', 'review': None, 'store': 'Magazine Luiza'}
[2025-04-14T23:36:38.440+0000] {subprocess.py:106} INFO - 2025-04-14 23:36:38 [scrapy.core.scraper] DEBUG: Scraped from <200 https://www.magazineluiza.com.br/busca/garrafa+stanley+aerolight+fast+flow/?page=1?page=1>
[2025-04-14T23:36:38.442+0000] {subprocess.py:106} INFO - {'title': 'Garrafa stanley térmica aerolight fast flow em aço inox 710ml azul tropical teal 08406-00', 'price': 'R$\xa0324,57', 'review': None, 'store': 'Magazine Luiza'}
[2025-04-14T23:36:38.445+0000] {subprocess.py:106} INFO - 2025-04-14 23:36:38 [scrapy.core.scraper] DEBUG: Scraped from <200 https://www.magazineluiza.com.br/busca/garrafa+stanley+aerolight+fast+flow/?page=1?page=1>
[2025-04-14T23:36:38.447+0000] {subprocess.py:106} INFO - {'title': 'Garrafa Térmica Stanley Aerolight Fast Flow Citron 1,1 Litros - STANLEY PMI', 'price': 'R$\xa0385,90', 'review': None, 'store': 'Magazine Luiza'}
[2025-04-14T23:36:38.449+0000] {subprocess.py:106} INFO - 2025-04-14 23:36:38 [scrapy.core.scraper] DEBUG: Scraped from <200 https://www.magazineluiza.com.br/busca/garrafa+stanley+aerolight+fast+flow/?page=1?page=1>
[2025-04-14T23:36:38.451+0000] {subprocess.py:106} INFO - {'title': 'Garrafa Térmica Stanley Aerolight Fast Flow 710ml Verde Água', 'price': 'R$\xa0268,57', 'review': None, 'store': 'Magazine Luiza'}
[2025-04-14T23:36:38.453+0000] {subprocess.py:106} INFO - 2025-04-14 23:36:38 [scrapy.core.scraper] DEBUG: Scraped from <200 https://www.magazineluiza.com.br/busca/garrafa+stanley+aerolight+fast+flow/?page=1?page=1>
[2025-04-14T23:36:38.455+0000] {subprocess.py:106} INFO - {'title': 'Garrafa Térmica Aerolight Fast Flow Stanley 710ML', 'price': 'R$\xa0359,91', 'review': None, 'store': 'Magazine Luiza'}
[2025-04-14T23:36:38.457+0000] {subprocess.py:106} INFO - 2025-04-14 23:36:38 [scrapy.core.scraper] DEBUG: Scraped from <200 https://www.magazineluiza.com.br/busca/garrafa+stanley+aerolight+fast+flow/?page=1?page=1>
[2025-04-14T23:36:38.460+0000] {subprocess.py:106} INFO - {'title': 'Garrafa Térmica Aerolight Fast Flow Polar 1,1L Stanley', 'price': 'R$\xa0351,23', 'review': None, 'store': 'Magazine Luiza'}
[2025-04-14T23:36:38.463+0000] {subprocess.py:106} INFO - 2025-04-14 23:36:38 [scrapy.core.scraper] DEBUG: Scraped from <200 https://www.magazineluiza.com.br/busca/garrafa+stanley+aerolight+fast+flow/?page=1?page=1>
[2025-04-14T23:36:38.465+0000] {subprocess.py:106} INFO - {'title': 'Garrafa Térmica Stanley Aerolight Fast Flow Citron 710ML - STANLEY PMI', 'price': 'R$\xa0419,90', 'review': None, 'store': 'Magazine Luiza'}
[2025-04-14T23:36:38.467+0000] {subprocess.py:106} INFO - 2025-04-14 23:36:38 [scrapy.core.scraper] DEBUG: Scraped from <200 https://www.magazineluiza.com.br/busca/garrafa+stanley+aerolight+fast+flow/?page=1?page=1>
[2025-04-14T23:36:38.469+0000] {subprocess.py:106} INFO - {'title': 'Garrafa Térmica Aerolight Fast Flow Heat Wave Passion Pink 710ML Stanley', 'price': 'R$\xa0306,81', 'review': None, 'store': 'Magazine Luiza'}
[2025-04-14T23:36:38.471+0000] {subprocess.py:106} INFO - 2025-04-14 23:36:38 [scrapy.core.scraper] DEBUG: Scraped from <200 https://www.magazineluiza.com.br/busca/garrafa+stanley+aerolight+fast+flow/?page=1?page=1>
[2025-04-14T23:36:38.473+0000] {subprocess.py:106} INFO - {'title': 'Garrafa stanley térmica aerolight fast flow em aço inox 710ml passion pink 08404-00', 'price': 'R$\xa0324,57', 'review': None, 'store': 'Magazine Luiza'}
[2025-04-14T23:36:38.475+0000] {subprocess.py:106} INFO - 2025-04-14 23:36:38 [scrapy.core.scraper] DEBUG: Scraped from <200 https://www.magazineluiza.com.br/busca/garrafa+stanley+aerolight+fast+flow/?page=1?page=1>
[2025-04-14T23:36:38.477+0000] {subprocess.py:106} INFO - {'title': 'Garrafa Térmica STanley Aerolight Fast Flow 1,1L', 'price': 'R$\xa0368,18', 'review': None, 'store': 'Magazine Luiza'}
[2025-04-14T23:36:38.480+0000] {subprocess.py:106} INFO - 2025-04-14 23:36:38 [scrapy.core.scraper] DEBUG: Scraped from <200 https://www.magazineluiza.com.br/busca/garrafa+stanley+aerolight+fast+flow/?page=1?page=1>
[2025-04-14T23:36:38.482+0000] {subprocess.py:106} INFO - {'title': 'Garrafa Térmica Stanley Aerolight Fast Flow Citron 1,1 Litros - STANLEY PMI', 'price': 'R$\xa0371,07', 'review': None, 'store': 'Magazine Luiza'}
[2025-04-14T23:36:38.484+0000] {subprocess.py:106} INFO - 2025-04-14 23:36:38 [scrapy.core.scraper] DEBUG: Scraped from <200 https://www.magazineluiza.com.br/busca/garrafa+stanley+aerolight+fast+flow/?page=1?page=1>
[2025-04-14T23:36:38.485+0000] {subprocess.py:106} INFO - {'title': 'Garrafa stanley térmica aerolight fast flow 710ml matte black 08202-00', 'price': 'R$\xa0324,57', 'review': '5.0 (1)', 'store': 'Magazine Luiza'}
[2025-04-14T23:36:38.487+0000] {subprocess.py:106} INFO - 2025-04-14 23:36:38 [scrapy.core.scraper] DEBUG: Scraped from <200 https://www.magazineluiza.com.br/busca/garrafa+stanley+aerolight+fast+flow/?page=1?page=1>
[2025-04-14T23:36:38.489+0000] {subprocess.py:106} INFO - {'title': 'Garrafa Térmica Stanley Aerolight Fast Flow 710ml Verde Limão', 'price': 'R$\xa0268,57', 'review': None, 'store': 'Magazine Luiza'}
[2025-04-14T23:36:38.492+0000] {subprocess.py:106} INFO - 
[2025-04-14T23:36:38.494+0000] {subprocess.py:106} INFO - GARRAFA STANLEY AEROLIGHT FAST FLOW 1.1Lt ORIGINAL TODAS AS CORES
[2025-04-14T23:36:38.495+0000] {subprocess.py:106} INFO - [R$ 332,00]
[2025-04-14T23:36:38.497+0000] {subprocess.py:106} INFO - 4.2 (6)
[2025-04-14T23:36:38.499+0000] {subprocess.py:106} INFO - Garrafa Térmica Aerolight Stanley Fast Flow 710ml - Lavender
[2025-04-14T23:36:38.501+0000] {subprocess.py:106} INFO - [R$ 287,37]
[2025-04-14T23:36:38.503+0000] {subprocess.py:106} INFO - None
[2025-04-14T23:36:38.504+0000] {subprocess.py:106} INFO - Garrafa Térmica Stanley Aerolight Fast Flow Branco Polar 1,1 Litros
[2025-04-14T23:36:38.507+0000] {subprocess.py:106} INFO - [R$ 299,46]
[2025-04-14T23:36:38.509+0000] {subprocess.py:106} INFO - None
[2025-04-14T23:36:38.511+0000] {subprocess.py:106} INFO - Garrafa Térmica Aerolight Stanley Fast Flow 1,1L - Citron
[2025-04-14T23:36:38.515+0000] {subprocess.py:106} INFO - [R$ 315,27]
[2025-04-14T23:36:38.518+0000] {subprocess.py:106} INFO - None
[2025-04-14T23:36:38.522+0000] {subprocess.py:106} INFO - Garrafa Térmica Aerolight Stanley Fast Flow 1,1L - Polar
[2025-04-14T23:36:38.526+0000] {subprocess.py:106} INFO - [R$ 315,27]
[2025-04-14T23:36:38.528+0000] {subprocess.py:106} INFO - None
[2025-04-14T23:36:38.531+0000] {subprocess.py:106} INFO - Garrafa Térmica Stanley Aerolight Fast Flow Citron 710ML
[2025-04-14T23:36:38.533+0000] {subprocess.py:106} INFO - [R$ 272,49]
[2025-04-14T23:36:38.535+0000] {subprocess.py:106} INFO - None
[2025-04-14T23:36:38.537+0000] {subprocess.py:106} INFO - Garrafa Térmica Stanley Aerolight Fast Flow Original Laranja Tigerlily 1,1 L
[2025-04-14T23:36:38.539+0000] {subprocess.py:106} INFO - [R$ 379,00]
[2025-04-14T23:36:38.542+0000] {subprocess.py:106} INFO - 5.0 (1)
[2025-04-14T23:36:38.544+0000] {subprocess.py:106} INFO - Garrafa Térmica Aerolight Laranja Fast Flow Tigerlily 1,1L Stanley
[2025-04-14T23:36:38.546+0000] {subprocess.py:106} INFO - [R$ 344,01]
[2025-04-14T23:36:38.548+0000] {subprocess.py:106} INFO - 5.0 (1)
[2025-04-14T23:36:38.550+0000] {subprocess.py:106} INFO - Garrafa stanley térmica aerolight fast flow em aço inox 710ml lavender 08241-00
[2025-04-14T23:36:38.552+0000] {subprocess.py:106} INFO - [R$ 324,57]
[2025-04-14T23:36:38.554+0000] {subprocess.py:106} INFO - None
[2025-04-14T23:36:38.556+0000] {subprocess.py:106} INFO - Garrafa stanley térmica aerolight fast flow 1,1 litros laranja tigerlily 08242-00
[2025-04-14T23:36:38.558+0000] {subprocess.py:106} INFO - [R$ 343,17]
[2025-04-14T23:36:38.559+0000] {subprocess.py:106} INFO - 5.0 (1)
[2025-04-14T23:36:38.561+0000] {subprocess.py:106} INFO - Garrafa Térmica Stanley Aerolight Fast Flow 710ml Rosa Claro
[2025-04-14T23:36:38.565+0000] {subprocess.py:106} INFO - [R$ 268,57]
[2025-04-14T23:36:38.566+0000] {subprocess.py:106} INFO - None
[2025-04-14T23:36:38.568+0000] {subprocess.py:106} INFO - Garrafa stanley aerolight fast flow 710ml original todas as cores
[2025-04-14T23:36:38.569+0000] {subprocess.py:106} INFO - [R$ 304,10]
[2025-04-14T23:36:38.571+0000] {subprocess.py:106} INFO - 5.0 (1)
[2025-04-14T23:36:38.573+0000] {subprocess.py:106} INFO - Garrafa Térmica Aerolight Stanley Fast Flow 710ml - Matte Black
[2025-04-14T23:36:38.575+0000] {subprocess.py:106} INFO - [R$ 287,37]
[2025-04-14T23:36:38.577+0000] {subprocess.py:106} INFO - 5.0 (1)
[2025-04-14T23:36:38.579+0000] {subprocess.py:106} INFO - Garrafa Térmica Stanley Aerolight Fast Flow Lavender 710ML - STANLEY PMI
[2025-04-14T23:36:38.580+0000] {subprocess.py:106} INFO - [R$ 289,97]
[2025-04-14T23:36:38.582+0000] {subprocess.py:106} INFO - None
[2025-04-14T23:36:38.585+0000] {subprocess.py:106} INFO - Stanley Garrafa Térmica Aerolight Original Fast Flow Branco Polar 710ml
[2025-04-14T23:36:38.587+0000] {subprocess.py:106} INFO - [R$ 332,10]
[2025-04-14T23:36:38.590+0000] {subprocess.py:106} INFO - None
[2025-04-14T23:36:38.592+0000] {subprocess.py:106} INFO - Garrafa Térmica Aerolight Stanley Fast Flow 1,1L - Tigerlily
[2025-04-14T23:36:38.594+0000] {subprocess.py:106} INFO - [R$ 315,27]
[2025-04-14T23:36:38.596+0000] {subprocess.py:106} INFO - 5.0 (1)
[2025-04-14T23:36:38.598+0000] {subprocess.py:106} INFO - Garrafa Térmica Stanley Aerolight Fast Flow 1.1L Pink
[2025-04-14T23:36:38.600+0000] {subprocess.py:106} INFO - [R$ 289,23]
[2025-04-14T23:36:38.602+0000] {subprocess.py:106} INFO - None
[2025-04-14T23:36:38.604+0000] {subprocess.py:106} INFO - Garrafa Térmica Aerolight Fast Flow Matte Black 1,1L Stanley
[2025-04-14T23:36:38.606+0000] {subprocess.py:106} INFO - [R$ 351,23]
[2025-04-14T23:36:38.611+0000] {subprocess.py:106} INFO - 4.2 (6)
[2025-04-14T23:36:38.618+0000] {subprocess.py:106} INFO - Garrafa Térmica Stanley Aerolight Fast Flow Matte Black 710ML
[2025-04-14T23:36:38.620+0000] {subprocess.py:106} INFO - [R$ 272,49]
[2025-04-14T23:36:38.623+0000] {subprocess.py:106} INFO - 5.0 (1)
[2025-04-14T23:36:38.625+0000] {subprocess.py:106} INFO - Garrafa Térmica Aerolight Stanley Fast Flow 710ml - Lavender
[2025-04-14T23:36:38.628+0000] {subprocess.py:106} INFO - [R$ 287,37]
[2025-04-14T23:36:38.630+0000] {subprocess.py:106} INFO - None
[2025-04-14T23:36:38.632+0000] {subprocess.py:106} INFO - Garrafa Térmica Stanley Aerolight Fast Flow Branco Polar 1,1 Litros
[2025-04-14T23:36:38.634+0000] {subprocess.py:106} INFO - [R$ 299,46]
[2025-04-14T23:36:38.635+0000] {subprocess.py:106} INFO - None
[2025-04-14T23:36:38.638+0000] {subprocess.py:106} INFO - Garrafa Térmica Stanley Aerolight Fast Flow 1.1L Verde Água
[2025-04-14T23:36:38.640+0000] {subprocess.py:106} INFO - [R$ 289,23]
[2025-04-14T23:36:38.644+0000] {subprocess.py:106} INFO - None
[2025-04-14T23:36:38.646+0000] {subprocess.py:106} INFO - Garrafa Térmica Stanley Aerolight Fast Flow Branco Polar 1,1 Litros - STANLEY PMI
[2025-04-14T23:36:38.648+0000] {subprocess.py:106} INFO - [R$ 399,00]
[2025-04-14T23:36:38.651+0000] {subprocess.py:106} INFO - None
[2025-04-14T23:36:38.654+0000] {subprocess.py:106} INFO - Garrafa Térmica Stanley Aerolight Fast Flow Matte Black 710ML - STANLEY PMI
[2025-04-14T23:36:38.660+0000] {subprocess.py:106} INFO - [R$ 365,00]
[2025-04-14T23:36:38.662+0000] {subprocess.py:106} INFO - 5.0 (1)
[2025-04-14T23:36:38.664+0000] {subprocess.py:106} INFO - Garrafa stanley térmica aerolight fast flow em aço inox 710ml laranja tigerlily 08204-00
[2025-04-14T23:36:38.666+0000] {subprocess.py:106} INFO - [R$ 324,57]
[2025-04-14T23:36:38.667+0000] {subprocess.py:106} INFO - None
[2025-04-14T23:36:38.669+0000] {subprocess.py:106} INFO - Garrafa stanley térmica aerolight fast flow em aço inox 710ml vivid violet 08405-00
[2025-04-14T23:36:38.670+0000] {subprocess.py:106} INFO - [R$ 324,57]
[2025-04-14T23:36:38.672+0000] {subprocess.py:106} INFO - None
[2025-04-14T23:36:38.676+0000] {subprocess.py:106} INFO - Garrafa Térmica Stanley Aerolight Fast Flow 710ml Lilás
[2025-04-14T23:36:38.678+0000] {subprocess.py:106} INFO - [R$ 268,57]
[2025-04-14T23:36:38.680+0000] {subprocess.py:106} INFO - None
[2025-04-14T23:36:38.683+0000] {subprocess.py:106} INFO - Garrafa Térmica Stanley Aerolight Fast Flow Branco Polar 1,1 Litros - STANLEY PMI
[2025-04-14T23:36:38.685+0000] {subprocess.py:106} INFO - [R$ 385,90]
[2025-04-14T23:36:38.688+0000] {subprocess.py:106} INFO - None
[2025-04-14T23:36:38.690+0000] {subprocess.py:106} INFO - Garrafa Térmica Stanley Aerolight Fast Flow 710 ML Azul 0838
[2025-04-14T23:36:38.693+0000] {subprocess.py:106} INFO - [R$ 369,90]
[2025-04-14T23:36:38.696+0000] {subprocess.py:106} INFO - None
[2025-04-14T23:36:38.698+0000] {subprocess.py:106} INFO - Garrafa stanley térmica aerolight fast flow 1,1 litros branco polar 08207-00
[2025-04-14T23:36:38.700+0000] {subprocess.py:106} INFO - [R$ 343,17]
[2025-04-14T23:36:38.701+0000] {subprocess.py:106} INFO - None
[2025-04-14T23:36:38.703+0000] {subprocess.py:106} INFO - Garrafa Térmica Aerolight Stanley Fast Flow 1,1L - Citron
[2025-04-14T23:36:38.705+0000] {subprocess.py:106} INFO - [R$ 315,27]
[2025-04-14T23:36:38.707+0000] {subprocess.py:106} INFO - None
[2025-04-14T23:36:38.709+0000] {subprocess.py:106} INFO - Garrafa Térmica Aerolight Stanley Fast Flow 1,1L - Polar
[2025-04-14T23:36:38.711+0000] {subprocess.py:106} INFO - [R$ 315,27]
[2025-04-14T23:36:38.713+0000] {subprocess.py:106} INFO - None
[2025-04-14T23:36:38.714+0000] {subprocess.py:106} INFO - Garrafa Térmica Stanley Aerolight Fast Flow Citron 710ML
[2025-04-14T23:36:38.716+0000] {subprocess.py:106} INFO - [R$ 272,49]
[2025-04-14T23:36:38.717+0000] {subprocess.py:106} INFO - None
[2025-04-14T23:36:38.719+0000] {subprocess.py:106} INFO - Garrafa Térmica Stanley Aerolight Fast Flow Original Laranja Tigerlily 1,1 L
[2025-04-14T23:36:38.721+0000] {subprocess.py:106} INFO - [R$ 379,00]
[2025-04-14T23:36:38.722+0000] {subprocess.py:106} INFO - 5.0 (1)
[2025-04-14T23:36:38.724+0000] {subprocess.py:106} INFO - Garrafa Térmica Aerolight Laranja Fast Flow Tigerlily 1,1L Stanley
[2025-04-14T23:36:38.726+0000] {subprocess.py:106} INFO - [R$ 344,01]
[2025-04-14T23:36:38.728+0000] {subprocess.py:106} INFO - 5.0 (1)
[2025-04-14T23:36:38.729+0000] {subprocess.py:106} INFO - Garrafa stanley térmica aerolight fast flow em aço inox 710ml lavender 08241-00
[2025-04-14T23:36:38.731+0000] {subprocess.py:106} INFO - [R$ 324,57]
[2025-04-14T23:36:38.733+0000] {subprocess.py:106} INFO - None
[2025-04-14T23:36:38.734+0000] {subprocess.py:106} INFO - Garrafa stanley térmica aerolight fast flow 1,1 litros laranja tigerlily 08242-00
[2025-04-14T23:36:38.736+0000] {subprocess.py:106} INFO - [R$ 343,17]
[2025-04-14T23:36:38.737+0000] {subprocess.py:106} INFO - 5.0 (1)
[2025-04-14T23:36:38.739+0000] {subprocess.py:106} INFO - Garrafa Térmica Stanley Aerolight Fast Flow 710ml Azul Claro
[2025-04-14T23:36:38.741+0000] {subprocess.py:106} INFO - [R$ 268,57]
[2025-04-14T23:36:38.743+0000] {subprocess.py:106} INFO - None
[2025-04-14T23:36:38.745+0000] {subprocess.py:106} INFO - Garrafa termica stanley aerolight fast flow tigerlily 1,1l cod8208 cx6
[2025-04-14T23:36:38.747+0000] {subprocess.py:106} INFO - [R$ 434,37]
[2025-04-14T23:36:38.749+0000] {subprocess.py:106} INFO - 5.0 (1)
[2025-04-14T23:36:38.751+0000] {subprocess.py:106} INFO - Garrafa Térmica Stanley Aerolight Fast Flow Branco Polar 710
[2025-04-14T23:36:38.752+0000] {subprocess.py:106} INFO - [R$ 361,00]
[2025-04-14T23:36:38.754+0000] {subprocess.py:106} INFO - None
[2025-04-14T23:36:38.756+0000] {subprocess.py:106} INFO - Garrafa Térmica Stanley IceFlow Aerolight Fast Flow 700ml - Cinza
[2025-04-14T23:36:38.758+0000] {subprocess.py:106} INFO - [R$ 448,45]
[2025-04-14T23:36:38.760+0000] {subprocess.py:106} INFO - None
[2025-04-14T23:36:38.762+0000] {subprocess.py:106} INFO - Garrafa Térmica STanley Aerolight Fast Flow 1,1L
[2025-04-14T23:36:38.763+0000] {subprocess.py:106} INFO - [R$ 368,18]
[2025-04-14T23:36:38.766+0000] {subprocess.py:106} INFO - None
[2025-04-14T23:36:38.768+0000] {subprocess.py:106} INFO - Garrafa Térmica Stanley Aerolight Fast Flow Citron 1,1 Litros - STANLEY PMI
[2025-04-14T23:36:38.770+0000] {subprocess.py:106} INFO - [R$ 359,43]
[2025-04-14T23:36:38.772+0000] {subprocess.py:106} INFO - None
[2025-04-14T23:36:38.773+0000] {subprocess.py:106} INFO - Garrafa Térmica Aerolight Fast Flow 1,1L Polar Stanley
[2025-04-14T23:36:38.775+0000] {subprocess.py:106} INFO - [R$ 379,00]
[2025-04-14T23:36:38.778+0000] {subprocess.py:106} INFO - None
[2025-04-14T23:36:38.779+0000] {subprocess.py:106} INFO - Garrafa Térmica Aerolight Fast Flow Tigerlily 710ml Stanley
[2025-04-14T23:36:38.781+0000] {subprocess.py:106} INFO - [R$ 289,23]
[2025-04-14T23:36:38.783+0000] {subprocess.py:106} INFO - None
[2025-04-14T23:36:38.785+0000] {subprocess.py:106} INFO - Garrafa stanley térmica aerolight fast flow em aço inox 710ml azul tropical teal 08406-00
[2025-04-14T23:36:38.786+0000] {subprocess.py:106} INFO - [R$ 324,57]
[2025-04-14T23:36:38.788+0000] {subprocess.py:106} INFO - None
[2025-04-14T23:36:38.790+0000] {subprocess.py:106} INFO - Garrafa Térmica Stanley Aerolight Fast Flow Citron 1,1 Litros - STANLEY PMI
[2025-04-14T23:36:38.792+0000] {subprocess.py:106} INFO - [R$ 385,90]
[2025-04-14T23:36:38.794+0000] {subprocess.py:106} INFO - None
[2025-04-14T23:36:38.796+0000] {subprocess.py:106} INFO - Garrafa Térmica Stanley Aerolight Fast Flow 710ml Rosa Claro
[2025-04-14T23:36:38.798+0000] {subprocess.py:106} INFO - [R$ 268,57]
[2025-04-14T23:36:38.800+0000] {subprocess.py:106} INFO - None
[2025-04-14T23:36:38.802+0000] {subprocess.py:106} INFO - Garrafa Térmica Stanley Aerolight Fast Flow 1.1L Verde Água
[2025-04-14T23:36:38.803+0000] {subprocess.py:106} INFO - [R$ 289,23]
[2025-04-14T23:36:38.805+0000] {subprocess.py:106} INFO - None
[2025-04-14T23:36:38.807+0000] {subprocess.py:106} INFO - Garrafa Térmica Stanley Aerolight Fast Flow Branco Polar 1,1 Litros - STANLEY PMI
[2025-04-14T23:36:38.810+0000] {subprocess.py:106} INFO - [R$ 399,00]
[2025-04-14T23:36:38.812+0000] {subprocess.py:106} INFO - None
[2025-04-14T23:36:38.813+0000] {subprocess.py:106} INFO - Garrafa Térmica Stanley Aerolight Fast Flow Matte Black 710ML - STANLEY PMI
[2025-04-14T23:36:38.815+0000] {subprocess.py:106} INFO - [R$ 365,00]
[2025-04-14T23:36:38.816+0000] {subprocess.py:106} INFO - 5.0 (1)
[2025-04-14T23:36:38.818+0000] {subprocess.py:106} INFO - Garrafa stanley térmica aerolight fast flow em aço inox 710ml laranja tigerlily 08204-00
[2025-04-14T23:36:38.819+0000] {subprocess.py:106} INFO - [R$ 324,57]
[2025-04-14T23:36:38.821+0000] {subprocess.py:106} INFO - None
[2025-04-14T23:36:38.822+0000] {subprocess.py:106} INFO - Garrafa stanley térmica aerolight fast flow em aço inox 710ml vivid violet 08405-00
[2025-04-14T23:36:38.825+0000] {subprocess.py:106} INFO - [R$ 324,57]
[2025-04-14T23:36:38.827+0000] {subprocess.py:106} INFO - None
[2025-04-14T23:36:38.829+0000] {subprocess.py:106} INFO - Garrafa Térmica Stanley Aerolight Fast Flow 710ml Lilás
[2025-04-14T23:36:38.831+0000] {subprocess.py:106} INFO - [R$ 268,57]
[2025-04-14T23:36:38.832+0000] {subprocess.py:106} INFO - None
[2025-04-14T23:36:38.834+0000] {subprocess.py:106} INFO - Garrafa Térmica Stanley Aerolight Fast Flow Branco Polar 1,1 Litros - STANLEY PMI
[2025-04-14T23:36:38.837+0000] {subprocess.py:106} INFO - [R$ 385,90]
[2025-04-14T23:36:38.838+0000] {subprocess.py:106} INFO - None
[2025-04-14T23:36:38.840+0000] {subprocess.py:106} INFO - Garrafa Térmica Stanley Aerolight Fast Flow 710 ML Azul 0838
[2025-04-14T23:36:38.842+0000] {subprocess.py:106} INFO - [R$ 369,90]
[2025-04-14T23:36:38.844+0000] {subprocess.py:106} INFO - None
[2025-04-14T23:36:38.846+0000] {subprocess.py:106} INFO - Garrafa Térmica Stanley Aerolight Fast Flow 710ml Verde Água
[2025-04-14T23:36:38.848+0000] {subprocess.py:106} INFO - [R$ 268,57]
[2025-04-14T23:36:38.850+0000] {subprocess.py:106} INFO - None
[2025-04-14T23:36:38.851+0000] {subprocess.py:106} INFO - Garrafa Térmica Aerolight Fast Flow Stanley 710ML
[2025-04-14T23:36:38.855+0000] {subprocess.py:106} INFO - [R$ 359,91]
[2025-04-14T23:36:38.857+0000] {subprocess.py:106} INFO - None
[2025-04-14T23:36:38.859+0000] {subprocess.py:106} INFO - Garrafa Térmica Aerolight Fast Flow Polar 1,1L Stanley
[2025-04-14T23:36:38.861+0000] {subprocess.py:106} INFO - [R$ 351,23]
[2025-04-14T23:36:38.863+0000] {subprocess.py:106} INFO - None
[2025-04-14T23:36:38.864+0000] {subprocess.py:106} INFO - Garrafa Térmica Stanley Aerolight Fast Flow Citron 710ML - STANLEY PMI
[2025-04-14T23:36:38.866+0000] {subprocess.py:106} INFO - [R$ 419,90]
[2025-04-14T23:36:38.868+0000] {subprocess.py:106} INFO - None
[2025-04-14T23:36:38.870+0000] {subprocess.py:106} INFO - Garrafa Térmica Aerolight Fast Flow Heat Wave Passion Pink 710ML Stanley
[2025-04-14T23:36:38.872+0000] {subprocess.py:106} INFO - [R$ 306,81]
[2025-04-14T23:36:38.874+0000] {subprocess.py:106} INFO - None
[2025-04-14T23:36:38.876+0000] {subprocess.py:106} INFO - Garrafa stanley térmica aerolight fast flow em aço inox 710ml passion pink 08404-00
[2025-04-14T23:36:38.878+0000] {subprocess.py:106} INFO - [R$ 324,57]
[2025-04-14T23:36:38.880+0000] {subprocess.py:106} INFO - None
[2025-04-14T23:36:38.881+0000] {subprocess.py:106} INFO - Garrafa Térmica STanley Aerolight Fast Flow 1,1L
[2025-04-14T23:36:38.883+0000] {subprocess.py:106} INFO - [R$ 368,18]
[2025-04-14T23:36:38.887+0000] {subprocess.py:106} INFO - None
[2025-04-14T23:36:38.890+0000] {subprocess.py:106} INFO - Garrafa Térmica Stanley Aerolight Fast Flow Citron 1,1 Litros - STANLEY PMI
[2025-04-14T23:36:38.894+0000] {subprocess.py:106} INFO - [R$ 371,07]
[2025-04-14T23:36:38.898+0000] {subprocess.py:106} INFO - None
[2025-04-14T23:36:38.899+0000] {subprocess.py:106} INFO - Garrafa stanley térmica aerolight fast flow 710ml matte black 08202-00
[2025-04-14T23:36:38.901+0000] {subprocess.py:106} INFO - [R$ 324,57]
[2025-04-14T23:36:38.903+0000] {subprocess.py:106} INFO - 5.0 (1)
[2025-04-14T23:36:38.904+0000] {subprocess.py:106} INFO - Garrafa Térmica Stanley Aerolight Fast Flow 710ml Verde Limão
[2025-04-14T23:36:38.906+0000] {subprocess.py:106} INFO - [R$ 268,57]
[2025-04-14T23:36:38.908+0000] {subprocess.py:106} INFO - None
[2025-04-14T23:36:38.910+0000] {subprocess.py:106} INFO - Garrafa Térmica Stanley Aerolight Fast Flow Branco Polar 710ML - STANLEY PMI
[2025-04-14T23:36:38.912+0000] {subprocess.py:106} INFO - [R$ 369,90]
[2025-04-14T23:36:38.914+0000] {subprocess.py:106} INFO - None
[2025-04-14T23:36:38.916+0000] {subprocess.py:106} INFO - Garrafa stanley térmica aerolight fast flow 1,1 litros branco polar 08207-00
[2025-04-14T23:36:38.918+0000] {subprocess.py:106} INFO - [R$ 343,17]
[2025-04-14T23:36:38.921+0000] {subprocess.py:106} INFO - None
[2025-04-14T23:36:38.922+0000] {subprocess.py:106} INFO - Garrafa Térmica Stanley Aerolight Fast Flow 710ml Azul Claro
[2025-04-14T23:36:38.925+0000] {subprocess.py:106} INFO - [R$ 268,57]
[2025-04-14T23:36:38.927+0000] {subprocess.py:106} INFO - None
[2025-04-14T23:36:38.929+0000] {subprocess.py:106} INFO - Garrafa termica stanley aerolight fast flow tigerlily 1,1l cod8208 cx6
[2025-04-14T23:36:38.930+0000] {subprocess.py:106} INFO - [R$ 434,37]
[2025-04-14T23:36:38.932+0000] {subprocess.py:106} INFO - 5.0 (1)
[2025-04-14T23:36:38.934+0000] {subprocess.py:106} INFO - Garrafa Térmica Stanley Aerolight Fast Flow Branco Polar 710
[2025-04-14T23:36:38.936+0000] {subprocess.py:106} INFO - [R$ 361,00]
[2025-04-14T23:36:38.938+0000] {subprocess.py:106} INFO - None
[2025-04-14T23:36:38.940+0000] {subprocess.py:106} INFO - Garrafa Térmica Stanley IceFlow Aerolight Fast Flow 700ml - Cinza
[2025-04-14T23:36:38.942+0000] {subprocess.py:106} INFO - [R$ 448,45]
[2025-04-14T23:36:38.944+0000] {subprocess.py:106} INFO - None
[2025-04-14T23:36:38.946+0000] {subprocess.py:106} INFO - Garrafa Térmica STanley Aerolight Fast Flow 1,1L
[2025-04-14T23:36:38.948+0000] {subprocess.py:106} INFO - [R$ 368,18]
[2025-04-14T23:36:38.950+0000] {subprocess.py:106} INFO - None
[2025-04-14T23:36:38.953+0000] {subprocess.py:106} INFO - Garrafa Térmica Aerolight Fast Flow Stanley Citron 710 Ml
[2025-04-14T23:36:38.955+0000] {subprocess.py:106} INFO - [R$ 365,00]
[2025-04-14T23:36:38.956+0000] {subprocess.py:106} INFO - None
[2025-04-14T23:36:38.958+0000] {subprocess.py:106} INFO - Garrafa Térmica Stanley Aerolight Fast Flow Citron 1,1 Litros - STANLEY PMI
[2025-04-14T23:36:38.960+0000] {subprocess.py:106} INFO - [R$ 489,00]
[2025-04-14T23:36:38.962+0000] {subprocess.py:106} INFO - None
[2025-04-14T23:36:38.964+0000] {subprocess.py:106} INFO - Garrafa Térmica Stanley Aerolight Fast Flow 0.7L Verde 08205
[2025-04-14T23:36:38.966+0000] {subprocess.py:106} INFO - [R$ 344,01]
[2025-04-14T23:36:38.967+0000] {subprocess.py:106} INFO - None
[2025-04-14T23:36:38.969+0000] {subprocess.py:106} INFO - Garrafa Térmico Aerolight Fast Flow 710 Ml Citron Stanley
[2025-04-14T23:36:38.970+0000] {subprocess.py:106} INFO - [R$ 329,57]
[2025-04-14T23:36:38.972+0000] {subprocess.py:106} INFO - None
[2025-04-14T23:36:38.974+0000] {subprocess.py:106} INFO - Garrafa Térmica Aerolight Fast Flow Polar 1,1L
[2025-04-14T23:36:38.976+0000] {subprocess.py:106} INFO - [R$ 479,99]
[2025-04-14T23:36:38.977+0000] {subprocess.py:106} INFO - None
[2025-04-14T23:36:38.979+0000] {subprocess.py:106} INFO - Garrafa Térmica Stanley Aerolight Fast Flow Lavender 710ML - STANLEY PMI
[2025-04-14T23:36:38.981+0000] {subprocess.py:106} INFO - [R$ 361,77]
[2025-04-14T23:36:38.982+0000] {subprocess.py:106} INFO - None
[2025-04-14T23:36:38.984+0000] {subprocess.py:106} INFO - Garrafa Térmica Stanley Aerolight Fast Flow Citron 1,1 Litros - STANLEY PMI
[2025-04-14T23:36:38.986+0000] {subprocess.py:106} INFO - [R$ 359,43]
[2025-04-14T23:36:38.988+0000] {subprocess.py:106} INFO - None
[2025-04-14T23:36:38.989+0000] {subprocess.py:106} INFO - Garrafa Térmica Aerolight Fast Flow 1,1L Polar Stanley
[2025-04-14T23:36:38.991+0000] {subprocess.py:106} INFO - [R$ 379,00]
[2025-04-14T23:36:38.993+0000] {subprocess.py:106} INFO - None
[2025-04-14T23:36:38.995+0000] {subprocess.py:106} INFO - Garrafa Térmica Aerolight Fast Flow Tigerlily 710ml Stanley
[2025-04-14T23:36:38.997+0000] {subprocess.py:106} INFO - [R$ 289,23]
[2025-04-14T23:36:38.999+0000] {subprocess.py:106} INFO - None
[2025-04-14T23:36:39.000+0000] {subprocess.py:106} INFO - Garrafa stanley térmica aerolight fast flow em aço inox 710ml azul tropical teal 08406-00
[2025-04-14T23:36:39.002+0000] {subprocess.py:106} INFO - [R$ 324,57]
[2025-04-14T23:36:39.004+0000] {subprocess.py:106} INFO - None
[2025-04-14T23:36:39.005+0000] {subprocess.py:106} INFO - Garrafa Térmica Stanley Aerolight Fast Flow Citron 1,1 Litros - STANLEY PMI
[2025-04-14T23:36:39.007+0000] {subprocess.py:106} INFO - [R$ 385,90]
[2025-04-14T23:36:39.010+0000] {subprocess.py:106} INFO - None
[2025-04-14T23:36:39.011+0000] {subprocess.py:106} INFO - Garrafa Térmica Stanley Aerolight Fast Flow 710ml Verde Água
[2025-04-14T23:36:39.013+0000] {subprocess.py:106} INFO - [R$ 268,57]
[2025-04-14T23:36:39.015+0000] {subprocess.py:106} INFO - None
[2025-04-14T23:36:39.016+0000] {subprocess.py:106} INFO - Garrafa Térmica Aerolight Fast Flow Stanley 710ML
[2025-04-14T23:36:39.018+0000] {subprocess.py:106} INFO - [R$ 359,91]
[2025-04-14T23:36:39.020+0000] {subprocess.py:106} INFO - None
[2025-04-14T23:36:39.021+0000] {subprocess.py:106} INFO - Garrafa Térmica Aerolight Fast Flow Polar 1,1L Stanley
[2025-04-14T23:36:39.023+0000] {subprocess.py:106} INFO - [R$ 351,23]
[2025-04-14T23:36:39.025+0000] {subprocess.py:106} INFO - None
[2025-04-14T23:36:39.027+0000] {subprocess.py:106} INFO - Garrafa Térmica Stanley Aerolight Fast Flow Citron 710ML - STANLEY PMI
[2025-04-14T23:36:39.029+0000] {subprocess.py:106} INFO - [R$ 419,90]
[2025-04-14T23:36:39.031+0000] {subprocess.py:106} INFO - None
[2025-04-14T23:36:39.032+0000] {subprocess.py:106} INFO - Garrafa Térmica Aerolight Fast Flow Heat Wave Passion Pink 710ML Stanley
[2025-04-14T23:36:39.034+0000] {subprocess.py:106} INFO - [R$ 306,81]
[2025-04-14T23:36:39.036+0000] {subprocess.py:106} INFO - None
[2025-04-14T23:36:39.038+0000] {subprocess.py:106} INFO - Garrafa stanley térmica aerolight fast flow em aço inox 710ml passion pink 08404-00
[2025-04-14T23:36:39.040+0000] {subprocess.py:106} INFO - [R$ 324,57]
[2025-04-14T23:36:39.042+0000] {subprocess.py:106} INFO - None
[2025-04-14T23:36:39.044+0000] {subprocess.py:106} INFO - Garrafa Térmica STanley Aerolight Fast Flow 1,1L
[2025-04-14T23:36:39.045+0000] {subprocess.py:106} INFO - [R$ 368,18]
[2025-04-14T23:36:39.047+0000] {subprocess.py:106} INFO - None
[2025-04-14T23:36:39.050+0000] {subprocess.py:106} INFO - Garrafa Térmica Stanley Aerolight Fast Flow Citron 1,1 Litros - STANLEY PMI
[2025-04-14T23:36:39.051+0000] {subprocess.py:106} INFO - [R$ 371,07]
[2025-04-14T23:36:39.053+0000] {subprocess.py:106} INFO - None
[2025-04-14T23:36:39.055+0000] {subprocess.py:106} INFO - Garrafa stanley térmica aerolight fast flow 710ml matte black 08202-00
[2025-04-14T23:36:39.056+0000] {subprocess.py:106} INFO - [R$ 324,57]
[2025-04-14T23:36:39.059+0000] {subprocess.py:106} INFO - 5.0 (1)
[2025-04-14T23:36:39.061+0000] {subprocess.py:106} INFO - Garrafa Térmica Stanley Aerolight Fast Flow 710ml Verde Limão
[2025-04-14T23:36:39.063+0000] {subprocess.py:106} INFO - [R$ 268,57]
[2025-04-14T23:36:39.065+0000] {subprocess.py:106} INFO - None
[2025-04-14T23:36:39.067+0000] {subprocess.py:106} INFO - Garrafa Térmica Stanley Aerolight Fast Flow Branco Polar 710ML - STANLEY PMI2025-04-14 23:36:38 [scrapy.core.scraper] DEBUG: Scraped from <200 https://www.magazineluiza.com.br/busca/garrafa+stanley+aerolight+fast+flow/?page=1?page=1>
[2025-04-14T23:36:39.069+0000] {subprocess.py:106} INFO - {'title': 'Garrafa Térmica Stanley Aerolight Fast Flow Branco Polar 710ML - STANLEY PMI', 'price': 'R$\xa0369,90', 'review': None, 'store': 'Magazine Luiza'}
[2025-04-14T23:36:39.070+0000] {subprocess.py:106} INFO - 2025-04-14 23:36:38 [scrapy.core.scraper] DEBUG: Scraped from <200 https://www.magazineluiza.com.br/busca/garrafa+stanley+aerolight+fast+flow/?page=1?page=1>
[2025-04-14T23:36:39.072+0000] {subprocess.py:106} INFO - {'title': 'Garrafa Térmica Aerolight Fast Flow Stanley Citron 710 Ml', 'price': 'R$\xa0365,00', 'review': None, 'store': 'Magazine Luiza'}
[2025-04-14T23:36:39.074+0000] {subprocess.py:106} INFO - 2025-04-14 23:36:38 [scrapy.core.scraper] DEBUG: Scraped from <200 https://www.magazineluiza.com.br/busca/garrafa+stanley+aerolight+fast+flow/?page=1?page=1>
[2025-04-14T23:36:39.076+0000] {subprocess.py:106} INFO - {'title': 'Garrafa Térmica Stanley Aerolight Fast Flow Citron 1,1 Litros - STANLEY PMI', 'price': 'R$\xa0489,00', 'review': None, 'store': 'Magazine Luiza'}
[2025-04-14T23:36:39.079+0000] {subprocess.py:106} INFO - 2025-04-14 23:36:38 [scrapy.core.scraper] DEBUG: Scraped from <200 https://www.magazineluiza.com.br/busca/garrafa+stanley+aerolight+fast+flow/?page=1?page=1>
[2025-04-14T23:36:39.080+0000] {subprocess.py:106} INFO - {'title': 'Garrafa Térmica Stanley Aerolight Fast Flow 0.7L Verde 08205', 'price': 'R$\xa0344,01', 'review': None, 'store': 'Magazine Luiza'}
[2025-04-14T23:36:39.082+0000] {subprocess.py:106} INFO - 2025-04-14 23:36:38 [scrapy.core.scraper] DEBUG: Scraped from <200 https://www.magazineluiza.com.br/busca/garrafa+stanley+aerolight+fast+flow/?page=1?page=1>
[2025-04-14T23:36:39.084+0000] {subprocess.py:106} INFO - {'title': 'Garrafa Térmico Aerolight Fast Flow 710 Ml Citron Stanley', 'price': 'R$\xa0329,57', 'review': None, 'store': 'Magazine Luiza'}
[2025-04-14T23:36:39.086+0000] {subprocess.py:106} INFO - 2025-04-14 23:36:38 [scrapy.core.scraper] DEBUG: Scraped from <200 https://www.magazineluiza.com.br/busca/garrafa+stanley+aerolight+fast+flow/?page=1?page=1>
[2025-04-14T23:36:39.088+0000] {subprocess.py:106} INFO - {'title': 'Garrafa Térmica Aerolight Fast Flow Polar 1,1L', 'price': 'R$\xa0479,99', 'review': None, 'store': 'Magazine Luiza'}
[2025-04-14T23:36:39.090+0000] {subprocess.py:106} INFO - 2025-04-14 23:36:38 [scrapy.core.scraper] DEBUG: Scraped from <200 https://www.magazineluiza.com.br/busca/garrafa+stanley+aerolight+fast+flow/?page=1?page=1>
[2025-04-14T23:36:39.093+0000] {subprocess.py:106} INFO - {'title': 'Garrafa Térmica Stanley Aerolight Fast Flow Lavender 710ML - STANLEY PMI', 'price': 'R$\xa0361,77', 'review': None, 'store': 'Magazine Luiza'}
[2025-04-14T23:36:39.095+0000] {subprocess.py:106} INFO - 2025-04-14 23:36:38 [scrapy.core.engine] INFO: Closing spider (finished)
[2025-04-14T23:36:39.097+0000] {subprocess.py:106} INFO - 2025-04-14 23:36:38 [scrapy.extensions.feedexport] INFO: Stored csv feed (110 items) in: /opt/***/dags/scrap_result.csv
[2025-04-14T23:36:39.099+0000] {subprocess.py:106} INFO - 2025-04-14 23:36:38 [scrapy.statscollectors] INFO: Dumping Scrapy stats:
[2025-04-14T23:36:39.101+0000] {subprocess.py:106} INFO - {'downloader/request_bytes': 2450,
[2025-04-14T23:36:39.103+0000] {subprocess.py:106} INFO -  'downloader/request_count': 3,
[2025-04-14T23:36:39.105+0000] {subprocess.py:106} INFO -  'downloader/request_method_count/GET': 3,
[2025-04-14T23:36:39.107+0000] {subprocess.py:106} INFO -  'downloader/response_bytes': 283614,
[2025-04-14T23:36:39.109+0000] {subprocess.py:106} INFO -  'downloader/response_count': 3,
[2025-04-14T23:36:39.111+0000] {subprocess.py:106} INFO -  'downloader/response_status_count/200': 3,
[2025-04-14T23:36:39.113+0000] {subprocess.py:106} INFO -  'elapsed_time_seconds': 3.85434,
[2025-04-14T23:36:39.114+0000] {subprocess.py:106} INFO -  'feedexport/success_count/FileFeedStorage': 1,
[2025-04-14T23:36:39.116+0000] {subprocess.py:106} INFO -  'finish_reason': 'finished',
[2025-04-14T23:36:39.118+0000] {subprocess.py:106} INFO -  'finish_time': datetime.datetime(2025, 4, 14, 23, 36, 38, 130089, tzinfo=datetime.timezone.utc),
[2025-04-14T23:36:39.119+0000] {subprocess.py:106} INFO -  'httpcompression/response_bytes': 2092120,
[2025-04-14T23:36:39.121+0000] {subprocess.py:106} INFO -  'httpcompression/response_count': 3,
[2025-04-14T23:36:39.122+0000] {subprocess.py:106} INFO -  'item_scraped_count': 110,
[2025-04-14T23:36:39.124+0000] {subprocess.py:106} INFO -  'items_per_minute': None,
[2025-04-14T23:36:39.126+0000] {subprocess.py:106} INFO -  'log_count/DEBUG': 114,
[2025-04-14T23:36:39.128+0000] {subprocess.py:106} INFO -  'log_count/INFO': 11,
[2025-04-14T23:36:39.130+0000] {subprocess.py:106} INFO -  'memusage/max': 218718208,
[2025-04-14T23:36:39.131+0000] {subprocess.py:106} INFO -  'memusage/startup': 218718208,
[2025-04-14T23:36:39.133+0000] {subprocess.py:106} INFO -  'request_depth_max': 1,
[2025-04-14T23:36:39.134+0000] {subprocess.py:106} INFO -  'response_received_count': 3,
[2025-04-14T23:36:39.136+0000] {subprocess.py:106} INFO -  'responses_per_minute': None,
[2025-04-14T23:36:39.138+0000] {subprocess.py:106} INFO -  'scheduler/dequeued': 3,
[2025-04-14T23:36:39.140+0000] {subprocess.py:106} INFO -  'scheduler/dequeued/memory': 3,
[2025-04-14T23:36:39.142+0000] {subprocess.py:106} INFO -  'scheduler/enqueued': 3,
[2025-04-14T23:36:39.144+0000] {subprocess.py:106} INFO -  'scheduler/enqueued/memory': 3,
[2025-04-14T23:36:39.146+0000] {subprocess.py:106} INFO -  'start_time': datetime.datetime(2025, 4, 14, 23, 36, 34, 275749, tzinfo=datetime.timezone.utc)}
[2025-04-14T23:36:39.148+0000] {subprocess.py:106} INFO - 2025-04-14 23:36:38 [scrapy.core.engine] INFO: Spider closed (finished)
[2025-04-14T23:36:39.150+0000] {subprocess.py:106} INFO - 
[2025-04-14T23:36:39.152+0000] {subprocess.py:106} INFO - [R$ 369,90]
[2025-04-14T23:36:39.153+0000] {subprocess.py:106} INFO - None
[2025-04-14T23:36:39.155+0000] {subprocess.py:106} INFO - Garrafa Térmica Aerolight Fast Flow Stanley Citron 710 Ml
[2025-04-14T23:36:39.157+0000] {subprocess.py:106} INFO - [R$ 365,00]
[2025-04-14T23:36:39.160+0000] {subprocess.py:106} INFO - None
[2025-04-14T23:36:39.162+0000] {subprocess.py:106} INFO - Garrafa Térmica Stanley Aerolight Fast Flow Citron 1,1 Litros - STANLEY PMI
[2025-04-14T23:36:39.164+0000] {subprocess.py:106} INFO - [R$ 489,00]
[2025-04-14T23:36:39.165+0000] {subprocess.py:106} INFO - None
[2025-04-14T23:36:39.167+0000] {subprocess.py:106} INFO - Garrafa Térmica Stanley Aerolight Fast Flow 0.7L Verde 08205
[2025-04-14T23:36:39.170+0000] {subprocess.py:106} INFO - [R$ 344,01]
[2025-04-14T23:36:39.172+0000] {subprocess.py:106} INFO - None
[2025-04-14T23:36:39.173+0000] {subprocess.py:106} INFO - Garrafa Térmico Aerolight Fast Flow 710 Ml Citron Stanley
[2025-04-14T23:36:39.176+0000] {subprocess.py:106} INFO - [R$ 329,57]
[2025-04-14T23:36:39.178+0000] {subprocess.py:106} INFO - None
[2025-04-14T23:36:39.179+0000] {subprocess.py:106} INFO - Garrafa Térmica Aerolight Fast Flow Polar 1,1L
[2025-04-14T23:36:39.181+0000] {subprocess.py:106} INFO - [R$ 479,99]
[2025-04-14T23:36:39.183+0000] {subprocess.py:106} INFO - None
[2025-04-14T23:36:39.185+0000] {subprocess.py:106} INFO - Garrafa Térmica Stanley Aerolight Fast Flow Lavender 710ML - STANLEY PMI
[2025-04-14T23:36:39.187+0000] {subprocess.py:106} INFO - [R$ 361,77]
[2025-04-14T23:36:39.188+0000] {subprocess.py:106} INFO - None
[2025-04-14T23:36:39.191+0000] {subprocess.py:110} INFO - Command exited with return code 0
[2025-04-14T23:36:39.314+0000] {taskinstance.py:341} INFO - ::group::Post task execution logs
[2025-04-14T23:36:39.316+0000] {taskinstance.py:353} INFO - Marking task as SUCCESS. dag_id=pipeline_garrafa_stanley, task_id=scrap_magalu, run_id=manual__2025-04-14T23:36:27.273465+00:00, execution_date=20250414T233627, start_date=20250414T233630, end_date=20250414T233639
[2025-04-14T23:36:39.511+0000] {local_task_job_runner.py:266} INFO - Task exited with return code 0
[2025-04-14T23:36:39.610+0000] {taskinstance.py:3901} INFO - 1 downstream tasks scheduled from follow-on schedule check
[2025-04-14T23:36:39.616+0000] {local_task_job_runner.py:245} INFO - ::endgroup::
