[2025-04-15T00:03:59.268+0000] {local_task_job_runner.py:123} INFO - ::group::Pre task execution logs
[2025-04-15T00:03:59.378+0000] {taskinstance.py:2614} INFO - Dependencies all met for dep_context=non-requeueable deps ti=<TaskInstance: pipeline_garrafa_stanley.storage_scrap manual__2025-04-15T00:03:36.030450+00:00 [queued]>
[2025-04-15T00:03:59.420+0000] {taskinstance.py:2614} INFO - Dependencies all met for dep_context=requeueable deps ti=<TaskInstance: pipeline_garrafa_stanley.storage_scrap manual__2025-04-15T00:03:36.030450+00:00 [queued]>
[2025-04-15T00:03:59.437+0000] {taskinstance.py:2867} INFO - Starting attempt 1 of 1
[2025-04-15T00:03:59.531+0000] {taskinstance.py:2890} INFO - Executing <Task(PythonOperator): storage_scrap> on 2025-04-15 00:03:36.030450+00:00
[2025-04-15T00:03:59.566+0000] {warnings.py:112} WARNING - /home/***/.local/lib/python3.12/site-packages/***/task/task_runner/standard_task_runner.py:70: DeprecationWarning: This process (pid=3453) is multi-threaded, use of fork() may lead to deadlocks in the child.
  pid = os.fork()

[2025-04-15T00:03:59.574+0000] {standard_task_runner.py:72} INFO - Started process 3455 to run task
[2025-04-15T00:03:59.580+0000] {standard_task_runner.py:104} INFO - Running: ['***', 'tasks', 'run', 'pipeline_garrafa_stanley', 'storage_scrap', 'manual__2025-04-15T00:03:36.030450+00:00', '--job-id', '128', '--raw', '--subdir', 'DAGS_FOLDER/pipeline.py', '--cfg-path', '/tmp/tmpei3qz9df']
[2025-04-15T00:03:59.594+0000] {standard_task_runner.py:105} INFO - Job 128: Subtask storage_scrap
[2025-04-15T00:03:59.923+0000] {task_command.py:467} INFO - Running <TaskInstance: pipeline_garrafa_stanley.storage_scrap manual__2025-04-15T00:03:36.030450+00:00 [running]> on host a68e7f38875d
[2025-04-15T00:04:00.377+0000] {taskinstance.py:3134} INFO - Exporting env vars: AIRFLOW_CTX_DAG_OWNER='***' AIRFLOW_CTX_DAG_ID='pipeline_garrafa_stanley' AIRFLOW_CTX_TASK_ID='storage_scrap' AIRFLOW_CTX_EXECUTION_DATE='2025-04-15T00:03:36.030450+00:00' AIRFLOW_CTX_TRY_NUMBER='1' AIRFLOW_CTX_DAG_RUN_ID='manual__2025-04-15T00:03:36.030450+00:00'
[2025-04-15T00:04:00.382+0000] {taskinstance.py:732} INFO - ::endgroup::
[2025-04-15T00:04:00.448+0000] {logging_mixin.py:190} INFO - Bucket bucket-coleta already exists
[2025-04-15T00:04:00.519+0000] {logging_mixin.py:190} INFO - /opt/***/dags/scrap_result.csv Arquivado com Sucesso  scrap_result_2025-04-15_00:03:57.csv no repositório bucket-coleta
[2025-04-15T00:04:00.522+0000] {python.py:240} INFO - Done. Returned value was: None
[2025-04-15T00:04:00.610+0000] {taskinstance.py:341} INFO - ::group::Post task execution logs
[2025-04-15T00:04:00.613+0000] {taskinstance.py:353} INFO - Marking task as SUCCESS. dag_id=pipeline_garrafa_stanley, task_id=storage_scrap, run_id=manual__2025-04-15T00:03:36.030450+00:00, execution_date=20250415T000336, start_date=20250415T000359, end_date=20250415T000400
[2025-04-15T00:04:00.995+0000] {local_task_job_runner.py:266} INFO - Task exited with return code 0
[2025-04-15T00:04:01.165+0000] {taskinstance.py:3901} INFO - 1 downstream tasks scheduled from follow-on schedule check
[2025-04-15T00:04:01.174+0000] {local_task_job_runner.py:245} INFO - ::endgroup::
