[2025-04-15T01:15:23.711+0000] {local_task_job_runner.py:123} INFO - ::group::Pre task execution logs
[2025-04-15T01:15:23.776+0000] {taskinstance.py:2614} INFO - Dependencies all met for dep_context=non-requeueable deps ti=<TaskInstance: pipeline_garrafa_stanley.send_alert manual__2025-04-15T01:14:44.586626+00:00 [queued]>
[2025-04-15T01:15:23.798+0000] {taskinstance.py:2614} INFO - Dependencies all met for dep_context=requeueable deps ti=<TaskInstance: pipeline_garrafa_stanley.send_alert manual__2025-04-15T01:14:44.586626+00:00 [queued]>
[2025-04-15T01:15:23.802+0000] {taskinstance.py:2867} INFO - Starting attempt 1 of 1
[2025-04-15T01:15:23.826+0000] {taskinstance.py:2890} INFO - Executing <Task(PythonOperator): send_alert> on 2025-04-15 01:14:44.586626+00:00
[2025-04-15T01:15:23.840+0000] {warnings.py:112} WARNING - /home/***/.local/lib/python3.12/site-packages/***/task/task_runner/standard_task_runner.py:70: DeprecationWarning: This process (pid=105) is multi-threaded, use of fork() may lead to deadlocks in the child.
  pid = os.fork()

[2025-04-15T01:15:23.845+0000] {standard_task_runner.py:72} INFO - Started process 107 to run task
[2025-04-15T01:15:23.845+0000] {standard_task_runner.py:104} INFO - Running: ['***', 'tasks', 'run', 'pipeline_garrafa_stanley', 'send_alert', 'manual__2025-04-15T01:14:44.586626+00:00', '--job-id', '185', '--raw', '--subdir', 'DAGS_FOLDER/pipeline.py', '--cfg-path', '/tmp/tmpss931873']
[2025-04-15T01:15:23.851+0000] {standard_task_runner.py:105} INFO - Job 185: Subtask send_alert
[2025-04-15T01:15:24.008+0000] {task_command.py:467} INFO - Running <TaskInstance: pipeline_garrafa_stanley.send_alert manual__2025-04-15T01:14:44.586626+00:00 [running]> on host 28ab01396367
[2025-04-15T01:15:24.281+0000] {taskinstance.py:3134} INFO - Exporting env vars: AIRFLOW_CTX_DAG_OWNER='***' AIRFLOW_CTX_DAG_ID='pipeline_garrafa_stanley' AIRFLOW_CTX_TASK_ID='send_alert' AIRFLOW_CTX_EXECUTION_DATE='2025-04-15T01:14:44.586626+00:00' AIRFLOW_CTX_TRY_NUMBER='1' AIRFLOW_CTX_DAG_RUN_ID='manual__2025-04-15T01:14:44.586626+00:00'
[2025-04-15T01:15:24.284+0000] {taskinstance.py:732} INFO - ::endgroup::
[2025-04-15T01:15:27.285+0000] {logging_mixin.py:190} INFO - Mensagem enviada!
[2025-04-15T01:15:27.287+0000] {python.py:240} INFO - Done. Returned value was: None
[2025-04-15T01:15:27.322+0000] {taskinstance.py:341} INFO - ::group::Post task execution logs
[2025-04-15T01:15:27.324+0000] {taskinstance.py:353} INFO - Marking task as SUCCESS. dag_id=pipeline_garrafa_stanley, task_id=send_alert, run_id=manual__2025-04-15T01:14:44.586626+00:00, execution_date=20250415T011444, start_date=20250415T011523, end_date=20250415T011527
[2025-04-15T01:15:27.463+0000] {local_task_job_runner.py:266} INFO - Task exited with return code 0
[2025-04-15T01:15:27.516+0000] {taskinstance.py:3901} INFO - 0 downstream tasks scheduled from follow-on schedule check
[2025-04-15T01:15:27.521+0000] {local_task_job_runner.py:245} INFO - ::endgroup::
