[2025-04-15T01:09:18.232+0000] {local_task_job_runner.py:123} INFO - ::group::Pre task execution logs
[2025-04-15T01:09:18.311+0000] {taskinstance.py:2614} INFO - Dependencies all met for dep_context=non-requeueable deps ti=<TaskInstance: pipeline_garrafa_stanley.ai_feedback manual__2025-04-15T01:08:47.222376+00:00 [queued]>
[2025-04-15T01:09:18.333+0000] {taskinstance.py:2614} INFO - Dependencies all met for dep_context=requeueable deps ti=<TaskInstance: pipeline_garrafa_stanley.ai_feedback manual__2025-04-15T01:08:47.222376+00:00 [queued]>
[2025-04-15T01:09:18.335+0000] {taskinstance.py:2867} INFO - Starting attempt 1 of 1
[2025-04-15T01:09:18.370+0000] {taskinstance.py:2890} INFO - Executing <Task(PythonOperator): ai_feedback> on 2025-04-15 01:08:47.222376+00:00
[2025-04-15T01:09:18.385+0000] {warnings.py:112} WARNING - /home/***/.local/lib/python3.12/site-packages/***/task/task_runner/standard_task_runner.py:70: DeprecationWarning: This process (pid=4551) is multi-threaded, use of fork() may lead to deadlocks in the child.
  pid = os.fork()

[2025-04-15T01:09:18.391+0000] {standard_task_runner.py:72} INFO - Started process 4553 to run task
[2025-04-15T01:09:18.391+0000] {standard_task_runner.py:104} INFO - Running: ['***', 'tasks', 'run', 'pipeline_garrafa_stanley', 'ai_feedback', 'manual__2025-04-15T01:08:47.222376+00:00', '--job-id', '176', '--raw', '--subdir', 'DAGS_FOLDER/pipeline.py', '--cfg-path', '/tmp/tmp2wfr9rt8']
[2025-04-15T01:09:18.398+0000] {standard_task_runner.py:105} INFO - Job 176: Subtask ai_feedback
[2025-04-15T01:09:18.597+0000] {task_command.py:467} INFO - Running <TaskInstance: pipeline_garrafa_stanley.ai_feedback manual__2025-04-15T01:08:47.222376+00:00 [running]> on host a68e7f38875d
[2025-04-15T01:09:18.931+0000] {taskinstance.py:3134} INFO - Exporting env vars: AIRFLOW_CTX_DAG_OWNER='***' AIRFLOW_CTX_DAG_ID='pipeline_garrafa_stanley' AIRFLOW_CTX_TASK_ID='ai_feedback' AIRFLOW_CTX_EXECUTION_DATE='2025-04-15T01:08:47.222376+00:00' AIRFLOW_CTX_TRY_NUMBER='1' AIRFLOW_CTX_DAG_RUN_ID='manual__2025-04-15T01:08:47.222376+00:00'
[2025-04-15T01:09:18.935+0000] {taskinstance.py:732} INFO - ::endgroup::
[2025-04-15T01:09:19.017+0000] {logging_mixin.py:190} INFO - "[{'preco': 272.5447833433377, 'data': '12/04/2025', 'capacidade': '710ml'}, {'preco': 269.0608313067965, 'data': '11/04/2025', 'capacidade': '710ml'}, {'preco': 364.98922935779837, 'data': '14/04/2025', 'capacidade': '1100ml'}, {'preco': 316.3198969072181, 'data': '14/04/2025', 'capacidade': '710ml'}, {'preco': 337.8895705952379, 'data': '12/04/2025', 'capacidade': '1100ml'}, {'preco': 320.0876893203898, 'data': '15/04/2025', 'capacidade': '710ml'}, {'preco': 332.5330719410694, 'data': '11/04/2025', 'capacidade': '1100ml'}, {'preco': 365.5507581967211, 'data': '15/04/2025', 'capacidade': '1100ml'}]"
[2025-04-15T01:09:20.078+0000] {logging_mixin.py:190} INFO - b'{\n  "error": {\n    "code": 400,\n    "message": "API key not valid. Please pass a valid API key.",\n    "status": "INVALID_ARGUMENT",\n    "details": [\n      {\n        "@type": "type.googleapis.com/google.rpc.ErrorInfo",\n        "reason": "API_KEY_INVALID",\n        "domain": "googleapis.com",\n        "metadata": {\n          "service": "generativelanguage.googleapis.com"\n        }\n      },\n      {\n        "@type": "type.googleapis.com/google.rpc.LocalizedMessage",\n        "locale": "en-US",\n        "message": "API key not valid. Please pass a valid API key."\n      }\n    ]\n  }\n}\n'
[2025-04-15T01:09:20.081+0000] {python.py:240} INFO - Done. Returned value was: None
[2025-04-15T01:09:20.127+0000] {taskinstance.py:341} INFO - ::group::Post task execution logs
[2025-04-15T01:09:20.129+0000] {taskinstance.py:353} INFO - Marking task as SUCCESS. dag_id=pipeline_garrafa_stanley, task_id=ai_feedback, run_id=manual__2025-04-15T01:08:47.222376+00:00, execution_date=20250415T010847, start_date=20250415T010918, end_date=20250415T010920
[2025-04-15T01:09:20.272+0000] {local_task_job_runner.py:266} INFO - Task exited with return code 0
[2025-04-15T01:09:20.343+0000] {taskinstance.py:3901} INFO - 1 downstream tasks scheduled from follow-on schedule check
[2025-04-15T01:09:20.349+0000] {local_task_job_runner.py:245} INFO - ::endgroup::
