[2025-04-14T23:54:53.602+0000] {local_task_job_runner.py:123} INFO - ::group::Pre task execution logs
[2025-04-14T23:54:53.679+0000] {taskinstance.py:2614} INFO - Dependencies all met for dep_context=non-requeueable deps ti=<TaskInstance: pipeline_garrafa_stanley.send_alert manual__2025-04-14T23:54:17.083298+00:00 [queued]>
[2025-04-14T23:54:53.701+0000] {taskinstance.py:2614} INFO - Dependencies all met for dep_context=requeueable deps ti=<TaskInstance: pipeline_garrafa_stanley.send_alert manual__2025-04-14T23:54:17.083298+00:00 [queued]>
[2025-04-14T23:54:53.702+0000] {taskinstance.py:2867} INFO - Starting attempt 1 of 1
[2025-04-14T23:54:53.742+0000] {taskinstance.py:2890} INFO - Executing <Task(PythonOperator): send_alert> on 2025-04-14 23:54:17.083298+00:00
[2025-04-14T23:54:53.761+0000] {warnings.py:112} WARNING - /home/***/.local/lib/python3.12/site-packages/***/task/task_runner/standard_task_runner.py:70: DeprecationWarning: This process (pid=3308) is multi-threaded, use of fork() may lead to deadlocks in the child.
  pid = os.fork()

[2025-04-14T23:54:53.765+0000] {standard_task_runner.py:72} INFO - Started process 3310 to run task
[2025-04-14T23:54:53.767+0000] {standard_task_runner.py:104} INFO - Running: ['***', 'tasks', 'run', 'pipeline_garrafa_stanley', 'send_alert', 'manual__2025-04-14T23:54:17.083298+00:00', '--job-id', '125', '--raw', '--subdir', 'DAGS_FOLDER/pipeline.py', '--cfg-path', '/tmp/tmps1ur6es1']
[2025-04-14T23:54:53.774+0000] {standard_task_runner.py:105} INFO - Job 125: Subtask send_alert
[2025-04-14T23:54:54.002+0000] {task_command.py:467} INFO - Running <TaskInstance: pipeline_garrafa_stanley.send_alert manual__2025-04-14T23:54:17.083298+00:00 [running]> on host a68e7f38875d
[2025-04-14T23:54:54.315+0000] {taskinstance.py:3134} INFO - Exporting env vars: AIRFLOW_CTX_DAG_OWNER='***' AIRFLOW_CTX_DAG_ID='pipeline_garrafa_stanley' AIRFLOW_CTX_TASK_ID='send_alert' AIRFLOW_CTX_EXECUTION_DATE='2025-04-14T23:54:17.083298+00:00' AIRFLOW_CTX_TRY_NUMBER='1' AIRFLOW_CTX_DAG_RUN_ID='manual__2025-04-14T23:54:17.083298+00:00'
[2025-04-14T23:54:54.319+0000] {taskinstance.py:732} INFO - ::endgroup::
[2025-04-14T23:54:58.159+0000] {logging_mixin.py:190} INFO - Mensagem enviada!
[2025-04-14T23:54:58.162+0000] {python.py:240} INFO - Done. Returned value was: None
[2025-04-14T23:54:58.213+0000] {taskinstance.py:341} INFO - ::group::Post task execution logs
[2025-04-14T23:54:58.215+0000] {taskinstance.py:353} INFO - Marking task as SUCCESS. dag_id=pipeline_garrafa_stanley, task_id=send_alert, run_id=manual__2025-04-14T23:54:17.083298+00:00, execution_date=20250414T235417, start_date=20250414T235453, end_date=20250414T235458
[2025-04-14T23:54:58.418+0000] {local_task_job_runner.py:266} INFO - Task exited with return code 0
[2025-04-14T23:54:58.500+0000] {taskinstance.py:3901} INFO - 0 downstream tasks scheduled from follow-on schedule check
[2025-04-14T23:54:58.506+0000] {local_task_job_runner.py:245} INFO - ::endgroup::
