[2025-04-13T23:43:34.562+0000] {local_task_job_runner.py:123} INFO - ::group::Pre task execution logs
[2025-04-13T23:43:34.595+0000] {taskinstance.py:2614} INFO - Dependencies all met for dep_context=non-requeueable deps ti=<TaskInstance: pipeline_garrafa_stanley.scrap_magalu manual__2025-04-13T23:43:32.815041+00:00 [queued]>
[2025-04-13T23:43:34.605+0000] {taskinstance.py:2614} INFO - Dependencies all met for dep_context=requeueable deps ti=<TaskInstance: pipeline_garrafa_stanley.scrap_magalu manual__2025-04-13T23:43:32.815041+00:00 [queued]>
[2025-04-13T23:43:34.606+0000] {taskinstance.py:2867} INFO - Starting attempt 1 of 1
[2025-04-13T23:43:34.622+0000] {taskinstance.py:2890} INFO - Executing <Task(BashOperator): scrap_magalu> on 2025-04-13 23:43:32.815041+00:00
[2025-04-13T23:43:34.630+0000] {warnings.py:112} WARNING - /home/***/.local/lib/python3.12/site-packages/***/task/task_runner/standard_task_runner.py:70: DeprecationWarning: This process (pid=2027) is multi-threaded, use of fork() may lead to deadlocks in the child.
  pid = os.fork()

[2025-04-13T23:43:34.633+0000] {standard_task_runner.py:72} INFO - Started process 2029 to run task
[2025-04-13T23:43:34.634+0000] {standard_task_runner.py:104} INFO - Running: ['***', 'tasks', 'run', 'pipeline_garrafa_stanley', 'scrap_magalu', 'manual__2025-04-13T23:43:32.815041+00:00', '--job-id', '50', '--raw', '--subdir', 'DAGS_FOLDER/pipeline.py', '--cfg-path', '/tmp/tmp84jr6b98']
[2025-04-13T23:43:34.637+0000] {standard_task_runner.py:105} INFO - Job 50: Subtask scrap_magalu
[2025-04-13T23:43:34.729+0000] {task_command.py:467} INFO - Running <TaskInstance: pipeline_garrafa_stanley.scrap_magalu manual__2025-04-13T23:43:32.815041+00:00 [running]> on host 5cb3b0b4f804
[2025-04-13T23:43:34.885+0000] {taskinstance.py:3134} INFO - Exporting env vars: AIRFLOW_CTX_DAG_OWNER='Mário Kojima' AIRFLOW_CTX_DAG_ID='pipeline_garrafa_stanley' AIRFLOW_CTX_TASK_ID='scrap_magalu' AIRFLOW_CTX_EXECUTION_DATE='2025-04-13T23:43:32.815041+00:00' AIRFLOW_CTX_TRY_NUMBER='1' AIRFLOW_CTX_DAG_RUN_ID='manual__2025-04-13T23:43:32.815041+00:00'
[2025-04-13T23:43:34.887+0000] {taskinstance.py:732} INFO - ::endgroup::
[2025-04-13T23:43:34.905+0000] {subprocess.py:78} INFO - Tmp dir root location: /tmp
[2025-04-13T23:43:34.906+0000] {subprocess.py:88} INFO - Running command: ['/usr/bin/bash', '-c', 'scrapy runspider /opt/***/dags/scrap_magalu.py -O /opt/***/dags/scrap_result.csv']
[2025-04-13T23:43:34.924+0000] {subprocess.py:99} INFO - Output:
[2025-04-13T23:43:36.177+0000] {subprocess.py:106} INFO - 2025-04-13 23:43:36 [scrapy.utils.log] INFO: Scrapy 2.12.0 started (bot: scrapybot)
[2025-04-13T23:43:36.182+0000] {subprocess.py:106} INFO - 2025-04-13 23:43:36 [scrapy.utils.log] INFO: Versions: lxml 5.3.0.0, libxml2 2.12.9, cssselect 1.3.0, parsel 1.10.0, w3lib 2.3.1, Twisted 24.11.0, Python 3.12.9 (main, Feb  6 2025, 22:37:05) [GCC 12.2.0], pyOpenSSL 24.3.0 (OpenSSL 3.2.2 4 Jun 2024), cryptography 42.0.8, Platform Linux-5.10.76-linuxkit-x86_64-with-glibc2.36
[2025-04-13T23:43:36.187+0000] {subprocess.py:106} INFO - 2025-04-13 23:43:36 [scrapy.addons] INFO: Enabled addons:
[2025-04-13T23:43:36.188+0000] {subprocess.py:106} INFO - []
[2025-04-13T23:43:36.189+0000] {subprocess.py:106} INFO - 2025-04-13 23:43:36 [scrapy.utils.log] DEBUG: Using reactor: twisted.internet.epollreactor.EPollReactor
[2025-04-13T23:43:36.192+0000] {subprocess.py:106} INFO - 2025-04-13 23:43:36 [scrapy.extensions.telnet] INFO: Telnet Password: 1a7315c02edb5c61
[2025-04-13T23:43:36.306+0000] {subprocess.py:106} INFO - 2025-04-13 23:43:36 [scrapy.middleware] INFO: Enabled extensions:
[2025-04-13T23:43:36.307+0000] {subprocess.py:106} INFO - ['scrapy.extensions.corestats.CoreStats',
[2025-04-13T23:43:36.309+0000] {subprocess.py:106} INFO -  'scrapy.extensions.telnet.TelnetConsole',
[2025-04-13T23:43:36.310+0000] {subprocess.py:106} INFO -  'scrapy.extensions.memusage.MemoryUsage',
[2025-04-13T23:43:36.311+0000] {subprocess.py:106} INFO -  'scrapy.extensions.feedexport.FeedExporter',
[2025-04-13T23:43:36.312+0000] {subprocess.py:106} INFO -  'scrapy.extensions.logstats.LogStats']
[2025-04-13T23:43:36.315+0000] {subprocess.py:106} INFO - 2025-04-13 23:43:36 [scrapy.crawler] INFO: Overridden settings:
[2025-04-13T23:43:36.316+0000] {subprocess.py:106} INFO - {'SPIDER_LOADER_WARN_ONLY': True,
[2025-04-13T23:43:36.317+0000] {subprocess.py:106} INFO -  'USER_AGENT': 'Mozilla/5.0 (X11; Linux x86_64) AppleWebKit/537.36 (KHTML, '
[2025-04-13T23:43:36.319+0000] {subprocess.py:106} INFO -                'like Gecko) Chrome/51.0.2704.103 Safari/537.36'}
[2025-04-13T23:43:36.523+0000] {subprocess.py:106} INFO - 2025-04-13 23:43:36 [scrapy.middleware] INFO: Enabled downloader middlewares:
[2025-04-13T23:43:36.525+0000] {subprocess.py:106} INFO - ['scrapy.downloadermiddlewares.offsite.OffsiteMiddleware',
[2025-04-13T23:43:36.526+0000] {subprocess.py:106} INFO -  'scrapy.downloadermiddlewares.httpauth.HttpAuthMiddleware',
[2025-04-13T23:43:36.526+0000] {subprocess.py:106} INFO -  'scrapy.downloadermiddlewares.downloadtimeout.DownloadTimeoutMiddleware',
[2025-04-13T23:43:36.527+0000] {subprocess.py:106} INFO -  'scrapy.downloadermiddlewares.defaultheaders.DefaultHeadersMiddleware',
[2025-04-13T23:43:36.528+0000] {subprocess.py:106} INFO -  'scrapy.downloadermiddlewares.useragent.UserAgentMiddleware',
[2025-04-13T23:43:36.529+0000] {subprocess.py:106} INFO -  'scrapy.downloadermiddlewares.retry.RetryMiddleware',
[2025-04-13T23:43:36.530+0000] {subprocess.py:106} INFO -  'scrapy.downloadermiddlewares.redirect.MetaRefreshMiddleware',
[2025-04-13T23:43:36.531+0000] {subprocess.py:106} INFO -  'scrapy.downloadermiddlewares.httpcompression.HttpCompressionMiddleware',
[2025-04-13T23:43:36.532+0000] {subprocess.py:106} INFO -  'scrapy.downloadermiddlewares.redirect.RedirectMiddleware',
[2025-04-13T23:43:36.533+0000] {subprocess.py:106} INFO -  'scrapy.downloadermiddlewares.cookies.CookiesMiddleware',
[2025-04-13T23:43:36.534+0000] {subprocess.py:106} INFO -  'scrapy.downloadermiddlewares.httpproxy.HttpProxyMiddleware',
[2025-04-13T23:43:36.535+0000] {subprocess.py:106} INFO -  'scrapy.downloadermiddlewares.stats.DownloaderStats']
[2025-04-13T23:43:36.536+0000] {subprocess.py:106} INFO - 2025-04-13 23:43:36 [scrapy.middleware] INFO: Enabled spider middlewares:
[2025-04-13T23:43:36.537+0000] {subprocess.py:106} INFO - ['scrapy.spidermiddlewares.httperror.HttpErrorMiddleware',
[2025-04-13T23:43:36.539+0000] {subprocess.py:106} INFO -  'scrapy.spidermiddlewares.referer.RefererMiddleware',
[2025-04-13T23:43:36.540+0000] {subprocess.py:106} INFO -  'scrapy.spidermiddlewares.urllength.UrlLengthMiddleware',
[2025-04-13T23:43:36.542+0000] {subprocess.py:106} INFO -  'scrapy.spidermiddlewares.depth.DepthMiddleware']
[2025-04-13T23:43:36.543+0000] {subprocess.py:106} INFO - 2025-04-13 23:43:36 [scrapy.middleware] INFO: Enabled item pipelines:
[2025-04-13T23:43:36.544+0000] {subprocess.py:106} INFO - []
[2025-04-13T23:43:36.545+0000] {subprocess.py:106} INFO - 2025-04-13 23:43:36 [scrapy.core.engine] INFO: Spider opened
[2025-04-13T23:43:36.546+0000] {subprocess.py:106} INFO - 2025-04-13 23:43:36 [scrapy.extensions.logstats] INFO: Crawled 0 pages (at 0 pages/min), scraped 0 items (at 0 items/min)
[2025-04-13T23:43:36.547+0000] {subprocess.py:106} INFO - 2025-04-13 23:43:36 [scrapy.extensions.telnet] INFO: Telnet console listening on 127.0.0.1:6023
[2025-04-13T23:43:41.284+0000] {subprocess.py:106} INFO - 2025-04-13 23:43:41 [scrapy.core.engine] DEBUG: Crawled (200) <GET https://www.magazineluiza.com.br/busca/garrafa+stanley+aerolight+fast+flow/?page=1> (referer: None)
[2025-04-13T23:43:42.961+0000] {subprocess.py:106} INFO - 2025-04-13 23:43:42 [scrapy.core.engine] DEBUG: Crawled (200) <GET https://www.magazineluiza.com.br/busca/garrafa+stanley+aerolight+fast+flow/?page=1?page=2> (referer: https://www.magazineluiza.com.br/busca/garrafa+stanley+aerolight+fast+flow/?page=1)
[2025-04-13T23:43:43.082+0000] {subprocess.py:106} INFO - 2025-04-13 23:43:43 [scrapy.core.scraper] DEBUG: Scraped from <200 https://www.magazineluiza.com.br/busca/garrafa+stanley+aerolight+fast+flow/?page=1?page=2>
[2025-04-13T23:43:43.084+0000] {subprocess.py:106} INFO - {'title': 'GARRAFA STANLEY AEROLIGHT FAST FLOW 1.1Lt ORIGINAL TODAS AS CORES', 'price': 'R$\xa0339,14', 'review': '4.2 (6)', 'store': 'Magazine Luiza'}
[2025-04-13T23:43:43.087+0000] {subprocess.py:106} INFO - 2025-04-13 23:43:43 [scrapy.core.scraper] DEBUG: Scraped from <200 https://www.magazineluiza.com.br/busca/garrafa+stanley+aerolight+fast+flow/?page=1?page=2>
[2025-04-13T23:43:43.088+0000] {subprocess.py:106} INFO - {'title': 'Garrafa stanley aerolight fast flow 710ml original todas as cores', 'price': 'R$\xa0310,64', 'review': '5.0 (1)', 'store': 'Magazine Luiza'}
[2025-04-13T23:43:43.089+0000] {subprocess.py:106} INFO - 2025-04-13 23:43:43 [scrapy.core.scraper] DEBUG: Scraped from <200 https://www.magazineluiza.com.br/busca/garrafa+stanley+aerolight+fast+flow/?page=1?page=2>
[2025-04-13T23:43:43.090+0000] {subprocess.py:106} INFO - {'title': 'Garrafa Térmica Aerolight Stanley Fast Flow 710ml - Matte Black', 'price': 'R$\xa0262,65', 'review': '5.0 (1)', 'store': 'Magazine Luiza'}
[2025-04-13T23:43:43.091+0000] {subprocess.py:106} INFO - 2025-04-13 23:43:43 [scrapy.core.scraper] DEBUG: Scraped from <200 https://www.magazineluiza.com.br/busca/garrafa+stanley+aerolight+fast+flow/?page=1?page=2>
[2025-04-13T23:43:43.092+0000] {subprocess.py:106} INFO - {'title': 'Garrafa Térmica Stanley Aerolight Fast Flow Lavender 710ML - STANLEY PMI', 'price': 'R$\xa0289,97', 'review': None, 'store': 'Magazine Luiza'}
[2025-04-13T23:43:43.093+0000] {subprocess.py:106} INFO - 2025-04-13 23:43:43 [scrapy.core.scraper] DEBUG: Scraped from <200 https://www.magazineluiza.com.br/busca/garrafa+stanley+aerolight+fast+flow/?page=1?page=2>
[2025-04-13T23:43:43.094+0000] {subprocess.py:106} INFO - {'title': 'Stanley Garrafa Térmica Aerolight Original Fast Flow Branco Polar 710ml', 'price': 'R$\xa0332,10', 'review': None, 'store': 'Magazine Luiza'}
[2025-04-13T23:43:43.095+0000] {subprocess.py:106} INFO - 2025-04-13 23:43:43 [scrapy.core.scraper] DEBUG: Scraped from <200 https://www.magazineluiza.com.br/busca/garrafa+stanley+aerolight+fast+flow/?page=1?page=2>
[2025-04-13T23:43:43.096+0000] {subprocess.py:106} INFO - {'title': 'Garrafa Térmica Aerolight Stanley Fast Flow 1,1L - Tigerlily', 'price': 'R$\xa0288,15', 'review': '5.0 (1)', 'store': 'Magazine Luiza'}
[2025-04-13T23:43:43.096+0000] {subprocess.py:106} INFO - 2025-04-13 23:43:43 [scrapy.core.scraper] DEBUG: Scraped from <200 https://www.magazineluiza.com.br/busca/garrafa+stanley+aerolight+fast+flow/?page=1?page=2>
[2025-04-13T23:43:43.097+0000] {subprocess.py:106} INFO - {'title': 'Garrafa Térmica Stanley Aerolight Fast Flow 1.1L Pink', 'price': 'R$\xa0295,45', 'review': None, 'store': 'Magazine Luiza'}
[2025-04-13T23:43:43.098+0000] {subprocess.py:106} INFO - 2025-04-13 23:43:43 [scrapy.core.scraper] DEBUG: Scraped from <200 https://www.magazineluiza.com.br/busca/garrafa+stanley+aerolight+fast+flow/?page=1?page=2>
[2025-04-13T23:43:43.099+0000] {subprocess.py:106} INFO - {'title': 'Garrafa Térmica Stanley Aerolight Fast Flow Matte Black 710ML', 'price': 'R$\xa0278,35', 'review': '5.0 (1)', 'store': 'Magazine Luiza'}
[2025-04-13T23:43:43.100+0000] {subprocess.py:106} INFO - 2025-04-13 23:43:43 [scrapy.core.scraper] DEBUG: Scraped from <200 https://www.magazineluiza.com.br/busca/garrafa+stanley+aerolight+fast+flow/?page=1?page=2>
[2025-04-13T23:43:43.101+0000] {subprocess.py:106} INFO - {'title': 'Garrafa Térmica Aerolight Fast Flow Matte Black 1,1L Stanley', 'price': 'R$\xa0358,79', 'review': '4.2 (6)', 'store': 'Magazine Luiza'}
[2025-04-13T23:43:43.102+0000] {subprocess.py:106} INFO - 2025-04-13 23:43:43 [scrapy.core.scraper] DEBUG: Scraped from <200 https://www.magazineluiza.com.br/busca/garrafa+stanley+aerolight+fast+flow/?page=1?page=2>
[2025-04-13T23:43:43.104+0000] {subprocess.py:106} INFO - {'title': 'Garrafa Térmica Aerolight Stanley Fast Flow 710ml - Lavender', 'price': 'R$\xa0262,65', 'review': None, 'store': 'Magazine Luiza'}
[2025-04-13T23:43:43.105+0000] {subprocess.py:106} INFO - 2025-04-13 23:43:43 [scrapy.core.scraper] DEBUG: Scraped from <200 https://www.magazineluiza.com.br/busca/garrafa+stanley+aerolight+fast+flow/?page=1?page=2>
[2025-04-13T23:43:43.107+0000] {subprocess.py:106} INFO - {'title': 'Garrafa Térmica Stanley Aerolight Fast Flow Branco Polar 1,1 Litros', 'price': 'R$\xa0305,90', 'review': None, 'store': 'Magazine Luiza'}
[2025-04-13T23:43:43.108+0000] {subprocess.py:106} INFO - 2025-04-13 23:43:43 [scrapy.core.scraper] DEBUG: Scraped from <200 https://www.magazineluiza.com.br/busca/garrafa+stanley+aerolight+fast+flow/?page=1?page=2>
[2025-04-13T23:43:43.109+0000] {subprocess.py:106} INFO - {'title': 'Garrafa Térmica Aerolight Stanley Fast Flow 1,1L - Citron', 'price': 'R$\xa0288,15', 'review': None, 'store': 'Magazine Luiza'}
[2025-04-13T23:43:43.110+0000] {subprocess.py:106} INFO - 2025-04-13 23:43:43 [scrapy.core.scraper] DEBUG: Scraped from <200 https://www.magazineluiza.com.br/busca/garrafa+stanley+aerolight+fast+flow/?page=1?page=2>
[2025-04-13T23:43:43.111+0000] {subprocess.py:106} INFO - {'title': 'Garrafa Térmica Aerolight Stanley Fast Flow 1,1L - Polar', 'price': 'R$\xa0288,15', 'review': None, 'store': 'Magazine Luiza'}
[2025-04-13T23:43:43.112+0000] {subprocess.py:106} INFO - 2025-04-13 23:43:43 [scrapy.core.scraper] DEBUG: Scraped from <200 https://www.magazineluiza.com.br/busca/garrafa+stanley+aerolight+fast+flow/?page=1?page=2>
[2025-04-13T23:43:43.113+0000] {subprocess.py:106} INFO - {'title': 'Garrafa Térmica Stanley Aerolight Fast Flow Citron 710ML', 'price': 'R$\xa0278,35', 'review': None, 'store': 'Magazine Luiza'}
[2025-04-13T23:43:43.114+0000] {subprocess.py:106} INFO - 2025-04-13 23:43:43 [scrapy.core.scraper] DEBUG: Scraped from <200 https://www.magazineluiza.com.br/busca/garrafa+stanley+aerolight+fast+flow/?page=1?page=2>
[2025-04-13T23:43:43.115+0000] {subprocess.py:106} INFO - {'title': 'Garrafa Térmica Stanley Aerolight Fast Flow Original Laranja Tigerlily 1,1 L', 'price': 'R$\xa0379,00', 'review': '5.0 (1)', 'store': 'Magazine Luiza'}
[2025-04-13T23:43:43.116+0000] {subprocess.py:106} INFO - 2025-04-13 23:43:43 [scrapy.core.scraper] DEBUG: Scraped from <200 https://www.magazineluiza.com.br/busca/garrafa+stanley+aerolight+fast+flow/?page=1?page=2>
[2025-04-13T23:43:43.117+0000] {subprocess.py:106} INFO - {'title': 'Garrafa Térmica Aerolight Laranja Fast Flow Tigerlily 1,1L Stanley', 'price': 'R$\xa0351,41', 'review': '5.0 (1)', 'store': 'Magazine Luiza'}
[2025-04-13T23:43:43.118+0000] {subprocess.py:106} INFO - 2025-04-13 23:43:43 [scrapy.core.scraper] DEBUG: Scraped from <200 https://www.magazineluiza.com.br/busca/garrafa+stanley+aerolight+fast+flow/?page=1?page=2>
[2025-04-13T23:43:43.119+0000] {subprocess.py:106} INFO - {'title': 'Garrafa stanley térmica aerolight fast flow em aço inox 710ml lavender 08241-00', 'price': 'R$\xa0331,55', 'review': None, 'store': 'Magazine Luiza'}
[2025-04-13T23:43:43.121+0000] {subprocess.py:106} INFO - 2025-04-13 23:43:43 [scrapy.core.scraper] DEBUG: Scraped from <200 https://www.magazineluiza.com.br/busca/garrafa+stanley+aerolight+fast+flow/?page=1?page=2>
[2025-04-13T23:43:43.122+0000] {subprocess.py:106} INFO - {'title': 'Garrafa stanley térmica aerolight fast flow 1,1 litros laranja tigerlily 08242-00', 'price': 'R$\xa0350,55', 'review': '5.0 (1)', 'store': 'Magazine Luiza'}
[2025-04-13T23:43:43.122+0000] {subprocess.py:106} INFO - 2025-04-13 23:43:43 [scrapy.core.scraper] DEBUG: Scraped from <200 https://www.magazineluiza.com.br/busca/garrafa+stanley+aerolight+fast+flow/?page=1?page=2>
[2025-04-13T23:43:43.123+0000] {subprocess.py:106} INFO - {'title': 'Garrafa Térmica Stanley Aerolight Fast Flow 710ml Rosa Claro', 'price': 'R$\xa0274,34', 'review': None, 'store': 'Magazine Luiza'}
[2025-04-13T23:43:43.124+0000] {subprocess.py:106} INFO - 2025-04-13 23:43:43 [scrapy.core.scraper] DEBUG: Scraped from <200 https://www.magazineluiza.com.br/busca/garrafa+stanley+aerolight+fast+flow/?page=1?page=2>
[2025-04-13T23:43:43.125+0000] {subprocess.py:106} INFO - {'title': 'Garrafa Térmica Stanley Aerolight Fast Flow 1.1L Verde Água', 'price': 'R$\xa0295,45', 'review': None, 'store': 'Magazine Luiza'}
[2025-04-13T23:43:43.126+0000] {subprocess.py:106} INFO - 2025-04-13 23:43:43 [scrapy.core.scraper] DEBUG: Scraped from <200 https://www.magazineluiza.com.br/busca/garrafa+stanley+aerolight+fast+flow/?page=1?page=2>
[2025-04-13T23:43:43.127+0000] {subprocess.py:106} INFO - {'title': 'Garrafa Térmica Stanley Aerolight Fast Flow Branco Polar 1,1 Litros - STANLEY PMI', 'price': 'R$\xa0399,00', 'review': None, 'store': 'Magazine Luiza'}
[2025-04-13T23:43:43.128+0000] {subprocess.py:106} INFO - 2025-04-13 23:43:43 [scrapy.core.scraper] DEBUG: Scraped from <200 https://www.magazineluiza.com.br/busca/garrafa+stanley+aerolight+fast+flow/?page=1?page=2>
[2025-04-13T23:43:43.129+0000] {subprocess.py:106} INFO - {'title': 'Garrafa Térmica Stanley Aerolight Fast Flow Matte Black 710ML - STANLEY PMI', 'price': 'R$\xa0365,00', 'review': '5.0 (1)', 'store': 'Magazine Luiza'}
[2025-04-13T23:43:43.130+0000] {subprocess.py:106} INFO - 2025-04-13 23:43:43 [scrapy.core.scraper] DEBUG: Scraped from <200 https://www.magazineluiza.com.br/busca/garrafa+stanley+aerolight+fast+flow/?page=1?page=2>
[2025-04-13T23:43:43.130+0000] {subprocess.py:106} INFO - {'title': 'Garrafa stanley térmica aerolight fast flow em aço inox 710ml laranja tigerlily 08204-00', 'price': 'R$\xa0331,55', 'review': None, 'store': 'Magazine Luiza'}
[2025-04-13T23:43:43.131+0000] {subprocess.py:106} INFO - **************************************************
[2025-04-13T23:43:43.132+0000] {subprocess.py:106} INFO - 2
[2025-04-13T23:43:43.132+0000] {subprocess.py:106} INFO - **************************************************
[2025-04-13T23:43:43.133+0000] {subprocess.py:106} INFO - https://www.magazineluiza.com.br/busca/garrafa+stanley+aerolight+fast+flow/?page=1?page=2
[2025-04-13T23:43:43.134+0000] {subprocess.py:106} INFO - blocos
[2025-04-13T23:43:43.135+0000] {subprocess.py:106} INFO - [<Selector query='//div[@data-testid="product-list"]//li' data='<li class="sc-hwhrDX ghzctf"><a href=...'>, <Selector query='//div[@data-testid="product-list"]//li' data='<li class="sc-hwhrDX ghzctf"><a href=...'>, <Selector query='//div[@data-testid="product-list"]//li' data='<li class="sc-hwhrDX ghzctf"><a href=...'>, <Selector query='//div[@data-testid="product-list"]//li' data='<li class="sc-hwhrDX ghzctf"><a href=...'>, <Selector query='//div[@data-testid="product-list"]//li' data='<li class="sc-hwhrDX ghzctf"><a href=...'>, <Selector query='//div[@data-testid="product-list"]//li' data='<li class="sc-hwhrDX ghzctf"><a href=...'>, <Selector query='//div[@data-testid="product-list"]//li' data='<li class="sc-hwhrDX ghzctf"><a href=...'>, <Selector query='//div[@data-testid="product-list"]//li' data='<li class="sc-hwhrDX ghzctf"><a href=...'>, <Selector query='//div[@data-testid="product-list"]//li' data='<li class="sc-hwhrDX ghzctf"><a href=...'>, <Selector query='//div[@data-testid="product-list"]//li' data='<li class="sc-hwhrDX ghzctf"><a href=...'>, <Selector query='//div[@data-testid="product-list"]//li' data='<li class="sc-hwhrDX ghzctf"><a href=...'>, <Selector query='//div[@data-testid="product-list"]//li' data='<li class="sc-hwhrDX ghzctf"><a href=...'>, <Selector query='//div[@data-testid="product-list"]//li' data='<li class="sc-hwhrDX ghzctf"><a href=...'>, <Selector query='//div[@data-testid="product-list"]//li' data='<li class="sc-hwhrDX ghzctf"><a href=...'>, <Selector query='//div[@data-testid="product-list"]//li' data='<li class="sc-hwhrDX ghzctf"><a href=...'>, <Selector query='//div[@data-testid="product-list"]//li' data='<li class="sc-hwhrDX ghzctf"><a href=...'>, <Selector query='//div[@data-testid="product-list"]//li' data='<li class="sc-hwhrDX ghzctf"><a href=...'>, <Selector query='//div[@data-testid="product-list"]//li' data='<li class="sc-hwhrDX ghzctf"><a href=...'>, <Selector query='//div[@data-testid="product-list"]//li' data='<li class="sc-hwhrDX ghzctf"><a href=...'>, <Selector query='//div[@data-testid="product-list"]//li' data='<li class="sc-hwhrDX ghzctf"><a href=...'>, <Selector query='//div[@data-testid="product-list"]//li' data='<li class="sc-hwhrDX ghzctf"><a href=...'>, <Selector query='//div[@data-testid="product-list"]//li' data='<li class="sc-hwhrDX ghzctf"><a href=...'>, <Selector query='//div[@data-testid="product-list"]//li' data='<li class="sc-hwhrDX ghzctf"><a href=...'>, <Selector query='//div[@data-testid="product-list"]//li' data='<li class="sc-hwhrDX ghzctf"><a href=...'>, <Selector query='//div[@data-testid="product-list"]//li' data='<li class="sc-hwhrDX ghzctf"><a href=...'>, <Selector query='//div[@data-testid="product-list"]//li' data='<li class="sc-hwhrDX ghzctf"><a href=...'>, <Selector query='//div[@data-testid="product-list"]//li' data='<li class="sc-hwhrDX ghzctf"><a href=...'>, <Selector query='//div[@data-testid="product-list"]//li' data='<li class="sc-hwhrDX ghzctf"><a href=...'>, <Selector query='//div[@data-testid="product-list"]//li' data='<li class="sc-hwhrDX ghzctf"><a href=...'>, <Selector query='//div[@data-testid="product-list"]//li' data='<li class="sc-hwhrDX ghzctf"><a href=...'>, <Selector query='//div[@data-testid="product-list"]//li' data='<li class="sc-hwhrDX ghzctf"><a href=...'>, <Selector query='//div[@data-testid="product-list"]//li' data='<li class="sc-hwhrDX ghzctf"><a href=...'>, <Selector query='//div[@data-testid="product-list"]//li' data='<li class="sc-hwhrDX ghzctf"><a href=...'>, <Selector query='//div[@data-testid="product-list"]//li' data='<li class="sc-hwhrDX ghzctf"><a href=...'>, <Selector query='//div[@data-testid="product-list"]//li' data='<li class="sc-hwhrDX ghzctf"><a href=...'>, <Selector query='//div[@data-testid="product-list"]//li' data='<li class="sc-hwhrDX ghzctf"><a href=...'>, <Selector query='//div[@data-testid="product-list"]//li' data='<li class="sc-hwhrDX ghzctf"><a href=...'>, <Selector query='//div[@data-testid="product-list"]//li' data='<li class="sc-hwhrDX ghzctf"><a href=...'>, <Selector query='//div[@data-testid="product-list"]//li' data='<li class="sc-hwhrDX ghzctf"><a href=...'>, <Selector query='//div[@data-testid="product-list"]//li' data='<li class="sc-hwhrDX ghzctf"><a href=...'>, <Selector query='//div[@data-testid="product-list"]//li' data='<li class="sc-hwhrDX ghzctf"><a href=...'>, <Selector query='//div[@data-testid="product-list"]//li' data='<li class="sc-hwhrDX ghzctf"><a href=...'>, <Selector query='//div[@data-testid="product-list"]//li' data='<li class="sc-hwhrDX ghzctf"><a href=...'>, <Selector query='//div[@data-testid="product-list"]//li' data='<li class="sc-hwhrDX ghzctf"><a href=...'>, <Selector query='//div[@data-testid="product-list"]//li' data='<li class="sc-hwhrDX ghzctf"><a href=...'>, <Selector query='//div[@data-testid="product-list"]//li' data='<li class="sc-hwhrDX ghzctf"><a href=...'>, <Selector query='//div[@data-testid="product-list"]//li' data='<li class="sc-hwhrDX ghzctf"><a href=...'>, <Selector query='//div[@data-testid="product-list"]//li' data='<li class="sc-hwhrDX ghzctf"><a href=...'>, <Selector query='//div[@data-testid="product-list"]//li' data='<li class="sc-hwhrDX ghzctf"><a href=...'>, <Selector query='//div[@data-testid="product-list"]//li' data='<li class="sc-hwhrDX ghzctf"><a href=...'>, <Selector query='//div[@data-testid="product-list"]//li' data='<li class="sc-hwhrDX ghzctf"><a href=...'>, <Selector query='//div[@data-testid="product-list"]//li' data='<li class="sc-hwhrDX ghzctf"><a href=...'>, <Selector query='//div[@data-testid="product-list"]//li' data='<li class="sc-hwhrDX ghzctf"><a href=...'>, <Selector query='//div[@data-testid="product-list"]//li' data='<li class="sc-hwhrDX ghzctf"><a href=...'>, <Selector query='//div[@data-testid="product-list"]//li' data='<li class="sc-hwhrDX ghzctf"><a href=...'>]
[2025-04-13T23:43:43.136+0000] {subprocess.py:106} INFO - GARRAFA STANLEY AEROLIGHT FAST FLOW 1.1Lt ORIGINAL TODAS AS CORES
[2025-04-13T23:43:43.137+0000] {subprocess.py:106} INFO - [R$ 339,14]
[2025-04-13T23:43:43.137+0000] {subprocess.py:106} INFO - 4.2 (6)
[2025-04-13T23:43:43.138+0000] {subprocess.py:106} INFO - Garrafa stanley aerolight fast flow 710ml original todas as cores
[2025-04-13T23:43:43.139+0000] {subprocess.py:106} INFO - [R$ 310,64]
[2025-04-13T23:43:43.140+0000] {subprocess.py:106} INFO - 5.0 (1)
[2025-04-13T23:43:43.141+0000] {subprocess.py:106} INFO - Garrafa Térmica Aerolight Stanley Fast Flow 710ml - Matte Black
[2025-04-13T23:43:43.142+0000] {subprocess.py:106} INFO - [R$ 262,65]
[2025-04-13T23:43:43.142+0000] {subprocess.py:106} INFO - 5.0 (1)
[2025-04-13T23:43:43.143+0000] {subprocess.py:106} INFO - Garrafa Térmica Stanley Aerolight Fast Flow Lavender 710ML - STANLEY PMI
[2025-04-13T23:43:43.144+0000] {subprocess.py:106} INFO - [R$ 289,97]
[2025-04-13T23:43:43.144+0000] {subprocess.py:106} INFO - None
[2025-04-13T23:43:43.145+0000] {subprocess.py:106} INFO - Stanley Garrafa Térmica Aerolight Original Fast Flow Branco Polar 710ml
[2025-04-13T23:43:43.146+0000] {subprocess.py:106} INFO - [R$ 332,10]
[2025-04-13T23:43:43.147+0000] {subprocess.py:106} INFO - None
[2025-04-13T23:43:43.147+0000] {subprocess.py:106} INFO - Garrafa Térmica Aerolight Stanley Fast Flow 1,1L - Tigerlily
[2025-04-13T23:43:43.148+0000] {subprocess.py:106} INFO - [R$ 288,15]
[2025-04-13T23:43:43.149+0000] {subprocess.py:106} INFO - 5.0 (1)
[2025-04-13T23:43:43.150+0000] {subprocess.py:106} INFO - Garrafa Térmica Stanley Aerolight Fast Flow 1.1L Pink
[2025-04-13T23:43:43.151+0000] {subprocess.py:106} INFO - [R$ 295,45]
[2025-04-13T23:43:43.151+0000] {subprocess.py:106} INFO - None
[2025-04-13T23:43:43.152+0000] {subprocess.py:106} INFO - Garrafa Térmica Stanley Aerolight Fast Flow Matte Black 710ML
[2025-04-13T23:43:43.153+0000] {subprocess.py:106} INFO - [R$ 278,35]
[2025-04-13T23:43:43.154+0000] {subprocess.py:106} INFO - 5.0 (1)
[2025-04-13T23:43:43.155+0000] {subprocess.py:106} INFO - Garrafa Térmica Aerolight Fast Flow Matte Black 1,1L Stanley
[2025-04-13T23:43:43.156+0000] {subprocess.py:106} INFO - [R$ 358,79]
[2025-04-13T23:43:43.157+0000] {subprocess.py:106} INFO - 4.2 (6)
[2025-04-13T23:43:43.158+0000] {subprocess.py:106} INFO - Garrafa Térmica Aerolight Stanley Fast Flow 710ml - Lavender
[2025-04-13T23:43:43.158+0000] {subprocess.py:106} INFO - [R$ 262,65]
[2025-04-13T23:43:43.159+0000] {subprocess.py:106} INFO - None
[2025-04-13T23:43:43.160+0000] {subprocess.py:106} INFO - Garrafa Térmica Stanley Aerolight Fast Flow Branco Polar 1,1 Litros
[2025-04-13T23:43:43.160+0000] {subprocess.py:106} INFO - [R$ 305,90]
[2025-04-13T23:43:43.161+0000] {subprocess.py:106} INFO - None
[2025-04-13T23:43:43.162+0000] {subprocess.py:106} INFO - Garrafa Térmica Aerolight Stanley Fast Flow 1,1L - Citron
[2025-04-13T23:43:43.162+0000] {subprocess.py:106} INFO - [R$ 288,15]
[2025-04-13T23:43:43.163+0000] {subprocess.py:106} INFO - None
[2025-04-13T23:43:43.164+0000] {subprocess.py:106} INFO - Garrafa Térmica Aerolight Stanley Fast Flow 1,1L - Polar
[2025-04-13T23:43:43.165+0000] {subprocess.py:106} INFO - [R$ 288,15]
[2025-04-13T23:43:43.165+0000] {subprocess.py:106} INFO - None
[2025-04-13T23:43:43.166+0000] {subprocess.py:106} INFO - Garrafa Térmica Stanley Aerolight Fast Flow Citron 710ML
[2025-04-13T23:43:43.167+0000] {subprocess.py:106} INFO - [R$ 278,35]
[2025-04-13T23:43:43.168+0000] {subprocess.py:106} INFO - None
[2025-04-13T23:43:43.169+0000] {subprocess.py:106} INFO - Garrafa Térmica Stanley Aerolight Fast Flow Original Laranja Tigerlily 1,1 L
[2025-04-13T23:43:43.169+0000] {subprocess.py:106} INFO - [R$ 379,00]
[2025-04-13T23:43:43.170+0000] {subprocess.py:106} INFO - 5.0 (1)
[2025-04-13T23:43:43.171+0000] {subprocess.py:106} INFO - Garrafa Térmica Aerolight Laranja Fast Flow Tigerlily 1,1L Stanley
[2025-04-13T23:43:43.172+0000] {subprocess.py:106} INFO - [R$ 351,41]
[2025-04-13T23:43:43.173+0000] {subprocess.py:106} INFO - 5.0 (1)
[2025-04-13T23:43:43.174+0000] {subprocess.py:106} INFO - Garrafa stanley térmica aerolight fast flow em aço inox 710ml lavender 08241-00
[2025-04-13T23:43:43.175+0000] {subprocess.py:106} INFO - [R$ 331,55]
[2025-04-13T23:43:43.176+0000] {subprocess.py:106} INFO - None
[2025-04-13T23:43:43.177+0000] {subprocess.py:106} INFO - Garrafa stanley térmica aerolight fast flow 1,1 litros laranja tigerlily 08242-00
[2025-04-13T23:43:43.178+0000] {subprocess.py:106} INFO - [R$ 350,55]
[2025-04-13T23:43:43.178+0000] {subprocess.py:106} INFO - 5.0 (1)
[2025-04-13T23:43:43.179+0000] {subprocess.py:106} INFO - Garrafa Térmica Stanley Aerolight Fast Flow 710ml Rosa Claro
[2025-04-13T23:43:43.180+0000] {subprocess.py:106} INFO - [R$ 274,34]
[2025-04-13T23:43:43.180+0000] {subprocess.py:106} INFO - None
[2025-04-13T23:43:43.181+0000] {subprocess.py:106} INFO - Garrafa Térmica Stanley Aerolight Fast Flow 1.1L Verde Água
[2025-04-13T23:43:43.182+0000] {subprocess.py:106} INFO - [R$ 295,45]
[2025-04-13T23:43:43.183+0000] {subprocess.py:106} INFO - None
[2025-04-13T23:43:43.183+0000] {subprocess.py:106} INFO - Garrafa Térmica Stanley Aerolight Fast Flow Branco Polar 1,1 Litros - STANLEY PMI
[2025-04-13T23:43:43.184+0000] {subprocess.py:106} INFO - [R$ 399,00]
[2025-04-13T23:43:43.185+0000] {subprocess.py:106} INFO - None
[2025-04-13T23:43:43.186+0000] {subprocess.py:106} INFO - Garrafa Térmica Stanley Aerolight Fast Flow Matte Black 710ML - STANLEY PMI
[2025-04-13T23:43:43.187+0000] {subprocess.py:106} INFO - [R$ 365,00]
[2025-04-13T23:43:43.188+0000] {subprocess.py:106} INFO - 5.0 (1)
[2025-04-13T23:43:43.189+0000] {subprocess.py:106} INFO - Garrafa stanley térmica aerolight fast flow em aço inox 710ml laranja tigerlily 08204-00
[2025-04-13T23:43:43.190+0000] {subprocess.py:106} INFO - [R$ 331,55]
[2025-04-13T23:43:43.191+0000] {subprocess.py:106} INFO - None
[2025-04-13T23:43:43.192+0000] {subprocess.py:106} INFO - Garrafa stanley térmica aerolight fast flow em aço inox 710ml vivid violet 08405-002025-04-13 23:43:43 [scrapy.core.scraper] DEBUG: Scraped from <200 https://www.magazineluiza.com.br/busca/garrafa+stanley+aerolight+fast+flow/?page=1?page=2>
[2025-04-13T23:43:43.193+0000] {subprocess.py:106} INFO - {'title': 'Garrafa stanley térmica aerolight fast flow em aço inox 710ml vivid violet 08405-00', 'price': 'R$\xa0331,55', 'review': None, 'store': 'Magazine Luiza'}
[2025-04-13T23:43:43.194+0000] {subprocess.py:106} INFO - 2025-04-13 23:43:43 [scrapy.core.scraper] DEBUG: Scraped from <200 https://www.magazineluiza.com.br/busca/garrafa+stanley+aerolight+fast+flow/?page=1?page=2>
[2025-04-13T23:43:43.195+0000] {subprocess.py:106} INFO - {'title': 'Garrafa Térmica Stanley Aerolight Fast Flow 710ml Lilás', 'price': 'R$\xa0274,34', 'review': None, 'store': 'Magazine Luiza'}
[2025-04-13T23:43:43.195+0000] {subprocess.py:106} INFO - 2025-04-13 23:43:43 [scrapy.core.scraper] DEBUG: Scraped from <200 https://www.magazineluiza.com.br/busca/garrafa+stanley+aerolight+fast+flow/?page=1?page=2>
[2025-04-13T23:43:43.196+0000] {subprocess.py:106} INFO - {'title': 'Garrafa Térmica Stanley Aerolight Fast Flow Branco Polar 1,1 Litros - STANLEY PMI', 'price': 'R$\xa0385,90', 'review': None, 'store': 'Magazine Luiza'}
[2025-04-13T23:43:43.197+0000] {subprocess.py:106} INFO - 2025-04-13 23:43:43 [scrapy.core.scraper] DEBUG: Scraped from <200 https://www.magazineluiza.com.br/busca/garrafa+stanley+aerolight+fast+flow/?page=1?page=2>
[2025-04-13T23:43:43.198+0000] {subprocess.py:106} INFO - {'title': 'Garrafa Térmica Stanley Aerolight Fast Flow 710 ML Azul 0838', 'price': 'R$\xa0369,90', 'review': None, 'store': 'Magazine Luiza'}
[2025-04-13T23:43:43.199+0000] {subprocess.py:106} INFO - 2025-04-13 23:43:43 [scrapy.core.scraper] DEBUG: Scraped from <200 https://www.magazineluiza.com.br/busca/garrafa+stanley+aerolight+fast+flow/?page=1?page=2>
[2025-04-13T23:43:43.200+0000] {subprocess.py:106} INFO - {'title': 'Garrafa stanley térmica aerolight fast flow 1,1 litros branco polar 08207-00', 'price': 'R$\xa0350,55', 'review': None, 'store': 'Magazine Luiza'}
[2025-04-13T23:43:43.201+0000] {subprocess.py:106} INFO - 2025-04-13 23:43:43 [scrapy.core.scraper] DEBUG: Scraped from <200 https://www.magazineluiza.com.br/busca/garrafa+stanley+aerolight+fast+flow/?page=1?page=2>
[2025-04-13T23:43:43.201+0000] {subprocess.py:106} INFO - {'title': 'Garrafa Térmica Stanley Aerolight Fast Flow 710ml Azul Claro', 'price': 'R$\xa0274,34', 'review': None, 'store': 'Magazine Luiza'}
[2025-04-13T23:43:43.203+0000] {subprocess.py:106} INFO - 2025-04-13 23:43:43 [scrapy.core.scraper] DEBUG: Scraped from <200 https://www.magazineluiza.com.br/busca/garrafa+stanley+aerolight+fast+flow/?page=1?page=2>
[2025-04-13T23:43:43.204+0000] {subprocess.py:106} INFO - {'title': 'Garrafa termica stanley aerolight fast flow tigerlily 1,1l cod8208 cx6', 'price': 'R$\xa0434,37', 'review': '5.0 (1)', 'store': 'Magazine Luiza'}
[2025-04-13T23:43:43.204+0000] {subprocess.py:106} INFO - 2025-04-13 23:43:43 [scrapy.core.scraper] DEBUG: Scraped from <200 https://www.magazineluiza.com.br/busca/garrafa+stanley+aerolight+fast+flow/?page=1?page=2>
[2025-04-13T23:43:43.205+0000] {subprocess.py:106} INFO - {'title': 'Garrafa Térmica Stanley Aerolight Fast Flow Branco Polar 710', 'price': 'R$\xa0361,00', 'review': None, 'store': 'Magazine Luiza'}
[2025-04-13T23:43:43.207+0000] {subprocess.py:106} INFO - 2025-04-13 23:43:43 [scrapy.core.scraper] DEBUG: Scraped from <200 https://www.magazineluiza.com.br/busca/garrafa+stanley+aerolight+fast+flow/?page=1?page=2>
[2025-04-13T23:43:43.208+0000] {subprocess.py:106} INFO - {'title': 'Garrafa Térmica Stanley IceFlow Aerolight Fast Flow 700ml - Cinza', 'price': 'R$\xa0450,71', 'review': None, 'store': 'Magazine Luiza'}
[2025-04-13T23:43:43.209+0000] {subprocess.py:106} INFO - 2025-04-13 23:43:43 [scrapy.core.scraper] DEBUG: Scraped from <200 https://www.magazineluiza.com.br/busca/garrafa+stanley+aerolight+fast+flow/?page=1?page=2>
[2025-04-13T23:43:43.209+0000] {subprocess.py:106} INFO - {'title': 'Garrafa Térmica Stanley Aerolight Fast Flow Citron 1,1 Litros - STANLEY PMI', 'price': 'R$\xa0367,16', 'review': None, 'store': 'Magazine Luiza'}
[2025-04-13T23:43:43.210+0000] {subprocess.py:106} INFO - 2025-04-13 23:43:43 [scrapy.core.scraper] DEBUG: Scraped from <200 https://www.magazineluiza.com.br/busca/garrafa+stanley+aerolight+fast+flow/?page=1?page=2>
[2025-04-13T23:43:43.211+0000] {subprocess.py:106} INFO - {'title': 'Garrafa Térmica Aerolight Fast Flow 1,1L Polar Stanley', 'price': 'R$\xa0379,00', 'review': None, 'store': 'Magazine Luiza'}
[2025-04-13T23:43:43.212+0000] {subprocess.py:106} INFO - 2025-04-13 23:43:43 [scrapy.core.scraper] DEBUG: Scraped from <200 https://www.magazineluiza.com.br/busca/garrafa+stanley+aerolight+fast+flow/?page=1?page=2>
[2025-04-13T23:43:43.213+0000] {subprocess.py:106} INFO - {'title': 'Garrafa Térmica Aerolight Fast Flow Tigerlily 710ml Stanley', 'price': 'R$\xa0295,45', 'review': None, 'store': 'Magazine Luiza'}
[2025-04-13T23:43:43.214+0000] {subprocess.py:106} INFO - 2025-04-13 23:43:43 [scrapy.core.scraper] DEBUG: Scraped from <200 https://www.magazineluiza.com.br/busca/garrafa+stanley+aerolight+fast+flow/?page=1?page=2>
[2025-04-13T23:43:43.214+0000] {subprocess.py:106} INFO - {'title': 'Garrafa stanley térmica aerolight fast flow em aço inox 710ml azul tropical teal 08406-00', 'price': 'R$\xa0331,55', 'review': None, 'store': 'Magazine Luiza'}
[2025-04-13T23:43:43.215+0000] {subprocess.py:106} INFO - 2025-04-13 23:43:43 [scrapy.core.scraper] DEBUG: Scraped from <200 https://www.magazineluiza.com.br/busca/garrafa+stanley+aerolight+fast+flow/?page=1?page=2>
[2025-04-13T23:43:43.216+0000] {subprocess.py:106} INFO - {'title': 'Garrafa Térmica Stanley Aerolight Fast Flow 710ml Verde Água', 'price': 'R$\xa0274,34', 'review': None, 'store': 'Magazine Luiza'}
[2025-04-13T23:43:43.217+0000] {subprocess.py:106} INFO - 2025-04-13 23:43:43 [scrapy.core.scraper] DEBUG: Scraped from <200 https://www.magazineluiza.com.br/busca/garrafa+stanley+aerolight+fast+flow/?page=1?page=2>
[2025-04-13T23:43:43.218+0000] {subprocess.py:106} INFO - {'title': 'Garrafa Térmica Stanley Aerolight Fast Flow Citron 1,1 Litros - STANLEY PMI', 'price': 'R$\xa0385,90', 'review': None, 'store': 'Magazine Luiza'}
[2025-04-13T23:43:43.218+0000] {subprocess.py:106} INFO - 2025-04-13 23:43:43 [scrapy.core.scraper] DEBUG: Scraped from <200 https://www.magazineluiza.com.br/busca/garrafa+stanley+aerolight+fast+flow/?page=1?page=2>
[2025-04-13T23:43:43.220+0000] {subprocess.py:106} INFO - {'title': 'Garrafa Térmica Aerolight Fast Flow Stanley 710ML', 'price': 'R$\xa0395,91', 'review': None, 'store': 'Magazine Luiza'}
[2025-04-13T23:43:43.221+0000] {subprocess.py:106} INFO - 2025-04-13 23:43:43 [scrapy.core.scraper] DEBUG: Scraped from <200 https://www.magazineluiza.com.br/busca/garrafa+stanley+aerolight+fast+flow/?page=1?page=2>
[2025-04-13T23:43:43.222+0000] {subprocess.py:106} INFO - {'title': 'Garrafa Térmica Aerolight Fast Flow Polar 1,1L Stanley', 'price': 'R$\xa0358,79', 'review': None, 'store': 'Magazine Luiza'}
[2025-04-13T23:43:43.223+0000] {subprocess.py:106} INFO - 2025-04-13 23:43:43 [scrapy.core.scraper] DEBUG: Scraped from <200 https://www.magazineluiza.com.br/busca/garrafa+stanley+aerolight+fast+flow/?page=1?page=2>
[2025-04-13T23:43:43.224+0000] {subprocess.py:106} INFO - {'title': 'Garrafa Térmica Stanley Aerolight Fast Flow Citron 710ML - STANLEY PMI', 'price': 'R$\xa0419,90', 'review': None, 'store': 'Magazine Luiza'}
[2025-04-13T23:43:43.224+0000] {subprocess.py:106} INFO - 2025-04-13 23:43:43 [scrapy.core.scraper] DEBUG: Scraped from <200 https://www.magazineluiza.com.br/busca/garrafa+stanley+aerolight+fast+flow/?page=1?page=2>
[2025-04-13T23:43:43.225+0000] {subprocess.py:106} INFO - {'title': 'Garrafa Térmica Aerolight Fast Flow Heat Wave Passion Pink 710ML Stanley', 'price': 'R$\xa0313,41', 'review': None, 'store': 'Magazine Luiza'}
[2025-04-13T23:43:43.226+0000] {subprocess.py:106} INFO - 2025-04-13 23:43:43 [scrapy.core.scraper] DEBUG: Scraped from <200 https://www.magazineluiza.com.br/busca/garrafa+stanley+aerolight+fast+flow/?page=1?page=2>
[2025-04-13T23:43:43.227+0000] {subprocess.py:106} INFO - {'title': 'Garrafa stanley térmica aerolight fast flow em aço inox 710ml passion pink 08404-00', 'price': 'R$\xa0331,55', 'review': None, 'store': 'Magazine Luiza'}
[2025-04-13T23:43:43.227+0000] {subprocess.py:106} INFO - 2025-04-13 23:43:43 [scrapy.core.scraper] DEBUG: Scraped from <200 https://www.magazineluiza.com.br/busca/garrafa+stanley+aerolight+fast+flow/?page=1?page=2>
[2025-04-13T23:43:43.228+0000] {subprocess.py:106} INFO - {'title': 'Garrafa Térmica STanley Aerolight Fast Flow 1,1L', 'price': 'R$\xa0376,10', 'review': None, 'store': 'Magazine Luiza'}
[2025-04-13T23:43:43.229+0000] {subprocess.py:106} INFO - 2025-04-13 23:43:43 [scrapy.core.scraper] DEBUG: Scraped from <200 https://www.magazineluiza.com.br/busca/garrafa+stanley+aerolight+fast+flow/?page=1?page=2>
[2025-04-13T23:43:43.230+0000] {subprocess.py:106} INFO - {'title': 'Garrafa Térmica Stanley Aerolight Fast Flow Citron 1,1 Litros - STANLEY PMI', 'price': 'R$\xa0379,05', 'review': None, 'store': 'Magazine Luiza'}
[2025-04-13T23:43:43.231+0000] {subprocess.py:106} INFO - 2025-04-13 23:43:43 [scrapy.core.scraper] DEBUG: Scraped from <200 https://www.magazineluiza.com.br/busca/garrafa+stanley+aerolight+fast+flow/?page=1?page=2>
[2025-04-13T23:43:43.231+0000] {subprocess.py:106} INFO - {'title': 'Garrafa stanley térmica aerolight fast flow 710ml matte black 08202-00', 'price': 'R$\xa0331,55', 'review': '5.0 (1)', 'store': 'Magazine Luiza'}
[2025-04-13T23:43:43.232+0000] {subprocess.py:106} INFO - 2025-04-13 23:43:43 [scrapy.core.scraper] DEBUG: Scraped from <200 https://www.magazineluiza.com.br/busca/garrafa+stanley+aerolight+fast+flow/?page=1?page=2>
[2025-04-13T23:43:43.233+0000] {subprocess.py:106} INFO - {'title': 'Garrafa Térmica STanley Aerolight Fast Flow 1,1L', 'price': 'R$\xa0376,10', 'review': None, 'store': 'Magazine Luiza'}
[2025-04-13T23:43:43.234+0000] {subprocess.py:106} INFO - 2025-04-13 23:43:43 [scrapy.core.scraper] DEBUG: Scraped from <200 https://www.magazineluiza.com.br/busca/garrafa+stanley+aerolight+fast+flow/?page=1?page=2>
[2025-04-13T23:43:43.235+0000] {subprocess.py:106} INFO - {'title': 'Garrafa Térmica Stanley Aerolight Fast Flow 710ml Verde Limão', 'price': 'R$\xa0274,34', 'review': None, 'store': 'Magazine Luiza'}
[2025-04-13T23:43:43.235+0000] {subprocess.py:106} INFO - 2025-04-13 23:43:43 [scrapy.core.scraper] DEBUG: Scraped from <200 https://www.magazineluiza.com.br/busca/garrafa+stanley+aerolight+fast+flow/?page=1?page=2>
[2025-04-13T23:43:43.237+0000] {subprocess.py:106} INFO - {'title': 'Garrafa Térmica Stanley Aerolight Fast Flow Branco Polar 710ML - STANLEY PMI', 'price': 'R$\xa0369,90', 'review': None, 'store': 'Magazine Luiza'}
[2025-04-13T23:43:43.237+0000] {subprocess.py:106} INFO - 2025-04-13 23:43:43 [scrapy.core.scraper] DEBUG: Scraped from <200 https://www.magazineluiza.com.br/busca/garrafa+stanley+aerolight+fast+flow/?page=1?page=2>
[2025-04-13T23:43:43.238+0000] {subprocess.py:106} INFO - {'title': 'Garrafa Térmica Aerolight Fast Flow Stanley Citron 710 Ml', 'price': 'R$\xa0365,00', 'review': None, 'store': 'Magazine Luiza'}
[2025-04-13T23:43:43.239+0000] {subprocess.py:106} INFO - 2025-04-13 23:43:43 [scrapy.core.scraper] DEBUG: Scraped from <200 https://www.magazineluiza.com.br/busca/garrafa+stanley+aerolight+fast+flow/?page=1?page=2>
[2025-04-13T23:43:43.240+0000] {subprocess.py:106} INFO - {'title': 'Garrafa Térmica Aerolight Fast Flow 1,1L', 'price': 'R$\xa0589,90', 'review': '5.0 (1)', 'store': 'Magazine Luiza'}
[2025-04-13T23:43:43.241+0000] {subprocess.py:106} INFO - 2025-04-13 23:43:43 [scrapy.core.scraper] DEBUG: Scraped from <200 https://www.magazineluiza.com.br/busca/garrafa+stanley+aerolight+fast+flow/?page=1?page=2>
[2025-04-13T23:43:43.242+0000] {subprocess.py:106} INFO - {'title': 'Garrafa Térmica Stanley Aerolight Fast Flow Citron 1,1 Litros - STANLEY PMI', 'price': 'R$\xa0489,00', 'review': None, 'store': 'Magazine Luiza'}
[2025-04-13T23:43:43.243+0000] {subprocess.py:106} INFO - 2025-04-13 23:43:43 [scrapy.core.scraper] DEBUG: Scraped from <200 https://www.magazineluiza.com.br/busca/garrafa+stanley+aerolight+fast+flow/?page=1?page=2>
[2025-04-13T23:43:43.244+0000] {subprocess.py:106} INFO - {'title': 'Garrafa Térmica Stanley Aerolight Fast Flow 0.7L Verde 08205', 'price': 'R$\xa0344,01', 'review': None, 'store': 'Magazine Luiza'}
[2025-04-13T23:43:43.245+0000] {subprocess.py:106} INFO - 2025-04-13 23:43:43 [scrapy.core.scraper] DEBUG: Scraped from <200 https://www.magazineluiza.com.br/busca/garrafa+stanley+aerolight+fast+flow/?page=1?page=2>
[2025-04-13T23:43:43.246+0000] {subprocess.py:106} INFO - {'title': 'Garrafa Térmico Aerolight Fast Flow 710 Ml Citron Stanley', 'price': 'R$\xa0336,66', 'review': None, 'store': 'Magazine Luiza'}
[2025-04-13T23:43:43.247+0000] {subprocess.py:106} INFO - 2025-04-13 23:43:43 [scrapy.core.scraper] DEBUG: Scraped from <200 https://www.magazineluiza.com.br/busca/garrafa+stanley+aerolight+fast+flow/?page=1?page=2>
[2025-04-13T23:43:43.248+0000] {subprocess.py:106} INFO - {'title': 'Garrafa Térmica Aerolight Fast Flow Polar 1,1L', 'price': 'R$\xa0479,99', 'review': None, 'store': 'Magazine Luiza'}
[2025-04-13T23:43:43.387+0000] {subprocess.py:106} INFO - 2025-04-13 23:43:43 [scrapy.core.engine] DEBUG: Crawled (200) <GET https://www.magazineluiza.com.br/busca/garrafa+stanley+aerolight+fast+flow/?page=1?page=1> (referer: https://www.magazineluiza.com.br/busca/garrafa+stanley+aerolight+fast+flow/?page=1)
[2025-04-13T23:43:43.508+0000] {subprocess.py:106} INFO - 
[2025-04-13T23:43:43.510+0000] {subprocess.py:106} INFO - [R$ 331,55]
[2025-04-13T23:43:43.511+0000] {subprocess.py:106} INFO - None
[2025-04-13T23:43:43.512+0000] {subprocess.py:106} INFO - Garrafa Térmica Stanley Aerolight Fast Flow 710ml Lilás
[2025-04-13T23:43:43.513+0000] {subprocess.py:106} INFO - [R$ 274,34]
[2025-04-13T23:43:43.514+0000] {subprocess.py:106} INFO - None
[2025-04-13T23:43:43.515+0000] {subprocess.py:106} INFO - Garrafa Térmica Stanley Aerolight Fast Flow Branco Polar 1,1 Litros - STANLEY PMI
[2025-04-13T23:43:43.516+0000] {subprocess.py:106} INFO - [R$ 385,90]
[2025-04-13T23:43:43.517+0000] {subprocess.py:106} INFO - None
[2025-04-13T23:43:43.518+0000] {subprocess.py:106} INFO - Garrafa Térmica Stanley Aerolight Fast Flow 710 ML Azul 0838
[2025-04-13T23:43:43.519+0000] {subprocess.py:106} INFO - [R$ 369,90]
[2025-04-13T23:43:43.520+0000] {subprocess.py:106} INFO - None
[2025-04-13T23:43:43.522+0000] {subprocess.py:106} INFO - Garrafa stanley térmica aerolight fast flow 1,1 litros branco polar 08207-00
[2025-04-13T23:43:43.523+0000] {subprocess.py:106} INFO - [R$ 350,55]
[2025-04-13T23:43:43.524+0000] {subprocess.py:106} INFO - None
[2025-04-13T23:43:43.525+0000] {subprocess.py:106} INFO - Garrafa Térmica Stanley Aerolight Fast Flow 710ml Azul Claro
[2025-04-13T23:43:43.526+0000] {subprocess.py:106} INFO - [R$ 274,34]
[2025-04-13T23:43:43.527+0000] {subprocess.py:106} INFO - None
[2025-04-13T23:43:43.528+0000] {subprocess.py:106} INFO - Garrafa termica stanley aerolight fast flow tigerlily 1,1l cod8208 cx6
[2025-04-13T23:43:43.529+0000] {subprocess.py:106} INFO - [R$ 434,37]
[2025-04-13T23:43:43.529+0000] {subprocess.py:106} INFO - 5.0 (1)
[2025-04-13T23:43:43.530+0000] {subprocess.py:106} INFO - Garrafa Térmica Stanley Aerolight Fast Flow Branco Polar 710
[2025-04-13T23:43:43.531+0000] {subprocess.py:106} INFO - [R$ 361,00]
[2025-04-13T23:43:43.532+0000] {subprocess.py:106} INFO - None
[2025-04-13T23:43:43.533+0000] {subprocess.py:106} INFO - Garrafa Térmica Stanley IceFlow Aerolight Fast Flow 700ml - Cinza
[2025-04-13T23:43:43.534+0000] {subprocess.py:106} INFO - [R$ 450,71]
[2025-04-13T23:43:43.535+0000] {subprocess.py:106} INFO - None
[2025-04-13T23:43:43.536+0000] {subprocess.py:106} INFO - Garrafa Térmica Stanley Aerolight Fast Flow Citron 1,1 Litros - STANLEY PMI
[2025-04-13T23:43:43.537+0000] {subprocess.py:106} INFO - [R$ 367,16]
[2025-04-13T23:43:43.537+0000] {subprocess.py:106} INFO - None
[2025-04-13T23:43:43.538+0000] {subprocess.py:106} INFO - Garrafa Térmica Aerolight Fast Flow 1,1L Polar Stanley
[2025-04-13T23:43:43.540+0000] {subprocess.py:106} INFO - [R$ 379,00]
[2025-04-13T23:43:43.541+0000] {subprocess.py:106} INFO - None
[2025-04-13T23:43:43.542+0000] {subprocess.py:106} INFO - Garrafa Térmica Aerolight Fast Flow Tigerlily 710ml Stanley
[2025-04-13T23:43:43.543+0000] {subprocess.py:106} INFO - [R$ 295,45]
[2025-04-13T23:43:43.544+0000] {subprocess.py:106} INFO - None
[2025-04-13T23:43:43.545+0000] {subprocess.py:106} INFO - Garrafa stanley térmica aerolight fast flow em aço inox 710ml azul tropical teal 08406-00
[2025-04-13T23:43:43.546+0000] {subprocess.py:106} INFO - [R$ 331,55]
[2025-04-13T23:43:43.546+0000] {subprocess.py:106} INFO - None
[2025-04-13T23:43:43.547+0000] {subprocess.py:106} INFO - Garrafa Térmica Stanley Aerolight Fast Flow 710ml Verde Água
[2025-04-13T23:43:43.548+0000] {subprocess.py:106} INFO - [R$ 274,34]
[2025-04-13T23:43:43.550+0000] {subprocess.py:106} INFO - None
[2025-04-13T23:43:43.550+0000] {subprocess.py:106} INFO - Garrafa Térmica Stanley Aerolight Fast Flow Citron 1,1 Litros - STANLEY PMI
[2025-04-13T23:43:43.552+0000] {subprocess.py:106} INFO - [R$ 385,90]
[2025-04-13T23:43:43.553+0000] {subprocess.py:106} INFO - None
[2025-04-13T23:43:43.554+0000] {subprocess.py:106} INFO - Garrafa Térmica Aerolight Fast Flow Stanley 710ML
[2025-04-13T23:43:43.555+0000] {subprocess.py:106} INFO - [R$ 395,91]
[2025-04-13T23:43:43.556+0000] {subprocess.py:106} INFO - None
[2025-04-13T23:43:43.557+0000] {subprocess.py:106} INFO - Garrafa Térmica Aerolight Fast Flow Polar 1,1L Stanley
[2025-04-13T23:43:43.558+0000] {subprocess.py:106} INFO - [R$ 358,79]
[2025-04-13T23:43:43.559+0000] {subprocess.py:106} INFO - None
[2025-04-13T23:43:43.561+0000] {subprocess.py:106} INFO - Garrafa Térmica Stanley Aerolight Fast Flow Citron 710ML - STANLEY PMI
[2025-04-13T23:43:43.562+0000] {subprocess.py:106} INFO - [R$ 419,90]
[2025-04-13T23:43:43.562+0000] {subprocess.py:106} INFO - None
[2025-04-13T23:43:43.563+0000] {subprocess.py:106} INFO - Garrafa Térmica Aerolight Fast Flow Heat Wave Passion Pink 710ML Stanley
[2025-04-13T23:43:43.564+0000] {subprocess.py:106} INFO - [R$ 313,41]
[2025-04-13T23:43:43.565+0000] {subprocess.py:106} INFO - None
[2025-04-13T23:43:43.566+0000] {subprocess.py:106} INFO - Garrafa stanley térmica aerolight fast flow em aço inox 710ml passion pink 08404-00
[2025-04-13T23:43:43.566+0000] {subprocess.py:106} INFO - [R$ 331,55]
[2025-04-13T23:43:43.568+0000] {subprocess.py:106} INFO - None
[2025-04-13T23:43:43.568+0000] {subprocess.py:106} INFO - Garrafa Térmica STanley Aerolight Fast Flow 1,1L
[2025-04-13T23:43:43.569+0000] {subprocess.py:106} INFO - [R$ 376,10]
[2025-04-13T23:43:43.570+0000] {subprocess.py:106} INFO - None
[2025-04-13T23:43:43.571+0000] {subprocess.py:106} INFO - Garrafa Térmica Stanley Aerolight Fast Flow Citron 1,1 Litros - STANLEY PMI
[2025-04-13T23:43:43.572+0000] {subprocess.py:106} INFO - [R$ 379,05]
[2025-04-13T23:43:43.573+0000] {subprocess.py:106} INFO - None
[2025-04-13T23:43:43.574+0000] {subprocess.py:106} INFO - Garrafa stanley térmica aerolight fast flow 710ml matte black 08202-00
[2025-04-13T23:43:43.575+0000] {subprocess.py:106} INFO - [R$ 331,55]
[2025-04-13T23:43:43.576+0000] {subprocess.py:106} INFO - 5.0 (1)
[2025-04-13T23:43:43.576+0000] {subprocess.py:106} INFO - Garrafa Térmica STanley Aerolight Fast Flow 1,1L
[2025-04-13T23:43:43.577+0000] {subprocess.py:106} INFO - [R$ 376,10]
[2025-04-13T23:43:43.578+0000] {subprocess.py:106} INFO - None
[2025-04-13T23:43:43.579+0000] {subprocess.py:106} INFO - Garrafa Térmica Stanley Aerolight Fast Flow 710ml Verde Limão
[2025-04-13T23:43:43.580+0000] {subprocess.py:106} INFO - [R$ 274,34]
[2025-04-13T23:43:43.580+0000] {subprocess.py:106} INFO - None
[2025-04-13T23:43:43.581+0000] {subprocess.py:106} INFO - Garrafa Térmica Stanley Aerolight Fast Flow Branco Polar 710ML - STANLEY PMI
[2025-04-13T23:43:43.583+0000] {subprocess.py:106} INFO - [R$ 369,90]
[2025-04-13T23:43:43.584+0000] {subprocess.py:106} INFO - None
[2025-04-13T23:43:43.584+0000] {subprocess.py:106} INFO - Garrafa Térmica Aerolight Fast Flow Stanley Citron 710 Ml
[2025-04-13T23:43:43.585+0000] {subprocess.py:106} INFO - [R$ 365,00]
[2025-04-13T23:43:43.586+0000] {subprocess.py:106} INFO - None
[2025-04-13T23:43:43.587+0000] {subprocess.py:106} INFO - Garrafa Térmica Aerolight Fast Flow 1,1L
[2025-04-13T23:43:43.588+0000] {subprocess.py:106} INFO - [R$ 589,90]
[2025-04-13T23:43:43.589+0000] {subprocess.py:106} INFO - 5.0 (1)
[2025-04-13T23:43:43.590+0000] {subprocess.py:106} INFO - Garrafa Térmica Stanley Aerolight Fast Flow Citron 1,1 Litros - STANLEY PMI
[2025-04-13T23:43:43.591+0000] {subprocess.py:106} INFO - [R$ 489,00]
[2025-04-13T23:43:43.592+0000] {subprocess.py:106} INFO - None
[2025-04-13T23:43:43.593+0000] {subprocess.py:106} INFO - Garrafa Térmica Stanley Aerolight Fast Flow 0.7L Verde 08205
[2025-04-13T23:43:43.595+0000] {subprocess.py:106} INFO - [R$ 344,01]
[2025-04-13T23:43:43.596+0000] {subprocess.py:106} INFO - None
[2025-04-13T23:43:43.597+0000] {subprocess.py:106} INFO - Garrafa Térmico Aerolight Fast Flow 710 Ml Citron Stanley
[2025-04-13T23:43:43.598+0000] {subprocess.py:106} INFO - [R$ 336,66]
[2025-04-13T23:43:43.599+0000] {subprocess.py:106} INFO - None
[2025-04-13T23:43:43.600+0000] {subprocess.py:106} INFO - Garrafa Térmica Aerolight Fast Flow Polar 1,1L
[2025-04-13T23:43:43.601+0000] {subprocess.py:106} INFO - [R$ 479,99]
[2025-04-13T23:43:43.602+0000] {subprocess.py:106} INFO - None
[2025-04-13T23:43:43.603+0000] {subprocess.py:106} INFO - https://www.magazineluiza.com.br/busca/garrafa+stanley+aerolight+fast+flow/?page=1?page=1
[2025-04-13T23:43:43.604+0000] {subprocess.py:106} INFO - blocos
[2025-04-13T23:43:43.605+0000] {subprocess.py:106} INFO - [<Selector query='//div[@data-testid="product-list"]//li' data='<li class="sc-hwhrDX ghzctf"><a href=...'>, <Selector query='//div[@data-testid="product-list"]//li' data='<li class="sc-hwhrDX ghzctf"><a href=...'>, <Selector query='//div[@data-testid="product-list"]//li' data='<li class="sc-hwhrDX ghzctf"><a href=...'>, <Selector query='//div[@data-testid="product-list"]//li' data='<li class="sc-hwhrDX ghzctf"><a href=...'>, <Selector query='//div[@data-testid="product-list"]//li' data='<li class="sc-hwhrDX ghzctf"><a href=...'>, <Selector query='//div[@data-testid="product-list"]//li' data='<li class="sc-hwhrDX ghzctf"><a href=...'>, <Selector query='//div[@data-testid="product-list"]//li' data='<li class="sc-hwhrDX ghzctf"><a href=...'>, <Selector query='//div[@data-testid="product-list"]//li' data='<li class="sc-hwhrDX ghzctf"><a href=...'>, <Selector query='//div[@data-testid="product-list"]//li' data='<li class="sc-hwhrDX ghzctf"><a href=...'>, <Selector query='//div[@data-testid="product-list"]//li' data='<li class="sc-hwhrDX ghzctf"><a href=...'>, <Selector query='//div[@data-testid="product-list"]//li' data='<li class="sc-hwhrDX ghzctf"><a href=...'>, <Selector query='//div[@data-testid="product-list"]//li' data='<li class="sc-hwhrDX ghzctf"><a href=...'>, <Selector query='//div[@data-testid="product-list"]//li' data='<li class="sc-hwhrDX ghzctf"><a href=...'>, <Selector query='//div[@data-testid="product-list"]//li' data='<li class="sc-hwhrDX ghzctf"><a href=...'>, <Selector query='//div[@data-testid="product-list"]//li' data='<li class="sc-hwhrDX ghzctf"><a href=...'>, <Selector query='//div[@data-testid="product-list"]//li' data='<li class="sc-hwhrDX ghzctf"><a href=...'>, <Selector query='//div[@data-testid="product-list"]//li' data='<li class="sc-hwhrDX ghzctf"><a href=...'>, <Selector query='//div[@data-testid="product-list"]//li' data='<li class="sc-hwhrDX ghzctf"><a href=...'>, <Selector query='//div[@data-testid="product-list"]//li' data='<li class="sc-hwhrDX ghzctf"><a href=...'>, <Selector query='//div[@data-testid="product-list"]//li' data='<li class="sc-hwhrDX ghzctf"><a href=...'>, <Selector query='//div[@data-testid="product-list"]//li' data='<li class="sc-hwhrDX ghzctf"><a href=...'>, <Selector query='//div[@data-testid="product-list"]//li' data='<li class="sc-hwhrDX ghzctf"><a href=...'>, <Selector query='//div[@data-testid="product-list"]//li' data='<li class="sc-hwhrDX ghzctf"><a href=...'>, <Selector query='//div[@data-testid="product-list"]//li' data='<li class="sc-hwhrDX ghzctf"><a href=...'>, <Selector query='//div[@data-testid="product-list"]//li' data='<li class="sc-hwhrDX ghzctf"><a href=...'>, <Selector query='//div[@data-testid="product-list"]//li' data='<li class="sc-hwhrDX ghzctf"><a href=...'>, <Selector query='//div[@data-testid="product-list"]//li' data='<li class="sc-hwhrDX ghzctf"><a href=...'>, <Selector query='//div[@data-testid="product-list"]//li' data='<li class="sc-hwhrDX ghzctf"><a href=...'>, <Selector query='//div[@data-testid="product-list"]//li' data='<li class="sc-hwhrDX ghzctf"><a href=...'>, <Selector query='//div[@data-testid="product-list"]//li' data='<li class="sc-hwhrDX ghzctf"><a href=...'>, <Selector query='//div[@data-testid="product-list"]//li' data='<li class="sc-hwhrDX ghzctf"><a href=...'>, <Selector query='//div[@data-testid="product-list"]//li' data='<li class="sc-hwhrDX ghzctf"><a href=...'>, <Selector query='//div[@data-testid="product-list"]//li' data='<li class="sc-hwhrDX ghzctf"><a href=...'>, <Selector query='//div[@data-testid="product-list"]//li' data='<li class="sc-hwhrDX ghzctf"><a href=...'>, <Selector query='//div[@data-testid="product-list"]//li' data='<li class="sc-hwhrDX ghzctf"><a href=...'>, <Selector query='//div[@data-testid="product-list"]//li' data='<li class="sc-hwhrDX ghzctf"><a href=...'>, <Selector query='//div[@data-testid="product-list"]//li' data='<li class="sc-hwhrDX ghzctf"><a href=...'>, <Selector query='//div[@data-testid="product-list"]//li' data='<li class="sc-hwhrDX ghzctf"><a href=...'>, <Selector query='//div[@data-testid="product-list"]//li' data='<li class="sc-hwhrDX ghzctf"><a href=...'>, <Selector query='//div[@data-testid="product-list"]//li' data='<li class="sc-hwhrDX ghzctf"><a href=...'>, <Selector query='//div[@data-testid="product-list"]//li' data='<li class="sc-hwhrDX ghzctf"><a href=...'>, <Selector query='//div[@data-testid="product-list"]//li' data='<li class="sc-hwhrDX ghzctf"><a href=...'>, <Selector query='//div[@data-testid="product-list"]//li' data='<li class="sc-hwhrDX ghzctf"><a href=...'>, <Selector query='//div[@data-testid="product-list"]//li' data='<li class="sc-hwhrDX ghzctf"><a href=...'>, <Selector query='//div[@data-testid="product-list"]//li' data='<li class="sc-hwhrDX ghzctf"><a href=...'>, <Selector query='//div[@data-testid="product-list"]//li' data='<li class="sc-hwhrDX ghzctf"><a href=...'>, <Selector query='//div[@data-testid="product-list"]//li' data='<li class="sc-hwhrDX ghzctf"><a href=...'>, <Selector query='//div[@data-testid="product-list"]//li' data='<li class="sc-hwhrDX ghzctf"><a href=...'>, <Selector query='//div[@data-testid="product-list"]//li' data='<li class="sc-hwhrDX ghzctf"><a href=...'>, <Selector query='//div[@data-testid="product-list"]//li' data='<li class="sc-hwhrDX ghzctf"><a href=...'>, <Selector query='//div[@data-testid="product-list"]//li' data='<li class="sc-hwhrDX ghzctf"><a href=...'>, <Selector query='//div[@data-testid="product-list"]//li' data='<li class="sc-hwhrDX ghzctf"><a href=...'>, <Selector query='//div[@data-testid="product-list"]//li' data='<li class="sc-hwhrDX ghzctf"><a href=...'>, <Selector query='//div[@data-testid="product-list"]//li' data='<li class="sc-hwhrDX ghzctf"><a href=...'>, <Selector query='//div[@data-testid="product-list"]//li' data='<li class="sc-hwhrDX ghzctf"><a href=...'>]2025-04-13 23:43:43 [scrapy.core.scraper] DEBUG: Scraped from <200 https://www.magazineluiza.com.br/busca/garrafa+stanley+aerolight+fast+flow/?page=1?page=1>
[2025-04-13T23:43:43.607+0000] {subprocess.py:106} INFO - {'title': 'GARRAFA STANLEY AEROLIGHT FAST FLOW 1.1Lt ORIGINAL TODAS AS CORES', 'price': 'R$\xa0339,14', 'review': '4.2 (6)', 'store': 'Magazine Luiza'}
[2025-04-13T23:43:43.608+0000] {subprocess.py:106} INFO - 2025-04-13 23:43:43 [scrapy.core.scraper] DEBUG: Scraped from <200 https://www.magazineluiza.com.br/busca/garrafa+stanley+aerolight+fast+flow/?page=1?page=1>
[2025-04-13T23:43:43.609+0000] {subprocess.py:106} INFO - {'title': 'Garrafa stanley aerolight fast flow 710ml original todas as cores', 'price': 'R$\xa0310,64', 'review': '5.0 (1)', 'store': 'Magazine Luiza'}
[2025-04-13T23:43:43.609+0000] {subprocess.py:106} INFO - 2025-04-13 23:43:43 [scrapy.core.scraper] DEBUG: Scraped from <200 https://www.magazineluiza.com.br/busca/garrafa+stanley+aerolight+fast+flow/?page=1?page=1>
[2025-04-13T23:43:43.610+0000] {subprocess.py:106} INFO - {'title': 'Garrafa Térmica Aerolight Stanley Fast Flow 710ml - Matte Black', 'price': 'R$\xa0262,65', 'review': '5.0 (1)', 'store': 'Magazine Luiza'}
[2025-04-13T23:43:43.611+0000] {subprocess.py:106} INFO - 2025-04-13 23:43:43 [scrapy.core.scraper] DEBUG: Scraped from <200 https://www.magazineluiza.com.br/busca/garrafa+stanley+aerolight+fast+flow/?page=1?page=1>
[2025-04-13T23:43:43.612+0000] {subprocess.py:106} INFO - {'title': 'Garrafa Térmica Stanley Aerolight Fast Flow Lavender 710ML - STANLEY PMI', 'price': 'R$\xa0289,97', 'review': None, 'store': 'Magazine Luiza'}
[2025-04-13T23:43:43.613+0000] {subprocess.py:106} INFO - 2025-04-13 23:43:43 [scrapy.core.scraper] DEBUG: Scraped from <200 https://www.magazineluiza.com.br/busca/garrafa+stanley+aerolight+fast+flow/?page=1?page=1>
[2025-04-13T23:43:43.614+0000] {subprocess.py:106} INFO - {'title': 'Stanley Garrafa Térmica Aerolight Original Fast Flow Branco Polar 710ml', 'price': 'R$\xa0332,10', 'review': None, 'store': 'Magazine Luiza'}
[2025-04-13T23:43:43.615+0000] {subprocess.py:106} INFO - 2025-04-13 23:43:43 [scrapy.core.scraper] DEBUG: Scraped from <200 https://www.magazineluiza.com.br/busca/garrafa+stanley+aerolight+fast+flow/?page=1?page=1>
[2025-04-13T23:43:43.615+0000] {subprocess.py:106} INFO - {'title': 'Garrafa Térmica Aerolight Stanley Fast Flow 1,1L - Tigerlily', 'price': 'R$\xa0288,15', 'review': '5.0 (1)', 'store': 'Magazine Luiza'}
[2025-04-13T23:43:43.616+0000] {subprocess.py:106} INFO - 2025-04-13 23:43:43 [scrapy.core.scraper] DEBUG: Scraped from <200 https://www.magazineluiza.com.br/busca/garrafa+stanley+aerolight+fast+flow/?page=1?page=1>
[2025-04-13T23:43:43.617+0000] {subprocess.py:106} INFO - {'title': 'Garrafa Térmica Stanley Aerolight Fast Flow 1.1L Pink', 'price': 'R$\xa0295,45', 'review': None, 'store': 'Magazine Luiza'}
[2025-04-13T23:43:43.618+0000] {subprocess.py:106} INFO - 2025-04-13 23:43:43 [scrapy.core.scraper] DEBUG: Scraped from <200 https://www.magazineluiza.com.br/busca/garrafa+stanley+aerolight+fast+flow/?page=1?page=1>
[2025-04-13T23:43:43.619+0000] {subprocess.py:106} INFO - {'title': 'Garrafa Térmica Stanley Aerolight Fast Flow Matte Black 710ML', 'price': 'R$\xa0278,35', 'review': '5.0 (1)', 'store': 'Magazine Luiza'}
[2025-04-13T23:43:43.620+0000] {subprocess.py:106} INFO - 2025-04-13 23:43:43 [scrapy.core.scraper] DEBUG: Scraped from <200 https://www.magazineluiza.com.br/busca/garrafa+stanley+aerolight+fast+flow/?page=1?page=1>
[2025-04-13T23:43:43.621+0000] {subprocess.py:106} INFO - {'title': 'Garrafa Térmica Aerolight Fast Flow Matte Black 1,1L Stanley', 'price': 'R$\xa0358,79', 'review': '4.2 (6)', 'store': 'Magazine Luiza'}
[2025-04-13T23:43:43.622+0000] {subprocess.py:106} INFO - 2025-04-13 23:43:43 [scrapy.core.scraper] DEBUG: Scraped from <200 https://www.magazineluiza.com.br/busca/garrafa+stanley+aerolight+fast+flow/?page=1?page=1>
[2025-04-13T23:43:43.623+0000] {subprocess.py:106} INFO - {'title': 'Garrafa Térmica Aerolight Stanley Fast Flow 710ml - Lavender', 'price': 'R$\xa0262,65', 'review': None, 'store': 'Magazine Luiza'}
[2025-04-13T23:43:43.624+0000] {subprocess.py:106} INFO - 2025-04-13 23:43:43 [scrapy.core.scraper] DEBUG: Scraped from <200 https://www.magazineluiza.com.br/busca/garrafa+stanley+aerolight+fast+flow/?page=1?page=1>
[2025-04-13T23:43:43.625+0000] {subprocess.py:106} INFO - {'title': 'Garrafa Térmica Stanley Aerolight Fast Flow Branco Polar 1,1 Litros', 'price': 'R$\xa0305,90', 'review': None, 'store': 'Magazine Luiza'}
[2025-04-13T23:43:43.626+0000] {subprocess.py:106} INFO - 2025-04-13 23:43:43 [scrapy.core.scraper] DEBUG: Scraped from <200 https://www.magazineluiza.com.br/busca/garrafa+stanley+aerolight+fast+flow/?page=1?page=1>
[2025-04-13T23:43:43.627+0000] {subprocess.py:106} INFO - {'title': 'Garrafa Térmica Aerolight Stanley Fast Flow 1,1L - Citron', 'price': 'R$\xa0288,15', 'review': None, 'store': 'Magazine Luiza'}
[2025-04-13T23:43:43.628+0000] {subprocess.py:106} INFO - 2025-04-13 23:43:43 [scrapy.core.scraper] DEBUG: Scraped from <200 https://www.magazineluiza.com.br/busca/garrafa+stanley+aerolight+fast+flow/?page=1?page=1>
[2025-04-13T23:43:43.629+0000] {subprocess.py:106} INFO - {'title': 'Garrafa Térmica Aerolight Stanley Fast Flow 1,1L - Polar', 'price': 'R$\xa0288,15', 'review': None, 'store': 'Magazine Luiza'}
[2025-04-13T23:43:43.630+0000] {subprocess.py:106} INFO - 2025-04-13 23:43:43 [scrapy.core.scraper] DEBUG: Scraped from <200 https://www.magazineluiza.com.br/busca/garrafa+stanley+aerolight+fast+flow/?page=1?page=1>
[2025-04-13T23:43:43.630+0000] {subprocess.py:106} INFO - {'title': 'Garrafa Térmica Stanley Aerolight Fast Flow Citron 710ML', 'price': 'R$\xa0278,35', 'review': None, 'store': 'Magazine Luiza'}
[2025-04-13T23:43:43.631+0000] {subprocess.py:106} INFO - 2025-04-13 23:43:43 [scrapy.core.scraper] DEBUG: Scraped from <200 https://www.magazineluiza.com.br/busca/garrafa+stanley+aerolight+fast+flow/?page=1?page=1>
[2025-04-13T23:43:43.632+0000] {subprocess.py:106} INFO - {'title': 'Garrafa Térmica Stanley Aerolight Fast Flow Original Laranja Tigerlily 1,1 L', 'price': 'R$\xa0379,00', 'review': '5.0 (1)', 'store': 'Magazine Luiza'}
[2025-04-13T23:43:43.633+0000] {subprocess.py:106} INFO - 2025-04-13 23:43:43 [scrapy.core.scraper] DEBUG: Scraped from <200 https://www.magazineluiza.com.br/busca/garrafa+stanley+aerolight+fast+flow/?page=1?page=1>
[2025-04-13T23:43:43.634+0000] {subprocess.py:106} INFO - {'title': 'Garrafa Térmica Aerolight Laranja Fast Flow Tigerlily 1,1L Stanley', 'price': 'R$\xa0351,41', 'review': '5.0 (1)', 'store': 'Magazine Luiza'}
[2025-04-13T23:43:43.635+0000] {subprocess.py:106} INFO - 2025-04-13 23:43:43 [scrapy.core.scraper] DEBUG: Scraped from <200 https://www.magazineluiza.com.br/busca/garrafa+stanley+aerolight+fast+flow/?page=1?page=1>
[2025-04-13T23:43:43.635+0000] {subprocess.py:106} INFO - {'title': 'Garrafa stanley térmica aerolight fast flow em aço inox 710ml lavender 08241-00', 'price': 'R$\xa0331,55', 'review': None, 'store': 'Magazine Luiza'}
[2025-04-13T23:43:43.637+0000] {subprocess.py:106} INFO - 2025-04-13 23:43:43 [scrapy.core.scraper] DEBUG: Scraped from <200 https://www.magazineluiza.com.br/busca/garrafa+stanley+aerolight+fast+flow/?page=1?page=1>
[2025-04-13T23:43:43.637+0000] {subprocess.py:106} INFO - {'title': 'Garrafa stanley térmica aerolight fast flow 1,1 litros laranja tigerlily 08242-00', 'price': 'R$\xa0350,55', 'review': '5.0 (1)', 'store': 'Magazine Luiza'}
[2025-04-13T23:43:43.638+0000] {subprocess.py:106} INFO - 2025-04-13 23:43:43 [scrapy.core.scraper] DEBUG: Scraped from <200 https://www.magazineluiza.com.br/busca/garrafa+stanley+aerolight+fast+flow/?page=1?page=1>
[2025-04-13T23:43:43.639+0000] {subprocess.py:106} INFO - {'title': 'Garrafa Térmica Stanley Aerolight Fast Flow 710ml Rosa Claro', 'price': 'R$\xa0274,34', 'review': None, 'store': 'Magazine Luiza'}
[2025-04-13T23:43:43.641+0000] {subprocess.py:106} INFO - 2025-04-13 23:43:43 [scrapy.core.scraper] DEBUG: Scraped from <200 https://www.magazineluiza.com.br/busca/garrafa+stanley+aerolight+fast+flow/?page=1?page=1>
[2025-04-13T23:43:43.642+0000] {subprocess.py:106} INFO - {'title': 'Garrafa Térmica Stanley Aerolight Fast Flow 1.1L Verde Água', 'price': 'R$\xa0295,45', 'review': None, 'store': 'Magazine Luiza'}
[2025-04-13T23:43:43.643+0000] {subprocess.py:106} INFO - 2025-04-13 23:43:43 [scrapy.core.scraper] DEBUG: Scraped from <200 https://www.magazineluiza.com.br/busca/garrafa+stanley+aerolight+fast+flow/?page=1?page=1>
[2025-04-13T23:43:43.643+0000] {subprocess.py:106} INFO - {'title': 'Garrafa Térmica Stanley Aerolight Fast Flow Branco Polar 1,1 Litros - STANLEY PMI', 'price': 'R$\xa0399,00', 'review': None, 'store': 'Magazine Luiza'}
[2025-04-13T23:43:43.644+0000] {subprocess.py:106} INFO - 2025-04-13 23:43:43 [scrapy.core.scraper] DEBUG: Scraped from <200 https://www.magazineluiza.com.br/busca/garrafa+stanley+aerolight+fast+flow/?page=1?page=1>
[2025-04-13T23:43:43.645+0000] {subprocess.py:106} INFO - {'title': 'Garrafa Térmica Stanley Aerolight Fast Flow Matte Black 710ML - STANLEY PMI', 'price': 'R$\xa0365,00', 'review': '5.0 (1)', 'store': 'Magazine Luiza'}
[2025-04-13T23:43:43.646+0000] {subprocess.py:106} INFO - 2025-04-13 23:43:43 [scrapy.core.scraper] DEBUG: Scraped from <200 https://www.magazineluiza.com.br/busca/garrafa+stanley+aerolight+fast+flow/?page=1?page=1>
[2025-04-13T23:43:43.647+0000] {subprocess.py:106} INFO - {'title': 'Garrafa stanley térmica aerolight fast flow em aço inox 710ml laranja tigerlily 08204-00', 'price': 'R$\xa0331,55', 'review': None, 'store': 'Magazine Luiza'}
[2025-04-13T23:43:43.648+0000] {subprocess.py:106} INFO - 2025-04-13 23:43:43 [scrapy.core.scraper] DEBUG: Scraped from <200 https://www.magazineluiza.com.br/busca/garrafa+stanley+aerolight+fast+flow/?page=1?page=1>
[2025-04-13T23:43:43.649+0000] {subprocess.py:106} INFO - {'title': 'Garrafa stanley térmica aerolight fast flow em aço inox 710ml vivid violet 08405-00', 'price': 'R$\xa0331,55', 'review': None, 'store': 'Magazine Luiza'}
[2025-04-13T23:43:43.650+0000] {subprocess.py:106} INFO - 2025-04-13 23:43:43 [scrapy.core.scraper] DEBUG: Scraped from <200 https://www.magazineluiza.com.br/busca/garrafa+stanley+aerolight+fast+flow/?page=1?page=1>
[2025-04-13T23:43:43.651+0000] {subprocess.py:106} INFO - {'title': 'Garrafa Térmica Stanley Aerolight Fast Flow 710ml Lilás', 'price': 'R$\xa0274,34', 'review': None, 'store': 'Magazine Luiza'}
[2025-04-13T23:43:43.652+0000] {subprocess.py:106} INFO - 2025-04-13 23:43:43 [scrapy.core.scraper] DEBUG: Scraped from <200 https://www.magazineluiza.com.br/busca/garrafa+stanley+aerolight+fast+flow/?page=1?page=1>
[2025-04-13T23:43:43.653+0000] {subprocess.py:106} INFO - {'title': 'Garrafa Térmica Stanley Aerolight Fast Flow Branco Polar 1,1 Litros - STANLEY PMI', 'price': 'R$\xa0385,90', 'review': None, 'store': 'Magazine Luiza'}
[2025-04-13T23:43:43.655+0000] {subprocess.py:106} INFO - 2025-04-13 23:43:43 [scrapy.core.scraper] DEBUG: Scraped from <200 https://www.magazineluiza.com.br/busca/garrafa+stanley+aerolight+fast+flow/?page=1?page=1>
[2025-04-13T23:43:43.656+0000] {subprocess.py:106} INFO - {'title': 'Garrafa Térmica Stanley Aerolight Fast Flow 710 ML Azul 0838', 'price': 'R$\xa0369,90', 'review': None, 'store': 'Magazine Luiza'}
[2025-04-13T23:43:43.657+0000] {subprocess.py:106} INFO - 2025-04-13 23:43:43 [scrapy.core.scraper] DEBUG: Scraped from <200 https://www.magazineluiza.com.br/busca/garrafa+stanley+aerolight+fast+flow/?page=1?page=1>
[2025-04-13T23:43:43.658+0000] {subprocess.py:106} INFO - {'title': 'Garrafa stanley térmica aerolight fast flow 1,1 litros branco polar 08207-00', 'price': 'R$\xa0350,55', 'review': None, 'store': 'Magazine Luiza'}
[2025-04-13T23:43:43.659+0000] {subprocess.py:106} INFO - 2025-04-13 23:43:43 [scrapy.core.scraper] DEBUG: Scraped from <200 https://www.magazineluiza.com.br/busca/garrafa+stanley+aerolight+fast+flow/?page=1?page=1>
[2025-04-13T23:43:43.660+0000] {subprocess.py:106} INFO - {'title': 'Garrafa Térmica Stanley Aerolight Fast Flow 710ml Azul Claro', 'price': 'R$\xa0274,34', 'review': None, 'store': 'Magazine Luiza'}
[2025-04-13T23:43:43.661+0000] {subprocess.py:106} INFO - 2025-04-13 23:43:43 [scrapy.core.scraper] DEBUG: Scraped from <200 https://www.magazineluiza.com.br/busca/garrafa+stanley+aerolight+fast+flow/?page=1?page=1>
[2025-04-13T23:43:43.662+0000] {subprocess.py:106} INFO - {'title': 'Garrafa termica stanley aerolight fast flow tigerlily 1,1l cod8208 cx6', 'price': 'R$\xa0434,37', 'review': '5.0 (1)', 'store': 'Magazine Luiza'}
[2025-04-13T23:43:43.663+0000] {subprocess.py:106} INFO - 2025-04-13 23:43:43 [scrapy.core.scraper] DEBUG: Scraped from <200 https://www.magazineluiza.com.br/busca/garrafa+stanley+aerolight+fast+flow/?page=1?page=1>
[2025-04-13T23:43:43.664+0000] {subprocess.py:106} INFO - {'title': 'Garrafa Térmica Stanley Aerolight Fast Flow Branco Polar 710', 'price': 'R$\xa0361,00', 'review': None, 'store': 'Magazine Luiza'}
[2025-04-13T23:43:43.664+0000] {subprocess.py:106} INFO - 2025-04-13 23:43:43 [scrapy.core.scraper] DEBUG: Scraped from <200 https://www.magazineluiza.com.br/busca/garrafa+stanley+aerolight+fast+flow/?page=1?page=1>
[2025-04-13T23:43:43.666+0000] {subprocess.py:106} INFO - {'title': 'Garrafa Térmica Stanley IceFlow Aerolight Fast Flow 700ml - Cinza', 'price': 'R$\xa0450,71', 'review': None, 'store': 'Magazine Luiza'}
[2025-04-13T23:43:43.666+0000] {subprocess.py:106} INFO - 2025-04-13 23:43:43 [scrapy.core.scraper] DEBUG: Scraped from <200 https://www.magazineluiza.com.br/busca/garrafa+stanley+aerolight+fast+flow/?page=1?page=1>
[2025-04-13T23:43:43.667+0000] {subprocess.py:106} INFO - {'title': 'Garrafa Térmica Stanley Aerolight Fast Flow Citron 1,1 Litros - STANLEY PMI', 'price': 'R$\xa0367,16', 'review': None, 'store': 'Magazine Luiza'}
[2025-04-13T23:43:43.668+0000] {subprocess.py:106} INFO - 2025-04-13 23:43:43 [scrapy.core.scraper] DEBUG: Scraped from <200 https://www.magazineluiza.com.br/busca/garrafa+stanley+aerolight+fast+flow/?page=1?page=1>
[2025-04-13T23:43:43.669+0000] {subprocess.py:106} INFO - {'title': 'Garrafa Térmica Aerolight Fast Flow 1,1L Polar Stanley', 'price': 'R$\xa0379,00', 'review': None, 'store': 'Magazine Luiza'}
[2025-04-13T23:43:43.670+0000] {subprocess.py:106} INFO - 2025-04-13 23:43:43 [scrapy.core.scraper] DEBUG: Scraped from <200 https://www.magazineluiza.com.br/busca/garrafa+stanley+aerolight+fast+flow/?page=1?page=1>
[2025-04-13T23:43:43.670+0000] {subprocess.py:106} INFO - {'title': 'Garrafa Térmica Aerolight Fast Flow Tigerlily 710ml Stanley', 'price': 'R$\xa0295,45', 'review': None, 'store': 'Magazine Luiza'}
[2025-04-13T23:43:43.671+0000] {subprocess.py:106} INFO - 2025-04-13 23:43:43 [scrapy.core.scraper] DEBUG: Scraped from <200 https://www.magazineluiza.com.br/busca/garrafa+stanley+aerolight+fast+flow/?page=1?page=1>
[2025-04-13T23:43:43.672+0000] {subprocess.py:106} INFO - {'title': 'Garrafa stanley térmica aerolight fast flow em aço inox 710ml azul tropical teal 08406-00', 'price': 'R$\xa0331,55', 'review': None, 'store': 'Magazine Luiza'}
[2025-04-13T23:43:43.674+0000] {subprocess.py:106} INFO - 2025-04-13 23:43:43 [scrapy.core.scraper] DEBUG: Scraped from <200 https://www.magazineluiza.com.br/busca/garrafa+stanley+aerolight+fast+flow/?page=1?page=1>
[2025-04-13T23:43:43.675+0000] {subprocess.py:106} INFO - {'title': 'Garrafa Térmica Stanley Aerolight Fast Flow 710ml Verde Água', 'price': 'R$\xa0274,34', 'review': None, 'store': 'Magazine Luiza'}
[2025-04-13T23:43:43.676+0000] {subprocess.py:106} INFO - 2025-04-13 23:43:43 [scrapy.core.scraper] DEBUG: Scraped from <200 https://www.magazineluiza.com.br/busca/garrafa+stanley+aerolight+fast+flow/?page=1?page=1>
[2025-04-13T23:43:43.677+0000] {subprocess.py:106} INFO - {'title': 'Garrafa Térmica Stanley Aerolight Fast Flow Citron 1,1 Litros - STANLEY PMI', 'price': 'R$\xa0385,90', 'review': None, 'store': 'Magazine Luiza'}
[2025-04-13T23:43:43.678+0000] {subprocess.py:106} INFO - 2025-04-13 23:43:43 [scrapy.core.scraper] DEBUG: Scraped from <200 https://www.magazineluiza.com.br/busca/garrafa+stanley+aerolight+fast+flow/?page=1?page=1>
[2025-04-13T23:43:43.679+0000] {subprocess.py:106} INFO - {'title': 'Garrafa Térmica Aerolight Fast Flow Stanley 710ML', 'price': 'R$\xa0395,91', 'review': None, 'store': 'Magazine Luiza'}
[2025-04-13T23:43:43.680+0000] {subprocess.py:106} INFO - 2025-04-13 23:43:43 [scrapy.core.scraper] DEBUG: Scraped from <200 https://www.magazineluiza.com.br/busca/garrafa+stanley+aerolight+fast+flow/?page=1?page=1>
[2025-04-13T23:43:43.681+0000] {subprocess.py:106} INFO - {'title': 'Garrafa Térmica Aerolight Fast Flow Polar 1,1L Stanley', 'price': 'R$\xa0358,79', 'review': None, 'store': 'Magazine Luiza'}
[2025-04-13T23:43:43.682+0000] {subprocess.py:106} INFO - 2025-04-13 23:43:43 [scrapy.core.scraper] DEBUG: Scraped from <200 https://www.magazineluiza.com.br/busca/garrafa+stanley+aerolight+fast+flow/?page=1?page=1>
[2025-04-13T23:43:43.683+0000] {subprocess.py:106} INFO - {'title': 'Garrafa Térmica Stanley Aerolight Fast Flow Citron 710ML - STANLEY PMI', 'price': 'R$\xa0419,90', 'review': None, 'store': 'Magazine Luiza'}
[2025-04-13T23:43:43.684+0000] {subprocess.py:106} INFO - 2025-04-13 23:43:43 [scrapy.core.scraper] DEBUG: Scraped from <200 https://www.magazineluiza.com.br/busca/garrafa+stanley+aerolight+fast+flow/?page=1?page=1>
[2025-04-13T23:43:43.685+0000] {subprocess.py:106} INFO - {'title': 'Garrafa Térmica Aerolight Fast Flow Heat Wave Passion Pink 710ML Stanley', 'price': 'R$\xa0313,41', 'review': None, 'store': 'Magazine Luiza'}
[2025-04-13T23:43:43.686+0000] {subprocess.py:106} INFO - 2025-04-13 23:43:43 [scrapy.core.scraper] DEBUG: Scraped from <200 https://www.magazineluiza.com.br/busca/garrafa+stanley+aerolight+fast+flow/?page=1?page=1>
[2025-04-13T23:43:43.688+0000] {subprocess.py:106} INFO - {'title': 'Garrafa stanley térmica aerolight fast flow em aço inox 710ml passion pink 08404-00', 'price': 'R$\xa0331,55', 'review': None, 'store': 'Magazine Luiza'}
[2025-04-13T23:43:43.689+0000] {subprocess.py:106} INFO - 2025-04-13 23:43:43 [scrapy.core.scraper] DEBUG: Scraped from <200 https://www.magazineluiza.com.br/busca/garrafa+stanley+aerolight+fast+flow/?page=1?page=1>
[2025-04-13T23:43:43.689+0000] {subprocess.py:106} INFO - {'title': 'Garrafa Térmica STanley Aerolight Fast Flow 1,1L', 'price': 'R$\xa0376,10', 'review': None, 'store': 'Magazine Luiza'}
[2025-04-13T23:43:43.691+0000] {subprocess.py:106} INFO - 2025-04-13 23:43:43 [scrapy.core.scraper] DEBUG: Scraped from <200 https://www.magazineluiza.com.br/busca/garrafa+stanley+aerolight+fast+flow/?page=1?page=1>
[2025-04-13T23:43:43.691+0000] {subprocess.py:106} INFO - {'title': 'Garrafa Térmica Stanley Aerolight Fast Flow Citron 1,1 Litros - STANLEY PMI', 'price': 'R$\xa0379,05', 'review': None, 'store': 'Magazine Luiza'}
[2025-04-13T23:43:43.693+0000] {subprocess.py:106} INFO - 2025-04-13 23:43:43 [scrapy.core.scraper] DEBUG: Scraped from <200 https://www.magazineluiza.com.br/busca/garrafa+stanley+aerolight+fast+flow/?page=1?page=1>
[2025-04-13T23:43:43.694+0000] {subprocess.py:106} INFO - {'title': 'Garrafa stanley térmica aerolight fast flow 710ml matte black 08202-00', 'price': 'R$\xa0331,55', 'review': '5.0 (1)', 'store': 'Magazine Luiza'}
[2025-04-13T23:43:43.696+0000] {subprocess.py:106} INFO - 2025-04-13 23:43:43 [scrapy.core.scraper] DEBUG: Scraped from <200 https://www.magazineluiza.com.br/busca/garrafa+stanley+aerolight+fast+flow/?page=1?page=1>
[2025-04-13T23:43:43.697+0000] {subprocess.py:106} INFO - {'title': 'Garrafa Térmica STanley Aerolight Fast Flow 1,1L', 'price': 'R$\xa0376,10', 'review': None, 'store': 'Magazine Luiza'}
[2025-04-13T23:43:43.698+0000] {subprocess.py:106} INFO - 2025-04-13 23:43:43 [scrapy.core.scraper] DEBUG: Scraped from <200 https://www.magazineluiza.com.br/busca/garrafa+stanley+aerolight+fast+flow/?page=1?page=1>
[2025-04-13T23:43:43.699+0000] {subprocess.py:106} INFO - {'title': 'Garrafa Térmica Stanley Aerolight Fast Flow 710ml Verde Limão', 'price': 'R$\xa0274,34', 'review': None, 'store': 'Magazine Luiza'}
[2025-04-13T23:43:43.700+0000] {subprocess.py:106} INFO - 2025-04-13 23:43:43 [scrapy.core.scraper] DEBUG: Scraped from <200 https://www.magazineluiza.com.br/busca/garrafa+stanley+aerolight+fast+flow/?page=1?page=1>
[2025-04-13T23:43:43.701+0000] {subprocess.py:106} INFO - {'title': 'Garrafa Térmica Stanley Aerolight Fast Flow Branco Polar 710ML - STANLEY PMI', 'price': 'R$\xa0369,90', 'review': None, 'store': 'Magazine Luiza'}
[2025-04-13T23:43:43.702+0000] {subprocess.py:106} INFO - 2025-04-13 23:43:43 [scrapy.core.scraper] DEBUG: Scraped from <200 https://www.magazineluiza.com.br/busca/garrafa+stanley+aerolight+fast+flow/?page=1?page=1>
[2025-04-13T23:43:43.703+0000] {subprocess.py:106} INFO - {'title': 'Garrafa Térmica Aerolight Fast Flow Stanley Citron 710 Ml', 'price': 'R$\xa0365,00', 'review': None, 'store': 'Magazine Luiza'}
[2025-04-13T23:43:43.704+0000] {subprocess.py:106} INFO - 2025-04-13 23:43:43 [scrapy.core.scraper] DEBUG: Scraped from <200 https://www.magazineluiza.com.br/busca/garrafa+stanley+aerolight+fast+flow/?page=1?page=1>
[2025-04-13T23:43:43.705+0000] {subprocess.py:106} INFO - {'title': 'Garrafa Térmica Aerolight Fast Flow 1,1L', 'price': 'R$\xa0589,90', 'review': '5.0 (1)', 'store': 'Magazine Luiza'}
[2025-04-13T23:43:43.706+0000] {subprocess.py:106} INFO - 2025-04-13 23:43:43 [scrapy.core.scraper] DEBUG: Scraped from <200 https://www.magazineluiza.com.br/busca/garrafa+stanley+aerolight+fast+flow/?page=1?page=1>
[2025-04-13T23:43:43.707+0000] {subprocess.py:106} INFO - {'title': 'Garrafa Térmica Stanley Aerolight Fast Flow Citron 1,1 Litros - STANLEY PMI', 'price': 'R$\xa0489,00', 'review': None, 'store': 'Magazine Luiza'}
[2025-04-13T23:43:43.708+0000] {subprocess.py:106} INFO - 2025-04-13 23:43:43 [scrapy.core.scraper] DEBUG: Scraped from <200 https://www.magazineluiza.com.br/busca/garrafa+stanley+aerolight+fast+flow/?page=1?page=1>
[2025-04-13T23:43:43.709+0000] {subprocess.py:106} INFO - {'title': 'Garrafa Térmica Stanley Aerolight Fast Flow 0.7L Verde 08205', 'price': 'R$\xa0344,01', 'review': None, 'store': 'Magazine Luiza'}
[2025-04-13T23:43:43.710+0000] {subprocess.py:106} INFO - 2025-04-13 23:43:43 [scrapy.core.scraper] DEBUG: Scraped from <200 https://www.magazineluiza.com.br/busca/garrafa+stanley+aerolight+fast+flow/?page=1?page=1>
[2025-04-13T23:43:43.711+0000] {subprocess.py:106} INFO - {'title': 'Garrafa Térmico Aerolight Fast Flow 710 Ml Citron Stanley', 'price': 'R$\xa0336,66', 'review': None, 'store': 'Magazine Luiza'}
[2025-04-13T23:43:43.712+0000] {subprocess.py:106} INFO - 2025-04-13 23:43:43 [scrapy.core.scraper] DEBUG: Scraped from <200 https://www.magazineluiza.com.br/busca/garrafa+stanley+aerolight+fast+flow/?page=1?page=1>
[2025-04-13T23:43:43.713+0000] {subprocess.py:106} INFO - {'title': 'Garrafa Térmica Aerolight Fast Flow Polar 1,1L', 'price': 'R$\xa0479,99', 'review': None, 'store': 'Magazine Luiza'}
[2025-04-13T23:43:43.714+0000] {subprocess.py:106} INFO - 2025-04-13 23:43:43 [scrapy.core.engine] INFO: Closing spider (finished)
[2025-04-13T23:43:43.715+0000] {subprocess.py:106} INFO - 2025-04-13 23:43:43 [scrapy.extensions.feedexport] INFO: Stored csv feed (110 items) in: /opt/***/dags/scrap_result.csv
[2025-04-13T23:43:43.716+0000] {subprocess.py:106} INFO - 2025-04-13 23:43:43 [scrapy.statscollectors] INFO: Dumping Scrapy stats:
[2025-04-13T23:43:43.717+0000] {subprocess.py:106} INFO - {'downloader/request_bytes': 2450,
[2025-04-13T23:43:43.718+0000] {subprocess.py:106} INFO -  'downloader/request_count': 3,
[2025-04-13T23:43:43.719+0000] {subprocess.py:106} INFO -  'downloader/request_method_count/GET': 3,
[2025-04-13T23:43:43.720+0000] {subprocess.py:106} INFO -  'downloader/response_bytes': 283036,
[2025-04-13T23:43:43.721+0000] {subprocess.py:106} INFO -  'downloader/response_count': 3,
[2025-04-13T23:43:43.721+0000] {subprocess.py:106} INFO -  'downloader/response_status_count/200': 3,
[2025-04-13T23:43:43.722+0000] {subprocess.py:106} INFO -  'elapsed_time_seconds': 7.01285,
[2025-04-13T23:43:43.723+0000] {subprocess.py:106} INFO -  'feedexport/success_count/FileFeedStorage': 1,
[2025-04-13T23:43:43.724+0000] {subprocess.py:106} INFO -  'finish_reason': 'finished',
[2025-04-13T23:43:43.725+0000] {subprocess.py:106} INFO -  'finish_time': datetime.datetime(2025, 4, 13, 23, 43, 43, 550440, tzinfo=datetime.timezone.utc),
[2025-04-13T23:43:43.726+0000] {subprocess.py:106} INFO -  'httpcompression/response_bytes': 2072199,
[2025-04-13T23:43:43.726+0000] {subprocess.py:106} INFO -  'httpcompression/response_count': 3,
[2025-04-13T23:43:43.727+0000] {subprocess.py:106} INFO -  'item_scraped_count': 110,
[2025-04-13T23:43:43.728+0000] {subprocess.py:106} INFO -  'items_per_minute': None,
[2025-04-13T23:43:43.729+0000] {subprocess.py:106} INFO -  'log_count/DEBUG': 114,
[2025-04-13T23:43:43.729+0000] {subprocess.py:106} INFO -  'log_count/INFO': 11,
[2025-04-13T23:43:43.730+0000] {subprocess.py:106} INFO -  'memusage/max': 220700672,
[2025-04-13T23:43:43.731+0000] {subprocess.py:106} INFO -  'memusage/startup': 220700672,
[2025-04-13T23:43:43.732+0000] {subprocess.py:106} INFO -  'request_depth_max': 1,
[2025-04-13T23:43:43.733+0000] {subprocess.py:106} INFO -  'response_received_count': 3,
[2025-04-13T23:43:43.733+0000] {subprocess.py:106} INFO -  'responses_per_minute': None,
[2025-04-13T23:43:43.734+0000] {subprocess.py:106} INFO -  'scheduler/dequeued': 3,
[2025-04-13T23:43:43.735+0000] {subprocess.py:106} INFO -  'scheduler/dequeued/memory': 3,
[2025-04-13T23:43:43.735+0000] {subprocess.py:106} INFO -  'scheduler/enqueued': 3,
[2025-04-13T23:43:43.736+0000] {subprocess.py:106} INFO -  'scheduler/enqueued/memory': 3,
[2025-04-13T23:43:43.737+0000] {subprocess.py:106} INFO -  'start_time': datetime.datetime(2025, 4, 13, 23, 43, 36, 537590, tzinfo=datetime.timezone.utc)}
[2025-04-13T23:43:43.738+0000] {subprocess.py:106} INFO - 2025-04-13 23:43:43 [scrapy.core.engine] INFO: Spider closed (finished)
[2025-04-13T23:43:43.738+0000] {subprocess.py:106} INFO - 
[2025-04-13T23:43:43.740+0000] {subprocess.py:106} INFO - GARRAFA STANLEY AEROLIGHT FAST FLOW 1.1Lt ORIGINAL TODAS AS CORES
[2025-04-13T23:43:43.741+0000] {subprocess.py:106} INFO - [R$ 339,14]
[2025-04-13T23:43:43.742+0000] {subprocess.py:106} INFO - 4.2 (6)
[2025-04-13T23:43:43.743+0000] {subprocess.py:106} INFO - Garrafa stanley aerolight fast flow 710ml original todas as cores
[2025-04-13T23:43:43.745+0000] {subprocess.py:106} INFO - [R$ 310,64]
[2025-04-13T23:43:43.746+0000] {subprocess.py:106} INFO - 5.0 (1)
[2025-04-13T23:43:43.747+0000] {subprocess.py:106} INFO - Garrafa Térmica Aerolight Stanley Fast Flow 710ml - Matte Black
[2025-04-13T23:43:43.748+0000] {subprocess.py:106} INFO - [R$ 262,65]
[2025-04-13T23:43:43.749+0000] {subprocess.py:106} INFO - 5.0 (1)
[2025-04-13T23:43:43.750+0000] {subprocess.py:106} INFO - Garrafa Térmica Stanley Aerolight Fast Flow Lavender 710ML - STANLEY PMI
[2025-04-13T23:43:43.751+0000] {subprocess.py:106} INFO - [R$ 289,97]
[2025-04-13T23:43:43.752+0000] {subprocess.py:106} INFO - None
[2025-04-13T23:43:43.753+0000] {subprocess.py:106} INFO - Stanley Garrafa Térmica Aerolight Original Fast Flow Branco Polar 710ml
[2025-04-13T23:43:43.755+0000] {subprocess.py:106} INFO - [R$ 332,10]
[2025-04-13T23:43:43.756+0000] {subprocess.py:106} INFO - None
[2025-04-13T23:43:43.757+0000] {subprocess.py:106} INFO - Garrafa Térmica Aerolight Stanley Fast Flow 1,1L - Tigerlily
[2025-04-13T23:43:43.757+0000] {subprocess.py:106} INFO - [R$ 288,15]
[2025-04-13T23:43:43.758+0000] {subprocess.py:106} INFO - 5.0 (1)
[2025-04-13T23:43:43.759+0000] {subprocess.py:106} INFO - Garrafa Térmica Stanley Aerolight Fast Flow 1.1L Pink
[2025-04-13T23:43:43.760+0000] {subprocess.py:106} INFO - [R$ 295,45]
[2025-04-13T23:43:43.761+0000] {subprocess.py:106} INFO - None
[2025-04-13T23:43:43.762+0000] {subprocess.py:106} INFO - Garrafa Térmica Stanley Aerolight Fast Flow Matte Black 710ML
[2025-04-13T23:43:43.762+0000] {subprocess.py:106} INFO - [R$ 278,35]
[2025-04-13T23:43:43.763+0000] {subprocess.py:106} INFO - 5.0 (1)
[2025-04-13T23:43:43.764+0000] {subprocess.py:106} INFO - Garrafa Térmica Aerolight Fast Flow Matte Black 1,1L Stanley
[2025-04-13T23:43:43.764+0000] {subprocess.py:106} INFO - [R$ 358,79]
[2025-04-13T23:43:43.765+0000] {subprocess.py:106} INFO - 4.2 (6)
[2025-04-13T23:43:43.766+0000] {subprocess.py:106} INFO - Garrafa Térmica Aerolight Stanley Fast Flow 710ml - Lavender
[2025-04-13T23:43:43.766+0000] {subprocess.py:106} INFO - [R$ 262,65]
[2025-04-13T23:43:43.767+0000] {subprocess.py:106} INFO - None
[2025-04-13T23:43:43.768+0000] {subprocess.py:106} INFO - Garrafa Térmica Stanley Aerolight Fast Flow Branco Polar 1,1 Litros
[2025-04-13T23:43:43.769+0000] {subprocess.py:106} INFO - [R$ 305,90]
[2025-04-13T23:43:43.769+0000] {subprocess.py:106} INFO - None
[2025-04-13T23:43:43.770+0000] {subprocess.py:106} INFO - Garrafa Térmica Aerolight Stanley Fast Flow 1,1L - Citron
[2025-04-13T23:43:43.771+0000] {subprocess.py:106} INFO - [R$ 288,15]
[2025-04-13T23:43:43.771+0000] {subprocess.py:106} INFO - None
[2025-04-13T23:43:43.772+0000] {subprocess.py:106} INFO - Garrafa Térmica Aerolight Stanley Fast Flow 1,1L - Polar
[2025-04-13T23:43:43.773+0000] {subprocess.py:106} INFO - [R$ 288,15]
[2025-04-13T23:43:43.774+0000] {subprocess.py:106} INFO - None
[2025-04-13T23:43:43.774+0000] {subprocess.py:106} INFO - Garrafa Térmica Stanley Aerolight Fast Flow Citron 710ML
[2025-04-13T23:43:43.775+0000] {subprocess.py:106} INFO - [R$ 278,35]
[2025-04-13T23:43:43.776+0000] {subprocess.py:106} INFO - None
[2025-04-13T23:43:43.776+0000] {subprocess.py:106} INFO - Garrafa Térmica Stanley Aerolight Fast Flow Original Laranja Tigerlily 1,1 L
[2025-04-13T23:43:43.777+0000] {subprocess.py:106} INFO - [R$ 379,00]
[2025-04-13T23:43:43.778+0000] {subprocess.py:106} INFO - 5.0 (1)
[2025-04-13T23:43:43.778+0000] {subprocess.py:106} INFO - Garrafa Térmica Aerolight Laranja Fast Flow Tigerlily 1,1L Stanley
[2025-04-13T23:43:43.779+0000] {subprocess.py:106} INFO - [R$ 351,41]
[2025-04-13T23:43:43.780+0000] {subprocess.py:106} INFO - 5.0 (1)
[2025-04-13T23:43:43.781+0000] {subprocess.py:106} INFO - Garrafa stanley térmica aerolight fast flow em aço inox 710ml lavender 08241-00
[2025-04-13T23:43:43.781+0000] {subprocess.py:106} INFO - [R$ 331,55]
[2025-04-13T23:43:43.782+0000] {subprocess.py:106} INFO - None
[2025-04-13T23:43:43.783+0000] {subprocess.py:106} INFO - Garrafa stanley térmica aerolight fast flow 1,1 litros laranja tigerlily 08242-00
[2025-04-13T23:43:43.783+0000] {subprocess.py:106} INFO - [R$ 350,55]
[2025-04-13T23:43:43.784+0000] {subprocess.py:106} INFO - 5.0 (1)
[2025-04-13T23:43:43.785+0000] {subprocess.py:106} INFO - Garrafa Térmica Stanley Aerolight Fast Flow 710ml Rosa Claro
[2025-04-13T23:43:43.785+0000] {subprocess.py:106} INFO - [R$ 274,34]
[2025-04-13T23:43:43.786+0000] {subprocess.py:106} INFO - None
[2025-04-13T23:43:43.787+0000] {subprocess.py:106} INFO - Garrafa Térmica Stanley Aerolight Fast Flow 1.1L Verde Água
[2025-04-13T23:43:43.788+0000] {subprocess.py:106} INFO - [R$ 295,45]
[2025-04-13T23:43:43.788+0000] {subprocess.py:106} INFO - None
[2025-04-13T23:43:43.789+0000] {subprocess.py:106} INFO - Garrafa Térmica Stanley Aerolight Fast Flow Branco Polar 1,1 Litros - STANLEY PMI
[2025-04-13T23:43:43.790+0000] {subprocess.py:106} INFO - [R$ 399,00]
[2025-04-13T23:43:43.791+0000] {subprocess.py:106} INFO - None
[2025-04-13T23:43:43.792+0000] {subprocess.py:106} INFO - Garrafa Térmica Stanley Aerolight Fast Flow Matte Black 710ML - STANLEY PMI
[2025-04-13T23:43:43.792+0000] {subprocess.py:106} INFO - [R$ 365,00]
[2025-04-13T23:43:43.793+0000] {subprocess.py:106} INFO - 5.0 (1)
[2025-04-13T23:43:43.794+0000] {subprocess.py:106} INFO - Garrafa stanley térmica aerolight fast flow em aço inox 710ml laranja tigerlily 08204-00
[2025-04-13T23:43:43.794+0000] {subprocess.py:106} INFO - [R$ 331,55]
[2025-04-13T23:43:43.795+0000] {subprocess.py:106} INFO - None
[2025-04-13T23:43:43.796+0000] {subprocess.py:106} INFO - Garrafa stanley térmica aerolight fast flow em aço inox 710ml vivid violet 08405-00
[2025-04-13T23:43:43.796+0000] {subprocess.py:106} INFO - [R$ 331,55]
[2025-04-13T23:43:43.797+0000] {subprocess.py:106} INFO - None
[2025-04-13T23:43:43.798+0000] {subprocess.py:106} INFO - Garrafa Térmica Stanley Aerolight Fast Flow 710ml Lilás
[2025-04-13T23:43:43.798+0000] {subprocess.py:106} INFO - [R$ 274,34]
[2025-04-13T23:43:43.799+0000] {subprocess.py:106} INFO - None
[2025-04-13T23:43:43.800+0000] {subprocess.py:106} INFO - Garrafa Térmica Stanley Aerolight Fast Flow Branco Polar 1,1 Litros - STANLEY PMI
[2025-04-13T23:43:43.801+0000] {subprocess.py:106} INFO - [R$ 385,90]
[2025-04-13T23:43:43.801+0000] {subprocess.py:106} INFO - None
[2025-04-13T23:43:43.802+0000] {subprocess.py:106} INFO - Garrafa Térmica Stanley Aerolight Fast Flow 710 ML Azul 0838
[2025-04-13T23:43:43.803+0000] {subprocess.py:106} INFO - [R$ 369,90]
[2025-04-13T23:43:43.804+0000] {subprocess.py:106} INFO - None
[2025-04-13T23:43:43.804+0000] {subprocess.py:106} INFO - Garrafa stanley térmica aerolight fast flow 1,1 litros branco polar 08207-00
[2025-04-13T23:43:43.805+0000] {subprocess.py:106} INFO - [R$ 350,55]
[2025-04-13T23:43:43.806+0000] {subprocess.py:106} INFO - None
[2025-04-13T23:43:43.807+0000] {subprocess.py:106} INFO - Garrafa Térmica Stanley Aerolight Fast Flow 710ml Azul Claro
[2025-04-13T23:43:43.808+0000] {subprocess.py:106} INFO - [R$ 274,34]
[2025-04-13T23:43:43.808+0000] {subprocess.py:106} INFO - None
[2025-04-13T23:43:43.809+0000] {subprocess.py:106} INFO - Garrafa termica stanley aerolight fast flow tigerlily 1,1l cod8208 cx6
[2025-04-13T23:43:43.810+0000] {subprocess.py:106} INFO - [R$ 434,37]
[2025-04-13T23:43:43.810+0000] {subprocess.py:106} INFO - 5.0 (1)
[2025-04-13T23:43:43.811+0000] {subprocess.py:106} INFO - Garrafa Térmica Stanley Aerolight Fast Flow Branco Polar 710
[2025-04-13T23:43:43.812+0000] {subprocess.py:106} INFO - [R$ 361,00]
[2025-04-13T23:43:43.812+0000] {subprocess.py:106} INFO - None
[2025-04-13T23:43:43.813+0000] {subprocess.py:106} INFO - Garrafa Térmica Stanley IceFlow Aerolight Fast Flow 700ml - Cinza
[2025-04-13T23:43:43.814+0000] {subprocess.py:106} INFO - [R$ 450,71]
[2025-04-13T23:43:43.815+0000] {subprocess.py:106} INFO - None
[2025-04-13T23:43:43.815+0000] {subprocess.py:106} INFO - Garrafa Térmica Stanley Aerolight Fast Flow Citron 1,1 Litros - STANLEY PMI
[2025-04-13T23:43:43.816+0000] {subprocess.py:106} INFO - [R$ 367,16]
[2025-04-13T23:43:43.817+0000] {subprocess.py:106} INFO - None
[2025-04-13T23:43:43.817+0000] {subprocess.py:106} INFO - Garrafa Térmica Aerolight Fast Flow 1,1L Polar Stanley
[2025-04-13T23:43:43.818+0000] {subprocess.py:106} INFO - [R$ 379,00]
[2025-04-13T23:43:43.819+0000] {subprocess.py:106} INFO - None
[2025-04-13T23:43:43.820+0000] {subprocess.py:106} INFO - Garrafa Térmica Aerolight Fast Flow Tigerlily 710ml Stanley
[2025-04-13T23:43:43.821+0000] {subprocess.py:106} INFO - [R$ 295,45]
[2025-04-13T23:43:43.822+0000] {subprocess.py:106} INFO - None
[2025-04-13T23:43:43.822+0000] {subprocess.py:106} INFO - Garrafa stanley térmica aerolight fast flow em aço inox 710ml azul tropical teal 08406-00
[2025-04-13T23:43:43.823+0000] {subprocess.py:106} INFO - [R$ 331,55]
[2025-04-13T23:43:43.824+0000] {subprocess.py:106} INFO - None
[2025-04-13T23:43:43.825+0000] {subprocess.py:106} INFO - Garrafa Térmica Stanley Aerolight Fast Flow 710ml Verde Água
[2025-04-13T23:43:43.826+0000] {subprocess.py:106} INFO - [R$ 274,34]
[2025-04-13T23:43:43.826+0000] {subprocess.py:106} INFO - None
[2025-04-13T23:43:43.827+0000] {subprocess.py:106} INFO - Garrafa Térmica Stanley Aerolight Fast Flow Citron 1,1 Litros - STANLEY PMI
[2025-04-13T23:43:43.828+0000] {subprocess.py:106} INFO - [R$ 385,90]
[2025-04-13T23:43:43.828+0000] {subprocess.py:106} INFO - None
[2025-04-13T23:43:43.829+0000] {subprocess.py:106} INFO - Garrafa Térmica Aerolight Fast Flow Stanley 710ML
[2025-04-13T23:43:43.830+0000] {subprocess.py:106} INFO - [R$ 395,91]
[2025-04-13T23:43:43.830+0000] {subprocess.py:106} INFO - None
[2025-04-13T23:43:43.831+0000] {subprocess.py:106} INFO - Garrafa Térmica Aerolight Fast Flow Polar 1,1L Stanley
[2025-04-13T23:43:43.832+0000] {subprocess.py:106} INFO - [R$ 358,79]
[2025-04-13T23:43:43.832+0000] {subprocess.py:106} INFO - None
[2025-04-13T23:43:43.833+0000] {subprocess.py:106} INFO - Garrafa Térmica Stanley Aerolight Fast Flow Citron 710ML - STANLEY PMI
[2025-04-13T23:43:43.834+0000] {subprocess.py:106} INFO - [R$ 419,90]
[2025-04-13T23:43:43.834+0000] {subprocess.py:106} INFO - None
[2025-04-13T23:43:43.835+0000] {subprocess.py:106} INFO - Garrafa Térmica Aerolight Fast Flow Heat Wave Passion Pink 710ML Stanley
[2025-04-13T23:43:43.836+0000] {subprocess.py:106} INFO - [R$ 313,41]
[2025-04-13T23:43:43.837+0000] {subprocess.py:106} INFO - None
[2025-04-13T23:43:43.837+0000] {subprocess.py:106} INFO - Garrafa stanley térmica aerolight fast flow em aço inox 710ml passion pink 08404-00
[2025-04-13T23:43:43.838+0000] {subprocess.py:106} INFO - [R$ 331,55]
[2025-04-13T23:43:43.839+0000] {subprocess.py:106} INFO - None
[2025-04-13T23:43:43.840+0000] {subprocess.py:106} INFO - Garrafa Térmica STanley Aerolight Fast Flow 1,1L
[2025-04-13T23:43:43.840+0000] {subprocess.py:106} INFO - [R$ 376,10]
[2025-04-13T23:43:43.841+0000] {subprocess.py:106} INFO - None
[2025-04-13T23:43:43.842+0000] {subprocess.py:106} INFO - Garrafa Térmica Stanley Aerolight Fast Flow Citron 1,1 Litros - STANLEY PMI
[2025-04-13T23:43:43.843+0000] {subprocess.py:106} INFO - [R$ 379,05]
[2025-04-13T23:43:43.843+0000] {subprocess.py:106} INFO - None
[2025-04-13T23:43:43.844+0000] {subprocess.py:106} INFO - Garrafa stanley térmica aerolight fast flow 710ml matte black 08202-00
[2025-04-13T23:43:43.845+0000] {subprocess.py:106} INFO - [R$ 331,55]
[2025-04-13T23:43:43.846+0000] {subprocess.py:106} INFO - 5.0 (1)
[2025-04-13T23:43:43.846+0000] {subprocess.py:106} INFO - Garrafa Térmica STanley Aerolight Fast Flow 1,1L
[2025-04-13T23:43:43.847+0000] {subprocess.py:106} INFO - [R$ 376,10]
[2025-04-13T23:43:43.848+0000] {subprocess.py:106} INFO - None
[2025-04-13T23:43:43.849+0000] {subprocess.py:106} INFO - Garrafa Térmica Stanley Aerolight Fast Flow 710ml Verde Limão
[2025-04-13T23:43:43.850+0000] {subprocess.py:106} INFO - [R$ 274,34]
[2025-04-13T23:43:43.850+0000] {subprocess.py:106} INFO - None
[2025-04-13T23:43:43.851+0000] {subprocess.py:106} INFO - Garrafa Térmica Stanley Aerolight Fast Flow Branco Polar 710ML - STANLEY PMI
[2025-04-13T23:43:43.852+0000] {subprocess.py:106} INFO - [R$ 369,90]
[2025-04-13T23:43:43.852+0000] {subprocess.py:106} INFO - None
[2025-04-13T23:43:43.853+0000] {subprocess.py:106} INFO - Garrafa Térmica Aerolight Fast Flow Stanley Citron 710 Ml
[2025-04-13T23:43:43.854+0000] {subprocess.py:106} INFO - [R$ 365,00]
[2025-04-13T23:43:43.855+0000] {subprocess.py:106} INFO - None
[2025-04-13T23:43:43.856+0000] {subprocess.py:106} INFO - Garrafa Térmica Aerolight Fast Flow 1,1L
[2025-04-13T23:43:43.857+0000] {subprocess.py:106} INFO - [R$ 589,90]
[2025-04-13T23:43:43.857+0000] {subprocess.py:106} INFO - 5.0 (1)
[2025-04-13T23:43:43.858+0000] {subprocess.py:106} INFO - Garrafa Térmica Stanley Aerolight Fast Flow Citron 1,1 Litros - STANLEY PMI
[2025-04-13T23:43:43.859+0000] {subprocess.py:106} INFO - [R$ 489,00]
[2025-04-13T23:43:43.860+0000] {subprocess.py:106} INFO - None
[2025-04-13T23:43:43.861+0000] {subprocess.py:106} INFO - Garrafa Térmica Stanley Aerolight Fast Flow 0.7L Verde 08205
[2025-04-13T23:43:43.861+0000] {subprocess.py:106} INFO - [R$ 344,01]
[2025-04-13T23:43:43.862+0000] {subprocess.py:106} INFO - None
[2025-04-13T23:43:43.863+0000] {subprocess.py:106} INFO - Garrafa Térmico Aerolight Fast Flow 710 Ml Citron Stanley
[2025-04-13T23:43:43.864+0000] {subprocess.py:106} INFO - [R$ 336,66]
[2025-04-13T23:43:43.864+0000] {subprocess.py:106} INFO - None
[2025-04-13T23:43:43.865+0000] {subprocess.py:106} INFO - Garrafa Térmica Aerolight Fast Flow Polar 1,1L
[2025-04-13T23:43:43.866+0000] {subprocess.py:106} INFO - [R$ 479,99]
[2025-04-13T23:43:43.866+0000] {subprocess.py:106} INFO - None
[2025-04-13T23:43:43.867+0000] {subprocess.py:110} INFO - Command exited with return code 0
[2025-04-13T23:43:43.921+0000] {taskinstance.py:341} INFO - ::group::Post task execution logs
[2025-04-13T23:43:43.924+0000] {taskinstance.py:353} INFO - Marking task as SUCCESS. dag_id=pipeline_garrafa_stanley, task_id=scrap_magalu, run_id=manual__2025-04-13T23:43:32.815041+00:00, execution_date=20250413T234332, start_date=20250413T234334, end_date=20250413T234343
[2025-04-13T23:43:44.027+0000] {local_task_job_runner.py:266} INFO - Task exited with return code 0
[2025-04-13T23:43:44.079+0000] {taskinstance.py:3901} INFO - 1 downstream tasks scheduled from follow-on schedule check
[2025-04-13T23:43:44.083+0000] {local_task_job_runner.py:245} INFO - ::endgroup::
