[2025-04-13T23:46:05.229+0000] {local_task_job_runner.py:123} INFO - ::group::Pre task execution logs
[2025-04-13T23:46:05.275+0000] {taskinstance.py:2614} INFO - Dependencies all met for dep_context=non-requeueable deps ti=<TaskInstance: pipeline_garrafa_stanley.scrap_magalu manual__2025-04-13T23:46:03.678037+00:00 [queued]>
[2025-04-13T23:46:05.285+0000] {taskinstance.py:2614} INFO - Dependencies all met for dep_context=requeueable deps ti=<TaskInstance: pipeline_garrafa_stanley.scrap_magalu manual__2025-04-13T23:46:03.678037+00:00 [queued]>
[2025-04-13T23:46:05.287+0000] {taskinstance.py:2867} INFO - Starting attempt 1 of 1
[2025-04-13T23:46:05.313+0000] {taskinstance.py:2890} INFO - Executing <Task(BashOperator): scrap_magalu> on 2025-04-13 23:46:03.678037+00:00
[2025-04-13T23:46:05.322+0000] {warnings.py:112} WARNING - /home/***/.local/lib/python3.12/site-packages/***/task/task_runner/standard_task_runner.py:70: DeprecationWarning: This process (pid=2076) is multi-threaded, use of fork() may lead to deadlocks in the child.
  pid = os.fork()

[2025-04-13T23:46:05.324+0000] {standard_task_runner.py:72} INFO - Started process 2078 to run task
[2025-04-13T23:46:05.324+0000] {standard_task_runner.py:104} INFO - Running: ['***', 'tasks', 'run', 'pipeline_garrafa_stanley', 'scrap_magalu', 'manual__2025-04-13T23:46:03.678037+00:00', '--job-id', '52', '--raw', '--subdir', 'DAGS_FOLDER/pipeline.py', '--cfg-path', '/tmp/tmp222qprvg']
[2025-04-13T23:46:05.328+0000] {standard_task_runner.py:105} INFO - Job 52: Subtask scrap_magalu
[2025-04-13T23:46:05.422+0000] {task_command.py:467} INFO - Running <TaskInstance: pipeline_garrafa_stanley.scrap_magalu manual__2025-04-13T23:46:03.678037+00:00 [running]> on host 5cb3b0b4f804
[2025-04-13T23:46:05.593+0000] {taskinstance.py:3134} INFO - Exporting env vars: AIRFLOW_CTX_DAG_OWNER='Mário Kojima' AIRFLOW_CTX_DAG_ID='pipeline_garrafa_stanley' AIRFLOW_CTX_TASK_ID='scrap_magalu' AIRFLOW_CTX_EXECUTION_DATE='2025-04-13T23:46:03.678037+00:00' AIRFLOW_CTX_TRY_NUMBER='1' AIRFLOW_CTX_DAG_RUN_ID='manual__2025-04-13T23:46:03.678037+00:00'
[2025-04-13T23:46:05.594+0000] {taskinstance.py:732} INFO - ::endgroup::
[2025-04-13T23:46:05.611+0000] {subprocess.py:78} INFO - Tmp dir root location: /tmp
[2025-04-13T23:46:05.613+0000] {subprocess.py:88} INFO - Running command: ['/usr/bin/bash', '-c', 'scrapy runspider /opt/***/dags/scrap_magalu.py -O /opt/***/dags/scrap_result.csv']
[2025-04-13T23:46:05.629+0000] {subprocess.py:99} INFO - Output:
[2025-04-13T23:46:06.921+0000] {subprocess.py:106} INFO - 2025-04-13 23:46:06 [scrapy.utils.log] INFO: Scrapy 2.12.0 started (bot: scrapybot)
[2025-04-13T23:46:06.924+0000] {subprocess.py:106} INFO - 2025-04-13 23:46:06 [scrapy.utils.log] INFO: Versions: lxml 5.3.0.0, libxml2 2.12.9, cssselect 1.3.0, parsel 1.10.0, w3lib 2.3.1, Twisted 24.11.0, Python 3.12.9 (main, Feb  6 2025, 22:37:05) [GCC 12.2.0], pyOpenSSL 24.3.0 (OpenSSL 3.2.2 4 Jun 2024), cryptography 42.0.8, Platform Linux-5.10.76-linuxkit-x86_64-with-glibc2.36
[2025-04-13T23:46:06.929+0000] {subprocess.py:106} INFO - 2025-04-13 23:46:06 [scrapy.addons] INFO: Enabled addons:
[2025-04-13T23:46:06.930+0000] {subprocess.py:106} INFO - []
[2025-04-13T23:46:06.931+0000] {subprocess.py:106} INFO - 2025-04-13 23:46:06 [scrapy.utils.log] DEBUG: Using reactor: twisted.internet.epollreactor.EPollReactor
[2025-04-13T23:46:06.932+0000] {subprocess.py:106} INFO - 2025-04-13 23:46:06 [scrapy.extensions.telnet] INFO: Telnet Password: 346320731d028b6d
[2025-04-13T23:46:06.986+0000] {subprocess.py:106} INFO - 2025-04-13 23:46:06 [scrapy.middleware] INFO: Enabled extensions:
[2025-04-13T23:46:06.987+0000] {subprocess.py:106} INFO - ['scrapy.extensions.corestats.CoreStats',
[2025-04-13T23:46:06.989+0000] {subprocess.py:106} INFO -  'scrapy.extensions.telnet.TelnetConsole',
[2025-04-13T23:46:06.990+0000] {subprocess.py:106} INFO -  'scrapy.extensions.memusage.MemoryUsage',
[2025-04-13T23:46:06.991+0000] {subprocess.py:106} INFO -  'scrapy.extensions.feedexport.FeedExporter',
[2025-04-13T23:46:06.992+0000] {subprocess.py:106} INFO -  'scrapy.extensions.logstats.LogStats']
[2025-04-13T23:46:06.993+0000] {subprocess.py:106} INFO - 2025-04-13 23:46:06 [scrapy.crawler] INFO: Overridden settings:
[2025-04-13T23:46:06.995+0000] {subprocess.py:106} INFO - {'SPIDER_LOADER_WARN_ONLY': True,
[2025-04-13T23:46:06.996+0000] {subprocess.py:106} INFO -  'USER_AGENT': 'Mozilla/5.0 (X11; Linux x86_64) AppleWebKit/537.36 (KHTML, '
[2025-04-13T23:46:06.997+0000] {subprocess.py:106} INFO -                'like Gecko) Chrome/51.0.2704.103 Safari/537.36'}
[2025-04-13T23:46:07.149+0000] {subprocess.py:106} INFO - 2025-04-13 23:46:07 [scrapy.middleware] INFO: Enabled downloader middlewares:
[2025-04-13T23:46:07.150+0000] {subprocess.py:106} INFO - ['scrapy.downloadermiddlewares.offsite.OffsiteMiddleware',
[2025-04-13T23:46:07.151+0000] {subprocess.py:106} INFO -  'scrapy.downloadermiddlewares.httpauth.HttpAuthMiddleware',
[2025-04-13T23:46:07.153+0000] {subprocess.py:106} INFO -  'scrapy.downloadermiddlewares.downloadtimeout.DownloadTimeoutMiddleware',
[2025-04-13T23:46:07.154+0000] {subprocess.py:106} INFO -  'scrapy.downloadermiddlewares.defaultheaders.DefaultHeadersMiddleware',
[2025-04-13T23:46:07.155+0000] {subprocess.py:106} INFO -  'scrapy.downloadermiddlewares.useragent.UserAgentMiddleware',
[2025-04-13T23:46:07.156+0000] {subprocess.py:106} INFO -  'scrapy.downloadermiddlewares.retry.RetryMiddleware',
[2025-04-13T23:46:07.157+0000] {subprocess.py:106} INFO -  'scrapy.downloadermiddlewares.redirect.MetaRefreshMiddleware',
[2025-04-13T23:46:07.158+0000] {subprocess.py:106} INFO -  'scrapy.downloadermiddlewares.httpcompression.HttpCompressionMiddleware',
[2025-04-13T23:46:07.159+0000] {subprocess.py:106} INFO -  'scrapy.downloadermiddlewares.redirect.RedirectMiddleware',
[2025-04-13T23:46:07.160+0000] {subprocess.py:106} INFO -  'scrapy.downloadermiddlewares.cookies.CookiesMiddleware',
[2025-04-13T23:46:07.161+0000] {subprocess.py:106} INFO -  'scrapy.downloadermiddlewares.httpproxy.HttpProxyMiddleware',
[2025-04-13T23:46:07.162+0000] {subprocess.py:106} INFO -  'scrapy.downloadermiddlewares.stats.DownloaderStats']
[2025-04-13T23:46:07.162+0000] {subprocess.py:106} INFO - 2025-04-13 23:46:07 [scrapy.middleware] INFO: Enabled spider middlewares:
[2025-04-13T23:46:07.163+0000] {subprocess.py:106} INFO - ['scrapy.spidermiddlewares.httperror.HttpErrorMiddleware',
[2025-04-13T23:46:07.164+0000] {subprocess.py:106} INFO -  'scrapy.spidermiddlewares.referer.RefererMiddleware',
[2025-04-13T23:46:07.165+0000] {subprocess.py:106} INFO -  'scrapy.spidermiddlewares.urllength.UrlLengthMiddleware',
[2025-04-13T23:46:07.166+0000] {subprocess.py:106} INFO -  'scrapy.spidermiddlewares.depth.DepthMiddleware']
[2025-04-13T23:46:07.167+0000] {subprocess.py:106} INFO - 2025-04-13 23:46:07 [scrapy.middleware] INFO: Enabled item pipelines:
[2025-04-13T23:46:07.168+0000] {subprocess.py:106} INFO - []
[2025-04-13T23:46:07.168+0000] {subprocess.py:106} INFO - 2025-04-13 23:46:07 [scrapy.core.engine] INFO: Spider opened
[2025-04-13T23:46:07.169+0000] {subprocess.py:106} INFO - 2025-04-13 23:46:07 [scrapy.extensions.logstats] INFO: Crawled 0 pages (at 0 pages/min), scraped 0 items (at 0 items/min)
[2025-04-13T23:46:07.170+0000] {subprocess.py:106} INFO - 2025-04-13 23:46:07 [scrapy.extensions.telnet] INFO: Telnet console listening on 127.0.0.1:6023
[2025-04-13T23:46:12.136+0000] {subprocess.py:106} INFO - 2025-04-13 23:46:12 [scrapy.core.engine] DEBUG: Crawled (200) <GET https://www.magazineluiza.com.br/busca/garrafa+stanley+aerolight+fast+flow/?page=1> (referer: None)
[2025-04-13T23:46:13.509+0000] {subprocess.py:106} INFO - 2025-04-13 23:46:13 [scrapy.core.engine] DEBUG: Crawled (200) <GET https://www.magazineluiza.com.br/busca/garrafa+stanley+aerolight+fast+flow/?page=1?page=1> (referer: https://www.magazineluiza.com.br/busca/garrafa+stanley+aerolight+fast+flow/?page=1)
[2025-04-13T23:46:13.636+0000] {subprocess.py:106} INFO - 2025-04-13 23:46:13 [scrapy.core.scraper] DEBUG: Scraped from <200 https://www.magazineluiza.com.br/busca/garrafa+stanley+aerolight+fast+flow/?page=1?page=1>
[2025-04-13T23:46:13.638+0000] {subprocess.py:106} INFO - {'title': 'GARRAFA STANLEY AEROLIGHT FAST FLOW 1.1Lt ORIGINAL TODAS AS CORES', 'price': 'R$\xa0339,14', 'review': '4.2 (6)', 'store': 'Magazine Luiza'}
[2025-04-13T23:46:13.641+0000] {subprocess.py:106} INFO - 2025-04-13 23:46:13 [scrapy.core.scraper] DEBUG: Scraped from <200 https://www.magazineluiza.com.br/busca/garrafa+stanley+aerolight+fast+flow/?page=1?page=1>
[2025-04-13T23:46:13.642+0000] {subprocess.py:106} INFO - {'title': 'Garrafa stanley aerolight fast flow 710ml original todas as cores', 'price': 'R$\xa0310,64', 'review': '5.0 (1)', 'store': 'Magazine Luiza'}
[2025-04-13T23:46:13.643+0000] {subprocess.py:106} INFO - 2025-04-13 23:46:13 [scrapy.core.scraper] DEBUG: Scraped from <200 https://www.magazineluiza.com.br/busca/garrafa+stanley+aerolight+fast+flow/?page=1?page=1>
[2025-04-13T23:46:13.644+0000] {subprocess.py:106} INFO - {'title': 'Garrafa Térmica Aerolight Stanley Fast Flow 710ml - Matte Black', 'price': 'R$\xa0262,65', 'review': '5.0 (1)', 'store': 'Magazine Luiza'}
[2025-04-13T23:46:13.646+0000] {subprocess.py:106} INFO - 2025-04-13 23:46:13 [scrapy.core.scraper] DEBUG: Scraped from <200 https://www.magazineluiza.com.br/busca/garrafa+stanley+aerolight+fast+flow/?page=1?page=1>
[2025-04-13T23:46:13.647+0000] {subprocess.py:106} INFO - {'title': 'Garrafa Térmica Stanley Aerolight Fast Flow Lavender 710ML - STANLEY PMI', 'price': 'R$\xa0289,97', 'review': None, 'store': 'Magazine Luiza'}
[2025-04-13T23:46:13.649+0000] {subprocess.py:106} INFO - 2025-04-13 23:46:13 [scrapy.core.scraper] DEBUG: Scraped from <200 https://www.magazineluiza.com.br/busca/garrafa+stanley+aerolight+fast+flow/?page=1?page=1>
[2025-04-13T23:46:13.650+0000] {subprocess.py:106} INFO - {'title': 'Stanley Garrafa Térmica Aerolight Original Fast Flow Branco Polar 710ml', 'price': 'R$\xa0332,10', 'review': None, 'store': 'Magazine Luiza'}
[2025-04-13T23:46:13.652+0000] {subprocess.py:106} INFO - 2025-04-13 23:46:13 [scrapy.core.scraper] DEBUG: Scraped from <200 https://www.magazineluiza.com.br/busca/garrafa+stanley+aerolight+fast+flow/?page=1?page=1>
[2025-04-13T23:46:13.654+0000] {subprocess.py:106} INFO - {'title': 'Garrafa Térmica Aerolight Stanley Fast Flow 1,1L - Tigerlily', 'price': 'R$\xa0288,15', 'review': '5.0 (1)', 'store': 'Magazine Luiza'}
[2025-04-13T23:46:13.655+0000] {subprocess.py:106} INFO - 2025-04-13 23:46:13 [scrapy.core.scraper] DEBUG: Scraped from <200 https://www.magazineluiza.com.br/busca/garrafa+stanley+aerolight+fast+flow/?page=1?page=1>
[2025-04-13T23:46:13.657+0000] {subprocess.py:106} INFO - {'title': 'Garrafa Térmica Stanley Aerolight Fast Flow 1.1L Pink', 'price': 'R$\xa0295,45', 'review': None, 'store': 'Magazine Luiza'}
[2025-04-13T23:46:13.658+0000] {subprocess.py:106} INFO - 2025-04-13 23:46:13 [scrapy.core.scraper] DEBUG: Scraped from <200 https://www.magazineluiza.com.br/busca/garrafa+stanley+aerolight+fast+flow/?page=1?page=1>
[2025-04-13T23:46:13.660+0000] {subprocess.py:106} INFO - {'title': 'Garrafa Térmica Stanley Aerolight Fast Flow Matte Black 710ML', 'price': 'R$\xa0278,35', 'review': '5.0 (1)', 'store': 'Magazine Luiza'}
[2025-04-13T23:46:13.661+0000] {subprocess.py:106} INFO - 2025-04-13 23:46:13 [scrapy.core.scraper] DEBUG: Scraped from <200 https://www.magazineluiza.com.br/busca/garrafa+stanley+aerolight+fast+flow/?page=1?page=1>
[2025-04-13T23:46:13.662+0000] {subprocess.py:106} INFO - {'title': 'Garrafa Térmica Aerolight Fast Flow Matte Black 1,1L Stanley', 'price': 'R$\xa0358,79', 'review': '4.2 (6)', 'store': 'Magazine Luiza'}
[2025-04-13T23:46:13.663+0000] {subprocess.py:106} INFO - 2025-04-13 23:46:13 [scrapy.core.scraper] DEBUG: Scraped from <200 https://www.magazineluiza.com.br/busca/garrafa+stanley+aerolight+fast+flow/?page=1?page=1>
[2025-04-13T23:46:13.664+0000] {subprocess.py:106} INFO - {'title': 'Garrafa Térmica Aerolight Stanley Fast Flow 710ml - Lavender', 'price': 'R$\xa0262,65', 'review': None, 'store': 'Magazine Luiza'}
[2025-04-13T23:46:13.666+0000] {subprocess.py:106} INFO - 2025-04-13 23:46:13 [scrapy.core.scraper] DEBUG: Scraped from <200 https://www.magazineluiza.com.br/busca/garrafa+stanley+aerolight+fast+flow/?page=1?page=1>
[2025-04-13T23:46:13.667+0000] {subprocess.py:106} INFO - {'title': 'Garrafa Térmica Stanley Aerolight Fast Flow Branco Polar 1,1 Litros', 'price': 'R$\xa0305,90', 'review': None, 'store': 'Magazine Luiza'}
[2025-04-13T23:46:13.669+0000] {subprocess.py:106} INFO - 2025-04-13 23:46:13 [scrapy.core.scraper] DEBUG: Scraped from <200 https://www.magazineluiza.com.br/busca/garrafa+stanley+aerolight+fast+flow/?page=1?page=1>
[2025-04-13T23:46:13.670+0000] {subprocess.py:106} INFO - {'title': 'Garrafa Térmica Aerolight Stanley Fast Flow 1,1L - Citron', 'price': 'R$\xa0288,15', 'review': None, 'store': 'Magazine Luiza'}
[2025-04-13T23:46:13.671+0000] {subprocess.py:106} INFO - 2025-04-13 23:46:13 [scrapy.core.scraper] DEBUG: Scraped from <200 https://www.magazineluiza.com.br/busca/garrafa+stanley+aerolight+fast+flow/?page=1?page=1>
[2025-04-13T23:46:13.672+0000] {subprocess.py:106} INFO - {'title': 'Garrafa Térmica Aerolight Stanley Fast Flow 1,1L - Polar', 'price': 'R$\xa0288,15', 'review': None, 'store': 'Magazine Luiza'}
[2025-04-13T23:46:13.673+0000] {subprocess.py:106} INFO - 2025-04-13 23:46:13 [scrapy.core.scraper] DEBUG: Scraped from <200 https://www.magazineluiza.com.br/busca/garrafa+stanley+aerolight+fast+flow/?page=1?page=1>
[2025-04-13T23:46:13.674+0000] {subprocess.py:106} INFO - {'title': 'Garrafa Térmica Stanley Aerolight Fast Flow Citron 710ML', 'price': 'R$\xa0278,35', 'review': None, 'store': 'Magazine Luiza'}
[2025-04-13T23:46:13.675+0000] {subprocess.py:106} INFO - 2025-04-13 23:46:13 [scrapy.core.scraper] DEBUG: Scraped from <200 https://www.magazineluiza.com.br/busca/garrafa+stanley+aerolight+fast+flow/?page=1?page=1>
[2025-04-13T23:46:13.676+0000] {subprocess.py:106} INFO - {'title': 'Garrafa Térmica Stanley Aerolight Fast Flow Original Laranja Tigerlily 1,1 L', 'price': 'R$\xa0379,00', 'review': '5.0 (1)', 'store': 'Magazine Luiza'}
[2025-04-13T23:46:13.677+0000] {subprocess.py:106} INFO - 2025-04-13 23:46:13 [scrapy.core.scraper] DEBUG: Scraped from <200 https://www.magazineluiza.com.br/busca/garrafa+stanley+aerolight+fast+flow/?page=1?page=1>
[2025-04-13T23:46:13.678+0000] {subprocess.py:106} INFO - {'title': 'Garrafa Térmica Aerolight Laranja Fast Flow Tigerlily 1,1L Stanley', 'price': 'R$\xa0351,41', 'review': '5.0 (1)', 'store': 'Magazine Luiza'}
[2025-04-13T23:46:13.680+0000] {subprocess.py:106} INFO - 2025-04-13 23:46:13 [scrapy.core.scraper] DEBUG: Scraped from <200 https://www.magazineluiza.com.br/busca/garrafa+stanley+aerolight+fast+flow/?page=1?page=1>
[2025-04-13T23:46:13.681+0000] {subprocess.py:106} INFO - {'title': 'Garrafa stanley térmica aerolight fast flow em aço inox 710ml lavender 08241-00', 'price': 'R$\xa0331,55', 'review': None, 'store': 'Magazine Luiza'}
[2025-04-13T23:46:13.681+0000] {subprocess.py:106} INFO - 2025-04-13 23:46:13 [scrapy.core.scraper] DEBUG: Scraped from <200 https://www.magazineluiza.com.br/busca/garrafa+stanley+aerolight+fast+flow/?page=1?page=1>
[2025-04-13T23:46:13.683+0000] {subprocess.py:106} INFO - {'title': 'Garrafa stanley térmica aerolight fast flow 1,1 litros laranja tigerlily 08242-00', 'price': 'R$\xa0350,55', 'review': '5.0 (1)', 'store': 'Magazine Luiza'}
[2025-04-13T23:46:13.683+0000] {subprocess.py:106} INFO - 2025-04-13 23:46:13 [scrapy.core.scraper] DEBUG: Scraped from <200 https://www.magazineluiza.com.br/busca/garrafa+stanley+aerolight+fast+flow/?page=1?page=1>
[2025-04-13T23:46:13.685+0000] {subprocess.py:106} INFO - {'title': 'Garrafa Térmica Stanley Aerolight Fast Flow 710ml Rosa Claro', 'price': 'R$\xa0274,34', 'review': None, 'store': 'Magazine Luiza'}
[2025-04-13T23:46:13.686+0000] {subprocess.py:106} INFO - 2025-04-13 23:46:13 [scrapy.core.scraper] DEBUG: Scraped from <200 https://www.magazineluiza.com.br/busca/garrafa+stanley+aerolight+fast+flow/?page=1?page=1>
[2025-04-13T23:46:13.686+0000] {subprocess.py:106} INFO - {'title': 'Garrafa Térmica Stanley Aerolight Fast Flow 1.1L Verde Água', 'price': 'R$\xa0295,45', 'review': None, 'store': 'Magazine Luiza'}
[2025-04-13T23:46:13.688+0000] {subprocess.py:106} INFO - 2025-04-13 23:46:13 [scrapy.core.scraper] DEBUG: Scraped from <200 https://www.magazineluiza.com.br/busca/garrafa+stanley+aerolight+fast+flow/?page=1?page=1>
[2025-04-13T23:46:13.689+0000] {subprocess.py:106} INFO - {'title': 'Garrafa Térmica Stanley Aerolight Fast Flow Branco Polar 1,1 Litros - STANLEY PMI', 'price': 'R$\xa0399,00', 'review': None, 'store': 'Magazine Luiza'}
[2025-04-13T23:46:13.690+0000] {subprocess.py:106} INFO - 2025-04-13 23:46:13 [scrapy.core.scraper] DEBUG: Scraped from <200 https://www.magazineluiza.com.br/busca/garrafa+stanley+aerolight+fast+flow/?page=1?page=1>
[2025-04-13T23:46:13.691+0000] {subprocess.py:106} INFO - {'title': 'Garrafa Térmica Stanley Aerolight Fast Flow Matte Black 710ML - STANLEY PMI', 'price': 'R$\xa0365,00', 'review': '5.0 (1)', 'store': 'Magazine Luiza'}
[2025-04-13T23:46:13.692+0000] {subprocess.py:106} INFO - 2025-04-13 23:46:13 [scrapy.core.scraper] DEBUG: Scraped from <200 https://www.magazineluiza.com.br/busca/garrafa+stanley+aerolight+fast+flow/?page=1?page=1>
[2025-04-13T23:46:13.694+0000] {subprocess.py:106} INFO - {'title': 'Garrafa stanley térmica aerolight fast flow em aço inox 710ml laranja tigerlily 08204-00', 'price': 'R$\xa0331,55', 'review': None, 'store': 'Magazine Luiza'}
[2025-04-13T23:46:13.695+0000] {subprocess.py:106} INFO - **************************************************
[2025-04-13T23:46:13.696+0000] {subprocess.py:106} INFO - 2
[2025-04-13T23:46:13.697+0000] {subprocess.py:106} INFO - **************************************************
[2025-04-13T23:46:13.698+0000] {subprocess.py:106} INFO - https://www.magazineluiza.com.br/busca/garrafa+stanley+aerolight+fast+flow/?page=1?page=1
[2025-04-13T23:46:13.699+0000] {subprocess.py:106} INFO - blocos
[2025-04-13T23:46:13.700+0000] {subprocess.py:106} INFO - [<Selector query='//div[@data-testid="product-list"]//li' data='<li class="sc-hwhrDX ghzctf"><a href=...'>, <Selector query='//div[@data-testid="product-list"]//li' data='<li class="sc-hwhrDX ghzctf"><a href=...'>, <Selector query='//div[@data-testid="product-list"]//li' data='<li class="sc-hwhrDX ghzctf"><a href=...'>, <Selector query='//div[@data-testid="product-list"]//li' data='<li class="sc-hwhrDX ghzctf"><a href=...'>, <Selector query='//div[@data-testid="product-list"]//li' data='<li class="sc-hwhrDX ghzctf"><a href=...'>, <Selector query='//div[@data-testid="product-list"]//li' data='<li class="sc-hwhrDX ghzctf"><a href=...'>, <Selector query='//div[@data-testid="product-list"]//li' data='<li class="sc-hwhrDX ghzctf"><a href=...'>, <Selector query='//div[@data-testid="product-list"]//li' data='<li class="sc-hwhrDX ghzctf"><a href=...'>, <Selector query='//div[@data-testid="product-list"]//li' data='<li class="sc-hwhrDX ghzctf"><a href=...'>, <Selector query='//div[@data-testid="product-list"]//li' data='<li class="sc-hwhrDX ghzctf"><a href=...'>, <Selector query='//div[@data-testid="product-list"]//li' data='<li class="sc-hwhrDX ghzctf"><a href=...'>, <Selector query='//div[@data-testid="product-list"]//li' data='<li class="sc-hwhrDX ghzctf"><a href=...'>, <Selector query='//div[@data-testid="product-list"]//li' data='<li class="sc-hwhrDX ghzctf"><a href=...'>, <Selector query='//div[@data-testid="product-list"]//li' data='<li class="sc-hwhrDX ghzctf"><a href=...'>, <Selector query='//div[@data-testid="product-list"]//li' data='<li class="sc-hwhrDX ghzctf"><a href=...'>, <Selector query='//div[@data-testid="product-list"]//li' data='<li class="sc-hwhrDX ghzctf"><a href=...'>, <Selector query='//div[@data-testid="product-list"]//li' data='<li class="sc-hwhrDX ghzctf"><a href=...'>, <Selector query='//div[@data-testid="product-list"]//li' data='<li class="sc-hwhrDX ghzctf"><a href=...'>, <Selector query='//div[@data-testid="product-list"]//li' data='<li class="sc-hwhrDX ghzctf"><a href=...'>, <Selector query='//div[@data-testid="product-list"]//li' data='<li class="sc-hwhrDX ghzctf"><a href=...'>, <Selector query='//div[@data-testid="product-list"]//li' data='<li class="sc-hwhrDX ghzctf"><a href=...'>, <Selector query='//div[@data-testid="product-list"]//li' data='<li class="sc-hwhrDX ghzctf"><a href=...'>, <Selector query='//div[@data-testid="product-list"]//li' data='<li class="sc-hwhrDX ghzctf"><a href=...'>, <Selector query='//div[@data-testid="product-list"]//li' data='<li class="sc-hwhrDX ghzctf"><a href=...'>, <Selector query='//div[@data-testid="product-list"]//li' data='<li class="sc-hwhrDX ghzctf"><a href=...'>, <Selector query='//div[@data-testid="product-list"]//li' data='<li class="sc-hwhrDX ghzctf"><a href=...'>, <Selector query='//div[@data-testid="product-list"]//li' data='<li class="sc-hwhrDX ghzctf"><a href=...'>, <Selector query='//div[@data-testid="product-list"]//li' data='<li class="sc-hwhrDX ghzctf"><a href=...'>, <Selector query='//div[@data-testid="product-list"]//li' data='<li class="sc-hwhrDX ghzctf"><a href=...'>, <Selector query='//div[@data-testid="product-list"]//li' data='<li class="sc-hwhrDX ghzctf"><a href=...'>, <Selector query='//div[@data-testid="product-list"]//li' data='<li class="sc-hwhrDX ghzctf"><a href=...'>, <Selector query='//div[@data-testid="product-list"]//li' data='<li class="sc-hwhrDX ghzctf"><a href=...'>, <Selector query='//div[@data-testid="product-list"]//li' data='<li class="sc-hwhrDX ghzctf"><a href=...'>, <Selector query='//div[@data-testid="product-list"]//li' data='<li class="sc-hwhrDX ghzctf"><a href=...'>, <Selector query='//div[@data-testid="product-list"]//li' data='<li class="sc-hwhrDX ghzctf"><a href=...'>, <Selector query='//div[@data-testid="product-list"]//li' data='<li class="sc-hwhrDX ghzctf"><a href=...'>, <Selector query='//div[@data-testid="product-list"]//li' data='<li class="sc-hwhrDX ghzctf"><a href=...'>, <Selector query='//div[@data-testid="product-list"]//li' data='<li class="sc-hwhrDX ghzctf"><a href=...'>, <Selector query='//div[@data-testid="product-list"]//li' data='<li class="sc-hwhrDX ghzctf"><a href=...'>, <Selector query='//div[@data-testid="product-list"]//li' data='<li class="sc-hwhrDX ghzctf"><a href=...'>, <Selector query='//div[@data-testid="product-list"]//li' data='<li class="sc-hwhrDX ghzctf"><a href=...'>, <Selector query='//div[@data-testid="product-list"]//li' data='<li class="sc-hwhrDX ghzctf"><a href=...'>, <Selector query='//div[@data-testid="product-list"]//li' data='<li class="sc-hwhrDX ghzctf"><a href=...'>, <Selector query='//div[@data-testid="product-list"]//li' data='<li class="sc-hwhrDX ghzctf"><a href=...'>, <Selector query='//div[@data-testid="product-list"]//li' data='<li class="sc-hwhrDX ghzctf"><a href=...'>, <Selector query='//div[@data-testid="product-list"]//li' data='<li class="sc-hwhrDX ghzctf"><a href=...'>, <Selector query='//div[@data-testid="product-list"]//li' data='<li class="sc-hwhrDX ghzctf"><a href=...'>, <Selector query='//div[@data-testid="product-list"]//li' data='<li class="sc-hwhrDX ghzctf"><a href=...'>, <Selector query='//div[@data-testid="product-list"]//li' data='<li class="sc-hwhrDX ghzctf"><a href=...'>, <Selector query='//div[@data-testid="product-list"]//li' data='<li class="sc-hwhrDX ghzctf"><a href=...'>, <Selector query='//div[@data-testid="product-list"]//li' data='<li class="sc-hwhrDX ghzctf"><a href=...'>, <Selector query='//div[@data-testid="product-list"]//li' data='<li class="sc-hwhrDX ghzctf"><a href=...'>, <Selector query='//div[@data-testid="product-list"]//li' data='<li class="sc-hwhrDX ghzctf"><a href=...'>, <Selector query='//div[@data-testid="product-list"]//li' data='<li class="sc-hwhrDX ghzctf"><a href=...'>, <Selector query='//div[@data-testid="product-list"]//li' data='<li class="sc-hwhrDX ghzctf"><a href=...'>]
[2025-04-13T23:46:13.702+0000] {subprocess.py:106} INFO - GARRAFA STANLEY AEROLIGHT FAST FLOW 1.1Lt ORIGINAL TODAS AS CORES
[2025-04-13T23:46:13.703+0000] {subprocess.py:106} INFO - [R$ 339,14]
[2025-04-13T23:46:13.704+0000] {subprocess.py:106} INFO - 4.2 (6)
[2025-04-13T23:46:13.705+0000] {subprocess.py:106} INFO - Garrafa stanley aerolight fast flow 710ml original todas as cores
[2025-04-13T23:46:13.707+0000] {subprocess.py:106} INFO - [R$ 310,64]
[2025-04-13T23:46:13.708+0000] {subprocess.py:106} INFO - 5.0 (1)
[2025-04-13T23:46:13.709+0000] {subprocess.py:106} INFO - Garrafa Térmica Aerolight Stanley Fast Flow 710ml - Matte Black
[2025-04-13T23:46:13.710+0000] {subprocess.py:106} INFO - [R$ 262,65]
[2025-04-13T23:46:13.711+0000] {subprocess.py:106} INFO - 5.0 (1)
[2025-04-13T23:46:13.712+0000] {subprocess.py:106} INFO - Garrafa Térmica Stanley Aerolight Fast Flow Lavender 710ML - STANLEY PMI
[2025-04-13T23:46:13.713+0000] {subprocess.py:106} INFO - [R$ 289,97]
[2025-04-13T23:46:13.714+0000] {subprocess.py:106} INFO - None
[2025-04-13T23:46:13.715+0000] {subprocess.py:106} INFO - Stanley Garrafa Térmica Aerolight Original Fast Flow Branco Polar 710ml
[2025-04-13T23:46:13.716+0000] {subprocess.py:106} INFO - [R$ 332,10]
[2025-04-13T23:46:13.717+0000] {subprocess.py:106} INFO - None
[2025-04-13T23:46:13.718+0000] {subprocess.py:106} INFO - Garrafa Térmica Aerolight Stanley Fast Flow 1,1L - Tigerlily
[2025-04-13T23:46:13.719+0000] {subprocess.py:106} INFO - [R$ 288,15]
[2025-04-13T23:46:13.720+0000] {subprocess.py:106} INFO - 5.0 (1)
[2025-04-13T23:46:13.721+0000] {subprocess.py:106} INFO - Garrafa Térmica Stanley Aerolight Fast Flow 1.1L Pink
[2025-04-13T23:46:13.722+0000] {subprocess.py:106} INFO - [R$ 295,45]
[2025-04-13T23:46:13.723+0000] {subprocess.py:106} INFO - None
[2025-04-13T23:46:13.724+0000] {subprocess.py:106} INFO - Garrafa Térmica Stanley Aerolight Fast Flow Matte Black 710ML
[2025-04-13T23:46:13.725+0000] {subprocess.py:106} INFO - [R$ 278,35]
[2025-04-13T23:46:13.726+0000] {subprocess.py:106} INFO - 5.0 (1)
[2025-04-13T23:46:13.727+0000] {subprocess.py:106} INFO - Garrafa Térmica Aerolight Fast Flow Matte Black 1,1L Stanley
[2025-04-13T23:46:13.728+0000] {subprocess.py:106} INFO - [R$ 358,79]
[2025-04-13T23:46:13.729+0000] {subprocess.py:106} INFO - 4.2 (6)
[2025-04-13T23:46:13.730+0000] {subprocess.py:106} INFO - Garrafa Térmica Aerolight Stanley Fast Flow 710ml - Lavender
[2025-04-13T23:46:13.731+0000] {subprocess.py:106} INFO - [R$ 262,65]
[2025-04-13T23:46:13.732+0000] {subprocess.py:106} INFO - None
[2025-04-13T23:46:13.733+0000] {subprocess.py:106} INFO - Garrafa Térmica Stanley Aerolight Fast Flow Branco Polar 1,1 Litros
[2025-04-13T23:46:13.734+0000] {subprocess.py:106} INFO - [R$ 305,90]
[2025-04-13T23:46:13.734+0000] {subprocess.py:106} INFO - None
[2025-04-13T23:46:13.735+0000] {subprocess.py:106} INFO - Garrafa Térmica Aerolight Stanley Fast Flow 1,1L - Citron
[2025-04-13T23:46:13.736+0000] {subprocess.py:106} INFO - [R$ 288,15]
[2025-04-13T23:46:13.738+0000] {subprocess.py:106} INFO - None
[2025-04-13T23:46:13.739+0000] {subprocess.py:106} INFO - Garrafa Térmica Aerolight Stanley Fast Flow 1,1L - Polar
[2025-04-13T23:46:13.740+0000] {subprocess.py:106} INFO - [R$ 288,15]
[2025-04-13T23:46:13.740+0000] {subprocess.py:106} INFO - None
[2025-04-13T23:46:13.741+0000] {subprocess.py:106} INFO - Garrafa Térmica Stanley Aerolight Fast Flow Citron 710ML
[2025-04-13T23:46:13.742+0000] {subprocess.py:106} INFO - [R$ 278,35]
[2025-04-13T23:46:13.743+0000] {subprocess.py:106} INFO - None
[2025-04-13T23:46:13.744+0000] {subprocess.py:106} INFO - Garrafa Térmica Stanley Aerolight Fast Flow Original Laranja Tigerlily 1,1 L
[2025-04-13T23:46:13.745+0000] {subprocess.py:106} INFO - [R$ 379,00]
[2025-04-13T23:46:13.746+0000] {subprocess.py:106} INFO - 5.0 (1)
[2025-04-13T23:46:13.747+0000] {subprocess.py:106} INFO - Garrafa Térmica Aerolight Laranja Fast Flow Tigerlily 1,1L Stanley
[2025-04-13T23:46:13.747+0000] {subprocess.py:106} INFO - [R$ 351,41]
[2025-04-13T23:46:13.748+0000] {subprocess.py:106} INFO - 5.0 (1)
[2025-04-13T23:46:13.749+0000] {subprocess.py:106} INFO - Garrafa stanley térmica aerolight fast flow em aço inox 710ml lavender 08241-00
[2025-04-13T23:46:13.750+0000] {subprocess.py:106} INFO - [R$ 331,55]
[2025-04-13T23:46:13.751+0000] {subprocess.py:106} INFO - None
[2025-04-13T23:46:13.753+0000] {subprocess.py:106} INFO - Garrafa stanley térmica aerolight fast flow 1,1 litros laranja tigerlily 08242-00
[2025-04-13T23:46:13.755+0000] {subprocess.py:106} INFO - [R$ 350,55]
[2025-04-13T23:46:13.756+0000] {subprocess.py:106} INFO - 5.0 (1)
[2025-04-13T23:46:13.757+0000] {subprocess.py:106} INFO - Garrafa Térmica Stanley Aerolight Fast Flow 710ml Rosa Claro
[2025-04-13T23:46:13.758+0000] {subprocess.py:106} INFO - [R$ 274,34]
[2025-04-13T23:46:13.759+0000] {subprocess.py:106} INFO - None
[2025-04-13T23:46:13.761+0000] {subprocess.py:106} INFO - Garrafa Térmica Stanley Aerolight Fast Flow 1.1L Verde Água
[2025-04-13T23:46:13.762+0000] {subprocess.py:106} INFO - [R$ 295,45]
[2025-04-13T23:46:13.763+0000] {subprocess.py:106} INFO - None
[2025-04-13T23:46:13.764+0000] {subprocess.py:106} INFO - Garrafa Térmica Stanley Aerolight Fast Flow Branco Polar 1,1 Litros - STANLEY PMI
[2025-04-13T23:46:13.765+0000] {subprocess.py:106} INFO - [R$ 399,00]
[2025-04-13T23:46:13.766+0000] {subprocess.py:106} INFO - None
[2025-04-13T23:46:13.767+0000] {subprocess.py:106} INFO - Garrafa Térmica Stanley Aerolight Fast Flow Matte Black 710ML - STANLEY PMI
[2025-04-13T23:46:13.768+0000] {subprocess.py:106} INFO - [R$ 365,00]
[2025-04-13T23:46:13.769+0000] {subprocess.py:106} INFO - 5.0 (1)
[2025-04-13T23:46:13.770+0000] {subprocess.py:106} INFO - Garrafa stanley térmica aerolight fast flow em aço inox 710ml laranja tigerlily 08204-00
[2025-04-13T23:46:13.771+0000] {subprocess.py:106} INFO - [R$ 331,55]
[2025-04-13T23:46:13.772+0000] {subprocess.py:106} INFO - None
[2025-04-13T23:46:13.773+0000] {subprocess.py:106} INFO - Garrafa stanley térmica aerolight fast flow em aço inox 710ml vivid violet 08405-002025-04-13 23:46:13 [scrapy.core.scraper] DEBUG: Scraped from <200 https://www.magazineluiza.com.br/busca/garrafa+stanley+aerolight+fast+flow/?page=1?page=1>
[2025-04-13T23:46:13.774+0000] {subprocess.py:106} INFO - {'title': 'Garrafa stanley térmica aerolight fast flow em aço inox 710ml vivid violet 08405-00', 'price': 'R$\xa0331,55', 'review': None, 'store': 'Magazine Luiza'}
[2025-04-13T23:46:13.774+0000] {subprocess.py:106} INFO - 2025-04-13 23:46:13 [scrapy.core.scraper] DEBUG: Scraped from <200 https://www.magazineluiza.com.br/busca/garrafa+stanley+aerolight+fast+flow/?page=1?page=1>
[2025-04-13T23:46:13.775+0000] {subprocess.py:106} INFO - {'title': 'Garrafa Térmica Stanley Aerolight Fast Flow 710ml Lilás', 'price': 'R$\xa0274,34', 'review': None, 'store': 'Magazine Luiza'}
[2025-04-13T23:46:13.776+0000] {subprocess.py:106} INFO - 2025-04-13 23:46:13 [scrapy.core.scraper] DEBUG: Scraped from <200 https://www.magazineluiza.com.br/busca/garrafa+stanley+aerolight+fast+flow/?page=1?page=1>
[2025-04-13T23:46:13.777+0000] {subprocess.py:106} INFO - {'title': 'Garrafa Térmica Stanley Aerolight Fast Flow Branco Polar 1,1 Litros - STANLEY PMI', 'price': 'R$\xa0385,90', 'review': None, 'store': 'Magazine Luiza'}
[2025-04-13T23:46:13.778+0000] {subprocess.py:106} INFO - 2025-04-13 23:46:13 [scrapy.core.scraper] DEBUG: Scraped from <200 https://www.magazineluiza.com.br/busca/garrafa+stanley+aerolight+fast+flow/?page=1?page=1>
[2025-04-13T23:46:13.779+0000] {subprocess.py:106} INFO - {'title': 'Garrafa Térmica Stanley Aerolight Fast Flow 710 ML Azul 0838', 'price': 'R$\xa0369,90', 'review': None, 'store': 'Magazine Luiza'}
[2025-04-13T23:46:13.780+0000] {subprocess.py:106} INFO - 2025-04-13 23:46:13 [scrapy.core.scraper] DEBUG: Scraped from <200 https://www.magazineluiza.com.br/busca/garrafa+stanley+aerolight+fast+flow/?page=1?page=1>
[2025-04-13T23:46:13.781+0000] {subprocess.py:106} INFO - {'title': 'Garrafa stanley térmica aerolight fast flow 1,1 litros branco polar 08207-00', 'price': 'R$\xa0350,55', 'review': None, 'store': 'Magazine Luiza'}
[2025-04-13T23:46:13.781+0000] {subprocess.py:106} INFO - 2025-04-13 23:46:13 [scrapy.core.scraper] DEBUG: Scraped from <200 https://www.magazineluiza.com.br/busca/garrafa+stanley+aerolight+fast+flow/?page=1?page=1>
[2025-04-13T23:46:13.782+0000] {subprocess.py:106} INFO - {'title': 'Garrafa Térmica Stanley Aerolight Fast Flow 710ml Azul Claro', 'price': 'R$\xa0274,34', 'review': None, 'store': 'Magazine Luiza'}
[2025-04-13T23:46:13.784+0000] {subprocess.py:106} INFO - 2025-04-13 23:46:13 [scrapy.core.scraper] DEBUG: Scraped from <200 https://www.magazineluiza.com.br/busca/garrafa+stanley+aerolight+fast+flow/?page=1?page=1>
[2025-04-13T23:46:13.785+0000] {subprocess.py:106} INFO - {'title': 'Garrafa termica stanley aerolight fast flow tigerlily 1,1l cod8208 cx6', 'price': 'R$\xa0434,37', 'review': '5.0 (1)', 'store': 'Magazine Luiza'}
[2025-04-13T23:46:13.785+0000] {subprocess.py:106} INFO - 2025-04-13 23:46:13 [scrapy.core.scraper] DEBUG: Scraped from <200 https://www.magazineluiza.com.br/busca/garrafa+stanley+aerolight+fast+flow/?page=1?page=1>
[2025-04-13T23:46:13.786+0000] {subprocess.py:106} INFO - {'title': 'Garrafa Térmica Stanley Aerolight Fast Flow Branco Polar 710', 'price': 'R$\xa0361,00', 'review': None, 'store': 'Magazine Luiza'}
[2025-04-13T23:46:13.787+0000] {subprocess.py:106} INFO - 2025-04-13 23:46:13 [scrapy.core.scraper] DEBUG: Scraped from <200 https://www.magazineluiza.com.br/busca/garrafa+stanley+aerolight+fast+flow/?page=1?page=1>
[2025-04-13T23:46:13.788+0000] {subprocess.py:106} INFO - {'title': 'Garrafa Térmica Stanley IceFlow Aerolight Fast Flow 700ml - Cinza', 'price': 'R$\xa0450,71', 'review': None, 'store': 'Magazine Luiza'}
[2025-04-13T23:46:13.789+0000] {subprocess.py:106} INFO - 2025-04-13 23:46:13 [scrapy.core.scraper] DEBUG: Scraped from <200 https://www.magazineluiza.com.br/busca/garrafa+stanley+aerolight+fast+flow/?page=1?page=1>
[2025-04-13T23:46:13.790+0000] {subprocess.py:106} INFO - {'title': 'Garrafa Térmica Stanley Aerolight Fast Flow Citron 1,1 Litros - STANLEY PMI', 'price': 'R$\xa0367,16', 'review': None, 'store': 'Magazine Luiza'}
[2025-04-13T23:46:13.791+0000] {subprocess.py:106} INFO - 2025-04-13 23:46:13 [scrapy.core.scraper] DEBUG: Scraped from <200 https://www.magazineluiza.com.br/busca/garrafa+stanley+aerolight+fast+flow/?page=1?page=1>
[2025-04-13T23:46:13.792+0000] {subprocess.py:106} INFO - {'title': 'Garrafa Térmica Aerolight Fast Flow 1,1L Polar Stanley', 'price': 'R$\xa0379,00', 'review': None, 'store': 'Magazine Luiza'}
[2025-04-13T23:46:13.793+0000] {subprocess.py:106} INFO - 2025-04-13 23:46:13 [scrapy.core.scraper] DEBUG: Scraped from <200 https://www.magazineluiza.com.br/busca/garrafa+stanley+aerolight+fast+flow/?page=1?page=1>
[2025-04-13T23:46:13.794+0000] {subprocess.py:106} INFO - {'title': 'Garrafa Térmica Aerolight Fast Flow Tigerlily 710ml Stanley', 'price': 'R$\xa0295,45', 'review': None, 'store': 'Magazine Luiza'}
[2025-04-13T23:46:13.795+0000] {subprocess.py:106} INFO - 2025-04-13 23:46:13 [scrapy.core.scraper] DEBUG: Scraped from <200 https://www.magazineluiza.com.br/busca/garrafa+stanley+aerolight+fast+flow/?page=1?page=1>
[2025-04-13T23:46:13.796+0000] {subprocess.py:106} INFO - {'title': 'Garrafa stanley térmica aerolight fast flow em aço inox 710ml azul tropical teal 08406-00', 'price': 'R$\xa0331,55', 'review': None, 'store': 'Magazine Luiza'}
[2025-04-13T23:46:13.796+0000] {subprocess.py:106} INFO - 2025-04-13 23:46:13 [scrapy.core.scraper] DEBUG: Scraped from <200 https://www.magazineluiza.com.br/busca/garrafa+stanley+aerolight+fast+flow/?page=1?page=1>
[2025-04-13T23:46:13.798+0000] {subprocess.py:106} INFO - {'title': 'Garrafa Térmica Stanley Aerolight Fast Flow 710ml Verde Água', 'price': 'R$\xa0274,34', 'review': None, 'store': 'Magazine Luiza'}
[2025-04-13T23:46:13.798+0000] {subprocess.py:106} INFO - 2025-04-13 23:46:13 [scrapy.core.scraper] DEBUG: Scraped from <200 https://www.magazineluiza.com.br/busca/garrafa+stanley+aerolight+fast+flow/?page=1?page=1>
[2025-04-13T23:46:13.799+0000] {subprocess.py:106} INFO - {'title': 'Garrafa Térmica Stanley Aerolight Fast Flow Citron 1,1 Litros - STANLEY PMI', 'price': 'R$\xa0385,90', 'review': None, 'store': 'Magazine Luiza'}
[2025-04-13T23:46:13.800+0000] {subprocess.py:106} INFO - 2025-04-13 23:46:13 [scrapy.core.scraper] DEBUG: Scraped from <200 https://www.magazineluiza.com.br/busca/garrafa+stanley+aerolight+fast+flow/?page=1?page=1>
[2025-04-13T23:46:13.802+0000] {subprocess.py:106} INFO - {'title': 'Garrafa Térmica Aerolight Fast Flow Stanley 710ML', 'price': 'R$\xa0395,91', 'review': None, 'store': 'Magazine Luiza'}
[2025-04-13T23:46:13.803+0000] {subprocess.py:106} INFO - 2025-04-13 23:46:13 [scrapy.core.scraper] DEBUG: Scraped from <200 https://www.magazineluiza.com.br/busca/garrafa+stanley+aerolight+fast+flow/?page=1?page=1>
[2025-04-13T23:46:13.804+0000] {subprocess.py:106} INFO - {'title': 'Garrafa Térmica Aerolight Fast Flow Polar 1,1L Stanley', 'price': 'R$\xa0358,79', 'review': None, 'store': 'Magazine Luiza'}
[2025-04-13T23:46:13.804+0000] {subprocess.py:106} INFO - 2025-04-13 23:46:13 [scrapy.core.scraper] DEBUG: Scraped from <200 https://www.magazineluiza.com.br/busca/garrafa+stanley+aerolight+fast+flow/?page=1?page=1>
[2025-04-13T23:46:13.805+0000] {subprocess.py:106} INFO - {'title': 'Garrafa Térmica Stanley Aerolight Fast Flow Citron 710ML - STANLEY PMI', 'price': 'R$\xa0419,90', 'review': None, 'store': 'Magazine Luiza'}
[2025-04-13T23:46:13.806+0000] {subprocess.py:106} INFO - 2025-04-13 23:46:13 [scrapy.core.scraper] DEBUG: Scraped from <200 https://www.magazineluiza.com.br/busca/garrafa+stanley+aerolight+fast+flow/?page=1?page=1>
[2025-04-13T23:46:13.807+0000] {subprocess.py:106} INFO - {'title': 'Garrafa Térmica Aerolight Fast Flow Heat Wave Passion Pink 710ML Stanley', 'price': 'R$\xa0313,41', 'review': None, 'store': 'Magazine Luiza'}
[2025-04-13T23:46:13.808+0000] {subprocess.py:106} INFO - 2025-04-13 23:46:13 [scrapy.core.scraper] DEBUG: Scraped from <200 https://www.magazineluiza.com.br/busca/garrafa+stanley+aerolight+fast+flow/?page=1?page=1>
[2025-04-13T23:46:13.809+0000] {subprocess.py:106} INFO - {'title': 'Garrafa stanley térmica aerolight fast flow em aço inox 710ml passion pink 08404-00', 'price': 'R$\xa0331,55', 'review': None, 'store': 'Magazine Luiza'}
[2025-04-13T23:46:13.810+0000] {subprocess.py:106} INFO - 2025-04-13 23:46:13 [scrapy.core.scraper] DEBUG: Scraped from <200 https://www.magazineluiza.com.br/busca/garrafa+stanley+aerolight+fast+flow/?page=1?page=1>
[2025-04-13T23:46:13.811+0000] {subprocess.py:106} INFO - {'title': 'Garrafa Térmica STanley Aerolight Fast Flow 1,1L', 'price': 'R$\xa0376,10', 'review': None, 'store': 'Magazine Luiza'}
[2025-04-13T23:46:13.812+0000] {subprocess.py:106} INFO - 2025-04-13 23:46:13 [scrapy.core.scraper] DEBUG: Scraped from <200 https://www.magazineluiza.com.br/busca/garrafa+stanley+aerolight+fast+flow/?page=1?page=1>
[2025-04-13T23:46:13.812+0000] {subprocess.py:106} INFO - {'title': 'Garrafa Térmica Stanley Aerolight Fast Flow Citron 1,1 Litros - STANLEY PMI', 'price': 'R$\xa0379,05', 'review': None, 'store': 'Magazine Luiza'}
[2025-04-13T23:46:13.813+0000] {subprocess.py:106} INFO - 2025-04-13 23:46:13 [scrapy.core.scraper] DEBUG: Scraped from <200 https://www.magazineluiza.com.br/busca/garrafa+stanley+aerolight+fast+flow/?page=1?page=1>
[2025-04-13T23:46:13.814+0000] {subprocess.py:106} INFO - {'title': 'Garrafa stanley térmica aerolight fast flow 710ml matte black 08202-00', 'price': 'R$\xa0331,55', 'review': '5.0 (1)', 'store': 'Magazine Luiza'}
[2025-04-13T23:46:13.815+0000] {subprocess.py:106} INFO - 2025-04-13 23:46:13 [scrapy.core.scraper] DEBUG: Scraped from <200 https://www.magazineluiza.com.br/busca/garrafa+stanley+aerolight+fast+flow/?page=1?page=1>
[2025-04-13T23:46:13.816+0000] {subprocess.py:106} INFO - {'title': 'Garrafa Térmica STanley Aerolight Fast Flow 1,1L', 'price': 'R$\xa0376,10', 'review': None, 'store': 'Magazine Luiza'}
[2025-04-13T23:46:13.817+0000] {subprocess.py:106} INFO - 2025-04-13 23:46:13 [scrapy.core.scraper] DEBUG: Scraped from <200 https://www.magazineluiza.com.br/busca/garrafa+stanley+aerolight+fast+flow/?page=1?page=1>
[2025-04-13T23:46:13.818+0000] {subprocess.py:106} INFO - {'title': 'Garrafa Térmica Stanley Aerolight Fast Flow 710ml Verde Limão', 'price': 'R$\xa0274,34', 'review': None, 'store': 'Magazine Luiza'}
[2025-04-13T23:46:13.819+0000] {subprocess.py:106} INFO - 2025-04-13 23:46:13 [scrapy.core.scraper] DEBUG: Scraped from <200 https://www.magazineluiza.com.br/busca/garrafa+stanley+aerolight+fast+flow/?page=1?page=1>
[2025-04-13T23:46:13.820+0000] {subprocess.py:106} INFO - {'title': 'Garrafa Térmica Stanley Aerolight Fast Flow Branco Polar 710ML - STANLEY PMI', 'price': 'R$\xa0369,90', 'review': None, 'store': 'Magazine Luiza'}
[2025-04-13T23:46:13.822+0000] {subprocess.py:106} INFO - 2025-04-13 23:46:13 [scrapy.core.scraper] DEBUG: Scraped from <200 https://www.magazineluiza.com.br/busca/garrafa+stanley+aerolight+fast+flow/?page=1?page=1>
[2025-04-13T23:46:13.823+0000] {subprocess.py:106} INFO - {'title': 'Garrafa Térmica Aerolight Fast Flow Stanley Citron 710 Ml', 'price': 'R$\xa0365,00', 'review': None, 'store': 'Magazine Luiza'}
[2025-04-13T23:46:13.824+0000] {subprocess.py:106} INFO - 2025-04-13 23:46:13 [scrapy.core.scraper] DEBUG: Scraped from <200 https://www.magazineluiza.com.br/busca/garrafa+stanley+aerolight+fast+flow/?page=1?page=1>
[2025-04-13T23:46:13.825+0000] {subprocess.py:106} INFO - {'title': 'Garrafa Térmica Aerolight Fast Flow 1,1L', 'price': 'R$\xa0589,90', 'review': '5.0 (1)', 'store': 'Magazine Luiza'}
[2025-04-13T23:46:13.826+0000] {subprocess.py:106} INFO - 2025-04-13 23:46:13 [scrapy.core.scraper] DEBUG: Scraped from <200 https://www.magazineluiza.com.br/busca/garrafa+stanley+aerolight+fast+flow/?page=1?page=1>
[2025-04-13T23:46:13.827+0000] {subprocess.py:106} INFO - {'title': 'Garrafa Térmica Stanley Aerolight Fast Flow Citron 1,1 Litros - STANLEY PMI', 'price': 'R$\xa0489,00', 'review': None, 'store': 'Magazine Luiza'}
[2025-04-13T23:46:13.829+0000] {subprocess.py:106} INFO - 2025-04-13 23:46:13 [scrapy.core.scraper] DEBUG: Scraped from <200 https://www.magazineluiza.com.br/busca/garrafa+stanley+aerolight+fast+flow/?page=1?page=1>
[2025-04-13T23:46:13.830+0000] {subprocess.py:106} INFO - {'title': 'Garrafa Térmica Stanley Aerolight Fast Flow 0.7L Verde 08205', 'price': 'R$\xa0344,01', 'review': None, 'store': 'Magazine Luiza'}
[2025-04-13T23:46:13.831+0000] {subprocess.py:106} INFO - 2025-04-13 23:46:13 [scrapy.core.scraper] DEBUG: Scraped from <200 https://www.magazineluiza.com.br/busca/garrafa+stanley+aerolight+fast+flow/?page=1?page=1>
[2025-04-13T23:46:13.832+0000] {subprocess.py:106} INFO - {'title': 'Garrafa Térmico Aerolight Fast Flow 710 Ml Citron Stanley', 'price': 'R$\xa0336,66', 'review': None, 'store': 'Magazine Luiza'}
[2025-04-13T23:46:13.833+0000] {subprocess.py:106} INFO - 2025-04-13 23:46:13 [scrapy.core.scraper] DEBUG: Scraped from <200 https://www.magazineluiza.com.br/busca/garrafa+stanley+aerolight+fast+flow/?page=1?page=1>
[2025-04-13T23:46:13.834+0000] {subprocess.py:106} INFO - {'title': 'Garrafa Térmica Aerolight Fast Flow Polar 1,1L', 'price': 'R$\xa0479,99', 'review': None, 'store': 'Magazine Luiza'}
[2025-04-13T23:46:14.141+0000] {subprocess.py:106} INFO - 2025-04-13 23:46:14 [scrapy.core.engine] DEBUG: Crawled (200) <GET https://www.magazineluiza.com.br/busca/garrafa+stanley+aerolight+fast+flow/?page=1?page=2> (referer: https://www.magazineluiza.com.br/busca/garrafa+stanley+aerolight+fast+flow/?page=1)
[2025-04-13T23:46:14.267+0000] {subprocess.py:106} INFO - 
[2025-04-13T23:46:14.268+0000] {subprocess.py:106} INFO - [R$ 331,55]
[2025-04-13T23:46:14.269+0000] {subprocess.py:106} INFO - None
[2025-04-13T23:46:14.270+0000] {subprocess.py:106} INFO - Garrafa Térmica Stanley Aerolight Fast Flow 710ml Lilás
[2025-04-13T23:46:14.271+0000] {subprocess.py:106} INFO - [R$ 274,34]
[2025-04-13T23:46:14.271+0000] {subprocess.py:106} INFO - None
[2025-04-13T23:46:14.272+0000] {subprocess.py:106} INFO - Garrafa Térmica Stanley Aerolight Fast Flow Branco Polar 1,1 Litros - STANLEY PMI
[2025-04-13T23:46:14.273+0000] {subprocess.py:106} INFO - [R$ 385,90]
[2025-04-13T23:46:14.274+0000] {subprocess.py:106} INFO - None
[2025-04-13T23:46:14.274+0000] {subprocess.py:106} INFO - Garrafa Térmica Stanley Aerolight Fast Flow 710 ML Azul 0838
[2025-04-13T23:46:14.275+0000] {subprocess.py:106} INFO - [R$ 369,90]
[2025-04-13T23:46:14.276+0000] {subprocess.py:106} INFO - None
[2025-04-13T23:46:14.277+0000] {subprocess.py:106} INFO - Garrafa stanley térmica aerolight fast flow 1,1 litros branco polar 08207-00
[2025-04-13T23:46:14.278+0000] {subprocess.py:106} INFO - [R$ 350,55]
[2025-04-13T23:46:14.279+0000] {subprocess.py:106} INFO - None
[2025-04-13T23:46:14.279+0000] {subprocess.py:106} INFO - Garrafa Térmica Stanley Aerolight Fast Flow 710ml Azul Claro
[2025-04-13T23:46:14.280+0000] {subprocess.py:106} INFO - [R$ 274,34]
[2025-04-13T23:46:14.281+0000] {subprocess.py:106} INFO - None
[2025-04-13T23:46:14.282+0000] {subprocess.py:106} INFO - Garrafa termica stanley aerolight fast flow tigerlily 1,1l cod8208 cx6
[2025-04-13T23:46:14.283+0000] {subprocess.py:106} INFO - [R$ 434,37]
[2025-04-13T23:46:14.284+0000] {subprocess.py:106} INFO - 5.0 (1)
[2025-04-13T23:46:14.285+0000] {subprocess.py:106} INFO - Garrafa Térmica Stanley Aerolight Fast Flow Branco Polar 710
[2025-04-13T23:46:14.286+0000] {subprocess.py:106} INFO - [R$ 361,00]
[2025-04-13T23:46:14.287+0000] {subprocess.py:106} INFO - None
[2025-04-13T23:46:14.288+0000] {subprocess.py:106} INFO - Garrafa Térmica Stanley IceFlow Aerolight Fast Flow 700ml - Cinza
[2025-04-13T23:46:14.288+0000] {subprocess.py:106} INFO - [R$ 450,71]
[2025-04-13T23:46:14.289+0000] {subprocess.py:106} INFO - None
[2025-04-13T23:46:14.291+0000] {subprocess.py:106} INFO - Garrafa Térmica Stanley Aerolight Fast Flow Citron 1,1 Litros - STANLEY PMI
[2025-04-13T23:46:14.292+0000] {subprocess.py:106} INFO - [R$ 367,16]
[2025-04-13T23:46:14.293+0000] {subprocess.py:106} INFO - None
[2025-04-13T23:46:14.294+0000] {subprocess.py:106} INFO - Garrafa Térmica Aerolight Fast Flow 1,1L Polar Stanley
[2025-04-13T23:46:14.295+0000] {subprocess.py:106} INFO - [R$ 379,00]
[2025-04-13T23:46:14.296+0000] {subprocess.py:106} INFO - None
[2025-04-13T23:46:14.297+0000] {subprocess.py:106} INFO - Garrafa Térmica Aerolight Fast Flow Tigerlily 710ml Stanley
[2025-04-13T23:46:14.298+0000] {subprocess.py:106} INFO - [R$ 295,45]
[2025-04-13T23:46:14.299+0000] {subprocess.py:106} INFO - None
[2025-04-13T23:46:14.300+0000] {subprocess.py:106} INFO - Garrafa stanley térmica aerolight fast flow em aço inox 710ml azul tropical teal 08406-00
[2025-04-13T23:46:14.301+0000] {subprocess.py:106} INFO - [R$ 331,55]
[2025-04-13T23:46:14.302+0000] {subprocess.py:106} INFO - None
[2025-04-13T23:46:14.303+0000] {subprocess.py:106} INFO - Garrafa Térmica Stanley Aerolight Fast Flow 710ml Verde Água
[2025-04-13T23:46:14.304+0000] {subprocess.py:106} INFO - [R$ 274,34]
[2025-04-13T23:46:14.305+0000] {subprocess.py:106} INFO - None
[2025-04-13T23:46:14.306+0000] {subprocess.py:106} INFO - Garrafa Térmica Stanley Aerolight Fast Flow Citron 1,1 Litros - STANLEY PMI
[2025-04-13T23:46:14.307+0000] {subprocess.py:106} INFO - [R$ 385,90]
[2025-04-13T23:46:14.309+0000] {subprocess.py:106} INFO - None
[2025-04-13T23:46:14.310+0000] {subprocess.py:106} INFO - Garrafa Térmica Aerolight Fast Flow Stanley 710ML
[2025-04-13T23:46:14.311+0000] {subprocess.py:106} INFO - [R$ 395,91]
[2025-04-13T23:46:14.313+0000] {subprocess.py:106} INFO - None
[2025-04-13T23:46:14.314+0000] {subprocess.py:106} INFO - Garrafa Térmica Aerolight Fast Flow Polar 1,1L Stanley
[2025-04-13T23:46:14.315+0000] {subprocess.py:106} INFO - [R$ 358,79]
[2025-04-13T23:46:14.316+0000] {subprocess.py:106} INFO - None
[2025-04-13T23:46:14.317+0000] {subprocess.py:106} INFO - Garrafa Térmica Stanley Aerolight Fast Flow Citron 710ML - STANLEY PMI
[2025-04-13T23:46:14.319+0000] {subprocess.py:106} INFO - [R$ 419,90]
[2025-04-13T23:46:14.320+0000] {subprocess.py:106} INFO - None
[2025-04-13T23:46:14.321+0000] {subprocess.py:106} INFO - Garrafa Térmica Aerolight Fast Flow Heat Wave Passion Pink 710ML Stanley
[2025-04-13T23:46:14.322+0000] {subprocess.py:106} INFO - [R$ 313,41]
[2025-04-13T23:46:14.323+0000] {subprocess.py:106} INFO - None
[2025-04-13T23:46:14.324+0000] {subprocess.py:106} INFO - Garrafa stanley térmica aerolight fast flow em aço inox 710ml passion pink 08404-00
[2025-04-13T23:46:14.325+0000] {subprocess.py:106} INFO - [R$ 331,55]
[2025-04-13T23:46:14.327+0000] {subprocess.py:106} INFO - None
[2025-04-13T23:46:14.328+0000] {subprocess.py:106} INFO - Garrafa Térmica STanley Aerolight Fast Flow 1,1L
[2025-04-13T23:46:14.329+0000] {subprocess.py:106} INFO - [R$ 376,10]
[2025-04-13T23:46:14.330+0000] {subprocess.py:106} INFO - None
[2025-04-13T23:46:14.331+0000] {subprocess.py:106} INFO - Garrafa Térmica Stanley Aerolight Fast Flow Citron 1,1 Litros - STANLEY PMI
[2025-04-13T23:46:14.332+0000] {subprocess.py:106} INFO - [R$ 379,05]
[2025-04-13T23:46:14.333+0000] {subprocess.py:106} INFO - None
[2025-04-13T23:46:14.334+0000] {subprocess.py:106} INFO - Garrafa stanley térmica aerolight fast flow 710ml matte black 08202-00
[2025-04-13T23:46:14.335+0000] {subprocess.py:106} INFO - [R$ 331,55]
[2025-04-13T23:46:14.336+0000] {subprocess.py:106} INFO - 5.0 (1)
[2025-04-13T23:46:14.336+0000] {subprocess.py:106} INFO - Garrafa Térmica STanley Aerolight Fast Flow 1,1L
[2025-04-13T23:46:14.338+0000] {subprocess.py:106} INFO - [R$ 376,10]
[2025-04-13T23:46:14.339+0000] {subprocess.py:106} INFO - None
[2025-04-13T23:46:14.339+0000] {subprocess.py:106} INFO - Garrafa Térmica Stanley Aerolight Fast Flow 710ml Verde Limão
[2025-04-13T23:46:14.340+0000] {subprocess.py:106} INFO - [R$ 274,34]
[2025-04-13T23:46:14.341+0000] {subprocess.py:106} INFO - None
[2025-04-13T23:46:14.342+0000] {subprocess.py:106} INFO - Garrafa Térmica Stanley Aerolight Fast Flow Branco Polar 710ML - STANLEY PMI
[2025-04-13T23:46:14.343+0000] {subprocess.py:106} INFO - [R$ 369,90]
[2025-04-13T23:46:14.343+0000] {subprocess.py:106} INFO - None
[2025-04-13T23:46:14.344+0000] {subprocess.py:106} INFO - Garrafa Térmica Aerolight Fast Flow Stanley Citron 710 Ml
[2025-04-13T23:46:14.345+0000] {subprocess.py:106} INFO - [R$ 365,00]
[2025-04-13T23:46:14.345+0000] {subprocess.py:106} INFO - None
[2025-04-13T23:46:14.346+0000] {subprocess.py:106} INFO - Garrafa Térmica Aerolight Fast Flow 1,1L
[2025-04-13T23:46:14.347+0000] {subprocess.py:106} INFO - [R$ 589,90]
[2025-04-13T23:46:14.348+0000] {subprocess.py:106} INFO - 5.0 (1)
[2025-04-13T23:46:14.349+0000] {subprocess.py:106} INFO - Garrafa Térmica Stanley Aerolight Fast Flow Citron 1,1 Litros - STANLEY PMI
[2025-04-13T23:46:14.349+0000] {subprocess.py:106} INFO - [R$ 489,00]
[2025-04-13T23:46:14.350+0000] {subprocess.py:106} INFO - None
[2025-04-13T23:46:14.351+0000] {subprocess.py:106} INFO - Garrafa Térmica Stanley Aerolight Fast Flow 0.7L Verde 08205
[2025-04-13T23:46:14.352+0000] {subprocess.py:106} INFO - [R$ 344,01]
[2025-04-13T23:46:14.353+0000] {subprocess.py:106} INFO - None
[2025-04-13T23:46:14.353+0000] {subprocess.py:106} INFO - Garrafa Térmico Aerolight Fast Flow 710 Ml Citron Stanley
[2025-04-13T23:46:14.354+0000] {subprocess.py:106} INFO - [R$ 336,66]
[2025-04-13T23:46:14.355+0000] {subprocess.py:106} INFO - None
[2025-04-13T23:46:14.356+0000] {subprocess.py:106} INFO - Garrafa Térmica Aerolight Fast Flow Polar 1,1L
[2025-04-13T23:46:14.357+0000] {subprocess.py:106} INFO - [R$ 479,99]
[2025-04-13T23:46:14.358+0000] {subprocess.py:106} INFO - None
[2025-04-13T23:46:14.359+0000] {subprocess.py:106} INFO - https://www.magazineluiza.com.br/busca/garrafa+stanley+aerolight+fast+flow/?page=1?page=2
[2025-04-13T23:46:14.360+0000] {subprocess.py:106} INFO - blocos
[2025-04-13T23:46:14.361+0000] {subprocess.py:106} INFO - [<Selector query='//div[@data-testid="product-list"]//li' data='<li class="sc-hwhrDX ghzctf"><a href=...'>, <Selector query='//div[@data-testid="product-list"]//li' data='<li class="sc-hwhrDX ghzctf"><a href=...'>, <Selector query='//div[@data-testid="product-list"]//li' data='<li class="sc-hwhrDX ghzctf"><a href=...'>, <Selector query='//div[@data-testid="product-list"]//li' data='<li class="sc-hwhrDX ghzctf"><a href=...'>, <Selector query='//div[@data-testid="product-list"]//li' data='<li class="sc-hwhrDX ghzctf"><a href=...'>, <Selector query='//div[@data-testid="product-list"]//li' data='<li class="sc-hwhrDX ghzctf"><a href=...'>, <Selector query='//div[@data-testid="product-list"]//li' data='<li class="sc-hwhrDX ghzctf"><a href=...'>, <Selector query='//div[@data-testid="product-list"]//li' data='<li class="sc-hwhrDX ghzctf"><a href=...'>, <Selector query='//div[@data-testid="product-list"]//li' data='<li class="sc-hwhrDX ghzctf"><a href=...'>, <Selector query='//div[@data-testid="product-list"]//li' data='<li class="sc-hwhrDX ghzctf"><a href=...'>, <Selector query='//div[@data-testid="product-list"]//li' data='<li class="sc-hwhrDX ghzctf"><a href=...'>, <Selector query='//div[@data-testid="product-list"]//li' data='<li class="sc-hwhrDX ghzctf"><a href=...'>, <Selector query='//div[@data-testid="product-list"]//li' data='<li class="sc-hwhrDX ghzctf"><a href=...'>, <Selector query='//div[@data-testid="product-list"]//li' data='<li class="sc-hwhrDX ghzctf"><a href=...'>, <Selector query='//div[@data-testid="product-list"]//li' data='<li class="sc-hwhrDX ghzctf"><a href=...'>, <Selector query='//div[@data-testid="product-list"]//li' data='<li class="sc-hwhrDX ghzctf"><a href=...'>, <Selector query='//div[@data-testid="product-list"]//li' data='<li class="sc-hwhrDX ghzctf"><a href=...'>, <Selector query='//div[@data-testid="product-list"]//li' data='<li class="sc-hwhrDX ghzctf"><a href=...'>, <Selector query='//div[@data-testid="product-list"]//li' data='<li class="sc-hwhrDX ghzctf"><a href=...'>, <Selector query='//div[@data-testid="product-list"]//li' data='<li class="sc-hwhrDX ghzctf"><a href=...'>, <Selector query='//div[@data-testid="product-list"]//li' data='<li class="sc-hwhrDX ghzctf"><a href=...'>, <Selector query='//div[@data-testid="product-list"]//li' data='<li class="sc-hwhrDX ghzctf"><a href=...'>, <Selector query='//div[@data-testid="product-list"]//li' data='<li class="sc-hwhrDX ghzctf"><a href=...'>, <Selector query='//div[@data-testid="product-list"]//li' data='<li class="sc-hwhrDX ghzctf"><a href=...'>, <Selector query='//div[@data-testid="product-list"]//li' data='<li class="sc-hwhrDX ghzctf"><a href=...'>, <Selector query='//div[@data-testid="product-list"]//li' data='<li class="sc-hwhrDX ghzctf"><a href=...'>, <Selector query='//div[@data-testid="product-list"]//li' data='<li class="sc-hwhrDX ghzctf"><a href=...'>, <Selector query='//div[@data-testid="product-list"]//li' data='<li class="sc-hwhrDX ghzctf"><a href=...'>, <Selector query='//div[@data-testid="product-list"]//li' data='<li class="sc-hwhrDX ghzctf"><a href=...'>, <Selector query='//div[@data-testid="product-list"]//li' data='<li class="sc-hwhrDX ghzctf"><a href=...'>, <Selector query='//div[@data-testid="product-list"]//li' data='<li class="sc-hwhrDX ghzctf"><a href=...'>, <Selector query='//div[@data-testid="product-list"]//li' data='<li class="sc-hwhrDX ghzctf"><a href=...'>, <Selector query='//div[@data-testid="product-list"]//li' data='<li class="sc-hwhrDX ghzctf"><a href=...'>, <Selector query='//div[@data-testid="product-list"]//li' data='<li class="sc-hwhrDX ghzctf"><a href=...'>, <Selector query='//div[@data-testid="product-list"]//li' data='<li class="sc-hwhrDX ghzctf"><a href=...'>, <Selector query='//div[@data-testid="product-list"]//li' data='<li class="sc-hwhrDX ghzctf"><a href=...'>, <Selector query='//div[@data-testid="product-list"]//li' data='<li class="sc-hwhrDX ghzctf"><a href=...'>, <Selector query='//div[@data-testid="product-list"]//li' data='<li class="sc-hwhrDX ghzctf"><a href=...'>, <Selector query='//div[@data-testid="product-list"]//li' data='<li class="sc-hwhrDX ghzctf"><a href=...'>, <Selector query='//div[@data-testid="product-list"]//li' data='<li class="sc-hwhrDX ghzctf"><a href=...'>, <Selector query='//div[@data-testid="product-list"]//li' data='<li class="sc-hwhrDX ghzctf"><a href=...'>, <Selector query='//div[@data-testid="product-list"]//li' data='<li class="sc-hwhrDX ghzctf"><a href=...'>, <Selector query='//div[@data-testid="product-list"]//li' data='<li class="sc-hwhrDX ghzctf"><a href=...'>, <Selector query='//div[@data-testid="product-list"]//li' data='<li class="sc-hwhrDX ghzctf"><a href=...'>, <Selector query='//div[@data-testid="product-list"]//li' data='<li class="sc-hwhrDX ghzctf"><a href=...'>, <Selector query='//div[@data-testid="product-list"]//li' data='<li class="sc-hwhrDX ghzctf"><a href=...'>, <Selector query='//div[@data-testid="product-list"]//li' data='<li class="sc-hwhrDX ghzctf"><a href=...'>, <Selector query='//div[@data-testid="product-list"]//li' data='<li class="sc-hwhrDX ghzctf"><a href=...'>, <Selector query='//div[@data-testid="product-list"]//li' data='<li class="sc-hwhrDX ghzctf"><a href=...'>, <Selector query='//div[@data-testid="product-list"]//li' data='<li class="sc-hwhrDX ghzctf"><a href=...'>, <Selector query='//div[@data-testid="product-list"]//li' data='<li class="sc-hwhrDX ghzctf"><a href=...'>, <Selector query='//div[@data-testid="product-list"]//li' data='<li class="sc-hwhrDX ghzctf"><a href=...'>, <Selector query='//div[@data-testid="product-list"]//li' data='<li class="sc-hwhrDX ghzctf"><a href=...'>, <Selector query='//div[@data-testid="product-list"]//li' data='<li class="sc-hwhrDX ghzctf"><a href=...'>, <Selector query='//div[@data-testid="product-list"]//li' data='<li class="sc-hwhrDX ghzctf"><a href=...'>]2025-04-13 23:46:14 [scrapy.core.scraper] DEBUG: Scraped from <200 https://www.magazineluiza.com.br/busca/garrafa+stanley+aerolight+fast+flow/?page=1?page=2>
[2025-04-13T23:46:14.362+0000] {subprocess.py:106} INFO - {'title': 'GARRAFA STANLEY AEROLIGHT FAST FLOW 1.1Lt ORIGINAL TODAS AS CORES', 'price': 'R$\xa0339,14', 'review': '4.2 (6)', 'store': 'Magazine Luiza'}
[2025-04-13T23:46:14.363+0000] {subprocess.py:106} INFO - 2025-04-13 23:46:14 [scrapy.core.scraper] DEBUG: Scraped from <200 https://www.magazineluiza.com.br/busca/garrafa+stanley+aerolight+fast+flow/?page=1?page=2>
[2025-04-13T23:46:14.364+0000] {subprocess.py:106} INFO - {'title': 'Garrafa stanley aerolight fast flow 710ml original todas as cores', 'price': 'R$\xa0310,64', 'review': '5.0 (1)', 'store': 'Magazine Luiza'}
[2025-04-13T23:46:14.365+0000] {subprocess.py:106} INFO - 2025-04-13 23:46:14 [scrapy.core.scraper] DEBUG: Scraped from <200 https://www.magazineluiza.com.br/busca/garrafa+stanley+aerolight+fast+flow/?page=1?page=2>
[2025-04-13T23:46:14.366+0000] {subprocess.py:106} INFO - {'title': 'Garrafa Térmica Aerolight Stanley Fast Flow 710ml - Matte Black', 'price': 'R$\xa0262,65', 'review': '5.0 (1)', 'store': 'Magazine Luiza'}
[2025-04-13T23:46:14.367+0000] {subprocess.py:106} INFO - 2025-04-13 23:46:14 [scrapy.core.scraper] DEBUG: Scraped from <200 https://www.magazineluiza.com.br/busca/garrafa+stanley+aerolight+fast+flow/?page=1?page=2>
[2025-04-13T23:46:14.367+0000] {subprocess.py:106} INFO - {'title': 'Garrafa Térmica Stanley Aerolight Fast Flow Lavender 710ML - STANLEY PMI', 'price': 'R$\xa0289,97', 'review': None, 'store': 'Magazine Luiza'}
[2025-04-13T23:46:14.368+0000] {subprocess.py:106} INFO - 2025-04-13 23:46:14 [scrapy.core.scraper] DEBUG: Scraped from <200 https://www.magazineluiza.com.br/busca/garrafa+stanley+aerolight+fast+flow/?page=1?page=2>
[2025-04-13T23:46:14.369+0000] {subprocess.py:106} INFO - {'title': 'Stanley Garrafa Térmica Aerolight Original Fast Flow Branco Polar 710ml', 'price': 'R$\xa0332,10', 'review': None, 'store': 'Magazine Luiza'}
[2025-04-13T23:46:14.370+0000] {subprocess.py:106} INFO - 2025-04-13 23:46:14 [scrapy.core.scraper] DEBUG: Scraped from <200 https://www.magazineluiza.com.br/busca/garrafa+stanley+aerolight+fast+flow/?page=1?page=2>
[2025-04-13T23:46:14.371+0000] {subprocess.py:106} INFO - {'title': 'Garrafa Térmica Aerolight Stanley Fast Flow 1,1L - Tigerlily', 'price': 'R$\xa0288,15', 'review': '5.0 (1)', 'store': 'Magazine Luiza'}
[2025-04-13T23:46:14.372+0000] {subprocess.py:106} INFO - 2025-04-13 23:46:14 [scrapy.core.scraper] DEBUG: Scraped from <200 https://www.magazineluiza.com.br/busca/garrafa+stanley+aerolight+fast+flow/?page=1?page=2>
[2025-04-13T23:46:14.372+0000] {subprocess.py:106} INFO - {'title': 'Garrafa Térmica Stanley Aerolight Fast Flow 1.1L Pink', 'price': 'R$\xa0295,45', 'review': None, 'store': 'Magazine Luiza'}
[2025-04-13T23:46:14.373+0000] {subprocess.py:106} INFO - 2025-04-13 23:46:14 [scrapy.core.scraper] DEBUG: Scraped from <200 https://www.magazineluiza.com.br/busca/garrafa+stanley+aerolight+fast+flow/?page=1?page=2>
[2025-04-13T23:46:14.375+0000] {subprocess.py:106} INFO - {'title': 'Garrafa Térmica Stanley Aerolight Fast Flow Matte Black 710ML', 'price': 'R$\xa0278,35', 'review': '5.0 (1)', 'store': 'Magazine Luiza'}
[2025-04-13T23:46:14.376+0000] {subprocess.py:106} INFO - 2025-04-13 23:46:14 [scrapy.core.scraper] DEBUG: Scraped from <200 https://www.magazineluiza.com.br/busca/garrafa+stanley+aerolight+fast+flow/?page=1?page=2>
[2025-04-13T23:46:14.376+0000] {subprocess.py:106} INFO - {'title': 'Garrafa Térmica Aerolight Fast Flow Matte Black 1,1L Stanley', 'price': 'R$\xa0358,79', 'review': '4.2 (6)', 'store': 'Magazine Luiza'}
[2025-04-13T23:46:14.377+0000] {subprocess.py:106} INFO - 2025-04-13 23:46:14 [scrapy.core.scraper] DEBUG: Scraped from <200 https://www.magazineluiza.com.br/busca/garrafa+stanley+aerolight+fast+flow/?page=1?page=2>
[2025-04-13T23:46:14.378+0000] {subprocess.py:106} INFO - {'title': 'Garrafa Térmica Aerolight Stanley Fast Flow 710ml - Lavender', 'price': 'R$\xa0262,65', 'review': None, 'store': 'Magazine Luiza'}
[2025-04-13T23:46:14.379+0000] {subprocess.py:106} INFO - 2025-04-13 23:46:14 [scrapy.core.scraper] DEBUG: Scraped from <200 https://www.magazineluiza.com.br/busca/garrafa+stanley+aerolight+fast+flow/?page=1?page=2>
[2025-04-13T23:46:14.380+0000] {subprocess.py:106} INFO - {'title': 'Garrafa Térmica Stanley Aerolight Fast Flow Branco Polar 1,1 Litros', 'price': 'R$\xa0305,90', 'review': None, 'store': 'Magazine Luiza'}
[2025-04-13T23:46:14.381+0000] {subprocess.py:106} INFO - 2025-04-13 23:46:14 [scrapy.core.scraper] DEBUG: Scraped from <200 https://www.magazineluiza.com.br/busca/garrafa+stanley+aerolight+fast+flow/?page=1?page=2>
[2025-04-13T23:46:14.381+0000] {subprocess.py:106} INFO - {'title': 'Garrafa Térmica Aerolight Stanley Fast Flow 1,1L - Citron', 'price': 'R$\xa0288,15', 'review': None, 'store': 'Magazine Luiza'}
[2025-04-13T23:46:14.382+0000] {subprocess.py:106} INFO - 2025-04-13 23:46:14 [scrapy.core.scraper] DEBUG: Scraped from <200 https://www.magazineluiza.com.br/busca/garrafa+stanley+aerolight+fast+flow/?page=1?page=2>
[2025-04-13T23:46:14.383+0000] {subprocess.py:106} INFO - {'title': 'Garrafa Térmica Aerolight Stanley Fast Flow 1,1L - Polar', 'price': 'R$\xa0288,15', 'review': None, 'store': 'Magazine Luiza'}
[2025-04-13T23:46:14.384+0000] {subprocess.py:106} INFO - 2025-04-13 23:46:14 [scrapy.core.scraper] DEBUG: Scraped from <200 https://www.magazineluiza.com.br/busca/garrafa+stanley+aerolight+fast+flow/?page=1?page=2>
[2025-04-13T23:46:14.385+0000] {subprocess.py:106} INFO - {'title': 'Garrafa Térmica Stanley Aerolight Fast Flow Citron 710ML', 'price': 'R$\xa0278,35', 'review': None, 'store': 'Magazine Luiza'}
[2025-04-13T23:46:14.385+0000] {subprocess.py:106} INFO - 2025-04-13 23:46:14 [scrapy.core.scraper] DEBUG: Scraped from <200 https://www.magazineluiza.com.br/busca/garrafa+stanley+aerolight+fast+flow/?page=1?page=2>
[2025-04-13T23:46:14.386+0000] {subprocess.py:106} INFO - {'title': 'Garrafa Térmica Stanley Aerolight Fast Flow Original Laranja Tigerlily 1,1 L', 'price': 'R$\xa0379,00', 'review': '5.0 (1)', 'store': 'Magazine Luiza'}
[2025-04-13T23:46:14.387+0000] {subprocess.py:106} INFO - 2025-04-13 23:46:14 [scrapy.core.scraper] DEBUG: Scraped from <200 https://www.magazineluiza.com.br/busca/garrafa+stanley+aerolight+fast+flow/?page=1?page=2>
[2025-04-13T23:46:14.387+0000] {subprocess.py:106} INFO - {'title': 'Garrafa Térmica Aerolight Laranja Fast Flow Tigerlily 1,1L Stanley', 'price': 'R$\xa0351,41', 'review': '5.0 (1)', 'store': 'Magazine Luiza'}
[2025-04-13T23:46:14.388+0000] {subprocess.py:106} INFO - 2025-04-13 23:46:14 [scrapy.core.scraper] DEBUG: Scraped from <200 https://www.magazineluiza.com.br/busca/garrafa+stanley+aerolight+fast+flow/?page=1?page=2>
[2025-04-13T23:46:14.389+0000] {subprocess.py:106} INFO - {'title': 'Garrafa stanley térmica aerolight fast flow em aço inox 710ml lavender 08241-00', 'price': 'R$\xa0331,55', 'review': None, 'store': 'Magazine Luiza'}
[2025-04-13T23:46:14.390+0000] {subprocess.py:106} INFO - 2025-04-13 23:46:14 [scrapy.core.scraper] DEBUG: Scraped from <200 https://www.magazineluiza.com.br/busca/garrafa+stanley+aerolight+fast+flow/?page=1?page=2>
[2025-04-13T23:46:14.392+0000] {subprocess.py:106} INFO - {'title': 'Garrafa stanley térmica aerolight fast flow 1,1 litros laranja tigerlily 08242-00', 'price': 'R$\xa0350,55', 'review': '5.0 (1)', 'store': 'Magazine Luiza'}
[2025-04-13T23:46:14.393+0000] {subprocess.py:106} INFO - 2025-04-13 23:46:14 [scrapy.core.scraper] DEBUG: Scraped from <200 https://www.magazineluiza.com.br/busca/garrafa+stanley+aerolight+fast+flow/?page=1?page=2>
[2025-04-13T23:46:14.394+0000] {subprocess.py:106} INFO - {'title': 'Garrafa Térmica Stanley Aerolight Fast Flow 710ml Rosa Claro', 'price': 'R$\xa0274,34', 'review': None, 'store': 'Magazine Luiza'}
[2025-04-13T23:46:14.395+0000] {subprocess.py:106} INFO - 2025-04-13 23:46:14 [scrapy.core.scraper] DEBUG: Scraped from <200 https://www.magazineluiza.com.br/busca/garrafa+stanley+aerolight+fast+flow/?page=1?page=2>
[2025-04-13T23:46:14.396+0000] {subprocess.py:106} INFO - {'title': 'Garrafa Térmica Stanley Aerolight Fast Flow 1.1L Verde Água', 'price': 'R$\xa0295,45', 'review': None, 'store': 'Magazine Luiza'}
[2025-04-13T23:46:14.397+0000] {subprocess.py:106} INFO - 2025-04-13 23:46:14 [scrapy.core.scraper] DEBUG: Scraped from <200 https://www.magazineluiza.com.br/busca/garrafa+stanley+aerolight+fast+flow/?page=1?page=2>
[2025-04-13T23:46:14.398+0000] {subprocess.py:106} INFO - {'title': 'Garrafa Térmica Stanley Aerolight Fast Flow Branco Polar 1,1 Litros - STANLEY PMI', 'price': 'R$\xa0399,00', 'review': None, 'store': 'Magazine Luiza'}
[2025-04-13T23:46:14.398+0000] {subprocess.py:106} INFO - 2025-04-13 23:46:14 [scrapy.core.scraper] DEBUG: Scraped from <200 https://www.magazineluiza.com.br/busca/garrafa+stanley+aerolight+fast+flow/?page=1?page=2>
[2025-04-13T23:46:14.400+0000] {subprocess.py:106} INFO - {'title': 'Garrafa Térmica Stanley Aerolight Fast Flow Matte Black 710ML - STANLEY PMI', 'price': 'R$\xa0365,00', 'review': '5.0 (1)', 'store': 'Magazine Luiza'}
[2025-04-13T23:46:14.401+0000] {subprocess.py:106} INFO - 2025-04-13 23:46:14 [scrapy.core.scraper] DEBUG: Scraped from <200 https://www.magazineluiza.com.br/busca/garrafa+stanley+aerolight+fast+flow/?page=1?page=2>
[2025-04-13T23:46:14.401+0000] {subprocess.py:106} INFO - {'title': 'Garrafa stanley térmica aerolight fast flow em aço inox 710ml laranja tigerlily 08204-00', 'price': 'R$\xa0331,55', 'review': None, 'store': 'Magazine Luiza'}
[2025-04-13T23:46:14.402+0000] {subprocess.py:106} INFO - 2025-04-13 23:46:14 [scrapy.core.scraper] DEBUG: Scraped from <200 https://www.magazineluiza.com.br/busca/garrafa+stanley+aerolight+fast+flow/?page=1?page=2>
[2025-04-13T23:46:14.403+0000] {subprocess.py:106} INFO - {'title': 'Garrafa stanley térmica aerolight fast flow em aço inox 710ml vivid violet 08405-00', 'price': 'R$\xa0331,55', 'review': None, 'store': 'Magazine Luiza'}
[2025-04-13T23:46:14.404+0000] {subprocess.py:106} INFO - 2025-04-13 23:46:14 [scrapy.core.scraper] DEBUG: Scraped from <200 https://www.magazineluiza.com.br/busca/garrafa+stanley+aerolight+fast+flow/?page=1?page=2>
[2025-04-13T23:46:14.405+0000] {subprocess.py:106} INFO - {'title': 'Garrafa Térmica Stanley Aerolight Fast Flow 710ml Lilás', 'price': 'R$\xa0274,34', 'review': None, 'store': 'Magazine Luiza'}
[2025-04-13T23:46:14.406+0000] {subprocess.py:106} INFO - 2025-04-13 23:46:14 [scrapy.core.scraper] DEBUG: Scraped from <200 https://www.magazineluiza.com.br/busca/garrafa+stanley+aerolight+fast+flow/?page=1?page=2>
[2025-04-13T23:46:14.407+0000] {subprocess.py:106} INFO - {'title': 'Garrafa Térmica Stanley Aerolight Fast Flow Branco Polar 1,1 Litros - STANLEY PMI', 'price': 'R$\xa0385,90', 'review': None, 'store': 'Magazine Luiza'}
[2025-04-13T23:46:14.408+0000] {subprocess.py:106} INFO - 2025-04-13 23:46:14 [scrapy.core.scraper] DEBUG: Scraped from <200 https://www.magazineluiza.com.br/busca/garrafa+stanley+aerolight+fast+flow/?page=1?page=2>
[2025-04-13T23:46:14.409+0000] {subprocess.py:106} INFO - {'title': 'Garrafa Térmica Stanley Aerolight Fast Flow 710 ML Azul 0838', 'price': 'R$\xa0369,90', 'review': None, 'store': 'Magazine Luiza'}
[2025-04-13T23:46:14.410+0000] {subprocess.py:106} INFO - 2025-04-13 23:46:14 [scrapy.core.scraper] DEBUG: Scraped from <200 https://www.magazineluiza.com.br/busca/garrafa+stanley+aerolight+fast+flow/?page=1?page=2>
[2025-04-13T23:46:14.411+0000] {subprocess.py:106} INFO - {'title': 'Garrafa stanley térmica aerolight fast flow 1,1 litros branco polar 08207-00', 'price': 'R$\xa0350,55', 'review': None, 'store': 'Magazine Luiza'}
[2025-04-13T23:46:14.412+0000] {subprocess.py:106} INFO - 2025-04-13 23:46:14 [scrapy.core.scraper] DEBUG: Scraped from <200 https://www.magazineluiza.com.br/busca/garrafa+stanley+aerolight+fast+flow/?page=1?page=2>
[2025-04-13T23:46:14.413+0000] {subprocess.py:106} INFO - {'title': 'Garrafa Térmica Stanley Aerolight Fast Flow 710ml Azul Claro', 'price': 'R$\xa0274,34', 'review': None, 'store': 'Magazine Luiza'}
[2025-04-13T23:46:14.414+0000] {subprocess.py:106} INFO - 2025-04-13 23:46:14 [scrapy.core.scraper] DEBUG: Scraped from <200 https://www.magazineluiza.com.br/busca/garrafa+stanley+aerolight+fast+flow/?page=1?page=2>
[2025-04-13T23:46:14.415+0000] {subprocess.py:106} INFO - {'title': 'Garrafa termica stanley aerolight fast flow tigerlily 1,1l cod8208 cx6', 'price': 'R$\xa0434,37', 'review': '5.0 (1)', 'store': 'Magazine Luiza'}
[2025-04-13T23:46:14.416+0000] {subprocess.py:106} INFO - 2025-04-13 23:46:14 [scrapy.core.scraper] DEBUG: Scraped from <200 https://www.magazineluiza.com.br/busca/garrafa+stanley+aerolight+fast+flow/?page=1?page=2>
[2025-04-13T23:46:14.416+0000] {subprocess.py:106} INFO - {'title': 'Garrafa Térmica Stanley Aerolight Fast Flow Branco Polar 710', 'price': 'R$\xa0361,00', 'review': None, 'store': 'Magazine Luiza'}
[2025-04-13T23:46:14.417+0000] {subprocess.py:106} INFO - 2025-04-13 23:46:14 [scrapy.core.scraper] DEBUG: Scraped from <200 https://www.magazineluiza.com.br/busca/garrafa+stanley+aerolight+fast+flow/?page=1?page=2>
[2025-04-13T23:46:14.418+0000] {subprocess.py:106} INFO - {'title': 'Garrafa Térmica Stanley IceFlow Aerolight Fast Flow 700ml - Cinza', 'price': 'R$\xa0450,71', 'review': None, 'store': 'Magazine Luiza'}
[2025-04-13T23:46:14.419+0000] {subprocess.py:106} INFO - 2025-04-13 23:46:14 [scrapy.core.scraper] DEBUG: Scraped from <200 https://www.magazineluiza.com.br/busca/garrafa+stanley+aerolight+fast+flow/?page=1?page=2>
[2025-04-13T23:46:14.420+0000] {subprocess.py:106} INFO - {'title': 'Garrafa Térmica Stanley Aerolight Fast Flow Citron 1,1 Litros - STANLEY PMI', 'price': 'R$\xa0367,16', 'review': None, 'store': 'Magazine Luiza'}
[2025-04-13T23:46:14.421+0000] {subprocess.py:106} INFO - 2025-04-13 23:46:14 [scrapy.core.scraper] DEBUG: Scraped from <200 https://www.magazineluiza.com.br/busca/garrafa+stanley+aerolight+fast+flow/?page=1?page=2>
[2025-04-13T23:46:14.421+0000] {subprocess.py:106} INFO - {'title': 'Garrafa Térmica Aerolight Fast Flow 1,1L Polar Stanley', 'price': 'R$\xa0379,00', 'review': None, 'store': 'Magazine Luiza'}
[2025-04-13T23:46:14.423+0000] {subprocess.py:106} INFO - 2025-04-13 23:46:14 [scrapy.core.scraper] DEBUG: Scraped from <200 https://www.magazineluiza.com.br/busca/garrafa+stanley+aerolight+fast+flow/?page=1?page=2>
[2025-04-13T23:46:14.424+0000] {subprocess.py:106} INFO - {'title': 'Garrafa Térmica Aerolight Fast Flow Tigerlily 710ml Stanley', 'price': 'R$\xa0295,45', 'review': None, 'store': 'Magazine Luiza'}
[2025-04-13T23:46:14.425+0000] {subprocess.py:106} INFO - 2025-04-13 23:46:14 [scrapy.core.scraper] DEBUG: Scraped from <200 https://www.magazineluiza.com.br/busca/garrafa+stanley+aerolight+fast+flow/?page=1?page=2>
[2025-04-13T23:46:14.426+0000] {subprocess.py:106} INFO - {'title': 'Garrafa stanley térmica aerolight fast flow em aço inox 710ml azul tropical teal 08406-00', 'price': 'R$\xa0331,55', 'review': None, 'store': 'Magazine Luiza'}
[2025-04-13T23:46:14.427+0000] {subprocess.py:106} INFO - 2025-04-13 23:46:14 [scrapy.core.scraper] DEBUG: Scraped from <200 https://www.magazineluiza.com.br/busca/garrafa+stanley+aerolight+fast+flow/?page=1?page=2>
[2025-04-13T23:46:14.428+0000] {subprocess.py:106} INFO - {'title': 'Garrafa Térmica Stanley Aerolight Fast Flow 710ml Verde Água', 'price': 'R$\xa0274,34', 'review': None, 'store': 'Magazine Luiza'}
[2025-04-13T23:46:14.429+0000] {subprocess.py:106} INFO - 2025-04-13 23:46:14 [scrapy.core.scraper] DEBUG: Scraped from <200 https://www.magazineluiza.com.br/busca/garrafa+stanley+aerolight+fast+flow/?page=1?page=2>
[2025-04-13T23:46:14.430+0000] {subprocess.py:106} INFO - {'title': 'Garrafa Térmica Stanley Aerolight Fast Flow Citron 1,1 Litros - STANLEY PMI', 'price': 'R$\xa0385,90', 'review': None, 'store': 'Magazine Luiza'}
[2025-04-13T23:46:14.431+0000] {subprocess.py:106} INFO - 2025-04-13 23:46:14 [scrapy.core.scraper] DEBUG: Scraped from <200 https://www.magazineluiza.com.br/busca/garrafa+stanley+aerolight+fast+flow/?page=1?page=2>
[2025-04-13T23:46:14.432+0000] {subprocess.py:106} INFO - {'title': 'Garrafa Térmica Aerolight Fast Flow Stanley 710ML', 'price': 'R$\xa0395,91', 'review': None, 'store': 'Magazine Luiza'}
[2025-04-13T23:46:14.432+0000] {subprocess.py:106} INFO - 2025-04-13 23:46:14 [scrapy.core.scraper] DEBUG: Scraped from <200 https://www.magazineluiza.com.br/busca/garrafa+stanley+aerolight+fast+flow/?page=1?page=2>
[2025-04-13T23:46:14.433+0000] {subprocess.py:106} INFO - {'title': 'Garrafa Térmica Aerolight Fast Flow Polar 1,1L Stanley', 'price': 'R$\xa0358,79', 'review': None, 'store': 'Magazine Luiza'}
[2025-04-13T23:46:14.434+0000] {subprocess.py:106} INFO - 2025-04-13 23:46:14 [scrapy.core.scraper] DEBUG: Scraped from <200 https://www.magazineluiza.com.br/busca/garrafa+stanley+aerolight+fast+flow/?page=1?page=2>
[2025-04-13T23:46:14.435+0000] {subprocess.py:106} INFO - {'title': 'Garrafa Térmica Stanley Aerolight Fast Flow Citron 710ML - STANLEY PMI', 'price': 'R$\xa0419,90', 'review': None, 'store': 'Magazine Luiza'}
[2025-04-13T23:46:14.436+0000] {subprocess.py:106} INFO - 2025-04-13 23:46:14 [scrapy.core.scraper] DEBUG: Scraped from <200 https://www.magazineluiza.com.br/busca/garrafa+stanley+aerolight+fast+flow/?page=1?page=2>
[2025-04-13T23:46:14.437+0000] {subprocess.py:106} INFO - {'title': 'Garrafa Térmica Aerolight Fast Flow Heat Wave Passion Pink 710ML Stanley', 'price': 'R$\xa0313,41', 'review': None, 'store': 'Magazine Luiza'}
[2025-04-13T23:46:14.437+0000] {subprocess.py:106} INFO - 2025-04-13 23:46:14 [scrapy.core.scraper] DEBUG: Scraped from <200 https://www.magazineluiza.com.br/busca/garrafa+stanley+aerolight+fast+flow/?page=1?page=2>
[2025-04-13T23:46:14.438+0000] {subprocess.py:106} INFO - {'title': 'Garrafa stanley térmica aerolight fast flow em aço inox 710ml passion pink 08404-00', 'price': 'R$\xa0331,55', 'review': None, 'store': 'Magazine Luiza'}
[2025-04-13T23:46:14.439+0000] {subprocess.py:106} INFO - 2025-04-13 23:46:14 [scrapy.core.scraper] DEBUG: Scraped from <200 https://www.magazineluiza.com.br/busca/garrafa+stanley+aerolight+fast+flow/?page=1?page=2>
[2025-04-13T23:46:14.440+0000] {subprocess.py:106} INFO - {'title': 'Garrafa Térmica STanley Aerolight Fast Flow 1,1L', 'price': 'R$\xa0376,10', 'review': None, 'store': 'Magazine Luiza'}
[2025-04-13T23:46:14.441+0000] {subprocess.py:106} INFO - 2025-04-13 23:46:14 [scrapy.core.scraper] DEBUG: Scraped from <200 https://www.magazineluiza.com.br/busca/garrafa+stanley+aerolight+fast+flow/?page=1?page=2>
[2025-04-13T23:46:14.442+0000] {subprocess.py:106} INFO - {'title': 'Garrafa Térmica Stanley Aerolight Fast Flow Citron 1,1 Litros - STANLEY PMI', 'price': 'R$\xa0379,05', 'review': None, 'store': 'Magazine Luiza'}
[2025-04-13T23:46:14.442+0000] {subprocess.py:106} INFO - 2025-04-13 23:46:14 [scrapy.core.scraper] DEBUG: Scraped from <200 https://www.magazineluiza.com.br/busca/garrafa+stanley+aerolight+fast+flow/?page=1?page=2>
[2025-04-13T23:46:14.443+0000] {subprocess.py:106} INFO - {'title': 'Garrafa stanley térmica aerolight fast flow 710ml matte black 08202-00', 'price': 'R$\xa0331,55', 'review': '5.0 (1)', 'store': 'Magazine Luiza'}
[2025-04-13T23:46:14.445+0000] {subprocess.py:106} INFO - 2025-04-13 23:46:14 [scrapy.core.scraper] DEBUG: Scraped from <200 https://www.magazineluiza.com.br/busca/garrafa+stanley+aerolight+fast+flow/?page=1?page=2>
[2025-04-13T23:46:14.445+0000] {subprocess.py:106} INFO - {'title': 'Garrafa Térmica STanley Aerolight Fast Flow 1,1L', 'price': 'R$\xa0376,10', 'review': None, 'store': 'Magazine Luiza'}
[2025-04-13T23:46:14.447+0000] {subprocess.py:106} INFO - 2025-04-13 23:46:14 [scrapy.core.scraper] DEBUG: Scraped from <200 https://www.magazineluiza.com.br/busca/garrafa+stanley+aerolight+fast+flow/?page=1?page=2>
[2025-04-13T23:46:14.447+0000] {subprocess.py:106} INFO - {'title': 'Garrafa Térmica Stanley Aerolight Fast Flow 710ml Verde Limão', 'price': 'R$\xa0274,34', 'review': None, 'store': 'Magazine Luiza'}
[2025-04-13T23:46:14.448+0000] {subprocess.py:106} INFO - 2025-04-13 23:46:14 [scrapy.core.scraper] DEBUG: Scraped from <200 https://www.magazineluiza.com.br/busca/garrafa+stanley+aerolight+fast+flow/?page=1?page=2>
[2025-04-13T23:46:14.449+0000] {subprocess.py:106} INFO - {'title': 'Garrafa Térmica Stanley Aerolight Fast Flow Branco Polar 710ML - STANLEY PMI', 'price': 'R$\xa0369,90', 'review': None, 'store': 'Magazine Luiza'}
[2025-04-13T23:46:14.450+0000] {subprocess.py:106} INFO - 2025-04-13 23:46:14 [scrapy.core.scraper] DEBUG: Scraped from <200 https://www.magazineluiza.com.br/busca/garrafa+stanley+aerolight+fast+flow/?page=1?page=2>
[2025-04-13T23:46:14.451+0000] {subprocess.py:106} INFO - {'title': 'Garrafa Térmica Aerolight Fast Flow Stanley Citron 710 Ml', 'price': 'R$\xa0365,00', 'review': None, 'store': 'Magazine Luiza'}
[2025-04-13T23:46:14.452+0000] {subprocess.py:106} INFO - 2025-04-13 23:46:14 [scrapy.core.scraper] DEBUG: Scraped from <200 https://www.magazineluiza.com.br/busca/garrafa+stanley+aerolight+fast+flow/?page=1?page=2>
[2025-04-13T23:46:14.453+0000] {subprocess.py:106} INFO - {'title': 'Garrafa Térmica Aerolight Fast Flow 1,1L', 'price': 'R$\xa0589,90', 'review': '5.0 (1)', 'store': 'Magazine Luiza'}
[2025-04-13T23:46:14.454+0000] {subprocess.py:106} INFO - 2025-04-13 23:46:14 [scrapy.core.scraper] DEBUG: Scraped from <200 https://www.magazineluiza.com.br/busca/garrafa+stanley+aerolight+fast+flow/?page=1?page=2>
[2025-04-13T23:46:14.454+0000] {subprocess.py:106} INFO - {'title': 'Garrafa Térmica Stanley Aerolight Fast Flow Citron 1,1 Litros - STANLEY PMI', 'price': 'R$\xa0489,00', 'review': None, 'store': 'Magazine Luiza'}
[2025-04-13T23:46:14.455+0000] {subprocess.py:106} INFO - 2025-04-13 23:46:14 [scrapy.core.scraper] DEBUG: Scraped from <200 https://www.magazineluiza.com.br/busca/garrafa+stanley+aerolight+fast+flow/?page=1?page=2>
[2025-04-13T23:46:14.456+0000] {subprocess.py:106} INFO - {'title': 'Garrafa Térmica Stanley Aerolight Fast Flow 0.7L Verde 08205', 'price': 'R$\xa0344,01', 'review': None, 'store': 'Magazine Luiza'}
[2025-04-13T23:46:14.458+0000] {subprocess.py:106} INFO - 2025-04-13 23:46:14 [scrapy.core.scraper] DEBUG: Scraped from <200 https://www.magazineluiza.com.br/busca/garrafa+stanley+aerolight+fast+flow/?page=1?page=2>
[2025-04-13T23:46:14.459+0000] {subprocess.py:106} INFO - {'title': 'Garrafa Térmico Aerolight Fast Flow 710 Ml Citron Stanley', 'price': 'R$\xa0336,66', 'review': None, 'store': 'Magazine Luiza'}
[2025-04-13T23:46:14.460+0000] {subprocess.py:106} INFO - 2025-04-13 23:46:14 [scrapy.core.scraper] DEBUG: Scraped from <200 https://www.magazineluiza.com.br/busca/garrafa+stanley+aerolight+fast+flow/?page=1?page=2>
[2025-04-13T23:46:14.461+0000] {subprocess.py:106} INFO - {'title': 'Garrafa Térmica Aerolight Fast Flow Polar 1,1L', 'price': 'R$\xa0479,99', 'review': None, 'store': 'Magazine Luiza'}
[2025-04-13T23:46:14.462+0000] {subprocess.py:106} INFO - 2025-04-13 23:46:14 [scrapy.core.engine] INFO: Closing spider (finished)
[2025-04-13T23:46:14.463+0000] {subprocess.py:106} INFO - 2025-04-13 23:46:14 [scrapy.extensions.feedexport] INFO: Stored csv feed (110 items) in: /opt/***/dags/scrap_result.csv
[2025-04-13T23:46:14.464+0000] {subprocess.py:106} INFO - 2025-04-13 23:46:14 [scrapy.statscollectors] INFO: Dumping Scrapy stats:
[2025-04-13T23:46:14.465+0000] {subprocess.py:106} INFO - {'downloader/request_bytes': 2450,
[2025-04-13T23:46:14.466+0000] {subprocess.py:106} INFO -  'downloader/request_count': 3,
[2025-04-13T23:46:14.467+0000] {subprocess.py:106} INFO -  'downloader/request_method_count/GET': 3,
[2025-04-13T23:46:14.468+0000] {subprocess.py:106} INFO -  'downloader/response_bytes': 283094,
[2025-04-13T23:46:14.468+0000] {subprocess.py:106} INFO -  'downloader/response_count': 3,
[2025-04-13T23:46:14.469+0000] {subprocess.py:106} INFO -  'downloader/response_status_count/200': 3,
[2025-04-13T23:46:14.470+0000] {subprocess.py:106} INFO -  'elapsed_time_seconds': 7.147733,
[2025-04-13T23:46:14.471+0000] {subprocess.py:106} INFO -  'feedexport/success_count/FileFeedStorage': 1,
[2025-04-13T23:46:14.472+0000] {subprocess.py:106} INFO -  'finish_reason': 'finished',
[2025-04-13T23:46:14.473+0000] {subprocess.py:106} INFO -  'finish_time': datetime.datetime(2025, 4, 13, 23, 46, 14, 308984, tzinfo=datetime.timezone.utc),
[2025-04-13T23:46:14.474+0000] {subprocess.py:106} INFO -  'httpcompression/response_bytes': 2072339,
[2025-04-13T23:46:14.475+0000] {subprocess.py:106} INFO -  'httpcompression/response_count': 3,
[2025-04-13T23:46:14.476+0000] {subprocess.py:106} INFO -  'item_scraped_count': 110,
[2025-04-13T23:46:14.476+0000] {subprocess.py:106} INFO -  'items_per_minute': None,
[2025-04-13T23:46:14.477+0000] {subprocess.py:106} INFO -  'log_count/DEBUG': 114,
[2025-04-13T23:46:14.478+0000] {subprocess.py:106} INFO -  'log_count/INFO': 11,
[2025-04-13T23:46:14.479+0000] {subprocess.py:106} INFO -  'memusage/max': 220704768,
[2025-04-13T23:46:14.480+0000] {subprocess.py:106} INFO -  'memusage/startup': 220704768,
[2025-04-13T23:46:14.481+0000] {subprocess.py:106} INFO -  'request_depth_max': 1,
[2025-04-13T23:46:14.482+0000] {subprocess.py:106} INFO -  'response_received_count': 3,
[2025-04-13T23:46:14.483+0000] {subprocess.py:106} INFO -  'responses_per_minute': None,
[2025-04-13T23:46:14.483+0000] {subprocess.py:106} INFO -  'scheduler/dequeued': 3,
[2025-04-13T23:46:14.484+0000] {subprocess.py:106} INFO -  'scheduler/dequeued/memory': 3,
[2025-04-13T23:46:14.485+0000] {subprocess.py:106} INFO -  'scheduler/enqueued': 3,
[2025-04-13T23:46:14.486+0000] {subprocess.py:106} INFO -  'scheduler/enqueued/memory': 3,
[2025-04-13T23:46:14.486+0000] {subprocess.py:106} INFO -  'start_time': datetime.datetime(2025, 4, 13, 23, 46, 7, 161251, tzinfo=datetime.timezone.utc)}
[2025-04-13T23:46:14.487+0000] {subprocess.py:106} INFO - 2025-04-13 23:46:14 [scrapy.core.engine] INFO: Spider closed (finished)
[2025-04-13T23:46:14.488+0000] {subprocess.py:106} INFO - 
[2025-04-13T23:46:14.489+0000] {subprocess.py:106} INFO - GARRAFA STANLEY AEROLIGHT FAST FLOW 1.1Lt ORIGINAL TODAS AS CORES
[2025-04-13T23:46:14.489+0000] {subprocess.py:106} INFO - [R$ 339,14]
[2025-04-13T23:46:14.490+0000] {subprocess.py:106} INFO - 4.2 (6)
[2025-04-13T23:46:14.492+0000] {subprocess.py:106} INFO - Garrafa stanley aerolight fast flow 710ml original todas as cores
[2025-04-13T23:46:14.493+0000] {subprocess.py:106} INFO - [R$ 310,64]
[2025-04-13T23:46:14.494+0000] {subprocess.py:106} INFO - 5.0 (1)
[2025-04-13T23:46:14.494+0000] {subprocess.py:106} INFO - Garrafa Térmica Aerolight Stanley Fast Flow 710ml - Matte Black
[2025-04-13T23:46:14.495+0000] {subprocess.py:106} INFO - [R$ 262,65]
[2025-04-13T23:46:14.496+0000] {subprocess.py:106} INFO - 5.0 (1)
[2025-04-13T23:46:14.497+0000] {subprocess.py:106} INFO - Garrafa Térmica Stanley Aerolight Fast Flow Lavender 710ML - STANLEY PMI
[2025-04-13T23:46:14.498+0000] {subprocess.py:106} INFO - [R$ 289,97]
[2025-04-13T23:46:14.500+0000] {subprocess.py:106} INFO - None
[2025-04-13T23:46:14.500+0000] {subprocess.py:106} INFO - Stanley Garrafa Térmica Aerolight Original Fast Flow Branco Polar 710ml
[2025-04-13T23:46:14.502+0000] {subprocess.py:106} INFO - [R$ 332,10]
[2025-04-13T23:46:14.503+0000] {subprocess.py:106} INFO - None
[2025-04-13T23:46:14.504+0000] {subprocess.py:106} INFO - Garrafa Térmica Aerolight Stanley Fast Flow 1,1L - Tigerlily
[2025-04-13T23:46:14.505+0000] {subprocess.py:106} INFO - [R$ 288,15]
[2025-04-13T23:46:14.506+0000] {subprocess.py:106} INFO - 5.0 (1)
[2025-04-13T23:46:14.508+0000] {subprocess.py:106} INFO - Garrafa Térmica Stanley Aerolight Fast Flow 1.1L Pink
[2025-04-13T23:46:14.508+0000] {subprocess.py:106} INFO - [R$ 295,45]
[2025-04-13T23:46:14.509+0000] {subprocess.py:106} INFO - None
[2025-04-13T23:46:14.510+0000] {subprocess.py:106} INFO - Garrafa Térmica Stanley Aerolight Fast Flow Matte Black 710ML
[2025-04-13T23:46:14.512+0000] {subprocess.py:106} INFO - [R$ 278,35]
[2025-04-13T23:46:14.513+0000] {subprocess.py:106} INFO - 5.0 (1)
[2025-04-13T23:46:14.515+0000] {subprocess.py:106} INFO - Garrafa Térmica Aerolight Fast Flow Matte Black 1,1L Stanley
[2025-04-13T23:46:14.517+0000] {subprocess.py:106} INFO - [R$ 358,79]
[2025-04-13T23:46:14.518+0000] {subprocess.py:106} INFO - 4.2 (6)
[2025-04-13T23:46:14.519+0000] {subprocess.py:106} INFO - Garrafa Térmica Aerolight Stanley Fast Flow 710ml - Lavender
[2025-04-13T23:46:14.521+0000] {subprocess.py:106} INFO - [R$ 262,65]
[2025-04-13T23:46:14.522+0000] {subprocess.py:106} INFO - None
[2025-04-13T23:46:14.523+0000] {subprocess.py:106} INFO - Garrafa Térmica Stanley Aerolight Fast Flow Branco Polar 1,1 Litros
[2025-04-13T23:46:14.525+0000] {subprocess.py:106} INFO - [R$ 305,90]
[2025-04-13T23:46:14.527+0000] {subprocess.py:106} INFO - None
[2025-04-13T23:46:14.528+0000] {subprocess.py:106} INFO - Garrafa Térmica Aerolight Stanley Fast Flow 1,1L - Citron
[2025-04-13T23:46:14.529+0000] {subprocess.py:106} INFO - [R$ 288,15]
[2025-04-13T23:46:14.530+0000] {subprocess.py:106} INFO - None
[2025-04-13T23:46:14.531+0000] {subprocess.py:106} INFO - Garrafa Térmica Aerolight Stanley Fast Flow 1,1L - Polar
[2025-04-13T23:46:14.532+0000] {subprocess.py:106} INFO - [R$ 288,15]
[2025-04-13T23:46:14.533+0000] {subprocess.py:106} INFO - None
[2025-04-13T23:46:14.534+0000] {subprocess.py:106} INFO - Garrafa Térmica Stanley Aerolight Fast Flow Citron 710ML
[2025-04-13T23:46:14.535+0000] {subprocess.py:106} INFO - [R$ 278,35]
[2025-04-13T23:46:14.536+0000] {subprocess.py:106} INFO - None
[2025-04-13T23:46:14.537+0000] {subprocess.py:106} INFO - Garrafa Térmica Stanley Aerolight Fast Flow Original Laranja Tigerlily 1,1 L
[2025-04-13T23:46:14.538+0000] {subprocess.py:106} INFO - [R$ 379,00]
[2025-04-13T23:46:14.539+0000] {subprocess.py:106} INFO - 5.0 (1)
[2025-04-13T23:46:14.540+0000] {subprocess.py:106} INFO - Garrafa Térmica Aerolight Laranja Fast Flow Tigerlily 1,1L Stanley
[2025-04-13T23:46:14.541+0000] {subprocess.py:106} INFO - [R$ 351,41]
[2025-04-13T23:46:14.541+0000] {subprocess.py:106} INFO - 5.0 (1)
[2025-04-13T23:46:14.542+0000] {subprocess.py:106} INFO - Garrafa stanley térmica aerolight fast flow em aço inox 710ml lavender 08241-00
[2025-04-13T23:46:14.543+0000] {subprocess.py:106} INFO - [R$ 331,55]
[2025-04-13T23:46:14.544+0000] {subprocess.py:106} INFO - None
[2025-04-13T23:46:14.545+0000] {subprocess.py:106} INFO - Garrafa stanley térmica aerolight fast flow 1,1 litros laranja tigerlily 08242-00
[2025-04-13T23:46:14.545+0000] {subprocess.py:106} INFO - [R$ 350,55]
[2025-04-13T23:46:14.546+0000] {subprocess.py:106} INFO - 5.0 (1)
[2025-04-13T23:46:14.547+0000] {subprocess.py:106} INFO - Garrafa Térmica Stanley Aerolight Fast Flow 710ml Rosa Claro
[2025-04-13T23:46:14.548+0000] {subprocess.py:106} INFO - [R$ 274,34]
[2025-04-13T23:46:14.549+0000] {subprocess.py:106} INFO - None
[2025-04-13T23:46:14.550+0000] {subprocess.py:106} INFO - Garrafa Térmica Stanley Aerolight Fast Flow 1.1L Verde Água
[2025-04-13T23:46:14.551+0000] {subprocess.py:106} INFO - [R$ 295,45]
[2025-04-13T23:46:14.551+0000] {subprocess.py:106} INFO - None
[2025-04-13T23:46:14.552+0000] {subprocess.py:106} INFO - Garrafa Térmica Stanley Aerolight Fast Flow Branco Polar 1,1 Litros - STANLEY PMI
[2025-04-13T23:46:14.554+0000] {subprocess.py:106} INFO - [R$ 399,00]
[2025-04-13T23:46:14.555+0000] {subprocess.py:106} INFO - None
[2025-04-13T23:46:14.556+0000] {subprocess.py:106} INFO - Garrafa Térmica Stanley Aerolight Fast Flow Matte Black 710ML - STANLEY PMI
[2025-04-13T23:46:14.558+0000] {subprocess.py:106} INFO - [R$ 365,00]
[2025-04-13T23:46:14.559+0000] {subprocess.py:106} INFO - 5.0 (1)
[2025-04-13T23:46:14.561+0000] {subprocess.py:106} INFO - Garrafa stanley térmica aerolight fast flow em aço inox 710ml laranja tigerlily 08204-00
[2025-04-13T23:46:14.562+0000] {subprocess.py:106} INFO - [R$ 331,55]
[2025-04-13T23:46:14.563+0000] {subprocess.py:106} INFO - None
[2025-04-13T23:46:14.564+0000] {subprocess.py:106} INFO - Garrafa stanley térmica aerolight fast flow em aço inox 710ml vivid violet 08405-00
[2025-04-13T23:46:14.565+0000] {subprocess.py:106} INFO - [R$ 331,55]
[2025-04-13T23:46:14.566+0000] {subprocess.py:106} INFO - None
[2025-04-13T23:46:14.567+0000] {subprocess.py:106} INFO - Garrafa Térmica Stanley Aerolight Fast Flow 710ml Lilás
[2025-04-13T23:46:14.568+0000] {subprocess.py:106} INFO - [R$ 274,34]
[2025-04-13T23:46:14.569+0000] {subprocess.py:106} INFO - None
[2025-04-13T23:46:14.570+0000] {subprocess.py:106} INFO - Garrafa Térmica Stanley Aerolight Fast Flow Branco Polar 1,1 Litros - STANLEY PMI
[2025-04-13T23:46:14.572+0000] {subprocess.py:106} INFO - [R$ 385,90]
[2025-04-13T23:46:14.573+0000] {subprocess.py:106} INFO - None
[2025-04-13T23:46:14.574+0000] {subprocess.py:106} INFO - Garrafa Térmica Stanley Aerolight Fast Flow 710 ML Azul 0838
[2025-04-13T23:46:14.575+0000] {subprocess.py:106} INFO - [R$ 369,90]
[2025-04-13T23:46:14.576+0000] {subprocess.py:106} INFO - None
[2025-04-13T23:46:14.577+0000] {subprocess.py:106} INFO - Garrafa stanley térmica aerolight fast flow 1,1 litros branco polar 08207-00
[2025-04-13T23:46:14.578+0000] {subprocess.py:106} INFO - [R$ 350,55]
[2025-04-13T23:46:14.579+0000] {subprocess.py:106} INFO - None
[2025-04-13T23:46:14.581+0000] {subprocess.py:106} INFO - Garrafa Térmica Stanley Aerolight Fast Flow 710ml Azul Claro
[2025-04-13T23:46:14.582+0000] {subprocess.py:106} INFO - [R$ 274,34]
[2025-04-13T23:46:14.583+0000] {subprocess.py:106} INFO - None
[2025-04-13T23:46:14.585+0000] {subprocess.py:106} INFO - Garrafa termica stanley aerolight fast flow tigerlily 1,1l cod8208 cx6
[2025-04-13T23:46:14.587+0000] {subprocess.py:106} INFO - [R$ 434,37]
[2025-04-13T23:46:14.588+0000] {subprocess.py:106} INFO - 5.0 (1)
[2025-04-13T23:46:14.589+0000] {subprocess.py:106} INFO - Garrafa Térmica Stanley Aerolight Fast Flow Branco Polar 710
[2025-04-13T23:46:14.591+0000] {subprocess.py:106} INFO - [R$ 361,00]
[2025-04-13T23:46:14.592+0000] {subprocess.py:106} INFO - None
[2025-04-13T23:46:14.594+0000] {subprocess.py:106} INFO - Garrafa Térmica Stanley IceFlow Aerolight Fast Flow 700ml - Cinza
[2025-04-13T23:46:14.595+0000] {subprocess.py:106} INFO - [R$ 450,71]
[2025-04-13T23:46:14.596+0000] {subprocess.py:106} INFO - None
[2025-04-13T23:46:14.597+0000] {subprocess.py:106} INFO - Garrafa Térmica Stanley Aerolight Fast Flow Citron 1,1 Litros - STANLEY PMI
[2025-04-13T23:46:14.598+0000] {subprocess.py:106} INFO - [R$ 367,16]
[2025-04-13T23:46:14.599+0000] {subprocess.py:106} INFO - None
[2025-04-13T23:46:14.600+0000] {subprocess.py:106} INFO - Garrafa Térmica Aerolight Fast Flow 1,1L Polar Stanley
[2025-04-13T23:46:14.601+0000] {subprocess.py:106} INFO - [R$ 379,00]
[2025-04-13T23:46:14.602+0000] {subprocess.py:106} INFO - None
[2025-04-13T23:46:14.603+0000] {subprocess.py:106} INFO - Garrafa Térmica Aerolight Fast Flow Tigerlily 710ml Stanley
[2025-04-13T23:46:14.604+0000] {subprocess.py:106} INFO - [R$ 295,45]
[2025-04-13T23:46:14.605+0000] {subprocess.py:106} INFO - None
[2025-04-13T23:46:14.606+0000] {subprocess.py:106} INFO - Garrafa stanley térmica aerolight fast flow em aço inox 710ml azul tropical teal 08406-00
[2025-04-13T23:46:14.607+0000] {subprocess.py:106} INFO - [R$ 331,55]
[2025-04-13T23:46:14.608+0000] {subprocess.py:106} INFO - None
[2025-04-13T23:46:14.609+0000] {subprocess.py:106} INFO - Garrafa Térmica Stanley Aerolight Fast Flow 710ml Verde Água
[2025-04-13T23:46:14.610+0000] {subprocess.py:106} INFO - [R$ 274,34]
[2025-04-13T23:46:14.611+0000] {subprocess.py:106} INFO - None
[2025-04-13T23:46:14.611+0000] {subprocess.py:106} INFO - Garrafa Térmica Stanley Aerolight Fast Flow Citron 1,1 Litros - STANLEY PMI
[2025-04-13T23:46:14.612+0000] {subprocess.py:106} INFO - [R$ 385,90]
[2025-04-13T23:46:14.613+0000] {subprocess.py:106} INFO - None
[2025-04-13T23:46:14.613+0000] {subprocess.py:106} INFO - Garrafa Térmica Aerolight Fast Flow Stanley 710ML
[2025-04-13T23:46:14.614+0000] {subprocess.py:106} INFO - [R$ 395,91]
[2025-04-13T23:46:14.615+0000] {subprocess.py:106} INFO - None
[2025-04-13T23:46:14.616+0000] {subprocess.py:106} INFO - Garrafa Térmica Aerolight Fast Flow Polar 1,1L Stanley
[2025-04-13T23:46:14.616+0000] {subprocess.py:106} INFO - [R$ 358,79]
[2025-04-13T23:46:14.617+0000] {subprocess.py:106} INFO - None
[2025-04-13T23:46:14.618+0000] {subprocess.py:106} INFO - Garrafa Térmica Stanley Aerolight Fast Flow Citron 710ML - STANLEY PMI
[2025-04-13T23:46:14.619+0000] {subprocess.py:106} INFO - [R$ 419,90]
[2025-04-13T23:46:14.619+0000] {subprocess.py:106} INFO - None
[2025-04-13T23:46:14.620+0000] {subprocess.py:106} INFO - Garrafa Térmica Aerolight Fast Flow Heat Wave Passion Pink 710ML Stanley
[2025-04-13T23:46:14.621+0000] {subprocess.py:106} INFO - [R$ 313,41]
[2025-04-13T23:46:14.622+0000] {subprocess.py:106} INFO - None
[2025-04-13T23:46:14.622+0000] {subprocess.py:106} INFO - Garrafa stanley térmica aerolight fast flow em aço inox 710ml passion pink 08404-00
[2025-04-13T23:46:14.623+0000] {subprocess.py:106} INFO - [R$ 331,55]
[2025-04-13T23:46:14.624+0000] {subprocess.py:106} INFO - None
[2025-04-13T23:46:14.625+0000] {subprocess.py:106} INFO - Garrafa Térmica STanley Aerolight Fast Flow 1,1L
[2025-04-13T23:46:14.626+0000] {subprocess.py:106} INFO - [R$ 376,10]
[2025-04-13T23:46:14.627+0000] {subprocess.py:106} INFO - None
[2025-04-13T23:46:14.628+0000] {subprocess.py:106} INFO - Garrafa Térmica Stanley Aerolight Fast Flow Citron 1,1 Litros - STANLEY PMI
[2025-04-13T23:46:14.628+0000] {subprocess.py:106} INFO - [R$ 379,05]
[2025-04-13T23:46:14.629+0000] {subprocess.py:106} INFO - None
[2025-04-13T23:46:14.630+0000] {subprocess.py:106} INFO - Garrafa stanley térmica aerolight fast flow 710ml matte black 08202-00
[2025-04-13T23:46:14.630+0000] {subprocess.py:106} INFO - [R$ 331,55]
[2025-04-13T23:46:14.631+0000] {subprocess.py:106} INFO - 5.0 (1)
[2025-04-13T23:46:14.632+0000] {subprocess.py:106} INFO - Garrafa Térmica STanley Aerolight Fast Flow 1,1L
[2025-04-13T23:46:14.632+0000] {subprocess.py:106} INFO - [R$ 376,10]
[2025-04-13T23:46:14.633+0000] {subprocess.py:106} INFO - None
[2025-04-13T23:46:14.634+0000] {subprocess.py:106} INFO - Garrafa Térmica Stanley Aerolight Fast Flow 710ml Verde Limão
[2025-04-13T23:46:14.635+0000] {subprocess.py:106} INFO - [R$ 274,34]
[2025-04-13T23:46:14.635+0000] {subprocess.py:106} INFO - None
[2025-04-13T23:46:14.636+0000] {subprocess.py:106} INFO - Garrafa Térmica Stanley Aerolight Fast Flow Branco Polar 710ML - STANLEY PMI
[2025-04-13T23:46:14.637+0000] {subprocess.py:106} INFO - [R$ 369,90]
[2025-04-13T23:46:14.637+0000] {subprocess.py:106} INFO - None
[2025-04-13T23:46:14.638+0000] {subprocess.py:106} INFO - Garrafa Térmica Aerolight Fast Flow Stanley Citron 710 Ml
[2025-04-13T23:46:14.639+0000] {subprocess.py:106} INFO - [R$ 365,00]
[2025-04-13T23:46:14.640+0000] {subprocess.py:106} INFO - None
[2025-04-13T23:46:14.640+0000] {subprocess.py:106} INFO - Garrafa Térmica Aerolight Fast Flow 1,1L
[2025-04-13T23:46:14.641+0000] {subprocess.py:106} INFO - [R$ 589,90]
[2025-04-13T23:46:14.642+0000] {subprocess.py:106} INFO - 5.0 (1)
[2025-04-13T23:46:14.642+0000] {subprocess.py:106} INFO - Garrafa Térmica Stanley Aerolight Fast Flow Citron 1,1 Litros - STANLEY PMI
[2025-04-13T23:46:14.643+0000] {subprocess.py:106} INFO - [R$ 489,00]
[2025-04-13T23:46:14.644+0000] {subprocess.py:106} INFO - None
[2025-04-13T23:46:14.645+0000] {subprocess.py:106} INFO - Garrafa Térmica Stanley Aerolight Fast Flow 0.7L Verde 08205
[2025-04-13T23:46:14.646+0000] {subprocess.py:106} INFO - [R$ 344,01]
[2025-04-13T23:46:14.646+0000] {subprocess.py:106} INFO - None
[2025-04-13T23:46:14.647+0000] {subprocess.py:106} INFO - Garrafa Térmico Aerolight Fast Flow 710 Ml Citron Stanley
[2025-04-13T23:46:14.648+0000] {subprocess.py:106} INFO - [R$ 336,66]
[2025-04-13T23:46:14.648+0000] {subprocess.py:106} INFO - None
[2025-04-13T23:46:14.649+0000] {subprocess.py:106} INFO - Garrafa Térmica Aerolight Fast Flow Polar 1,1L
[2025-04-13T23:46:14.650+0000] {subprocess.py:106} INFO - [R$ 479,99]
[2025-04-13T23:46:14.651+0000] {subprocess.py:106} INFO - None
[2025-04-13T23:46:14.652+0000] {subprocess.py:110} INFO - Command exited with return code 0
[2025-04-13T23:46:14.709+0000] {taskinstance.py:341} INFO - ::group::Post task execution logs
[2025-04-13T23:46:14.711+0000] {taskinstance.py:353} INFO - Marking task as SUCCESS. dag_id=pipeline_garrafa_stanley, task_id=scrap_magalu, run_id=manual__2025-04-13T23:46:03.678037+00:00, execution_date=20250413T234603, start_date=20250413T234605, end_date=20250413T234614
[2025-04-13T23:46:14.809+0000] {local_task_job_runner.py:266} INFO - Task exited with return code 0
[2025-04-13T23:46:14.858+0000] {taskinstance.py:3901} INFO - 1 downstream tasks scheduled from follow-on schedule check
[2025-04-13T23:46:14.862+0000] {local_task_job_runner.py:245} INFO - ::endgroup::
