[2025-04-14T23:51:48.607+0000] {local_task_job_runner.py:123} INFO - ::group::Pre task execution logs
[2025-04-14T23:51:48.694+0000] {taskinstance.py:2614} INFO - Dependencies all met for dep_context=non-requeueable deps ti=<TaskInstance: pipeline_garrafa_stanley.send_alert manual__2025-04-14T23:51:08.642371+00:00 [queued]>
[2025-04-14T23:51:48.719+0000] {taskinstance.py:2614} INFO - Dependencies all met for dep_context=requeueable deps ti=<TaskInstance: pipeline_garrafa_stanley.send_alert manual__2025-04-14T23:51:08.642371+00:00 [queued]>
[2025-04-14T23:51:48.721+0000] {taskinstance.py:2867} INFO - Starting attempt 1 of 1
[2025-04-14T23:51:48.751+0000] {taskinstance.py:2890} INFO - Executing <Task(PythonOperator): send_alert> on 2025-04-14 23:51:08.642371+00:00
[2025-04-14T23:51:48.766+0000] {warnings.py:112} WARNING - /home/***/.local/lib/python3.12/site-packages/***/task/task_runner/standard_task_runner.py:70: DeprecationWarning: This process (pid=3239) is multi-threaded, use of fork() may lead to deadlocks in the child.
  pid = os.fork()

[2025-04-14T23:51:48.771+0000] {standard_task_runner.py:72} INFO - Started process 3249 to run task
[2025-04-14T23:51:48.773+0000] {standard_task_runner.py:104} INFO - Running: ['***', 'tasks', 'run', 'pipeline_garrafa_stanley', 'send_alert', 'manual__2025-04-14T23:51:08.642371+00:00', '--job-id', '119', '--raw', '--subdir', 'DAGS_FOLDER/pipeline.py', '--cfg-path', '/tmp/tmpu8hoh66i']
[2025-04-14T23:51:48.778+0000] {standard_task_runner.py:105} INFO - Job 119: Subtask send_alert
[2025-04-14T23:51:48.951+0000] {task_command.py:467} INFO - Running <TaskInstance: pipeline_garrafa_stanley.send_alert manual__2025-04-14T23:51:08.642371+00:00 [running]> on host a68e7f38875d
[2025-04-14T23:51:49.237+0000] {taskinstance.py:3134} INFO - Exporting env vars: AIRFLOW_CTX_DAG_OWNER='***' AIRFLOW_CTX_DAG_ID='pipeline_garrafa_stanley' AIRFLOW_CTX_TASK_ID='send_alert' AIRFLOW_CTX_EXECUTION_DATE='2025-04-14T23:51:08.642371+00:00' AIRFLOW_CTX_TRY_NUMBER='1' AIRFLOW_CTX_DAG_RUN_ID='manual__2025-04-14T23:51:08.642371+00:00'
[2025-04-14T23:51:49.247+0000] {taskinstance.py:732} INFO - ::endgroup::
[2025-04-14T23:51:51.978+0000] {logging_mixin.py:190} INFO - Mensagem enviada!
[2025-04-14T23:51:51.981+0000] {python.py:240} INFO - Done. Returned value was: None
[2025-04-14T23:51:52.036+0000] {taskinstance.py:341} INFO - ::group::Post task execution logs
[2025-04-14T23:51:52.043+0000] {taskinstance.py:353} INFO - Marking task as SUCCESS. dag_id=pipeline_garrafa_stanley, task_id=send_alert, run_id=manual__2025-04-14T23:51:08.642371+00:00, execution_date=20250414T235108, start_date=20250414T235148, end_date=20250414T235152
[2025-04-14T23:51:52.226+0000] {local_task_job_runner.py:266} INFO - Task exited with return code 0
[2025-04-14T23:51:52.314+0000] {taskinstance.py:3901} INFO - 0 downstream tasks scheduled from follow-on schedule check
[2025-04-14T23:51:52.320+0000] {local_task_job_runner.py:245} INFO - ::endgroup::
