[2025-04-15T01:46:51.172+0000] {local_task_job_runner.py:123} INFO - ::group::Pre task execution logs
[2025-04-15T01:46:51.308+0000] {taskinstance.py:2614} INFO - Dependencies all met for dep_context=non-requeueable deps ti=<TaskInstance: pipeline_garrafa_stanley.ai_feedback manual__2025-04-15T01:46:19.311779+00:00 [queued]>
[2025-04-15T01:46:51.334+0000] {taskinstance.py:2614} INFO - Dependencies all met for dep_context=requeueable deps ti=<TaskInstance: pipeline_garrafa_stanley.ai_feedback manual__2025-04-15T01:46:19.311779+00:00 [queued]>
[2025-04-15T01:46:51.336+0000] {taskinstance.py:2867} INFO - Starting attempt 1 of 1
[2025-04-15T01:46:51.376+0000] {taskinstance.py:2890} INFO - Executing <Task(PythonOperator): ai_feedback> on 2025-04-15 01:46:19.311779+00:00
[2025-04-15T01:46:51.396+0000] {warnings.py:112} WARNING - /home/***/.local/lib/python3.12/site-packages/***/task/task_runner/standard_task_runner.py:70: DeprecationWarning: This process (pid=573) is multi-threaded, use of fork() may lead to deadlocks in the child.
  pid = os.fork()

[2025-04-15T01:46:51.401+0000] {standard_task_runner.py:72} INFO - Started process 575 to run task
[2025-04-15T01:46:51.404+0000] {standard_task_runner.py:104} INFO - Running: ['***', 'tasks', 'run', 'pipeline_garrafa_stanley', 'ai_feedback', 'manual__2025-04-15T01:46:19.311779+00:00', '--job-id', '196', '--raw', '--subdir', 'DAGS_FOLDER/pipeline.py', '--cfg-path', '/tmp/tmpdb2ytkps']
[2025-04-15T01:46:51.409+0000] {standard_task_runner.py:105} INFO - Job 196: Subtask ai_feedback
[2025-04-15T01:46:51.615+0000] {task_command.py:467} INFO - Running <TaskInstance: pipeline_garrafa_stanley.ai_feedback manual__2025-04-15T01:46:19.311779+00:00 [running]> on host 28ab01396367
[2025-04-15T01:46:52.008+0000] {taskinstance.py:3134} INFO - Exporting env vars: AIRFLOW_CTX_DAG_OWNER='***' AIRFLOW_CTX_DAG_ID='pipeline_garrafa_stanley' AIRFLOW_CTX_TASK_ID='ai_feedback' AIRFLOW_CTX_EXECUTION_DATE='2025-04-15T01:46:19.311779+00:00' AIRFLOW_CTX_TRY_NUMBER='1' AIRFLOW_CTX_DAG_RUN_ID='manual__2025-04-15T01:46:19.311779+00:00'
[2025-04-15T01:46:52.011+0000] {taskinstance.py:732} INFO - ::endgroup::
[2025-04-15T01:46:52.081+0000] {logging_mixin.py:190} INFO - "[{'preco': 272.5447833433377, 'data': '12/04/2025', 'capacidade': '710ml'}, {'preco': 269.0608313067965, 'data': '11/04/2025', 'capacidade': '710ml'}, {'preco': 364.98922935779837, 'data': '14/04/2025', 'capacidade': '1100ml'}, {'preco': 316.3198969072181, 'data': '14/04/2025', 'capacidade': '710ml'}, {'preco': 337.8895705952379, 'data': '12/04/2025', 'capacidade': '1100ml'}, {'preco': 318.3265850144111, 'data': '15/04/2025', 'capacidade': '710ml'}, {'preco': 332.5330719410694, 'data': '11/04/2025', 'capacidade': '1100ml'}, {'preco': 364.9214307458149, 'data': '15/04/2025', 'capacidade': '1100ml'}]"
[2025-04-15T01:46:53.460+0000] {logging_mixin.py:190} INFO - {'text': '{\n  "analise": "O preço do produto de 710ml aumentou entre 11/04/2025 e 15/04/2025, enquanto o produto de 1100ml apresentou variações de preço no mesmo período.",\n  "insight": "Considerando a variação de preços, pode ser interessante focar em promoções para o produto de 1100ml, buscando equilibrar o preço e aumentar o volume de vendas."\n}'}
[2025-04-15T01:46:53.466+0000] {python.py:240} INFO - Done. Returned value was: None
[2025-04-15T01:46:53.555+0000] {taskinstance.py:341} INFO - ::group::Post task execution logs
[2025-04-15T01:46:53.557+0000] {taskinstance.py:353} INFO - Marking task as SUCCESS. dag_id=pipeline_garrafa_stanley, task_id=ai_feedback, run_id=manual__2025-04-15T01:46:19.311779+00:00, execution_date=20250415T014619, start_date=20250415T014651, end_date=20250415T014653
[2025-04-15T01:46:53.752+0000] {local_task_job_runner.py:266} INFO - Task exited with return code 0
[2025-04-15T01:46:53.907+0000] {taskinstance.py:3901} INFO - 1 downstream tasks scheduled from follow-on schedule check
[2025-04-15T01:46:53.916+0000] {local_task_job_runner.py:245} INFO - ::endgroup::
