[2025-04-15T01:07:39.416+0000] {local_task_job_runner.py:123} INFO - ::group::Pre task execution logs
[2025-04-15T01:07:39.506+0000] {taskinstance.py:2614} INFO - Dependencies all met for dep_context=non-requeueable deps ti=<TaskInstance: pipeline_garrafa_stanley.scrap_magalu manual__2025-04-15T01:07:35.944088+00:00 [queued]>
[2025-04-15T01:07:39.537+0000] {taskinstance.py:2614} INFO - Dependencies all met for dep_context=requeueable deps ti=<TaskInstance: pipeline_garrafa_stanley.scrap_magalu manual__2025-04-15T01:07:35.944088+00:00 [queued]>
[2025-04-15T01:07:39.539+0000] {taskinstance.py:2867} INFO - Starting attempt 1 of 1
[2025-04-15T01:07:39.587+0000] {taskinstance.py:2890} INFO - Executing <Task(BashOperator): scrap_magalu> on 2025-04-15 01:07:35.944088+00:00
[2025-04-15T01:07:39.605+0000] {warnings.py:112} WARNING - /home/***/.local/lib/python3.12/site-packages/***/task/task_runner/standard_task_runner.py:70: DeprecationWarning: This process (pid=4492) is multi-threaded, use of fork() may lead to deadlocks in the child.
  pid = os.fork()

[2025-04-15T01:07:39.614+0000] {standard_task_runner.py:72} INFO - Started process 4494 to run task
[2025-04-15T01:07:39.614+0000] {standard_task_runner.py:104} INFO - Running: ['***', 'tasks', 'run', 'pipeline_garrafa_stanley', 'scrap_magalu', 'manual__2025-04-15T01:07:35.944088+00:00', '--job-id', '167', '--raw', '--subdir', 'DAGS_FOLDER/pipeline.py', '--cfg-path', '/tmp/tmprtqefel5']
[2025-04-15T01:07:39.621+0000] {standard_task_runner.py:105} INFO - Job 167: Subtask scrap_magalu
[2025-04-15T01:07:39.826+0000] {task_command.py:467} INFO - Running <TaskInstance: pipeline_garrafa_stanley.scrap_magalu manual__2025-04-15T01:07:35.944088+00:00 [running]> on host a68e7f38875d
[2025-04-15T01:07:40.307+0000] {taskinstance.py:3134} INFO - Exporting env vars: AIRFLOW_CTX_DAG_OWNER='Mário Kojima' AIRFLOW_CTX_DAG_ID='pipeline_garrafa_stanley' AIRFLOW_CTX_TASK_ID='scrap_magalu' AIRFLOW_CTX_EXECUTION_DATE='2025-04-15T01:07:35.944088+00:00' AIRFLOW_CTX_TRY_NUMBER='1' AIRFLOW_CTX_DAG_RUN_ID='manual__2025-04-15T01:07:35.944088+00:00'
[2025-04-15T01:07:40.312+0000] {taskinstance.py:732} INFO - ::endgroup::
[2025-04-15T01:07:40.365+0000] {subprocess.py:78} INFO - Tmp dir root location: /tmp
[2025-04-15T01:07:40.368+0000] {subprocess.py:88} INFO - Running command: ['/usr/bin/bash', '-c', 'scrapy runspider /opt/***/dags/scrap_magalu.py -O /opt/***/dags/scrap_result.csv']
[2025-04-15T01:07:40.399+0000] {subprocess.py:99} INFO - Output:
[2025-04-15T01:07:42.805+0000] {subprocess.py:106} INFO - 2025-04-15 01:07:42 [scrapy.utils.log] INFO: Scrapy 2.12.0 started (bot: scrapybot)
[2025-04-15T01:07:42.811+0000] {subprocess.py:106} INFO - 2025-04-15 01:07:42 [scrapy.utils.log] INFO: Versions: lxml 5.3.0.0, libxml2 2.12.9, cssselect 1.3.0, parsel 1.10.0, w3lib 2.3.1, Twisted 24.11.0, Python 3.12.9 (main, Feb  6 2025, 22:37:05) [GCC 12.2.0], pyOpenSSL 24.3.0 (OpenSSL 3.2.2 4 Jun 2024), cryptography 42.0.8, Platform Linux-5.10.76-linuxkit-x86_64-with-glibc2.36
[2025-04-15T01:07:42.822+0000] {subprocess.py:106} INFO - 2025-04-15 01:07:42 [scrapy.addons] INFO: Enabled addons:
[2025-04-15T01:07:42.824+0000] {subprocess.py:106} INFO - []
[2025-04-15T01:07:42.827+0000] {subprocess.py:106} INFO - 2025-04-15 01:07:42 [scrapy.utils.log] DEBUG: Using reactor: twisted.internet.epollreactor.EPollReactor
[2025-04-15T01:07:42.831+0000] {subprocess.py:106} INFO - 2025-04-15 01:07:42 [scrapy.extensions.telnet] INFO: Telnet Password: 2e2bb49a27c2a386
[2025-04-15T01:07:42.971+0000] {subprocess.py:106} INFO - 2025-04-15 01:07:42 [scrapy.middleware] INFO: Enabled extensions:
[2025-04-15T01:07:42.975+0000] {subprocess.py:106} INFO - ['scrapy.extensions.corestats.CoreStats',
[2025-04-15T01:07:42.977+0000] {subprocess.py:106} INFO -  'scrapy.extensions.telnet.TelnetConsole',
[2025-04-15T01:07:42.981+0000] {subprocess.py:106} INFO -  'scrapy.extensions.memusage.MemoryUsage',
[2025-04-15T01:07:42.985+0000] {subprocess.py:106} INFO -  'scrapy.extensions.feedexport.FeedExporter',
[2025-04-15T01:07:42.992+0000] {subprocess.py:106} INFO -  'scrapy.extensions.logstats.LogStats']
[2025-04-15T01:07:42.998+0000] {subprocess.py:106} INFO - 2025-04-15 01:07:42 [scrapy.crawler] INFO: Overridden settings:
[2025-04-15T01:07:43.004+0000] {subprocess.py:106} INFO - {'SPIDER_LOADER_WARN_ONLY': True,
[2025-04-15T01:07:43.009+0000] {subprocess.py:106} INFO -  'USER_AGENT': 'Mozilla/5.0 (X11; Linux x86_64) AppleWebKit/537.36 (KHTML, '
[2025-04-15T01:07:43.012+0000] {subprocess.py:106} INFO -                'like Gecko) Chrome/51.0.2704.103 Safari/537.36'}
[2025-04-15T01:07:43.259+0000] {subprocess.py:106} INFO - 2025-04-15 01:07:43 [scrapy.middleware] INFO: Enabled downloader middlewares:
[2025-04-15T01:07:43.262+0000] {subprocess.py:106} INFO - ['scrapy.downloadermiddlewares.offsite.OffsiteMiddleware',
[2025-04-15T01:07:43.263+0000] {subprocess.py:106} INFO -  'scrapy.downloadermiddlewares.httpauth.HttpAuthMiddleware',
[2025-04-15T01:07:43.265+0000] {subprocess.py:106} INFO -  'scrapy.downloadermiddlewares.downloadtimeout.DownloadTimeoutMiddleware',
[2025-04-15T01:07:43.268+0000] {subprocess.py:106} INFO -  'scrapy.downloadermiddlewares.defaultheaders.DefaultHeadersMiddleware',
[2025-04-15T01:07:43.270+0000] {subprocess.py:106} INFO -  'scrapy.downloadermiddlewares.useragent.UserAgentMiddleware',
[2025-04-15T01:07:43.272+0000] {subprocess.py:106} INFO -  'scrapy.downloadermiddlewares.retry.RetryMiddleware',
[2025-04-15T01:07:43.274+0000] {subprocess.py:106} INFO -  'scrapy.downloadermiddlewares.redirect.MetaRefreshMiddleware',
[2025-04-15T01:07:43.277+0000] {subprocess.py:106} INFO -  'scrapy.downloadermiddlewares.httpcompression.HttpCompressionMiddleware',
[2025-04-15T01:07:43.279+0000] {subprocess.py:106} INFO -  'scrapy.downloadermiddlewares.redirect.RedirectMiddleware',
[2025-04-15T01:07:43.282+0000] {subprocess.py:106} INFO -  'scrapy.downloadermiddlewares.cookies.CookiesMiddleware',
[2025-04-15T01:07:43.284+0000] {subprocess.py:106} INFO -  'scrapy.downloadermiddlewares.httpproxy.HttpProxyMiddleware',
[2025-04-15T01:07:43.286+0000] {subprocess.py:106} INFO -  'scrapy.downloadermiddlewares.stats.DownloaderStats']
[2025-04-15T01:07:43.288+0000] {subprocess.py:106} INFO - 2025-04-15 01:07:43 [scrapy.middleware] INFO: Enabled spider middlewares:
[2025-04-15T01:07:43.290+0000] {subprocess.py:106} INFO - ['scrapy.spidermiddlewares.httperror.HttpErrorMiddleware',
[2025-04-15T01:07:43.291+0000] {subprocess.py:106} INFO -  'scrapy.spidermiddlewares.referer.RefererMiddleware',
[2025-04-15T01:07:43.293+0000] {subprocess.py:106} INFO -  'scrapy.spidermiddlewares.urllength.UrlLengthMiddleware',
[2025-04-15T01:07:43.296+0000] {subprocess.py:106} INFO -  'scrapy.spidermiddlewares.depth.DepthMiddleware']
[2025-04-15T01:07:43.300+0000] {subprocess.py:106} INFO - 2025-04-15 01:07:43 [scrapy.middleware] INFO: Enabled item pipelines:
[2025-04-15T01:07:43.303+0000] {subprocess.py:106} INFO - []
[2025-04-15T01:07:43.305+0000] {subprocess.py:106} INFO - 2025-04-15 01:07:43 [scrapy.core.engine] INFO: Spider opened
[2025-04-15T01:07:43.306+0000] {subprocess.py:106} INFO - 2025-04-15 01:07:43 [scrapy.extensions.logstats] INFO: Crawled 0 pages (at 0 pages/min), scraped 0 items (at 0 items/min)
[2025-04-15T01:07:43.308+0000] {subprocess.py:106} INFO - 2025-04-15 01:07:43 [scrapy.extensions.telnet] INFO: Telnet console listening on 127.0.0.1:6023
[2025-04-15T01:07:44.976+0000] {subprocess.py:106} INFO - 2025-04-15 01:07:44 [scrapy.core.engine] DEBUG: Crawled (200) <GET https://www.magazineluiza.com.br/busca/garrafa+stanley+aerolight+fast+flow/?page=1> (referer: None)
[2025-04-15T01:07:46.334+0000] {subprocess.py:106} INFO - 2025-04-15 01:07:46 [scrapy.core.engine] DEBUG: Crawled (200) <GET https://www.magazineluiza.com.br/busca/garrafa+stanley+aerolight+fast+flow/?page=1?page=2> (referer: https://www.magazineluiza.com.br/busca/garrafa+stanley+aerolight+fast+flow/?page=1)
[2025-04-15T01:07:46.493+0000] {subprocess.py:106} INFO - 2025-04-15 01:07:46 [scrapy.core.scraper] DEBUG: Scraped from <200 https://www.magazineluiza.com.br/busca/garrafa+stanley+aerolight+fast+flow/?page=1?page=2>
[2025-04-15T01:07:46.499+0000] {subprocess.py:106} INFO - {'title': 'GARRAFA STANLEY AEROLIGHT FAST FLOW 1.1Lt ORIGINAL TODAS AS CORES', 'price': 'R$\xa0332,00', 'review': '4.2 (6)', 'store': 'Magazine Luiza'}
[2025-04-15T01:07:46.506+0000] {subprocess.py:106} INFO - 2025-04-15 01:07:46 [scrapy.core.scraper] DEBUG: Scraped from <200 https://www.magazineluiza.com.br/busca/garrafa+stanley+aerolight+fast+flow/?page=1?page=2>
[2025-04-15T01:07:46.508+0000] {subprocess.py:106} INFO - {'title': 'Garrafa stanley aerolight fast flow 710ml original todas as cores', 'price': 'R$\xa0304,10', 'review': '5.0 (1)', 'store': 'Magazine Luiza'}
[2025-04-15T01:07:46.511+0000] {subprocess.py:106} INFO - 2025-04-15 01:07:46 [scrapy.core.scraper] DEBUG: Scraped from <200 https://www.magazineluiza.com.br/busca/garrafa+stanley+aerolight+fast+flow/?page=1?page=2>
[2025-04-15T01:07:46.513+0000] {subprocess.py:106} INFO - {'title': 'Garrafa Térmica Aerolight Stanley Fast Flow 710ml - Matte Black', 'price': 'R$\xa0287,37', 'review': '5.0 (1)', 'store': 'Magazine Luiza'}
[2025-04-15T01:07:46.516+0000] {subprocess.py:106} INFO - 2025-04-15 01:07:46 [scrapy.core.scraper] DEBUG: Scraped from <200 https://www.magazineluiza.com.br/busca/garrafa+stanley+aerolight+fast+flow/?page=1?page=2>
[2025-04-15T01:07:46.519+0000] {subprocess.py:106} INFO - {'title': 'Garrafa Térmica Stanley Aerolight Fast Flow Lavender 710ML - STANLEY PMI', 'price': 'R$\xa0289,97', 'review': None, 'store': 'Magazine Luiza'}
[2025-04-15T01:07:46.521+0000] {subprocess.py:106} INFO - 2025-04-15 01:07:46 [scrapy.core.scraper] DEBUG: Scraped from <200 https://www.magazineluiza.com.br/busca/garrafa+stanley+aerolight+fast+flow/?page=1?page=2>
[2025-04-15T01:07:46.523+0000] {subprocess.py:106} INFO - {'title': 'Stanley Garrafa Térmica Aerolight Original Fast Flow Branco Polar 710ml', 'price': 'R$\xa0332,10', 'review': None, 'store': 'Magazine Luiza'}
[2025-04-15T01:07:46.525+0000] {subprocess.py:106} INFO - 2025-04-15 01:07:46 [scrapy.core.scraper] DEBUG: Scraped from <200 https://www.magazineluiza.com.br/busca/garrafa+stanley+aerolight+fast+flow/?page=1?page=2>
[2025-04-15T01:07:46.527+0000] {subprocess.py:106} INFO - {'title': 'Garrafa Térmica Aerolight Stanley Fast Flow 1,1L - Tigerlily', 'price': 'R$\xa0315,27', 'review': '5.0 (1)', 'store': 'Magazine Luiza'}
[2025-04-15T01:07:46.530+0000] {subprocess.py:106} INFO - 2025-04-15 01:07:46 [scrapy.core.scraper] DEBUG: Scraped from <200 https://www.magazineluiza.com.br/busca/garrafa+stanley+aerolight+fast+flow/?page=1?page=2>
[2025-04-15T01:07:46.532+0000] {subprocess.py:106} INFO - {'title': 'Garrafa Térmica Stanley Aerolight Fast Flow 1.1L Pink', 'price': 'R$\xa0289,23', 'review': None, 'store': 'Magazine Luiza'}
[2025-04-15T01:07:46.534+0000] {subprocess.py:106} INFO - 2025-04-15 01:07:46 [scrapy.core.scraper] DEBUG: Scraped from <200 https://www.magazineluiza.com.br/busca/garrafa+stanley+aerolight+fast+flow/?page=1?page=2>
[2025-04-15T01:07:46.536+0000] {subprocess.py:106} INFO - {'title': 'Garrafa Térmica Aerolight Fast Flow Matte Black 1,1L Stanley', 'price': 'R$\xa0351,23', 'review': '4.2 (6)', 'store': 'Magazine Luiza'}
[2025-04-15T01:07:46.538+0000] {subprocess.py:106} INFO - 2025-04-15 01:07:46 [scrapy.core.scraper] DEBUG: Scraped from <200 https://www.magazineluiza.com.br/busca/garrafa+stanley+aerolight+fast+flow/?page=1?page=2>
[2025-04-15T01:07:46.541+0000] {subprocess.py:106} INFO - {'title': 'Garrafa Térmica Aerolight Stanley Fast Flow 710ml - Lavender', 'price': 'R$\xa0287,37', 'review': None, 'store': 'Magazine Luiza'}
[2025-04-15T01:07:46.543+0000] {subprocess.py:106} INFO - 2025-04-15 01:07:46 [scrapy.core.scraper] DEBUG: Scraped from <200 https://www.magazineluiza.com.br/busca/garrafa+stanley+aerolight+fast+flow/?page=1?page=2>
[2025-04-15T01:07:46.545+0000] {subprocess.py:106} INFO - {'title': 'Garrafa Térmica Stanley Aerolight Fast Flow Branco Polar 1,1 Litros', 'price': 'R$\xa0299,46', 'review': None, 'store': 'Magazine Luiza'}
[2025-04-15T01:07:46.546+0000] {subprocess.py:106} INFO - 2025-04-15 01:07:46 [scrapy.core.scraper] DEBUG: Scraped from <200 https://www.magazineluiza.com.br/busca/garrafa+stanley+aerolight+fast+flow/?page=1?page=2>
[2025-04-15T01:07:46.551+0000] {subprocess.py:106} INFO - {'title': 'Garrafa Térmica Aerolight Stanley Fast Flow 1,1L - Citron', 'price': 'R$\xa0315,27', 'review': None, 'store': 'Magazine Luiza'}
[2025-04-15T01:07:46.554+0000] {subprocess.py:106} INFO - 2025-04-15 01:07:46 [scrapy.core.scraper] DEBUG: Scraped from <200 https://www.magazineluiza.com.br/busca/garrafa+stanley+aerolight+fast+flow/?page=1?page=2>
[2025-04-15T01:07:46.556+0000] {subprocess.py:106} INFO - {'title': 'Garrafa Térmica Aerolight Stanley Fast Flow 1,1L - Polar', 'price': 'R$\xa0315,27', 'review': None, 'store': 'Magazine Luiza'}
[2025-04-15T01:07:46.558+0000] {subprocess.py:106} INFO - 2025-04-15 01:07:46 [scrapy.core.scraper] DEBUG: Scraped from <200 https://www.magazineluiza.com.br/busca/garrafa+stanley+aerolight+fast+flow/?page=1?page=2>
[2025-04-15T01:07:46.559+0000] {subprocess.py:106} INFO - {'title': 'Garrafa Térmica Stanley Aerolight Fast Flow Citron 710ML', 'price': 'R$\xa0272,49', 'review': None, 'store': 'Magazine Luiza'}
[2025-04-15T01:07:46.561+0000] {subprocess.py:106} INFO - 2025-04-15 01:07:46 [scrapy.core.scraper] DEBUG: Scraped from <200 https://www.magazineluiza.com.br/busca/garrafa+stanley+aerolight+fast+flow/?page=1?page=2>
[2025-04-15T01:07:46.565+0000] {subprocess.py:106} INFO - {'title': 'Garrafa Térmica Stanley Aerolight Fast Flow Original Laranja Tigerlily 1,1 L', 'price': 'R$\xa0379,00', 'review': '5.0 (1)', 'store': 'Magazine Luiza'}
[2025-04-15T01:07:46.568+0000] {subprocess.py:106} INFO - 2025-04-15 01:07:46 [scrapy.core.scraper] DEBUG: Scraped from <200 https://www.magazineluiza.com.br/busca/garrafa+stanley+aerolight+fast+flow/?page=1?page=2>
[2025-04-15T01:07:46.571+0000] {subprocess.py:106} INFO - {'title': 'Garrafa Térmica Aerolight Laranja Fast Flow Tigerlily 1,1L Stanley', 'price': 'R$\xa0344,01', 'review': '5.0 (1)', 'store': 'Magazine Luiza'}
[2025-04-15T01:07:46.575+0000] {subprocess.py:106} INFO - 2025-04-15 01:07:46 [scrapy.core.scraper] DEBUG: Scraped from <200 https://www.magazineluiza.com.br/busca/garrafa+stanley+aerolight+fast+flow/?page=1?page=2>
[2025-04-15T01:07:46.579+0000] {subprocess.py:106} INFO - {'title': 'Garrafa stanley térmica aerolight fast flow em aço inox 710ml lavender 08241-00', 'price': 'R$\xa0324,57', 'review': None, 'store': 'Magazine Luiza'}
[2025-04-15T01:07:46.586+0000] {subprocess.py:106} INFO - 2025-04-15 01:07:46 [scrapy.core.scraper] DEBUG: Scraped from <200 https://www.magazineluiza.com.br/busca/garrafa+stanley+aerolight+fast+flow/?page=1?page=2>
[2025-04-15T01:07:46.590+0000] {subprocess.py:106} INFO - {'title': 'Garrafa stanley térmica aerolight fast flow 1,1 litros laranja tigerlily 08242-00', 'price': 'R$\xa0343,17', 'review': '5.0 (1)', 'store': 'Magazine Luiza'}
[2025-04-15T01:07:46.597+0000] {subprocess.py:106} INFO - 2025-04-15 01:07:46 [scrapy.core.scraper] DEBUG: Scraped from <200 https://www.magazineluiza.com.br/busca/garrafa+stanley+aerolight+fast+flow/?page=1?page=2>
[2025-04-15T01:07:46.603+0000] {subprocess.py:106} INFO - {'title': 'Garrafa Térmica Stanley Aerolight Fast Flow 710ml Rosa Claro', 'price': 'R$\xa0268,57', 'review': None, 'store': 'Magazine Luiza'}
[2025-04-15T01:07:46.607+0000] {subprocess.py:106} INFO - 2025-04-15 01:07:46 [scrapy.core.scraper] DEBUG: Scraped from <200 https://www.magazineluiza.com.br/busca/garrafa+stanley+aerolight+fast+flow/?page=1?page=2>
[2025-04-15T01:07:46.610+0000] {subprocess.py:106} INFO - {'title': 'Garrafa Térmica Stanley Aerolight Fast Flow 1.1L Verde Água', 'price': 'R$\xa0289,23', 'review': None, 'store': 'Magazine Luiza'}
[2025-04-15T01:07:46.612+0000] {subprocess.py:106} INFO - 2025-04-15 01:07:46 [scrapy.core.scraper] DEBUG: Scraped from <200 https://www.magazineluiza.com.br/busca/garrafa+stanley+aerolight+fast+flow/?page=1?page=2>
[2025-04-15T01:07:46.616+0000] {subprocess.py:106} INFO - {'title': 'Garrafa Térmica Stanley Aerolight Fast Flow Branco Polar 1,1 Litros - STANLEY PMI', 'price': 'R$\xa0399,00', 'review': None, 'store': 'Magazine Luiza'}
[2025-04-15T01:07:46.623+0000] {subprocess.py:106} INFO - 2025-04-15 01:07:46 [scrapy.core.scraper] DEBUG: Scraped from <200 https://www.magazineluiza.com.br/busca/garrafa+stanley+aerolight+fast+flow/?page=1?page=2>
[2025-04-15T01:07:46.626+0000] {subprocess.py:106} INFO - {'title': 'Garrafa Térmica Stanley Aerolight Fast Flow Matte Black 710ML - STANLEY PMI', 'price': 'R$\xa0365,00', 'review': '5.0 (1)', 'store': 'Magazine Luiza'}
[2025-04-15T01:07:46.631+0000] {subprocess.py:106} INFO - 2025-04-15 01:07:46 [scrapy.core.scraper] DEBUG: Scraped from <200 https://www.magazineluiza.com.br/busca/garrafa+stanley+aerolight+fast+flow/?page=1?page=2>
[2025-04-15T01:07:46.634+0000] {subprocess.py:106} INFO - {'title': 'Garrafa stanley térmica aerolight fast flow em aço inox 710ml laranja tigerlily 08204-00', 'price': 'R$\xa0324,57', 'review': None, 'store': 'Magazine Luiza'}
[2025-04-15T01:07:46.636+0000] {subprocess.py:106} INFO - 2025-04-15 01:07:46 [scrapy.core.scraper] DEBUG: Scraped from <200 https://www.magazineluiza.com.br/busca/garrafa+stanley+aerolight+fast+flow/?page=1?page=2>
[2025-04-15T01:07:46.639+0000] {subprocess.py:106} INFO - {'title': 'Garrafa stanley térmica aerolight fast flow em aço inox 710ml vivid violet 08405-00', 'price': 'R$\xa0324,57', 'review': None, 'store': 'Magazine Luiza'}
[2025-04-15T01:07:46.643+0000] {subprocess.py:106} INFO - **************************************************
[2025-04-15T01:07:46.646+0000] {subprocess.py:106} INFO - 2
[2025-04-15T01:07:46.650+0000] {subprocess.py:106} INFO - **************************************************
[2025-04-15T01:07:46.653+0000] {subprocess.py:106} INFO - https://www.magazineluiza.com.br/busca/garrafa+stanley+aerolight+fast+flow/?page=1?page=2
[2025-04-15T01:07:46.656+0000] {subprocess.py:106} INFO - blocos
[2025-04-15T01:07:46.660+0000] {subprocess.py:106} INFO - [<Selector query='//div[@data-testid="product-list"]//li' data='<li class="sc-hwhrDX ghzctf"><a href=...'>, <Selector query='//div[@data-testid="product-list"]//li' data='<li class="sc-hwhrDX ghzctf"><a href=...'>, <Selector query='//div[@data-testid="product-list"]//li' data='<li class="sc-hwhrDX ghzctf"><a href=...'>, <Selector query='//div[@data-testid="product-list"]//li' data='<li class="sc-hwhrDX ghzctf"><a href=...'>, <Selector query='//div[@data-testid="product-list"]//li' data='<li class="sc-hwhrDX ghzctf"><a href=...'>, <Selector query='//div[@data-testid="product-list"]//li' data='<li class="sc-hwhrDX ghzctf"><a href=...'>, <Selector query='//div[@data-testid="product-list"]//li' data='<li class="sc-hwhrDX ghzctf"><a href=...'>, <Selector query='//div[@data-testid="product-list"]//li' data='<li class="sc-hwhrDX ghzctf"><a href=...'>, <Selector query='//div[@data-testid="product-list"]//li' data='<li class="sc-hwhrDX ghzctf"><a href=...'>, <Selector query='//div[@data-testid="product-list"]//li' data='<li class="sc-hwhrDX ghzctf"><a href=...'>, <Selector query='//div[@data-testid="product-list"]//li' data='<li class="sc-hwhrDX ghzctf"><a href=...'>, <Selector query='//div[@data-testid="product-list"]//li' data='<li class="sc-hwhrDX ghzctf"><a href=...'>, <Selector query='//div[@data-testid="product-list"]//li' data='<li class="sc-hwhrDX ghzctf"><a href=...'>, <Selector query='//div[@data-testid="product-list"]//li' data='<li class="sc-hwhrDX ghzctf"><a href=...'>, <Selector query='//div[@data-testid="product-list"]//li' data='<li class="sc-hwhrDX ghzctf"><a href=...'>, <Selector query='//div[@data-testid="product-list"]//li' data='<li class="sc-hwhrDX ghzctf"><a href=...'>, <Selector query='//div[@data-testid="product-list"]//li' data='<li class="sc-hwhrDX ghzctf"><a href=...'>, <Selector query='//div[@data-testid="product-list"]//li' data='<li class="sc-hwhrDX ghzctf"><a href=...'>, <Selector query='//div[@data-testid="product-list"]//li' data='<li class="sc-hwhrDX ghzctf"><a href=...'>, <Selector query='//div[@data-testid="product-list"]//li' data='<li class="sc-hwhrDX ghzctf"><a href=...'>, <Selector query='//div[@data-testid="product-list"]//li' data='<li class="sc-hwhrDX ghzctf"><a href=...'>, <Selector query='//div[@data-testid="product-list"]//li' data='<li class="sc-hwhrDX ghzctf"><a href=...'>, <Selector query='//div[@data-testid="product-list"]//li' data='<li class="sc-hwhrDX ghzctf"><a href=...'>, <Selector query='//div[@data-testid="product-list"]//li' data='<li class="sc-hwhrDX ghzctf"><a href=...'>, <Selector query='//div[@data-testid="product-list"]//li' data='<li class="sc-hwhrDX ghzctf"><a href=...'>, <Selector query='//div[@data-testid="product-list"]//li' data='<li class="sc-hwhrDX ghzctf"><a href=...'>, <Selector query='//div[@data-testid="product-list"]//li' data='<li class="sc-hwhrDX ghzctf"><a href=...'>, <Selector query='//div[@data-testid="product-list"]//li' data='<li class="sc-hwhrDX ghzctf"><a href=...'>, <Selector query='//div[@data-testid="product-list"]//li' data='<li class="sc-hwhrDX ghzctf"><a href=...'>, <Selector query='//div[@data-testid="product-list"]//li' data='<li class="sc-hwhrDX ghzctf"><a href=...'>, <Selector query='//div[@data-testid="product-list"]//li' data='<li class="sc-hwhrDX ghzctf"><a href=...'>, <Selector query='//div[@data-testid="product-list"]//li' data='<li class="sc-hwhrDX ghzctf"><a href=...'>, <Selector query='//div[@data-testid="product-list"]//li' data='<li class="sc-hwhrDX ghzctf"><a href=...'>, <Selector query='//div[@data-testid="product-list"]//li' data='<li class="sc-hwhrDX ghzctf"><a href=...'>, <Selector query='//div[@data-testid="product-list"]//li' data='<li class="sc-hwhrDX ghzctf"><a href=...'>, <Selector query='//div[@data-testid="product-list"]//li' data='<li class="sc-hwhrDX ghzctf"><a href=...'>, <Selector query='//div[@data-testid="product-list"]//li' data='<li class="sc-hwhrDX ghzctf"><a href=...'>, <Selector query='//div[@data-testid="product-list"]//li' data='<li class="sc-hwhrDX ghzctf"><a href=...'>, <Selector query='//div[@data-testid="product-list"]//li' data='<li class="sc-hwhrDX ghzctf"><a href=...'>, <Selector query='//div[@data-testid="product-list"]//li' data='<li class="sc-hwhrDX ghzctf"><a href=...'>, <Selector query='//div[@data-testid="product-list"]//li' data='<li class="sc-hwhrDX ghzctf"><a href=...'>, <Selector query='//div[@data-testid="product-list"]//li' data='<li class="sc-hwhrDX ghzctf"><a href=...'>, <Selector query='//div[@data-testid="product-list"]//li' data='<li class="sc-hwhrDX ghzctf"><a href=...'>, <Selector query='//div[@data-testid="product-list"]//li' data='<li class="sc-hwhrDX ghzctf"><a href=...'>, <Selector query='//div[@data-testid="product-list"]//li' data='<li class="sc-hwhrDX ghzctf"><a href=...'>, <Selector query='//div[@data-testid="product-list"]//li' data='<li class="sc-hwhrDX ghzctf"><a href=...'>, <Selector query='//div[@data-testid="product-list"]//li' data='<li class="sc-hwhrDX ghzctf"><a href=...'>, <Selector query='//div[@data-testid="product-list"]//li' data='<li class="sc-hwhrDX ghzctf"><a href=...'>, <Selector query='//div[@data-testid="product-list"]//li' data='<li class="sc-hwhrDX ghzctf"><a href=...'>, <Selector query='//div[@data-testid="product-list"]//li' data='<li class="sc-hwhrDX ghzctf"><a href=...'>, <Selector query='//div[@data-testid="product-list"]//li' data='<li class="sc-hwhrDX ghzctf"><a href=...'>, <Selector query='//div[@data-testid="product-list"]//li' data='<li class="sc-hwhrDX ghzctf"><a href=...'>, <Selector query='//div[@data-testid="product-list"]//li' data='<li class="sc-hwhrDX ghzctf"><a href=...'>, <Selector query='//div[@data-testid="product-list"]//li' data='<li class="sc-hwhrDX ghzctf"><a href=...'>, <Selector query='//div[@data-testid="product-list"]//li' data='<li class="sc-hwhrDX ghzctf"><a href=...'>]
[2025-04-15T01:07:46.665+0000] {subprocess.py:106} INFO - GARRAFA STANLEY AEROLIGHT FAST FLOW 1.1Lt ORIGINAL TODAS AS CORES
[2025-04-15T01:07:46.671+0000] {subprocess.py:106} INFO - [R$ 332,00]
[2025-04-15T01:07:46.677+0000] {subprocess.py:106} INFO - 4.2 (6)
[2025-04-15T01:07:46.684+0000] {subprocess.py:106} INFO - Garrafa stanley aerolight fast flow 710ml original todas as cores
[2025-04-15T01:07:46.690+0000] {subprocess.py:106} INFO - [R$ 304,10]
[2025-04-15T01:07:46.692+0000] {subprocess.py:106} INFO - 5.0 (1)
[2025-04-15T01:07:46.694+0000] {subprocess.py:106} INFO - Garrafa Térmica Aerolight Stanley Fast Flow 710ml - Matte Black
[2025-04-15T01:07:46.696+0000] {subprocess.py:106} INFO - [R$ 287,37]
[2025-04-15T01:07:46.698+0000] {subprocess.py:106} INFO - 5.0 (1)
[2025-04-15T01:07:46.699+0000] {subprocess.py:106} INFO - Garrafa Térmica Stanley Aerolight Fast Flow Lavender 710ML - STANLEY PMI
[2025-04-15T01:07:46.701+0000] {subprocess.py:106} INFO - [R$ 289,97]
[2025-04-15T01:07:46.703+0000] {subprocess.py:106} INFO - None
[2025-04-15T01:07:46.705+0000] {subprocess.py:106} INFO - Stanley Garrafa Térmica Aerolight Original Fast Flow Branco Polar 710ml
[2025-04-15T01:07:46.707+0000] {subprocess.py:106} INFO - [R$ 332,10]
[2025-04-15T01:07:46.709+0000] {subprocess.py:106} INFO - None
[2025-04-15T01:07:46.710+0000] {subprocess.py:106} INFO - Garrafa Térmica Aerolight Stanley Fast Flow 1,1L - Tigerlily
[2025-04-15T01:07:46.712+0000] {subprocess.py:106} INFO - [R$ 315,27]
[2025-04-15T01:07:46.714+0000] {subprocess.py:106} INFO - 5.0 (1)
[2025-04-15T01:07:46.716+0000] {subprocess.py:106} INFO - Garrafa Térmica Stanley Aerolight Fast Flow 1.1L Pink
[2025-04-15T01:07:46.719+0000] {subprocess.py:106} INFO - [R$ 289,23]
[2025-04-15T01:07:46.721+0000] {subprocess.py:106} INFO - None
[2025-04-15T01:07:46.723+0000] {subprocess.py:106} INFO - Garrafa Térmica Aerolight Fast Flow Matte Black 1,1L Stanley
[2025-04-15T01:07:46.725+0000] {subprocess.py:106} INFO - [R$ 351,23]
[2025-04-15T01:07:46.727+0000] {subprocess.py:106} INFO - 4.2 (6)
[2025-04-15T01:07:46.729+0000] {subprocess.py:106} INFO - Garrafa Térmica Aerolight Stanley Fast Flow 710ml - Lavender
[2025-04-15T01:07:46.732+0000] {subprocess.py:106} INFO - [R$ 287,37]
[2025-04-15T01:07:46.733+0000] {subprocess.py:106} INFO - None
[2025-04-15T01:07:46.735+0000] {subprocess.py:106} INFO - Garrafa Térmica Stanley Aerolight Fast Flow Branco Polar 1,1 Litros
[2025-04-15T01:07:46.738+0000] {subprocess.py:106} INFO - [R$ 299,46]
[2025-04-15T01:07:46.740+0000] {subprocess.py:106} INFO - None
[2025-04-15T01:07:46.742+0000] {subprocess.py:106} INFO - Garrafa Térmica Aerolight Stanley Fast Flow 1,1L - Citron
[2025-04-15T01:07:46.744+0000] {subprocess.py:106} INFO - [R$ 315,27]
[2025-04-15T01:07:46.746+0000] {subprocess.py:106} INFO - None
[2025-04-15T01:07:46.749+0000] {subprocess.py:106} INFO - Garrafa Térmica Aerolight Stanley Fast Flow 1,1L - Polar
[2025-04-15T01:07:46.751+0000] {subprocess.py:106} INFO - [R$ 315,27]
[2025-04-15T01:07:46.754+0000] {subprocess.py:106} INFO - None
[2025-04-15T01:07:46.756+0000] {subprocess.py:106} INFO - Garrafa Térmica Stanley Aerolight Fast Flow Citron 710ML
[2025-04-15T01:07:46.757+0000] {subprocess.py:106} INFO - [R$ 272,49]
[2025-04-15T01:07:46.759+0000] {subprocess.py:106} INFO - None
[2025-04-15T01:07:46.761+0000] {subprocess.py:106} INFO - Garrafa Térmica Stanley Aerolight Fast Flow Original Laranja Tigerlily 1,1 L
[2025-04-15T01:07:46.763+0000] {subprocess.py:106} INFO - [R$ 379,00]
[2025-04-15T01:07:46.767+0000] {subprocess.py:106} INFO - 5.0 (1)
[2025-04-15T01:07:46.769+0000] {subprocess.py:106} INFO - Garrafa Térmica Aerolight Laranja Fast Flow Tigerlily 1,1L Stanley
[2025-04-15T01:07:46.772+0000] {subprocess.py:106} INFO - [R$ 344,01]
[2025-04-15T01:07:46.775+0000] {subprocess.py:106} INFO - 5.0 (1)
[2025-04-15T01:07:46.777+0000] {subprocess.py:106} INFO - Garrafa stanley térmica aerolight fast flow em aço inox 710ml lavender 08241-00
[2025-04-15T01:07:46.780+0000] {subprocess.py:106} INFO - [R$ 324,57]
[2025-04-15T01:07:46.782+0000] {subprocess.py:106} INFO - None
[2025-04-15T01:07:46.786+0000] {subprocess.py:106} INFO - Garrafa stanley térmica aerolight fast flow 1,1 litros laranja tigerlily 08242-00
[2025-04-15T01:07:46.789+0000] {subprocess.py:106} INFO - [R$ 343,17]
[2025-04-15T01:07:46.791+0000] {subprocess.py:106} INFO - 5.0 (1)
[2025-04-15T01:07:46.797+0000] {subprocess.py:106} INFO - Garrafa Térmica Stanley Aerolight Fast Flow 710ml Rosa Claro
[2025-04-15T01:07:46.805+0000] {subprocess.py:106} INFO - [R$ 268,57]
[2025-04-15T01:07:46.808+0000] {subprocess.py:106} INFO - None
[2025-04-15T01:07:46.810+0000] {subprocess.py:106} INFO - Garrafa Térmica Stanley Aerolight Fast Flow 1.1L Verde Água
[2025-04-15T01:07:46.812+0000] {subprocess.py:106} INFO - [R$ 289,23]
[2025-04-15T01:07:46.814+0000] {subprocess.py:106} INFO - None
[2025-04-15T01:07:46.816+0000] {subprocess.py:106} INFO - Garrafa Térmica Stanley Aerolight Fast Flow Branco Polar 1,1 Litros - STANLEY PMI
[2025-04-15T01:07:46.819+0000] {subprocess.py:106} INFO - [R$ 399,00]
[2025-04-15T01:07:46.821+0000] {subprocess.py:106} INFO - None
[2025-04-15T01:07:46.822+0000] {subprocess.py:106} INFO - Garrafa Térmica Stanley Aerolight Fast Flow Matte Black 710ML - STANLEY PMI
[2025-04-15T01:07:46.825+0000] {subprocess.py:106} INFO - [R$ 365,00]
[2025-04-15T01:07:46.827+0000] {subprocess.py:106} INFO - 5.0 (1)
[2025-04-15T01:07:46.829+0000] {subprocess.py:106} INFO - Garrafa stanley térmica aerolight fast flow em aço inox 710ml laranja tigerlily 08204-00
[2025-04-15T01:07:46.832+0000] {subprocess.py:106} INFO - [R$ 324,57]
[2025-04-15T01:07:46.834+0000] {subprocess.py:106} INFO - None
[2025-04-15T01:07:46.836+0000] {subprocess.py:106} INFO - Garrafa stanley térmica aerolight fast flow em aço inox 710ml vivid violet 08405-00
[2025-04-15T01:07:46.839+0000] {subprocess.py:106} INFO - [R$ 324,57]
[2025-04-15T01:07:46.841+0000] {subprocess.py:106} INFO - None
[2025-04-15T01:07:46.843+0000] {subprocess.py:106} INFO - Garrafa Térmica Stanley Aerolight Fast Flow 710ml Lilás
[2025-04-15T01:07:46.845+0000] {subprocess.py:106} INFO - [R$ 268,57]2025-04-15 01:07:46 [scrapy.core.scraper] DEBUG: Scraped from <200 https://www.magazineluiza.com.br/busca/garrafa+stanley+aerolight+fast+flow/?page=1?page=2>
[2025-04-15T01:07:46.847+0000] {subprocess.py:106} INFO - {'title': 'Garrafa Térmica Stanley Aerolight Fast Flow 710ml Lilás', 'price': 'R$\xa0268,57', 'review': None, 'store': 'Magazine Luiza'}
[2025-04-15T01:07:46.849+0000] {subprocess.py:106} INFO - 2025-04-15 01:07:46 [scrapy.core.scraper] DEBUG: Scraped from <200 https://www.magazineluiza.com.br/busca/garrafa+stanley+aerolight+fast+flow/?page=1?page=2>
[2025-04-15T01:07:46.852+0000] {subprocess.py:106} INFO - {'title': 'Garrafa Térmica Stanley Aerolight Fast Flow Branco Polar 1,1 Litros - STANLEY PMI', 'price': 'R$\xa0385,90', 'review': None, 'store': 'Magazine Luiza'}
[2025-04-15T01:07:46.854+0000] {subprocess.py:106} INFO - 2025-04-15 01:07:46 [scrapy.core.scraper] DEBUG: Scraped from <200 https://www.magazineluiza.com.br/busca/garrafa+stanley+aerolight+fast+flow/?page=1?page=2>
[2025-04-15T01:07:46.856+0000] {subprocess.py:106} INFO - {'title': 'Garrafa Térmica Stanley Aerolight Fast Flow 710 ML Azul 0838', 'price': 'R$\xa0369,90', 'review': None, 'store': 'Magazine Luiza'}
[2025-04-15T01:07:46.858+0000] {subprocess.py:106} INFO - 2025-04-15 01:07:46 [scrapy.core.scraper] DEBUG: Scraped from <200 https://www.magazineluiza.com.br/busca/garrafa+stanley+aerolight+fast+flow/?page=1?page=2>
[2025-04-15T01:07:46.860+0000] {subprocess.py:106} INFO - {'title': 'Garrafa stanley térmica aerolight fast flow 1,1 litros branco polar 08207-00', 'price': 'R$\xa0343,17', 'review': None, 'store': 'Magazine Luiza'}
[2025-04-15T01:07:46.862+0000] {subprocess.py:106} INFO - 2025-04-15 01:07:46 [scrapy.core.scraper] DEBUG: Scraped from <200 https://www.magazineluiza.com.br/busca/garrafa+stanley+aerolight+fast+flow/?page=1?page=2>
[2025-04-15T01:07:46.865+0000] {subprocess.py:106} INFO - {'title': 'Garrafa Térmica Stanley Aerolight Fast Flow 710ml Azul Claro', 'price': 'R$\xa0268,57', 'review': None, 'store': 'Magazine Luiza'}
[2025-04-15T01:07:46.867+0000] {subprocess.py:106} INFO - 2025-04-15 01:07:46 [scrapy.core.scraper] DEBUG: Scraped from <200 https://www.magazineluiza.com.br/busca/garrafa+stanley+aerolight+fast+flow/?page=1?page=2>
[2025-04-15T01:07:46.869+0000] {subprocess.py:106} INFO - {'title': 'Garrafa termica stanley aerolight fast flow tigerlily 1,1l cod8208 cx6', 'price': 'R$\xa0434,37', 'review': '5.0 (1)', 'store': 'Magazine Luiza'}
[2025-04-15T01:07:46.873+0000] {subprocess.py:106} INFO - 2025-04-15 01:07:46 [scrapy.core.scraper] DEBUG: Scraped from <200 https://www.magazineluiza.com.br/busca/garrafa+stanley+aerolight+fast+flow/?page=1?page=2>
[2025-04-15T01:07:46.875+0000] {subprocess.py:106} INFO - {'title': 'Garrafa Térmica Stanley Aerolight Fast Flow Branco Polar 710', 'price': 'R$\xa0361,00', 'review': None, 'store': 'Magazine Luiza'}
[2025-04-15T01:07:46.878+0000] {subprocess.py:106} INFO - 2025-04-15 01:07:46 [scrapy.core.scraper] DEBUG: Scraped from <200 https://www.magazineluiza.com.br/busca/garrafa+stanley+aerolight+fast+flow/?page=1?page=2>
[2025-04-15T01:07:46.880+0000] {subprocess.py:106} INFO - {'title': 'Garrafa Térmica Stanley IceFlow Aerolight Fast Flow 700ml - Cinza', 'price': 'R$\xa0448,45', 'review': None, 'store': 'Magazine Luiza'}
[2025-04-15T01:07:46.883+0000] {subprocess.py:106} INFO - 2025-04-15 01:07:46 [scrapy.core.scraper] DEBUG: Scraped from <200 https://www.magazineluiza.com.br/busca/garrafa+stanley+aerolight+fast+flow/?page=1?page=2>
[2025-04-15T01:07:46.885+0000] {subprocess.py:106} INFO - {'title': 'Garrafa Térmica STanley Aerolight Fast Flow 1,1L', 'price': 'R$\xa0368,18', 'review': None, 'store': 'Magazine Luiza'}
[2025-04-15T01:07:46.888+0000] {subprocess.py:106} INFO - 2025-04-15 01:07:46 [scrapy.core.scraper] DEBUG: Scraped from <200 https://www.magazineluiza.com.br/busca/garrafa+stanley+aerolight+fast+flow/?page=1?page=2>
[2025-04-15T01:07:46.890+0000] {subprocess.py:106} INFO - {'title': 'Garrafa Térmica Stanley Aerolight Fast Flow Citron 1,1 Litros - STANLEY PMI', 'price': 'R$\xa0359,43', 'review': None, 'store': 'Magazine Luiza'}
[2025-04-15T01:07:46.892+0000] {subprocess.py:106} INFO - 2025-04-15 01:07:46 [scrapy.core.scraper] DEBUG: Scraped from <200 https://www.magazineluiza.com.br/busca/garrafa+stanley+aerolight+fast+flow/?page=1?page=2>
[2025-04-15T01:07:46.894+0000] {subprocess.py:106} INFO - {'title': 'Garrafa Térmica Aerolight Fast Flow 1,1L Polar Stanley', 'price': 'R$\xa0379,00', 'review': None, 'store': 'Magazine Luiza'}
[2025-04-15T01:07:46.896+0000] {subprocess.py:106} INFO - 2025-04-15 01:07:46 [scrapy.core.scraper] DEBUG: Scraped from <200 https://www.magazineluiza.com.br/busca/garrafa+stanley+aerolight+fast+flow/?page=1?page=2>
[2025-04-15T01:07:46.898+0000] {subprocess.py:106} INFO - {'title': 'Garrafa Térmica Aerolight Fast Flow Tigerlily 710ml Stanley', 'price': 'R$\xa0289,23', 'review': None, 'store': 'Magazine Luiza'}
[2025-04-15T01:07:46.900+0000] {subprocess.py:106} INFO - 2025-04-15 01:07:46 [scrapy.core.scraper] DEBUG: Scraped from <200 https://www.magazineluiza.com.br/busca/garrafa+stanley+aerolight+fast+flow/?page=1?page=2>
[2025-04-15T01:07:46.902+0000] {subprocess.py:106} INFO - {'title': 'Garrafa stanley térmica aerolight fast flow em aço inox 710ml azul tropical teal 08406-00', 'price': 'R$\xa0324,57', 'review': None, 'store': 'Magazine Luiza'}
[2025-04-15T01:07:46.905+0000] {subprocess.py:106} INFO - 2025-04-15 01:07:46 [scrapy.core.scraper] DEBUG: Scraped from <200 https://www.magazineluiza.com.br/busca/garrafa+stanley+aerolight+fast+flow/?page=1?page=2>
[2025-04-15T01:07:46.907+0000] {subprocess.py:106} INFO - {'title': 'Garrafa Térmica Stanley Aerolight Fast Flow Citron 1,1 Litros - STANLEY PMI', 'price': 'R$\xa0385,90', 'review': None, 'store': 'Magazine Luiza'}
[2025-04-15T01:07:46.909+0000] {subprocess.py:106} INFO - 2025-04-15 01:07:46 [scrapy.core.scraper] DEBUG: Scraped from <200 https://www.magazineluiza.com.br/busca/garrafa+stanley+aerolight+fast+flow/?page=1?page=2>
[2025-04-15T01:07:46.911+0000] {subprocess.py:106} INFO - {'title': 'Garrafa Térmica Stanley Aerolight Fast Flow 710ml Verde Água', 'price': 'R$\xa0268,57', 'review': None, 'store': 'Magazine Luiza'}
[2025-04-15T01:07:46.913+0000] {subprocess.py:106} INFO - 2025-04-15 01:07:46 [scrapy.core.scraper] DEBUG: Scraped from <200 https://www.magazineluiza.com.br/busca/garrafa+stanley+aerolight+fast+flow/?page=1?page=2>
[2025-04-15T01:07:46.917+0000] {subprocess.py:106} INFO - {'title': 'Garrafa Térmica Aerolight Fast Flow Stanley 710ML', 'price': 'R$\xa0359,91', 'review': None, 'store': 'Magazine Luiza'}
[2025-04-15T01:07:46.922+0000] {subprocess.py:106} INFO - 2025-04-15 01:07:46 [scrapy.core.scraper] DEBUG: Scraped from <200 https://www.magazineluiza.com.br/busca/garrafa+stanley+aerolight+fast+flow/?page=1?page=2>
[2025-04-15T01:07:46.925+0000] {subprocess.py:106} INFO - {'title': 'Garrafa Térmica Aerolight Fast Flow Polar 1,1L Stanley', 'price': 'R$\xa0351,23', 'review': None, 'store': 'Magazine Luiza'}
[2025-04-15T01:07:46.934+0000] {subprocess.py:106} INFO - 2025-04-15 01:07:46 [scrapy.core.scraper] DEBUG: Scraped from <200 https://www.magazineluiza.com.br/busca/garrafa+stanley+aerolight+fast+flow/?page=1?page=2>
[2025-04-15T01:07:46.936+0000] {subprocess.py:106} INFO - {'title': 'Garrafa Térmica Stanley Aerolight Fast Flow Citron 710ML - STANLEY PMI', 'price': 'R$\xa0419,90', 'review': None, 'store': 'Magazine Luiza'}
[2025-04-15T01:07:46.941+0000] {subprocess.py:106} INFO - 2025-04-15 01:07:46 [scrapy.core.scraper] DEBUG: Scraped from <200 https://www.magazineluiza.com.br/busca/garrafa+stanley+aerolight+fast+flow/?page=1?page=2>
[2025-04-15T01:07:46.944+0000] {subprocess.py:106} INFO - {'title': 'Garrafa Térmica Aerolight Fast Flow Heat Wave Passion Pink 710ML Stanley', 'price': 'R$\xa0306,81', 'review': None, 'store': 'Magazine Luiza'}
[2025-04-15T01:07:46.946+0000] {subprocess.py:106} INFO - 2025-04-15 01:07:46 [scrapy.core.scraper] DEBUG: Scraped from <200 https://www.magazineluiza.com.br/busca/garrafa+stanley+aerolight+fast+flow/?page=1?page=2>
[2025-04-15T01:07:46.950+0000] {subprocess.py:106} INFO - {'title': 'Garrafa stanley térmica aerolight fast flow em aço inox 710ml passion pink 08404-00', 'price': 'R$\xa0324,57', 'review': None, 'store': 'Magazine Luiza'}
[2025-04-15T01:07:46.953+0000] {subprocess.py:106} INFO - 2025-04-15 01:07:46 [scrapy.core.scraper] DEBUG: Scraped from <200 https://www.magazineluiza.com.br/busca/garrafa+stanley+aerolight+fast+flow/?page=1?page=2>
[2025-04-15T01:07:46.955+0000] {subprocess.py:106} INFO - {'title': 'Garrafa Térmica STanley Aerolight Fast Flow 1,1L', 'price': 'R$\xa0368,18', 'review': None, 'store': 'Magazine Luiza'}
[2025-04-15T01:07:46.958+0000] {subprocess.py:106} INFO - 2025-04-15 01:07:46 [scrapy.core.scraper] DEBUG: Scraped from <200 https://www.magazineluiza.com.br/busca/garrafa+stanley+aerolight+fast+flow/?page=1?page=2>
[2025-04-15T01:07:46.959+0000] {subprocess.py:106} INFO - {'title': 'Garrafa Térmica Stanley Aerolight Fast Flow Citron 1,1 Litros - STANLEY PMI', 'price': 'R$\xa0371,07', 'review': None, 'store': 'Magazine Luiza'}
[2025-04-15T01:07:46.961+0000] {subprocess.py:106} INFO - 2025-04-15 01:07:46 [scrapy.core.scraper] DEBUG: Scraped from <200 https://www.magazineluiza.com.br/busca/garrafa+stanley+aerolight+fast+flow/?page=1?page=2>
[2025-04-15T01:07:46.966+0000] {subprocess.py:106} INFO - {'title': 'Garrafa stanley térmica aerolight fast flow 710ml matte black 08202-00', 'price': 'R$\xa0324,57', 'review': '5.0 (1)', 'store': 'Magazine Luiza'}
[2025-04-15T01:07:46.968+0000] {subprocess.py:106} INFO - 2025-04-15 01:07:46 [scrapy.core.scraper] DEBUG: Scraped from <200 https://www.magazineluiza.com.br/busca/garrafa+stanley+aerolight+fast+flow/?page=1?page=2>
[2025-04-15T01:07:46.970+0000] {subprocess.py:106} INFO - {'title': 'Garrafa Térmica Stanley Aerolight Fast Flow 710ml Verde Limão', 'price': 'R$\xa0268,57', 'review': None, 'store': 'Magazine Luiza'}
[2025-04-15T01:07:46.972+0000] {subprocess.py:106} INFO - 2025-04-15 01:07:46 [scrapy.core.scraper] DEBUG: Scraped from <200 https://www.magazineluiza.com.br/busca/garrafa+stanley+aerolight+fast+flow/?page=1?page=2>
[2025-04-15T01:07:46.981+0000] {subprocess.py:106} INFO - {'title': 'Garrafa Térmica Stanley Aerolight Fast Flow Branco Polar 710ML - STANLEY PMI', 'price': 'R$\xa0369,90', 'review': None, 'store': 'Magazine Luiza'}
[2025-04-15T01:07:46.988+0000] {subprocess.py:106} INFO - 2025-04-15 01:07:46 [scrapy.core.scraper] DEBUG: Scraped from <200 https://www.magazineluiza.com.br/busca/garrafa+stanley+aerolight+fast+flow/?page=1?page=2>
[2025-04-15T01:07:46.990+0000] {subprocess.py:106} INFO - {'title': 'Garrafa Térmica Aerolight Fast Flow Stanley Citron 710 Ml', 'price': 'R$\xa0365,00', 'review': None, 'store': 'Magazine Luiza'}
[2025-04-15T01:07:46.992+0000] {subprocess.py:106} INFO - 2025-04-15 01:07:46 [scrapy.core.scraper] DEBUG: Scraped from <200 https://www.magazineluiza.com.br/busca/garrafa+stanley+aerolight+fast+flow/?page=1?page=2>
[2025-04-15T01:07:46.994+0000] {subprocess.py:106} INFO - {'title': 'Garrafa Térmica Stanley Aerolight Fast Flow Citron 1,1 Litros - STANLEY PMI', 'price': 'R$\xa0489,00', 'review': None, 'store': 'Magazine Luiza'}
[2025-04-15T01:07:46.997+0000] {subprocess.py:106} INFO - 2025-04-15 01:07:46 [scrapy.core.scraper] DEBUG: Scraped from <200 https://www.magazineluiza.com.br/busca/garrafa+stanley+aerolight+fast+flow/?page=1?page=2>
[2025-04-15T01:07:47.000+0000] {subprocess.py:106} INFO - {'title': 'Garrafa Térmica Stanley Aerolight Fast Flow 0.7L Verde 08205', 'price': 'R$\xa0344,01', 'review': None, 'store': 'Magazine Luiza'}
[2025-04-15T01:07:47.002+0000] {subprocess.py:106} INFO - 2025-04-15 01:07:46 [scrapy.core.scraper] DEBUG: Scraped from <200 https://www.magazineluiza.com.br/busca/garrafa+stanley+aerolight+fast+flow/?page=1?page=2>
[2025-04-15T01:07:47.004+0000] {subprocess.py:106} INFO - {'title': 'Garrafa Térmico Aerolight Fast Flow 710 Ml Citron Stanley', 'price': 'R$\xa0329,57', 'review': None, 'store': 'Magazine Luiza'}
[2025-04-15T01:07:47.007+0000] {subprocess.py:106} INFO - 2025-04-15 01:07:46 [scrapy.core.scraper] DEBUG: Scraped from <200 https://www.magazineluiza.com.br/busca/garrafa+stanley+aerolight+fast+flow/?page=1?page=2>
[2025-04-15T01:07:47.009+0000] {subprocess.py:106} INFO - {'title': 'Garrafa Térmica Aerolight Fast Flow Polar 1,1L', 'price': 'R$\xa0479,99', 'review': None, 'store': 'Magazine Luiza'}
[2025-04-15T01:07:47.011+0000] {subprocess.py:106} INFO - 2025-04-15 01:07:46 [scrapy.core.scraper] DEBUG: Scraped from <200 https://www.magazineluiza.com.br/busca/garrafa+stanley+aerolight+fast+flow/?page=1?page=2>
[2025-04-15T01:07:47.013+0000] {subprocess.py:106} INFO - {'title': 'Garrafa Térmica Stanley Aerolight Fast Flow Lavender 710ML - STANLEY PMI', 'price': 'R$\xa0361,77', 'review': None, 'store': 'Magazine Luiza'}
[2025-04-15T01:07:47.016+0000] {subprocess.py:106} INFO - 2025-04-15 01:07:46 [scrapy.core.scraper] DEBUG: Scraped from <200 https://www.magazineluiza.com.br/busca/garrafa+stanley+aerolight+fast+flow/?page=1?page=2>
[2025-04-15T01:07:47.019+0000] {subprocess.py:106} INFO - {'title': 'Garrafa Térmica Stanley Aerolight Fast Flow Tigerlily 710ML - STANLEY PMI', 'price': 'R$\xa0365,00', 'review': None, 'store': 'Magazine Luiza'}
[2025-04-15T01:07:47.022+0000] {subprocess.py:106} INFO - 2025-04-15 01:07:46 [scrapy.core.engine] DEBUG: Crawled (200) <GET https://www.magazineluiza.com.br/busca/garrafa+stanley+aerolight+fast+flow/?page=1?page=1> (referer: https://www.magazineluiza.com.br/busca/garrafa+stanley+aerolight+fast+flow/?page=1)
[2025-04-15T01:07:47.024+0000] {subprocess.py:106} INFO - 
[2025-04-15T01:07:47.026+0000] {subprocess.py:106} INFO - None
[2025-04-15T01:07:47.028+0000] {subprocess.py:106} INFO - Garrafa Térmica Stanley Aerolight Fast Flow Branco Polar 1,1 Litros - STANLEY PMI
[2025-04-15T01:07:47.030+0000] {subprocess.py:106} INFO - [R$ 385,90]
[2025-04-15T01:07:47.032+0000] {subprocess.py:106} INFO - None
[2025-04-15T01:07:47.034+0000] {subprocess.py:106} INFO - Garrafa Térmica Stanley Aerolight Fast Flow 710 ML Azul 0838
[2025-04-15T01:07:47.036+0000] {subprocess.py:106} INFO - [R$ 369,90]
[2025-04-15T01:07:47.038+0000] {subprocess.py:106} INFO - None
[2025-04-15T01:07:47.040+0000] {subprocess.py:106} INFO - Garrafa stanley térmica aerolight fast flow 1,1 litros branco polar 08207-00
[2025-04-15T01:07:47.042+0000] {subprocess.py:106} INFO - [R$ 343,17]
[2025-04-15T01:07:47.045+0000] {subprocess.py:106} INFO - None
[2025-04-15T01:07:47.048+0000] {subprocess.py:106} INFO - Garrafa Térmica Stanley Aerolight Fast Flow 710ml Azul Claro
[2025-04-15T01:07:47.050+0000] {subprocess.py:106} INFO - [R$ 268,57]
[2025-04-15T01:07:47.052+0000] {subprocess.py:106} INFO - None
[2025-04-15T01:07:47.055+0000] {subprocess.py:106} INFO - Garrafa termica stanley aerolight fast flow tigerlily 1,1l cod8208 cx6
[2025-04-15T01:07:47.057+0000] {subprocess.py:106} INFO - [R$ 434,37]
[2025-04-15T01:07:47.059+0000] {subprocess.py:106} INFO - 5.0 (1)
[2025-04-15T01:07:47.061+0000] {subprocess.py:106} INFO - Garrafa Térmica Stanley Aerolight Fast Flow Branco Polar 710
[2025-04-15T01:07:47.063+0000] {subprocess.py:106} INFO - [R$ 361,00]
[2025-04-15T01:07:47.066+0000] {subprocess.py:106} INFO - None
[2025-04-15T01:07:47.068+0000] {subprocess.py:106} INFO - Garrafa Térmica Stanley IceFlow Aerolight Fast Flow 700ml - Cinza
[2025-04-15T01:07:47.072+0000] {subprocess.py:106} INFO - [R$ 448,45]
[2025-04-15T01:07:47.074+0000] {subprocess.py:106} INFO - None
[2025-04-15T01:07:47.077+0000] {subprocess.py:106} INFO - Garrafa Térmica STanley Aerolight Fast Flow 1,1L
[2025-04-15T01:07:47.079+0000] {subprocess.py:106} INFO - [R$ 368,18]
[2025-04-15T01:07:47.081+0000] {subprocess.py:106} INFO - None
[2025-04-15T01:07:47.083+0000] {subprocess.py:106} INFO - Garrafa Térmica Stanley Aerolight Fast Flow Citron 1,1 Litros - STANLEY PMI
[2025-04-15T01:07:47.086+0000] {subprocess.py:106} INFO - [R$ 359,43]
[2025-04-15T01:07:47.088+0000] {subprocess.py:106} INFO - None
[2025-04-15T01:07:47.090+0000] {subprocess.py:106} INFO - Garrafa Térmica Aerolight Fast Flow 1,1L Polar Stanley
[2025-04-15T01:07:47.092+0000] {subprocess.py:106} INFO - [R$ 379,00]
[2025-04-15T01:07:47.094+0000] {subprocess.py:106} INFO - None
[2025-04-15T01:07:47.096+0000] {subprocess.py:106} INFO - Garrafa Térmica Aerolight Fast Flow Tigerlily 710ml Stanley
[2025-04-15T01:07:47.098+0000] {subprocess.py:106} INFO - [R$ 289,23]
[2025-04-15T01:07:47.100+0000] {subprocess.py:106} INFO - None
[2025-04-15T01:07:47.102+0000] {subprocess.py:106} INFO - Garrafa stanley térmica aerolight fast flow em aço inox 710ml azul tropical teal 08406-00
[2025-04-15T01:07:47.106+0000] {subprocess.py:106} INFO - [R$ 324,57]
[2025-04-15T01:07:47.110+0000] {subprocess.py:106} INFO - None
[2025-04-15T01:07:47.118+0000] {subprocess.py:106} INFO - Garrafa Térmica Stanley Aerolight Fast Flow Citron 1,1 Litros - STANLEY PMI
[2025-04-15T01:07:47.128+0000] {subprocess.py:106} INFO - [R$ 385,90]
[2025-04-15T01:07:47.133+0000] {subprocess.py:106} INFO - None
[2025-04-15T01:07:47.136+0000] {subprocess.py:106} INFO - Garrafa Térmica Stanley Aerolight Fast Flow 710ml Verde Água
[2025-04-15T01:07:47.138+0000] {subprocess.py:106} INFO - [R$ 268,57]
[2025-04-15T01:07:47.140+0000] {subprocess.py:106} INFO - None
[2025-04-15T01:07:47.142+0000] {subprocess.py:106} INFO - Garrafa Térmica Aerolight Fast Flow Stanley 710ML
[2025-04-15T01:07:47.144+0000] {subprocess.py:106} INFO - [R$ 359,91]
[2025-04-15T01:07:47.147+0000] {subprocess.py:106} INFO - None
[2025-04-15T01:07:47.148+0000] {subprocess.py:106} INFO - Garrafa Térmica Aerolight Fast Flow Polar 1,1L Stanley
[2025-04-15T01:07:47.151+0000] {subprocess.py:106} INFO - [R$ 351,23]
[2025-04-15T01:07:47.154+0000] {subprocess.py:106} INFO - None
[2025-04-15T01:07:47.157+0000] {subprocess.py:106} INFO - Garrafa Térmica Stanley Aerolight Fast Flow Citron 710ML - STANLEY PMI
[2025-04-15T01:07:47.160+0000] {subprocess.py:106} INFO - [R$ 419,90]
[2025-04-15T01:07:47.162+0000] {subprocess.py:106} INFO - None
[2025-04-15T01:07:47.164+0000] {subprocess.py:106} INFO - Garrafa Térmica Aerolight Fast Flow Heat Wave Passion Pink 710ML Stanley
[2025-04-15T01:07:47.166+0000] {subprocess.py:106} INFO - [R$ 306,81]
[2025-04-15T01:07:47.168+0000] {subprocess.py:106} INFO - None
[2025-04-15T01:07:47.171+0000] {subprocess.py:106} INFO - Garrafa stanley térmica aerolight fast flow em aço inox 710ml passion pink 08404-00
[2025-04-15T01:07:47.174+0000] {subprocess.py:106} INFO - [R$ 324,57]
[2025-04-15T01:07:47.177+0000] {subprocess.py:106} INFO - None
[2025-04-15T01:07:47.180+0000] {subprocess.py:106} INFO - Garrafa Térmica STanley Aerolight Fast Flow 1,1L
[2025-04-15T01:07:47.182+0000] {subprocess.py:106} INFO - [R$ 368,18]
[2025-04-15T01:07:47.185+0000] {subprocess.py:106} INFO - None
[2025-04-15T01:07:47.188+0000] {subprocess.py:106} INFO - Garrafa Térmica Stanley Aerolight Fast Flow Citron 1,1 Litros - STANLEY PMI
[2025-04-15T01:07:47.190+0000] {subprocess.py:106} INFO - [R$ 371,07]
[2025-04-15T01:07:47.192+0000] {subprocess.py:106} INFO - None
[2025-04-15T01:07:47.194+0000] {subprocess.py:106} INFO - Garrafa stanley térmica aerolight fast flow 710ml matte black 08202-00
[2025-04-15T01:07:47.196+0000] {subprocess.py:106} INFO - [R$ 324,57]
[2025-04-15T01:07:47.198+0000] {subprocess.py:106} INFO - 5.0 (1)
[2025-04-15T01:07:47.200+0000] {subprocess.py:106} INFO - Garrafa Térmica Stanley Aerolight Fast Flow 710ml Verde Limão
[2025-04-15T01:07:47.203+0000] {subprocess.py:106} INFO - [R$ 268,57]
[2025-04-15T01:07:47.205+0000] {subprocess.py:106} INFO - None
[2025-04-15T01:07:47.207+0000] {subprocess.py:106} INFO - Garrafa Térmica Stanley Aerolight Fast Flow Branco Polar 710ML - STANLEY PMI
[2025-04-15T01:07:47.209+0000] {subprocess.py:106} INFO - [R$ 369,90]
[2025-04-15T01:07:47.211+0000] {subprocess.py:106} INFO - None
[2025-04-15T01:07:47.213+0000] {subprocess.py:106} INFO - Garrafa Térmica Aerolight Fast Flow Stanley Citron 710 Ml
[2025-04-15T01:07:47.215+0000] {subprocess.py:106} INFO - [R$ 365,00]
[2025-04-15T01:07:47.218+0000] {subprocess.py:106} INFO - None
[2025-04-15T01:07:47.220+0000] {subprocess.py:106} INFO - Garrafa Térmica Stanley Aerolight Fast Flow Citron 1,1 Litros - STANLEY PMI
[2025-04-15T01:07:47.223+0000] {subprocess.py:106} INFO - [R$ 489,00]
[2025-04-15T01:07:47.225+0000] {subprocess.py:106} INFO - None
[2025-04-15T01:07:47.228+0000] {subprocess.py:106} INFO - Garrafa Térmica Stanley Aerolight Fast Flow 0.7L Verde 08205
[2025-04-15T01:07:47.230+0000] {subprocess.py:106} INFO - [R$ 344,01]
[2025-04-15T01:07:47.232+0000] {subprocess.py:106} INFO - None
[2025-04-15T01:07:47.234+0000] {subprocess.py:106} INFO - Garrafa Térmico Aerolight Fast Flow 710 Ml Citron Stanley
[2025-04-15T01:07:47.236+0000] {subprocess.py:106} INFO - [R$ 329,57]
[2025-04-15T01:07:47.239+0000] {subprocess.py:106} INFO - None
[2025-04-15T01:07:47.242+0000] {subprocess.py:106} INFO - Garrafa Térmica Aerolight Fast Flow Polar 1,1L
[2025-04-15T01:07:47.244+0000] {subprocess.py:106} INFO - [R$ 479,99]
[2025-04-15T01:07:47.246+0000] {subprocess.py:106} INFO - None
[2025-04-15T01:07:47.248+0000] {subprocess.py:106} INFO - Garrafa Térmica Stanley Aerolight Fast Flow Lavender 710ML - STANLEY PMI
[2025-04-15T01:07:47.251+0000] {subprocess.py:106} INFO - [R$ 361,77]
[2025-04-15T01:07:47.253+0000] {subprocess.py:106} INFO - None
[2025-04-15T01:07:47.255+0000] {subprocess.py:106} INFO - Garrafa Térmica Stanley Aerolight Fast Flow Tigerlily 710ML - STANLEY PMI
[2025-04-15T01:07:47.258+0000] {subprocess.py:106} INFO - [R$ 365,00]
[2025-04-15T01:07:47.261+0000] {subprocess.py:106} INFO - None
[2025-04-15T01:07:47.263+0000] {subprocess.py:106} INFO - https://www.magazineluiza.com.br/busca/garrafa+stanley+aerolight+fast+flow/?page=1?page=1
[2025-04-15T01:07:47.264+0000] {subprocess.py:106} INFO - blocos
[2025-04-15T01:07:47.266+0000] {subprocess.py:106} INFO - [<Selector query='//div[@data-testid="product-list"]//li' data='<li class="sc-hwhrDX ghzctf"><a href=...'>, <Selector query='//div[@data-testid="product-list"]//li' data='<li class="sc-hwhrDX ghzctf"><a href=...'>, <Selector query='//div[@data-testid="product-list"]//li' data='<li class="sc-hwhrDX ghzctf"><a href=...'>, <Selector query='//div[@data-testid="product-list"]//li' data='<li class="sc-hwhrDX ghzctf"><a href=...'>, <Selector query='//div[@data-testid="product-list"]//li' data='<li class="sc-hwhrDX ghzctf"><a href=...'>, <Selector query='//div[@data-testid="product-list"]//li' data='<li class="sc-hwhrDX ghzctf"><a href=...'>, <Selector query='//div[@data-testid="product-list"]//li' data='<li class="sc-hwhrDX ghzctf"><a href=...'>, <Selector query='//div[@data-testid="product-list"]//li' data='<li class="sc-hwhrDX ghzctf"><a href=...'>, <Selector query='//div[@data-testid="product-list"]//li' data='<li class="sc-hwhrDX ghzctf"><a href=...'>, <Selector query='//div[@data-testid="product-list"]//li' data='<li class="sc-hwhrDX ghzctf"><a href=...'>, <Selector query='//div[@data-testid="product-list"]//li' data='<li class="sc-hwhrDX ghzctf"><a href=...'>, <Selector query='//div[@data-testid="product-list"]//li' data='<li class="sc-hwhrDX ghzctf"><a href=...'>, <Selector query='//div[@data-testid="product-list"]//li' data='<li class="sc-hwhrDX ghzctf"><a href=...'>, <Selector query='//div[@data-testid="product-list"]//li' data='<li class="sc-hwhrDX ghzctf"><a href=...'>, <Selector query='//div[@data-testid="product-list"]//li' data='<li class="sc-hwhrDX ghzctf"><a href=...'>, <Selector query='//div[@data-testid="product-list"]//li' data='<li class="sc-hwhrDX ghzctf"><a href=...'>, <Selector query='//div[@data-testid="product-list"]//li' data='<li class="sc-hwhrDX ghzctf"><a href=...'>, <Selector query='//div[@data-testid="product-list"]//li' data='<li class="sc-hwhrDX ghzctf"><a href=...'>, <Selector query='//div[@data-testid="product-list"]//li' data='<li class="sc-hwhrDX ghzctf"><a href=...'>, <Selector query='//div[@data-testid="product-list"]//li' data='<li class="sc-hwhrDX ghzctf"><a href=...'>, <Selector query='//div[@data-testid="product-list"]//li' data='<li class="sc-hwhrDX ghzctf"><a href=...'>, <Selector query='//div[@data-testid="product-list"]//li' data='<li class="sc-hwhrDX ghzctf"><a href=...'>, <Selector query='//div[@data-testid="product-list"]//li' data='<li class="sc-hwhrDX ghzctf"><a href=...'>, <Selector query='//div[@data-testid="product-list"]//li' data='<li class="sc-hwhrDX ghzctf"><a href=...'>, <Selector query='//div[@data-testid="product-list"]//li' data='<li class="sc-hwhrDX ghzctf"><a href=...'>, <Selector query='//div[@data-testid="product-list"]//li' data='<li class="sc-hwhrDX ghzctf"><a href=...'>, <Selector query='//div[@data-testid="product-list"]//li' data='<li class="sc-hwhrDX ghzctf"><a href=...'>, <Selector query='//div[@data-testid="product-list"]//li' data='<li class="sc-hwhrDX ghzctf"><a href=...'>, <Selector query='//div[@data-testid="product-list"]//li' data='<li class="sc-hwhrDX ghzctf"><a href=...'>, <Selector query='//div[@data-testid="product-list"]//li' data='<li class="sc-hwhrDX ghzctf"><a href=...'>, <Selector query='//div[@data-testid="product-list"]//li' data='<li class="sc-hwhrDX ghzctf"><a href=...'>, <Selector query='//div[@data-testid="product-list"]//li' data='<li class="sc-hwhrDX ghzctf"><a href=...'>, <Selector query='//div[@data-testid="product-list"]//li' data='<li class="sc-hwhrDX ghzctf"><a href=...'>, <Selector query='//div[@data-testid="product-list"]//li' data='<li class="sc-hwhrDX ghzctf"><a href=...'>, <Selector query='//div[@data-testid="product-list"]//li' data='<li class="sc-hwhrDX ghzctf"><a href=...'>, <Selector query='//div[@data-testid="product-list"]//li' data='<li class="sc-hwhrDX ghzctf"><a href=...'>, <Selector query='//div[@data-testid="product-list"]//li' data='<li class="sc-hwhrDX ghzctf"><a href=...'>, <Selector query='//div[@data-testid="product-list"]//li' data='<li class="sc-hwhrDX ghzctf"><a href=...'>, <Selector query='//div[@data-testid="product-list"]//li' data='<li class="sc-hwhrDX ghzctf"><a href=...'>, <Selector query='//div[@data-testid="product-list"]//li' data='<li class="sc-hwhrDX ghzctf"><a href=...'>, <Selector query='//div[@data-testid="product-list"]//li' data='<li class="sc-hwhrDX ghzctf"><a href=...'>, <Selector query='//div[@data-testid="product-list"]//li' data='<li class="sc-hwhrDX ghzctf"><a href=...'>, <Selector query='//div[@data-testid="product-list"]//li' data='<li class="sc-hwhrDX ghzctf"><a href=...'>, <Selector query='//div[@data-testid="product-list"]//li' data='<li class="sc-hwhrDX ghzctf"><a href=...'>, <Selector query='//div[@data-testid="product-list"]//li' data='<li class="sc-hwhrDX ghzctf"><a href=...'>, <Selector query='//div[@data-testid="product-list"]//li' data='<li class="sc-hwhrDX ghzctf"><a href=...'>, <Selector query='//div[@data-testid="product-list"]//li' data='<li class="sc-hwhrDX ghzctf"><a href=...'>, <Selector query='//div[@data-testid="product-list"]//li' data='<li class="sc-hwhrDX ghzctf"><a href=...'>, <Selector query='//div[@data-testid="product-list"]//li' data='<li class="sc-hwhrDX ghzctf"><a href=...'>, <Selector query='//div[@data-testid="product-list"]//li' data='<li class="sc-hwhrDX ghzctf"><a href=...'>, <Selector query='//div[@data-testid="product-list"]//li' data='<li class="sc-hwhrDX ghzctf"><a href=...'>, <Selector query='//div[@data-testid="product-list"]//li' data='<li class="sc-hwhrDX ghzctf"><a href=...'>, <Selector query='//div[@data-testid="product-list"]//li' data='<li class="sc-hwhrDX ghzctf"><a href=...'>, <Selector query='//div[@data-testid="product-list"]//li' data='<li class="sc-hwhrDX ghzctf"><a href=...'>, <Selector query='//div[@data-testid="product-list"]//li' data='<li class="sc-hwhrDX ghzctf"><a href=...'>]2025-04-15 01:07:46 [scrapy.core.scraper] DEBUG: Scraped from <200 https://www.magazineluiza.com.br/busca/garrafa+stanley+aerolight+fast+flow/?page=1?page=1>
[2025-04-15T01:07:47.274+0000] {subprocess.py:106} INFO - {'title': 'GARRAFA STANLEY AEROLIGHT FAST FLOW 1.1Lt ORIGINAL TODAS AS CORES', 'price': 'R$\xa0332,00', 'review': '4.2 (6)', 'store': 'Magazine Luiza'}
[2025-04-15T01:07:47.277+0000] {subprocess.py:106} INFO - 2025-04-15 01:07:46 [scrapy.core.scraper] DEBUG: Scraped from <200 https://www.magazineluiza.com.br/busca/garrafa+stanley+aerolight+fast+flow/?page=1?page=1>
[2025-04-15T01:07:47.279+0000] {subprocess.py:106} INFO - {'title': 'Garrafa stanley aerolight fast flow 710ml original todas as cores', 'price': 'R$\xa0304,10', 'review': '5.0 (1)', 'store': 'Magazine Luiza'}
[2025-04-15T01:07:47.285+0000] {subprocess.py:106} INFO - 2025-04-15 01:07:46 [scrapy.core.scraper] DEBUG: Scraped from <200 https://www.magazineluiza.com.br/busca/garrafa+stanley+aerolight+fast+flow/?page=1?page=1>
[2025-04-15T01:07:47.289+0000] {subprocess.py:106} INFO - {'title': 'Garrafa Térmica Aerolight Stanley Fast Flow 710ml - Matte Black', 'price': 'R$\xa0287,37', 'review': '5.0 (1)', 'store': 'Magazine Luiza'}
[2025-04-15T01:07:47.292+0000] {subprocess.py:106} INFO - 2025-04-15 01:07:46 [scrapy.core.scraper] DEBUG: Scraped from <200 https://www.magazineluiza.com.br/busca/garrafa+stanley+aerolight+fast+flow/?page=1?page=1>
[2025-04-15T01:07:47.295+0000] {subprocess.py:106} INFO - {'title': 'Garrafa Térmica Stanley Aerolight Fast Flow Lavender 710ML - STANLEY PMI', 'price': 'R$\xa0289,97', 'review': None, 'store': 'Magazine Luiza'}
[2025-04-15T01:07:47.299+0000] {subprocess.py:106} INFO - 2025-04-15 01:07:46 [scrapy.core.scraper] DEBUG: Scraped from <200 https://www.magazineluiza.com.br/busca/garrafa+stanley+aerolight+fast+flow/?page=1?page=1>
[2025-04-15T01:07:47.302+0000] {subprocess.py:106} INFO - {'title': 'Stanley Garrafa Térmica Aerolight Original Fast Flow Branco Polar 710ml', 'price': 'R$\xa0332,10', 'review': None, 'store': 'Magazine Luiza'}
[2025-04-15T01:07:47.305+0000] {subprocess.py:106} INFO - 2025-04-15 01:07:46 [scrapy.core.scraper] DEBUG: Scraped from <200 https://www.magazineluiza.com.br/busca/garrafa+stanley+aerolight+fast+flow/?page=1?page=1>
[2025-04-15T01:07:47.308+0000] {subprocess.py:106} INFO - {'title': 'Garrafa Térmica Aerolight Stanley Fast Flow 1,1L - Tigerlily', 'price': 'R$\xa0315,27', 'review': '5.0 (1)', 'store': 'Magazine Luiza'}
[2025-04-15T01:07:47.311+0000] {subprocess.py:106} INFO - 2025-04-15 01:07:46 [scrapy.core.scraper] DEBUG: Scraped from <200 https://www.magazineluiza.com.br/busca/garrafa+stanley+aerolight+fast+flow/?page=1?page=1>
[2025-04-15T01:07:47.313+0000] {subprocess.py:106} INFO - {'title': 'Garrafa Térmica Stanley Aerolight Fast Flow 1.1L Pink', 'price': 'R$\xa0289,23', 'review': None, 'store': 'Magazine Luiza'}
[2025-04-15T01:07:47.318+0000] {subprocess.py:106} INFO - 2025-04-15 01:07:46 [scrapy.core.scraper] DEBUG: Scraped from <200 https://www.magazineluiza.com.br/busca/garrafa+stanley+aerolight+fast+flow/?page=1?page=1>
[2025-04-15T01:07:47.321+0000] {subprocess.py:106} INFO - {'title': 'Garrafa Térmica Aerolight Fast Flow Matte Black 1,1L Stanley', 'price': 'R$\xa0351,23', 'review': '4.2 (6)', 'store': 'Magazine Luiza'}
[2025-04-15T01:07:47.322+0000] {subprocess.py:106} INFO - 2025-04-15 01:07:46 [scrapy.core.scraper] DEBUG: Scraped from <200 https://www.magazineluiza.com.br/busca/garrafa+stanley+aerolight+fast+flow/?page=1?page=1>
[2025-04-15T01:07:47.325+0000] {subprocess.py:106} INFO - {'title': 'Garrafa Térmica Aerolight Stanley Fast Flow 710ml - Lavender', 'price': 'R$\xa0287,37', 'review': None, 'store': 'Magazine Luiza'}
[2025-04-15T01:07:47.327+0000] {subprocess.py:106} INFO - 2025-04-15 01:07:46 [scrapy.core.scraper] DEBUG: Scraped from <200 https://www.magazineluiza.com.br/busca/garrafa+stanley+aerolight+fast+flow/?page=1?page=1>
[2025-04-15T01:07:47.329+0000] {subprocess.py:106} INFO - {'title': 'Garrafa Térmica Stanley Aerolight Fast Flow Branco Polar 1,1 Litros', 'price': 'R$\xa0299,46', 'review': None, 'store': 'Magazine Luiza'}
[2025-04-15T01:07:47.332+0000] {subprocess.py:106} INFO - 2025-04-15 01:07:46 [scrapy.core.scraper] DEBUG: Scraped from <200 https://www.magazineluiza.com.br/busca/garrafa+stanley+aerolight+fast+flow/?page=1?page=1>
[2025-04-15T01:07:47.334+0000] {subprocess.py:106} INFO - {'title': 'Garrafa Térmica Aerolight Stanley Fast Flow 1,1L - Citron', 'price': 'R$\xa0315,27', 'review': None, 'store': 'Magazine Luiza'}
[2025-04-15T01:07:47.336+0000] {subprocess.py:106} INFO - 2025-04-15 01:07:46 [scrapy.core.scraper] DEBUG: Scraped from <200 https://www.magazineluiza.com.br/busca/garrafa+stanley+aerolight+fast+flow/?page=1?page=1>
[2025-04-15T01:07:47.338+0000] {subprocess.py:106} INFO - {'title': 'Garrafa Térmica Aerolight Stanley Fast Flow 1,1L - Polar', 'price': 'R$\xa0315,27', 'review': None, 'store': 'Magazine Luiza'}
[2025-04-15T01:07:47.340+0000] {subprocess.py:106} INFO - 2025-04-15 01:07:46 [scrapy.core.scraper] DEBUG: Scraped from <200 https://www.magazineluiza.com.br/busca/garrafa+stanley+aerolight+fast+flow/?page=1?page=1>
[2025-04-15T01:07:47.343+0000] {subprocess.py:106} INFO - {'title': 'Garrafa Térmica Stanley Aerolight Fast Flow Citron 710ML', 'price': 'R$\xa0272,49', 'review': None, 'store': 'Magazine Luiza'}
[2025-04-15T01:07:47.346+0000] {subprocess.py:106} INFO - 2025-04-15 01:07:46 [scrapy.core.scraper] DEBUG: Scraped from <200 https://www.magazineluiza.com.br/busca/garrafa+stanley+aerolight+fast+flow/?page=1?page=1>
[2025-04-15T01:07:47.348+0000] {subprocess.py:106} INFO - {'title': 'Garrafa Térmica Stanley Aerolight Fast Flow Original Laranja Tigerlily 1,1 L', 'price': 'R$\xa0379,00', 'review': '5.0 (1)', 'store': 'Magazine Luiza'}
[2025-04-15T01:07:47.353+0000] {subprocess.py:106} INFO - 2025-04-15 01:07:46 [scrapy.core.scraper] DEBUG: Scraped from <200 https://www.magazineluiza.com.br/busca/garrafa+stanley+aerolight+fast+flow/?page=1?page=1>
[2025-04-15T01:07:47.360+0000] {subprocess.py:106} INFO - {'title': 'Garrafa Térmica Aerolight Laranja Fast Flow Tigerlily 1,1L Stanley', 'price': 'R$\xa0344,01', 'review': '5.0 (1)', 'store': 'Magazine Luiza'}
[2025-04-15T01:07:47.374+0000] {subprocess.py:106} INFO - 2025-04-15 01:07:46 [scrapy.core.scraper] DEBUG: Scraped from <200 https://www.magazineluiza.com.br/busca/garrafa+stanley+aerolight+fast+flow/?page=1?page=1>
[2025-04-15T01:07:47.379+0000] {subprocess.py:106} INFO - {'title': 'Garrafa stanley térmica aerolight fast flow em aço inox 710ml lavender 08241-00', 'price': 'R$\xa0324,57', 'review': None, 'store': 'Magazine Luiza'}
[2025-04-15T01:07:47.386+0000] {subprocess.py:106} INFO - 2025-04-15 01:07:46 [scrapy.core.scraper] DEBUG: Scraped from <200 https://www.magazineluiza.com.br/busca/garrafa+stanley+aerolight+fast+flow/?page=1?page=1>
[2025-04-15T01:07:47.391+0000] {subprocess.py:106} INFO - {'title': 'Garrafa stanley térmica aerolight fast flow 1,1 litros laranja tigerlily 08242-00', 'price': 'R$\xa0343,17', 'review': '5.0 (1)', 'store': 'Magazine Luiza'}
[2025-04-15T01:07:47.395+0000] {subprocess.py:106} INFO - 2025-04-15 01:07:46 [scrapy.core.scraper] DEBUG: Scraped from <200 https://www.magazineluiza.com.br/busca/garrafa+stanley+aerolight+fast+flow/?page=1?page=1>
[2025-04-15T01:07:47.397+0000] {subprocess.py:106} INFO - {'title': 'Garrafa Térmica Stanley Aerolight Fast Flow 710ml Rosa Claro', 'price': 'R$\xa0268,57', 'review': None, 'store': 'Magazine Luiza'}
[2025-04-15T01:07:47.398+0000] {subprocess.py:106} INFO - 2025-04-15 01:07:46 [scrapy.core.scraper] DEBUG: Scraped from <200 https://www.magazineluiza.com.br/busca/garrafa+stanley+aerolight+fast+flow/?page=1?page=1>
[2025-04-15T01:07:47.400+0000] {subprocess.py:106} INFO - {'title': 'Garrafa Térmica Stanley Aerolight Fast Flow 1.1L Verde Água', 'price': 'R$\xa0289,23', 'review': None, 'store': 'Magazine Luiza'}
[2025-04-15T01:07:47.403+0000] {subprocess.py:106} INFO - 2025-04-15 01:07:46 [scrapy.core.scraper] DEBUG: Scraped from <200 https://www.magazineluiza.com.br/busca/garrafa+stanley+aerolight+fast+flow/?page=1?page=1>
[2025-04-15T01:07:47.405+0000] {subprocess.py:106} INFO - {'title': 'Garrafa Térmica Stanley Aerolight Fast Flow Branco Polar 1,1 Litros - STANLEY PMI', 'price': 'R$\xa0399,00', 'review': None, 'store': 'Magazine Luiza'}
[2025-04-15T01:07:47.407+0000] {subprocess.py:106} INFO - 2025-04-15 01:07:46 [scrapy.core.scraper] DEBUG: Scraped from <200 https://www.magazineluiza.com.br/busca/garrafa+stanley+aerolight+fast+flow/?page=1?page=1>
[2025-04-15T01:07:47.409+0000] {subprocess.py:106} INFO - {'title': 'Garrafa Térmica Stanley Aerolight Fast Flow Matte Black 710ML - STANLEY PMI', 'price': 'R$\xa0365,00', 'review': '5.0 (1)', 'store': 'Magazine Luiza'}
[2025-04-15T01:07:47.412+0000] {subprocess.py:106} INFO - 2025-04-15 01:07:46 [scrapy.core.scraper] DEBUG: Scraped from <200 https://www.magazineluiza.com.br/busca/garrafa+stanley+aerolight+fast+flow/?page=1?page=1>
[2025-04-15T01:07:47.414+0000] {subprocess.py:106} INFO - {'title': 'Garrafa stanley térmica aerolight fast flow em aço inox 710ml laranja tigerlily 08204-00', 'price': 'R$\xa0324,57', 'review': None, 'store': 'Magazine Luiza'}
[2025-04-15T01:07:47.420+0000] {subprocess.py:106} INFO - 2025-04-15 01:07:46 [scrapy.core.scraper] DEBUG: Scraped from <200 https://www.magazineluiza.com.br/busca/garrafa+stanley+aerolight+fast+flow/?page=1?page=1>
[2025-04-15T01:07:47.422+0000] {subprocess.py:106} INFO - {'title': 'Garrafa stanley térmica aerolight fast flow em aço inox 710ml vivid violet 08405-00', 'price': 'R$\xa0324,57', 'review': None, 'store': 'Magazine Luiza'}
[2025-04-15T01:07:47.424+0000] {subprocess.py:106} INFO - 2025-04-15 01:07:46 [scrapy.core.scraper] DEBUG: Scraped from <200 https://www.magazineluiza.com.br/busca/garrafa+stanley+aerolight+fast+flow/?page=1?page=1>
[2025-04-15T01:07:47.427+0000] {subprocess.py:106} INFO - {'title': 'Garrafa Térmica Stanley Aerolight Fast Flow 710ml Lilás', 'price': 'R$\xa0268,57', 'review': None, 'store': 'Magazine Luiza'}
[2025-04-15T01:07:47.430+0000] {subprocess.py:106} INFO - 2025-04-15 01:07:46 [scrapy.core.scraper] DEBUG: Scraped from <200 https://www.magazineluiza.com.br/busca/garrafa+stanley+aerolight+fast+flow/?page=1?page=1>
[2025-04-15T01:07:47.433+0000] {subprocess.py:106} INFO - {'title': 'Garrafa Térmica Stanley Aerolight Fast Flow Branco Polar 1,1 Litros - STANLEY PMI', 'price': 'R$\xa0385,90', 'review': None, 'store': 'Magazine Luiza'}
[2025-04-15T01:07:47.436+0000] {subprocess.py:106} INFO - 2025-04-15 01:07:46 [scrapy.core.scraper] DEBUG: Scraped from <200 https://www.magazineluiza.com.br/busca/garrafa+stanley+aerolight+fast+flow/?page=1?page=1>
[2025-04-15T01:07:47.438+0000] {subprocess.py:106} INFO - {'title': 'Garrafa Térmica Stanley Aerolight Fast Flow 710 ML Azul 0838', 'price': 'R$\xa0369,90', 'review': None, 'store': 'Magazine Luiza'}
[2025-04-15T01:07:47.440+0000] {subprocess.py:106} INFO - 2025-04-15 01:07:46 [scrapy.core.scraper] DEBUG: Scraped from <200 https://www.magazineluiza.com.br/busca/garrafa+stanley+aerolight+fast+flow/?page=1?page=1>
[2025-04-15T01:07:47.443+0000] {subprocess.py:106} INFO - {'title': 'Garrafa stanley térmica aerolight fast flow 1,1 litros branco polar 08207-00', 'price': 'R$\xa0343,17', 'review': None, 'store': 'Magazine Luiza'}
[2025-04-15T01:07:47.445+0000] {subprocess.py:106} INFO - 2025-04-15 01:07:46 [scrapy.core.scraper] DEBUG: Scraped from <200 https://www.magazineluiza.com.br/busca/garrafa+stanley+aerolight+fast+flow/?page=1?page=1>
[2025-04-15T01:07:47.447+0000] {subprocess.py:106} INFO - {'title': 'Garrafa Térmica Stanley Aerolight Fast Flow 710ml Azul Claro', 'price': 'R$\xa0268,57', 'review': None, 'store': 'Magazine Luiza'}
[2025-04-15T01:07:47.449+0000] {subprocess.py:106} INFO - 2025-04-15 01:07:46 [scrapy.core.scraper] DEBUG: Scraped from <200 https://www.magazineluiza.com.br/busca/garrafa+stanley+aerolight+fast+flow/?page=1?page=1>
[2025-04-15T01:07:47.453+0000] {subprocess.py:106} INFO - {'title': 'Garrafa termica stanley aerolight fast flow tigerlily 1,1l cod8208 cx6', 'price': 'R$\xa0434,37', 'review': '5.0 (1)', 'store': 'Magazine Luiza'}
[2025-04-15T01:07:47.455+0000] {subprocess.py:106} INFO - 2025-04-15 01:07:46 [scrapy.core.scraper] DEBUG: Scraped from <200 https://www.magazineluiza.com.br/busca/garrafa+stanley+aerolight+fast+flow/?page=1?page=1>
[2025-04-15T01:07:47.457+0000] {subprocess.py:106} INFO - {'title': 'Garrafa Térmica Stanley Aerolight Fast Flow Branco Polar 710', 'price': 'R$\xa0361,00', 'review': None, 'store': 'Magazine Luiza'}
[2025-04-15T01:07:47.460+0000] {subprocess.py:106} INFO - 2025-04-15 01:07:46 [scrapy.core.scraper] DEBUG: Scraped from <200 https://www.magazineluiza.com.br/busca/garrafa+stanley+aerolight+fast+flow/?page=1?page=1>
[2025-04-15T01:07:47.462+0000] {subprocess.py:106} INFO - {'title': 'Garrafa Térmica Stanley IceFlow Aerolight Fast Flow 700ml - Cinza', 'price': 'R$\xa0448,45', 'review': None, 'store': 'Magazine Luiza'}
[2025-04-15T01:07:47.464+0000] {subprocess.py:106} INFO - 2025-04-15 01:07:46 [scrapy.core.scraper] DEBUG: Scraped from <200 https://www.magazineluiza.com.br/busca/garrafa+stanley+aerolight+fast+flow/?page=1?page=1>
[2025-04-15T01:07:47.468+0000] {subprocess.py:106} INFO - {'title': 'Garrafa Térmica STanley Aerolight Fast Flow 1,1L', 'price': 'R$\xa0368,18', 'review': None, 'store': 'Magazine Luiza'}
[2025-04-15T01:07:47.473+0000] {subprocess.py:106} INFO - 2025-04-15 01:07:46 [scrapy.core.scraper] DEBUG: Scraped from <200 https://www.magazineluiza.com.br/busca/garrafa+stanley+aerolight+fast+flow/?page=1?page=1>
[2025-04-15T01:07:47.475+0000] {subprocess.py:106} INFO - {'title': 'Garrafa Térmica Stanley Aerolight Fast Flow Citron 1,1 Litros - STANLEY PMI', 'price': 'R$\xa0359,43', 'review': None, 'store': 'Magazine Luiza'}
[2025-04-15T01:07:47.477+0000] {subprocess.py:106} INFO - 2025-04-15 01:07:46 [scrapy.core.scraper] DEBUG: Scraped from <200 https://www.magazineluiza.com.br/busca/garrafa+stanley+aerolight+fast+flow/?page=1?page=1>
[2025-04-15T01:07:47.481+0000] {subprocess.py:106} INFO - {'title': 'Garrafa Térmica Aerolight Fast Flow 1,1L Polar Stanley', 'price': 'R$\xa0379,00', 'review': None, 'store': 'Magazine Luiza'}
[2025-04-15T01:07:47.484+0000] {subprocess.py:106} INFO - 2025-04-15 01:07:46 [scrapy.core.scraper] DEBUG: Scraped from <200 https://www.magazineluiza.com.br/busca/garrafa+stanley+aerolight+fast+flow/?page=1?page=1>
[2025-04-15T01:07:47.486+0000] {subprocess.py:106} INFO - {'title': 'Garrafa Térmica Aerolight Fast Flow Tigerlily 710ml Stanley', 'price': 'R$\xa0289,23', 'review': None, 'store': 'Magazine Luiza'}
[2025-04-15T01:07:47.488+0000] {subprocess.py:106} INFO - 2025-04-15 01:07:46 [scrapy.core.scraper] DEBUG: Scraped from <200 https://www.magazineluiza.com.br/busca/garrafa+stanley+aerolight+fast+flow/?page=1?page=1>
[2025-04-15T01:07:47.490+0000] {subprocess.py:106} INFO - {'title': 'Garrafa stanley térmica aerolight fast flow em aço inox 710ml azul tropical teal 08406-00', 'price': 'R$\xa0324,57', 'review': None, 'store': 'Magazine Luiza'}
[2025-04-15T01:07:47.493+0000] {subprocess.py:106} INFO - 2025-04-15 01:07:46 [scrapy.core.scraper] DEBUG: Scraped from <200 https://www.magazineluiza.com.br/busca/garrafa+stanley+aerolight+fast+flow/?page=1?page=1>
[2025-04-15T01:07:47.495+0000] {subprocess.py:106} INFO - {'title': 'Garrafa Térmica Stanley Aerolight Fast Flow Citron 1,1 Litros - STANLEY PMI', 'price': 'R$\xa0385,90', 'review': None, 'store': 'Magazine Luiza'}
[2025-04-15T01:07:47.497+0000] {subprocess.py:106} INFO - 2025-04-15 01:07:46 [scrapy.core.scraper] DEBUG: Scraped from <200 https://www.magazineluiza.com.br/busca/garrafa+stanley+aerolight+fast+flow/?page=1?page=1>
[2025-04-15T01:07:47.499+0000] {subprocess.py:106} INFO - {'title': 'Garrafa Térmica Stanley Aerolight Fast Flow 710ml Verde Água', 'price': 'R$\xa0268,57', 'review': None, 'store': 'Magazine Luiza'}
[2025-04-15T01:07:47.501+0000] {subprocess.py:106} INFO - 2025-04-15 01:07:46 [scrapy.core.scraper] DEBUG: Scraped from <200 https://www.magazineluiza.com.br/busca/garrafa+stanley+aerolight+fast+flow/?page=1?page=1>
[2025-04-15T01:07:47.503+0000] {subprocess.py:106} INFO - {'title': 'Garrafa Térmica Aerolight Fast Flow Stanley 710ML', 'price': 'R$\xa0359,91', 'review': None, 'store': 'Magazine Luiza'}
[2025-04-15T01:07:47.506+0000] {subprocess.py:106} INFO - 2025-04-15 01:07:46 [scrapy.core.scraper] DEBUG: Scraped from <200 https://www.magazineluiza.com.br/busca/garrafa+stanley+aerolight+fast+flow/?page=1?page=1>
[2025-04-15T01:07:47.508+0000] {subprocess.py:106} INFO - {'title': 'Garrafa Térmica Aerolight Fast Flow Polar 1,1L Stanley', 'price': 'R$\xa0351,23', 'review': None, 'store': 'Magazine Luiza'}
[2025-04-15T01:07:47.510+0000] {subprocess.py:106} INFO - 2025-04-15 01:07:46 [scrapy.core.scraper] DEBUG: Scraped from <200 https://www.magazineluiza.com.br/busca/garrafa+stanley+aerolight+fast+flow/?page=1?page=1>
[2025-04-15T01:07:47.513+0000] {subprocess.py:106} INFO - {'title': 'Garrafa Térmica Stanley Aerolight Fast Flow Citron 710ML - STANLEY PMI', 'price': 'R$\xa0419,90', 'review': None, 'store': 'Magazine Luiza'}
[2025-04-15T01:07:47.515+0000] {subprocess.py:106} INFO - 2025-04-15 01:07:46 [scrapy.core.scraper] DEBUG: Scraped from <200 https://www.magazineluiza.com.br/busca/garrafa+stanley+aerolight+fast+flow/?page=1?page=1>
[2025-04-15T01:07:47.517+0000] {subprocess.py:106} INFO - {'title': 'Garrafa Térmica Aerolight Fast Flow Heat Wave Passion Pink 710ML Stanley', 'price': 'R$\xa0306,81', 'review': None, 'store': 'Magazine Luiza'}
[2025-04-15T01:07:47.519+0000] {subprocess.py:106} INFO - 2025-04-15 01:07:46 [scrapy.core.scraper] DEBUG: Scraped from <200 https://www.magazineluiza.com.br/busca/garrafa+stanley+aerolight+fast+flow/?page=1?page=1>
[2025-04-15T01:07:47.522+0000] {subprocess.py:106} INFO - {'title': 'Garrafa stanley térmica aerolight fast flow em aço inox 710ml passion pink 08404-00', 'price': 'R$\xa0324,57', 'review': None, 'store': 'Magazine Luiza'}
[2025-04-15T01:07:47.524+0000] {subprocess.py:106} INFO - 2025-04-15 01:07:46 [scrapy.core.scraper] DEBUG: Scraped from <200 https://www.magazineluiza.com.br/busca/garrafa+stanley+aerolight+fast+flow/?page=1?page=1>
[2025-04-15T01:07:47.525+0000] {subprocess.py:106} INFO - {'title': 'Garrafa Térmica STanley Aerolight Fast Flow 1,1L', 'price': 'R$\xa0368,18', 'review': None, 'store': 'Magazine Luiza'}
[2025-04-15T01:07:47.527+0000] {subprocess.py:106} INFO - 2025-04-15 01:07:46 [scrapy.core.scraper] DEBUG: Scraped from <200 https://www.magazineluiza.com.br/busca/garrafa+stanley+aerolight+fast+flow/?page=1?page=1>
[2025-04-15T01:07:47.529+0000] {subprocess.py:106} INFO - {'title': 'Garrafa Térmica Stanley Aerolight Fast Flow Citron 1,1 Litros - STANLEY PMI', 'price': 'R$\xa0371,07', 'review': None, 'store': 'Magazine Luiza'}
[2025-04-15T01:07:47.531+0000] {subprocess.py:106} INFO - 2025-04-15 01:07:46 [scrapy.core.scraper] DEBUG: Scraped from <200 https://www.magazineluiza.com.br/busca/garrafa+stanley+aerolight+fast+flow/?page=1?page=1>
[2025-04-15T01:07:47.534+0000] {subprocess.py:106} INFO - {'title': 'Garrafa stanley térmica aerolight fast flow 710ml matte black 08202-00', 'price': 'R$\xa0324,57', 'review': '5.0 (1)', 'store': 'Magazine Luiza'}
[2025-04-15T01:07:47.537+0000] {subprocess.py:106} INFO - 2025-04-15 01:07:46 [scrapy.core.scraper] DEBUG: Scraped from <200 https://www.magazineluiza.com.br/busca/garrafa+stanley+aerolight+fast+flow/?page=1?page=1>
[2025-04-15T01:07:47.541+0000] {subprocess.py:106} INFO - {'title': 'Garrafa Térmica Stanley Aerolight Fast Flow 710ml Verde Limão', 'price': 'R$\xa0268,57', 'review': None, 'store': 'Magazine Luiza'}
[2025-04-15T01:07:47.543+0000] {subprocess.py:106} INFO - 2025-04-15 01:07:46 [scrapy.core.scraper] DEBUG: Scraped from <200 https://www.magazineluiza.com.br/busca/garrafa+stanley+aerolight+fast+flow/?page=1?page=1>
[2025-04-15T01:07:47.545+0000] {subprocess.py:106} INFO - {'title': 'Garrafa Térmica Stanley Aerolight Fast Flow Branco Polar 710ML - STANLEY PMI', 'price': 'R$\xa0369,90', 'review': None, 'store': 'Magazine Luiza'}
[2025-04-15T01:07:47.547+0000] {subprocess.py:106} INFO - 2025-04-15 01:07:46 [scrapy.core.scraper] DEBUG: Scraped from <200 https://www.magazineluiza.com.br/busca/garrafa+stanley+aerolight+fast+flow/?page=1?page=1>
[2025-04-15T01:07:47.549+0000] {subprocess.py:106} INFO - {'title': 'Garrafa Térmica Aerolight Fast Flow Stanley Citron 710 Ml', 'price': 'R$\xa0365,00', 'review': None, 'store': 'Magazine Luiza'}
[2025-04-15T01:07:47.551+0000] {subprocess.py:106} INFO - 2025-04-15 01:07:46 [scrapy.core.scraper] DEBUG: Scraped from <200 https://www.magazineluiza.com.br/busca/garrafa+stanley+aerolight+fast+flow/?page=1?page=1>
[2025-04-15T01:07:47.553+0000] {subprocess.py:106} INFO - {'title': 'Garrafa Térmica Stanley Aerolight Fast Flow Citron 1,1 Litros - STANLEY PMI', 'price': 'R$\xa0489,00', 'review': None, 'store': 'Magazine Luiza'}
[2025-04-15T01:07:47.556+0000] {subprocess.py:106} INFO - 2025-04-15 01:07:46 [scrapy.core.scraper] DEBUG: Scraped from <200 https://www.magazineluiza.com.br/busca/garrafa+stanley+aerolight+fast+flow/?page=1?page=1>
[2025-04-15T01:07:47.557+0000] {subprocess.py:106} INFO - {'title': 'Garrafa Térmica Stanley Aerolight Fast Flow 0.7L Verde 08205', 'price': 'R$\xa0344,01', 'review': None, 'store': 'Magazine Luiza'}
[2025-04-15T01:07:47.559+0000] {subprocess.py:106} INFO - 2025-04-15 01:07:46 [scrapy.core.scraper] DEBUG: Scraped from <200 https://www.magazineluiza.com.br/busca/garrafa+stanley+aerolight+fast+flow/?page=1?page=1>
[2025-04-15T01:07:47.561+0000] {subprocess.py:106} INFO - {'title': 'Garrafa Térmico Aerolight Fast Flow 710 Ml Citron Stanley', 'price': 'R$\xa0329,57', 'review': None, 'store': 'Magazine Luiza'}
[2025-04-15T01:07:47.563+0000] {subprocess.py:106} INFO - 2025-04-15 01:07:46 [scrapy.core.scraper] DEBUG: Scraped from <200 https://www.magazineluiza.com.br/busca/garrafa+stanley+aerolight+fast+flow/?page=1?page=1>
[2025-04-15T01:07:47.565+0000] {subprocess.py:106} INFO - {'title': 'Garrafa Térmica Aerolight Fast Flow Polar 1,1L', 'price': 'R$\xa0479,99', 'review': None, 'store': 'Magazine Luiza'}
[2025-04-15T01:07:47.567+0000] {subprocess.py:106} INFO - 2025-04-15 01:07:46 [scrapy.core.scraper] DEBUG: Scraped from <200 https://www.magazineluiza.com.br/busca/garrafa+stanley+aerolight+fast+flow/?page=1?page=1>
[2025-04-15T01:07:47.569+0000] {subprocess.py:106} INFO - {'title': 'Garrafa Térmica Stanley Aerolight Fast Flow Lavender 710ML - STANLEY PMI', 'price': 'R$\xa0361,77', 'review': None, 'store': 'Magazine Luiza'}
[2025-04-15T01:07:47.570+0000] {subprocess.py:106} INFO - 2025-04-15 01:07:46 [scrapy.core.scraper] DEBUG: Scraped from <200 https://www.magazineluiza.com.br/busca/garrafa+stanley+aerolight+fast+flow/?page=1?page=1>
[2025-04-15T01:07:47.572+0000] {subprocess.py:106} INFO - {'title': 'Garrafa Térmica Stanley Aerolight Fast Flow Tigerlily 710ML - STANLEY PMI', 'price': 'R$\xa0365,00', 'review': None, 'store': 'Magazine Luiza'}
[2025-04-15T01:07:47.574+0000] {subprocess.py:106} INFO - 2025-04-15 01:07:46 [scrapy.core.engine] INFO: Closing spider (finished)
[2025-04-15T01:07:47.578+0000] {subprocess.py:106} INFO - 2025-04-15 01:07:46 [scrapy.extensions.feedexport] INFO: Stored csv feed (110 items) in: /opt/***/dags/scrap_result.csv
[2025-04-15T01:07:47.580+0000] {subprocess.py:106} INFO - 2025-04-15 01:07:46 [scrapy.statscollectors] INFO: Dumping Scrapy stats:
[2025-04-15T01:07:47.582+0000] {subprocess.py:106} INFO - {'downloader/request_bytes': 2450,
[2025-04-15T01:07:47.585+0000] {subprocess.py:106} INFO -  'downloader/request_count': 3,
[2025-04-15T01:07:47.588+0000] {subprocess.py:106} INFO -  'downloader/request_method_count/GET': 3,
[2025-04-15T01:07:47.590+0000] {subprocess.py:106} INFO -  'downloader/response_bytes': 285286,
[2025-04-15T01:07:47.592+0000] {subprocess.py:106} INFO -  'downloader/response_count': 3,
[2025-04-15T01:07:47.594+0000] {subprocess.py:106} INFO -  'downloader/response_status_count/200': 3,
[2025-04-15T01:07:47.596+0000] {subprocess.py:106} INFO -  'elapsed_time_seconds': 3.652846,
[2025-04-15T01:07:47.599+0000] {subprocess.py:106} INFO -  'feedexport/success_count/FileFeedStorage': 1,
[2025-04-15T01:07:47.600+0000] {subprocess.py:106} INFO -  'finish_reason': 'finished',
[2025-04-15T01:07:47.602+0000] {subprocess.py:106} INFO -  'finish_time': datetime.datetime(2025, 4, 15, 1, 7, 46, 930845, tzinfo=datetime.timezone.utc),
[2025-04-15T01:07:47.605+0000] {subprocess.py:106} INFO -  'httpcompression/response_bytes': 2119525,
[2025-04-15T01:07:47.606+0000] {subprocess.py:106} INFO -  'httpcompression/response_count': 3,
[2025-04-15T01:07:47.609+0000] {subprocess.py:106} INFO -  'item_scraped_count': 110,
[2025-04-15T01:07:47.611+0000] {subprocess.py:106} INFO -  'items_per_minute': None,
[2025-04-15T01:07:47.613+0000] {subprocess.py:106} INFO -  'log_count/DEBUG': 114,
[2025-04-15T01:07:47.615+0000] {subprocess.py:106} INFO -  'log_count/INFO': 11,
[2025-04-15T01:07:47.617+0000] {subprocess.py:106} INFO -  'memusage/max': 218738688,
[2025-04-15T01:07:47.620+0000] {subprocess.py:106} INFO -  'memusage/startup': 218738688,
[2025-04-15T01:07:47.622+0000] {subprocess.py:106} INFO -  'request_depth_max': 1,
[2025-04-15T01:07:47.624+0000] {subprocess.py:106} INFO -  'response_received_count': 3,
[2025-04-15T01:07:47.626+0000] {subprocess.py:106} INFO -  'responses_per_minute': None,
[2025-04-15T01:07:47.628+0000] {subprocess.py:106} INFO -  'scheduler/dequeued': 3,
[2025-04-15T01:07:47.630+0000] {subprocess.py:106} INFO -  'scheduler/dequeued/memory': 3,
[2025-04-15T01:07:47.632+0000] {subprocess.py:106} INFO -  'scheduler/enqueued': 3,
[2025-04-15T01:07:47.634+0000] {subprocess.py:106} INFO -  'scheduler/enqueued/memory': 3,
[2025-04-15T01:07:47.636+0000] {subprocess.py:106} INFO -  'start_time': datetime.datetime(2025, 4, 15, 1, 7, 43, 277999, tzinfo=datetime.timezone.utc)}
[2025-04-15T01:07:47.638+0000] {subprocess.py:106} INFO - 2025-04-15 01:07:46 [scrapy.core.engine] INFO: Spider closed (finished)
[2025-04-15T01:07:47.640+0000] {subprocess.py:106} INFO - 
[2025-04-15T01:07:47.642+0000] {subprocess.py:106} INFO - GARRAFA STANLEY AEROLIGHT FAST FLOW 1.1Lt ORIGINAL TODAS AS CORES
[2025-04-15T01:07:47.644+0000] {subprocess.py:106} INFO - [R$ 332,00]
[2025-04-15T01:07:47.646+0000] {subprocess.py:106} INFO - 4.2 (6)
[2025-04-15T01:07:47.648+0000] {subprocess.py:106} INFO - Garrafa stanley aerolight fast flow 710ml original todas as cores
[2025-04-15T01:07:47.650+0000] {subprocess.py:106} INFO - [R$ 304,10]
[2025-04-15T01:07:47.653+0000] {subprocess.py:106} INFO - 5.0 (1)
[2025-04-15T01:07:47.655+0000] {subprocess.py:106} INFO - Garrafa Térmica Aerolight Stanley Fast Flow 710ml - Matte Black
[2025-04-15T01:07:47.657+0000] {subprocess.py:106} INFO - [R$ 287,37]
[2025-04-15T01:07:47.659+0000] {subprocess.py:106} INFO - 5.0 (1)
[2025-04-15T01:07:47.661+0000] {subprocess.py:106} INFO - Garrafa Térmica Stanley Aerolight Fast Flow Lavender 710ML - STANLEY PMI
[2025-04-15T01:07:47.663+0000] {subprocess.py:106} INFO - [R$ 289,97]
[2025-04-15T01:07:47.665+0000] {subprocess.py:106} INFO - None
[2025-04-15T01:07:47.667+0000] {subprocess.py:106} INFO - Stanley Garrafa Térmica Aerolight Original Fast Flow Branco Polar 710ml
[2025-04-15T01:07:47.670+0000] {subprocess.py:106} INFO - [R$ 332,10]
[2025-04-15T01:07:47.672+0000] {subprocess.py:106} INFO - None
[2025-04-15T01:07:47.674+0000] {subprocess.py:106} INFO - Garrafa Térmica Aerolight Stanley Fast Flow 1,1L - Tigerlily
[2025-04-15T01:07:47.675+0000] {subprocess.py:106} INFO - [R$ 315,27]
[2025-04-15T01:07:47.678+0000] {subprocess.py:106} INFO - 5.0 (1)
[2025-04-15T01:07:47.679+0000] {subprocess.py:106} INFO - Garrafa Térmica Stanley Aerolight Fast Flow 1.1L Pink
[2025-04-15T01:07:47.682+0000] {subprocess.py:106} INFO - [R$ 289,23]
[2025-04-15T01:07:47.684+0000] {subprocess.py:106} INFO - None
[2025-04-15T01:07:47.687+0000] {subprocess.py:106} INFO - Garrafa Térmica Aerolight Fast Flow Matte Black 1,1L Stanley
[2025-04-15T01:07:47.689+0000] {subprocess.py:106} INFO - [R$ 351,23]
[2025-04-15T01:07:47.691+0000] {subprocess.py:106} INFO - 4.2 (6)
[2025-04-15T01:07:47.693+0000] {subprocess.py:106} INFO - Garrafa Térmica Aerolight Stanley Fast Flow 710ml - Lavender
[2025-04-15T01:07:47.695+0000] {subprocess.py:106} INFO - [R$ 287,37]
[2025-04-15T01:07:47.697+0000] {subprocess.py:106} INFO - None
[2025-04-15T01:07:47.698+0000] {subprocess.py:106} INFO - Garrafa Térmica Stanley Aerolight Fast Flow Branco Polar 1,1 Litros
[2025-04-15T01:07:47.700+0000] {subprocess.py:106} INFO - [R$ 299,46]
[2025-04-15T01:07:47.702+0000] {subprocess.py:106} INFO - None
[2025-04-15T01:07:47.704+0000] {subprocess.py:106} INFO - Garrafa Térmica Aerolight Stanley Fast Flow 1,1L - Citron
[2025-04-15T01:07:47.706+0000] {subprocess.py:106} INFO - [R$ 315,27]
[2025-04-15T01:07:47.708+0000] {subprocess.py:106} INFO - None
[2025-04-15T01:07:47.710+0000] {subprocess.py:106} INFO - Garrafa Térmica Aerolight Stanley Fast Flow 1,1L - Polar
[2025-04-15T01:07:47.712+0000] {subprocess.py:106} INFO - [R$ 315,27]
[2025-04-15T01:07:47.714+0000] {subprocess.py:106} INFO - None
[2025-04-15T01:07:47.716+0000] {subprocess.py:106} INFO - Garrafa Térmica Stanley Aerolight Fast Flow Citron 710ML
[2025-04-15T01:07:47.718+0000] {subprocess.py:106} INFO - [R$ 272,49]
[2025-04-15T01:07:47.721+0000] {subprocess.py:106} INFO - None
[2025-04-15T01:07:47.722+0000] {subprocess.py:106} INFO - Garrafa Térmica Stanley Aerolight Fast Flow Original Laranja Tigerlily 1,1 L
[2025-04-15T01:07:47.724+0000] {subprocess.py:106} INFO - [R$ 379,00]
[2025-04-15T01:07:47.726+0000] {subprocess.py:106} INFO - 5.0 (1)
[2025-04-15T01:07:47.728+0000] {subprocess.py:106} INFO - Garrafa Térmica Aerolight Laranja Fast Flow Tigerlily 1,1L Stanley
[2025-04-15T01:07:47.730+0000] {subprocess.py:106} INFO - [R$ 344,01]
[2025-04-15T01:07:47.732+0000] {subprocess.py:106} INFO - 5.0 (1)
[2025-04-15T01:07:47.734+0000] {subprocess.py:106} INFO - Garrafa stanley térmica aerolight fast flow em aço inox 710ml lavender 08241-00
[2025-04-15T01:07:47.737+0000] {subprocess.py:106} INFO - [R$ 324,57]
[2025-04-15T01:07:47.739+0000] {subprocess.py:106} INFO - None
[2025-04-15T01:07:47.741+0000] {subprocess.py:106} INFO - Garrafa stanley térmica aerolight fast flow 1,1 litros laranja tigerlily 08242-00
[2025-04-15T01:07:47.743+0000] {subprocess.py:106} INFO - [R$ 343,17]
[2025-04-15T01:07:47.745+0000] {subprocess.py:106} INFO - 5.0 (1)
[2025-04-15T01:07:47.747+0000] {subprocess.py:106} INFO - Garrafa Térmica Stanley Aerolight Fast Flow 710ml Rosa Claro
[2025-04-15T01:07:47.749+0000] {subprocess.py:106} INFO - [R$ 268,57]
[2025-04-15T01:07:47.752+0000] {subprocess.py:106} INFO - None
[2025-04-15T01:07:47.755+0000] {subprocess.py:106} INFO - Garrafa Térmica Stanley Aerolight Fast Flow 1.1L Verde Água
[2025-04-15T01:07:47.758+0000] {subprocess.py:106} INFO - [R$ 289,23]
[2025-04-15T01:07:47.760+0000] {subprocess.py:106} INFO - None
[2025-04-15T01:07:47.761+0000] {subprocess.py:106} INFO - Garrafa Térmica Stanley Aerolight Fast Flow Branco Polar 1,1 Litros - STANLEY PMI
[2025-04-15T01:07:47.764+0000] {subprocess.py:106} INFO - [R$ 399,00]
[2025-04-15T01:07:47.766+0000] {subprocess.py:106} INFO - None
[2025-04-15T01:07:47.769+0000] {subprocess.py:106} INFO - Garrafa Térmica Stanley Aerolight Fast Flow Matte Black 710ML - STANLEY PMI
[2025-04-15T01:07:47.770+0000] {subprocess.py:106} INFO - [R$ 365,00]
[2025-04-15T01:07:47.772+0000] {subprocess.py:106} INFO - 5.0 (1)
[2025-04-15T01:07:47.774+0000] {subprocess.py:106} INFO - Garrafa stanley térmica aerolight fast flow em aço inox 710ml laranja tigerlily 08204-00
[2025-04-15T01:07:47.775+0000] {subprocess.py:106} INFO - [R$ 324,57]
[2025-04-15T01:07:47.777+0000] {subprocess.py:106} INFO - None
[2025-04-15T01:07:47.779+0000] {subprocess.py:106} INFO - Garrafa stanley térmica aerolight fast flow em aço inox 710ml vivid violet 08405-00
[2025-04-15T01:07:47.780+0000] {subprocess.py:106} INFO - [R$ 324,57]
[2025-04-15T01:07:47.782+0000] {subprocess.py:106} INFO - None
[2025-04-15T01:07:47.786+0000] {subprocess.py:106} INFO - Garrafa Térmica Stanley Aerolight Fast Flow 710ml Lilás
[2025-04-15T01:07:47.789+0000] {subprocess.py:106} INFO - [R$ 268,57]
[2025-04-15T01:07:47.792+0000] {subprocess.py:106} INFO - None
[2025-04-15T01:07:47.794+0000] {subprocess.py:106} INFO - Garrafa Térmica Stanley Aerolight Fast Flow Branco Polar 1,1 Litros - STANLEY PMI
[2025-04-15T01:07:47.796+0000] {subprocess.py:106} INFO - [R$ 385,90]
[2025-04-15T01:07:47.798+0000] {subprocess.py:106} INFO - None
[2025-04-15T01:07:47.801+0000] {subprocess.py:106} INFO - Garrafa Térmica Stanley Aerolight Fast Flow 710 ML Azul 0838
[2025-04-15T01:07:47.804+0000] {subprocess.py:106} INFO - [R$ 369,90]
[2025-04-15T01:07:47.807+0000] {subprocess.py:106} INFO - None
[2025-04-15T01:07:47.809+0000] {subprocess.py:106} INFO - Garrafa stanley térmica aerolight fast flow 1,1 litros branco polar 08207-00
[2025-04-15T01:07:47.812+0000] {subprocess.py:106} INFO - [R$ 343,17]
[2025-04-15T01:07:47.814+0000] {subprocess.py:106} INFO - None
[2025-04-15T01:07:47.817+0000] {subprocess.py:106} INFO - Garrafa Térmica Stanley Aerolight Fast Flow 710ml Azul Claro
[2025-04-15T01:07:47.820+0000] {subprocess.py:106} INFO - [R$ 268,57]
[2025-04-15T01:07:47.821+0000] {subprocess.py:106} INFO - None
[2025-04-15T01:07:47.823+0000] {subprocess.py:106} INFO - Garrafa termica stanley aerolight fast flow tigerlily 1,1l cod8208 cx6
[2025-04-15T01:07:47.826+0000] {subprocess.py:106} INFO - [R$ 434,37]
[2025-04-15T01:07:47.828+0000] {subprocess.py:106} INFO - 5.0 (1)
[2025-04-15T01:07:47.830+0000] {subprocess.py:106} INFO - Garrafa Térmica Stanley Aerolight Fast Flow Branco Polar 710
[2025-04-15T01:07:47.834+0000] {subprocess.py:106} INFO - [R$ 361,00]
[2025-04-15T01:07:47.837+0000] {subprocess.py:106} INFO - None
[2025-04-15T01:07:47.840+0000] {subprocess.py:106} INFO - Garrafa Térmica Stanley IceFlow Aerolight Fast Flow 700ml - Cinza
[2025-04-15T01:07:47.842+0000] {subprocess.py:106} INFO - [R$ 448,45]
[2025-04-15T01:07:47.844+0000] {subprocess.py:106} INFO - None
[2025-04-15T01:07:47.846+0000] {subprocess.py:106} INFO - Garrafa Térmica STanley Aerolight Fast Flow 1,1L
[2025-04-15T01:07:47.847+0000] {subprocess.py:106} INFO - [R$ 368,18]
[2025-04-15T01:07:47.849+0000] {subprocess.py:106} INFO - None
[2025-04-15T01:07:47.852+0000] {subprocess.py:106} INFO - Garrafa Térmica Stanley Aerolight Fast Flow Citron 1,1 Litros - STANLEY PMI
[2025-04-15T01:07:47.854+0000] {subprocess.py:106} INFO - [R$ 359,43]
[2025-04-15T01:07:47.856+0000] {subprocess.py:106} INFO - None
[2025-04-15T01:07:47.858+0000] {subprocess.py:106} INFO - Garrafa Térmica Aerolight Fast Flow 1,1L Polar Stanley
[2025-04-15T01:07:47.859+0000] {subprocess.py:106} INFO - [R$ 379,00]
[2025-04-15T01:07:47.861+0000] {subprocess.py:106} INFO - None
[2025-04-15T01:07:47.863+0000] {subprocess.py:106} INFO - Garrafa Térmica Aerolight Fast Flow Tigerlily 710ml Stanley
[2025-04-15T01:07:47.865+0000] {subprocess.py:106} INFO - [R$ 289,23]
[2025-04-15T01:07:47.867+0000] {subprocess.py:106} INFO - None
[2025-04-15T01:07:47.869+0000] {subprocess.py:106} INFO - Garrafa stanley térmica aerolight fast flow em aço inox 710ml azul tropical teal 08406-00
[2025-04-15T01:07:47.871+0000] {subprocess.py:106} INFO - [R$ 324,57]
[2025-04-15T01:07:47.873+0000] {subprocess.py:106} INFO - None
[2025-04-15T01:07:47.875+0000] {subprocess.py:106} INFO - Garrafa Térmica Stanley Aerolight Fast Flow Citron 1,1 Litros - STANLEY PMI
[2025-04-15T01:07:47.876+0000] {subprocess.py:106} INFO - [R$ 385,90]
[2025-04-15T01:07:47.878+0000] {subprocess.py:106} INFO - None
[2025-04-15T01:07:47.880+0000] {subprocess.py:106} INFO - Garrafa Térmica Stanley Aerolight Fast Flow 710ml Verde Água
[2025-04-15T01:07:47.882+0000] {subprocess.py:106} INFO - [R$ 268,57]
[2025-04-15T01:07:47.884+0000] {subprocess.py:106} INFO - None
[2025-04-15T01:07:47.885+0000] {subprocess.py:106} INFO - Garrafa Térmica Aerolight Fast Flow Stanley 710ML
[2025-04-15T01:07:47.888+0000] {subprocess.py:106} INFO - [R$ 359,91]
[2025-04-15T01:07:47.890+0000] {subprocess.py:106} INFO - None
[2025-04-15T01:07:47.892+0000] {subprocess.py:106} INFO - Garrafa Térmica Aerolight Fast Flow Polar 1,1L Stanley
[2025-04-15T01:07:47.894+0000] {subprocess.py:106} INFO - [R$ 351,23]
[2025-04-15T01:07:47.896+0000] {subprocess.py:106} INFO - None
[2025-04-15T01:07:47.898+0000] {subprocess.py:106} INFO - Garrafa Térmica Stanley Aerolight Fast Flow Citron 710ML - STANLEY PMI
[2025-04-15T01:07:47.900+0000] {subprocess.py:106} INFO - [R$ 419,90]
[2025-04-15T01:07:47.902+0000] {subprocess.py:106} INFO - None
[2025-04-15T01:07:47.904+0000] {subprocess.py:106} INFO - Garrafa Térmica Aerolight Fast Flow Heat Wave Passion Pink 710ML Stanley
[2025-04-15T01:07:47.906+0000] {subprocess.py:106} INFO - [R$ 306,81]
[2025-04-15T01:07:47.907+0000] {subprocess.py:106} INFO - None
[2025-04-15T01:07:47.909+0000] {subprocess.py:106} INFO - Garrafa stanley térmica aerolight fast flow em aço inox 710ml passion pink 08404-00
[2025-04-15T01:07:47.911+0000] {subprocess.py:106} INFO - [R$ 324,57]
[2025-04-15T01:07:47.912+0000] {subprocess.py:106} INFO - None
[2025-04-15T01:07:47.914+0000] {subprocess.py:106} INFO - Garrafa Térmica STanley Aerolight Fast Flow 1,1L
[2025-04-15T01:07:47.916+0000] {subprocess.py:106} INFO - [R$ 368,18]
[2025-04-15T01:07:47.918+0000] {subprocess.py:106} INFO - None
[2025-04-15T01:07:47.920+0000] {subprocess.py:106} INFO - Garrafa Térmica Stanley Aerolight Fast Flow Citron 1,1 Litros - STANLEY PMI
[2025-04-15T01:07:47.923+0000] {subprocess.py:106} INFO - [R$ 371,07]
[2025-04-15T01:07:47.924+0000] {subprocess.py:106} INFO - None
[2025-04-15T01:07:47.927+0000] {subprocess.py:106} INFO - Garrafa stanley térmica aerolight fast flow 710ml matte black 08202-00
[2025-04-15T01:07:47.929+0000] {subprocess.py:106} INFO - [R$ 324,57]
[2025-04-15T01:07:47.935+0000] {subprocess.py:106} INFO - 5.0 (1)
[2025-04-15T01:07:47.937+0000] {subprocess.py:106} INFO - Garrafa Térmica Stanley Aerolight Fast Flow 710ml Verde Limão
[2025-04-15T01:07:47.938+0000] {subprocess.py:106} INFO - [R$ 268,57]
[2025-04-15T01:07:47.940+0000] {subprocess.py:106} INFO - None
[2025-04-15T01:07:47.942+0000] {subprocess.py:106} INFO - Garrafa Térmica Stanley Aerolight Fast Flow Branco Polar 710ML - STANLEY PMI
[2025-04-15T01:07:47.944+0000] {subprocess.py:106} INFO - [R$ 369,90]
[2025-04-15T01:07:47.946+0000] {subprocess.py:106} INFO - None
[2025-04-15T01:07:47.948+0000] {subprocess.py:106} INFO - Garrafa Térmica Aerolight Fast Flow Stanley Citron 710 Ml
[2025-04-15T01:07:47.949+0000] {subprocess.py:106} INFO - [R$ 365,00]
[2025-04-15T01:07:47.952+0000] {subprocess.py:106} INFO - None
[2025-04-15T01:07:47.954+0000] {subprocess.py:106} INFO - Garrafa Térmica Stanley Aerolight Fast Flow Citron 1,1 Litros - STANLEY PMI
[2025-04-15T01:07:47.957+0000] {subprocess.py:106} INFO - [R$ 489,00]
[2025-04-15T01:07:47.959+0000] {subprocess.py:106} INFO - None
[2025-04-15T01:07:47.961+0000] {subprocess.py:106} INFO - Garrafa Térmica Stanley Aerolight Fast Flow 0.7L Verde 08205
[2025-04-15T01:07:47.963+0000] {subprocess.py:106} INFO - [R$ 344,01]
[2025-04-15T01:07:47.965+0000] {subprocess.py:106} INFO - None
[2025-04-15T01:07:47.967+0000] {subprocess.py:106} INFO - Garrafa Térmico Aerolight Fast Flow 710 Ml Citron Stanley
[2025-04-15T01:07:47.971+0000] {subprocess.py:106} INFO - [R$ 329,57]
[2025-04-15T01:07:47.973+0000] {subprocess.py:106} INFO - None
[2025-04-15T01:07:47.975+0000] {subprocess.py:106} INFO - Garrafa Térmica Aerolight Fast Flow Polar 1,1L
[2025-04-15T01:07:47.977+0000] {subprocess.py:106} INFO - [R$ 479,99]
[2025-04-15T01:07:47.978+0000] {subprocess.py:106} INFO - None
[2025-04-15T01:07:47.980+0000] {subprocess.py:106} INFO - Garrafa Térmica Stanley Aerolight Fast Flow Lavender 710ML - STANLEY PMI
[2025-04-15T01:07:47.982+0000] {subprocess.py:106} INFO - [R$ 361,77]
[2025-04-15T01:07:47.985+0000] {subprocess.py:106} INFO - None
[2025-04-15T01:07:47.988+0000] {subprocess.py:106} INFO - Garrafa Térmica Stanley Aerolight Fast Flow Tigerlily 710ML - STANLEY PMI
[2025-04-15T01:07:47.989+0000] {subprocess.py:106} INFO - [R$ 365,00]
[2025-04-15T01:07:47.991+0000] {subprocess.py:106} INFO - None
[2025-04-15T01:07:47.993+0000] {subprocess.py:110} INFO - Command exited with return code 0
[2025-04-15T01:07:48.125+0000] {taskinstance.py:341} INFO - ::group::Post task execution logs
[2025-04-15T01:07:48.128+0000] {taskinstance.py:353} INFO - Marking task as SUCCESS. dag_id=pipeline_garrafa_stanley, task_id=scrap_magalu, run_id=manual__2025-04-15T01:07:35.944088+00:00, execution_date=20250415T010735, start_date=20250415T010739, end_date=20250415T010748
[2025-04-15T01:07:48.282+0000] {local_task_job_runner.py:266} INFO - Task exited with return code 0
[2025-04-15T01:07:48.396+0000] {taskinstance.py:3901} INFO - 1 downstream tasks scheduled from follow-on schedule check
[2025-04-15T01:07:48.404+0000] {local_task_job_runner.py:245} INFO - ::endgroup::
