[2025-04-14T23:51:28.955+0000] {local_task_job_runner.py:123} INFO - ::group::Pre task execution logs
[2025-04-14T23:51:29.150+0000] {taskinstance.py:2614} INFO - Dependencies all met for dep_context=non-requeueable deps ti=<TaskInstance: pipeline_garrafa_stanley.etl_scrap manual__2025-04-14T23:51:08.642371+00:00 [queued]>
[2025-04-14T23:51:29.202+0000] {taskinstance.py:2614} INFO - Dependencies all met for dep_context=requeueable deps ti=<TaskInstance: pipeline_garrafa_stanley.etl_scrap manual__2025-04-14T23:51:08.642371+00:00 [queued]>
[2025-04-14T23:51:29.205+0000] {taskinstance.py:2867} INFO - Starting attempt 1 of 1
[2025-04-14T23:51:29.255+0000] {taskinstance.py:2890} INFO - Executing <Task(PythonOperator): etl_scrap> on 2025-04-14 23:51:08.642371+00:00
[2025-04-14T23:51:29.279+0000] {warnings.py:112} WARNING - /home/***/.local/lib/python3.12/site-packages/***/task/task_runner/standard_task_runner.py:70: DeprecationWarning: This process (pid=3223) is multi-threaded, use of fork() may lead to deadlocks in the child.
  pid = os.fork()

[2025-04-14T23:51:29.286+0000] {standard_task_runner.py:72} INFO - Started process 3225 to run task
[2025-04-14T23:51:29.290+0000] {standard_task_runner.py:104} INFO - Running: ['***', 'tasks', 'run', 'pipeline_garrafa_stanley', 'etl_scrap', 'manual__2025-04-14T23:51:08.642371+00:00', '--job-id', '115', '--raw', '--subdir', 'DAGS_FOLDER/pipeline.py', '--cfg-path', '/tmp/tmpwqc1w9kv']
[2025-04-14T23:51:29.298+0000] {standard_task_runner.py:105} INFO - Job 115: Subtask etl_scrap
[2025-04-14T23:51:29.558+0000] {task_command.py:467} INFO - Running <TaskInstance: pipeline_garrafa_stanley.etl_scrap manual__2025-04-14T23:51:08.642371+00:00 [running]> on host a68e7f38875d
[2025-04-14T23:51:30.096+0000] {taskinstance.py:3134} INFO - Exporting env vars: AIRFLOW_CTX_DAG_OWNER='***' AIRFLOW_CTX_DAG_ID='pipeline_garrafa_stanley' AIRFLOW_CTX_TASK_ID='etl_scrap' AIRFLOW_CTX_EXECUTION_DATE='2025-04-14T23:51:08.642371+00:00' AIRFLOW_CTX_TRY_NUMBER='1' AIRFLOW_CTX_DAG_RUN_ID='manual__2025-04-14T23:51:08.642371+00:00'
[2025-04-14T23:51:30.102+0000] {taskinstance.py:732} INFO - ::endgroup::
[2025-04-14T23:51:30.540+0000] {logging_mixin.py:190} INFO - Leitura de '/opt/***/dags/scrap_result.csv' realizada com sucesso.
[2025-04-14T23:51:30.544+0000] {logging_mixin.py:190} INFO - Normalização dos dados realizada com sucesso.
[2025-04-14T23:51:30.548+0000] {logging_mixin.py:190} INFO - Carga realizada com sucesso na tabela 'scrappy'.
[2025-04-14T23:51:30.557+0000] {python.py:240} INFO - Done. Returned value was: None
[2025-04-14T23:51:30.703+0000] {taskinstance.py:341} INFO - ::group::Post task execution logs
[2025-04-14T23:51:30.706+0000] {taskinstance.py:353} INFO - Marking task as SUCCESS. dag_id=pipeline_garrafa_stanley, task_id=etl_scrap, run_id=manual__2025-04-14T23:51:08.642371+00:00, execution_date=20250414T235108, start_date=20250414T235129, end_date=20250414T235130
[2025-04-14T23:51:30.961+0000] {local_task_job_runner.py:266} INFO - Task exited with return code 0
[2025-04-14T23:51:31.130+0000] {taskinstance.py:3901} INFO - 1 downstream tasks scheduled from follow-on schedule check
[2025-04-14T23:51:31.145+0000] {local_task_job_runner.py:245} INFO - ::endgroup::
