[2025-04-14T23:48:36.526+0000] {local_task_job_runner.py:123} INFO - ::group::Pre task execution logs
[2025-04-14T23:48:36.600+0000] {taskinstance.py:2614} INFO - Dependencies all met for dep_context=non-requeueable deps ti=<TaskInstance: pipeline_garrafa_stanley.scrap_magalu manual__2025-04-14T23:48:32.821587+00:00 [queued]>
[2025-04-14T23:48:36.625+0000] {taskinstance.py:2614} INFO - Dependencies all met for dep_context=requeueable deps ti=<TaskInstance: pipeline_garrafa_stanley.scrap_magalu manual__2025-04-14T23:48:32.821587+00:00 [queued]>
[2025-04-14T23:48:36.628+0000] {taskinstance.py:2867} INFO - Starting attempt 1 of 1
[2025-04-14T23:48:36.663+0000] {taskinstance.py:2890} INFO - Executing <Task(BashOperator): scrap_magalu> on 2025-04-14 23:48:32.821587+00:00
[2025-04-14T23:48:36.678+0000] {warnings.py:112} WARNING - /home/***/.local/lib/python3.12/site-packages/***/task/task_runner/standard_task_runner.py:70: DeprecationWarning: This process (pid=3147) is multi-threaded, use of fork() may lead to deadlocks in the child.
  pid = os.fork()

[2025-04-14T23:48:36.683+0000] {standard_task_runner.py:72} INFO - Started process 3157 to run task
[2025-04-14T23:48:36.687+0000] {standard_task_runner.py:104} INFO - Running: ['***', 'tasks', 'run', 'pipeline_garrafa_stanley', 'scrap_magalu', 'manual__2025-04-14T23:48:32.821587+00:00', '--job-id', '108', '--raw', '--subdir', 'DAGS_FOLDER/pipeline.py', '--cfg-path', '/tmp/tmpqbiv0q2_']
[2025-04-14T23:48:36.694+0000] {standard_task_runner.py:105} INFO - Job 108: Subtask scrap_magalu
[2025-04-14T23:48:36.906+0000] {task_command.py:467} INFO - Running <TaskInstance: pipeline_garrafa_stanley.scrap_magalu manual__2025-04-14T23:48:32.821587+00:00 [running]> on host a68e7f38875d
[2025-04-14T23:48:37.329+0000] {taskinstance.py:3134} INFO - Exporting env vars: AIRFLOW_CTX_DAG_OWNER='Mário Kojima' AIRFLOW_CTX_DAG_ID='pipeline_garrafa_stanley' AIRFLOW_CTX_TASK_ID='scrap_magalu' AIRFLOW_CTX_EXECUTION_DATE='2025-04-14T23:48:32.821587+00:00' AIRFLOW_CTX_TRY_NUMBER='1' AIRFLOW_CTX_DAG_RUN_ID='manual__2025-04-14T23:48:32.821587+00:00'
[2025-04-14T23:48:37.346+0000] {taskinstance.py:732} INFO - ::endgroup::
[2025-04-14T23:48:37.384+0000] {subprocess.py:78} INFO - Tmp dir root location: /tmp
[2025-04-14T23:48:37.390+0000] {subprocess.py:88} INFO - Running command: ['/usr/bin/bash', '-c', 'scrapy runspider /opt/***/dags/scrap_magalu.py -O /opt/***/dags/scrap_result.csv']
[2025-04-14T23:48:37.445+0000] {subprocess.py:99} INFO - Output:
[2025-04-14T23:48:39.972+0000] {subprocess.py:106} INFO - 2025-04-14 23:48:39 [scrapy.utils.log] INFO: Scrapy 2.12.0 started (bot: scrapybot)
[2025-04-14T23:48:39.977+0000] {subprocess.py:106} INFO - 2025-04-14 23:48:39 [scrapy.utils.log] INFO: Versions: lxml 5.3.0.0, libxml2 2.12.9, cssselect 1.3.0, parsel 1.10.0, w3lib 2.3.1, Twisted 24.11.0, Python 3.12.9 (main, Feb  6 2025, 22:37:05) [GCC 12.2.0], pyOpenSSL 24.3.0 (OpenSSL 3.2.2 4 Jun 2024), cryptography 42.0.8, Platform Linux-5.10.76-linuxkit-x86_64-with-glibc2.36
[2025-04-14T23:48:39.986+0000] {subprocess.py:106} INFO - 2025-04-14 23:48:39 [scrapy.addons] INFO: Enabled addons:
[2025-04-14T23:48:39.989+0000] {subprocess.py:106} INFO - []
[2025-04-14T23:48:39.993+0000] {subprocess.py:106} INFO - 2025-04-14 23:48:39 [scrapy.utils.log] DEBUG: Using reactor: twisted.internet.epollreactor.EPollReactor
[2025-04-14T23:48:39.997+0000] {subprocess.py:106} INFO - 2025-04-14 23:48:39 [scrapy.extensions.telnet] INFO: Telnet Password: cd745afc728f14e0
[2025-04-14T23:48:40.107+0000] {subprocess.py:106} INFO - 2025-04-14 23:48:40 [scrapy.middleware] INFO: Enabled extensions:
[2025-04-14T23:48:40.109+0000] {subprocess.py:106} INFO - ['scrapy.extensions.corestats.CoreStats',
[2025-04-14T23:48:40.111+0000] {subprocess.py:106} INFO -  'scrapy.extensions.telnet.TelnetConsole',
[2025-04-14T23:48:40.114+0000] {subprocess.py:106} INFO -  'scrapy.extensions.memusage.MemoryUsage',
[2025-04-14T23:48:40.117+0000] {subprocess.py:106} INFO -  'scrapy.extensions.feedexport.FeedExporter',
[2025-04-14T23:48:40.122+0000] {subprocess.py:106} INFO -  'scrapy.extensions.logstats.LogStats']
[2025-04-14T23:48:40.128+0000] {subprocess.py:106} INFO - 2025-04-14 23:48:40 [scrapy.crawler] INFO: Overridden settings:
[2025-04-14T23:48:40.132+0000] {subprocess.py:106} INFO - {'SPIDER_LOADER_WARN_ONLY': True,
[2025-04-14T23:48:40.138+0000] {subprocess.py:106} INFO -  'USER_AGENT': 'Mozilla/5.0 (X11; Linux x86_64) AppleWebKit/537.36 (KHTML, '
[2025-04-14T23:48:40.142+0000] {subprocess.py:106} INFO -                'like Gecko) Chrome/51.0.2704.103 Safari/537.36'}
[2025-04-14T23:48:40.549+0000] {subprocess.py:106} INFO - 2025-04-14 23:48:40 [scrapy.middleware] INFO: Enabled downloader middlewares:
[2025-04-14T23:48:40.552+0000] {subprocess.py:106} INFO - ['scrapy.downloadermiddlewares.offsite.OffsiteMiddleware',
[2025-04-14T23:48:40.553+0000] {subprocess.py:106} INFO -  'scrapy.downloadermiddlewares.httpauth.HttpAuthMiddleware',
[2025-04-14T23:48:40.556+0000] {subprocess.py:106} INFO -  'scrapy.downloadermiddlewares.downloadtimeout.DownloadTimeoutMiddleware',
[2025-04-14T23:48:40.559+0000] {subprocess.py:106} INFO -  'scrapy.downloadermiddlewares.defaultheaders.DefaultHeadersMiddleware',
[2025-04-14T23:48:40.561+0000] {subprocess.py:106} INFO -  'scrapy.downloadermiddlewares.useragent.UserAgentMiddleware',
[2025-04-14T23:48:40.563+0000] {subprocess.py:106} INFO -  'scrapy.downloadermiddlewares.retry.RetryMiddleware',
[2025-04-14T23:48:40.566+0000] {subprocess.py:106} INFO -  'scrapy.downloadermiddlewares.redirect.MetaRefreshMiddleware',
[2025-04-14T23:48:40.568+0000] {subprocess.py:106} INFO -  'scrapy.downloadermiddlewares.httpcompression.HttpCompressionMiddleware',
[2025-04-14T23:48:40.570+0000] {subprocess.py:106} INFO -  'scrapy.downloadermiddlewares.redirect.RedirectMiddleware',
[2025-04-14T23:48:40.572+0000] {subprocess.py:106} INFO -  'scrapy.downloadermiddlewares.cookies.CookiesMiddleware',
[2025-04-14T23:48:40.574+0000] {subprocess.py:106} INFO -  'scrapy.downloadermiddlewares.httpproxy.HttpProxyMiddleware',
[2025-04-14T23:48:40.576+0000] {subprocess.py:106} INFO -  'scrapy.downloadermiddlewares.stats.DownloaderStats']
[2025-04-14T23:48:40.578+0000] {subprocess.py:106} INFO - 2025-04-14 23:48:40 [scrapy.middleware] INFO: Enabled spider middlewares:
[2025-04-14T23:48:40.580+0000] {subprocess.py:106} INFO - ['scrapy.spidermiddlewares.httperror.HttpErrorMiddleware',
[2025-04-14T23:48:40.582+0000] {subprocess.py:106} INFO -  'scrapy.spidermiddlewares.referer.RefererMiddleware',
[2025-04-14T23:48:40.584+0000] {subprocess.py:106} INFO -  'scrapy.spidermiddlewares.urllength.UrlLengthMiddleware',
[2025-04-14T23:48:40.586+0000] {subprocess.py:106} INFO -  'scrapy.spidermiddlewares.depth.DepthMiddleware']
[2025-04-14T23:48:40.587+0000] {subprocess.py:106} INFO - 2025-04-14 23:48:40 [scrapy.middleware] INFO: Enabled item pipelines:
[2025-04-14T23:48:40.590+0000] {subprocess.py:106} INFO - []
[2025-04-14T23:48:40.594+0000] {subprocess.py:106} INFO - 2025-04-14 23:48:40 [scrapy.core.engine] INFO: Spider opened
[2025-04-14T23:48:40.596+0000] {subprocess.py:106} INFO - 2025-04-14 23:48:40 [scrapy.extensions.logstats] INFO: Crawled 0 pages (at 0 pages/min), scraped 0 items (at 0 items/min)
[2025-04-14T23:48:40.598+0000] {subprocess.py:106} INFO - 2025-04-14 23:48:40 [scrapy.extensions.telnet] INFO: Telnet console listening on 127.0.0.1:6023
[2025-04-14T23:48:42.715+0000] {subprocess.py:106} INFO - 2025-04-14 23:48:42 [scrapy.core.engine] DEBUG: Crawled (200) <GET https://www.magazineluiza.com.br/busca/garrafa+stanley+aerolight+fast+flow/?page=1> (referer: None)
[2025-04-14T23:48:44.570+0000] {subprocess.py:106} INFO - 2025-04-14 23:48:44 [scrapy.core.engine] DEBUG: Crawled (200) <GET https://www.magazineluiza.com.br/busca/garrafa+stanley+aerolight+fast+flow/?page=1?page=2> (referer: https://www.magazineluiza.com.br/busca/garrafa+stanley+aerolight+fast+flow/?page=1)
[2025-04-14T23:48:44.716+0000] {subprocess.py:106} INFO - 2025-04-14 23:48:44 [scrapy.core.scraper] DEBUG: Scraped from <200 https://www.magazineluiza.com.br/busca/garrafa+stanley+aerolight+fast+flow/?page=1?page=2>
[2025-04-14T23:48:44.719+0000] {subprocess.py:106} INFO - {'title': 'GARRAFA STANLEY AEROLIGHT FAST FLOW 1.1Lt ORIGINAL TODAS AS CORES', 'price': 'R$\xa0332,00', 'review': '4.2 (6)', 'store': 'Magazine Luiza'}
[2025-04-14T23:48:44.749+0000] {subprocess.py:106} INFO - 2025-04-14 23:48:44 [scrapy.core.scraper] DEBUG: Scraped from <200 https://www.magazineluiza.com.br/busca/garrafa+stanley+aerolight+fast+flow/?page=1?page=2>
[2025-04-14T23:48:44.757+0000] {subprocess.py:106} INFO - {'title': 'Garrafa stanley aerolight fast flow 710ml original todas as cores', 'price': 'R$\xa0304,10', 'review': '5.0 (1)', 'store': 'Magazine Luiza'}
[2025-04-14T23:48:44.760+0000] {subprocess.py:106} INFO - 2025-04-14 23:48:44 [scrapy.core.scraper] DEBUG: Scraped from <200 https://www.magazineluiza.com.br/busca/garrafa+stanley+aerolight+fast+flow/?page=1?page=2>
[2025-04-14T23:48:44.764+0000] {subprocess.py:106} INFO - {'title': 'Garrafa Térmica Aerolight Stanley Fast Flow 710ml - Matte Black', 'price': 'R$\xa0287,37', 'review': '5.0 (1)', 'store': 'Magazine Luiza'}
[2025-04-14T23:48:44.766+0000] {subprocess.py:106} INFO - 2025-04-14 23:48:44 [scrapy.core.scraper] DEBUG: Scraped from <200 https://www.magazineluiza.com.br/busca/garrafa+stanley+aerolight+fast+flow/?page=1?page=2>
[2025-04-14T23:48:44.768+0000] {subprocess.py:106} INFO - {'title': 'Garrafa Térmica Stanley Aerolight Fast Flow Lavender 710ML - STANLEY PMI', 'price': 'R$\xa0289,97', 'review': None, 'store': 'Magazine Luiza'}
[2025-04-14T23:48:44.771+0000] {subprocess.py:106} INFO - 2025-04-14 23:48:44 [scrapy.core.scraper] DEBUG: Scraped from <200 https://www.magazineluiza.com.br/busca/garrafa+stanley+aerolight+fast+flow/?page=1?page=2>
[2025-04-14T23:48:44.773+0000] {subprocess.py:106} INFO - {'title': 'Stanley Garrafa Térmica Aerolight Original Fast Flow Branco Polar 710ml', 'price': 'R$\xa0332,10', 'review': None, 'store': 'Magazine Luiza'}
[2025-04-14T23:48:44.776+0000] {subprocess.py:106} INFO - 2025-04-14 23:48:44 [scrapy.core.scraper] DEBUG: Scraped from <200 https://www.magazineluiza.com.br/busca/garrafa+stanley+aerolight+fast+flow/?page=1?page=2>
[2025-04-14T23:48:44.777+0000] {subprocess.py:106} INFO - {'title': 'Garrafa Térmica Aerolight Stanley Fast Flow 1,1L - Tigerlily', 'price': 'R$\xa0315,27', 'review': '5.0 (1)', 'store': 'Magazine Luiza'}
[2025-04-14T23:48:44.780+0000] {subprocess.py:106} INFO - 2025-04-14 23:48:44 [scrapy.core.scraper] DEBUG: Scraped from <200 https://www.magazineluiza.com.br/busca/garrafa+stanley+aerolight+fast+flow/?page=1?page=2>
[2025-04-14T23:48:44.782+0000] {subprocess.py:106} INFO - {'title': 'Garrafa Térmica Stanley Aerolight Fast Flow 1.1L Pink', 'price': 'R$\xa0289,23', 'review': None, 'store': 'Magazine Luiza'}
[2025-04-14T23:48:44.784+0000] {subprocess.py:106} INFO - 2025-04-14 23:48:44 [scrapy.core.scraper] DEBUG: Scraped from <200 https://www.magazineluiza.com.br/busca/garrafa+stanley+aerolight+fast+flow/?page=1?page=2>
[2025-04-14T23:48:44.786+0000] {subprocess.py:106} INFO - {'title': 'Garrafa Térmica Aerolight Fast Flow Matte Black 1,1L Stanley', 'price': 'R$\xa0351,23', 'review': '4.2 (6)', 'store': 'Magazine Luiza'}
[2025-04-14T23:48:44.789+0000] {subprocess.py:106} INFO - 2025-04-14 23:48:44 [scrapy.core.scraper] DEBUG: Scraped from <200 https://www.magazineluiza.com.br/busca/garrafa+stanley+aerolight+fast+flow/?page=1?page=2>
[2025-04-14T23:48:44.794+0000] {subprocess.py:106} INFO - {'title': 'Garrafa Térmica Stanley Aerolight Fast Flow Matte Black 710ML', 'price': 'R$\xa0272,49', 'review': '5.0 (1)', 'store': 'Magazine Luiza'}
[2025-04-14T23:48:44.797+0000] {subprocess.py:106} INFO - 2025-04-14 23:48:44 [scrapy.core.scraper] DEBUG: Scraped from <200 https://www.magazineluiza.com.br/busca/garrafa+stanley+aerolight+fast+flow/?page=1?page=2>
[2025-04-14T23:48:44.800+0000] {subprocess.py:106} INFO - {'title': 'Garrafa Térmica Aerolight Stanley Fast Flow 710ml - Lavender', 'price': 'R$\xa0287,37', 'review': None, 'store': 'Magazine Luiza'}
[2025-04-14T23:48:44.802+0000] {subprocess.py:106} INFO - 2025-04-14 23:48:44 [scrapy.core.scraper] DEBUG: Scraped from <200 https://www.magazineluiza.com.br/busca/garrafa+stanley+aerolight+fast+flow/?page=1?page=2>
[2025-04-14T23:48:44.806+0000] {subprocess.py:106} INFO - {'title': 'Garrafa Térmica Stanley Aerolight Fast Flow Branco Polar 1,1 Litros', 'price': 'R$\xa0299,46', 'review': None, 'store': 'Magazine Luiza'}
[2025-04-14T23:48:44.809+0000] {subprocess.py:106} INFO - 2025-04-14 23:48:44 [scrapy.core.scraper] DEBUG: Scraped from <200 https://www.magazineluiza.com.br/busca/garrafa+stanley+aerolight+fast+flow/?page=1?page=2>
[2025-04-14T23:48:44.816+0000] {subprocess.py:106} INFO - {'title': 'Garrafa Térmica Aerolight Stanley Fast Flow 1,1L - Citron', 'price': 'R$\xa0315,27', 'review': None, 'store': 'Magazine Luiza'}
[2025-04-14T23:48:44.822+0000] {subprocess.py:106} INFO - 2025-04-14 23:48:44 [scrapy.core.scraper] DEBUG: Scraped from <200 https://www.magazineluiza.com.br/busca/garrafa+stanley+aerolight+fast+flow/?page=1?page=2>
[2025-04-14T23:48:44.828+0000] {subprocess.py:106} INFO - {'title': 'Garrafa Térmica Aerolight Stanley Fast Flow 1,1L - Polar', 'price': 'R$\xa0315,27', 'review': None, 'store': 'Magazine Luiza'}
[2025-04-14T23:48:44.832+0000] {subprocess.py:106} INFO - 2025-04-14 23:48:44 [scrapy.core.scraper] DEBUG: Scraped from <200 https://www.magazineluiza.com.br/busca/garrafa+stanley+aerolight+fast+flow/?page=1?page=2>
[2025-04-14T23:48:44.837+0000] {subprocess.py:106} INFO - {'title': 'Garrafa Térmica Stanley Aerolight Fast Flow Citron 710ML', 'price': 'R$\xa0272,49', 'review': None, 'store': 'Magazine Luiza'}
[2025-04-14T23:48:44.840+0000] {subprocess.py:106} INFO - 2025-04-14 23:48:44 [scrapy.core.scraper] DEBUG: Scraped from <200 https://www.magazineluiza.com.br/busca/garrafa+stanley+aerolight+fast+flow/?page=1?page=2>
[2025-04-14T23:48:44.845+0000] {subprocess.py:106} INFO - {'title': 'Garrafa Térmica Stanley Aerolight Fast Flow Original Laranja Tigerlily 1,1 L', 'price': 'R$\xa0379,00', 'review': '5.0 (1)', 'store': 'Magazine Luiza'}
[2025-04-14T23:48:44.849+0000] {subprocess.py:106} INFO - 2025-04-14 23:48:44 [scrapy.core.scraper] DEBUG: Scraped from <200 https://www.magazineluiza.com.br/busca/garrafa+stanley+aerolight+fast+flow/?page=1?page=2>
[2025-04-14T23:48:44.852+0000] {subprocess.py:106} INFO - {'title': 'Garrafa Térmica Aerolight Laranja Fast Flow Tigerlily 1,1L Stanley', 'price': 'R$\xa0344,01', 'review': '5.0 (1)', 'store': 'Magazine Luiza'}
[2025-04-14T23:48:44.856+0000] {subprocess.py:106} INFO - 2025-04-14 23:48:44 [scrapy.core.scraper] DEBUG: Scraped from <200 https://www.magazineluiza.com.br/busca/garrafa+stanley+aerolight+fast+flow/?page=1?page=2>
[2025-04-14T23:48:44.861+0000] {subprocess.py:106} INFO - {'title': 'Garrafa stanley térmica aerolight fast flow em aço inox 710ml lavender 08241-00', 'price': 'R$\xa0324,57', 'review': None, 'store': 'Magazine Luiza'}
[2025-04-14T23:48:44.866+0000] {subprocess.py:106} INFO - 2025-04-14 23:48:44 [scrapy.core.scraper] DEBUG: Scraped from <200 https://www.magazineluiza.com.br/busca/garrafa+stanley+aerolight+fast+flow/?page=1?page=2>
[2025-04-14T23:48:44.869+0000] {subprocess.py:106} INFO - {'title': 'Garrafa stanley térmica aerolight fast flow 1,1 litros laranja tigerlily 08242-00', 'price': 'R$\xa0343,17', 'review': '5.0 (1)', 'store': 'Magazine Luiza'}
[2025-04-14T23:48:44.872+0000] {subprocess.py:106} INFO - 2025-04-14 23:48:44 [scrapy.core.scraper] DEBUG: Scraped from <200 https://www.magazineluiza.com.br/busca/garrafa+stanley+aerolight+fast+flow/?page=1?page=2>
[2025-04-14T23:48:44.874+0000] {subprocess.py:106} INFO - {'title': 'Garrafa Térmica Stanley Aerolight Fast Flow 710ml Rosa Claro', 'price': 'R$\xa0268,57', 'review': None, 'store': 'Magazine Luiza'}
[2025-04-14T23:48:44.876+0000] {subprocess.py:106} INFO - 2025-04-14 23:48:44 [scrapy.core.scraper] DEBUG: Scraped from <200 https://www.magazineluiza.com.br/busca/garrafa+stanley+aerolight+fast+flow/?page=1?page=2>
[2025-04-14T23:48:44.879+0000] {subprocess.py:106} INFO - {'title': 'Garrafa Térmica Stanley Aerolight Fast Flow 1.1L Verde Água', 'price': 'R$\xa0289,23', 'review': None, 'store': 'Magazine Luiza'}
[2025-04-14T23:48:44.882+0000] {subprocess.py:106} INFO - 2025-04-14 23:48:44 [scrapy.core.scraper] DEBUG: Scraped from <200 https://www.magazineluiza.com.br/busca/garrafa+stanley+aerolight+fast+flow/?page=1?page=2>
[2025-04-14T23:48:44.884+0000] {subprocess.py:106} INFO - {'title': 'Garrafa Térmica Stanley Aerolight Fast Flow Branco Polar 1,1 Litros - STANLEY PMI', 'price': 'R$\xa0399,00', 'review': None, 'store': 'Magazine Luiza'}
[2025-04-14T23:48:44.887+0000] {subprocess.py:106} INFO - 2025-04-14 23:48:44 [scrapy.core.scraper] DEBUG: Scraped from <200 https://www.magazineluiza.com.br/busca/garrafa+stanley+aerolight+fast+flow/?page=1?page=2>
[2025-04-14T23:48:44.889+0000] {subprocess.py:106} INFO - {'title': 'Garrafa Térmica Stanley Aerolight Fast Flow Matte Black 710ML - STANLEY PMI', 'price': 'R$\xa0365,00', 'review': '5.0 (1)', 'store': 'Magazine Luiza'}
[2025-04-14T23:48:44.891+0000] {subprocess.py:106} INFO - 2025-04-14 23:48:44 [scrapy.core.scraper] DEBUG: Scraped from <200 https://www.magazineluiza.com.br/busca/garrafa+stanley+aerolight+fast+flow/?page=1?page=2>
[2025-04-14T23:48:44.894+0000] {subprocess.py:106} INFO - {'title': 'Garrafa stanley térmica aerolight fast flow em aço inox 710ml laranja tigerlily 08204-00', 'price': 'R$\xa0324,57', 'review': None, 'store': 'Magazine Luiza'}
[2025-04-14T23:48:44.897+0000] {subprocess.py:106} INFO - **************************************************
[2025-04-14T23:48:44.899+0000] {subprocess.py:106} INFO - 2
[2025-04-14T23:48:44.901+0000] {subprocess.py:106} INFO - **************************************************
[2025-04-14T23:48:44.906+0000] {subprocess.py:106} INFO - https://www.magazineluiza.com.br/busca/garrafa+stanley+aerolight+fast+flow/?page=1?page=2
[2025-04-14T23:48:44.909+0000] {subprocess.py:106} INFO - blocos
[2025-04-14T23:48:44.915+0000] {subprocess.py:106} INFO - [<Selector query='//div[@data-testid="product-list"]//li' data='<li class="sc-hwhrDX ghzctf"><a href=...'>, <Selector query='//div[@data-testid="product-list"]//li' data='<li class="sc-hwhrDX ghzctf"><a href=...'>, <Selector query='//div[@data-testid="product-list"]//li' data='<li class="sc-hwhrDX ghzctf"><a href=...'>, <Selector query='//div[@data-testid="product-list"]//li' data='<li class="sc-hwhrDX ghzctf"><a href=...'>, <Selector query='//div[@data-testid="product-list"]//li' data='<li class="sc-hwhrDX ghzctf"><a href=...'>, <Selector query='//div[@data-testid="product-list"]//li' data='<li class="sc-hwhrDX ghzctf"><a href=...'>, <Selector query='//div[@data-testid="product-list"]//li' data='<li class="sc-hwhrDX ghzctf"><a href=...'>, <Selector query='//div[@data-testid="product-list"]//li' data='<li class="sc-hwhrDX ghzctf"><a href=...'>, <Selector query='//div[@data-testid="product-list"]//li' data='<li class="sc-hwhrDX ghzctf"><a href=...'>, <Selector query='//div[@data-testid="product-list"]//li' data='<li class="sc-hwhrDX ghzctf"><a href=...'>, <Selector query='//div[@data-testid="product-list"]//li' data='<li class="sc-hwhrDX ghzctf"><a href=...'>, <Selector query='//div[@data-testid="product-list"]//li' data='<li class="sc-hwhrDX ghzctf"><a href=...'>, <Selector query='//div[@data-testid="product-list"]//li' data='<li class="sc-hwhrDX ghzctf"><a href=...'>, <Selector query='//div[@data-testid="product-list"]//li' data='<li class="sc-hwhrDX ghzctf"><a href=...'>, <Selector query='//div[@data-testid="product-list"]//li' data='<li class="sc-hwhrDX ghzctf"><a href=...'>, <Selector query='//div[@data-testid="product-list"]//li' data='<li class="sc-hwhrDX ghzctf"><a href=...'>, <Selector query='//div[@data-testid="product-list"]//li' data='<li class="sc-hwhrDX ghzctf"><a href=...'>, <Selector query='//div[@data-testid="product-list"]//li' data='<li class="sc-hwhrDX ghzctf"><a href=...'>, <Selector query='//div[@data-testid="product-list"]//li' data='<li class="sc-hwhrDX ghzctf"><a href=...'>, <Selector query='//div[@data-testid="product-list"]//li' data='<li class="sc-hwhrDX ghzctf"><a href=...'>, <Selector query='//div[@data-testid="product-list"]//li' data='<li class="sc-hwhrDX ghzctf"><a href=...'>, <Selector query='//div[@data-testid="product-list"]//li' data='<li class="sc-hwhrDX ghzctf"><a href=...'>, <Selector query='//div[@data-testid="product-list"]//li' data='<li class="sc-hwhrDX ghzctf"><a href=...'>, <Selector query='//div[@data-testid="product-list"]//li' data='<li class="sc-hwhrDX ghzctf"><a href=...'>, <Selector query='//div[@data-testid="product-list"]//li' data='<li class="sc-hwhrDX ghzctf"><a href=...'>, <Selector query='//div[@data-testid="product-list"]//li' data='<li class="sc-hwhrDX ghzctf"><a href=...'>, <Selector query='//div[@data-testid="product-list"]//li' data='<li class="sc-hwhrDX ghzctf"><a href=...'>, <Selector query='//div[@data-testid="product-list"]//li' data='<li class="sc-hwhrDX ghzctf"><a href=...'>, <Selector query='//div[@data-testid="product-list"]//li' data='<li class="sc-hwhrDX ghzctf"><a href=...'>, <Selector query='//div[@data-testid="product-list"]//li' data='<li class="sc-hwhrDX ghzctf"><a href=...'>, <Selector query='//div[@data-testid="product-list"]//li' data='<li class="sc-hwhrDX ghzctf"><a href=...'>, <Selector query='//div[@data-testid="product-list"]//li' data='<li class="sc-hwhrDX ghzctf"><a href=...'>, <Selector query='//div[@data-testid="product-list"]//li' data='<li class="sc-hwhrDX ghzctf"><a href=...'>, <Selector query='//div[@data-testid="product-list"]//li' data='<li class="sc-hwhrDX ghzctf"><a href=...'>, <Selector query='//div[@data-testid="product-list"]//li' data='<li class="sc-hwhrDX ghzctf"><a href=...'>, <Selector query='//div[@data-testid="product-list"]//li' data='<li class="sc-hwhrDX ghzctf"><a href=...'>, <Selector query='//div[@data-testid="product-list"]//li' data='<li class="sc-hwhrDX ghzctf"><a href=...'>, <Selector query='//div[@data-testid="product-list"]//li' data='<li class="sc-hwhrDX ghzctf"><a href=...'>, <Selector query='//div[@data-testid="product-list"]//li' data='<li class="sc-hwhrDX ghzctf"><a href=...'>, <Selector query='//div[@data-testid="product-list"]//li' data='<li class="sc-hwhrDX ghzctf"><a href=...'>, <Selector query='//div[@data-testid="product-list"]//li' data='<li class="sc-hwhrDX ghzctf"><a href=...'>, <Selector query='//div[@data-testid="product-list"]//li' data='<li class="sc-hwhrDX ghzctf"><a href=...'>, <Selector query='//div[@data-testid="product-list"]//li' data='<li class="sc-hwhrDX ghzctf"><a href=...'>, <Selector query='//div[@data-testid="product-list"]//li' data='<li class="sc-hwhrDX ghzctf"><a href=...'>, <Selector query='//div[@data-testid="product-list"]//li' data='<li class="sc-hwhrDX ghzctf"><a href=...'>, <Selector query='//div[@data-testid="product-list"]//li' data='<li class="sc-hwhrDX ghzctf"><a href=...'>, <Selector query='//div[@data-testid="product-list"]//li' data='<li class="sc-hwhrDX ghzctf"><a href=...'>, <Selector query='//div[@data-testid="product-list"]//li' data='<li class="sc-hwhrDX ghzctf"><a href=...'>, <Selector query='//div[@data-testid="product-list"]//li' data='<li class="sc-hwhrDX ghzctf"><a href=...'>, <Selector query='//div[@data-testid="product-list"]//li' data='<li class="sc-hwhrDX ghzctf"><a href=...'>, <Selector query='//div[@data-testid="product-list"]//li' data='<li class="sc-hwhrDX ghzctf"><a href=...'>, <Selector query='//div[@data-testid="product-list"]//li' data='<li class="sc-hwhrDX ghzctf"><a href=...'>, <Selector query='//div[@data-testid="product-list"]//li' data='<li class="sc-hwhrDX ghzctf"><a href=...'>, <Selector query='//div[@data-testid="product-list"]//li' data='<li class="sc-hwhrDX ghzctf"><a href=...'>, <Selector query='//div[@data-testid="product-list"]//li' data='<li class="sc-hwhrDX ghzctf"><a href=...'>]
[2025-04-14T23:48:44.920+0000] {subprocess.py:106} INFO - GARRAFA STANLEY AEROLIGHT FAST FLOW 1.1Lt ORIGINAL TODAS AS CORES
[2025-04-14T23:48:44.923+0000] {subprocess.py:106} INFO - [R$ 332,00]
[2025-04-14T23:48:44.925+0000] {subprocess.py:106} INFO - 4.2 (6)
[2025-04-14T23:48:44.929+0000] {subprocess.py:106} INFO - Garrafa stanley aerolight fast flow 710ml original todas as cores
[2025-04-14T23:48:44.932+0000] {subprocess.py:106} INFO - [R$ 304,10]
[2025-04-14T23:48:44.934+0000] {subprocess.py:106} INFO - 5.0 (1)
[2025-04-14T23:48:44.937+0000] {subprocess.py:106} INFO - Garrafa Térmica Aerolight Stanley Fast Flow 710ml - Matte Black
[2025-04-14T23:48:44.939+0000] {subprocess.py:106} INFO - [R$ 287,37]
[2025-04-14T23:48:44.941+0000] {subprocess.py:106} INFO - 5.0 (1)
[2025-04-14T23:48:44.943+0000] {subprocess.py:106} INFO - Garrafa Térmica Stanley Aerolight Fast Flow Lavender 710ML - STANLEY PMI
[2025-04-14T23:48:44.945+0000] {subprocess.py:106} INFO - [R$ 289,97]
[2025-04-14T23:48:44.948+0000] {subprocess.py:106} INFO - None
[2025-04-14T23:48:44.950+0000] {subprocess.py:106} INFO - Stanley Garrafa Térmica Aerolight Original Fast Flow Branco Polar 710ml
[2025-04-14T23:48:44.952+0000] {subprocess.py:106} INFO - [R$ 332,10]
[2025-04-14T23:48:44.954+0000] {subprocess.py:106} INFO - None
[2025-04-14T23:48:44.957+0000] {subprocess.py:106} INFO - Garrafa Térmica Aerolight Stanley Fast Flow 1,1L - Tigerlily
[2025-04-14T23:48:44.959+0000] {subprocess.py:106} INFO - [R$ 315,27]
[2025-04-14T23:48:44.965+0000] {subprocess.py:106} INFO - 5.0 (1)
[2025-04-14T23:48:44.968+0000] {subprocess.py:106} INFO - Garrafa Térmica Stanley Aerolight Fast Flow 1.1L Pink
[2025-04-14T23:48:44.970+0000] {subprocess.py:106} INFO - [R$ 289,23]
[2025-04-14T23:48:44.972+0000] {subprocess.py:106} INFO - None
[2025-04-14T23:48:44.974+0000] {subprocess.py:106} INFO - Garrafa Térmica Aerolight Fast Flow Matte Black 1,1L Stanley
[2025-04-14T23:48:44.976+0000] {subprocess.py:106} INFO - [R$ 351,23]
[2025-04-14T23:48:44.979+0000] {subprocess.py:106} INFO - 4.2 (6)
[2025-04-14T23:48:44.981+0000] {subprocess.py:106} INFO - Garrafa Térmica Stanley Aerolight Fast Flow Matte Black 710ML
[2025-04-14T23:48:44.983+0000] {subprocess.py:106} INFO - [R$ 272,49]
[2025-04-14T23:48:44.985+0000] {subprocess.py:106} INFO - 5.0 (1)
[2025-04-14T23:48:44.987+0000] {subprocess.py:106} INFO - Garrafa Térmica Aerolight Stanley Fast Flow 710ml - Lavender
[2025-04-14T23:48:44.989+0000] {subprocess.py:106} INFO - [R$ 287,37]
[2025-04-14T23:48:44.991+0000] {subprocess.py:106} INFO - None
[2025-04-14T23:48:44.993+0000] {subprocess.py:106} INFO - Garrafa Térmica Stanley Aerolight Fast Flow Branco Polar 1,1 Litros
[2025-04-14T23:48:44.995+0000] {subprocess.py:106} INFO - [R$ 299,46]
[2025-04-14T23:48:44.998+0000] {subprocess.py:106} INFO - None
[2025-04-14T23:48:45.000+0000] {subprocess.py:106} INFO - Garrafa Térmica Aerolight Stanley Fast Flow 1,1L - Citron
[2025-04-14T23:48:45.002+0000] {subprocess.py:106} INFO - [R$ 315,27]
[2025-04-14T23:48:45.004+0000] {subprocess.py:106} INFO - None
[2025-04-14T23:48:45.006+0000] {subprocess.py:106} INFO - Garrafa Térmica Aerolight Stanley Fast Flow 1,1L - Polar
[2025-04-14T23:48:45.008+0000] {subprocess.py:106} INFO - [R$ 315,27]
[2025-04-14T23:48:45.009+0000] {subprocess.py:106} INFO - None
[2025-04-14T23:48:45.011+0000] {subprocess.py:106} INFO - Garrafa Térmica Stanley Aerolight Fast Flow Citron 710ML
[2025-04-14T23:48:45.013+0000] {subprocess.py:106} INFO - [R$ 272,49]
[2025-04-14T23:48:45.015+0000] {subprocess.py:106} INFO - None
[2025-04-14T23:48:45.018+0000] {subprocess.py:106} INFO - Garrafa Térmica Stanley Aerolight Fast Flow Original Laranja Tigerlily 1,1 L
[2025-04-14T23:48:45.020+0000] {subprocess.py:106} INFO - [R$ 379,00]
[2025-04-14T23:48:45.022+0000] {subprocess.py:106} INFO - 5.0 (1)
[2025-04-14T23:48:45.023+0000] {subprocess.py:106} INFO - Garrafa Térmica Aerolight Laranja Fast Flow Tigerlily 1,1L Stanley
[2025-04-14T23:48:45.026+0000] {subprocess.py:106} INFO - [R$ 344,01]
[2025-04-14T23:48:45.028+0000] {subprocess.py:106} INFO - 5.0 (1)
[2025-04-14T23:48:45.031+0000] {subprocess.py:106} INFO - Garrafa stanley térmica aerolight fast flow em aço inox 710ml lavender 08241-00
[2025-04-14T23:48:45.033+0000] {subprocess.py:106} INFO - [R$ 324,57]
[2025-04-14T23:48:45.035+0000] {subprocess.py:106} INFO - None
[2025-04-14T23:48:45.037+0000] {subprocess.py:106} INFO - Garrafa stanley térmica aerolight fast flow 1,1 litros laranja tigerlily 08242-00
[2025-04-14T23:48:45.040+0000] {subprocess.py:106} INFO - [R$ 343,17]
[2025-04-14T23:48:45.042+0000] {subprocess.py:106} INFO - 5.0 (1)
[2025-04-14T23:48:45.044+0000] {subprocess.py:106} INFO - Garrafa Térmica Stanley Aerolight Fast Flow 710ml Rosa Claro
[2025-04-14T23:48:45.046+0000] {subprocess.py:106} INFO - [R$ 268,57]
[2025-04-14T23:48:45.049+0000] {subprocess.py:106} INFO - None
[2025-04-14T23:48:45.051+0000] {subprocess.py:106} INFO - Garrafa Térmica Stanley Aerolight Fast Flow 1.1L Verde Água
[2025-04-14T23:48:45.053+0000] {subprocess.py:106} INFO - [R$ 289,23]
[2025-04-14T23:48:45.055+0000] {subprocess.py:106} INFO - None
[2025-04-14T23:48:45.057+0000] {subprocess.py:106} INFO - Garrafa Térmica Stanley Aerolight Fast Flow Branco Polar 1,1 Litros - STANLEY PMI
[2025-04-14T23:48:45.065+0000] {subprocess.py:106} INFO - [R$ 399,00]
[2025-04-14T23:48:45.068+0000] {subprocess.py:106} INFO - None
[2025-04-14T23:48:45.070+0000] {subprocess.py:106} INFO - Garrafa Térmica Stanley Aerolight Fast Flow Matte Black 710ML - STANLEY PMI
[2025-04-14T23:48:45.072+0000] {subprocess.py:106} INFO - [R$ 365,00]
[2025-04-14T23:48:45.074+0000] {subprocess.py:106} INFO - 5.0 (1)
[2025-04-14T23:48:45.077+0000] {subprocess.py:106} INFO - Garrafa stanley térmica aerolight fast flow em aço inox 710ml laranja tigerlily 08204-00
[2025-04-14T23:48:45.079+0000] {subprocess.py:106} INFO - [R$ 324,57]
[2025-04-14T23:48:45.080+0000] {subprocess.py:106} INFO - None
[2025-04-14T23:48:45.084+0000] {subprocess.py:106} INFO - Garrafa stanley térmica aerolight fast flow em aço inox 710ml vivid violet 08405-002025-04-14 23:48:44 [scrapy.core.scraper] DEBUG: Scraped from <200 https://www.magazineluiza.com.br/busca/garrafa+stanley+aerolight+fast+flow/?page=1?page=2>
[2025-04-14T23:48:45.086+0000] {subprocess.py:106} INFO - {'title': 'Garrafa stanley térmica aerolight fast flow em aço inox 710ml vivid violet 08405-00', 'price': 'R$\xa0324,57', 'review': None, 'store': 'Magazine Luiza'}
[2025-04-14T23:48:45.088+0000] {subprocess.py:106} INFO - 2025-04-14 23:48:44 [scrapy.core.scraper] DEBUG: Scraped from <200 https://www.magazineluiza.com.br/busca/garrafa+stanley+aerolight+fast+flow/?page=1?page=2>
[2025-04-14T23:48:45.095+0000] {subprocess.py:106} INFO - {'title': 'Garrafa Térmica Stanley Aerolight Fast Flow 710ml Lilás', 'price': 'R$\xa0268,57', 'review': None, 'store': 'Magazine Luiza'}
[2025-04-14T23:48:45.098+0000] {subprocess.py:106} INFO - 2025-04-14 23:48:44 [scrapy.core.scraper] DEBUG: Scraped from <200 https://www.magazineluiza.com.br/busca/garrafa+stanley+aerolight+fast+flow/?page=1?page=2>
[2025-04-14T23:48:45.100+0000] {subprocess.py:106} INFO - {'title': 'Garrafa Térmica Stanley Aerolight Fast Flow Branco Polar 1,1 Litros - STANLEY PMI', 'price': 'R$\xa0385,90', 'review': None, 'store': 'Magazine Luiza'}
[2025-04-14T23:48:45.102+0000] {subprocess.py:106} INFO - 2025-04-14 23:48:44 [scrapy.core.scraper] DEBUG: Scraped from <200 https://www.magazineluiza.com.br/busca/garrafa+stanley+aerolight+fast+flow/?page=1?page=2>
[2025-04-14T23:48:45.104+0000] {subprocess.py:106} INFO - {'title': 'Garrafa Térmica Stanley Aerolight Fast Flow 710 ML Azul 0838', 'price': 'R$\xa0369,90', 'review': None, 'store': 'Magazine Luiza'}
[2025-04-14T23:48:45.106+0000] {subprocess.py:106} INFO - 2025-04-14 23:48:44 [scrapy.core.scraper] DEBUG: Scraped from <200 https://www.magazineluiza.com.br/busca/garrafa+stanley+aerolight+fast+flow/?page=1?page=2>
[2025-04-14T23:48:45.108+0000] {subprocess.py:106} INFO - {'title': 'Garrafa stanley térmica aerolight fast flow 1,1 litros branco polar 08207-00', 'price': 'R$\xa0343,17', 'review': None, 'store': 'Magazine Luiza'}
[2025-04-14T23:48:45.110+0000] {subprocess.py:106} INFO - 2025-04-14 23:48:44 [scrapy.core.scraper] DEBUG: Scraped from <200 https://www.magazineluiza.com.br/busca/garrafa+stanley+aerolight+fast+flow/?page=1?page=2>
[2025-04-14T23:48:45.113+0000] {subprocess.py:106} INFO - {'title': 'Garrafa Térmica Stanley Aerolight Fast Flow 710ml Azul Claro', 'price': 'R$\xa0268,57', 'review': None, 'store': 'Magazine Luiza'}
[2025-04-14T23:48:45.116+0000] {subprocess.py:106} INFO - 2025-04-14 23:48:44 [scrapy.core.scraper] DEBUG: Scraped from <200 https://www.magazineluiza.com.br/busca/garrafa+stanley+aerolight+fast+flow/?page=1?page=2>
[2025-04-14T23:48:45.118+0000] {subprocess.py:106} INFO - {'title': 'Garrafa termica stanley aerolight fast flow tigerlily 1,1l cod8208 cx6', 'price': 'R$\xa0434,37', 'review': '5.0 (1)', 'store': 'Magazine Luiza'}
[2025-04-14T23:48:45.120+0000] {subprocess.py:106} INFO - 2025-04-14 23:48:44 [scrapy.core.scraper] DEBUG: Scraped from <200 https://www.magazineluiza.com.br/busca/garrafa+stanley+aerolight+fast+flow/?page=1?page=2>
[2025-04-14T23:48:45.122+0000] {subprocess.py:106} INFO - {'title': 'Garrafa Térmica Stanley Aerolight Fast Flow Branco Polar 710', 'price': 'R$\xa0361,00', 'review': None, 'store': 'Magazine Luiza'}
[2025-04-14T23:48:45.124+0000] {subprocess.py:106} INFO - 2025-04-14 23:48:44 [scrapy.core.scraper] DEBUG: Scraped from <200 https://www.magazineluiza.com.br/busca/garrafa+stanley+aerolight+fast+flow/?page=1?page=2>
[2025-04-14T23:48:45.126+0000] {subprocess.py:106} INFO - {'title': 'Garrafa Térmica Stanley IceFlow Aerolight Fast Flow 700ml - Cinza', 'price': 'R$\xa0448,45', 'review': None, 'store': 'Magazine Luiza'}
[2025-04-14T23:48:45.130+0000] {subprocess.py:106} INFO - 2025-04-14 23:48:44 [scrapy.core.scraper] DEBUG: Scraped from <200 https://www.magazineluiza.com.br/busca/garrafa+stanley+aerolight+fast+flow/?page=1?page=2>
[2025-04-14T23:48:45.133+0000] {subprocess.py:106} INFO - {'title': 'Garrafa Térmica STanley Aerolight Fast Flow 1,1L', 'price': 'R$\xa0368,18', 'review': None, 'store': 'Magazine Luiza'}
[2025-04-14T23:48:45.135+0000] {subprocess.py:106} INFO - 2025-04-14 23:48:44 [scrapy.core.scraper] DEBUG: Scraped from <200 https://www.magazineluiza.com.br/busca/garrafa+stanley+aerolight+fast+flow/?page=1?page=2>
[2025-04-14T23:48:45.137+0000] {subprocess.py:106} INFO - {'title': 'Garrafa Térmica Stanley Aerolight Fast Flow Citron 1,1 Litros - STANLEY PMI', 'price': 'R$\xa0359,43', 'review': None, 'store': 'Magazine Luiza'}
[2025-04-14T23:48:45.139+0000] {subprocess.py:106} INFO - 2025-04-14 23:48:44 [scrapy.core.scraper] DEBUG: Scraped from <200 https://www.magazineluiza.com.br/busca/garrafa+stanley+aerolight+fast+flow/?page=1?page=2>
[2025-04-14T23:48:45.142+0000] {subprocess.py:106} INFO - {'title': 'Garrafa Térmica Aerolight Fast Flow 1,1L Polar Stanley', 'price': 'R$\xa0379,00', 'review': None, 'store': 'Magazine Luiza'}
[2025-04-14T23:48:45.143+0000] {subprocess.py:106} INFO - 2025-04-14 23:48:44 [scrapy.core.scraper] DEBUG: Scraped from <200 https://www.magazineluiza.com.br/busca/garrafa+stanley+aerolight+fast+flow/?page=1?page=2>
[2025-04-14T23:48:45.145+0000] {subprocess.py:106} INFO - {'title': 'Garrafa Térmica Aerolight Fast Flow Tigerlily 710ml Stanley', 'price': 'R$\xa0289,23', 'review': None, 'store': 'Magazine Luiza'}
[2025-04-14T23:48:45.147+0000] {subprocess.py:106} INFO - 2025-04-14 23:48:44 [scrapy.core.scraper] DEBUG: Scraped from <200 https://www.magazineluiza.com.br/busca/garrafa+stanley+aerolight+fast+flow/?page=1?page=2>
[2025-04-14T23:48:45.149+0000] {subprocess.py:106} INFO - {'title': 'Garrafa stanley térmica aerolight fast flow em aço inox 710ml azul tropical teal 08406-00', 'price': 'R$\xa0324,57', 'review': None, 'store': 'Magazine Luiza'}
[2025-04-14T23:48:45.151+0000] {subprocess.py:106} INFO - 2025-04-14 23:48:44 [scrapy.core.scraper] DEBUG: Scraped from <200 https://www.magazineluiza.com.br/busca/garrafa+stanley+aerolight+fast+flow/?page=1?page=2>
[2025-04-14T23:48:45.153+0000] {subprocess.py:106} INFO - {'title': 'Garrafa Térmica Stanley Aerolight Fast Flow Citron 1,1 Litros - STANLEY PMI', 'price': 'R$\xa0385,90', 'review': None, 'store': 'Magazine Luiza'}
[2025-04-14T23:48:45.155+0000] {subprocess.py:106} INFO - 2025-04-14 23:48:44 [scrapy.core.scraper] DEBUG: Scraped from <200 https://www.magazineluiza.com.br/busca/garrafa+stanley+aerolight+fast+flow/?page=1?page=2>
[2025-04-14T23:48:45.159+0000] {subprocess.py:106} INFO - {'title': 'Garrafa Térmica Stanley Aerolight Fast Flow 710ml Verde Água', 'price': 'R$\xa0268,57', 'review': None, 'store': 'Magazine Luiza'}
[2025-04-14T23:48:45.163+0000] {subprocess.py:106} INFO - 2025-04-14 23:48:44 [scrapy.core.scraper] DEBUG: Scraped from <200 https://www.magazineluiza.com.br/busca/garrafa+stanley+aerolight+fast+flow/?page=1?page=2>
[2025-04-14T23:48:45.165+0000] {subprocess.py:106} INFO - {'title': 'Garrafa Térmica Aerolight Fast Flow Stanley 710ML', 'price': 'R$\xa0359,91', 'review': None, 'store': 'Magazine Luiza'}
[2025-04-14T23:48:45.168+0000] {subprocess.py:106} INFO - 2025-04-14 23:48:44 [scrapy.core.scraper] DEBUG: Scraped from <200 https://www.magazineluiza.com.br/busca/garrafa+stanley+aerolight+fast+flow/?page=1?page=2>
[2025-04-14T23:48:45.170+0000] {subprocess.py:106} INFO - {'title': 'Garrafa Térmica Aerolight Fast Flow Polar 1,1L Stanley', 'price': 'R$\xa0351,23', 'review': None, 'store': 'Magazine Luiza'}
[2025-04-14T23:48:45.172+0000] {subprocess.py:106} INFO - 2025-04-14 23:48:44 [scrapy.core.scraper] DEBUG: Scraped from <200 https://www.magazineluiza.com.br/busca/garrafa+stanley+aerolight+fast+flow/?page=1?page=2>
[2025-04-14T23:48:45.175+0000] {subprocess.py:106} INFO - {'title': 'Garrafa Térmica Stanley Aerolight Fast Flow Citron 710ML - STANLEY PMI', 'price': 'R$\xa0419,90', 'review': None, 'store': 'Magazine Luiza'}
[2025-04-14T23:48:45.177+0000] {subprocess.py:106} INFO - 2025-04-14 23:48:44 [scrapy.core.scraper] DEBUG: Scraped from <200 https://www.magazineluiza.com.br/busca/garrafa+stanley+aerolight+fast+flow/?page=1?page=2>
[2025-04-14T23:48:45.179+0000] {subprocess.py:106} INFO - {'title': 'Garrafa Térmica Aerolight Fast Flow Heat Wave Passion Pink 710ML Stanley', 'price': 'R$\xa0306,81', 'review': None, 'store': 'Magazine Luiza'}
[2025-04-14T23:48:45.181+0000] {subprocess.py:106} INFO - 2025-04-14 23:48:44 [scrapy.core.scraper] DEBUG: Scraped from <200 https://www.magazineluiza.com.br/busca/garrafa+stanley+aerolight+fast+flow/?page=1?page=2>
[2025-04-14T23:48:45.183+0000] {subprocess.py:106} INFO - {'title': 'Garrafa stanley térmica aerolight fast flow em aço inox 710ml passion pink 08404-00', 'price': 'R$\xa0324,57', 'review': None, 'store': 'Magazine Luiza'}
[2025-04-14T23:48:45.184+0000] {subprocess.py:106} INFO - 2025-04-14 23:48:44 [scrapy.core.scraper] DEBUG: Scraped from <200 https://www.magazineluiza.com.br/busca/garrafa+stanley+aerolight+fast+flow/?page=1?page=2>
[2025-04-14T23:48:45.186+0000] {subprocess.py:106} INFO - {'title': 'Garrafa Térmica STanley Aerolight Fast Flow 1,1L', 'price': 'R$\xa0368,18', 'review': None, 'store': 'Magazine Luiza'}
[2025-04-14T23:48:45.188+0000] {subprocess.py:106} INFO - 2025-04-14 23:48:44 [scrapy.core.scraper] DEBUG: Scraped from <200 https://www.magazineluiza.com.br/busca/garrafa+stanley+aerolight+fast+flow/?page=1?page=2>
[2025-04-14T23:48:45.191+0000] {subprocess.py:106} INFO - {'title': 'Garrafa Térmica Stanley Aerolight Fast Flow Citron 1,1 Litros - STANLEY PMI', 'price': 'R$\xa0371,07', 'review': None, 'store': 'Magazine Luiza'}
[2025-04-14T23:48:45.193+0000] {subprocess.py:106} INFO - 2025-04-14 23:48:44 [scrapy.core.scraper] DEBUG: Scraped from <200 https://www.magazineluiza.com.br/busca/garrafa+stanley+aerolight+fast+flow/?page=1?page=2>
[2025-04-14T23:48:45.195+0000] {subprocess.py:106} INFO - {'title': 'Garrafa stanley térmica aerolight fast flow 710ml matte black 08202-00', 'price': 'R$\xa0324,57', 'review': '5.0 (1)', 'store': 'Magazine Luiza'}
[2025-04-14T23:48:45.198+0000] {subprocess.py:106} INFO - 2025-04-14 23:48:44 [scrapy.core.scraper] DEBUG: Scraped from <200 https://www.magazineluiza.com.br/busca/garrafa+stanley+aerolight+fast+flow/?page=1?page=2>
[2025-04-14T23:48:45.200+0000] {subprocess.py:106} INFO - {'title': 'Garrafa Térmica Stanley Aerolight Fast Flow 710ml Verde Limão', 'price': 'R$\xa0268,57', 'review': None, 'store': 'Magazine Luiza'}
[2025-04-14T23:48:45.202+0000] {subprocess.py:106} INFO - 2025-04-14 23:48:44 [scrapy.core.scraper] DEBUG: Scraped from <200 https://www.magazineluiza.com.br/busca/garrafa+stanley+aerolight+fast+flow/?page=1?page=2>
[2025-04-14T23:48:45.205+0000] {subprocess.py:106} INFO - {'title': 'Garrafa Térmica Stanley Aerolight Fast Flow Branco Polar 710ML - STANLEY PMI', 'price': 'R$\xa0369,90', 'review': None, 'store': 'Magazine Luiza'}
[2025-04-14T23:48:45.208+0000] {subprocess.py:106} INFO - 2025-04-14 23:48:44 [scrapy.core.scraper] DEBUG: Scraped from <200 https://www.magazineluiza.com.br/busca/garrafa+stanley+aerolight+fast+flow/?page=1?page=2>
[2025-04-14T23:48:45.209+0000] {subprocess.py:106} INFO - {'title': 'Garrafa Térmica Aerolight Fast Flow Stanley Citron 710 Ml', 'price': 'R$\xa0365,00', 'review': None, 'store': 'Magazine Luiza'}
[2025-04-14T23:48:45.212+0000] {subprocess.py:106} INFO - 2025-04-14 23:48:44 [scrapy.core.scraper] DEBUG: Scraped from <200 https://www.magazineluiza.com.br/busca/garrafa+stanley+aerolight+fast+flow/?page=1?page=2>
[2025-04-14T23:48:45.214+0000] {subprocess.py:106} INFO - {'title': 'Garrafa Térmica Stanley Aerolight Fast Flow Citron 1,1 Litros - STANLEY PMI', 'price': 'R$\xa0489,00', 'review': None, 'store': 'Magazine Luiza'}
[2025-04-14T23:48:45.216+0000] {subprocess.py:106} INFO - 2025-04-14 23:48:44 [scrapy.core.scraper] DEBUG: Scraped from <200 https://www.magazineluiza.com.br/busca/garrafa+stanley+aerolight+fast+flow/?page=1?page=2>
[2025-04-14T23:48:45.217+0000] {subprocess.py:106} INFO - {'title': 'Garrafa Térmica Stanley Aerolight Fast Flow 0.7L Verde 08205', 'price': 'R$\xa0344,01', 'review': None, 'store': 'Magazine Luiza'}
[2025-04-14T23:48:45.220+0000] {subprocess.py:106} INFO - 2025-04-14 23:48:44 [scrapy.core.scraper] DEBUG: Scraped from <200 https://www.magazineluiza.com.br/busca/garrafa+stanley+aerolight+fast+flow/?page=1?page=2>
[2025-04-14T23:48:45.222+0000] {subprocess.py:106} INFO - {'title': 'Garrafa Térmico Aerolight Fast Flow 710 Ml Citron Stanley', 'price': 'R$\xa0329,57', 'review': None, 'store': 'Magazine Luiza'}
[2025-04-14T23:48:45.224+0000] {subprocess.py:106} INFO - 2025-04-14 23:48:44 [scrapy.core.scraper] DEBUG: Scraped from <200 https://www.magazineluiza.com.br/busca/garrafa+stanley+aerolight+fast+flow/?page=1?page=2>
[2025-04-14T23:48:45.226+0000] {subprocess.py:106} INFO - {'title': 'Garrafa Térmica Aerolight Fast Flow Polar 1,1L', 'price': 'R$\xa0479,99', 'review': None, 'store': 'Magazine Luiza'}
[2025-04-14T23:48:45.228+0000] {subprocess.py:106} INFO - 2025-04-14 23:48:44 [scrapy.core.scraper] DEBUG: Scraped from <200 https://www.magazineluiza.com.br/busca/garrafa+stanley+aerolight+fast+flow/?page=1?page=2>
[2025-04-14T23:48:45.231+0000] {subprocess.py:106} INFO - {'title': 'Garrafa Térmica Stanley Aerolight Fast Flow Lavender 710ML - STANLEY PMI', 'price': 'R$\xa0361,77', 'review': None, 'store': 'Magazine Luiza'}
[2025-04-14T23:48:45.233+0000] {subprocess.py:106} INFO - 2025-04-14 23:48:45 [scrapy.core.engine] DEBUG: Crawled (200) <GET https://www.magazineluiza.com.br/busca/garrafa+stanley+aerolight+fast+flow/?page=1?page=1> (referer: https://www.magazineluiza.com.br/busca/garrafa+stanley+aerolight+fast+flow/?page=1)
[2025-04-14T23:48:45.344+0000] {subprocess.py:106} INFO - 
[2025-04-14T23:48:45.354+0000] {subprocess.py:106} INFO - [R$ 324,57]
[2025-04-14T23:48:45.358+0000] {subprocess.py:106} INFO - None
[2025-04-14T23:48:45.360+0000] {subprocess.py:106} INFO - Garrafa Térmica Stanley Aerolight Fast Flow 710ml Lilás
[2025-04-14T23:48:45.367+0000] {subprocess.py:106} INFO - [R$ 268,57]
[2025-04-14T23:48:45.369+0000] {subprocess.py:106} INFO - None
[2025-04-14T23:48:45.371+0000] {subprocess.py:106} INFO - Garrafa Térmica Stanley Aerolight Fast Flow Branco Polar 1,1 Litros - STANLEY PMI
[2025-04-14T23:48:45.375+0000] {subprocess.py:106} INFO - [R$ 385,90]
[2025-04-14T23:48:45.377+0000] {subprocess.py:106} INFO - None
[2025-04-14T23:48:45.379+0000] {subprocess.py:106} INFO - Garrafa Térmica Stanley Aerolight Fast Flow 710 ML Azul 0838
[2025-04-14T23:48:45.381+0000] {subprocess.py:106} INFO - [R$ 369,90]
[2025-04-14T23:48:45.385+0000] {subprocess.py:106} INFO - None
[2025-04-14T23:48:45.389+0000] {subprocess.py:106} INFO - Garrafa stanley térmica aerolight fast flow 1,1 litros branco polar 08207-00
[2025-04-14T23:48:45.391+0000] {subprocess.py:106} INFO - [R$ 343,17]
[2025-04-14T23:48:45.392+0000] {subprocess.py:106} INFO - None
[2025-04-14T23:48:45.395+0000] {subprocess.py:106} INFO - Garrafa Térmica Stanley Aerolight Fast Flow 710ml Azul Claro
[2025-04-14T23:48:45.401+0000] {subprocess.py:106} INFO - [R$ 268,57]
[2025-04-14T23:48:45.403+0000] {subprocess.py:106} INFO - None
[2025-04-14T23:48:45.405+0000] {subprocess.py:106} INFO - Garrafa termica stanley aerolight fast flow tigerlily 1,1l cod8208 cx6
[2025-04-14T23:48:45.408+0000] {subprocess.py:106} INFO - [R$ 434,37]
[2025-04-14T23:48:45.411+0000] {subprocess.py:106} INFO - 5.0 (1)
[2025-04-14T23:48:45.414+0000] {subprocess.py:106} INFO - Garrafa Térmica Stanley Aerolight Fast Flow Branco Polar 710
[2025-04-14T23:48:45.417+0000] {subprocess.py:106} INFO - [R$ 361,00]
[2025-04-14T23:48:45.420+0000] {subprocess.py:106} INFO - None
[2025-04-14T23:48:45.422+0000] {subprocess.py:106} INFO - Garrafa Térmica Stanley IceFlow Aerolight Fast Flow 700ml - Cinza
[2025-04-14T23:48:45.424+0000] {subprocess.py:106} INFO - [R$ 448,45]
[2025-04-14T23:48:45.426+0000] {subprocess.py:106} INFO - None
[2025-04-14T23:48:45.429+0000] {subprocess.py:106} INFO - Garrafa Térmica STanley Aerolight Fast Flow 1,1L
[2025-04-14T23:48:45.432+0000] {subprocess.py:106} INFO - [R$ 368,18]
[2025-04-14T23:48:45.434+0000] {subprocess.py:106} INFO - None
[2025-04-14T23:48:45.437+0000] {subprocess.py:106} INFO - Garrafa Térmica Stanley Aerolight Fast Flow Citron 1,1 Litros - STANLEY PMI
[2025-04-14T23:48:45.439+0000] {subprocess.py:106} INFO - [R$ 359,43]
[2025-04-14T23:48:45.441+0000] {subprocess.py:106} INFO - None
[2025-04-14T23:48:45.443+0000] {subprocess.py:106} INFO - Garrafa Térmica Aerolight Fast Flow 1,1L Polar Stanley
[2025-04-14T23:48:45.445+0000] {subprocess.py:106} INFO - [R$ 379,00]
[2025-04-14T23:48:45.447+0000] {subprocess.py:106} INFO - None
[2025-04-14T23:48:45.449+0000] {subprocess.py:106} INFO - Garrafa Térmica Aerolight Fast Flow Tigerlily 710ml Stanley
[2025-04-14T23:48:45.451+0000] {subprocess.py:106} INFO - [R$ 289,23]
[2025-04-14T23:48:45.453+0000] {subprocess.py:106} INFO - None
[2025-04-14T23:48:45.456+0000] {subprocess.py:106} INFO - Garrafa stanley térmica aerolight fast flow em aço inox 710ml azul tropical teal 08406-00
[2025-04-14T23:48:45.458+0000] {subprocess.py:106} INFO - [R$ 324,57]
[2025-04-14T23:48:45.460+0000] {subprocess.py:106} INFO - None
[2025-04-14T23:48:45.461+0000] {subprocess.py:106} INFO - Garrafa Térmica Stanley Aerolight Fast Flow Citron 1,1 Litros - STANLEY PMI
[2025-04-14T23:48:45.464+0000] {subprocess.py:106} INFO - [R$ 385,90]
[2025-04-14T23:48:45.466+0000] {subprocess.py:106} INFO - None
[2025-04-14T23:48:45.468+0000] {subprocess.py:106} INFO - Garrafa Térmica Stanley Aerolight Fast Flow 710ml Verde Água
[2025-04-14T23:48:45.470+0000] {subprocess.py:106} INFO - [R$ 268,57]
[2025-04-14T23:48:45.472+0000] {subprocess.py:106} INFO - None
[2025-04-14T23:48:45.475+0000] {subprocess.py:106} INFO - Garrafa Térmica Aerolight Fast Flow Stanley 710ML
[2025-04-14T23:48:45.477+0000] {subprocess.py:106} INFO - [R$ 359,91]
[2025-04-14T23:48:45.479+0000] {subprocess.py:106} INFO - None
[2025-04-14T23:48:45.481+0000] {subprocess.py:106} INFO - Garrafa Térmica Aerolight Fast Flow Polar 1,1L Stanley
[2025-04-14T23:48:45.483+0000] {subprocess.py:106} INFO - [R$ 351,23]
[2025-04-14T23:48:45.485+0000] {subprocess.py:106} INFO - None
[2025-04-14T23:48:45.487+0000] {subprocess.py:106} INFO - Garrafa Térmica Stanley Aerolight Fast Flow Citron 710ML - STANLEY PMI
[2025-04-14T23:48:45.494+0000] {subprocess.py:106} INFO - [R$ 419,90]
[2025-04-14T23:48:45.498+0000] {subprocess.py:106} INFO - None
[2025-04-14T23:48:45.503+0000] {subprocess.py:106} INFO - Garrafa Térmica Aerolight Fast Flow Heat Wave Passion Pink 710ML Stanley
[2025-04-14T23:48:45.515+0000] {subprocess.py:106} INFO - [R$ 306,81]
[2025-04-14T23:48:45.526+0000] {subprocess.py:106} INFO - None
[2025-04-14T23:48:45.531+0000] {subprocess.py:106} INFO - Garrafa stanley térmica aerolight fast flow em aço inox 710ml passion pink 08404-00
[2025-04-14T23:48:45.534+0000] {subprocess.py:106} INFO - [R$ 324,57]
[2025-04-14T23:48:45.537+0000] {subprocess.py:106} INFO - None
[2025-04-14T23:48:45.539+0000] {subprocess.py:106} INFO - Garrafa Térmica STanley Aerolight Fast Flow 1,1L
[2025-04-14T23:48:45.541+0000] {subprocess.py:106} INFO - [R$ 368,18]
[2025-04-14T23:48:45.543+0000] {subprocess.py:106} INFO - None
[2025-04-14T23:48:45.545+0000] {subprocess.py:106} INFO - Garrafa Térmica Stanley Aerolight Fast Flow Citron 1,1 Litros - STANLEY PMI
[2025-04-14T23:48:45.547+0000] {subprocess.py:106} INFO - [R$ 371,07]
[2025-04-14T23:48:45.549+0000] {subprocess.py:106} INFO - None
[2025-04-14T23:48:45.551+0000] {subprocess.py:106} INFO - Garrafa stanley térmica aerolight fast flow 710ml matte black 08202-00
[2025-04-14T23:48:45.553+0000] {subprocess.py:106} INFO - [R$ 324,57]
[2025-04-14T23:48:45.556+0000] {subprocess.py:106} INFO - 5.0 (1)
[2025-04-14T23:48:45.558+0000] {subprocess.py:106} INFO - Garrafa Térmica Stanley Aerolight Fast Flow 710ml Verde Limão
[2025-04-14T23:48:45.560+0000] {subprocess.py:106} INFO - [R$ 268,57]
[2025-04-14T23:48:45.563+0000] {subprocess.py:106} INFO - None
[2025-04-14T23:48:45.565+0000] {subprocess.py:106} INFO - Garrafa Térmica Stanley Aerolight Fast Flow Branco Polar 710ML - STANLEY PMI
[2025-04-14T23:48:45.568+0000] {subprocess.py:106} INFO - [R$ 369,90]
[2025-04-14T23:48:45.570+0000] {subprocess.py:106} INFO - None
[2025-04-14T23:48:45.572+0000] {subprocess.py:106} INFO - Garrafa Térmica Aerolight Fast Flow Stanley Citron 710 Ml
[2025-04-14T23:48:45.574+0000] {subprocess.py:106} INFO - [R$ 365,00]
[2025-04-14T23:48:45.577+0000] {subprocess.py:106} INFO - None
[2025-04-14T23:48:45.579+0000] {subprocess.py:106} INFO - Garrafa Térmica Stanley Aerolight Fast Flow Citron 1,1 Litros - STANLEY PMI
[2025-04-14T23:48:45.581+0000] {subprocess.py:106} INFO - [R$ 489,00]
[2025-04-14T23:48:45.583+0000] {subprocess.py:106} INFO - None
[2025-04-14T23:48:45.586+0000] {subprocess.py:106} INFO - Garrafa Térmica Stanley Aerolight Fast Flow 0.7L Verde 08205
[2025-04-14T23:48:45.588+0000] {subprocess.py:106} INFO - [R$ 344,01]
[2025-04-14T23:48:45.590+0000] {subprocess.py:106} INFO - None
[2025-04-14T23:48:45.594+0000] {subprocess.py:106} INFO - Garrafa Térmico Aerolight Fast Flow 710 Ml Citron Stanley
[2025-04-14T23:48:45.598+0000] {subprocess.py:106} INFO - [R$ 329,57]
[2025-04-14T23:48:45.602+0000] {subprocess.py:106} INFO - None
[2025-04-14T23:48:45.607+0000] {subprocess.py:106} INFO - Garrafa Térmica Aerolight Fast Flow Polar 1,1L
[2025-04-14T23:48:45.612+0000] {subprocess.py:106} INFO - [R$ 479,99]
[2025-04-14T23:48:45.616+0000] {subprocess.py:106} INFO - None
[2025-04-14T23:48:45.619+0000] {subprocess.py:106} INFO - Garrafa Térmica Stanley Aerolight Fast Flow Lavender 710ML - STANLEY PMI
[2025-04-14T23:48:45.623+0000] {subprocess.py:106} INFO - [R$ 361,77]
[2025-04-14T23:48:45.626+0000] {subprocess.py:106} INFO - None
[2025-04-14T23:48:45.632+0000] {subprocess.py:106} INFO - https://www.magazineluiza.com.br/busca/garrafa+stanley+aerolight+fast+flow/?page=1?page=1
[2025-04-14T23:48:45.636+0000] {subprocess.py:106} INFO - blocos
[2025-04-14T23:48:45.640+0000] {subprocess.py:106} INFO - [<Selector query='//div[@data-testid="product-list"]//li' data='<li class="sc-hwhrDX ghzctf"><a href=...'>, <Selector query='//div[@data-testid="product-list"]//li' data='<li class="sc-hwhrDX ghzctf"><a href=...'>, <Selector query='//div[@data-testid="product-list"]//li' data='<li class="sc-hwhrDX ghzctf"><a href=...'>, <Selector query='//div[@data-testid="product-list"]//li' data='<li class="sc-hwhrDX ghzctf"><a href=...'>, <Selector query='//div[@data-testid="product-list"]//li' data='<li class="sc-hwhrDX ghzctf"><a href=...'>, <Selector query='//div[@data-testid="product-list"]//li' data='<li class="sc-hwhrDX ghzctf"><a href=...'>, <Selector query='//div[@data-testid="product-list"]//li' data='<li class="sc-hwhrDX ghzctf"><a href=...'>, <Selector query='//div[@data-testid="product-list"]//li' data='<li class="sc-hwhrDX ghzctf"><a href=...'>, <Selector query='//div[@data-testid="product-list"]//li' data='<li class="sc-hwhrDX ghzctf"><a href=...'>, <Selector query='//div[@data-testid="product-list"]//li' data='<li class="sc-hwhrDX ghzctf"><a href=...'>, <Selector query='//div[@data-testid="product-list"]//li' data='<li class="sc-hwhrDX ghzctf"><a href=...'>, <Selector query='//div[@data-testid="product-list"]//li' data='<li class="sc-hwhrDX ghzctf"><a href=...'>, <Selector query='//div[@data-testid="product-list"]//li' data='<li class="sc-hwhrDX ghzctf"><a href=...'>, <Selector query='//div[@data-testid="product-list"]//li' data='<li class="sc-hwhrDX ghzctf"><a href=...'>, <Selector query='//div[@data-testid="product-list"]//li' data='<li class="sc-hwhrDX ghzctf"><a href=...'>, <Selector query='//div[@data-testid="product-list"]//li' data='<li class="sc-hwhrDX ghzctf"><a href=...'>, <Selector query='//div[@data-testid="product-list"]//li' data='<li class="sc-hwhrDX ghzctf"><a href=...'>, <Selector query='//div[@data-testid="product-list"]//li' data='<li class="sc-hwhrDX ghzctf"><a href=...'>, <Selector query='//div[@data-testid="product-list"]//li' data='<li class="sc-hwhrDX ghzctf"><a href=...'>, <Selector query='//div[@data-testid="product-list"]//li' data='<li class="sc-hwhrDX ghzctf"><a href=...'>, <Selector query='//div[@data-testid="product-list"]//li' data='<li class="sc-hwhrDX ghzctf"><a href=...'>, <Selector query='//div[@data-testid="product-list"]//li' data='<li class="sc-hwhrDX ghzctf"><a href=...'>, <Selector query='//div[@data-testid="product-list"]//li' data='<li class="sc-hwhrDX ghzctf"><a href=...'>, <Selector query='//div[@data-testid="product-list"]//li' data='<li class="sc-hwhrDX ghzctf"><a href=...'>, <Selector query='//div[@data-testid="product-list"]//li' data='<li class="sc-hwhrDX ghzctf"><a href=...'>, <Selector query='//div[@data-testid="product-list"]//li' data='<li class="sc-hwhrDX ghzctf"><a href=...'>, <Selector query='//div[@data-testid="product-list"]//li' data='<li class="sc-hwhrDX ghzctf"><a href=...'>, <Selector query='//div[@data-testid="product-list"]//li' data='<li class="sc-hwhrDX ghzctf"><a href=...'>, <Selector query='//div[@data-testid="product-list"]//li' data='<li class="sc-hwhrDX ghzctf"><a href=...'>, <Selector query='//div[@data-testid="product-list"]//li' data='<li class="sc-hwhrDX ghzctf"><a href=...'>, <Selector query='//div[@data-testid="product-list"]//li' data='<li class="sc-hwhrDX ghzctf"><a href=...'>, <Selector query='//div[@data-testid="product-list"]//li' data='<li class="sc-hwhrDX ghzctf"><a href=...'>, <Selector query='//div[@data-testid="product-list"]//li' data='<li class="sc-hwhrDX ghzctf"><a href=...'>, <Selector query='//div[@data-testid="product-list"]//li' data='<li class="sc-hwhrDX ghzctf"><a href=...'>, <Selector query='//div[@data-testid="product-list"]//li' data='<li class="sc-hwhrDX ghzctf"><a href=...'>, <Selector query='//div[@data-testid="product-list"]//li' data='<li class="sc-hwhrDX ghzctf"><a href=...'>, <Selector query='//div[@data-testid="product-list"]//li' data='<li class="sc-hwhrDX ghzctf"><a href=...'>, <Selector query='//div[@data-testid="product-list"]//li' data='<li class="sc-hwhrDX ghzctf"><a href=...'>, <Selector query='//div[@data-testid="product-list"]//li' data='<li class="sc-hwhrDX ghzctf"><a href=...'>, <Selector query='//div[@data-testid="product-list"]//li' data='<li class="sc-hwhrDX ghzctf"><a href=...'>, <Selector query='//div[@data-testid="product-list"]//li' data='<li class="sc-hwhrDX ghzctf"><a href=...'>, <Selector query='//div[@data-testid="product-list"]//li' data='<li class="sc-hwhrDX ghzctf"><a href=...'>, <Selector query='//div[@data-testid="product-list"]//li' data='<li class="sc-hwhrDX ghzctf"><a href=...'>, <Selector query='//div[@data-testid="product-list"]//li' data='<li class="sc-hwhrDX ghzctf"><a href=...'>, <Selector query='//div[@data-testid="product-list"]//li' data='<li class="sc-hwhrDX ghzctf"><a href=...'>, <Selector query='//div[@data-testid="product-list"]//li' data='<li class="sc-hwhrDX ghzctf"><a href=...'>, <Selector query='//div[@data-testid="product-list"]//li' data='<li class="sc-hwhrDX ghzctf"><a href=...'>, <Selector query='//div[@data-testid="product-list"]//li' data='<li class="sc-hwhrDX ghzctf"><a href=...'>, <Selector query='//div[@data-testid="product-list"]//li' data='<li class="sc-hwhrDX ghzctf"><a href=...'>, <Selector query='//div[@data-testid="product-list"]//li' data='<li class="sc-hwhrDX ghzctf"><a href=...'>, <Selector query='//div[@data-testid="product-list"]//li' data='<li class="sc-hwhrDX ghzctf"><a href=...'>, <Selector query='//div[@data-testid="product-list"]//li' data='<li class="sc-hwhrDX ghzctf"><a href=...'>, <Selector query='//div[@data-testid="product-list"]//li' data='<li class="sc-hwhrDX ghzctf"><a href=...'>, <Selector query='//div[@data-testid="product-list"]//li' data='<li class="sc-hwhrDX ghzctf"><a href=...'>, <Selector query='//div[@data-testid="product-list"]//li' data='<li class="sc-hwhrDX ghzctf"><a href=...'>]2025-04-14 23:48:45 [scrapy.core.scraper] DEBUG: Scraped from <200 https://www.magazineluiza.com.br/busca/garrafa+stanley+aerolight+fast+flow/?page=1?page=1>
[2025-04-14T23:48:45.646+0000] {subprocess.py:106} INFO - {'title': 'GARRAFA STANLEY AEROLIGHT FAST FLOW 1.1Lt ORIGINAL TODAS AS CORES', 'price': 'R$\xa0332,00', 'review': '4.2 (6)', 'store': 'Magazine Luiza'}
[2025-04-14T23:48:45.649+0000] {subprocess.py:106} INFO - 2025-04-14 23:48:45 [scrapy.core.scraper] DEBUG: Scraped from <200 https://www.magazineluiza.com.br/busca/garrafa+stanley+aerolight+fast+flow/?page=1?page=1>
[2025-04-14T23:48:45.652+0000] {subprocess.py:106} INFO - {'title': 'Garrafa stanley aerolight fast flow 710ml original todas as cores', 'price': 'R$\xa0304,10', 'review': '5.0 (1)', 'store': 'Magazine Luiza'}
[2025-04-14T23:48:45.656+0000] {subprocess.py:106} INFO - 2025-04-14 23:48:45 [scrapy.core.scraper] DEBUG: Scraped from <200 https://www.magazineluiza.com.br/busca/garrafa+stanley+aerolight+fast+flow/?page=1?page=1>
[2025-04-14T23:48:45.659+0000] {subprocess.py:106} INFO - {'title': 'Garrafa Térmica Aerolight Stanley Fast Flow 710ml - Matte Black', 'price': 'R$\xa0287,37', 'review': '5.0 (1)', 'store': 'Magazine Luiza'}
[2025-04-14T23:48:45.665+0000] {subprocess.py:106} INFO - 2025-04-14 23:48:45 [scrapy.core.scraper] DEBUG: Scraped from <200 https://www.magazineluiza.com.br/busca/garrafa+stanley+aerolight+fast+flow/?page=1?page=1>
[2025-04-14T23:48:45.669+0000] {subprocess.py:106} INFO - {'title': 'Garrafa Térmica Stanley Aerolight Fast Flow Lavender 710ML - STANLEY PMI', 'price': 'R$\xa0289,97', 'review': None, 'store': 'Magazine Luiza'}
[2025-04-14T23:48:45.672+0000] {subprocess.py:106} INFO - 2025-04-14 23:48:45 [scrapy.core.scraper] DEBUG: Scraped from <200 https://www.magazineluiza.com.br/busca/garrafa+stanley+aerolight+fast+flow/?page=1?page=1>
[2025-04-14T23:48:45.674+0000] {subprocess.py:106} INFO - {'title': 'Stanley Garrafa Térmica Aerolight Original Fast Flow Branco Polar 710ml', 'price': 'R$\xa0332,10', 'review': None, 'store': 'Magazine Luiza'}
[2025-04-14T23:48:45.677+0000] {subprocess.py:106} INFO - 2025-04-14 23:48:45 [scrapy.core.scraper] DEBUG: Scraped from <200 https://www.magazineluiza.com.br/busca/garrafa+stanley+aerolight+fast+flow/?page=1?page=1>
[2025-04-14T23:48:45.679+0000] {subprocess.py:106} INFO - {'title': 'Garrafa Térmica Aerolight Stanley Fast Flow 1,1L - Tigerlily', 'price': 'R$\xa0315,27', 'review': '5.0 (1)', 'store': 'Magazine Luiza'}
[2025-04-14T23:48:45.682+0000] {subprocess.py:106} INFO - 2025-04-14 23:48:45 [scrapy.core.scraper] DEBUG: Scraped from <200 https://www.magazineluiza.com.br/busca/garrafa+stanley+aerolight+fast+flow/?page=1?page=1>
[2025-04-14T23:48:45.685+0000] {subprocess.py:106} INFO - {'title': 'Garrafa Térmica Stanley Aerolight Fast Flow 1.1L Pink', 'price': 'R$\xa0289,23', 'review': None, 'store': 'Magazine Luiza'}
[2025-04-14T23:48:45.689+0000] {subprocess.py:106} INFO - 2025-04-14 23:48:45 [scrapy.core.scraper] DEBUG: Scraped from <200 https://www.magazineluiza.com.br/busca/garrafa+stanley+aerolight+fast+flow/?page=1?page=1>
[2025-04-14T23:48:45.691+0000] {subprocess.py:106} INFO - {'title': 'Garrafa Térmica Aerolight Fast Flow Matte Black 1,1L Stanley', 'price': 'R$\xa0351,23', 'review': '4.2 (6)', 'store': 'Magazine Luiza'}
[2025-04-14T23:48:45.693+0000] {subprocess.py:106} INFO - 2025-04-14 23:48:45 [scrapy.core.scraper] DEBUG: Scraped from <200 https://www.magazineluiza.com.br/busca/garrafa+stanley+aerolight+fast+flow/?page=1?page=1>
[2025-04-14T23:48:45.698+0000] {subprocess.py:106} INFO - {'title': 'Garrafa Térmica Stanley Aerolight Fast Flow Matte Black 710ML', 'price': 'R$\xa0272,49', 'review': '5.0 (1)', 'store': 'Magazine Luiza'}
[2025-04-14T23:48:45.704+0000] {subprocess.py:106} INFO - 2025-04-14 23:48:45 [scrapy.core.scraper] DEBUG: Scraped from <200 https://www.magazineluiza.com.br/busca/garrafa+stanley+aerolight+fast+flow/?page=1?page=1>
[2025-04-14T23:48:45.708+0000] {subprocess.py:106} INFO - {'title': 'Garrafa Térmica Aerolight Stanley Fast Flow 710ml - Lavender', 'price': 'R$\xa0287,37', 'review': None, 'store': 'Magazine Luiza'}
[2025-04-14T23:48:45.711+0000] {subprocess.py:106} INFO - 2025-04-14 23:48:45 [scrapy.core.scraper] DEBUG: Scraped from <200 https://www.magazineluiza.com.br/busca/garrafa+stanley+aerolight+fast+flow/?page=1?page=1>
[2025-04-14T23:48:45.714+0000] {subprocess.py:106} INFO - {'title': 'Garrafa Térmica Stanley Aerolight Fast Flow Branco Polar 1,1 Litros', 'price': 'R$\xa0299,46', 'review': None, 'store': 'Magazine Luiza'}
[2025-04-14T23:48:45.716+0000] {subprocess.py:106} INFO - 2025-04-14 23:48:45 [scrapy.core.scraper] DEBUG: Scraped from <200 https://www.magazineluiza.com.br/busca/garrafa+stanley+aerolight+fast+flow/?page=1?page=1>
[2025-04-14T23:48:45.719+0000] {subprocess.py:106} INFO - {'title': 'Garrafa Térmica Aerolight Stanley Fast Flow 1,1L - Citron', 'price': 'R$\xa0315,27', 'review': None, 'store': 'Magazine Luiza'}
[2025-04-14T23:48:45.722+0000] {subprocess.py:106} INFO - 2025-04-14 23:48:45 [scrapy.core.scraper] DEBUG: Scraped from <200 https://www.magazineluiza.com.br/busca/garrafa+stanley+aerolight+fast+flow/?page=1?page=1>
[2025-04-14T23:48:45.724+0000] {subprocess.py:106} INFO - {'title': 'Garrafa Térmica Aerolight Stanley Fast Flow 1,1L - Polar', 'price': 'R$\xa0315,27', 'review': None, 'store': 'Magazine Luiza'}
[2025-04-14T23:48:45.726+0000] {subprocess.py:106} INFO - 2025-04-14 23:48:45 [scrapy.core.scraper] DEBUG: Scraped from <200 https://www.magazineluiza.com.br/busca/garrafa+stanley+aerolight+fast+flow/?page=1?page=1>
[2025-04-14T23:48:45.728+0000] {subprocess.py:106} INFO - {'title': 'Garrafa Térmica Stanley Aerolight Fast Flow Citron 710ML', 'price': 'R$\xa0272,49', 'review': None, 'store': 'Magazine Luiza'}
[2025-04-14T23:48:45.732+0000] {subprocess.py:106} INFO - 2025-04-14 23:48:45 [scrapy.core.scraper] DEBUG: Scraped from <200 https://www.magazineluiza.com.br/busca/garrafa+stanley+aerolight+fast+flow/?page=1?page=1>
[2025-04-14T23:48:45.735+0000] {subprocess.py:106} INFO - {'title': 'Garrafa Térmica Stanley Aerolight Fast Flow Original Laranja Tigerlily 1,1 L', 'price': 'R$\xa0379,00', 'review': '5.0 (1)', 'store': 'Magazine Luiza'}
[2025-04-14T23:48:45.736+0000] {subprocess.py:106} INFO - 2025-04-14 23:48:45 [scrapy.core.scraper] DEBUG: Scraped from <200 https://www.magazineluiza.com.br/busca/garrafa+stanley+aerolight+fast+flow/?page=1?page=1>
[2025-04-14T23:48:45.738+0000] {subprocess.py:106} INFO - {'title': 'Garrafa Térmica Aerolight Laranja Fast Flow Tigerlily 1,1L Stanley', 'price': 'R$\xa0344,01', 'review': '5.0 (1)', 'store': 'Magazine Luiza'}
[2025-04-14T23:48:45.741+0000] {subprocess.py:106} INFO - 2025-04-14 23:48:45 [scrapy.core.scraper] DEBUG: Scraped from <200 https://www.magazineluiza.com.br/busca/garrafa+stanley+aerolight+fast+flow/?page=1?page=1>
[2025-04-14T23:48:45.742+0000] {subprocess.py:106} INFO - {'title': 'Garrafa stanley térmica aerolight fast flow em aço inox 710ml lavender 08241-00', 'price': 'R$\xa0324,57', 'review': None, 'store': 'Magazine Luiza'}
[2025-04-14T23:48:45.746+0000] {subprocess.py:106} INFO - 2025-04-14 23:48:45 [scrapy.core.scraper] DEBUG: Scraped from <200 https://www.magazineluiza.com.br/busca/garrafa+stanley+aerolight+fast+flow/?page=1?page=1>
[2025-04-14T23:48:45.748+0000] {subprocess.py:106} INFO - {'title': 'Garrafa stanley térmica aerolight fast flow 1,1 litros laranja tigerlily 08242-00', 'price': 'R$\xa0343,17', 'review': '5.0 (1)', 'store': 'Magazine Luiza'}
[2025-04-14T23:48:45.750+0000] {subprocess.py:106} INFO - 2025-04-14 23:48:45 [scrapy.core.scraper] DEBUG: Scraped from <200 https://www.magazineluiza.com.br/busca/garrafa+stanley+aerolight+fast+flow/?page=1?page=1>
[2025-04-14T23:48:45.752+0000] {subprocess.py:106} INFO - {'title': 'Garrafa Térmica Stanley Aerolight Fast Flow 710ml Rosa Claro', 'price': 'R$\xa0268,57', 'review': None, 'store': 'Magazine Luiza'}
[2025-04-14T23:48:45.753+0000] {subprocess.py:106} INFO - 2025-04-14 23:48:45 [scrapy.core.scraper] DEBUG: Scraped from <200 https://www.magazineluiza.com.br/busca/garrafa+stanley+aerolight+fast+flow/?page=1?page=1>
[2025-04-14T23:48:45.755+0000] {subprocess.py:106} INFO - {'title': 'Garrafa Térmica Stanley Aerolight Fast Flow 1.1L Verde Água', 'price': 'R$\xa0289,23', 'review': None, 'store': 'Magazine Luiza'}
[2025-04-14T23:48:45.757+0000] {subprocess.py:106} INFO - 2025-04-14 23:48:45 [scrapy.core.scraper] DEBUG: Scraped from <200 https://www.magazineluiza.com.br/busca/garrafa+stanley+aerolight+fast+flow/?page=1?page=1>
[2025-04-14T23:48:45.759+0000] {subprocess.py:106} INFO - {'title': 'Garrafa Térmica Stanley Aerolight Fast Flow Branco Polar 1,1 Litros - STANLEY PMI', 'price': 'R$\xa0399,00', 'review': None, 'store': 'Magazine Luiza'}
[2025-04-14T23:48:45.762+0000] {subprocess.py:106} INFO - 2025-04-14 23:48:45 [scrapy.core.scraper] DEBUG: Scraped from <200 https://www.magazineluiza.com.br/busca/garrafa+stanley+aerolight+fast+flow/?page=1?page=1>
[2025-04-14T23:48:45.765+0000] {subprocess.py:106} INFO - {'title': 'Garrafa Térmica Stanley Aerolight Fast Flow Matte Black 710ML - STANLEY PMI', 'price': 'R$\xa0365,00', 'review': '5.0 (1)', 'store': 'Magazine Luiza'}
[2025-04-14T23:48:45.767+0000] {subprocess.py:106} INFO - 2025-04-14 23:48:45 [scrapy.core.scraper] DEBUG: Scraped from <200 https://www.magazineluiza.com.br/busca/garrafa+stanley+aerolight+fast+flow/?page=1?page=1>
[2025-04-14T23:48:45.769+0000] {subprocess.py:106} INFO - {'title': 'Garrafa stanley térmica aerolight fast flow em aço inox 710ml laranja tigerlily 08204-00', 'price': 'R$\xa0324,57', 'review': None, 'store': 'Magazine Luiza'}
[2025-04-14T23:48:45.771+0000] {subprocess.py:106} INFO - 2025-04-14 23:48:45 [scrapy.core.scraper] DEBUG: Scraped from <200 https://www.magazineluiza.com.br/busca/garrafa+stanley+aerolight+fast+flow/?page=1?page=1>
[2025-04-14T23:48:45.774+0000] {subprocess.py:106} INFO - {'title': 'Garrafa stanley térmica aerolight fast flow em aço inox 710ml vivid violet 08405-00', 'price': 'R$\xa0324,57', 'review': None, 'store': 'Magazine Luiza'}
[2025-04-14T23:48:45.776+0000] {subprocess.py:106} INFO - 2025-04-14 23:48:45 [scrapy.core.scraper] DEBUG: Scraped from <200 https://www.magazineluiza.com.br/busca/garrafa+stanley+aerolight+fast+flow/?page=1?page=1>
[2025-04-14T23:48:45.778+0000] {subprocess.py:106} INFO - {'title': 'Garrafa Térmica Stanley Aerolight Fast Flow 710ml Lilás', 'price': 'R$\xa0268,57', 'review': None, 'store': 'Magazine Luiza'}
[2025-04-14T23:48:45.781+0000] {subprocess.py:106} INFO - 2025-04-14 23:48:45 [scrapy.core.scraper] DEBUG: Scraped from <200 https://www.magazineluiza.com.br/busca/garrafa+stanley+aerolight+fast+flow/?page=1?page=1>
[2025-04-14T23:48:45.783+0000] {subprocess.py:106} INFO - {'title': 'Garrafa Térmica Stanley Aerolight Fast Flow Branco Polar 1,1 Litros - STANLEY PMI', 'price': 'R$\xa0385,90', 'review': None, 'store': 'Magazine Luiza'}
[2025-04-14T23:48:45.785+0000] {subprocess.py:106} INFO - 2025-04-14 23:48:45 [scrapy.core.scraper] DEBUG: Scraped from <200 https://www.magazineluiza.com.br/busca/garrafa+stanley+aerolight+fast+flow/?page=1?page=1>
[2025-04-14T23:48:45.793+0000] {subprocess.py:106} INFO - {'title': 'Garrafa Térmica Stanley Aerolight Fast Flow 710 ML Azul 0838', 'price': 'R$\xa0369,90', 'review': None, 'store': 'Magazine Luiza'}
[2025-04-14T23:48:45.800+0000] {subprocess.py:106} INFO - 2025-04-14 23:48:45 [scrapy.core.scraper] DEBUG: Scraped from <200 https://www.magazineluiza.com.br/busca/garrafa+stanley+aerolight+fast+flow/?page=1?page=1>
[2025-04-14T23:48:45.804+0000] {subprocess.py:106} INFO - {'title': 'Garrafa stanley térmica aerolight fast flow 1,1 litros branco polar 08207-00', 'price': 'R$\xa0343,17', 'review': None, 'store': 'Magazine Luiza'}
[2025-04-14T23:48:45.806+0000] {subprocess.py:106} INFO - 2025-04-14 23:48:45 [scrapy.core.scraper] DEBUG: Scraped from <200 https://www.magazineluiza.com.br/busca/garrafa+stanley+aerolight+fast+flow/?page=1?page=1>
[2025-04-14T23:48:45.808+0000] {subprocess.py:106} INFO - {'title': 'Garrafa Térmica Stanley Aerolight Fast Flow 710ml Azul Claro', 'price': 'R$\xa0268,57', 'review': None, 'store': 'Magazine Luiza'}
[2025-04-14T23:48:45.811+0000] {subprocess.py:106} INFO - 2025-04-14 23:48:45 [scrapy.core.scraper] DEBUG: Scraped from <200 https://www.magazineluiza.com.br/busca/garrafa+stanley+aerolight+fast+flow/?page=1?page=1>
[2025-04-14T23:48:45.813+0000] {subprocess.py:106} INFO - {'title': 'Garrafa termica stanley aerolight fast flow tigerlily 1,1l cod8208 cx6', 'price': 'R$\xa0434,37', 'review': '5.0 (1)', 'store': 'Magazine Luiza'}
[2025-04-14T23:48:45.815+0000] {subprocess.py:106} INFO - 2025-04-14 23:48:45 [scrapy.core.scraper] DEBUG: Scraped from <200 https://www.magazineluiza.com.br/busca/garrafa+stanley+aerolight+fast+flow/?page=1?page=1>
[2025-04-14T23:48:45.818+0000] {subprocess.py:106} INFO - {'title': 'Garrafa Térmica Stanley Aerolight Fast Flow Branco Polar 710', 'price': 'R$\xa0361,00', 'review': None, 'store': 'Magazine Luiza'}
[2025-04-14T23:48:45.820+0000] {subprocess.py:106} INFO - 2025-04-14 23:48:45 [scrapy.core.scraper] DEBUG: Scraped from <200 https://www.magazineluiza.com.br/busca/garrafa+stanley+aerolight+fast+flow/?page=1?page=1>
[2025-04-14T23:48:45.822+0000] {subprocess.py:106} INFO - {'title': 'Garrafa Térmica Stanley IceFlow Aerolight Fast Flow 700ml - Cinza', 'price': 'R$\xa0448,45', 'review': None, 'store': 'Magazine Luiza'}
[2025-04-14T23:48:45.824+0000] {subprocess.py:106} INFO - 2025-04-14 23:48:45 [scrapy.core.scraper] DEBUG: Scraped from <200 https://www.magazineluiza.com.br/busca/garrafa+stanley+aerolight+fast+flow/?page=1?page=1>
[2025-04-14T23:48:45.827+0000] {subprocess.py:106} INFO - {'title': 'Garrafa Térmica STanley Aerolight Fast Flow 1,1L', 'price': 'R$\xa0368,18', 'review': None, 'store': 'Magazine Luiza'}
[2025-04-14T23:48:45.829+0000] {subprocess.py:106} INFO - 2025-04-14 23:48:45 [scrapy.core.scraper] DEBUG: Scraped from <200 https://www.magazineluiza.com.br/busca/garrafa+stanley+aerolight+fast+flow/?page=1?page=1>
[2025-04-14T23:48:45.832+0000] {subprocess.py:106} INFO - {'title': 'Garrafa Térmica Stanley Aerolight Fast Flow Citron 1,1 Litros - STANLEY PMI', 'price': 'R$\xa0359,43', 'review': None, 'store': 'Magazine Luiza'}
[2025-04-14T23:48:45.834+0000] {subprocess.py:106} INFO - 2025-04-14 23:48:45 [scrapy.core.scraper] DEBUG: Scraped from <200 https://www.magazineluiza.com.br/busca/garrafa+stanley+aerolight+fast+flow/?page=1?page=1>
[2025-04-14T23:48:45.836+0000] {subprocess.py:106} INFO - {'title': 'Garrafa Térmica Aerolight Fast Flow 1,1L Polar Stanley', 'price': 'R$\xa0379,00', 'review': None, 'store': 'Magazine Luiza'}
[2025-04-14T23:48:45.838+0000] {subprocess.py:106} INFO - 2025-04-14 23:48:45 [scrapy.core.scraper] DEBUG: Scraped from <200 https://www.magazineluiza.com.br/busca/garrafa+stanley+aerolight+fast+flow/?page=1?page=1>
[2025-04-14T23:48:45.840+0000] {subprocess.py:106} INFO - {'title': 'Garrafa Térmica Aerolight Fast Flow Tigerlily 710ml Stanley', 'price': 'R$\xa0289,23', 'review': None, 'store': 'Magazine Luiza'}
[2025-04-14T23:48:45.844+0000] {subprocess.py:106} INFO - 2025-04-14 23:48:45 [scrapy.core.scraper] DEBUG: Scraped from <200 https://www.magazineluiza.com.br/busca/garrafa+stanley+aerolight+fast+flow/?page=1?page=1>
[2025-04-14T23:48:45.846+0000] {subprocess.py:106} INFO - {'title': 'Garrafa stanley térmica aerolight fast flow em aço inox 710ml azul tropical teal 08406-00', 'price': 'R$\xa0324,57', 'review': None, 'store': 'Magazine Luiza'}
[2025-04-14T23:48:45.848+0000] {subprocess.py:106} INFO - 2025-04-14 23:48:45 [scrapy.core.scraper] DEBUG: Scraped from <200 https://www.magazineluiza.com.br/busca/garrafa+stanley+aerolight+fast+flow/?page=1?page=1>
[2025-04-14T23:48:45.850+0000] {subprocess.py:106} INFO - {'title': 'Garrafa Térmica Stanley Aerolight Fast Flow Citron 1,1 Litros - STANLEY PMI', 'price': 'R$\xa0385,90', 'review': None, 'store': 'Magazine Luiza'}
[2025-04-14T23:48:45.852+0000] {subprocess.py:106} INFO - 2025-04-14 23:48:45 [scrapy.core.scraper] DEBUG: Scraped from <200 https://www.magazineluiza.com.br/busca/garrafa+stanley+aerolight+fast+flow/?page=1?page=1>
[2025-04-14T23:48:45.855+0000] {subprocess.py:106} INFO - {'title': 'Garrafa Térmica Stanley Aerolight Fast Flow 710ml Verde Água', 'price': 'R$\xa0268,57', 'review': None, 'store': 'Magazine Luiza'}
[2025-04-14T23:48:45.857+0000] {subprocess.py:106} INFO - 2025-04-14 23:48:45 [scrapy.core.scraper] DEBUG: Scraped from <200 https://www.magazineluiza.com.br/busca/garrafa+stanley+aerolight+fast+flow/?page=1?page=1>
[2025-04-14T23:48:45.859+0000] {subprocess.py:106} INFO - {'title': 'Garrafa Térmica Aerolight Fast Flow Stanley 710ML', 'price': 'R$\xa0359,91', 'review': None, 'store': 'Magazine Luiza'}
[2025-04-14T23:48:45.861+0000] {subprocess.py:106} INFO - 2025-04-14 23:48:45 [scrapy.core.scraper] DEBUG: Scraped from <200 https://www.magazineluiza.com.br/busca/garrafa+stanley+aerolight+fast+flow/?page=1?page=1>
[2025-04-14T23:48:45.865+0000] {subprocess.py:106} INFO - {'title': 'Garrafa Térmica Aerolight Fast Flow Polar 1,1L Stanley', 'price': 'R$\xa0351,23', 'review': None, 'store': 'Magazine Luiza'}
[2025-04-14T23:48:45.867+0000] {subprocess.py:106} INFO - 2025-04-14 23:48:45 [scrapy.core.scraper] DEBUG: Scraped from <200 https://www.magazineluiza.com.br/busca/garrafa+stanley+aerolight+fast+flow/?page=1?page=1>
[2025-04-14T23:48:45.869+0000] {subprocess.py:106} INFO - {'title': 'Garrafa Térmica Stanley Aerolight Fast Flow Citron 710ML - STANLEY PMI', 'price': 'R$\xa0419,90', 'review': None, 'store': 'Magazine Luiza'}
[2025-04-14T23:48:45.872+0000] {subprocess.py:106} INFO - 2025-04-14 23:48:45 [scrapy.core.scraper] DEBUG: Scraped from <200 https://www.magazineluiza.com.br/busca/garrafa+stanley+aerolight+fast+flow/?page=1?page=1>
[2025-04-14T23:48:45.874+0000] {subprocess.py:106} INFO - {'title': 'Garrafa Térmica Aerolight Fast Flow Heat Wave Passion Pink 710ML Stanley', 'price': 'R$\xa0306,81', 'review': None, 'store': 'Magazine Luiza'}
[2025-04-14T23:48:45.876+0000] {subprocess.py:106} INFO - 2025-04-14 23:48:45 [scrapy.core.scraper] DEBUG: Scraped from <200 https://www.magazineluiza.com.br/busca/garrafa+stanley+aerolight+fast+flow/?page=1?page=1>
[2025-04-14T23:48:45.879+0000] {subprocess.py:106} INFO - {'title': 'Garrafa stanley térmica aerolight fast flow em aço inox 710ml passion pink 08404-00', 'price': 'R$\xa0324,57', 'review': None, 'store': 'Magazine Luiza'}
[2025-04-14T23:48:45.881+0000] {subprocess.py:106} INFO - 2025-04-14 23:48:45 [scrapy.core.scraper] DEBUG: Scraped from <200 https://www.magazineluiza.com.br/busca/garrafa+stanley+aerolight+fast+flow/?page=1?page=1>
[2025-04-14T23:48:45.883+0000] {subprocess.py:106} INFO - {'title': 'Garrafa Térmica STanley Aerolight Fast Flow 1,1L', 'price': 'R$\xa0368,18', 'review': None, 'store': 'Magazine Luiza'}
[2025-04-14T23:48:45.885+0000] {subprocess.py:106} INFO - 2025-04-14 23:48:45 [scrapy.core.scraper] DEBUG: Scraped from <200 https://www.magazineluiza.com.br/busca/garrafa+stanley+aerolight+fast+flow/?page=1?page=1>
[2025-04-14T23:48:45.887+0000] {subprocess.py:106} INFO - {'title': 'Garrafa Térmica Stanley Aerolight Fast Flow Citron 1,1 Litros - STANLEY PMI', 'price': 'R$\xa0371,07', 'review': None, 'store': 'Magazine Luiza'}
[2025-04-14T23:48:45.891+0000] {subprocess.py:106} INFO - 2025-04-14 23:48:45 [scrapy.core.scraper] DEBUG: Scraped from <200 https://www.magazineluiza.com.br/busca/garrafa+stanley+aerolight+fast+flow/?page=1?page=1>
[2025-04-14T23:48:45.893+0000] {subprocess.py:106} INFO - {'title': 'Garrafa stanley térmica aerolight fast flow 710ml matte black 08202-00', 'price': 'R$\xa0324,57', 'review': '5.0 (1)', 'store': 'Magazine Luiza'}
[2025-04-14T23:48:45.896+0000] {subprocess.py:106} INFO - 2025-04-14 23:48:45 [scrapy.core.scraper] DEBUG: Scraped from <200 https://www.magazineluiza.com.br/busca/garrafa+stanley+aerolight+fast+flow/?page=1?page=1>
[2025-04-14T23:48:45.898+0000] {subprocess.py:106} INFO - {'title': 'Garrafa Térmica Stanley Aerolight Fast Flow 710ml Verde Limão', 'price': 'R$\xa0268,57', 'review': None, 'store': 'Magazine Luiza'}
[2025-04-14T23:48:45.901+0000] {subprocess.py:106} INFO - 2025-04-14 23:48:45 [scrapy.core.scraper] DEBUG: Scraped from <200 https://www.magazineluiza.com.br/busca/garrafa+stanley+aerolight+fast+flow/?page=1?page=1>
[2025-04-14T23:48:45.903+0000] {subprocess.py:106} INFO - {'title': 'Garrafa Térmica Stanley Aerolight Fast Flow Branco Polar 710ML - STANLEY PMI', 'price': 'R$\xa0369,90', 'review': None, 'store': 'Magazine Luiza'}
[2025-04-14T23:48:45.909+0000] {subprocess.py:106} INFO - 2025-04-14 23:48:45 [scrapy.core.scraper] DEBUG: Scraped from <200 https://www.magazineluiza.com.br/busca/garrafa+stanley+aerolight+fast+flow/?page=1?page=1>
[2025-04-14T23:48:45.916+0000] {subprocess.py:106} INFO - {'title': 'Garrafa Térmica Aerolight Fast Flow Stanley Citron 710 Ml', 'price': 'R$\xa0365,00', 'review': None, 'store': 'Magazine Luiza'}
[2025-04-14T23:48:45.925+0000] {subprocess.py:106} INFO - 2025-04-14 23:48:45 [scrapy.core.scraper] DEBUG: Scraped from <200 https://www.magazineluiza.com.br/busca/garrafa+stanley+aerolight+fast+flow/?page=1?page=1>
[2025-04-14T23:48:45.927+0000] {subprocess.py:106} INFO - {'title': 'Garrafa Térmica Stanley Aerolight Fast Flow Citron 1,1 Litros - STANLEY PMI', 'price': 'R$\xa0489,00', 'review': None, 'store': 'Magazine Luiza'}
[2025-04-14T23:48:45.936+0000] {subprocess.py:106} INFO - 2025-04-14 23:48:45 [scrapy.core.scraper] DEBUG: Scraped from <200 https://www.magazineluiza.com.br/busca/garrafa+stanley+aerolight+fast+flow/?page=1?page=1>
[2025-04-14T23:48:45.939+0000] {subprocess.py:106} INFO - {'title': 'Garrafa Térmica Stanley Aerolight Fast Flow 0.7L Verde 08205', 'price': 'R$\xa0344,01', 'review': None, 'store': 'Magazine Luiza'}
[2025-04-14T23:48:45.941+0000] {subprocess.py:106} INFO - 2025-04-14 23:48:45 [scrapy.core.scraper] DEBUG: Scraped from <200 https://www.magazineluiza.com.br/busca/garrafa+stanley+aerolight+fast+flow/?page=1?page=1>
[2025-04-14T23:48:45.943+0000] {subprocess.py:106} INFO - {'title': 'Garrafa Térmico Aerolight Fast Flow 710 Ml Citron Stanley', 'price': 'R$\xa0329,57', 'review': None, 'store': 'Magazine Luiza'}
[2025-04-14T23:48:45.946+0000] {subprocess.py:106} INFO - 2025-04-14 23:48:45 [scrapy.core.scraper] DEBUG: Scraped from <200 https://www.magazineluiza.com.br/busca/garrafa+stanley+aerolight+fast+flow/?page=1?page=1>
[2025-04-14T23:48:45.948+0000] {subprocess.py:106} INFO - {'title': 'Garrafa Térmica Aerolight Fast Flow Polar 1,1L', 'price': 'R$\xa0479,99', 'review': None, 'store': 'Magazine Luiza'}
[2025-04-14T23:48:45.950+0000] {subprocess.py:106} INFO - 2025-04-14 23:48:45 [scrapy.core.scraper] DEBUG: Scraped from <200 https://www.magazineluiza.com.br/busca/garrafa+stanley+aerolight+fast+flow/?page=1?page=1>
[2025-04-14T23:48:45.952+0000] {subprocess.py:106} INFO - {'title': 'Garrafa Térmica Stanley Aerolight Fast Flow Lavender 710ML - STANLEY PMI', 'price': 'R$\xa0361,77', 'review': None, 'store': 'Magazine Luiza'}
[2025-04-14T23:48:45.954+0000] {subprocess.py:106} INFO - 2025-04-14 23:48:45 [scrapy.core.engine] INFO: Closing spider (finished)
[2025-04-14T23:48:45.958+0000] {subprocess.py:106} INFO - 2025-04-14 23:48:45 [scrapy.extensions.feedexport] INFO: Stored csv feed (110 items) in: /opt/***/dags/scrap_result.csv
[2025-04-14T23:48:45.961+0000] {subprocess.py:106} INFO - 2025-04-14 23:48:45 [scrapy.statscollectors] INFO: Dumping Scrapy stats:
[2025-04-14T23:48:45.964+0000] {subprocess.py:106} INFO - {'downloader/request_bytes': 2450,
[2025-04-14T23:48:45.967+0000] {subprocess.py:106} INFO -  'downloader/request_count': 3,
[2025-04-14T23:48:45.970+0000] {subprocess.py:106} INFO -  'downloader/request_method_count/GET': 3,
[2025-04-14T23:48:45.973+0000] {subprocess.py:106} INFO -  'downloader/response_bytes': 283686,
[2025-04-14T23:48:45.976+0000] {subprocess.py:106} INFO -  'downloader/response_count': 3,
[2025-04-14T23:48:45.981+0000] {subprocess.py:106} INFO -  'downloader/response_status_count/200': 3,
[2025-04-14T23:48:45.983+0000] {subprocess.py:106} INFO -  'elapsed_time_seconds': 4.829231,
[2025-04-14T23:48:45.987+0000] {subprocess.py:106} INFO -  'feedexport/success_count/FileFeedStorage': 1,
[2025-04-14T23:48:45.989+0000] {subprocess.py:106} INFO -  'finish_reason': 'finished',
[2025-04-14T23:48:45.991+0000] {subprocess.py:106} INFO -  'finish_time': datetime.datetime(2025, 4, 14, 23, 48, 45, 424315, tzinfo=datetime.timezone.utc),
[2025-04-14T23:48:45.994+0000] {subprocess.py:106} INFO -  'httpcompression/response_bytes': 2092257,
[2025-04-14T23:48:45.998+0000] {subprocess.py:106} INFO -  'httpcompression/response_count': 3,
[2025-04-14T23:48:46.001+0000] {subprocess.py:106} INFO -  'item_scraped_count': 110,
[2025-04-14T23:48:46.004+0000] {subprocess.py:106} INFO -  'items_per_minute': None,
[2025-04-14T23:48:46.006+0000] {subprocess.py:106} INFO -  'log_count/DEBUG': 114,
[2025-04-14T23:48:46.010+0000] {subprocess.py:106} INFO -  'log_count/INFO': 11,
[2025-04-14T23:48:46.013+0000] {subprocess.py:106} INFO -  'memusage/max': 218750976,
[2025-04-14T23:48:46.015+0000] {subprocess.py:106} INFO -  'memusage/startup': 218750976,
[2025-04-14T23:48:46.018+0000] {subprocess.py:106} INFO -  'request_depth_max': 1,
[2025-04-14T23:48:46.021+0000] {subprocess.py:106} INFO -  'response_received_count': 3,
[2025-04-14T23:48:46.023+0000] {subprocess.py:106} INFO -  'responses_per_minute': None,
[2025-04-14T23:48:46.026+0000] {subprocess.py:106} INFO -  'scheduler/dequeued': 3,
[2025-04-14T23:48:46.028+0000] {subprocess.py:106} INFO -  'scheduler/dequeued/memory': 3,
[2025-04-14T23:48:46.032+0000] {subprocess.py:106} INFO -  'scheduler/enqueued': 3,
[2025-04-14T23:48:46.035+0000] {subprocess.py:106} INFO -  'scheduler/enqueued/memory': 3,
[2025-04-14T23:48:46.038+0000] {subprocess.py:106} INFO -  'start_time': datetime.datetime(2025, 4, 14, 23, 48, 40, 595084, tzinfo=datetime.timezone.utc)}
[2025-04-14T23:48:46.040+0000] {subprocess.py:106} INFO - 2025-04-14 23:48:45 [scrapy.core.engine] INFO: Spider closed (finished)
[2025-04-14T23:48:46.043+0000] {subprocess.py:106} INFO - 
[2025-04-14T23:48:46.046+0000] {subprocess.py:106} INFO - GARRAFA STANLEY AEROLIGHT FAST FLOW 1.1Lt ORIGINAL TODAS AS CORES
[2025-04-14T23:48:46.049+0000] {subprocess.py:106} INFO - [R$ 332,00]
[2025-04-14T23:48:46.052+0000] {subprocess.py:106} INFO - 4.2 (6)
[2025-04-14T23:48:46.054+0000] {subprocess.py:106} INFO - Garrafa stanley aerolight fast flow 710ml original todas as cores
[2025-04-14T23:48:46.057+0000] {subprocess.py:106} INFO - [R$ 304,10]
[2025-04-14T23:48:46.059+0000] {subprocess.py:106} INFO - 5.0 (1)
[2025-04-14T23:48:46.061+0000] {subprocess.py:106} INFO - Garrafa Térmica Aerolight Stanley Fast Flow 710ml - Matte Black
[2025-04-14T23:48:46.065+0000] {subprocess.py:106} INFO - [R$ 287,37]
[2025-04-14T23:48:46.068+0000] {subprocess.py:106} INFO - 5.0 (1)
[2025-04-14T23:48:46.070+0000] {subprocess.py:106} INFO - Garrafa Térmica Stanley Aerolight Fast Flow Lavender 710ML - STANLEY PMI
[2025-04-14T23:48:46.073+0000] {subprocess.py:106} INFO - [R$ 289,97]
[2025-04-14T23:48:46.075+0000] {subprocess.py:106} INFO - None
[2025-04-14T23:48:46.077+0000] {subprocess.py:106} INFO - Stanley Garrafa Térmica Aerolight Original Fast Flow Branco Polar 710ml
[2025-04-14T23:48:46.081+0000] {subprocess.py:106} INFO - [R$ 332,10]
[2025-04-14T23:48:46.084+0000] {subprocess.py:106} INFO - None
[2025-04-14T23:48:46.090+0000] {subprocess.py:106} INFO - Garrafa Térmica Aerolight Stanley Fast Flow 1,1L - Tigerlily
[2025-04-14T23:48:46.094+0000] {subprocess.py:106} INFO - [R$ 315,27]
[2025-04-14T23:48:46.100+0000] {subprocess.py:106} INFO - 5.0 (1)
[2025-04-14T23:48:46.104+0000] {subprocess.py:106} INFO - Garrafa Térmica Stanley Aerolight Fast Flow 1.1L Pink
[2025-04-14T23:48:46.106+0000] {subprocess.py:106} INFO - [R$ 289,23]
[2025-04-14T23:48:46.108+0000] {subprocess.py:106} INFO - None
[2025-04-14T23:48:46.111+0000] {subprocess.py:106} INFO - Garrafa Térmica Aerolight Fast Flow Matte Black 1,1L Stanley
[2025-04-14T23:48:46.113+0000] {subprocess.py:106} INFO - [R$ 351,23]
[2025-04-14T23:48:46.115+0000] {subprocess.py:106} INFO - 4.2 (6)
[2025-04-14T23:48:46.118+0000] {subprocess.py:106} INFO - Garrafa Térmica Stanley Aerolight Fast Flow Matte Black 710ML
[2025-04-14T23:48:46.122+0000] {subprocess.py:106} INFO - [R$ 272,49]
[2025-04-14T23:48:46.125+0000] {subprocess.py:106} INFO - 5.0 (1)
[2025-04-14T23:48:46.127+0000] {subprocess.py:106} INFO - Garrafa Térmica Aerolight Stanley Fast Flow 710ml - Lavender
[2025-04-14T23:48:46.133+0000] {subprocess.py:106} INFO - [R$ 287,37]
[2025-04-14T23:48:46.137+0000] {subprocess.py:106} INFO - None
[2025-04-14T23:48:46.141+0000] {subprocess.py:106} INFO - Garrafa Térmica Stanley Aerolight Fast Flow Branco Polar 1,1 Litros
[2025-04-14T23:48:46.144+0000] {subprocess.py:106} INFO - [R$ 299,46]
[2025-04-14T23:48:46.146+0000] {subprocess.py:106} INFO - None
[2025-04-14T23:48:46.149+0000] {subprocess.py:106} INFO - Garrafa Térmica Aerolight Stanley Fast Flow 1,1L - Citron
[2025-04-14T23:48:46.154+0000] {subprocess.py:106} INFO - [R$ 315,27]
[2025-04-14T23:48:46.158+0000] {subprocess.py:106} INFO - None
[2025-04-14T23:48:46.161+0000] {subprocess.py:106} INFO - Garrafa Térmica Aerolight Stanley Fast Flow 1,1L - Polar
[2025-04-14T23:48:46.164+0000] {subprocess.py:106} INFO - [R$ 315,27]
[2025-04-14T23:48:46.166+0000] {subprocess.py:106} INFO - None
[2025-04-14T23:48:46.168+0000] {subprocess.py:106} INFO - Garrafa Térmica Stanley Aerolight Fast Flow Citron 710ML
[2025-04-14T23:48:46.171+0000] {subprocess.py:106} INFO - [R$ 272,49]
[2025-04-14T23:48:46.173+0000] {subprocess.py:106} INFO - None
[2025-04-14T23:48:46.175+0000] {subprocess.py:106} INFO - Garrafa Térmica Stanley Aerolight Fast Flow Original Laranja Tigerlily 1,1 L
[2025-04-14T23:48:46.177+0000] {subprocess.py:106} INFO - [R$ 379,00]
[2025-04-14T23:48:46.179+0000] {subprocess.py:106} INFO - 5.0 (1)
[2025-04-14T23:48:46.181+0000] {subprocess.py:106} INFO - Garrafa Térmica Aerolight Laranja Fast Flow Tigerlily 1,1L Stanley
[2025-04-14T23:48:46.183+0000] {subprocess.py:106} INFO - [R$ 344,01]
[2025-04-14T23:48:46.185+0000] {subprocess.py:106} INFO - 5.0 (1)
[2025-04-14T23:48:46.187+0000] {subprocess.py:106} INFO - Garrafa stanley térmica aerolight fast flow em aço inox 710ml lavender 08241-00
[2025-04-14T23:48:46.189+0000] {subprocess.py:106} INFO - [R$ 324,57]
[2025-04-14T23:48:46.191+0000] {subprocess.py:106} INFO - None
[2025-04-14T23:48:46.193+0000] {subprocess.py:106} INFO - Garrafa stanley térmica aerolight fast flow 1,1 litros laranja tigerlily 08242-00
[2025-04-14T23:48:46.199+0000] {subprocess.py:106} INFO - [R$ 343,17]
[2025-04-14T23:48:46.201+0000] {subprocess.py:106} INFO - 5.0 (1)
[2025-04-14T23:48:46.203+0000] {subprocess.py:106} INFO - Garrafa Térmica Stanley Aerolight Fast Flow 710ml Rosa Claro
[2025-04-14T23:48:46.205+0000] {subprocess.py:106} INFO - [R$ 268,57]
[2025-04-14T23:48:46.207+0000] {subprocess.py:106} INFO - None
[2025-04-14T23:48:46.209+0000] {subprocess.py:106} INFO - Garrafa Térmica Stanley Aerolight Fast Flow 1.1L Verde Água
[2025-04-14T23:48:46.212+0000] {subprocess.py:106} INFO - [R$ 289,23]
[2025-04-14T23:48:46.214+0000] {subprocess.py:106} INFO - None
[2025-04-14T23:48:46.218+0000] {subprocess.py:106} INFO - Garrafa Térmica Stanley Aerolight Fast Flow Branco Polar 1,1 Litros - STANLEY PMI
[2025-04-14T23:48:46.220+0000] {subprocess.py:106} INFO - [R$ 399,00]
[2025-04-14T23:48:46.222+0000] {subprocess.py:106} INFO - None
[2025-04-14T23:48:46.225+0000] {subprocess.py:106} INFO - Garrafa Térmica Stanley Aerolight Fast Flow Matte Black 710ML - STANLEY PMI
[2025-04-14T23:48:46.226+0000] {subprocess.py:106} INFO - [R$ 365,00]
[2025-04-14T23:48:46.229+0000] {subprocess.py:106} INFO - 5.0 (1)
[2025-04-14T23:48:46.232+0000] {subprocess.py:106} INFO - Garrafa stanley térmica aerolight fast flow em aço inox 710ml laranja tigerlily 08204-00
[2025-04-14T23:48:46.234+0000] {subprocess.py:106} INFO - [R$ 324,57]
[2025-04-14T23:48:46.236+0000] {subprocess.py:106} INFO - None
[2025-04-14T23:48:46.238+0000] {subprocess.py:106} INFO - Garrafa stanley térmica aerolight fast flow em aço inox 710ml vivid violet 08405-00
[2025-04-14T23:48:46.241+0000] {subprocess.py:106} INFO - [R$ 324,57]
[2025-04-14T23:48:46.244+0000] {subprocess.py:106} INFO - None
[2025-04-14T23:48:46.246+0000] {subprocess.py:106} INFO - Garrafa Térmica Stanley Aerolight Fast Flow 710ml Lilás
[2025-04-14T23:48:46.249+0000] {subprocess.py:106} INFO - [R$ 268,57]
[2025-04-14T23:48:46.252+0000] {subprocess.py:106} INFO - None
[2025-04-14T23:48:46.260+0000] {subprocess.py:106} INFO - Garrafa Térmica Stanley Aerolight Fast Flow Branco Polar 1,1 Litros - STANLEY PMI
[2025-04-14T23:48:46.266+0000] {subprocess.py:106} INFO - [R$ 385,90]
[2025-04-14T23:48:46.270+0000] {subprocess.py:106} INFO - None
[2025-04-14T23:48:46.273+0000] {subprocess.py:106} INFO - Garrafa Térmica Stanley Aerolight Fast Flow 710 ML Azul 0838
[2025-04-14T23:48:46.276+0000] {subprocess.py:106} INFO - [R$ 369,90]
[2025-04-14T23:48:46.279+0000] {subprocess.py:106} INFO - None
[2025-04-14T23:48:46.282+0000] {subprocess.py:106} INFO - Garrafa stanley térmica aerolight fast flow 1,1 litros branco polar 08207-00
[2025-04-14T23:48:46.284+0000] {subprocess.py:106} INFO - [R$ 343,17]
[2025-04-14T23:48:46.286+0000] {subprocess.py:106} INFO - None
[2025-04-14T23:48:46.288+0000] {subprocess.py:106} INFO - Garrafa Térmica Stanley Aerolight Fast Flow 710ml Azul Claro
[2025-04-14T23:48:46.291+0000] {subprocess.py:106} INFO - [R$ 268,57]
[2025-04-14T23:48:46.293+0000] {subprocess.py:106} INFO - None
[2025-04-14T23:48:46.296+0000] {subprocess.py:106} INFO - Garrafa termica stanley aerolight fast flow tigerlily 1,1l cod8208 cx6
[2025-04-14T23:48:46.298+0000] {subprocess.py:106} INFO - [R$ 434,37]
[2025-04-14T23:48:46.301+0000] {subprocess.py:106} INFO - 5.0 (1)
[2025-04-14T23:48:46.303+0000] {subprocess.py:106} INFO - Garrafa Térmica Stanley Aerolight Fast Flow Branco Polar 710
[2025-04-14T23:48:46.304+0000] {subprocess.py:106} INFO - [R$ 361,00]
[2025-04-14T23:48:46.307+0000] {subprocess.py:106} INFO - None
[2025-04-14T23:48:46.309+0000] {subprocess.py:106} INFO - Garrafa Térmica Stanley IceFlow Aerolight Fast Flow 700ml - Cinza
[2025-04-14T23:48:46.312+0000] {subprocess.py:106} INFO - [R$ 448,45]
[2025-04-14T23:48:46.315+0000] {subprocess.py:106} INFO - None
[2025-04-14T23:48:46.317+0000] {subprocess.py:106} INFO - Garrafa Térmica STanley Aerolight Fast Flow 1,1L
[2025-04-14T23:48:46.319+0000] {subprocess.py:106} INFO - [R$ 368,18]
[2025-04-14T23:48:46.322+0000] {subprocess.py:106} INFO - None
[2025-04-14T23:48:46.324+0000] {subprocess.py:106} INFO - Garrafa Térmica Stanley Aerolight Fast Flow Citron 1,1 Litros - STANLEY PMI
[2025-04-14T23:48:46.326+0000] {subprocess.py:106} INFO - [R$ 359,43]
[2025-04-14T23:48:46.328+0000] {subprocess.py:106} INFO - None
[2025-04-14T23:48:46.330+0000] {subprocess.py:106} INFO - Garrafa Térmica Aerolight Fast Flow 1,1L Polar Stanley
[2025-04-14T23:48:46.333+0000] {subprocess.py:106} INFO - [R$ 379,00]
[2025-04-14T23:48:46.335+0000] {subprocess.py:106} INFO - None
[2025-04-14T23:48:46.338+0000] {subprocess.py:106} INFO - Garrafa Térmica Aerolight Fast Flow Tigerlily 710ml Stanley
[2025-04-14T23:48:46.340+0000] {subprocess.py:106} INFO - [R$ 289,23]
[2025-04-14T23:48:46.343+0000] {subprocess.py:106} INFO - None
[2025-04-14T23:48:46.345+0000] {subprocess.py:106} INFO - Garrafa stanley térmica aerolight fast flow em aço inox 710ml azul tropical teal 08406-00
[2025-04-14T23:48:46.348+0000] {subprocess.py:106} INFO - [R$ 324,57]
[2025-04-14T23:48:46.351+0000] {subprocess.py:106} INFO - None
[2025-04-14T23:48:46.354+0000] {subprocess.py:106} INFO - Garrafa Térmica Stanley Aerolight Fast Flow Citron 1,1 Litros - STANLEY PMI
[2025-04-14T23:48:46.356+0000] {subprocess.py:106} INFO - [R$ 385,90]
[2025-04-14T23:48:46.358+0000] {subprocess.py:106} INFO - None
[2025-04-14T23:48:46.360+0000] {subprocess.py:106} INFO - Garrafa Térmica Stanley Aerolight Fast Flow 710ml Verde Água
[2025-04-14T23:48:46.363+0000] {subprocess.py:106} INFO - [R$ 268,57]
[2025-04-14T23:48:46.366+0000] {subprocess.py:106} INFO - None
[2025-04-14T23:48:46.368+0000] {subprocess.py:106} INFO - Garrafa Térmica Aerolight Fast Flow Stanley 710ML
[2025-04-14T23:48:46.370+0000] {subprocess.py:106} INFO - [R$ 359,91]
[2025-04-14T23:48:46.372+0000] {subprocess.py:106} INFO - None
[2025-04-14T23:48:46.374+0000] {subprocess.py:106} INFO - Garrafa Térmica Aerolight Fast Flow Polar 1,1L Stanley
[2025-04-14T23:48:46.376+0000] {subprocess.py:106} INFO - [R$ 351,23]
[2025-04-14T23:48:46.378+0000] {subprocess.py:106} INFO - None
[2025-04-14T23:48:46.380+0000] {subprocess.py:106} INFO - Garrafa Térmica Stanley Aerolight Fast Flow Citron 710ML - STANLEY PMI
[2025-04-14T23:48:46.382+0000] {subprocess.py:106} INFO - [R$ 419,90]
[2025-04-14T23:48:46.384+0000] {subprocess.py:106} INFO - None
[2025-04-14T23:48:46.385+0000] {subprocess.py:106} INFO - Garrafa Térmica Aerolight Fast Flow Heat Wave Passion Pink 710ML Stanley
[2025-04-14T23:48:46.387+0000] {subprocess.py:106} INFO - [R$ 306,81]
[2025-04-14T23:48:46.389+0000] {subprocess.py:106} INFO - None
[2025-04-14T23:48:46.391+0000] {subprocess.py:106} INFO - Garrafa stanley térmica aerolight fast flow em aço inox 710ml passion pink 08404-00
[2025-04-14T23:48:46.416+0000] {subprocess.py:106} INFO - [R$ 324,57]
[2025-04-14T23:48:46.437+0000] {subprocess.py:106} INFO - None
[2025-04-14T23:48:46.457+0000] {subprocess.py:106} INFO - Garrafa Térmica STanley Aerolight Fast Flow 1,1L
[2025-04-14T23:48:46.478+0000] {subprocess.py:106} INFO - [R$ 368,18]
[2025-04-14T23:48:46.481+0000] {subprocess.py:106} INFO - None
[2025-04-14T23:48:46.482+0000] {subprocess.py:106} INFO - Garrafa Térmica Stanley Aerolight Fast Flow Citron 1,1 Litros - STANLEY PMI
[2025-04-14T23:48:46.484+0000] {subprocess.py:106} INFO - [R$ 371,07]
[2025-04-14T23:48:46.486+0000] {subprocess.py:106} INFO - None
[2025-04-14T23:48:46.488+0000] {subprocess.py:106} INFO - Garrafa stanley térmica aerolight fast flow 710ml matte black 08202-00
[2025-04-14T23:48:46.490+0000] {subprocess.py:106} INFO - [R$ 324,57]
[2025-04-14T23:48:46.491+0000] {subprocess.py:106} INFO - 5.0 (1)
[2025-04-14T23:48:46.493+0000] {subprocess.py:106} INFO - Garrafa Térmica Stanley Aerolight Fast Flow 710ml Verde Limão
[2025-04-14T23:48:46.495+0000] {subprocess.py:106} INFO - [R$ 268,57]
[2025-04-14T23:48:46.497+0000] {subprocess.py:106} INFO - None
[2025-04-14T23:48:46.500+0000] {subprocess.py:106} INFO - Garrafa Térmica Stanley Aerolight Fast Flow Branco Polar 710ML - STANLEY PMI
[2025-04-14T23:48:46.501+0000] {subprocess.py:106} INFO - [R$ 369,90]
[2025-04-14T23:48:46.504+0000] {subprocess.py:106} INFO - None
[2025-04-14T23:48:46.506+0000] {subprocess.py:106} INFO - Garrafa Térmica Aerolight Fast Flow Stanley Citron 710 Ml
[2025-04-14T23:48:46.508+0000] {subprocess.py:106} INFO - [R$ 365,00]
[2025-04-14T23:48:46.510+0000] {subprocess.py:106} INFO - None
[2025-04-14T23:48:46.512+0000] {subprocess.py:106} INFO - Garrafa Térmica Stanley Aerolight Fast Flow Citron 1,1 Litros - STANLEY PMI
[2025-04-14T23:48:46.514+0000] {subprocess.py:106} INFO - [R$ 489,00]
[2025-04-14T23:48:46.516+0000] {subprocess.py:106} INFO - None
[2025-04-14T23:48:46.517+0000] {subprocess.py:106} INFO - Garrafa Térmica Stanley Aerolight Fast Flow 0.7L Verde 08205
[2025-04-14T23:48:46.521+0000] {subprocess.py:106} INFO - [R$ 344,01]
[2025-04-14T23:48:46.523+0000] {subprocess.py:106} INFO - None
[2025-04-14T23:48:46.526+0000] {subprocess.py:106} INFO - Garrafa Térmico Aerolight Fast Flow 710 Ml Citron Stanley
[2025-04-14T23:48:46.528+0000] {subprocess.py:106} INFO - [R$ 329,57]
[2025-04-14T23:48:46.531+0000] {subprocess.py:106} INFO - None
[2025-04-14T23:48:46.533+0000] {subprocess.py:106} INFO - Garrafa Térmica Aerolight Fast Flow Polar 1,1L
[2025-04-14T23:48:46.535+0000] {subprocess.py:106} INFO - [R$ 479,99]
[2025-04-14T23:48:46.538+0000] {subprocess.py:106} INFO - None
[2025-04-14T23:48:46.540+0000] {subprocess.py:106} INFO - Garrafa Térmica Stanley Aerolight Fast Flow Lavender 710ML - STANLEY PMI
[2025-04-14T23:48:46.546+0000] {subprocess.py:106} INFO - [R$ 361,77]
[2025-04-14T23:48:46.549+0000] {subprocess.py:106} INFO - None
[2025-04-14T23:48:46.555+0000] {subprocess.py:110} INFO - Command exited with return code 0
[2025-04-14T23:48:46.796+0000] {taskinstance.py:341} INFO - ::group::Post task execution logs
[2025-04-14T23:48:46.800+0000] {taskinstance.py:353} INFO - Marking task as SUCCESS. dag_id=pipeline_garrafa_stanley, task_id=scrap_magalu, run_id=manual__2025-04-14T23:48:32.821587+00:00, execution_date=20250414T234832, start_date=20250414T234836, end_date=20250414T234846
[2025-04-14T23:48:46.991+0000] {local_task_job_runner.py:266} INFO - Task exited with return code 0
[2025-04-14T23:48:47.106+0000] {taskinstance.py:3901} INFO - 1 downstream tasks scheduled from follow-on schedule check
[2025-04-14T23:48:47.113+0000] {local_task_job_runner.py:245} INFO - ::endgroup::
