[2025-04-14T23:54:36.722+0000] {local_task_job_runner.py:123} INFO - ::group::Pre task execution logs
[2025-04-14T23:54:36.837+0000] {taskinstance.py:2614} INFO - Dependencies all met for dep_context=non-requeueable deps ti=<TaskInstance: pipeline_garrafa_stanley.etl_scrap manual__2025-04-14T23:54:17.083298+00:00 [queued]>
[2025-04-14T23:54:36.867+0000] {taskinstance.py:2614} INFO - Dependencies all met for dep_context=requeueable deps ti=<TaskInstance: pipeline_garrafa_stanley.etl_scrap manual__2025-04-14T23:54:17.083298+00:00 [queued]>
[2025-04-14T23:54:36.869+0000] {taskinstance.py:2867} INFO - Starting attempt 1 of 1
[2025-04-14T23:54:36.910+0000] {taskinstance.py:2890} INFO - Executing <Task(PythonOperator): etl_scrap> on 2025-04-14 23:54:17.083298+00:00
[2025-04-14T23:54:36.930+0000] {warnings.py:112} WARNING - /home/***/.local/lib/python3.12/site-packages/***/task/task_runner/standard_task_runner.py:70: DeprecationWarning: This process (pid=3292) is multi-threaded, use of fork() may lead to deadlocks in the child.
  pid = os.fork()

[2025-04-14T23:54:36.936+0000] {standard_task_runner.py:72} INFO - Started process 3294 to run task
[2025-04-14T23:54:36.942+0000] {standard_task_runner.py:104} INFO - Running: ['***', 'tasks', 'run', 'pipeline_garrafa_stanley', 'etl_scrap', 'manual__2025-04-14T23:54:17.083298+00:00', '--job-id', '121', '--raw', '--subdir', 'DAGS_FOLDER/pipeline.py', '--cfg-path', '/tmp/tmpnktypjch']
[2025-04-14T23:54:36.954+0000] {standard_task_runner.py:105} INFO - Job 121: Subtask etl_scrap
[2025-04-14T23:54:37.347+0000] {task_command.py:467} INFO - Running <TaskInstance: pipeline_garrafa_stanley.etl_scrap manual__2025-04-14T23:54:17.083298+00:00 [running]> on host a68e7f38875d
[2025-04-14T23:54:38.065+0000] {taskinstance.py:3134} INFO - Exporting env vars: AIRFLOW_CTX_DAG_OWNER='***' AIRFLOW_CTX_DAG_ID='pipeline_garrafa_stanley' AIRFLOW_CTX_TASK_ID='etl_scrap' AIRFLOW_CTX_EXECUTION_DATE='2025-04-14T23:54:17.083298+00:00' AIRFLOW_CTX_TRY_NUMBER='1' AIRFLOW_CTX_DAG_RUN_ID='manual__2025-04-14T23:54:17.083298+00:00'
[2025-04-14T23:54:38.070+0000] {taskinstance.py:732} INFO - ::endgroup::
[2025-04-14T23:54:38.363+0000] {logging_mixin.py:190} INFO - Leitura de '/opt/***/dags/scrap_result.csv' realizada com sucesso.
[2025-04-14T23:54:38.368+0000] {logging_mixin.py:190} INFO - Normalização dos dados realizada com sucesso.
[2025-04-14T23:54:38.371+0000] {logging_mixin.py:190} INFO - Carga realizada com sucesso na tabela 'scrappy'.
[2025-04-14T23:54:38.375+0000] {python.py:240} INFO - Done. Returned value was: None
[2025-04-14T23:54:38.452+0000] {taskinstance.py:341} INFO - ::group::Post task execution logs
[2025-04-14T23:54:38.456+0000] {taskinstance.py:353} INFO - Marking task as SUCCESS. dag_id=pipeline_garrafa_stanley, task_id=etl_scrap, run_id=manual__2025-04-14T23:54:17.083298+00:00, execution_date=20250414T235417, start_date=20250414T235436, end_date=20250414T235438
[2025-04-14T23:54:38.674+0000] {local_task_job_runner.py:266} INFO - Task exited with return code 0
[2025-04-14T23:54:38.820+0000] {taskinstance.py:3901} INFO - 1 downstream tasks scheduled from follow-on schedule check
[2025-04-14T23:54:38.834+0000] {local_task_job_runner.py:245} INFO - ::endgroup::
