[2025-04-14T23:48:50.061+0000] {local_task_job_runner.py:123} INFO - ::group::Pre task execution logs
[2025-04-14T23:48:50.175+0000] {taskinstance.py:2614} INFO - Dependencies all met for dep_context=non-requeueable deps ti=<TaskInstance: pipeline_garrafa_stanley.etl_scrap manual__2025-04-14T23:48:32.821587+00:00 [queued]>
[2025-04-14T23:48:50.204+0000] {taskinstance.py:2614} INFO - Dependencies all met for dep_context=requeueable deps ti=<TaskInstance: pipeline_garrafa_stanley.etl_scrap manual__2025-04-14T23:48:32.821587+00:00 [queued]>
[2025-04-14T23:48:50.206+0000] {taskinstance.py:2867} INFO - Starting attempt 1 of 1
[2025-04-14T23:48:50.258+0000] {taskinstance.py:2890} INFO - Executing <Task(PythonOperator): etl_scrap> on 2025-04-14 23:48:32.821587+00:00
[2025-04-14T23:48:50.285+0000] {warnings.py:112} WARNING - /home/***/.local/lib/python3.12/site-packages/***/task/task_runner/standard_task_runner.py:70: DeprecationWarning: This process (pid=3162) is multi-threaded, use of fork() may lead to deadlocks in the child.
  pid = os.fork()

[2025-04-14T23:48:50.291+0000] {standard_task_runner.py:72} INFO - Started process 3164 to run task
[2025-04-14T23:48:50.288+0000] {standard_task_runner.py:104} INFO - Running: ['***', 'tasks', 'run', 'pipeline_garrafa_stanley', 'etl_scrap', 'manual__2025-04-14T23:48:32.821587+00:00', '--job-id', '109', '--raw', '--subdir', 'DAGS_FOLDER/pipeline.py', '--cfg-path', '/tmp/tmptxe8lhd0']
[2025-04-14T23:48:50.308+0000] {standard_task_runner.py:105} INFO - Job 109: Subtask etl_scrap
[2025-04-14T23:48:50.594+0000] {task_command.py:467} INFO - Running <TaskInstance: pipeline_garrafa_stanley.etl_scrap manual__2025-04-14T23:48:32.821587+00:00 [running]> on host a68e7f38875d
[2025-04-14T23:48:50.996+0000] {taskinstance.py:3134} INFO - Exporting env vars: AIRFLOW_CTX_DAG_OWNER='***' AIRFLOW_CTX_DAG_ID='pipeline_garrafa_stanley' AIRFLOW_CTX_TASK_ID='etl_scrap' AIRFLOW_CTX_EXECUTION_DATE='2025-04-14T23:48:32.821587+00:00' AIRFLOW_CTX_TRY_NUMBER='1' AIRFLOW_CTX_DAG_RUN_ID='manual__2025-04-14T23:48:32.821587+00:00'
[2025-04-14T23:48:51.000+0000] {taskinstance.py:732} INFO - ::endgroup::
[2025-04-14T23:48:51.224+0000] {logging_mixin.py:190} INFO - Leitura de '/opt/***/dags/scrap_result.csv' realizada com sucesso.
[2025-04-14T23:48:51.227+0000] {logging_mixin.py:190} INFO - Normalização dos dados realizada com sucesso.
[2025-04-14T23:48:51.231+0000] {logging_mixin.py:190} INFO - Carga realizada com sucesso na tabela 'scrappy'.
[2025-04-14T23:48:51.234+0000] {python.py:240} INFO - Done. Returned value was: None
[2025-04-14T23:48:51.294+0000] {taskinstance.py:341} INFO - ::group::Post task execution logs
[2025-04-14T23:48:51.297+0000] {taskinstance.py:353} INFO - Marking task as SUCCESS. dag_id=pipeline_garrafa_stanley, task_id=etl_scrap, run_id=manual__2025-04-14T23:48:32.821587+00:00, execution_date=20250414T234832, start_date=20250414T234850, end_date=20250414T234851
[2025-04-14T23:48:51.474+0000] {local_task_job_runner.py:266} INFO - Task exited with return code 0
[2025-04-14T23:48:51.589+0000] {taskinstance.py:3901} INFO - 1 downstream tasks scheduled from follow-on schedule check
[2025-04-14T23:48:51.595+0000] {local_task_job_runner.py:245} INFO - ::endgroup::
