[2025-04-14T00:06:43.348+0000] {local_task_job_runner.py:123} INFO - ::group::Pre task execution logs
[2025-04-14T00:06:43.394+0000] {taskinstance.py:2614} INFO - Dependencies all met for dep_context=non-requeueable deps ti=<TaskInstance: pipeline_garrafa_stanley.scrap_magalu manual__2025-04-14T00:06:39.303143+00:00 [queued]>
[2025-04-14T00:06:43.409+0000] {taskinstance.py:2614} INFO - Dependencies all met for dep_context=requeueable deps ti=<TaskInstance: pipeline_garrafa_stanley.scrap_magalu manual__2025-04-14T00:06:39.303143+00:00 [queued]>
[2025-04-14T00:06:43.410+0000] {taskinstance.py:2867} INFO - Starting attempt 1 of 1
[2025-04-14T00:06:43.433+0000] {taskinstance.py:2890} INFO - Executing <Task(BashOperator): scrap_magalu> on 2025-04-14 00:06:39.303143+00:00
[2025-04-14T00:06:43.441+0000] {warnings.py:112} WARNING - /home/***/.local/lib/python3.12/site-packages/***/task/task_runner/standard_task_runner.py:70: DeprecationWarning: This process (pid=74) is multi-threaded, use of fork() may lead to deadlocks in the child.
  pid = os.fork()

[2025-04-14T00:06:43.444+0000] {standard_task_runner.py:72} INFO - Started process 76 to run task
[2025-04-14T00:06:43.444+0000] {standard_task_runner.py:104} INFO - Running: ['***', 'tasks', 'run', 'pipeline_garrafa_stanley', 'scrap_magalu', 'manual__2025-04-14T00:06:39.303143+00:00', '--job-id', '56', '--raw', '--subdir', 'DAGS_FOLDER/pipeline.py', '--cfg-path', '/tmp/tmp01trldkp']
[2025-04-14T00:06:43.448+0000] {standard_task_runner.py:105} INFO - Job 56: Subtask scrap_magalu
[2025-04-14T00:06:43.567+0000] {task_command.py:467} INFO - Running <TaskInstance: pipeline_garrafa_stanley.scrap_magalu manual__2025-04-14T00:06:39.303143+00:00 [running]> on host f1db68b53ea1
[2025-04-14T00:06:43.725+0000] {taskinstance.py:3134} INFO - Exporting env vars: AIRFLOW_CTX_DAG_OWNER='Mário Kojima' AIRFLOW_CTX_DAG_ID='pipeline_garrafa_stanley' AIRFLOW_CTX_TASK_ID='scrap_magalu' AIRFLOW_CTX_EXECUTION_DATE='2025-04-14T00:06:39.303143+00:00' AIRFLOW_CTX_TRY_NUMBER='1' AIRFLOW_CTX_DAG_RUN_ID='manual__2025-04-14T00:06:39.303143+00:00'
[2025-04-14T00:06:43.726+0000] {taskinstance.py:732} INFO - ::endgroup::
[2025-04-14T00:06:43.761+0000] {subprocess.py:78} INFO - Tmp dir root location: /tmp
[2025-04-14T00:06:43.763+0000] {subprocess.py:88} INFO - Running command: ['/usr/bin/bash', '-c', 'scrapy runspider /opt/***/dags/scrap_magalu.py -O /opt/***/dags/scrap_result.csv']
[2025-04-14T00:06:43.777+0000] {subprocess.py:99} INFO - Output:
[2025-04-14T00:06:45.326+0000] {subprocess.py:106} INFO - 2025-04-14 00:06:45 [scrapy.utils.log] INFO: Scrapy 2.12.0 started (bot: scrapybot)
[2025-04-14T00:06:45.330+0000] {subprocess.py:106} INFO - 2025-04-14 00:06:45 [scrapy.utils.log] INFO: Versions: lxml 5.3.0.0, libxml2 2.12.9, cssselect 1.3.0, parsel 1.10.0, w3lib 2.3.1, Twisted 24.11.0, Python 3.12.9 (main, Feb  6 2025, 22:37:05) [GCC 12.2.0], pyOpenSSL 24.3.0 (OpenSSL 3.2.2 4 Jun 2024), cryptography 42.0.8, Platform Linux-5.10.76-linuxkit-x86_64-with-glibc2.36
[2025-04-14T00:06:45.335+0000] {subprocess.py:106} INFO - 2025-04-14 00:06:45 [scrapy.addons] INFO: Enabled addons:
[2025-04-14T00:06:45.337+0000] {subprocess.py:106} INFO - []
[2025-04-14T00:06:45.338+0000] {subprocess.py:106} INFO - 2025-04-14 00:06:45 [scrapy.utils.log] DEBUG: Using reactor: twisted.internet.epollreactor.EPollReactor
[2025-04-14T00:06:45.340+0000] {subprocess.py:106} INFO - 2025-04-14 00:06:45 [scrapy.extensions.telnet] INFO: Telnet Password: d0b6709466e533ff
[2025-04-14T00:06:45.392+0000] {subprocess.py:106} INFO - 2025-04-14 00:06:45 [scrapy.middleware] INFO: Enabled extensions:
[2025-04-14T00:06:45.394+0000] {subprocess.py:106} INFO - ['scrapy.extensions.corestats.CoreStats',
[2025-04-14T00:06:45.395+0000] {subprocess.py:106} INFO -  'scrapy.extensions.telnet.TelnetConsole',
[2025-04-14T00:06:45.396+0000] {subprocess.py:106} INFO -  'scrapy.extensions.memusage.MemoryUsage',
[2025-04-14T00:06:45.397+0000] {subprocess.py:106} INFO -  'scrapy.extensions.feedexport.FeedExporter',
[2025-04-14T00:06:45.402+0000] {subprocess.py:106} INFO -  'scrapy.extensions.logstats.LogStats']
[2025-04-14T00:06:45.404+0000] {subprocess.py:106} INFO - 2025-04-14 00:06:45 [scrapy.crawler] INFO: Overridden settings:
[2025-04-14T00:06:45.405+0000] {subprocess.py:106} INFO - {'SPIDER_LOADER_WARN_ONLY': True,
[2025-04-14T00:06:45.405+0000] {subprocess.py:106} INFO -  'USER_AGENT': 'Mozilla/5.0 (X11; Linux x86_64) AppleWebKit/537.36 (KHTML, '
[2025-04-14T00:06:45.406+0000] {subprocess.py:106} INFO -                'like Gecko) Chrome/51.0.2704.103 Safari/537.36'}
[2025-04-14T00:06:45.544+0000] {subprocess.py:106} INFO - 2025-04-14 00:06:45 [scrapy.middleware] INFO: Enabled downloader middlewares:
[2025-04-14T00:06:45.546+0000] {subprocess.py:106} INFO - ['scrapy.downloadermiddlewares.offsite.OffsiteMiddleware',
[2025-04-14T00:06:45.548+0000] {subprocess.py:106} INFO -  'scrapy.downloadermiddlewares.httpauth.HttpAuthMiddleware',
[2025-04-14T00:06:45.549+0000] {subprocess.py:106} INFO -  'scrapy.downloadermiddlewares.downloadtimeout.DownloadTimeoutMiddleware',
[2025-04-14T00:06:45.550+0000] {subprocess.py:106} INFO -  'scrapy.downloadermiddlewares.defaultheaders.DefaultHeadersMiddleware',
[2025-04-14T00:06:45.551+0000] {subprocess.py:106} INFO -  'scrapy.downloadermiddlewares.useragent.UserAgentMiddleware',
[2025-04-14T00:06:45.552+0000] {subprocess.py:106} INFO -  'scrapy.downloadermiddlewares.retry.RetryMiddleware',
[2025-04-14T00:06:45.553+0000] {subprocess.py:106} INFO -  'scrapy.downloadermiddlewares.redirect.MetaRefreshMiddleware',
[2025-04-14T00:06:45.554+0000] {subprocess.py:106} INFO -  'scrapy.downloadermiddlewares.httpcompression.HttpCompressionMiddleware',
[2025-04-14T00:06:45.554+0000] {subprocess.py:106} INFO -  'scrapy.downloadermiddlewares.redirect.RedirectMiddleware',
[2025-04-14T00:06:45.555+0000] {subprocess.py:106} INFO -  'scrapy.downloadermiddlewares.cookies.CookiesMiddleware',
[2025-04-14T00:06:45.556+0000] {subprocess.py:106} INFO -  'scrapy.downloadermiddlewares.httpproxy.HttpProxyMiddleware',
[2025-04-14T00:06:45.557+0000] {subprocess.py:106} INFO -  'scrapy.downloadermiddlewares.stats.DownloaderStats']
[2025-04-14T00:06:45.558+0000] {subprocess.py:106} INFO - 2025-04-14 00:06:45 [scrapy.middleware] INFO: Enabled spider middlewares:
[2025-04-14T00:06:45.559+0000] {subprocess.py:106} INFO - ['scrapy.spidermiddlewares.httperror.HttpErrorMiddleware',
[2025-04-14T00:06:45.560+0000] {subprocess.py:106} INFO -  'scrapy.spidermiddlewares.referer.RefererMiddleware',
[2025-04-14T00:06:45.561+0000] {subprocess.py:106} INFO -  'scrapy.spidermiddlewares.urllength.UrlLengthMiddleware',
[2025-04-14T00:06:45.562+0000] {subprocess.py:106} INFO -  'scrapy.spidermiddlewares.depth.DepthMiddleware']
[2025-04-14T00:06:45.562+0000] {subprocess.py:106} INFO - 2025-04-14 00:06:45 [scrapy.middleware] INFO: Enabled item pipelines:
[2025-04-14T00:06:45.564+0000] {subprocess.py:106} INFO - []
[2025-04-14T00:06:45.565+0000] {subprocess.py:106} INFO - 2025-04-14 00:06:45 [scrapy.core.engine] INFO: Spider opened
[2025-04-14T00:06:45.566+0000] {subprocess.py:106} INFO - 2025-04-14 00:06:45 [scrapy.extensions.logstats] INFO: Crawled 0 pages (at 0 pages/min), scraped 0 items (at 0 items/min)
[2025-04-14T00:06:45.567+0000] {subprocess.py:106} INFO - 2025-04-14 00:06:45 [scrapy.extensions.telnet] INFO: Telnet console listening on 127.0.0.1:6023
[2025-04-14T00:06:47.542+0000] {subprocess.py:106} INFO - 2025-04-14 00:06:47 [urllib3.connectionpool] DEBUG: Starting new HTTPS connection (1): publicsuffix.org:443
[2025-04-14T00:06:47.678+0000] {subprocess.py:106} INFO - 2025-04-14 00:06:47 [urllib3.connectionpool] DEBUG: https://publicsuffix.org:443 "GET /list/public_suffix_list.dat HTTP/1.1" 200 87062
[2025-04-14T00:06:47.773+0000] {subprocess.py:106} INFO - 2025-04-14 00:06:47 [scrapy.core.engine] DEBUG: Crawled (200) <GET https://www.magazineluiza.com.br/busca/garrafa+stanley+aerolight+fast+flow/?page=1> (referer: None)
[2025-04-14T00:06:49.593+0000] {subprocess.py:106} INFO - 2025-04-14 00:06:49 [scrapy.core.engine] DEBUG: Crawled (200) <GET https://www.magazineluiza.com.br/busca/garrafa+stanley+aerolight+fast+flow/?page=1?page=1> (referer: https://www.magazineluiza.com.br/busca/garrafa+stanley+aerolight+fast+flow/?page=1)
[2025-04-14T00:06:49.682+0000] {subprocess.py:106} INFO - 2025-04-14 00:06:49 [scrapy.core.engine] DEBUG: Crawled (200) <GET https://www.magazineluiza.com.br/busca/garrafa+stanley+aerolight+fast+flow/?page=1?page=2> (referer: https://www.magazineluiza.com.br/busca/garrafa+stanley+aerolight+fast+flow/?page=1)
[2025-04-14T00:06:49.714+0000] {subprocess.py:106} INFO - 2025-04-14 00:06:49 [scrapy.core.scraper] DEBUG: Scraped from <200 https://www.magazineluiza.com.br/busca/garrafa+stanley+aerolight+fast+flow/?page=1?page=1>
[2025-04-14T00:06:49.717+0000] {subprocess.py:106} INFO - {'title': 'GARRAFA STANLEY AEROLIGHT FAST FLOW 1.1Lt ORIGINAL TODAS AS CORES', 'price': 'R$\xa0339,14', 'review': '4.2 (6)', 'store': 'Magazine Luiza'}
[2025-04-14T00:06:49.719+0000] {subprocess.py:106} INFO - 2025-04-14 00:06:49 [scrapy.core.scraper] DEBUG: Scraped from <200 https://www.magazineluiza.com.br/busca/garrafa+stanley+aerolight+fast+flow/?page=1?page=1>
[2025-04-14T00:06:49.720+0000] {subprocess.py:106} INFO - {'title': 'Garrafa stanley aerolight fast flow 710ml original todas as cores', 'price': 'R$\xa0310,64', 'review': '5.0 (1)', 'store': 'Magazine Luiza'}
[2025-04-14T00:06:49.721+0000] {subprocess.py:106} INFO - 2025-04-14 00:06:49 [scrapy.core.scraper] DEBUG: Scraped from <200 https://www.magazineluiza.com.br/busca/garrafa+stanley+aerolight+fast+flow/?page=1?page=1>
[2025-04-14T00:06:49.722+0000] {subprocess.py:106} INFO - {'title': 'Garrafa Térmica Aerolight Stanley Fast Flow 710ml - Matte Black', 'price': 'R$\xa0262,65', 'review': '5.0 (1)', 'store': 'Magazine Luiza'}
[2025-04-14T00:06:49.723+0000] {subprocess.py:106} INFO - 2025-04-14 00:06:49 [scrapy.core.scraper] DEBUG: Scraped from <200 https://www.magazineluiza.com.br/busca/garrafa+stanley+aerolight+fast+flow/?page=1?page=1>
[2025-04-14T00:06:49.725+0000] {subprocess.py:106} INFO - {'title': 'Garrafa Térmica Stanley Aerolight Fast Flow Lavender 710ML - STANLEY PMI', 'price': 'R$\xa0289,97', 'review': None, 'store': 'Magazine Luiza'}
[2025-04-14T00:06:49.726+0000] {subprocess.py:106} INFO - 2025-04-14 00:06:49 [scrapy.core.scraper] DEBUG: Scraped from <200 https://www.magazineluiza.com.br/busca/garrafa+stanley+aerolight+fast+flow/?page=1?page=1>
[2025-04-14T00:06:49.727+0000] {subprocess.py:106} INFO - {'title': 'Stanley Garrafa Térmica Aerolight Original Fast Flow Branco Polar 710ml', 'price': 'R$\xa0332,10', 'review': None, 'store': 'Magazine Luiza'}
[2025-04-14T00:06:49.728+0000] {subprocess.py:106} INFO - 2025-04-14 00:06:49 [scrapy.core.scraper] DEBUG: Scraped from <200 https://www.magazineluiza.com.br/busca/garrafa+stanley+aerolight+fast+flow/?page=1?page=1>
[2025-04-14T00:06:49.729+0000] {subprocess.py:106} INFO - {'title': 'Garrafa Térmica Aerolight Stanley Fast Flow 1,1L - Tigerlily', 'price': 'R$\xa0288,15', 'review': '5.0 (1)', 'store': 'Magazine Luiza'}
[2025-04-14T00:06:49.730+0000] {subprocess.py:106} INFO - 2025-04-14 00:06:49 [scrapy.core.scraper] DEBUG: Scraped from <200 https://www.magazineluiza.com.br/busca/garrafa+stanley+aerolight+fast+flow/?page=1?page=1>
[2025-04-14T00:06:49.731+0000] {subprocess.py:106} INFO - {'title': 'Garrafa Térmica Stanley Aerolight Fast Flow 1.1L Pink', 'price': 'R$\xa0295,45', 'review': None, 'store': 'Magazine Luiza'}
[2025-04-14T00:06:49.732+0000] {subprocess.py:106} INFO - 2025-04-14 00:06:49 [scrapy.core.scraper] DEBUG: Scraped from <200 https://www.magazineluiza.com.br/busca/garrafa+stanley+aerolight+fast+flow/?page=1?page=1>
[2025-04-14T00:06:49.733+0000] {subprocess.py:106} INFO - {'title': 'Garrafa Térmica Stanley Aerolight Fast Flow Matte Black 710ML', 'price': 'R$\xa0278,35', 'review': '5.0 (1)', 'store': 'Magazine Luiza'}
[2025-04-14T00:06:49.733+0000] {subprocess.py:106} INFO - 2025-04-14 00:06:49 [scrapy.core.scraper] DEBUG: Scraped from <200 https://www.magazineluiza.com.br/busca/garrafa+stanley+aerolight+fast+flow/?page=1?page=1>
[2025-04-14T00:06:49.734+0000] {subprocess.py:106} INFO - {'title': 'Garrafa Térmica Aerolight Fast Flow Matte Black 1,1L Stanley', 'price': 'R$\xa0358,79', 'review': '4.2 (6)', 'store': 'Magazine Luiza'}
[2025-04-14T00:06:49.736+0000] {subprocess.py:106} INFO - 2025-04-14 00:06:49 [scrapy.core.scraper] DEBUG: Scraped from <200 https://www.magazineluiza.com.br/busca/garrafa+stanley+aerolight+fast+flow/?page=1?page=1>
[2025-04-14T00:06:49.737+0000] {subprocess.py:106} INFO - {'title': 'Garrafa Térmica Aerolight Stanley Fast Flow 710ml - Lavender', 'price': 'R$\xa0262,65', 'review': None, 'store': 'Magazine Luiza'}
[2025-04-14T00:06:49.737+0000] {subprocess.py:106} INFO - 2025-04-14 00:06:49 [scrapy.core.scraper] DEBUG: Scraped from <200 https://www.magazineluiza.com.br/busca/garrafa+stanley+aerolight+fast+flow/?page=1?page=1>
[2025-04-14T00:06:49.738+0000] {subprocess.py:106} INFO - {'title': 'Garrafa Térmica Stanley Aerolight Fast Flow Branco Polar 1,1 Litros', 'price': 'R$\xa0305,90', 'review': None, 'store': 'Magazine Luiza'}
[2025-04-14T00:06:49.739+0000] {subprocess.py:106} INFO - 2025-04-14 00:06:49 [scrapy.core.scraper] DEBUG: Scraped from <200 https://www.magazineluiza.com.br/busca/garrafa+stanley+aerolight+fast+flow/?page=1?page=1>
[2025-04-14T00:06:49.740+0000] {subprocess.py:106} INFO - {'title': 'Garrafa Térmica Aerolight Stanley Fast Flow 1,1L - Citron', 'price': 'R$\xa0288,15', 'review': None, 'store': 'Magazine Luiza'}
[2025-04-14T00:06:49.741+0000] {subprocess.py:106} INFO - 2025-04-14 00:06:49 [scrapy.core.scraper] DEBUG: Scraped from <200 https://www.magazineluiza.com.br/busca/garrafa+stanley+aerolight+fast+flow/?page=1?page=1>
[2025-04-14T00:06:49.742+0000] {subprocess.py:106} INFO - {'title': 'Garrafa Térmica Aerolight Stanley Fast Flow 1,1L - Polar', 'price': 'R$\xa0288,15', 'review': None, 'store': 'Magazine Luiza'}
[2025-04-14T00:06:49.742+0000] {subprocess.py:106} INFO - 2025-04-14 00:06:49 [scrapy.core.scraper] DEBUG: Scraped from <200 https://www.magazineluiza.com.br/busca/garrafa+stanley+aerolight+fast+flow/?page=1?page=1>
[2025-04-14T00:06:49.743+0000] {subprocess.py:106} INFO - {'title': 'Garrafa Térmica Stanley Aerolight Fast Flow Citron 710ML', 'price': 'R$\xa0278,35', 'review': None, 'store': 'Magazine Luiza'}
[2025-04-14T00:06:49.744+0000] {subprocess.py:106} INFO - 2025-04-14 00:06:49 [scrapy.core.scraper] DEBUG: Scraped from <200 https://www.magazineluiza.com.br/busca/garrafa+stanley+aerolight+fast+flow/?page=1?page=1>
[2025-04-14T00:06:49.746+0000] {subprocess.py:106} INFO - {'title': 'Garrafa Térmica Stanley Aerolight Fast Flow Original Laranja Tigerlily 1,1 L', 'price': 'R$\xa0379,00', 'review': '5.0 (1)', 'store': 'Magazine Luiza'}
[2025-04-14T00:06:49.747+0000] {subprocess.py:106} INFO - 2025-04-14 00:06:49 [scrapy.core.scraper] DEBUG: Scraped from <200 https://www.magazineluiza.com.br/busca/garrafa+stanley+aerolight+fast+flow/?page=1?page=1>
[2025-04-14T00:06:49.748+0000] {subprocess.py:106} INFO - {'title': 'Garrafa Térmica Aerolight Laranja Fast Flow Tigerlily 1,1L Stanley', 'price': 'R$\xa0351,41', 'review': '5.0 (1)', 'store': 'Magazine Luiza'}
[2025-04-14T00:06:49.750+0000] {subprocess.py:106} INFO - 2025-04-14 00:06:49 [scrapy.core.scraper] DEBUG: Scraped from <200 https://www.magazineluiza.com.br/busca/garrafa+stanley+aerolight+fast+flow/?page=1?page=1>
[2025-04-14T00:06:49.751+0000] {subprocess.py:106} INFO - {'title': 'Garrafa stanley térmica aerolight fast flow em aço inox 710ml lavender 08241-00', 'price': 'R$\xa0331,55', 'review': None, 'store': 'Magazine Luiza'}
[2025-04-14T00:06:49.752+0000] {subprocess.py:106} INFO - 2025-04-14 00:06:49 [scrapy.core.scraper] DEBUG: Scraped from <200 https://www.magazineluiza.com.br/busca/garrafa+stanley+aerolight+fast+flow/?page=1?page=1>
[2025-04-14T00:06:49.753+0000] {subprocess.py:106} INFO - {'title': 'Garrafa stanley térmica aerolight fast flow 1,1 litros laranja tigerlily 08242-00', 'price': 'R$\xa0350,55', 'review': '5.0 (1)', 'store': 'Magazine Luiza'}
[2025-04-14T00:06:49.754+0000] {subprocess.py:106} INFO - 2025-04-14 00:06:49 [scrapy.core.scraper] DEBUG: Scraped from <200 https://www.magazineluiza.com.br/busca/garrafa+stanley+aerolight+fast+flow/?page=1?page=1>
[2025-04-14T00:06:49.756+0000] {subprocess.py:106} INFO - {'title': 'Garrafa Térmica Stanley Aerolight Fast Flow 710ml Rosa Claro', 'price': 'R$\xa0274,34', 'review': None, 'store': 'Magazine Luiza'}
[2025-04-14T00:06:49.758+0000] {subprocess.py:106} INFO - 2025-04-14 00:06:49 [scrapy.core.scraper] DEBUG: Scraped from <200 https://www.magazineluiza.com.br/busca/garrafa+stanley+aerolight+fast+flow/?page=1?page=1>
[2025-04-14T00:06:49.759+0000] {subprocess.py:106} INFO - {'title': 'Garrafa Térmica Stanley Aerolight Fast Flow 1.1L Verde Água', 'price': 'R$\xa0295,45', 'review': None, 'store': 'Magazine Luiza'}
[2025-04-14T00:06:49.760+0000] {subprocess.py:106} INFO - 2025-04-14 00:06:49 [scrapy.core.scraper] DEBUG: Scraped from <200 https://www.magazineluiza.com.br/busca/garrafa+stanley+aerolight+fast+flow/?page=1?page=1>
[2025-04-14T00:06:49.761+0000] {subprocess.py:106} INFO - {'title': 'Garrafa Térmica Stanley Aerolight Fast Flow Branco Polar 1,1 Litros - STANLEY PMI', 'price': 'R$\xa0399,00', 'review': None, 'store': 'Magazine Luiza'}
[2025-04-14T00:06:49.763+0000] {subprocess.py:106} INFO - 2025-04-14 00:06:49 [scrapy.core.scraper] DEBUG: Scraped from <200 https://www.magazineluiza.com.br/busca/garrafa+stanley+aerolight+fast+flow/?page=1?page=1>
[2025-04-14T00:06:49.764+0000] {subprocess.py:106} INFO - {'title': 'Garrafa Térmica Stanley Aerolight Fast Flow Matte Black 710ML - STANLEY PMI', 'price': 'R$\xa0365,00', 'review': '5.0 (1)', 'store': 'Magazine Luiza'}
[2025-04-14T00:06:49.765+0000] {subprocess.py:106} INFO - 2025-04-14 00:06:49 [scrapy.core.scraper] DEBUG: Scraped from <200 https://www.magazineluiza.com.br/busca/garrafa+stanley+aerolight+fast+flow/?page=1?page=1>
[2025-04-14T00:06:49.766+0000] {subprocess.py:106} INFO - {'title': 'Garrafa stanley térmica aerolight fast flow em aço inox 710ml laranja tigerlily 08204-00', 'price': 'R$\xa0331,55', 'review': None, 'store': 'Magazine Luiza'}
[2025-04-14T00:06:49.767+0000] {subprocess.py:106} INFO - **************************************************
[2025-04-14T00:06:49.768+0000] {subprocess.py:106} INFO - 2
[2025-04-14T00:06:49.769+0000] {subprocess.py:106} INFO - **************************************************
[2025-04-14T00:06:49.770+0000] {subprocess.py:106} INFO - https://www.magazineluiza.com.br/busca/garrafa+stanley+aerolight+fast+flow/?page=1?page=1
[2025-04-14T00:06:49.771+0000] {subprocess.py:106} INFO - blocos
[2025-04-14T00:06:49.772+0000] {subprocess.py:106} INFO - [<Selector query='//div[@data-testid="product-list"]//li' data='<li class="sc-hwhrDX ghzctf"><a href=...'>, <Selector query='//div[@data-testid="product-list"]//li' data='<li class="sc-hwhrDX ghzctf"><a href=...'>, <Selector query='//div[@data-testid="product-list"]//li' data='<li class="sc-hwhrDX ghzctf"><a href=...'>, <Selector query='//div[@data-testid="product-list"]//li' data='<li class="sc-hwhrDX ghzctf"><a href=...'>, <Selector query='//div[@data-testid="product-list"]//li' data='<li class="sc-hwhrDX ghzctf"><a href=...'>, <Selector query='//div[@data-testid="product-list"]//li' data='<li class="sc-hwhrDX ghzctf"><a href=...'>, <Selector query='//div[@data-testid="product-list"]//li' data='<li class="sc-hwhrDX ghzctf"><a href=...'>, <Selector query='//div[@data-testid="product-list"]//li' data='<li class="sc-hwhrDX ghzctf"><a href=...'>, <Selector query='//div[@data-testid="product-list"]//li' data='<li class="sc-hwhrDX ghzctf"><a href=...'>, <Selector query='//div[@data-testid="product-list"]//li' data='<li class="sc-hwhrDX ghzctf"><a href=...'>, <Selector query='//div[@data-testid="product-list"]//li' data='<li class="sc-hwhrDX ghzctf"><a href=...'>, <Selector query='//div[@data-testid="product-list"]//li' data='<li class="sc-hwhrDX ghzctf"><a href=...'>, <Selector query='//div[@data-testid="product-list"]//li' data='<li class="sc-hwhrDX ghzctf"><a href=...'>, <Selector query='//div[@data-testid="product-list"]//li' data='<li class="sc-hwhrDX ghzctf"><a href=...'>, <Selector query='//div[@data-testid="product-list"]//li' data='<li class="sc-hwhrDX ghzctf"><a href=...'>, <Selector query='//div[@data-testid="product-list"]//li' data='<li class="sc-hwhrDX ghzctf"><a href=...'>, <Selector query='//div[@data-testid="product-list"]//li' data='<li class="sc-hwhrDX ghzctf"><a href=...'>, <Selector query='//div[@data-testid="product-list"]//li' data='<li class="sc-hwhrDX ghzctf"><a href=...'>, <Selector query='//div[@data-testid="product-list"]//li' data='<li class="sc-hwhrDX ghzctf"><a href=...'>, <Selector query='//div[@data-testid="product-list"]//li' data='<li class="sc-hwhrDX ghzctf"><a href=...'>, <Selector query='//div[@data-testid="product-list"]//li' data='<li class="sc-hwhrDX ghzctf"><a href=...'>, <Selector query='//div[@data-testid="product-list"]//li' data='<li class="sc-hwhrDX ghzctf"><a href=...'>, <Selector query='//div[@data-testid="product-list"]//li' data='<li class="sc-hwhrDX ghzctf"><a href=...'>, <Selector query='//div[@data-testid="product-list"]//li' data='<li class="sc-hwhrDX ghzctf"><a href=...'>, <Selector query='//div[@data-testid="product-list"]//li' data='<li class="sc-hwhrDX ghzctf"><a href=...'>, <Selector query='//div[@data-testid="product-list"]//li' data='<li class="sc-hwhrDX ghzctf"><a href=...'>, <Selector query='//div[@data-testid="product-list"]//li' data='<li class="sc-hwhrDX ghzctf"><a href=...'>, <Selector query='//div[@data-testid="product-list"]//li' data='<li class="sc-hwhrDX ghzctf"><a href=...'>, <Selector query='//div[@data-testid="product-list"]//li' data='<li class="sc-hwhrDX ghzctf"><a href=...'>, <Selector query='//div[@data-testid="product-list"]//li' data='<li class="sc-hwhrDX ghzctf"><a href=...'>, <Selector query='//div[@data-testid="product-list"]//li' data='<li class="sc-hwhrDX ghzctf"><a href=...'>, <Selector query='//div[@data-testid="product-list"]//li' data='<li class="sc-hwhrDX ghzctf"><a href=...'>, <Selector query='//div[@data-testid="product-list"]//li' data='<li class="sc-hwhrDX ghzctf"><a href=...'>, <Selector query='//div[@data-testid="product-list"]//li' data='<li class="sc-hwhrDX ghzctf"><a href=...'>, <Selector query='//div[@data-testid="product-list"]//li' data='<li class="sc-hwhrDX ghzctf"><a href=...'>, <Selector query='//div[@data-testid="product-list"]//li' data='<li class="sc-hwhrDX ghzctf"><a href=...'>, <Selector query='//div[@data-testid="product-list"]//li' data='<li class="sc-hwhrDX ghzctf"><a href=...'>, <Selector query='//div[@data-testid="product-list"]//li' data='<li class="sc-hwhrDX ghzctf"><a href=...'>, <Selector query='//div[@data-testid="product-list"]//li' data='<li class="sc-hwhrDX ghzctf"><a href=...'>, <Selector query='//div[@data-testid="product-list"]//li' data='<li class="sc-hwhrDX ghzctf"><a href=...'>, <Selector query='//div[@data-testid="product-list"]//li' data='<li class="sc-hwhrDX ghzctf"><a href=...'>, <Selector query='//div[@data-testid="product-list"]//li' data='<li class="sc-hwhrDX ghzctf"><a href=...'>, <Selector query='//div[@data-testid="product-list"]//li' data='<li class="sc-hwhrDX ghzctf"><a href=...'>, <Selector query='//div[@data-testid="product-list"]//li' data='<li class="sc-hwhrDX ghzctf"><a href=...'>, <Selector query='//div[@data-testid="product-list"]//li' data='<li class="sc-hwhrDX ghzctf"><a href=...'>, <Selector query='//div[@data-testid="product-list"]//li' data='<li class="sc-hwhrDX ghzctf"><a href=...'>, <Selector query='//div[@data-testid="product-list"]//li' data='<li class="sc-hwhrDX ghzctf"><a href=...'>, <Selector query='//div[@data-testid="product-list"]//li' data='<li class="sc-hwhrDX ghzctf"><a href=...'>, <Selector query='//div[@data-testid="product-list"]//li' data='<li class="sc-hwhrDX ghzctf"><a href=...'>, <Selector query='//div[@data-testid="product-list"]//li' data='<li class="sc-hwhrDX ghzctf"><a href=...'>, <Selector query='//div[@data-testid="product-list"]//li' data='<li class="sc-hwhrDX ghzctf"><a href=...'>, <Selector query='//div[@data-testid="product-list"]//li' data='<li class="sc-hwhrDX ghzctf"><a href=...'>, <Selector query='//div[@data-testid="product-list"]//li' data='<li class="sc-hwhrDX ghzctf"><a href=...'>, <Selector query='//div[@data-testid="product-list"]//li' data='<li class="sc-hwhrDX ghzctf"><a href=...'>, <Selector query='//div[@data-testid="product-list"]//li' data='<li class="sc-hwhrDX ghzctf"><a href=...'>]
[2025-04-14T00:06:49.774+0000] {subprocess.py:106} INFO - GARRAFA STANLEY AEROLIGHT FAST FLOW 1.1Lt ORIGINAL TODAS AS CORES
[2025-04-14T00:06:49.774+0000] {subprocess.py:106} INFO - [R$ 339,14]
[2025-04-14T00:06:49.775+0000] {subprocess.py:106} INFO - 4.2 (6)
[2025-04-14T00:06:49.776+0000] {subprocess.py:106} INFO - Garrafa stanley aerolight fast flow 710ml original todas as cores
[2025-04-14T00:06:49.777+0000] {subprocess.py:106} INFO - [R$ 310,64]
[2025-04-14T00:06:49.777+0000] {subprocess.py:106} INFO - 5.0 (1)
[2025-04-14T00:06:49.778+0000] {subprocess.py:106} INFO - Garrafa Térmica Aerolight Stanley Fast Flow 710ml - Matte Black
[2025-04-14T00:06:49.779+0000] {subprocess.py:106} INFO - [R$ 262,65]
[2025-04-14T00:06:49.780+0000] {subprocess.py:106} INFO - 5.0 (1)
[2025-04-14T00:06:49.781+0000] {subprocess.py:106} INFO - Garrafa Térmica Stanley Aerolight Fast Flow Lavender 710ML - STANLEY PMI
[2025-04-14T00:06:49.782+0000] {subprocess.py:106} INFO - [R$ 289,97]
[2025-04-14T00:06:49.782+0000] {subprocess.py:106} INFO - None
[2025-04-14T00:06:49.783+0000] {subprocess.py:106} INFO - Stanley Garrafa Térmica Aerolight Original Fast Flow Branco Polar 710ml
[2025-04-14T00:06:49.785+0000] {subprocess.py:106} INFO - [R$ 332,10]
[2025-04-14T00:06:49.785+0000] {subprocess.py:106} INFO - None
[2025-04-14T00:06:49.786+0000] {subprocess.py:106} INFO - Garrafa Térmica Aerolight Stanley Fast Flow 1,1L - Tigerlily
[2025-04-14T00:06:49.787+0000] {subprocess.py:106} INFO - [R$ 288,15]
[2025-04-14T00:06:49.789+0000] {subprocess.py:106} INFO - 5.0 (1)
[2025-04-14T00:06:49.790+0000] {subprocess.py:106} INFO - Garrafa Térmica Stanley Aerolight Fast Flow 1.1L Pink
[2025-04-14T00:06:49.792+0000] {subprocess.py:106} INFO - [R$ 295,45]
[2025-04-14T00:06:49.793+0000] {subprocess.py:106} INFO - None
[2025-04-14T00:06:49.793+0000] {subprocess.py:106} INFO - Garrafa Térmica Stanley Aerolight Fast Flow Matte Black 710ML
[2025-04-14T00:06:49.794+0000] {subprocess.py:106} INFO - [R$ 278,35]
[2025-04-14T00:06:49.795+0000] {subprocess.py:106} INFO - 5.0 (1)
[2025-04-14T00:06:49.796+0000] {subprocess.py:106} INFO - Garrafa Térmica Aerolight Fast Flow Matte Black 1,1L Stanley
[2025-04-14T00:06:49.797+0000] {subprocess.py:106} INFO - [R$ 358,79]
[2025-04-14T00:06:49.805+0000] {subprocess.py:106} INFO - 4.2 (6)
[2025-04-14T00:06:49.806+0000] {subprocess.py:106} INFO - Garrafa Térmica Aerolight Stanley Fast Flow 710ml - Lavender
[2025-04-14T00:06:49.807+0000] {subprocess.py:106} INFO - [R$ 262,65]
[2025-04-14T00:06:49.808+0000] {subprocess.py:106} INFO - None
[2025-04-14T00:06:49.810+0000] {subprocess.py:106} INFO - Garrafa Térmica Stanley Aerolight Fast Flow Branco Polar 1,1 Litros
[2025-04-14T00:06:49.811+0000] {subprocess.py:106} INFO - [R$ 305,90]
[2025-04-14T00:06:49.812+0000] {subprocess.py:106} INFO - None
[2025-04-14T00:06:49.813+0000] {subprocess.py:106} INFO - Garrafa Térmica Aerolight Stanley Fast Flow 1,1L - Citron
[2025-04-14T00:06:49.814+0000] {subprocess.py:106} INFO - [R$ 288,15]
[2025-04-14T00:06:49.815+0000] {subprocess.py:106} INFO - None
[2025-04-14T00:06:49.816+0000] {subprocess.py:106} INFO - Garrafa Térmica Aerolight Stanley Fast Flow 1,1L - Polar
[2025-04-14T00:06:49.817+0000] {subprocess.py:106} INFO - [R$ 288,15]
[2025-04-14T00:06:49.818+0000] {subprocess.py:106} INFO - None
[2025-04-14T00:06:49.819+0000] {subprocess.py:106} INFO - Garrafa Térmica Stanley Aerolight Fast Flow Citron 710ML
[2025-04-14T00:06:49.820+0000] {subprocess.py:106} INFO - [R$ 278,35]
[2025-04-14T00:06:49.822+0000] {subprocess.py:106} INFO - None
[2025-04-14T00:06:49.823+0000] {subprocess.py:106} INFO - Garrafa Térmica Stanley Aerolight Fast Flow Original Laranja Tigerlily 1,1 L
[2025-04-14T00:06:49.824+0000] {subprocess.py:106} INFO - [R$ 379,00]
[2025-04-14T00:06:49.825+0000] {subprocess.py:106} INFO - 5.0 (1)
[2025-04-14T00:06:49.826+0000] {subprocess.py:106} INFO - Garrafa Térmica Aerolight Laranja Fast Flow Tigerlily 1,1L Stanley
[2025-04-14T00:06:49.827+0000] {subprocess.py:106} INFO - [R$ 351,41]
[2025-04-14T00:06:49.828+0000] {subprocess.py:106} INFO - 5.0 (1)
[2025-04-14T00:06:49.829+0000] {subprocess.py:106} INFO - Garrafa stanley térmica aerolight fast flow em aço inox 710ml lavender 08241-00
[2025-04-14T00:06:49.830+0000] {subprocess.py:106} INFO - [R$ 331,55]
[2025-04-14T00:06:49.831+0000] {subprocess.py:106} INFO - None
[2025-04-14T00:06:49.832+0000] {subprocess.py:106} INFO - Garrafa stanley térmica aerolight fast flow 1,1 litros laranja tigerlily 08242-00
[2025-04-14T00:06:49.833+0000] {subprocess.py:106} INFO - [R$ 350,55]
[2025-04-14T00:06:49.833+0000] {subprocess.py:106} INFO - 5.0 (1)
[2025-04-14T00:06:49.834+0000] {subprocess.py:106} INFO - Garrafa Térmica Stanley Aerolight Fast Flow 710ml Rosa Claro
[2025-04-14T00:06:49.835+0000] {subprocess.py:106} INFO - [R$ 274,34]
[2025-04-14T00:06:49.836+0000] {subprocess.py:106} INFO - None
[2025-04-14T00:06:49.837+0000] {subprocess.py:106} INFO - Garrafa Térmica Stanley Aerolight Fast Flow 1.1L Verde Água
[2025-04-14T00:06:49.838+0000] {subprocess.py:106} INFO - [R$ 295,45]
[2025-04-14T00:06:49.839+0000] {subprocess.py:106} INFO - None
[2025-04-14T00:06:49.840+0000] {subprocess.py:106} INFO - Garrafa Térmica Stanley Aerolight Fast Flow Branco Polar 1,1 Litros - STANLEY PMI
[2025-04-14T00:06:49.841+0000] {subprocess.py:106} INFO - [R$ 399,00]
[2025-04-14T00:06:49.842+0000] {subprocess.py:106} INFO - None
[2025-04-14T00:06:49.843+0000] {subprocess.py:106} INFO - Garrafa Térmica Stanley Aerolight Fast Flow Matte Black 710ML - STANLEY PMI
[2025-04-14T00:06:49.843+0000] {subprocess.py:106} INFO - [R$ 365,00]
[2025-04-14T00:06:49.844+0000] {subprocess.py:106} INFO - 5.0 (1)
[2025-04-14T00:06:49.845+0000] {subprocess.py:106} INFO - Garrafa stanley térmica aerolight fast flow em aço inox 710ml laranja tigerlily 08204-00
[2025-04-14T00:06:49.846+0000] {subprocess.py:106} INFO - [R$ 331,55]
[2025-04-14T00:06:49.847+0000] {subprocess.py:106} INFO - None
[2025-04-14T00:06:49.847+0000] {subprocess.py:106} INFO - Garrafa stanley térmica aerolight fast flow em aço inox 710ml vivid violet 08405-002025-04-14 00:06:49 [scrapy.core.scraper] DEBUG: Scraped from <200 https://www.magazineluiza.com.br/busca/garrafa+stanley+aerolight+fast+flow/?page=1?page=1>
[2025-04-14T00:06:49.849+0000] {subprocess.py:106} INFO - {'title': 'Garrafa stanley térmica aerolight fast flow em aço inox 710ml vivid violet 08405-00', 'price': 'R$\xa0331,55', 'review': None, 'store': 'Magazine Luiza'}
[2025-04-14T00:06:49.850+0000] {subprocess.py:106} INFO - 2025-04-14 00:06:49 [scrapy.core.scraper] DEBUG: Scraped from <200 https://www.magazineluiza.com.br/busca/garrafa+stanley+aerolight+fast+flow/?page=1?page=1>
[2025-04-14T00:06:49.851+0000] {subprocess.py:106} INFO - {'title': 'Garrafa Térmica Stanley Aerolight Fast Flow 710ml Lilás', 'price': 'R$\xa0274,34', 'review': None, 'store': 'Magazine Luiza'}
[2025-04-14T00:06:49.852+0000] {subprocess.py:106} INFO - 2025-04-14 00:06:49 [scrapy.core.scraper] DEBUG: Scraped from <200 https://www.magazineluiza.com.br/busca/garrafa+stanley+aerolight+fast+flow/?page=1?page=1>
[2025-04-14T00:06:49.853+0000] {subprocess.py:106} INFO - {'title': 'Garrafa Térmica Stanley Aerolight Fast Flow Branco Polar 1,1 Litros - STANLEY PMI', 'price': 'R$\xa0385,90', 'review': None, 'store': 'Magazine Luiza'}
[2025-04-14T00:06:49.855+0000] {subprocess.py:106} INFO - 2025-04-14 00:06:49 [scrapy.core.scraper] DEBUG: Scraped from <200 https://www.magazineluiza.com.br/busca/garrafa+stanley+aerolight+fast+flow/?page=1?page=1>
[2025-04-14T00:06:49.856+0000] {subprocess.py:106} INFO - {'title': 'Garrafa Térmica Stanley Aerolight Fast Flow 710 ML Azul 0838', 'price': 'R$\xa0369,90', 'review': None, 'store': 'Magazine Luiza'}
[2025-04-14T00:06:49.857+0000] {subprocess.py:106} INFO - 2025-04-14 00:06:49 [scrapy.core.scraper] DEBUG: Scraped from <200 https://www.magazineluiza.com.br/busca/garrafa+stanley+aerolight+fast+flow/?page=1?page=1>
[2025-04-14T00:06:49.859+0000] {subprocess.py:106} INFO - {'title': 'Garrafa stanley térmica aerolight fast flow 1,1 litros branco polar 08207-00', 'price': 'R$\xa0350,55', 'review': None, 'store': 'Magazine Luiza'}
[2025-04-14T00:06:49.860+0000] {subprocess.py:106} INFO - 2025-04-14 00:06:49 [scrapy.core.scraper] DEBUG: Scraped from <200 https://www.magazineluiza.com.br/busca/garrafa+stanley+aerolight+fast+flow/?page=1?page=1>
[2025-04-14T00:06:49.861+0000] {subprocess.py:106} INFO - {'title': 'Garrafa Térmica Stanley Aerolight Fast Flow 710ml Azul Claro', 'price': 'R$\xa0274,34', 'review': None, 'store': 'Magazine Luiza'}
[2025-04-14T00:06:49.862+0000] {subprocess.py:106} INFO - 2025-04-14 00:06:49 [scrapy.core.scraper] DEBUG: Scraped from <200 https://www.magazineluiza.com.br/busca/garrafa+stanley+aerolight+fast+flow/?page=1?page=1>
[2025-04-14T00:06:49.862+0000] {subprocess.py:106} INFO - {'title': 'Garrafa termica stanley aerolight fast flow tigerlily 1,1l cod8208 cx6', 'price': 'R$\xa0434,37', 'review': '5.0 (1)', 'store': 'Magazine Luiza'}
[2025-04-14T00:06:49.863+0000] {subprocess.py:106} INFO - 2025-04-14 00:06:49 [scrapy.core.scraper] DEBUG: Scraped from <200 https://www.magazineluiza.com.br/busca/garrafa+stanley+aerolight+fast+flow/?page=1?page=1>
[2025-04-14T00:06:49.864+0000] {subprocess.py:106} INFO - {'title': 'Garrafa Térmica Stanley Aerolight Fast Flow Branco Polar 710', 'price': 'R$\xa0361,00', 'review': None, 'store': 'Magazine Luiza'}
[2025-04-14T00:06:49.865+0000] {subprocess.py:106} INFO - 2025-04-14 00:06:49 [scrapy.core.scraper] DEBUG: Scraped from <200 https://www.magazineluiza.com.br/busca/garrafa+stanley+aerolight+fast+flow/?page=1?page=1>
[2025-04-14T00:06:49.865+0000] {subprocess.py:106} INFO - {'title': 'Garrafa Térmica Stanley IceFlow Aerolight Fast Flow 700ml - Cinza', 'price': 'R$\xa0450,71', 'review': None, 'store': 'Magazine Luiza'}
[2025-04-14T00:06:49.866+0000] {subprocess.py:106} INFO - 2025-04-14 00:06:49 [scrapy.core.scraper] DEBUG: Scraped from <200 https://www.magazineluiza.com.br/busca/garrafa+stanley+aerolight+fast+flow/?page=1?page=1>
[2025-04-14T00:06:49.867+0000] {subprocess.py:106} INFO - {'title': 'Garrafa Térmica Stanley Aerolight Fast Flow Citron 1,1 Litros - STANLEY PMI', 'price': 'R$\xa0367,16', 'review': None, 'store': 'Magazine Luiza'}
[2025-04-14T00:06:49.868+0000] {subprocess.py:106} INFO - 2025-04-14 00:06:49 [scrapy.core.scraper] DEBUG: Scraped from <200 https://www.magazineluiza.com.br/busca/garrafa+stanley+aerolight+fast+flow/?page=1?page=1>
[2025-04-14T00:06:49.868+0000] {subprocess.py:106} INFO - {'title': 'Garrafa Térmica Aerolight Fast Flow 1,1L Polar Stanley', 'price': 'R$\xa0379,00', 'review': None, 'store': 'Magazine Luiza'}
[2025-04-14T00:06:49.869+0000] {subprocess.py:106} INFO - 2025-04-14 00:06:49 [scrapy.core.scraper] DEBUG: Scraped from <200 https://www.magazineluiza.com.br/busca/garrafa+stanley+aerolight+fast+flow/?page=1?page=1>
[2025-04-14T00:06:49.870+0000] {subprocess.py:106} INFO - {'title': 'Garrafa Térmica Aerolight Fast Flow Tigerlily 710ml Stanley', 'price': 'R$\xa0295,45', 'review': None, 'store': 'Magazine Luiza'}
[2025-04-14T00:06:49.871+0000] {subprocess.py:106} INFO - 2025-04-14 00:06:49 [scrapy.core.scraper] DEBUG: Scraped from <200 https://www.magazineluiza.com.br/busca/garrafa+stanley+aerolight+fast+flow/?page=1?page=1>
[2025-04-14T00:06:49.872+0000] {subprocess.py:106} INFO - {'title': 'Garrafa stanley térmica aerolight fast flow em aço inox 710ml azul tropical teal 08406-00', 'price': 'R$\xa0331,55', 'review': None, 'store': 'Magazine Luiza'}
[2025-04-14T00:06:49.873+0000] {subprocess.py:106} INFO - 2025-04-14 00:06:49 [scrapy.core.scraper] DEBUG: Scraped from <200 https://www.magazineluiza.com.br/busca/garrafa+stanley+aerolight+fast+flow/?page=1?page=1>
[2025-04-14T00:06:49.874+0000] {subprocess.py:106} INFO - {'title': 'Garrafa Térmica Stanley Aerolight Fast Flow 710ml Verde Água', 'price': 'R$\xa0274,34', 'review': None, 'store': 'Magazine Luiza'}
[2025-04-14T00:06:49.875+0000] {subprocess.py:106} INFO - 2025-04-14 00:06:49 [scrapy.core.scraper] DEBUG: Scraped from <200 https://www.magazineluiza.com.br/busca/garrafa+stanley+aerolight+fast+flow/?page=1?page=1>
[2025-04-14T00:06:49.876+0000] {subprocess.py:106} INFO - {'title': 'Garrafa Térmica Stanley Aerolight Fast Flow Citron 1,1 Litros - STANLEY PMI', 'price': 'R$\xa0385,90', 'review': None, 'store': 'Magazine Luiza'}
[2025-04-14T00:06:49.877+0000] {subprocess.py:106} INFO - 2025-04-14 00:06:49 [scrapy.core.scraper] DEBUG: Scraped from <200 https://www.magazineluiza.com.br/busca/garrafa+stanley+aerolight+fast+flow/?page=1?page=1>
[2025-04-14T00:06:49.877+0000] {subprocess.py:106} INFO - {'title': 'Garrafa Térmica Aerolight Fast Flow Stanley 710ML', 'price': 'R$\xa0395,91', 'review': None, 'store': 'Magazine Luiza'}
[2025-04-14T00:06:49.878+0000] {subprocess.py:106} INFO - 2025-04-14 00:06:49 [scrapy.core.scraper] DEBUG: Scraped from <200 https://www.magazineluiza.com.br/busca/garrafa+stanley+aerolight+fast+flow/?page=1?page=1>
[2025-04-14T00:06:49.879+0000] {subprocess.py:106} INFO - {'title': 'Garrafa Térmica Aerolight Fast Flow Polar 1,1L Stanley', 'price': 'R$\xa0358,79', 'review': None, 'store': 'Magazine Luiza'}
[2025-04-14T00:06:49.879+0000] {subprocess.py:106} INFO - 2025-04-14 00:06:49 [scrapy.core.scraper] DEBUG: Scraped from <200 https://www.magazineluiza.com.br/busca/garrafa+stanley+aerolight+fast+flow/?page=1?page=1>
[2025-04-14T00:06:49.880+0000] {subprocess.py:106} INFO - {'title': 'Garrafa Térmica Stanley Aerolight Fast Flow Citron 710ML - STANLEY PMI', 'price': 'R$\xa0419,90', 'review': None, 'store': 'Magazine Luiza'}
[2025-04-14T00:06:49.881+0000] {subprocess.py:106} INFO - 2025-04-14 00:06:49 [scrapy.core.scraper] DEBUG: Scraped from <200 https://www.magazineluiza.com.br/busca/garrafa+stanley+aerolight+fast+flow/?page=1?page=1>
[2025-04-14T00:06:49.882+0000] {subprocess.py:106} INFO - {'title': 'Garrafa Térmica Aerolight Fast Flow Heat Wave Passion Pink 710ML Stanley', 'price': 'R$\xa0313,41', 'review': None, 'store': 'Magazine Luiza'}
[2025-04-14T00:06:49.882+0000] {subprocess.py:106} INFO - 2025-04-14 00:06:49 [scrapy.core.scraper] DEBUG: Scraped from <200 https://www.magazineluiza.com.br/busca/garrafa+stanley+aerolight+fast+flow/?page=1?page=1>
[2025-04-14T00:06:49.884+0000] {subprocess.py:106} INFO - {'title': 'Garrafa stanley térmica aerolight fast flow em aço inox 710ml passion pink 08404-00', 'price': 'R$\xa0331,55', 'review': None, 'store': 'Magazine Luiza'}
[2025-04-14T00:06:49.884+0000] {subprocess.py:106} INFO - 2025-04-14 00:06:49 [scrapy.core.scraper] DEBUG: Scraped from <200 https://www.magazineluiza.com.br/busca/garrafa+stanley+aerolight+fast+flow/?page=1?page=1>
[2025-04-14T00:06:49.885+0000] {subprocess.py:106} INFO - {'title': 'Garrafa Térmica STanley Aerolight Fast Flow 1,1L', 'price': 'R$\xa0376,10', 'review': None, 'store': 'Magazine Luiza'}
[2025-04-14T00:06:49.886+0000] {subprocess.py:106} INFO - 2025-04-14 00:06:49 [scrapy.core.scraper] DEBUG: Scraped from <200 https://www.magazineluiza.com.br/busca/garrafa+stanley+aerolight+fast+flow/?page=1?page=1>
[2025-04-14T00:06:49.886+0000] {subprocess.py:106} INFO - {'title': 'Garrafa Térmica Stanley Aerolight Fast Flow Citron 1,1 Litros - STANLEY PMI', 'price': 'R$\xa0379,05', 'review': None, 'store': 'Magazine Luiza'}
[2025-04-14T00:06:49.887+0000] {subprocess.py:106} INFO - 2025-04-14 00:06:49 [scrapy.core.scraper] DEBUG: Scraped from <200 https://www.magazineluiza.com.br/busca/garrafa+stanley+aerolight+fast+flow/?page=1?page=1>
[2025-04-14T00:06:49.888+0000] {subprocess.py:106} INFO - {'title': 'Garrafa stanley térmica aerolight fast flow 710ml matte black 08202-00', 'price': 'R$\xa0331,55', 'review': '5.0 (1)', 'store': 'Magazine Luiza'}
[2025-04-14T00:06:49.888+0000] {subprocess.py:106} INFO - 2025-04-14 00:06:49 [scrapy.core.scraper] DEBUG: Scraped from <200 https://www.magazineluiza.com.br/busca/garrafa+stanley+aerolight+fast+flow/?page=1?page=1>
[2025-04-14T00:06:49.889+0000] {subprocess.py:106} INFO - {'title': 'Garrafa Térmica STanley Aerolight Fast Flow 1,1L', 'price': 'R$\xa0376,10', 'review': None, 'store': 'Magazine Luiza'}
[2025-04-14T00:06:49.891+0000] {subprocess.py:106} INFO - 2025-04-14 00:06:49 [scrapy.core.scraper] DEBUG: Scraped from <200 https://www.magazineluiza.com.br/busca/garrafa+stanley+aerolight+fast+flow/?page=1?page=1>
[2025-04-14T00:06:49.891+0000] {subprocess.py:106} INFO - {'title': 'Garrafa Térmica Stanley Aerolight Fast Flow 710ml Verde Limão', 'price': 'R$\xa0274,34', 'review': None, 'store': 'Magazine Luiza'}
[2025-04-14T00:06:49.892+0000] {subprocess.py:106} INFO - 2025-04-14 00:06:49 [scrapy.core.scraper] DEBUG: Scraped from <200 https://www.magazineluiza.com.br/busca/garrafa+stanley+aerolight+fast+flow/?page=1?page=1>
[2025-04-14T00:06:49.893+0000] {subprocess.py:106} INFO - {'title': 'Garrafa Térmica Stanley Aerolight Fast Flow Branco Polar 710ML - STANLEY PMI', 'price': 'R$\xa0369,90', 'review': None, 'store': 'Magazine Luiza'}
[2025-04-14T00:06:49.893+0000] {subprocess.py:106} INFO - 2025-04-14 00:06:49 [scrapy.core.scraper] DEBUG: Scraped from <200 https://www.magazineluiza.com.br/busca/garrafa+stanley+aerolight+fast+flow/?page=1?page=1>
[2025-04-14T00:06:49.894+0000] {subprocess.py:106} INFO - {'title': 'Garrafa Térmica Aerolight Fast Flow Stanley Citron 710 Ml', 'price': 'R$\xa0365,00', 'review': None, 'store': 'Magazine Luiza'}
[2025-04-14T00:06:49.895+0000] {subprocess.py:106} INFO - 2025-04-14 00:06:49 [scrapy.core.scraper] DEBUG: Scraped from <200 https://www.magazineluiza.com.br/busca/garrafa+stanley+aerolight+fast+flow/?page=1?page=1>
[2025-04-14T00:06:49.895+0000] {subprocess.py:106} INFO - {'title': 'Garrafa Térmica Aerolight Fast Flow 1,1L', 'price': 'R$\xa0589,90', 'review': '5.0 (1)', 'store': 'Magazine Luiza'}
[2025-04-14T00:06:49.896+0000] {subprocess.py:106} INFO - 2025-04-14 00:06:49 [scrapy.core.scraper] DEBUG: Scraped from <200 https://www.magazineluiza.com.br/busca/garrafa+stanley+aerolight+fast+flow/?page=1?page=1>
[2025-04-14T00:06:49.897+0000] {subprocess.py:106} INFO - {'title': 'Garrafa Térmica Stanley Aerolight Fast Flow Citron 1,1 Litros - STANLEY PMI', 'price': 'R$\xa0489,00', 'review': None, 'store': 'Magazine Luiza'}
[2025-04-14T00:06:49.898+0000] {subprocess.py:106} INFO - 2025-04-14 00:06:49 [scrapy.core.scraper] DEBUG: Scraped from <200 https://www.magazineluiza.com.br/busca/garrafa+stanley+aerolight+fast+flow/?page=1?page=1>
[2025-04-14T00:06:49.898+0000] {subprocess.py:106} INFO - {'title': 'Garrafa Térmica Stanley Aerolight Fast Flow 0.7L Verde 08205', 'price': 'R$\xa0344,01', 'review': None, 'store': 'Magazine Luiza'}
[2025-04-14T00:06:49.899+0000] {subprocess.py:106} INFO - 2025-04-14 00:06:49 [scrapy.core.scraper] DEBUG: Scraped from <200 https://www.magazineluiza.com.br/busca/garrafa+stanley+aerolight+fast+flow/?page=1?page=1>
[2025-04-14T00:06:49.900+0000] {subprocess.py:106} INFO - {'title': 'Garrafa Térmico Aerolight Fast Flow 710 Ml Citron Stanley', 'price': 'R$\xa0336,66', 'review': None, 'store': 'Magazine Luiza'}
[2025-04-14T00:06:49.901+0000] {subprocess.py:106} INFO - 2025-04-14 00:06:49 [scrapy.core.scraper] DEBUG: Scraped from <200 https://www.magazineluiza.com.br/busca/garrafa+stanley+aerolight+fast+flow/?page=1?page=1>
[2025-04-14T00:06:49.901+0000] {subprocess.py:106} INFO - {'title': 'Garrafa Térmica Aerolight Fast Flow Polar 1,1L', 'price': 'R$\xa0479,99', 'review': None, 'store': 'Magazine Luiza'}
[2025-04-14T00:06:49.902+0000] {subprocess.py:106} INFO - 
[2025-04-14T00:06:49.903+0000] {subprocess.py:106} INFO - [R$ 331,55]
[2025-04-14T00:06:49.904+0000] {subprocess.py:106} INFO - None
[2025-04-14T00:06:49.905+0000] {subprocess.py:106} INFO - Garrafa Térmica Stanley Aerolight Fast Flow 710ml Lilás
[2025-04-14T00:06:49.906+0000] {subprocess.py:106} INFO - [R$ 274,34]
[2025-04-14T00:06:49.907+0000] {subprocess.py:106} INFO - None
[2025-04-14T00:06:49.907+0000] {subprocess.py:106} INFO - Garrafa Térmica Stanley Aerolight Fast Flow Branco Polar 1,1 Litros - STANLEY PMI
[2025-04-14T00:06:49.909+0000] {subprocess.py:106} INFO - [R$ 385,90]
[2025-04-14T00:06:49.909+0000] {subprocess.py:106} INFO - None
[2025-04-14T00:06:49.910+0000] {subprocess.py:106} INFO - Garrafa Térmica Stanley Aerolight Fast Flow 710 ML Azul 0838
[2025-04-14T00:06:49.911+0000] {subprocess.py:106} INFO - [R$ 369,90]
[2025-04-14T00:06:49.912+0000] {subprocess.py:106} INFO - None
[2025-04-14T00:06:49.912+0000] {subprocess.py:106} INFO - Garrafa stanley térmica aerolight fast flow 1,1 litros branco polar 08207-00
[2025-04-14T00:06:49.913+0000] {subprocess.py:106} INFO - [R$ 350,55]
[2025-04-14T00:06:49.914+0000] {subprocess.py:106} INFO - None
[2025-04-14T00:06:49.914+0000] {subprocess.py:106} INFO - Garrafa Térmica Stanley Aerolight Fast Flow 710ml Azul Claro
[2025-04-14T00:06:49.915+0000] {subprocess.py:106} INFO - [R$ 274,34]
[2025-04-14T00:06:49.916+0000] {subprocess.py:106} INFO - None
[2025-04-14T00:06:49.917+0000] {subprocess.py:106} INFO - Garrafa termica stanley aerolight fast flow tigerlily 1,1l cod8208 cx6
[2025-04-14T00:06:49.918+0000] {subprocess.py:106} INFO - [R$ 434,37]
[2025-04-14T00:06:49.918+0000] {subprocess.py:106} INFO - 5.0 (1)
[2025-04-14T00:06:49.919+0000] {subprocess.py:106} INFO - Garrafa Térmica Stanley Aerolight Fast Flow Branco Polar 710
[2025-04-14T00:06:49.920+0000] {subprocess.py:106} INFO - [R$ 361,00]
[2025-04-14T00:06:49.920+0000] {subprocess.py:106} INFO - None
[2025-04-14T00:06:49.921+0000] {subprocess.py:106} INFO - Garrafa Térmica Stanley IceFlow Aerolight Fast Flow 700ml - Cinza
[2025-04-14T00:06:49.921+0000] {subprocess.py:106} INFO - [R$ 450,71]
[2025-04-14T00:06:49.922+0000] {subprocess.py:106} INFO - None
[2025-04-14T00:06:49.923+0000] {subprocess.py:106} INFO - Garrafa Térmica Stanley Aerolight Fast Flow Citron 1,1 Litros - STANLEY PMI
[2025-04-14T00:06:49.924+0000] {subprocess.py:106} INFO - [R$ 367,16]
[2025-04-14T00:06:49.925+0000] {subprocess.py:106} INFO - None
[2025-04-14T00:06:49.925+0000] {subprocess.py:106} INFO - Garrafa Térmica Aerolight Fast Flow 1,1L Polar Stanley
[2025-04-14T00:06:49.926+0000] {subprocess.py:106} INFO - [R$ 379,00]
[2025-04-14T00:06:49.927+0000] {subprocess.py:106} INFO - None
[2025-04-14T00:06:49.928+0000] {subprocess.py:106} INFO - Garrafa Térmica Aerolight Fast Flow Tigerlily 710ml Stanley
[2025-04-14T00:06:49.928+0000] {subprocess.py:106} INFO - [R$ 295,45]
[2025-04-14T00:06:49.929+0000] {subprocess.py:106} INFO - None
[2025-04-14T00:06:49.930+0000] {subprocess.py:106} INFO - Garrafa stanley térmica aerolight fast flow em aço inox 710ml azul tropical teal 08406-00
[2025-04-14T00:06:49.930+0000] {subprocess.py:106} INFO - [R$ 331,55]
[2025-04-14T00:06:49.931+0000] {subprocess.py:106} INFO - None
[2025-04-14T00:06:49.932+0000] {subprocess.py:106} INFO - Garrafa Térmica Stanley Aerolight Fast Flow 710ml Verde Água
[2025-04-14T00:06:49.933+0000] {subprocess.py:106} INFO - [R$ 274,34]
[2025-04-14T00:06:49.933+0000] {subprocess.py:106} INFO - None
[2025-04-14T00:06:49.934+0000] {subprocess.py:106} INFO - Garrafa Térmica Stanley Aerolight Fast Flow Citron 1,1 Litros - STANLEY PMI
[2025-04-14T00:06:49.935+0000] {subprocess.py:106} INFO - [R$ 385,90]
[2025-04-14T00:06:49.936+0000] {subprocess.py:106} INFO - None
[2025-04-14T00:06:49.936+0000] {subprocess.py:106} INFO - Garrafa Térmica Aerolight Fast Flow Stanley 710ML
[2025-04-14T00:06:49.937+0000] {subprocess.py:106} INFO - [R$ 395,91]
[2025-04-14T00:06:49.938+0000] {subprocess.py:106} INFO - None
[2025-04-14T00:06:49.939+0000] {subprocess.py:106} INFO - Garrafa Térmica Aerolight Fast Flow Polar 1,1L Stanley
[2025-04-14T00:06:49.940+0000] {subprocess.py:106} INFO - [R$ 358,79]
[2025-04-14T00:06:49.940+0000] {subprocess.py:106} INFO - None
[2025-04-14T00:06:49.941+0000] {subprocess.py:106} INFO - Garrafa Térmica Stanley Aerolight Fast Flow Citron 710ML - STANLEY PMI
[2025-04-14T00:06:49.942+0000] {subprocess.py:106} INFO - [R$ 419,90]
[2025-04-14T00:06:49.943+0000] {subprocess.py:106} INFO - None
[2025-04-14T00:06:49.944+0000] {subprocess.py:106} INFO - Garrafa Térmica Aerolight Fast Flow Heat Wave Passion Pink 710ML Stanley
[2025-04-14T00:06:49.945+0000] {subprocess.py:106} INFO - [R$ 313,41]
[2025-04-14T00:06:49.946+0000] {subprocess.py:106} INFO - None
[2025-04-14T00:06:49.947+0000] {subprocess.py:106} INFO - Garrafa stanley térmica aerolight fast flow em aço inox 710ml passion pink 08404-00
[2025-04-14T00:06:49.948+0000] {subprocess.py:106} INFO - [R$ 331,55]
[2025-04-14T00:06:49.948+0000] {subprocess.py:106} INFO - None
[2025-04-14T00:06:49.949+0000] {subprocess.py:106} INFO - Garrafa Térmica STanley Aerolight Fast Flow 1,1L
[2025-04-14T00:06:49.951+0000] {subprocess.py:106} INFO - [R$ 376,10]
[2025-04-14T00:06:49.952+0000] {subprocess.py:106} INFO - None
[2025-04-14T00:06:49.953+0000] {subprocess.py:106} INFO - Garrafa Térmica Stanley Aerolight Fast Flow Citron 1,1 Litros - STANLEY PMI
[2025-04-14T00:06:49.954+0000] {subprocess.py:106} INFO - [R$ 379,05]
[2025-04-14T00:06:49.954+0000] {subprocess.py:106} INFO - None
[2025-04-14T00:06:49.955+0000] {subprocess.py:106} INFO - Garrafa stanley térmica aerolight fast flow 710ml matte black 08202-00
[2025-04-14T00:06:49.957+0000] {subprocess.py:106} INFO - [R$ 331,55]
[2025-04-14T00:06:49.957+0000] {subprocess.py:106} INFO - 5.0 (1)
[2025-04-14T00:06:49.958+0000] {subprocess.py:106} INFO - Garrafa Térmica STanley Aerolight Fast Flow 1,1L
[2025-04-14T00:06:49.959+0000] {subprocess.py:106} INFO - [R$ 376,10]
[2025-04-14T00:06:49.960+0000] {subprocess.py:106} INFO - None
[2025-04-14T00:06:49.961+0000] {subprocess.py:106} INFO - Garrafa Térmica Stanley Aerolight Fast Flow 710ml Verde Limão
[2025-04-14T00:06:49.962+0000] {subprocess.py:106} INFO - [R$ 274,34]
[2025-04-14T00:06:49.962+0000] {subprocess.py:106} INFO - None
[2025-04-14T00:06:49.964+0000] {subprocess.py:106} INFO - Garrafa Térmica Stanley Aerolight Fast Flow Branco Polar 710ML - STANLEY PMI
[2025-04-14T00:06:49.965+0000] {subprocess.py:106} INFO - [R$ 369,90]
[2025-04-14T00:06:49.965+0000] {subprocess.py:106} INFO - None
[2025-04-14T00:06:49.966+0000] {subprocess.py:106} INFO - Garrafa Térmica Aerolight Fast Flow Stanley Citron 710 Ml
[2025-04-14T00:06:49.967+0000] {subprocess.py:106} INFO - [R$ 365,00]
[2025-04-14T00:06:49.968+0000] {subprocess.py:106} INFO - None
[2025-04-14T00:06:49.969+0000] {subprocess.py:106} INFO - Garrafa Térmica Aerolight Fast Flow 1,1L
[2025-04-14T00:06:49.970+0000] {subprocess.py:106} INFO - [R$ 589,90]
[2025-04-14T00:06:49.971+0000] {subprocess.py:106} INFO - 5.0 (1)
[2025-04-14T00:06:49.973+0000] {subprocess.py:106} INFO - Garrafa Térmica Stanley Aerolight Fast Flow Citron 1,1 Litros - STANLEY PMI
[2025-04-14T00:06:49.973+0000] {subprocess.py:106} INFO - [R$ 489,00]
[2025-04-14T00:06:49.974+0000] {subprocess.py:106} INFO - None
[2025-04-14T00:06:49.975+0000] {subprocess.py:106} INFO - Garrafa Térmica Stanley Aerolight Fast Flow 0.7L Verde 08205
[2025-04-14T00:06:49.976+0000] {subprocess.py:106} INFO - [R$ 344,01]
[2025-04-14T00:06:49.977+0000] {subprocess.py:106} INFO - None
[2025-04-14T00:06:49.978+0000] {subprocess.py:106} INFO - Garrafa Térmico Aerolight Fast Flow 710 Ml Citron Stanley
[2025-04-14T00:06:49.979+0000] {subprocess.py:106} INFO - [R$ 336,66]
[2025-04-14T00:06:49.980+0000] {subprocess.py:106} INFO - None
[2025-04-14T00:06:49.980+0000] {subprocess.py:106} INFO - Garrafa Térmica Aerolight Fast Flow Polar 1,1L
[2025-04-14T00:06:49.981+0000] {subprocess.py:106} INFO - [R$ 479,99]
[2025-04-14T00:06:49.982+0000] {subprocess.py:106} INFO - None
[2025-04-14T00:06:49.983+0000] {subprocess.py:106} INFO - https://www.magazineluiza.com.br/busca/garrafa+stanley+aerolight+fast+flow/?page=1?page=2
[2025-04-14T00:06:49.985+0000] {subprocess.py:106} INFO - blocos
[2025-04-14T00:06:49.986+0000] {subprocess.py:106} INFO - [<Selector query='//div[@data-testid="product-list"]//li' data='<li class="sc-hwhrDX ghzctf"><a href=...'>, <Selector query='//div[@data-testid="product-list"]//li' data='<li class="sc-hwhrDX ghzctf"><a href=...'>, <Selector query='//div[@data-testid="product-list"]//li' data='<li class="sc-hwhrDX ghzctf"><a href=...'>, <Selector query='//div[@data-testid="product-list"]//li' data='<li class="sc-hwhrDX ghzctf"><a href=...'>, <Selector query='//div[@data-testid="product-list"]//li' data='<li class="sc-hwhrDX ghzctf"><a href=...'>, <Selector query='//div[@data-testid="product-list"]//li' data='<li class="sc-hwhrDX ghzctf"><a href=...'>, <Selector query='//div[@data-testid="product-list"]//li' data='<li class="sc-hwhrDX ghzctf"><a href=...'>, <Selector query='//div[@data-testid="product-list"]//li' data='<li class="sc-hwhrDX ghzctf"><a href=...'>, <Selector query='//div[@data-testid="product-list"]//li' data='<li class="sc-hwhrDX ghzctf"><a href=...'>, <Selector query='//div[@data-testid="product-list"]//li' data='<li class="sc-hwhrDX ghzctf"><a href=...'>, <Selector query='//div[@data-testid="product-list"]//li' data='<li class="sc-hwhrDX ghzctf"><a href=...'>, <Selector query='//div[@data-testid="product-list"]//li' data='<li class="sc-hwhrDX ghzctf"><a href=...'>, <Selector query='//div[@data-testid="product-list"]//li' data='<li class="sc-hwhrDX ghzctf"><a href=...'>, <Selector query='//div[@data-testid="product-list"]//li' data='<li class="sc-hwhrDX ghzctf"><a href=...'>, <Selector query='//div[@data-testid="product-list"]//li' data='<li class="sc-hwhrDX ghzctf"><a href=...'>, <Selector query='//div[@data-testid="product-list"]//li' data='<li class="sc-hwhrDX ghzctf"><a href=...'>, <Selector query='//div[@data-testid="product-list"]//li' data='<li class="sc-hwhrDX ghzctf"><a href=...'>, <Selector query='//div[@data-testid="product-list"]//li' data='<li class="sc-hwhrDX ghzctf"><a href=...'>, <Selector query='//div[@data-testid="product-list"]//li' data='<li class="sc-hwhrDX ghzctf"><a href=...'>, <Selector query='//div[@data-testid="product-list"]//li' data='<li class="sc-hwhrDX ghzctf"><a href=...'>, <Selector query='//div[@data-testid="product-list"]//li' data='<li class="sc-hwhrDX ghzctf"><a href=...'>, <Selector query='//div[@data-testid="product-list"]//li' data='<li class="sc-hwhrDX ghzctf"><a href=...'>, <Selector query='//div[@data-testid="product-list"]//li' data='<li class="sc-hwhrDX ghzctf"><a href=...'>, <Selector query='//div[@data-testid="product-list"]//li' data='<li class="sc-hwhrDX ghzctf"><a href=...'>, <Selector query='//div[@data-testid="product-list"]//li' data='<li class="sc-hwhrDX ghzctf"><a href=...'>, <Selector query='//div[@data-testid="product-list"]//li' data='<li class="sc-hwhrDX ghzctf"><a href=...'>, <Selector query='//div[@data-testid="product-list"]//li' data='<li class="sc-hwhrDX ghzctf"><a href=...'>, <Selector query='//div[@data-testid="product-list"]//li' data='<li class="sc-hwhrDX ghzctf"><a href=...'>, <Selector query='//div[@data-testid="product-list"]//li' data='<li class="sc-hwhrDX ghzctf"><a href=...'>, <Selector query='//div[@data-testid="product-list"]//li' data='<li class="sc-hwhrDX ghzctf"><a href=...'>, <Selector query='//div[@data-testid="product-list"]//li' data='<li class="sc-hwhrDX ghzctf"><a href=...'>, <Selector query='//div[@data-testid="product-list"]//li' data='<li class="sc-hwhrDX ghzctf"><a href=...'>, <Selector query='//div[@data-testid="product-list"]//li' data='<li class="sc-hwhrDX ghzctf"><a href=...'>, <Selector query='//div[@data-testid="product-list"]//li' data='<li class="sc-hwhrDX ghzctf"><a href=...'>, <Selector query='//div[@data-testid="product-list"]//li' data='<li class="sc-hwhrDX ghzctf"><a href=...'>, <Selector query='//div[@data-testid="product-list"]//li' data='<li class="sc-hwhrDX ghzctf"><a href=...'>, <Selector query='//div[@data-testid="product-list"]//li' data='<li class="sc-hwhrDX ghzctf"><a href=...'>, <Selector query='//div[@data-testid="product-list"]//li' data='<li class="sc-hwhrDX ghzctf"><a href=...'>, <Selector query='//div[@data-testid="product-list"]//li' data='<li class="sc-hwhrDX ghzctf"><a href=...'>, <Selector query='//div[@data-testid="product-list"]//li' data='<li class="sc-hwhrDX ghzctf"><a href=...'>, <Selector query='//div[@data-testid="product-list"]//li' data='<li class="sc-hwhrDX ghzctf"><a href=...'>, <Selector query='//div[@data-testid="product-list"]//li' data='<li class="sc-hwhrDX ghzctf"><a href=...'>, <Selector query='//div[@data-testid="product-list"]//li' data='<li class="sc-hwhrDX ghzctf"><a href=...'>, <Selector query='//div[@data-testid="product-list"]//li' data='<li class="sc-hwhrDX ghzctf"><a href=...'>, <Selector query='//div[@data-testid="product-list"]//li' data='<li class="sc-hwhrDX ghzctf"><a href=...'>, <Selector query='//div[@data-testid="product-list"]//li' data='<li class="sc-hwhrDX ghzctf"><a href=...'>, <Selector query='//div[@data-testid="product-list"]//li' data='<li class="sc-hwhrDX ghzctf"><a href=...'>, <Selector query='//div[@data-testid="product-list"]//li' data='<li class="sc-hwhrDX ghzctf"><a href=...'>, <Selector query='//div[@data-testid="product-list"]//li' data='<li class="sc-hwhrDX ghzctf"><a href=...'>, <Selector query='//div[@data-testid="product-list"]//li' data='<li class="sc-hwhrDX ghzctf"><a href=...'>, <Selector query='//div[@data-testid="product-list"]//li' data='<li class="sc-hwhrDX ghzctf"><a href=...'>, <Selector query='//div[@data-testid="product-list"]//li' data='<li class="sc-hwhrDX ghzctf"><a href=...'>, <Selector query='//div[@data-testid="product-list"]//li' data='<li class="sc-hwhrDX ghzctf"><a href=...'>, <Selector query='//div[@data-testid="product-list"]//li' data='<li class="sc-hwhrDX ghzctf"><a href=...'>, <Selector query='//div[@data-testid="product-list"]//li' data='<li class="sc-hwhrDX ghzctf"><a href=...'>]2025-04-14 00:06:49 [scrapy.core.scraper] DEBUG: Scraped from <200 https://www.magazineluiza.com.br/busca/garrafa+stanley+aerolight+fast+flow/?page=1?page=2>
[2025-04-14T00:06:49.987+0000] {subprocess.py:106} INFO - {'title': 'GARRAFA STANLEY AEROLIGHT FAST FLOW 1.1Lt ORIGINAL TODAS AS CORES', 'price': 'R$\xa0339,14', 'review': '4.2 (6)', 'store': 'Magazine Luiza'}
[2025-04-14T00:06:49.988+0000] {subprocess.py:106} INFO - 2025-04-14 00:06:49 [scrapy.core.scraper] DEBUG: Scraped from <200 https://www.magazineluiza.com.br/busca/garrafa+stanley+aerolight+fast+flow/?page=1?page=2>
[2025-04-14T00:06:49.989+0000] {subprocess.py:106} INFO - {'title': 'Garrafa stanley aerolight fast flow 710ml original todas as cores', 'price': 'R$\xa0310,64', 'review': '5.0 (1)', 'store': 'Magazine Luiza'}
[2025-04-14T00:06:49.990+0000] {subprocess.py:106} INFO - 2025-04-14 00:06:49 [scrapy.core.scraper] DEBUG: Scraped from <200 https://www.magazineluiza.com.br/busca/garrafa+stanley+aerolight+fast+flow/?page=1?page=2>
[2025-04-14T00:06:49.991+0000] {subprocess.py:106} INFO - {'title': 'Garrafa Térmica Aerolight Stanley Fast Flow 710ml - Matte Black', 'price': 'R$\xa0262,65', 'review': '5.0 (1)', 'store': 'Magazine Luiza'}
[2025-04-14T00:06:49.992+0000] {subprocess.py:106} INFO - 2025-04-14 00:06:49 [scrapy.core.scraper] DEBUG: Scraped from <200 https://www.magazineluiza.com.br/busca/garrafa+stanley+aerolight+fast+flow/?page=1?page=2>
[2025-04-14T00:06:49.993+0000] {subprocess.py:106} INFO - {'title': 'Garrafa Térmica Stanley Aerolight Fast Flow Lavender 710ML - STANLEY PMI', 'price': 'R$\xa0289,97', 'review': None, 'store': 'Magazine Luiza'}
[2025-04-14T00:06:49.994+0000] {subprocess.py:106} INFO - 2025-04-14 00:06:49 [scrapy.core.scraper] DEBUG: Scraped from <200 https://www.magazineluiza.com.br/busca/garrafa+stanley+aerolight+fast+flow/?page=1?page=2>
[2025-04-14T00:06:49.995+0000] {subprocess.py:106} INFO - {'title': 'Stanley Garrafa Térmica Aerolight Original Fast Flow Branco Polar 710ml', 'price': 'R$\xa0332,10', 'review': None, 'store': 'Magazine Luiza'}
[2025-04-14T00:06:49.997+0000] {subprocess.py:106} INFO - 2025-04-14 00:06:49 [scrapy.core.scraper] DEBUG: Scraped from <200 https://www.magazineluiza.com.br/busca/garrafa+stanley+aerolight+fast+flow/?page=1?page=2>
[2025-04-14T00:06:49.998+0000] {subprocess.py:106} INFO - {'title': 'Garrafa Térmica Aerolight Stanley Fast Flow 1,1L - Tigerlily', 'price': 'R$\xa0288,15', 'review': '5.0 (1)', 'store': 'Magazine Luiza'}
[2025-04-14T00:06:50.002+0000] {subprocess.py:106} INFO - 2025-04-14 00:06:49 [scrapy.core.scraper] DEBUG: Scraped from <200 https://www.magazineluiza.com.br/busca/garrafa+stanley+aerolight+fast+flow/?page=1?page=2>
[2025-04-14T00:06:50.003+0000] {subprocess.py:106} INFO - {'title': 'Garrafa Térmica Stanley Aerolight Fast Flow 1.1L Pink', 'price': 'R$\xa0295,45', 'review': None, 'store': 'Magazine Luiza'}
[2025-04-14T00:06:50.004+0000] {subprocess.py:106} INFO - 2025-04-14 00:06:49 [scrapy.core.scraper] DEBUG: Scraped from <200 https://www.magazineluiza.com.br/busca/garrafa+stanley+aerolight+fast+flow/?page=1?page=2>
[2025-04-14T00:06:50.005+0000] {subprocess.py:106} INFO - {'title': 'Garrafa Térmica Stanley Aerolight Fast Flow Matte Black 710ML', 'price': 'R$\xa0278,35', 'review': '5.0 (1)', 'store': 'Magazine Luiza'}
[2025-04-14T00:06:50.006+0000] {subprocess.py:106} INFO - 2025-04-14 00:06:49 [scrapy.core.scraper] DEBUG: Scraped from <200 https://www.magazineluiza.com.br/busca/garrafa+stanley+aerolight+fast+flow/?page=1?page=2>
[2025-04-14T00:06:50.006+0000] {subprocess.py:106} INFO - {'title': 'Garrafa Térmica Aerolight Fast Flow Matte Black 1,1L Stanley', 'price': 'R$\xa0358,79', 'review': '4.2 (6)', 'store': 'Magazine Luiza'}
[2025-04-14T00:06:50.008+0000] {subprocess.py:106} INFO - 2025-04-14 00:06:49 [scrapy.core.scraper] DEBUG: Scraped from <200 https://www.magazineluiza.com.br/busca/garrafa+stanley+aerolight+fast+flow/?page=1?page=2>
[2025-04-14T00:06:50.008+0000] {subprocess.py:106} INFO - {'title': 'Garrafa Térmica Aerolight Stanley Fast Flow 710ml - Lavender', 'price': 'R$\xa0262,65', 'review': None, 'store': 'Magazine Luiza'}
[2025-04-14T00:06:50.009+0000] {subprocess.py:106} INFO - 2025-04-14 00:06:49 [scrapy.core.scraper] DEBUG: Scraped from <200 https://www.magazineluiza.com.br/busca/garrafa+stanley+aerolight+fast+flow/?page=1?page=2>
[2025-04-14T00:06:50.010+0000] {subprocess.py:106} INFO - {'title': 'Garrafa Térmica Stanley Aerolight Fast Flow Branco Polar 1,1 Litros', 'price': 'R$\xa0305,90', 'review': None, 'store': 'Magazine Luiza'}
[2025-04-14T00:06:50.011+0000] {subprocess.py:106} INFO - 2025-04-14 00:06:49 [scrapy.core.scraper] DEBUG: Scraped from <200 https://www.magazineluiza.com.br/busca/garrafa+stanley+aerolight+fast+flow/?page=1?page=2>
[2025-04-14T00:06:50.012+0000] {subprocess.py:106} INFO - {'title': 'Garrafa Térmica Aerolight Stanley Fast Flow 1,1L - Citron', 'price': 'R$\xa0288,15', 'review': None, 'store': 'Magazine Luiza'}
[2025-04-14T00:06:50.013+0000] {subprocess.py:106} INFO - 2025-04-14 00:06:49 [scrapy.core.scraper] DEBUG: Scraped from <200 https://www.magazineluiza.com.br/busca/garrafa+stanley+aerolight+fast+flow/?page=1?page=2>
[2025-04-14T00:06:50.014+0000] {subprocess.py:106} INFO - {'title': 'Garrafa Térmica Aerolight Stanley Fast Flow 1,1L - Polar', 'price': 'R$\xa0288,15', 'review': None, 'store': 'Magazine Luiza'}
[2025-04-14T00:06:50.015+0000] {subprocess.py:106} INFO - 2025-04-14 00:06:49 [scrapy.core.scraper] DEBUG: Scraped from <200 https://www.magazineluiza.com.br/busca/garrafa+stanley+aerolight+fast+flow/?page=1?page=2>
[2025-04-14T00:06:50.016+0000] {subprocess.py:106} INFO - {'title': 'Garrafa Térmica Stanley Aerolight Fast Flow Citron 710ML', 'price': 'R$\xa0278,35', 'review': None, 'store': 'Magazine Luiza'}
[2025-04-14T00:06:50.017+0000] {subprocess.py:106} INFO - 2025-04-14 00:06:49 [scrapy.core.scraper] DEBUG: Scraped from <200 https://www.magazineluiza.com.br/busca/garrafa+stanley+aerolight+fast+flow/?page=1?page=2>
[2025-04-14T00:06:50.018+0000] {subprocess.py:106} INFO - {'title': 'Garrafa Térmica Stanley Aerolight Fast Flow Original Laranja Tigerlily 1,1 L', 'price': 'R$\xa0379,00', 'review': '5.0 (1)', 'store': 'Magazine Luiza'}
[2025-04-14T00:06:50.019+0000] {subprocess.py:106} INFO - 2025-04-14 00:06:49 [scrapy.core.scraper] DEBUG: Scraped from <200 https://www.magazineluiza.com.br/busca/garrafa+stanley+aerolight+fast+flow/?page=1?page=2>
[2025-04-14T00:06:50.020+0000] {subprocess.py:106} INFO - {'title': 'Garrafa Térmica Aerolight Laranja Fast Flow Tigerlily 1,1L Stanley', 'price': 'R$\xa0351,41', 'review': '5.0 (1)', 'store': 'Magazine Luiza'}
[2025-04-14T00:06:50.022+0000] {subprocess.py:106} INFO - 2025-04-14 00:06:49 [scrapy.core.scraper] DEBUG: Scraped from <200 https://www.magazineluiza.com.br/busca/garrafa+stanley+aerolight+fast+flow/?page=1?page=2>
[2025-04-14T00:06:50.023+0000] {subprocess.py:106} INFO - {'title': 'Garrafa stanley térmica aerolight fast flow em aço inox 710ml lavender 08241-00', 'price': 'R$\xa0331,55', 'review': None, 'store': 'Magazine Luiza'}
[2025-04-14T00:06:50.024+0000] {subprocess.py:106} INFO - 2025-04-14 00:06:49 [scrapy.core.scraper] DEBUG: Scraped from <200 https://www.magazineluiza.com.br/busca/garrafa+stanley+aerolight+fast+flow/?page=1?page=2>
[2025-04-14T00:06:50.025+0000] {subprocess.py:106} INFO - {'title': 'Garrafa stanley térmica aerolight fast flow 1,1 litros laranja tigerlily 08242-00', 'price': 'R$\xa0350,55', 'review': '5.0 (1)', 'store': 'Magazine Luiza'}
[2025-04-14T00:06:50.026+0000] {subprocess.py:106} INFO - 2025-04-14 00:06:49 [scrapy.core.scraper] DEBUG: Scraped from <200 https://www.magazineluiza.com.br/busca/garrafa+stanley+aerolight+fast+flow/?page=1?page=2>
[2025-04-14T00:06:50.028+0000] {subprocess.py:106} INFO - {'title': 'Garrafa Térmica Stanley Aerolight Fast Flow 710ml Rosa Claro', 'price': 'R$\xa0274,34', 'review': None, 'store': 'Magazine Luiza'}
[2025-04-14T00:06:50.029+0000] {subprocess.py:106} INFO - 2025-04-14 00:06:49 [scrapy.core.scraper] DEBUG: Scraped from <200 https://www.magazineluiza.com.br/busca/garrafa+stanley+aerolight+fast+flow/?page=1?page=2>
[2025-04-14T00:06:50.030+0000] {subprocess.py:106} INFO - {'title': 'Garrafa Térmica Stanley Aerolight Fast Flow 1.1L Verde Água', 'price': 'R$\xa0295,45', 'review': None, 'store': 'Magazine Luiza'}
[2025-04-14T00:06:50.031+0000] {subprocess.py:106} INFO - 2025-04-14 00:06:49 [scrapy.core.scraper] DEBUG: Scraped from <200 https://www.magazineluiza.com.br/busca/garrafa+stanley+aerolight+fast+flow/?page=1?page=2>
[2025-04-14T00:06:50.032+0000] {subprocess.py:106} INFO - {'title': 'Garrafa Térmica Stanley Aerolight Fast Flow Branco Polar 1,1 Litros - STANLEY PMI', 'price': 'R$\xa0399,00', 'review': None, 'store': 'Magazine Luiza'}
[2025-04-14T00:06:50.033+0000] {subprocess.py:106} INFO - 2025-04-14 00:06:49 [scrapy.core.scraper] DEBUG: Scraped from <200 https://www.magazineluiza.com.br/busca/garrafa+stanley+aerolight+fast+flow/?page=1?page=2>
[2025-04-14T00:06:50.034+0000] {subprocess.py:106} INFO - {'title': 'Garrafa Térmica Stanley Aerolight Fast Flow Matte Black 710ML - STANLEY PMI', 'price': 'R$\xa0365,00', 'review': '5.0 (1)', 'store': 'Magazine Luiza'}
[2025-04-14T00:06:50.035+0000] {subprocess.py:106} INFO - 2025-04-14 00:06:49 [scrapy.core.scraper] DEBUG: Scraped from <200 https://www.magazineluiza.com.br/busca/garrafa+stanley+aerolight+fast+flow/?page=1?page=2>
[2025-04-14T00:06:50.036+0000] {subprocess.py:106} INFO - {'title': 'Garrafa stanley térmica aerolight fast flow em aço inox 710ml laranja tigerlily 08204-00', 'price': 'R$\xa0331,55', 'review': None, 'store': 'Magazine Luiza'}
[2025-04-14T00:06:50.037+0000] {subprocess.py:106} INFO - 2025-04-14 00:06:49 [scrapy.core.scraper] DEBUG: Scraped from <200 https://www.magazineluiza.com.br/busca/garrafa+stanley+aerolight+fast+flow/?page=1?page=2>
[2025-04-14T00:06:50.038+0000] {subprocess.py:106} INFO - {'title': 'Garrafa stanley térmica aerolight fast flow em aço inox 710ml vivid violet 08405-00', 'price': 'R$\xa0331,55', 'review': None, 'store': 'Magazine Luiza'}
[2025-04-14T00:06:50.039+0000] {subprocess.py:106} INFO - 2025-04-14 00:06:49 [scrapy.core.scraper] DEBUG: Scraped from <200 https://www.magazineluiza.com.br/busca/garrafa+stanley+aerolight+fast+flow/?page=1?page=2>
[2025-04-14T00:06:50.040+0000] {subprocess.py:106} INFO - {'title': 'Garrafa Térmica Stanley Aerolight Fast Flow 710ml Lilás', 'price': 'R$\xa0274,34', 'review': None, 'store': 'Magazine Luiza'}
[2025-04-14T00:06:50.041+0000] {subprocess.py:106} INFO - 2025-04-14 00:06:49 [scrapy.core.scraper] DEBUG: Scraped from <200 https://www.magazineluiza.com.br/busca/garrafa+stanley+aerolight+fast+flow/?page=1?page=2>
[2025-04-14T00:06:50.043+0000] {subprocess.py:106} INFO - {'title': 'Garrafa Térmica Stanley Aerolight Fast Flow Branco Polar 1,1 Litros - STANLEY PMI', 'price': 'R$\xa0385,90', 'review': None, 'store': 'Magazine Luiza'}
[2025-04-14T00:06:50.044+0000] {subprocess.py:106} INFO - 2025-04-14 00:06:49 [scrapy.core.scraper] DEBUG: Scraped from <200 https://www.magazineluiza.com.br/busca/garrafa+stanley+aerolight+fast+flow/?page=1?page=2>
[2025-04-14T00:06:50.045+0000] {subprocess.py:106} INFO - {'title': 'Garrafa Térmica Stanley Aerolight Fast Flow 710 ML Azul 0838', 'price': 'R$\xa0369,90', 'review': None, 'store': 'Magazine Luiza'}
[2025-04-14T00:06:50.047+0000] {subprocess.py:106} INFO - 2025-04-14 00:06:49 [scrapy.core.scraper] DEBUG: Scraped from <200 https://www.magazineluiza.com.br/busca/garrafa+stanley+aerolight+fast+flow/?page=1?page=2>
[2025-04-14T00:06:50.048+0000] {subprocess.py:106} INFO - {'title': 'Garrafa stanley térmica aerolight fast flow 1,1 litros branco polar 08207-00', 'price': 'R$\xa0350,55', 'review': None, 'store': 'Magazine Luiza'}
[2025-04-14T00:06:50.049+0000] {subprocess.py:106} INFO - 2025-04-14 00:06:49 [scrapy.core.scraper] DEBUG: Scraped from <200 https://www.magazineluiza.com.br/busca/garrafa+stanley+aerolight+fast+flow/?page=1?page=2>
[2025-04-14T00:06:50.051+0000] {subprocess.py:106} INFO - {'title': 'Garrafa Térmica Stanley Aerolight Fast Flow 710ml Azul Claro', 'price': 'R$\xa0274,34', 'review': None, 'store': 'Magazine Luiza'}
[2025-04-14T00:06:50.052+0000] {subprocess.py:106} INFO - 2025-04-14 00:06:49 [scrapy.core.scraper] DEBUG: Scraped from <200 https://www.magazineluiza.com.br/busca/garrafa+stanley+aerolight+fast+flow/?page=1?page=2>
[2025-04-14T00:06:50.053+0000] {subprocess.py:106} INFO - {'title': 'Garrafa termica stanley aerolight fast flow tigerlily 1,1l cod8208 cx6', 'price': 'R$\xa0434,37', 'review': '5.0 (1)', 'store': 'Magazine Luiza'}
[2025-04-14T00:06:50.054+0000] {subprocess.py:106} INFO - 2025-04-14 00:06:49 [scrapy.core.scraper] DEBUG: Scraped from <200 https://www.magazineluiza.com.br/busca/garrafa+stanley+aerolight+fast+flow/?page=1?page=2>
[2025-04-14T00:06:50.055+0000] {subprocess.py:106} INFO - {'title': 'Garrafa Térmica Stanley Aerolight Fast Flow Branco Polar 710', 'price': 'R$\xa0361,00', 'review': None, 'store': 'Magazine Luiza'}
[2025-04-14T00:06:50.056+0000] {subprocess.py:106} INFO - 2025-04-14 00:06:49 [scrapy.core.scraper] DEBUG: Scraped from <200 https://www.magazineluiza.com.br/busca/garrafa+stanley+aerolight+fast+flow/?page=1?page=2>
[2025-04-14T00:06:50.057+0000] {subprocess.py:106} INFO - {'title': 'Garrafa Térmica Stanley IceFlow Aerolight Fast Flow 700ml - Cinza', 'price': 'R$\xa0450,71', 'review': None, 'store': 'Magazine Luiza'}
[2025-04-14T00:06:50.059+0000] {subprocess.py:106} INFO - 2025-04-14 00:06:49 [scrapy.core.scraper] DEBUG: Scraped from <200 https://www.magazineluiza.com.br/busca/garrafa+stanley+aerolight+fast+flow/?page=1?page=2>
[2025-04-14T00:06:50.060+0000] {subprocess.py:106} INFO - {'title': 'Garrafa Térmica Stanley Aerolight Fast Flow Citron 1,1 Litros - STANLEY PMI', 'price': 'R$\xa0367,16', 'review': None, 'store': 'Magazine Luiza'}
[2025-04-14T00:06:50.061+0000] {subprocess.py:106} INFO - 2025-04-14 00:06:49 [scrapy.core.scraper] DEBUG: Scraped from <200 https://www.magazineluiza.com.br/busca/garrafa+stanley+aerolight+fast+flow/?page=1?page=2>
[2025-04-14T00:06:50.062+0000] {subprocess.py:106} INFO - {'title': 'Garrafa Térmica Aerolight Fast Flow 1,1L Polar Stanley', 'price': 'R$\xa0379,00', 'review': None, 'store': 'Magazine Luiza'}
[2025-04-14T00:06:50.063+0000] {subprocess.py:106} INFO - 2025-04-14 00:06:49 [scrapy.core.scraper] DEBUG: Scraped from <200 https://www.magazineluiza.com.br/busca/garrafa+stanley+aerolight+fast+flow/?page=1?page=2>
[2025-04-14T00:06:50.064+0000] {subprocess.py:106} INFO - {'title': 'Garrafa Térmica Aerolight Fast Flow Tigerlily 710ml Stanley', 'price': 'R$\xa0295,45', 'review': None, 'store': 'Magazine Luiza'}
[2025-04-14T00:06:50.065+0000] {subprocess.py:106} INFO - 2025-04-14 00:06:49 [scrapy.core.scraper] DEBUG: Scraped from <200 https://www.magazineluiza.com.br/busca/garrafa+stanley+aerolight+fast+flow/?page=1?page=2>
[2025-04-14T00:06:50.067+0000] {subprocess.py:106} INFO - {'title': 'Garrafa stanley térmica aerolight fast flow em aço inox 710ml azul tropical teal 08406-00', 'price': 'R$\xa0331,55', 'review': None, 'store': 'Magazine Luiza'}
[2025-04-14T00:06:50.068+0000] {subprocess.py:106} INFO - 2025-04-14 00:06:49 [scrapy.core.scraper] DEBUG: Scraped from <200 https://www.magazineluiza.com.br/busca/garrafa+stanley+aerolight+fast+flow/?page=1?page=2>
[2025-04-14T00:06:50.069+0000] {subprocess.py:106} INFO - {'title': 'Garrafa Térmica Stanley Aerolight Fast Flow 710ml Verde Água', 'price': 'R$\xa0274,34', 'review': None, 'store': 'Magazine Luiza'}
[2025-04-14T00:06:50.070+0000] {subprocess.py:106} INFO - 2025-04-14 00:06:49 [scrapy.core.scraper] DEBUG: Scraped from <200 https://www.magazineluiza.com.br/busca/garrafa+stanley+aerolight+fast+flow/?page=1?page=2>
[2025-04-14T00:06:50.071+0000] {subprocess.py:106} INFO - {'title': 'Garrafa Térmica Stanley Aerolight Fast Flow Citron 1,1 Litros - STANLEY PMI', 'price': 'R$\xa0385,90', 'review': None, 'store': 'Magazine Luiza'}
[2025-04-14T00:06:50.072+0000] {subprocess.py:106} INFO - 2025-04-14 00:06:49 [scrapy.core.scraper] DEBUG: Scraped from <200 https://www.magazineluiza.com.br/busca/garrafa+stanley+aerolight+fast+flow/?page=1?page=2>
[2025-04-14T00:06:50.072+0000] {subprocess.py:106} INFO - {'title': 'Garrafa Térmica Aerolight Fast Flow Stanley 710ML', 'price': 'R$\xa0395,91', 'review': None, 'store': 'Magazine Luiza'}
[2025-04-14T00:06:50.073+0000] {subprocess.py:106} INFO - 2025-04-14 00:06:49 [scrapy.core.scraper] DEBUG: Scraped from <200 https://www.magazineluiza.com.br/busca/garrafa+stanley+aerolight+fast+flow/?page=1?page=2>
[2025-04-14T00:06:50.074+0000] {subprocess.py:106} INFO - {'title': 'Garrafa Térmica Aerolight Fast Flow Polar 1,1L Stanley', 'price': 'R$\xa0358,79', 'review': None, 'store': 'Magazine Luiza'}
[2025-04-14T00:06:50.075+0000] {subprocess.py:106} INFO - 2025-04-14 00:06:49 [scrapy.core.scraper] DEBUG: Scraped from <200 https://www.magazineluiza.com.br/busca/garrafa+stanley+aerolight+fast+flow/?page=1?page=2>
[2025-04-14T00:06:50.075+0000] {subprocess.py:106} INFO - {'title': 'Garrafa Térmica Stanley Aerolight Fast Flow Citron 710ML - STANLEY PMI', 'price': 'R$\xa0419,90', 'review': None, 'store': 'Magazine Luiza'}
[2025-04-14T00:06:50.076+0000] {subprocess.py:106} INFO - 2025-04-14 00:06:49 [scrapy.core.scraper] DEBUG: Scraped from <200 https://www.magazineluiza.com.br/busca/garrafa+stanley+aerolight+fast+flow/?page=1?page=2>
[2025-04-14T00:06:50.077+0000] {subprocess.py:106} INFO - {'title': 'Garrafa Térmica Aerolight Fast Flow Heat Wave Passion Pink 710ML Stanley', 'price': 'R$\xa0313,41', 'review': None, 'store': 'Magazine Luiza'}
[2025-04-14T00:06:50.078+0000] {subprocess.py:106} INFO - 2025-04-14 00:06:49 [scrapy.core.scraper] DEBUG: Scraped from <200 https://www.magazineluiza.com.br/busca/garrafa+stanley+aerolight+fast+flow/?page=1?page=2>
[2025-04-14T00:06:50.079+0000] {subprocess.py:106} INFO - {'title': 'Garrafa stanley térmica aerolight fast flow em aço inox 710ml passion pink 08404-00', 'price': 'R$\xa0331,55', 'review': None, 'store': 'Magazine Luiza'}
[2025-04-14T00:06:50.080+0000] {subprocess.py:106} INFO - 2025-04-14 00:06:49 [scrapy.core.scraper] DEBUG: Scraped from <200 https://www.magazineluiza.com.br/busca/garrafa+stanley+aerolight+fast+flow/?page=1?page=2>
[2025-04-14T00:06:50.081+0000] {subprocess.py:106} INFO - {'title': 'Garrafa Térmica STanley Aerolight Fast Flow 1,1L', 'price': 'R$\xa0376,10', 'review': None, 'store': 'Magazine Luiza'}
[2025-04-14T00:06:50.082+0000] {subprocess.py:106} INFO - 2025-04-14 00:06:49 [scrapy.core.scraper] DEBUG: Scraped from <200 https://www.magazineluiza.com.br/busca/garrafa+stanley+aerolight+fast+flow/?page=1?page=2>
[2025-04-14T00:06:50.083+0000] {subprocess.py:106} INFO - {'title': 'Garrafa Térmica Stanley Aerolight Fast Flow Citron 1,1 Litros - STANLEY PMI', 'price': 'R$\xa0379,05', 'review': None, 'store': 'Magazine Luiza'}
[2025-04-14T00:06:50.085+0000] {subprocess.py:106} INFO - 2025-04-14 00:06:49 [scrapy.core.scraper] DEBUG: Scraped from <200 https://www.magazineluiza.com.br/busca/garrafa+stanley+aerolight+fast+flow/?page=1?page=2>
[2025-04-14T00:06:50.086+0000] {subprocess.py:106} INFO - {'title': 'Garrafa stanley térmica aerolight fast flow 710ml matte black 08202-00', 'price': 'R$\xa0331,55', 'review': '5.0 (1)', 'store': 'Magazine Luiza'}
[2025-04-14T00:06:50.087+0000] {subprocess.py:106} INFO - 2025-04-14 00:06:49 [scrapy.core.scraper] DEBUG: Scraped from <200 https://www.magazineluiza.com.br/busca/garrafa+stanley+aerolight+fast+flow/?page=1?page=2>
[2025-04-14T00:06:50.088+0000] {subprocess.py:106} INFO - {'title': 'Garrafa Térmica STanley Aerolight Fast Flow 1,1L', 'price': 'R$\xa0376,10', 'review': None, 'store': 'Magazine Luiza'}
[2025-04-14T00:06:50.089+0000] {subprocess.py:106} INFO - 2025-04-14 00:06:49 [scrapy.core.scraper] DEBUG: Scraped from <200 https://www.magazineluiza.com.br/busca/garrafa+stanley+aerolight+fast+flow/?page=1?page=2>
[2025-04-14T00:06:50.091+0000] {subprocess.py:106} INFO - {'title': 'Garrafa Térmica Stanley Aerolight Fast Flow 710ml Verde Limão', 'price': 'R$\xa0274,34', 'review': None, 'store': 'Magazine Luiza'}
[2025-04-14T00:06:50.092+0000] {subprocess.py:106} INFO - 2025-04-14 00:06:49 [scrapy.core.scraper] DEBUG: Scraped from <200 https://www.magazineluiza.com.br/busca/garrafa+stanley+aerolight+fast+flow/?page=1?page=2>
[2025-04-14T00:06:50.093+0000] {subprocess.py:106} INFO - {'title': 'Garrafa Térmica Stanley Aerolight Fast Flow Branco Polar 710ML - STANLEY PMI', 'price': 'R$\xa0369,90', 'review': None, 'store': 'Magazine Luiza'}
[2025-04-14T00:06:50.094+0000] {subprocess.py:106} INFO - 2025-04-14 00:06:49 [scrapy.core.scraper] DEBUG: Scraped from <200 https://www.magazineluiza.com.br/busca/garrafa+stanley+aerolight+fast+flow/?page=1?page=2>
[2025-04-14T00:06:50.095+0000] {subprocess.py:106} INFO - {'title': 'Garrafa Térmica Aerolight Fast Flow Stanley Citron 710 Ml', 'price': 'R$\xa0365,00', 'review': None, 'store': 'Magazine Luiza'}
[2025-04-14T00:06:50.096+0000] {subprocess.py:106} INFO - 2025-04-14 00:06:49 [scrapy.core.scraper] DEBUG: Scraped from <200 https://www.magazineluiza.com.br/busca/garrafa+stanley+aerolight+fast+flow/?page=1?page=2>
[2025-04-14T00:06:50.098+0000] {subprocess.py:106} INFO - {'title': 'Garrafa Térmica Aerolight Fast Flow 1,1L', 'price': 'R$\xa0589,90', 'review': '5.0 (1)', 'store': 'Magazine Luiza'}
[2025-04-14T00:06:50.099+0000] {subprocess.py:106} INFO - 2025-04-14 00:06:49 [scrapy.core.scraper] DEBUG: Scraped from <200 https://www.magazineluiza.com.br/busca/garrafa+stanley+aerolight+fast+flow/?page=1?page=2>
[2025-04-14T00:06:50.100+0000] {subprocess.py:106} INFO - {'title': 'Garrafa Térmica Stanley Aerolight Fast Flow Citron 1,1 Litros - STANLEY PMI', 'price': 'R$\xa0489,00', 'review': None, 'store': 'Magazine Luiza'}
[2025-04-14T00:06:50.101+0000] {subprocess.py:106} INFO - 2025-04-14 00:06:49 [scrapy.core.scraper] DEBUG: Scraped from <200 https://www.magazineluiza.com.br/busca/garrafa+stanley+aerolight+fast+flow/?page=1?page=2>
[2025-04-14T00:06:50.102+0000] {subprocess.py:106} INFO - {'title': 'Garrafa Térmica Stanley Aerolight Fast Flow 0.7L Verde 08205', 'price': 'R$\xa0344,01', 'review': None, 'store': 'Magazine Luiza'}
[2025-04-14T00:06:50.103+0000] {subprocess.py:106} INFO - 2025-04-14 00:06:49 [scrapy.core.scraper] DEBUG: Scraped from <200 https://www.magazineluiza.com.br/busca/garrafa+stanley+aerolight+fast+flow/?page=1?page=2>
[2025-04-14T00:06:50.105+0000] {subprocess.py:106} INFO - {'title': 'Garrafa Térmico Aerolight Fast Flow 710 Ml Citron Stanley', 'price': 'R$\xa0336,66', 'review': None, 'store': 'Magazine Luiza'}
[2025-04-14T00:06:50.106+0000] {subprocess.py:106} INFO - 2025-04-14 00:06:49 [scrapy.core.scraper] DEBUG: Scraped from <200 https://www.magazineluiza.com.br/busca/garrafa+stanley+aerolight+fast+flow/?page=1?page=2>
[2025-04-14T00:06:50.107+0000] {subprocess.py:106} INFO - {'title': 'Garrafa Térmica Aerolight Fast Flow Polar 1,1L', 'price': 'R$\xa0479,99', 'review': None, 'store': 'Magazine Luiza'}
[2025-04-14T00:06:50.109+0000] {subprocess.py:106} INFO - 2025-04-14 00:06:49 [scrapy.core.engine] INFO: Closing spider (finished)
[2025-04-14T00:06:50.110+0000] {subprocess.py:106} INFO - 2025-04-14 00:06:49 [scrapy.extensions.feedexport] INFO: Stored csv feed (110 items) in: /opt/***/dags/scrap_result.csv
[2025-04-14T00:06:50.111+0000] {subprocess.py:106} INFO - 2025-04-14 00:06:49 [scrapy.statscollectors] INFO: Dumping Scrapy stats:
[2025-04-14T00:06:50.112+0000] {subprocess.py:106} INFO - {'downloader/request_bytes': 2450,
[2025-04-14T00:06:50.113+0000] {subprocess.py:106} INFO -  'downloader/request_count': 3,
[2025-04-14T00:06:50.115+0000] {subprocess.py:106} INFO -  'downloader/request_method_count/GET': 3,
[2025-04-14T00:06:50.116+0000] {subprocess.py:106} INFO -  'downloader/response_bytes': 283098,
[2025-04-14T00:06:50.120+0000] {subprocess.py:106} INFO -  'downloader/response_count': 3,
[2025-04-14T00:06:50.121+0000] {subprocess.py:106} INFO -  'downloader/response_status_count/200': 3,
[2025-04-14T00:06:50.124+0000] {subprocess.py:106} INFO -  'elapsed_time_seconds': 4.295399,
[2025-04-14T00:06:50.127+0000] {subprocess.py:106} INFO -  'feedexport/success_count/FileFeedStorage': 1,
[2025-04-14T00:06:50.128+0000] {subprocess.py:106} INFO -  'finish_reason': 'finished',
[2025-04-14T00:06:50.129+0000] {subprocess.py:106} INFO -  'finish_time': datetime.datetime(2025, 4, 14, 0, 6, 49, 853047, tzinfo=datetime.timezone.utc),
[2025-04-14T00:06:50.130+0000] {subprocess.py:106} INFO -  'httpcompression/response_bytes': 2072337,
[2025-04-14T00:06:50.131+0000] {subprocess.py:106} INFO -  'httpcompression/response_count': 3,
[2025-04-14T00:06:50.133+0000] {subprocess.py:106} INFO -  'item_scraped_count': 110,
[2025-04-14T00:06:50.134+0000] {subprocess.py:106} INFO -  'items_per_minute': None,
[2025-04-14T00:06:50.135+0000] {subprocess.py:106} INFO -  'log_count/DEBUG': 116,
[2025-04-14T00:06:50.136+0000] {subprocess.py:106} INFO -  'log_count/INFO': 11,
[2025-04-14T00:06:50.136+0000] {subprocess.py:106} INFO -  'memusage/max': 228577280,
[2025-04-14T00:06:50.137+0000] {subprocess.py:106} INFO -  'memusage/startup': 228577280,
[2025-04-14T00:06:50.138+0000] {subprocess.py:106} INFO -  'request_depth_max': 1,
[2025-04-14T00:06:50.139+0000] {subprocess.py:106} INFO -  'response_received_count': 3,
[2025-04-14T00:06:50.140+0000] {subprocess.py:106} INFO -  'responses_per_minute': None,
[2025-04-14T00:06:50.141+0000] {subprocess.py:106} INFO -  'scheduler/dequeued': 3,
[2025-04-14T00:06:50.142+0000] {subprocess.py:106} INFO -  'scheduler/dequeued/memory': 3,
[2025-04-14T00:06:50.143+0000] {subprocess.py:106} INFO -  'scheduler/enqueued': 3,
[2025-04-14T00:06:50.144+0000] {subprocess.py:106} INFO -  'scheduler/enqueued/memory': 3,
[2025-04-14T00:06:50.145+0000] {subprocess.py:106} INFO -  'start_time': datetime.datetime(2025, 4, 14, 0, 6, 45, 557648, tzinfo=datetime.timezone.utc)}
[2025-04-14T00:06:50.146+0000] {subprocess.py:106} INFO - 2025-04-14 00:06:49 [scrapy.core.engine] INFO: Spider closed (finished)
[2025-04-14T00:06:50.147+0000] {subprocess.py:106} INFO - 
[2025-04-14T00:06:50.148+0000] {subprocess.py:106} INFO - GARRAFA STANLEY AEROLIGHT FAST FLOW 1.1Lt ORIGINAL TODAS AS CORES
[2025-04-14T00:06:50.149+0000] {subprocess.py:106} INFO - [R$ 339,14]
[2025-04-14T00:06:50.151+0000] {subprocess.py:106} INFO - 4.2 (6)
[2025-04-14T00:06:50.151+0000] {subprocess.py:106} INFO - Garrafa stanley aerolight fast flow 710ml original todas as cores
[2025-04-14T00:06:50.152+0000] {subprocess.py:106} INFO - [R$ 310,64]
[2025-04-14T00:06:50.153+0000] {subprocess.py:106} INFO - 5.0 (1)
[2025-04-14T00:06:50.154+0000] {subprocess.py:106} INFO - Garrafa Térmica Aerolight Stanley Fast Flow 710ml - Matte Black
[2025-04-14T00:06:50.154+0000] {subprocess.py:106} INFO - [R$ 262,65]
[2025-04-14T00:06:50.155+0000] {subprocess.py:106} INFO - 5.0 (1)
[2025-04-14T00:06:50.156+0000] {subprocess.py:106} INFO - Garrafa Térmica Stanley Aerolight Fast Flow Lavender 710ML - STANLEY PMI
[2025-04-14T00:06:50.157+0000] {subprocess.py:106} INFO - [R$ 289,97]
[2025-04-14T00:06:50.158+0000] {subprocess.py:106} INFO - None
[2025-04-14T00:06:50.159+0000] {subprocess.py:106} INFO - Stanley Garrafa Térmica Aerolight Original Fast Flow Branco Polar 710ml
[2025-04-14T00:06:50.160+0000] {subprocess.py:106} INFO - [R$ 332,10]
[2025-04-14T00:06:50.161+0000] {subprocess.py:106} INFO - None
[2025-04-14T00:06:50.162+0000] {subprocess.py:106} INFO - Garrafa Térmica Aerolight Stanley Fast Flow 1,1L - Tigerlily
[2025-04-14T00:06:50.162+0000] {subprocess.py:106} INFO - [R$ 288,15]
[2025-04-14T00:06:50.163+0000] {subprocess.py:106} INFO - 5.0 (1)
[2025-04-14T00:06:50.164+0000] {subprocess.py:106} INFO - Garrafa Térmica Stanley Aerolight Fast Flow 1.1L Pink
[2025-04-14T00:06:50.164+0000] {subprocess.py:106} INFO - [R$ 295,45]
[2025-04-14T00:06:50.165+0000] {subprocess.py:106} INFO - None
[2025-04-14T00:06:50.166+0000] {subprocess.py:106} INFO - Garrafa Térmica Stanley Aerolight Fast Flow Matte Black 710ML
[2025-04-14T00:06:50.166+0000] {subprocess.py:106} INFO - [R$ 278,35]
[2025-04-14T00:06:50.167+0000] {subprocess.py:106} INFO - 5.0 (1)
[2025-04-14T00:06:50.168+0000] {subprocess.py:106} INFO - Garrafa Térmica Aerolight Fast Flow Matte Black 1,1L Stanley
[2025-04-14T00:06:50.169+0000] {subprocess.py:106} INFO - [R$ 358,79]
[2025-04-14T00:06:50.169+0000] {subprocess.py:106} INFO - 4.2 (6)
[2025-04-14T00:06:50.170+0000] {subprocess.py:106} INFO - Garrafa Térmica Aerolight Stanley Fast Flow 710ml - Lavender
[2025-04-14T00:06:50.171+0000] {subprocess.py:106} INFO - [R$ 262,65]
[2025-04-14T00:06:50.172+0000] {subprocess.py:106} INFO - None
[2025-04-14T00:06:50.172+0000] {subprocess.py:106} INFO - Garrafa Térmica Stanley Aerolight Fast Flow Branco Polar 1,1 Litros
[2025-04-14T00:06:50.173+0000] {subprocess.py:106} INFO - [R$ 305,90]
[2025-04-14T00:06:50.174+0000] {subprocess.py:106} INFO - None
[2025-04-14T00:06:50.174+0000] {subprocess.py:106} INFO - Garrafa Térmica Aerolight Stanley Fast Flow 1,1L - Citron
[2025-04-14T00:06:50.175+0000] {subprocess.py:106} INFO - [R$ 288,15]
[2025-04-14T00:06:50.176+0000] {subprocess.py:106} INFO - None
[2025-04-14T00:06:50.177+0000] {subprocess.py:106} INFO - Garrafa Térmica Aerolight Stanley Fast Flow 1,1L - Polar
[2025-04-14T00:06:50.177+0000] {subprocess.py:106} INFO - [R$ 288,15]
[2025-04-14T00:06:50.178+0000] {subprocess.py:106} INFO - None
[2025-04-14T00:06:50.179+0000] {subprocess.py:106} INFO - Garrafa Térmica Stanley Aerolight Fast Flow Citron 710ML
[2025-04-14T00:06:50.179+0000] {subprocess.py:106} INFO - [R$ 278,35]
[2025-04-14T00:06:50.180+0000] {subprocess.py:106} INFO - None
[2025-04-14T00:06:50.181+0000] {subprocess.py:106} INFO - Garrafa Térmica Stanley Aerolight Fast Flow Original Laranja Tigerlily 1,1 L
[2025-04-14T00:06:50.182+0000] {subprocess.py:106} INFO - [R$ 379,00]
[2025-04-14T00:06:50.182+0000] {subprocess.py:106} INFO - 5.0 (1)
[2025-04-14T00:06:50.183+0000] {subprocess.py:106} INFO - Garrafa Térmica Aerolight Laranja Fast Flow Tigerlily 1,1L Stanley
[2025-04-14T00:06:50.184+0000] {subprocess.py:106} INFO - [R$ 351,41]
[2025-04-14T00:06:50.185+0000] {subprocess.py:106} INFO - 5.0 (1)
[2025-04-14T00:06:50.185+0000] {subprocess.py:106} INFO - Garrafa stanley térmica aerolight fast flow em aço inox 710ml lavender 08241-00
[2025-04-14T00:06:50.186+0000] {subprocess.py:106} INFO - [R$ 331,55]
[2025-04-14T00:06:50.187+0000] {subprocess.py:106} INFO - None
[2025-04-14T00:06:50.188+0000] {subprocess.py:106} INFO - Garrafa stanley térmica aerolight fast flow 1,1 litros laranja tigerlily 08242-00
[2025-04-14T00:06:50.188+0000] {subprocess.py:106} INFO - [R$ 350,55]
[2025-04-14T00:06:50.189+0000] {subprocess.py:106} INFO - 5.0 (1)
[2025-04-14T00:06:50.190+0000] {subprocess.py:106} INFO - Garrafa Térmica Stanley Aerolight Fast Flow 710ml Rosa Claro
[2025-04-14T00:06:50.191+0000] {subprocess.py:106} INFO - [R$ 274,34]
[2025-04-14T00:06:50.191+0000] {subprocess.py:106} INFO - None
[2025-04-14T00:06:50.193+0000] {subprocess.py:106} INFO - Garrafa Térmica Stanley Aerolight Fast Flow 1.1L Verde Água
[2025-04-14T00:06:50.193+0000] {subprocess.py:106} INFO - [R$ 295,45]
[2025-04-14T00:06:50.194+0000] {subprocess.py:106} INFO - None
[2025-04-14T00:06:50.195+0000] {subprocess.py:106} INFO - Garrafa Térmica Stanley Aerolight Fast Flow Branco Polar 1,1 Litros - STANLEY PMI
[2025-04-14T00:06:50.195+0000] {subprocess.py:106} INFO - [R$ 399,00]
[2025-04-14T00:06:50.196+0000] {subprocess.py:106} INFO - None
[2025-04-14T00:06:50.197+0000] {subprocess.py:106} INFO - Garrafa Térmica Stanley Aerolight Fast Flow Matte Black 710ML - STANLEY PMI
[2025-04-14T00:06:50.197+0000] {subprocess.py:106} INFO - [R$ 365,00]
[2025-04-14T00:06:50.198+0000] {subprocess.py:106} INFO - 5.0 (1)
[2025-04-14T00:06:50.199+0000] {subprocess.py:106} INFO - Garrafa stanley térmica aerolight fast flow em aço inox 710ml laranja tigerlily 08204-00
[2025-04-14T00:06:50.199+0000] {subprocess.py:106} INFO - [R$ 331,55]
[2025-04-14T00:06:50.200+0000] {subprocess.py:106} INFO - None
[2025-04-14T00:06:50.201+0000] {subprocess.py:106} INFO - Garrafa stanley térmica aerolight fast flow em aço inox 710ml vivid violet 08405-00
[2025-04-14T00:06:50.202+0000] {subprocess.py:106} INFO - [R$ 331,55]
[2025-04-14T00:06:50.202+0000] {subprocess.py:106} INFO - None
[2025-04-14T00:06:50.203+0000] {subprocess.py:106} INFO - Garrafa Térmica Stanley Aerolight Fast Flow 710ml Lilás
[2025-04-14T00:06:50.204+0000] {subprocess.py:106} INFO - [R$ 274,34]
[2025-04-14T00:06:50.205+0000] {subprocess.py:106} INFO - None
[2025-04-14T00:06:50.205+0000] {subprocess.py:106} INFO - Garrafa Térmica Stanley Aerolight Fast Flow Branco Polar 1,1 Litros - STANLEY PMI
[2025-04-14T00:06:50.206+0000] {subprocess.py:106} INFO - [R$ 385,90]
[2025-04-14T00:06:50.206+0000] {subprocess.py:106} INFO - None
[2025-04-14T00:06:50.207+0000] {subprocess.py:106} INFO - Garrafa Térmica Stanley Aerolight Fast Flow 710 ML Azul 0838
[2025-04-14T00:06:50.208+0000] {subprocess.py:106} INFO - [R$ 369,90]
[2025-04-14T00:06:50.209+0000] {subprocess.py:106} INFO - None
[2025-04-14T00:06:50.209+0000] {subprocess.py:106} INFO - Garrafa stanley térmica aerolight fast flow 1,1 litros branco polar 08207-00
[2025-04-14T00:06:50.210+0000] {subprocess.py:106} INFO - [R$ 350,55]
[2025-04-14T00:06:50.211+0000] {subprocess.py:106} INFO - None
[2025-04-14T00:06:50.211+0000] {subprocess.py:106} INFO - Garrafa Térmica Stanley Aerolight Fast Flow 710ml Azul Claro
[2025-04-14T00:06:50.212+0000] {subprocess.py:106} INFO - [R$ 274,34]
[2025-04-14T00:06:50.213+0000] {subprocess.py:106} INFO - None
[2025-04-14T00:06:50.213+0000] {subprocess.py:106} INFO - Garrafa termica stanley aerolight fast flow tigerlily 1,1l cod8208 cx6
[2025-04-14T00:06:50.214+0000] {subprocess.py:106} INFO - [R$ 434,37]
[2025-04-14T00:06:50.215+0000] {subprocess.py:106} INFO - 5.0 (1)
[2025-04-14T00:06:50.215+0000] {subprocess.py:106} INFO - Garrafa Térmica Stanley Aerolight Fast Flow Branco Polar 710
[2025-04-14T00:06:50.216+0000] {subprocess.py:106} INFO - [R$ 361,00]
[2025-04-14T00:06:50.217+0000] {subprocess.py:106} INFO - None
[2025-04-14T00:06:50.218+0000] {subprocess.py:106} INFO - Garrafa Térmica Stanley IceFlow Aerolight Fast Flow 700ml - Cinza
[2025-04-14T00:06:50.218+0000] {subprocess.py:106} INFO - [R$ 450,71]
[2025-04-14T00:06:50.219+0000] {subprocess.py:106} INFO - None
[2025-04-14T00:06:50.220+0000] {subprocess.py:106} INFO - Garrafa Térmica Stanley Aerolight Fast Flow Citron 1,1 Litros - STANLEY PMI
[2025-04-14T00:06:50.220+0000] {subprocess.py:106} INFO - [R$ 367,16]
[2025-04-14T00:06:50.221+0000] {subprocess.py:106} INFO - None
[2025-04-14T00:06:50.222+0000] {subprocess.py:106} INFO - Garrafa Térmica Aerolight Fast Flow 1,1L Polar Stanley
[2025-04-14T00:06:50.223+0000] {subprocess.py:106} INFO - [R$ 379,00]
[2025-04-14T00:06:50.223+0000] {subprocess.py:106} INFO - None
[2025-04-14T00:06:50.224+0000] {subprocess.py:106} INFO - Garrafa Térmica Aerolight Fast Flow Tigerlily 710ml Stanley
[2025-04-14T00:06:50.225+0000] {subprocess.py:106} INFO - [R$ 295,45]
[2025-04-14T00:06:50.226+0000] {subprocess.py:106} INFO - None
[2025-04-14T00:06:50.227+0000] {subprocess.py:106} INFO - Garrafa stanley térmica aerolight fast flow em aço inox 710ml azul tropical teal 08406-00
[2025-04-14T00:06:50.227+0000] {subprocess.py:106} INFO - [R$ 331,55]
[2025-04-14T00:06:50.228+0000] {subprocess.py:106} INFO - None
[2025-04-14T00:06:50.229+0000] {subprocess.py:106} INFO - Garrafa Térmica Stanley Aerolight Fast Flow 710ml Verde Água
[2025-04-14T00:06:50.229+0000] {subprocess.py:106} INFO - [R$ 274,34]
[2025-04-14T00:06:50.230+0000] {subprocess.py:106} INFO - None
[2025-04-14T00:06:50.231+0000] {subprocess.py:106} INFO - Garrafa Térmica Stanley Aerolight Fast Flow Citron 1,1 Litros - STANLEY PMI
[2025-04-14T00:06:50.231+0000] {subprocess.py:106} INFO - [R$ 385,90]
[2025-04-14T00:06:50.232+0000] {subprocess.py:106} INFO - None
[2025-04-14T00:06:50.233+0000] {subprocess.py:106} INFO - Garrafa Térmica Aerolight Fast Flow Stanley 710ML
[2025-04-14T00:06:50.233+0000] {subprocess.py:106} INFO - [R$ 395,91]
[2025-04-14T00:06:50.234+0000] {subprocess.py:106} INFO - None
[2025-04-14T00:06:50.235+0000] {subprocess.py:106} INFO - Garrafa Térmica Aerolight Fast Flow Polar 1,1L Stanley
[2025-04-14T00:06:50.235+0000] {subprocess.py:106} INFO - [R$ 358,79]
[2025-04-14T00:06:50.236+0000] {subprocess.py:106} INFO - None
[2025-04-14T00:06:50.237+0000] {subprocess.py:106} INFO - Garrafa Térmica Stanley Aerolight Fast Flow Citron 710ML - STANLEY PMI
[2025-04-14T00:06:50.237+0000] {subprocess.py:106} INFO - [R$ 419,90]
[2025-04-14T00:06:50.238+0000] {subprocess.py:106} INFO - None
[2025-04-14T00:06:50.239+0000] {subprocess.py:106} INFO - Garrafa Térmica Aerolight Fast Flow Heat Wave Passion Pink 710ML Stanley
[2025-04-14T00:06:50.239+0000] {subprocess.py:106} INFO - [R$ 313,41]
[2025-04-14T00:06:50.240+0000] {subprocess.py:106} INFO - None
[2025-04-14T00:06:50.241+0000] {subprocess.py:106} INFO - Garrafa stanley térmica aerolight fast flow em aço inox 710ml passion pink 08404-00
[2025-04-14T00:06:50.241+0000] {subprocess.py:106} INFO - [R$ 331,55]
[2025-04-14T00:06:50.242+0000] {subprocess.py:106} INFO - None
[2025-04-14T00:06:50.243+0000] {subprocess.py:106} INFO - Garrafa Térmica STanley Aerolight Fast Flow 1,1L
[2025-04-14T00:06:50.243+0000] {subprocess.py:106} INFO - [R$ 376,10]
[2025-04-14T00:06:50.244+0000] {subprocess.py:106} INFO - None
[2025-04-14T00:06:50.245+0000] {subprocess.py:106} INFO - Garrafa Térmica Stanley Aerolight Fast Flow Citron 1,1 Litros - STANLEY PMI
[2025-04-14T00:06:50.245+0000] {subprocess.py:106} INFO - [R$ 379,05]
[2025-04-14T00:06:50.246+0000] {subprocess.py:106} INFO - None
[2025-04-14T00:06:50.247+0000] {subprocess.py:106} INFO - Garrafa stanley térmica aerolight fast flow 710ml matte black 08202-00
[2025-04-14T00:06:50.248+0000] {subprocess.py:106} INFO - [R$ 331,55]
[2025-04-14T00:06:50.248+0000] {subprocess.py:106} INFO - 5.0 (1)
[2025-04-14T00:06:50.249+0000] {subprocess.py:106} INFO - Garrafa Térmica STanley Aerolight Fast Flow 1,1L
[2025-04-14T00:06:50.250+0000] {subprocess.py:106} INFO - [R$ 376,10]
[2025-04-14T00:06:50.251+0000] {subprocess.py:106} INFO - None
[2025-04-14T00:06:50.252+0000] {subprocess.py:106} INFO - Garrafa Térmica Stanley Aerolight Fast Flow 710ml Verde Limão
[2025-04-14T00:06:50.252+0000] {subprocess.py:106} INFO - [R$ 274,34]
[2025-04-14T00:06:50.253+0000] {subprocess.py:106} INFO - None
[2025-04-14T00:06:50.256+0000] {subprocess.py:106} INFO - Garrafa Térmica Stanley Aerolight Fast Flow Branco Polar 710ML - STANLEY PMI
[2025-04-14T00:06:50.257+0000] {subprocess.py:106} INFO - [R$ 369,90]
[2025-04-14T00:06:50.258+0000] {subprocess.py:106} INFO - None
[2025-04-14T00:06:50.259+0000] {subprocess.py:106} INFO - Garrafa Térmica Aerolight Fast Flow Stanley Citron 710 Ml
[2025-04-14T00:06:50.259+0000] {subprocess.py:106} INFO - [R$ 365,00]
[2025-04-14T00:06:50.260+0000] {subprocess.py:106} INFO - None
[2025-04-14T00:06:50.261+0000] {subprocess.py:106} INFO - Garrafa Térmica Aerolight Fast Flow 1,1L
[2025-04-14T00:06:50.262+0000] {subprocess.py:106} INFO - [R$ 589,90]
[2025-04-14T00:06:50.263+0000] {subprocess.py:106} INFO - 5.0 (1)
[2025-04-14T00:06:50.264+0000] {subprocess.py:106} INFO - Garrafa Térmica Stanley Aerolight Fast Flow Citron 1,1 Litros - STANLEY PMI
[2025-04-14T00:06:50.264+0000] {subprocess.py:106} INFO - [R$ 489,00]
[2025-04-14T00:06:50.265+0000] {subprocess.py:106} INFO - None
[2025-04-14T00:06:50.266+0000] {subprocess.py:106} INFO - Garrafa Térmica Stanley Aerolight Fast Flow 0.7L Verde 08205
[2025-04-14T00:06:50.267+0000] {subprocess.py:106} INFO - [R$ 344,01]
[2025-04-14T00:06:50.268+0000] {subprocess.py:106} INFO - None
[2025-04-14T00:06:50.268+0000] {subprocess.py:106} INFO - Garrafa Térmico Aerolight Fast Flow 710 Ml Citron Stanley
[2025-04-14T00:06:50.269+0000] {subprocess.py:106} INFO - [R$ 336,66]
[2025-04-14T00:06:50.270+0000] {subprocess.py:106} INFO - None
[2025-04-14T00:06:50.271+0000] {subprocess.py:106} INFO - Garrafa Térmica Aerolight Fast Flow Polar 1,1L
[2025-04-14T00:06:50.271+0000] {subprocess.py:106} INFO - [R$ 479,99]
[2025-04-14T00:06:50.272+0000] {subprocess.py:106} INFO - None
[2025-04-14T00:06:50.273+0000] {subprocess.py:110} INFO - Command exited with return code 0
[2025-04-14T00:06:50.331+0000] {taskinstance.py:341} INFO - ::group::Post task execution logs
[2025-04-14T00:06:50.332+0000] {taskinstance.py:353} INFO - Marking task as SUCCESS. dag_id=pipeline_garrafa_stanley, task_id=scrap_magalu, run_id=manual__2025-04-14T00:06:39.303143+00:00, execution_date=20250414T000639, start_date=20250414T000643, end_date=20250414T000650
[2025-04-14T00:06:50.412+0000] {local_task_job_runner.py:266} INFO - Task exited with return code 0
[2025-04-14T00:06:50.457+0000] {taskinstance.py:3901} INFO - 1 downstream tasks scheduled from follow-on schedule check
[2025-04-14T00:06:50.461+0000] {local_task_job_runner.py:245} INFO - ::endgroup::
