[2025-04-14T20:24:40.598+0000] {local_task_job_runner.py:123} INFO - ::group::Pre task execution logs
[2025-04-14T20:24:40.710+0000] {taskinstance.py:2614} INFO - Dependencies all met for dep_context=non-requeueable deps ti=<TaskInstance: pipeline_garrafa_stanley.send_alert manual__2025-04-14T20:24:08.060506+00:00 [queued]>
[2025-04-14T20:24:40.742+0000] {taskinstance.py:2614} INFO - Dependencies all met for dep_context=requeueable deps ti=<TaskInstance: pipeline_garrafa_stanley.send_alert manual__2025-04-14T20:24:08.060506+00:00 [queued]>
[2025-04-14T20:24:40.746+0000] {taskinstance.py:2867} INFO - Starting attempt 1 of 1
[2025-04-14T20:24:40.786+0000] {taskinstance.py:2890} INFO - Executing <Task(PythonOperator): send_alert> on 2025-04-14 20:24:08.060506+00:00
[2025-04-14T20:24:40.808+0000] {warnings.py:112} WARNING - /home/***/.local/lib/python3.12/site-packages/***/task/task_runner/standard_task_runner.py:70: DeprecationWarning: This process (pid=194) is multi-threaded, use of fork() may lead to deadlocks in the child.
  pid = os.fork()

[2025-04-14T20:24:40.816+0000] {standard_task_runner.py:72} INFO - Started process 196 to run task
[2025-04-14T20:24:40.814+0000] {standard_task_runner.py:104} INFO - Running: ['***', 'tasks', 'run', 'pipeline_garrafa_stanley', 'send_alert', 'manual__2025-04-14T20:24:08.060506+00:00', '--job-id', '85', '--raw', '--subdir', 'DAGS_FOLDER/pipeline.py', '--cfg-path', '/tmp/tmpqtj4kz5m']
[2025-04-14T20:24:40.842+0000] {standard_task_runner.py:105} INFO - Job 85: Subtask send_alert
[2025-04-14T20:24:41.064+0000] {task_command.py:467} INFO - Running <TaskInstance: pipeline_garrafa_stanley.send_alert manual__2025-04-14T20:24:08.060506+00:00 [running]> on host a68e7f38875d
[2025-04-14T20:24:41.391+0000] {taskinstance.py:3134} INFO - Exporting env vars: AIRFLOW_CTX_DAG_OWNER='***' AIRFLOW_CTX_DAG_ID='pipeline_garrafa_stanley' AIRFLOW_CTX_TASK_ID='send_alert' AIRFLOW_CTX_EXECUTION_DATE='2025-04-14T20:24:08.060506+00:00' AIRFLOW_CTX_TRY_NUMBER='1' AIRFLOW_CTX_DAG_RUN_ID='manual__2025-04-14T20:24:08.060506+00:00'
[2025-04-14T20:24:41.393+0000] {taskinstance.py:732} INFO - ::endgroup::
[2025-04-14T20:24:44.354+0000] {logging_mixin.py:190} INFO - Mensagem enviada!
[2025-04-14T20:24:44.356+0000] {python.py:240} INFO - Done. Returned value was: None
[2025-04-14T20:24:44.402+0000] {taskinstance.py:341} INFO - ::group::Post task execution logs
[2025-04-14T20:24:44.404+0000] {taskinstance.py:353} INFO - Marking task as SUCCESS. dag_id=pipeline_garrafa_stanley, task_id=send_alert, run_id=manual__2025-04-14T20:24:08.060506+00:00, execution_date=20250414T202408, start_date=20250414T202440, end_date=20250414T202444
[2025-04-14T20:24:44.522+0000] {local_task_job_runner.py:266} INFO - Task exited with return code 0
[2025-04-14T20:24:44.571+0000] {taskinstance.py:3901} INFO - 0 downstream tasks scheduled from follow-on schedule check
[2025-04-14T20:24:44.574+0000] {local_task_job_runner.py:245} INFO - ::endgroup::
