[2025-04-15T00:45:27.625+0000] {local_task_job_runner.py:123} INFO - ::group::Pre task execution logs
[2025-04-15T00:45:27.713+0000] {taskinstance.py:2614} INFO - Dependencies all met for dep_context=non-requeueable deps ti=<TaskInstance: pipeline_garrafa_stanley.scrap_magalu manual__2025-04-15T00:45:23.709523+00:00 [queued]>
[2025-04-15T00:45:27.749+0000] {taskinstance.py:2614} INFO - Dependencies all met for dep_context=requeueable deps ti=<TaskInstance: pipeline_garrafa_stanley.scrap_magalu manual__2025-04-15T00:45:23.709523+00:00 [queued]>
[2025-04-15T00:45:27.751+0000] {taskinstance.py:2867} INFO - Starting attempt 1 of 1
[2025-04-15T00:45:27.813+0000] {taskinstance.py:2890} INFO - Executing <Task(BashOperator): scrap_magalu> on 2025-04-15 00:45:23.709523+00:00
[2025-04-15T00:45:27.845+0000] {warnings.py:112} WARNING - /home/***/.local/lib/python3.12/site-packages/***/task/task_runner/standard_task_runner.py:70: DeprecationWarning: This process (pid=4045) is multi-threaded, use of fork() may lead to deadlocks in the child.
  pid = os.fork()

[2025-04-15T00:45:27.860+0000] {standard_task_runner.py:72} INFO - Started process 4047 to run task
[2025-04-15T00:45:27.856+0000] {standard_task_runner.py:104} INFO - Running: ['***', 'tasks', 'run', 'pipeline_garrafa_stanley', 'scrap_magalu', 'manual__2025-04-15T00:45:23.709523+00:00', '--job-id', '132', '--raw', '--subdir', 'DAGS_FOLDER/pipeline.py', '--cfg-path', '/tmp/tmpmbrh2sy2']
[2025-04-15T00:45:27.881+0000] {standard_task_runner.py:105} INFO - Job 132: Subtask scrap_magalu
[2025-04-15T00:45:28.111+0000] {task_command.py:467} INFO - Running <TaskInstance: pipeline_garrafa_stanley.scrap_magalu manual__2025-04-15T00:45:23.709523+00:00 [running]> on host a68e7f38875d
[2025-04-15T00:45:28.507+0000] {taskinstance.py:3134} INFO - Exporting env vars: AIRFLOW_CTX_DAG_OWNER='Mário Kojima' AIRFLOW_CTX_DAG_ID='pipeline_garrafa_stanley' AIRFLOW_CTX_TASK_ID='scrap_magalu' AIRFLOW_CTX_EXECUTION_DATE='2025-04-15T00:45:23.709523+00:00' AIRFLOW_CTX_TRY_NUMBER='1' AIRFLOW_CTX_DAG_RUN_ID='manual__2025-04-15T00:45:23.709523+00:00'
[2025-04-15T00:45:28.510+0000] {taskinstance.py:732} INFO - ::endgroup::
[2025-04-15T00:45:28.548+0000] {subprocess.py:78} INFO - Tmp dir root location: /tmp
[2025-04-15T00:45:28.551+0000] {subprocess.py:88} INFO - Running command: ['/usr/bin/bash', '-c', 'scrapy runspider /opt/***/dags/scrap_magalu.py -O /opt/***/dags/scrap_result.csv']
[2025-04-15T00:45:28.575+0000] {subprocess.py:99} INFO - Output:
[2025-04-15T00:45:33.391+0000] {subprocess.py:106} INFO - 2025-04-15 00:45:33 [scrapy.utils.log] INFO: Scrapy 2.12.0 started (bot: scrapybot)
[2025-04-15T00:45:33.407+0000] {subprocess.py:106} INFO - 2025-04-15 00:45:33 [scrapy.utils.log] INFO: Versions: lxml 5.3.0.0, libxml2 2.12.9, cssselect 1.3.0, parsel 1.10.0, w3lib 2.3.1, Twisted 24.11.0, Python 3.12.9 (main, Feb  6 2025, 22:37:05) [GCC 12.2.0], pyOpenSSL 24.3.0 (OpenSSL 3.2.2 4 Jun 2024), cryptography 42.0.8, Platform Linux-5.10.76-linuxkit-x86_64-with-glibc2.36
[2025-04-15T00:45:33.422+0000] {subprocess.py:106} INFO - 2025-04-15 00:45:33 [scrapy.addons] INFO: Enabled addons:
[2025-04-15T00:45:33.425+0000] {subprocess.py:106} INFO - []
[2025-04-15T00:45:33.431+0000] {subprocess.py:106} INFO - 2025-04-15 00:45:33 [scrapy.utils.log] DEBUG: Using reactor: twisted.internet.epollreactor.EPollReactor
[2025-04-15T00:45:33.439+0000] {subprocess.py:106} INFO - 2025-04-15 00:45:33 [scrapy.extensions.telnet] INFO: Telnet Password: 1d46d9fe72d5b747
[2025-04-15T00:45:33.662+0000] {subprocess.py:106} INFO - 2025-04-15 00:45:33 [scrapy.middleware] INFO: Enabled extensions:
[2025-04-15T00:45:33.665+0000] {subprocess.py:106} INFO - ['scrapy.extensions.corestats.CoreStats',
[2025-04-15T00:45:33.668+0000] {subprocess.py:106} INFO -  'scrapy.extensions.telnet.TelnetConsole',
[2025-04-15T00:45:33.671+0000] {subprocess.py:106} INFO -  'scrapy.extensions.memusage.MemoryUsage',
[2025-04-15T00:45:33.675+0000] {subprocess.py:106} INFO -  'scrapy.extensions.feedexport.FeedExporter',
[2025-04-15T00:45:33.678+0000] {subprocess.py:106} INFO -  'scrapy.extensions.logstats.LogStats']
[2025-04-15T00:45:33.682+0000] {subprocess.py:106} INFO - 2025-04-15 00:45:33 [scrapy.crawler] INFO: Overridden settings:
[2025-04-15T00:45:33.685+0000] {subprocess.py:106} INFO - {'SPIDER_LOADER_WARN_ONLY': True,
[2025-04-15T00:45:33.688+0000] {subprocess.py:106} INFO -  'USER_AGENT': 'Mozilla/5.0 (X11; Linux x86_64) AppleWebKit/537.36 (KHTML, '
[2025-04-15T00:45:33.691+0000] {subprocess.py:106} INFO -                'like Gecko) Chrome/51.0.2704.103 Safari/537.36'}
[2025-04-15T00:45:34.108+0000] {subprocess.py:106} INFO - 2025-04-15 00:45:34 [scrapy.middleware] INFO: Enabled downloader middlewares:
[2025-04-15T00:45:34.111+0000] {subprocess.py:106} INFO - ['scrapy.downloadermiddlewares.offsite.OffsiteMiddleware',
[2025-04-15T00:45:34.114+0000] {subprocess.py:106} INFO -  'scrapy.downloadermiddlewares.httpauth.HttpAuthMiddleware',
[2025-04-15T00:45:34.116+0000] {subprocess.py:106} INFO -  'scrapy.downloadermiddlewares.downloadtimeout.DownloadTimeoutMiddleware',
[2025-04-15T00:45:34.118+0000] {subprocess.py:106} INFO -  'scrapy.downloadermiddlewares.defaultheaders.DefaultHeadersMiddleware',
[2025-04-15T00:45:34.120+0000] {subprocess.py:106} INFO -  'scrapy.downloadermiddlewares.useragent.UserAgentMiddleware',
[2025-04-15T00:45:34.122+0000] {subprocess.py:106} INFO -  'scrapy.downloadermiddlewares.retry.RetryMiddleware',
[2025-04-15T00:45:34.124+0000] {subprocess.py:106} INFO -  'scrapy.downloadermiddlewares.redirect.MetaRefreshMiddleware',
[2025-04-15T00:45:34.126+0000] {subprocess.py:106} INFO -  'scrapy.downloadermiddlewares.httpcompression.HttpCompressionMiddleware',
[2025-04-15T00:45:34.129+0000] {subprocess.py:106} INFO -  'scrapy.downloadermiddlewares.redirect.RedirectMiddleware',
[2025-04-15T00:45:34.131+0000] {subprocess.py:106} INFO -  'scrapy.downloadermiddlewares.cookies.CookiesMiddleware',
[2025-04-15T00:45:34.133+0000] {subprocess.py:106} INFO -  'scrapy.downloadermiddlewares.httpproxy.HttpProxyMiddleware',
[2025-04-15T00:45:34.135+0000] {subprocess.py:106} INFO -  'scrapy.downloadermiddlewares.stats.DownloaderStats']
[2025-04-15T00:45:34.137+0000] {subprocess.py:106} INFO - 2025-04-15 00:45:34 [scrapy.middleware] INFO: Enabled spider middlewares:
[2025-04-15T00:45:34.139+0000] {subprocess.py:106} INFO - ['scrapy.spidermiddlewares.httperror.HttpErrorMiddleware',
[2025-04-15T00:45:34.141+0000] {subprocess.py:106} INFO -  'scrapy.spidermiddlewares.referer.RefererMiddleware',
[2025-04-15T00:45:34.144+0000] {subprocess.py:106} INFO -  'scrapy.spidermiddlewares.urllength.UrlLengthMiddleware',
[2025-04-15T00:45:34.153+0000] {subprocess.py:106} INFO -  'scrapy.spidermiddlewares.depth.DepthMiddleware']
[2025-04-15T00:45:34.157+0000] {subprocess.py:106} INFO - 2025-04-15 00:45:34 [scrapy.middleware] INFO: Enabled item pipelines:
[2025-04-15T00:45:34.159+0000] {subprocess.py:106} INFO - []
[2025-04-15T00:45:34.162+0000] {subprocess.py:106} INFO - 2025-04-15 00:45:34 [scrapy.core.engine] INFO: Spider opened
[2025-04-15T00:45:34.164+0000] {subprocess.py:106} INFO - 2025-04-15 00:45:34 [scrapy.extensions.logstats] INFO: Crawled 0 pages (at 0 pages/min), scraped 0 items (at 0 items/min)
[2025-04-15T00:45:34.166+0000] {subprocess.py:106} INFO - 2025-04-15 00:45:34 [scrapy.extensions.telnet] INFO: Telnet console listening on 127.0.0.1:6023
[2025-04-15T00:45:36.966+0000] {subprocess.py:106} INFO - 2025-04-15 00:45:36 [scrapy.core.engine] DEBUG: Crawled (200) <GET https://www.magazineluiza.com.br/busca/garrafa+stanley+aerolight+fast+flow/?page=1> (referer: None)
[2025-04-15T00:45:38.760+0000] {subprocess.py:106} INFO - 2025-04-15 00:45:38 [scrapy.core.engine] DEBUG: Crawled (200) <GET https://www.magazineluiza.com.br/busca/garrafa+stanley+aerolight+fast+flow/?page=1?page=2> (referer: https://www.magazineluiza.com.br/busca/garrafa+stanley+aerolight+fast+flow/?page=1)
[2025-04-15T00:45:38.904+0000] {subprocess.py:106} INFO - 2025-04-15 00:45:38 [scrapy.core.scraper] DEBUG: Scraped from <200 https://www.magazineluiza.com.br/busca/garrafa+stanley+aerolight+fast+flow/?page=1?page=2>
[2025-04-15T00:45:38.907+0000] {subprocess.py:106} INFO - {'title': 'GARRAFA STANLEY AEROLIGHT FAST FLOW 1.1Lt ORIGINAL TODAS AS CORES', 'price': 'R$\xa0332,00', 'review': '4.2 (6)', 'store': 'Magazine Luiza'}
[2025-04-15T00:45:38.912+0000] {subprocess.py:106} INFO - 2025-04-15 00:45:38 [scrapy.core.scraper] DEBUG: Scraped from <200 https://www.magazineluiza.com.br/busca/garrafa+stanley+aerolight+fast+flow/?page=1?page=2>
[2025-04-15T00:45:38.926+0000] {subprocess.py:106} INFO - {'title': 'Garrafa stanley aerolight fast flow 710ml original todas as cores', 'price': 'R$\xa0304,10', 'review': '5.0 (1)', 'store': 'Magazine Luiza'}
[2025-04-15T00:45:38.929+0000] {subprocess.py:106} INFO - 2025-04-15 00:45:38 [scrapy.core.scraper] DEBUG: Scraped from <200 https://www.magazineluiza.com.br/busca/garrafa+stanley+aerolight+fast+flow/?page=1?page=2>
[2025-04-15T00:45:38.931+0000] {subprocess.py:106} INFO - {'title': 'Garrafa Térmica Aerolight Stanley Fast Flow 710ml - Matte Black', 'price': 'R$\xa0287,37', 'review': '5.0 (1)', 'store': 'Magazine Luiza'}
[2025-04-15T00:45:38.933+0000] {subprocess.py:106} INFO - 2025-04-15 00:45:38 [scrapy.core.scraper] DEBUG: Scraped from <200 https://www.magazineluiza.com.br/busca/garrafa+stanley+aerolight+fast+flow/?page=1?page=2>
[2025-04-15T00:45:38.935+0000] {subprocess.py:106} INFO - {'title': 'Garrafa Térmica Stanley Aerolight Fast Flow Lavender 710ML - STANLEY PMI', 'price': 'R$\xa0289,97', 'review': None, 'store': 'Magazine Luiza'}
[2025-04-15T00:45:38.936+0000] {subprocess.py:106} INFO - 2025-04-15 00:45:38 [scrapy.core.scraper] DEBUG: Scraped from <200 https://www.magazineluiza.com.br/busca/garrafa+stanley+aerolight+fast+flow/?page=1?page=2>
[2025-04-15T00:45:38.938+0000] {subprocess.py:106} INFO - {'title': 'Stanley Garrafa Térmica Aerolight Original Fast Flow Branco Polar 710ml', 'price': 'R$\xa0332,10', 'review': None, 'store': 'Magazine Luiza'}
[2025-04-15T00:45:38.940+0000] {subprocess.py:106} INFO - 2025-04-15 00:45:38 [scrapy.core.scraper] DEBUG: Scraped from <200 https://www.magazineluiza.com.br/busca/garrafa+stanley+aerolight+fast+flow/?page=1?page=2>
[2025-04-15T00:45:38.942+0000] {subprocess.py:106} INFO - {'title': 'Garrafa Térmica Aerolight Stanley Fast Flow 1,1L - Tigerlily', 'price': 'R$\xa0315,27', 'review': '5.0 (1)', 'store': 'Magazine Luiza'}
[2025-04-15T00:45:38.943+0000] {subprocess.py:106} INFO - 2025-04-15 00:45:38 [scrapy.core.scraper] DEBUG: Scraped from <200 https://www.magazineluiza.com.br/busca/garrafa+stanley+aerolight+fast+flow/?page=1?page=2>
[2025-04-15T00:45:38.945+0000] {subprocess.py:106} INFO - {'title': 'Garrafa Térmica Stanley Aerolight Fast Flow 1.1L Pink', 'price': 'R$\xa0289,23', 'review': None, 'store': 'Magazine Luiza'}
[2025-04-15T00:45:38.948+0000] {subprocess.py:106} INFO - 2025-04-15 00:45:38 [scrapy.core.scraper] DEBUG: Scraped from <200 https://www.magazineluiza.com.br/busca/garrafa+stanley+aerolight+fast+flow/?page=1?page=2>
[2025-04-15T00:45:38.950+0000] {subprocess.py:106} INFO - {'title': 'Garrafa Térmica Aerolight Fast Flow Matte Black 1,1L Stanley', 'price': 'R$\xa0351,23', 'review': '4.2 (6)', 'store': 'Magazine Luiza'}
[2025-04-15T00:45:38.952+0000] {subprocess.py:106} INFO - 2025-04-15 00:45:38 [scrapy.core.scraper] DEBUG: Scraped from <200 https://www.magazineluiza.com.br/busca/garrafa+stanley+aerolight+fast+flow/?page=1?page=2>
[2025-04-15T00:45:38.954+0000] {subprocess.py:106} INFO - {'title': 'Garrafa Térmica Aerolight Stanley Fast Flow 710ml - Lavender', 'price': 'R$\xa0287,37', 'review': None, 'store': 'Magazine Luiza'}
[2025-04-15T00:45:38.957+0000] {subprocess.py:106} INFO - 2025-04-15 00:45:38 [scrapy.core.scraper] DEBUG: Scraped from <200 https://www.magazineluiza.com.br/busca/garrafa+stanley+aerolight+fast+flow/?page=1?page=2>
[2025-04-15T00:45:38.959+0000] {subprocess.py:106} INFO - {'title': 'Garrafa Térmica Stanley Aerolight Fast Flow Branco Polar 1,1 Litros', 'price': 'R$\xa0299,46', 'review': None, 'store': 'Magazine Luiza'}
[2025-04-15T00:45:38.962+0000] {subprocess.py:106} INFO - 2025-04-15 00:45:38 [scrapy.core.scraper] DEBUG: Scraped from <200 https://www.magazineluiza.com.br/busca/garrafa+stanley+aerolight+fast+flow/?page=1?page=2>
[2025-04-15T00:45:38.966+0000] {subprocess.py:106} INFO - {'title': 'Garrafa Térmica Aerolight Stanley Fast Flow 1,1L - Citron', 'price': 'R$\xa0315,27', 'review': None, 'store': 'Magazine Luiza'}
[2025-04-15T00:45:38.969+0000] {subprocess.py:106} INFO - 2025-04-15 00:45:38 [scrapy.core.scraper] DEBUG: Scraped from <200 https://www.magazineluiza.com.br/busca/garrafa+stanley+aerolight+fast+flow/?page=1?page=2>
[2025-04-15T00:45:38.974+0000] {subprocess.py:106} INFO - {'title': 'Garrafa Térmica Aerolight Stanley Fast Flow 1,1L - Polar', 'price': 'R$\xa0315,27', 'review': None, 'store': 'Magazine Luiza'}
[2025-04-15T00:45:38.977+0000] {subprocess.py:106} INFO - 2025-04-15 00:45:38 [scrapy.core.scraper] DEBUG: Scraped from <200 https://www.magazineluiza.com.br/busca/garrafa+stanley+aerolight+fast+flow/?page=1?page=2>
[2025-04-15T00:45:38.982+0000] {subprocess.py:106} INFO - {'title': 'Garrafa Térmica Stanley Aerolight Fast Flow Citron 710ML', 'price': 'R$\xa0272,49', 'review': None, 'store': 'Magazine Luiza'}
[2025-04-15T00:45:38.986+0000] {subprocess.py:106} INFO - 2025-04-15 00:45:38 [scrapy.core.scraper] DEBUG: Scraped from <200 https://www.magazineluiza.com.br/busca/garrafa+stanley+aerolight+fast+flow/?page=1?page=2>
[2025-04-15T00:45:38.990+0000] {subprocess.py:106} INFO - {'title': 'Garrafa Térmica Stanley Aerolight Fast Flow Original Laranja Tigerlily 1,1 L', 'price': 'R$\xa0379,00', 'review': '5.0 (1)', 'store': 'Magazine Luiza'}
[2025-04-15T00:45:38.993+0000] {subprocess.py:106} INFO - 2025-04-15 00:45:38 [scrapy.core.scraper] DEBUG: Scraped from <200 https://www.magazineluiza.com.br/busca/garrafa+stanley+aerolight+fast+flow/?page=1?page=2>
[2025-04-15T00:45:38.997+0000] {subprocess.py:106} INFO - {'title': 'Garrafa Térmica Aerolight Laranja Fast Flow Tigerlily 1,1L Stanley', 'price': 'R$\xa0344,01', 'review': '5.0 (1)', 'store': 'Magazine Luiza'}
[2025-04-15T00:45:39.002+0000] {subprocess.py:106} INFO - 2025-04-15 00:45:38 [scrapy.core.scraper] DEBUG: Scraped from <200 https://www.magazineluiza.com.br/busca/garrafa+stanley+aerolight+fast+flow/?page=1?page=2>
[2025-04-15T00:45:39.006+0000] {subprocess.py:106} INFO - {'title': 'Garrafa stanley térmica aerolight fast flow em aço inox 710ml lavender 08241-00', 'price': 'R$\xa0324,57', 'review': None, 'store': 'Magazine Luiza'}
[2025-04-15T00:45:39.009+0000] {subprocess.py:106} INFO - 2025-04-15 00:45:38 [scrapy.core.scraper] DEBUG: Scraped from <200 https://www.magazineluiza.com.br/busca/garrafa+stanley+aerolight+fast+flow/?page=1?page=2>
[2025-04-15T00:45:39.014+0000] {subprocess.py:106} INFO - {'title': 'Garrafa stanley térmica aerolight fast flow 1,1 litros laranja tigerlily 08242-00', 'price': 'R$\xa0343,17', 'review': '5.0 (1)', 'store': 'Magazine Luiza'}
[2025-04-15T00:45:39.018+0000] {subprocess.py:106} INFO - 2025-04-15 00:45:38 [scrapy.core.scraper] DEBUG: Scraped from <200 https://www.magazineluiza.com.br/busca/garrafa+stanley+aerolight+fast+flow/?page=1?page=2>
[2025-04-15T00:45:39.022+0000] {subprocess.py:106} INFO - {'title': 'Garrafa Térmica Stanley Aerolight Fast Flow 710ml Rosa Claro', 'price': 'R$\xa0268,57', 'review': None, 'store': 'Magazine Luiza'}
[2025-04-15T00:45:39.025+0000] {subprocess.py:106} INFO - 2025-04-15 00:45:38 [scrapy.core.scraper] DEBUG: Scraped from <200 https://www.magazineluiza.com.br/busca/garrafa+stanley+aerolight+fast+flow/?page=1?page=2>
[2025-04-15T00:45:39.028+0000] {subprocess.py:106} INFO - {'title': 'Garrafa Térmica Stanley Aerolight Fast Flow 1.1L Verde Água', 'price': 'R$\xa0289,23', 'review': None, 'store': 'Magazine Luiza'}
[2025-04-15T00:45:39.030+0000] {subprocess.py:106} INFO - 2025-04-15 00:45:38 [scrapy.core.scraper] DEBUG: Scraped from <200 https://www.magazineluiza.com.br/busca/garrafa+stanley+aerolight+fast+flow/?page=1?page=2>
[2025-04-15T00:45:39.032+0000] {subprocess.py:106} INFO - {'title': 'Garrafa Térmica Stanley Aerolight Fast Flow Branco Polar 1,1 Litros - STANLEY PMI', 'price': 'R$\xa0399,00', 'review': None, 'store': 'Magazine Luiza'}
[2025-04-15T00:45:39.035+0000] {subprocess.py:106} INFO - 2025-04-15 00:45:38 [scrapy.core.scraper] DEBUG: Scraped from <200 https://www.magazineluiza.com.br/busca/garrafa+stanley+aerolight+fast+flow/?page=1?page=2>
[2025-04-15T00:45:39.038+0000] {subprocess.py:106} INFO - {'title': 'Garrafa Térmica Stanley Aerolight Fast Flow Matte Black 710ML - STANLEY PMI', 'price': 'R$\xa0365,00', 'review': '5.0 (1)', 'store': 'Magazine Luiza'}
[2025-04-15T00:45:39.040+0000] {subprocess.py:106} INFO - 2025-04-15 00:45:38 [scrapy.core.scraper] DEBUG: Scraped from <200 https://www.magazineluiza.com.br/busca/garrafa+stanley+aerolight+fast+flow/?page=1?page=2>
[2025-04-15T00:45:39.041+0000] {subprocess.py:106} INFO - {'title': 'Garrafa stanley térmica aerolight fast flow em aço inox 710ml laranja tigerlily 08204-00', 'price': 'R$\xa0324,57', 'review': None, 'store': 'Magazine Luiza'}
[2025-04-15T00:45:39.043+0000] {subprocess.py:106} INFO - 2025-04-15 00:45:38 [scrapy.core.scraper] DEBUG: Scraped from <200 https://www.magazineluiza.com.br/busca/garrafa+stanley+aerolight+fast+flow/?page=1?page=2>
[2025-04-15T00:45:39.046+0000] {subprocess.py:106} INFO - {'title': 'Garrafa stanley térmica aerolight fast flow em aço inox 710ml vivid violet 08405-00', 'price': 'R$\xa0324,57', 'review': None, 'store': 'Magazine Luiza'}
[2025-04-15T00:45:39.050+0000] {subprocess.py:106} INFO - **************************************************
[2025-04-15T00:45:39.053+0000] {subprocess.py:106} INFO - 2
[2025-04-15T00:45:39.055+0000] {subprocess.py:106} INFO - **************************************************
[2025-04-15T00:45:39.057+0000] {subprocess.py:106} INFO - https://www.magazineluiza.com.br/busca/garrafa+stanley+aerolight+fast+flow/?page=1?page=2
[2025-04-15T00:45:39.060+0000] {subprocess.py:106} INFO - blocos
[2025-04-15T00:45:39.062+0000] {subprocess.py:106} INFO - [<Selector query='//div[@data-testid="product-list"]//li' data='<li class="sc-hwhrDX ghzctf"><a href=...'>, <Selector query='//div[@data-testid="product-list"]//li' data='<li class="sc-hwhrDX ghzctf"><a href=...'>, <Selector query='//div[@data-testid="product-list"]//li' data='<li class="sc-hwhrDX ghzctf"><a href=...'>, <Selector query='//div[@data-testid="product-list"]//li' data='<li class="sc-hwhrDX ghzctf"><a href=...'>, <Selector query='//div[@data-testid="product-list"]//li' data='<li class="sc-hwhrDX ghzctf"><a href=...'>, <Selector query='//div[@data-testid="product-list"]//li' data='<li class="sc-hwhrDX ghzctf"><a href=...'>, <Selector query='//div[@data-testid="product-list"]//li' data='<li class="sc-hwhrDX ghzctf"><a href=...'>, <Selector query='//div[@data-testid="product-list"]//li' data='<li class="sc-hwhrDX ghzctf"><a href=...'>, <Selector query='//div[@data-testid="product-list"]//li' data='<li class="sc-hwhrDX ghzctf"><a href=...'>, <Selector query='//div[@data-testid="product-list"]//li' data='<li class="sc-hwhrDX ghzctf"><a href=...'>, <Selector query='//div[@data-testid="product-list"]//li' data='<li class="sc-hwhrDX ghzctf"><a href=...'>, <Selector query='//div[@data-testid="product-list"]//li' data='<li class="sc-hwhrDX ghzctf"><a href=...'>, <Selector query='//div[@data-testid="product-list"]//li' data='<li class="sc-hwhrDX ghzctf"><a href=...'>, <Selector query='//div[@data-testid="product-list"]//li' data='<li class="sc-hwhrDX ghzctf"><a href=...'>, <Selector query='//div[@data-testid="product-list"]//li' data='<li class="sc-hwhrDX ghzctf"><a href=...'>, <Selector query='//div[@data-testid="product-list"]//li' data='<li class="sc-hwhrDX ghzctf"><a href=...'>, <Selector query='//div[@data-testid="product-list"]//li' data='<li class="sc-hwhrDX ghzctf"><a href=...'>, <Selector query='//div[@data-testid="product-list"]//li' data='<li class="sc-hwhrDX ghzctf"><a href=...'>, <Selector query='//div[@data-testid="product-list"]//li' data='<li class="sc-hwhrDX ghzctf"><a href=...'>, <Selector query='//div[@data-testid="product-list"]//li' data='<li class="sc-hwhrDX ghzctf"><a href=...'>, <Selector query='//div[@data-testid="product-list"]//li' data='<li class="sc-hwhrDX ghzctf"><a href=...'>, <Selector query='//div[@data-testid="product-list"]//li' data='<li class="sc-hwhrDX ghzctf"><a href=...'>, <Selector query='//div[@data-testid="product-list"]//li' data='<li class="sc-hwhrDX ghzctf"><a href=...'>, <Selector query='//div[@data-testid="product-list"]//li' data='<li class="sc-hwhrDX ghzctf"><a href=...'>, <Selector query='//div[@data-testid="product-list"]//li' data='<li class="sc-hwhrDX ghzctf"><a href=...'>, <Selector query='//div[@data-testid="product-list"]//li' data='<li class="sc-hwhrDX ghzctf"><a href=...'>, <Selector query='//div[@data-testid="product-list"]//li' data='<li class="sc-hwhrDX ghzctf"><a href=...'>, <Selector query='//div[@data-testid="product-list"]//li' data='<li class="sc-hwhrDX ghzctf"><a href=...'>, <Selector query='//div[@data-testid="product-list"]//li' data='<li class="sc-hwhrDX ghzctf"><a href=...'>, <Selector query='//div[@data-testid="product-list"]//li' data='<li class="sc-hwhrDX ghzctf"><a href=...'>, <Selector query='//div[@data-testid="product-list"]//li' data='<li class="sc-hwhrDX ghzctf"><a href=...'>, <Selector query='//div[@data-testid="product-list"]//li' data='<li class="sc-hwhrDX ghzctf"><a href=...'>, <Selector query='//div[@data-testid="product-list"]//li' data='<li class="sc-hwhrDX ghzctf"><a href=...'>, <Selector query='//div[@data-testid="product-list"]//li' data='<li class="sc-hwhrDX ghzctf"><a href=...'>, <Selector query='//div[@data-testid="product-list"]//li' data='<li class="sc-hwhrDX ghzctf"><a href=...'>, <Selector query='//div[@data-testid="product-list"]//li' data='<li class="sc-hwhrDX ghzctf"><a href=...'>, <Selector query='//div[@data-testid="product-list"]//li' data='<li class="sc-hwhrDX ghzctf"><a href=...'>, <Selector query='//div[@data-testid="product-list"]//li' data='<li class="sc-hwhrDX ghzctf"><a href=...'>, <Selector query='//div[@data-testid="product-list"]//li' data='<li class="sc-hwhrDX ghzctf"><a href=...'>, <Selector query='//div[@data-testid="product-list"]//li' data='<li class="sc-hwhrDX ghzctf"><a href=...'>, <Selector query='//div[@data-testid="product-list"]//li' data='<li class="sc-hwhrDX ghzctf"><a href=...'>, <Selector query='//div[@data-testid="product-list"]//li' data='<li class="sc-hwhrDX ghzctf"><a href=...'>, <Selector query='//div[@data-testid="product-list"]//li' data='<li class="sc-hwhrDX ghzctf"><a href=...'>, <Selector query='//div[@data-testid="product-list"]//li' data='<li class="sc-hwhrDX ghzctf"><a href=...'>, <Selector query='//div[@data-testid="product-list"]//li' data='<li class="sc-hwhrDX ghzctf"><a href=...'>, <Selector query='//div[@data-testid="product-list"]//li' data='<li class="sc-hwhrDX ghzctf"><a href=...'>, <Selector query='//div[@data-testid="product-list"]//li' data='<li class="sc-hwhrDX ghzctf"><a href=...'>, <Selector query='//div[@data-testid="product-list"]//li' data='<li class="sc-hwhrDX ghzctf"><a href=...'>, <Selector query='//div[@data-testid="product-list"]//li' data='<li class="sc-hwhrDX ghzctf"><a href=...'>, <Selector query='//div[@data-testid="product-list"]//li' data='<li class="sc-hwhrDX ghzctf"><a href=...'>, <Selector query='//div[@data-testid="product-list"]//li' data='<li class="sc-hwhrDX ghzctf"><a href=...'>, <Selector query='//div[@data-testid="product-list"]//li' data='<li class="sc-hwhrDX ghzctf"><a href=...'>, <Selector query='//div[@data-testid="product-list"]//li' data='<li class="sc-hwhrDX ghzctf"><a href=...'>, <Selector query='//div[@data-testid="product-list"]//li' data='<li class="sc-hwhrDX ghzctf"><a href=...'>, <Selector query='//div[@data-testid="product-list"]//li' data='<li class="sc-hwhrDX ghzctf"><a href=...'>]
[2025-04-15T00:45:39.066+0000] {subprocess.py:106} INFO - GARRAFA STANLEY AEROLIGHT FAST FLOW 1.1Lt ORIGINAL TODAS AS CORES
[2025-04-15T00:45:39.068+0000] {subprocess.py:106} INFO - [R$ 332,00]
[2025-04-15T00:45:39.070+0000] {subprocess.py:106} INFO - 4.2 (6)
[2025-04-15T00:45:39.072+0000] {subprocess.py:106} INFO - Garrafa stanley aerolight fast flow 710ml original todas as cores
[2025-04-15T00:45:39.075+0000] {subprocess.py:106} INFO - [R$ 304,10]
[2025-04-15T00:45:39.078+0000] {subprocess.py:106} INFO - 5.0 (1)
[2025-04-15T00:45:39.080+0000] {subprocess.py:106} INFO - Garrafa Térmica Aerolight Stanley Fast Flow 710ml - Matte Black
[2025-04-15T00:45:39.082+0000] {subprocess.py:106} INFO - [R$ 287,37]
[2025-04-15T00:45:39.084+0000] {subprocess.py:106} INFO - 5.0 (1)
[2025-04-15T00:45:39.086+0000] {subprocess.py:106} INFO - Garrafa Térmica Stanley Aerolight Fast Flow Lavender 710ML - STANLEY PMI
[2025-04-15T00:45:39.088+0000] {subprocess.py:106} INFO - [R$ 289,97]
[2025-04-15T00:45:39.089+0000] {subprocess.py:106} INFO - None
[2025-04-15T00:45:39.091+0000] {subprocess.py:106} INFO - Stanley Garrafa Térmica Aerolight Original Fast Flow Branco Polar 710ml
[2025-04-15T00:45:39.093+0000] {subprocess.py:106} INFO - [R$ 332,10]
[2025-04-15T00:45:39.095+0000] {subprocess.py:106} INFO - None
[2025-04-15T00:45:39.097+0000] {subprocess.py:106} INFO - Garrafa Térmica Aerolight Stanley Fast Flow 1,1L - Tigerlily
[2025-04-15T00:45:39.099+0000] {subprocess.py:106} INFO - [R$ 315,27]
[2025-04-15T00:45:39.102+0000] {subprocess.py:106} INFO - 5.0 (1)
[2025-04-15T00:45:39.104+0000] {subprocess.py:106} INFO - Garrafa Térmica Stanley Aerolight Fast Flow 1.1L Pink
[2025-04-15T00:45:39.107+0000] {subprocess.py:106} INFO - [R$ 289,23]
[2025-04-15T00:45:39.109+0000] {subprocess.py:106} INFO - None
[2025-04-15T00:45:39.111+0000] {subprocess.py:106} INFO - Garrafa Térmica Aerolight Fast Flow Matte Black 1,1L Stanley
[2025-04-15T00:45:39.113+0000] {subprocess.py:106} INFO - [R$ 351,23]
[2025-04-15T00:45:39.114+0000] {subprocess.py:106} INFO - 4.2 (6)
[2025-04-15T00:45:39.116+0000] {subprocess.py:106} INFO - Garrafa Térmica Aerolight Stanley Fast Flow 710ml - Lavender
[2025-04-15T00:45:39.120+0000] {subprocess.py:106} INFO - [R$ 287,37]
[2025-04-15T00:45:39.123+0000] {subprocess.py:106} INFO - None
[2025-04-15T00:45:39.126+0000] {subprocess.py:106} INFO - Garrafa Térmica Stanley Aerolight Fast Flow Branco Polar 1,1 Litros
[2025-04-15T00:45:39.129+0000] {subprocess.py:106} INFO - [R$ 299,46]
[2025-04-15T00:45:39.133+0000] {subprocess.py:106} INFO - None
[2025-04-15T00:45:39.135+0000] {subprocess.py:106} INFO - Garrafa Térmica Aerolight Stanley Fast Flow 1,1L - Citron
[2025-04-15T00:45:39.138+0000] {subprocess.py:106} INFO - [R$ 315,27]
[2025-04-15T00:45:39.139+0000] {subprocess.py:106} INFO - None
[2025-04-15T00:45:39.141+0000] {subprocess.py:106} INFO - Garrafa Térmica Aerolight Stanley Fast Flow 1,1L - Polar
[2025-04-15T00:45:39.143+0000] {subprocess.py:106} INFO - [R$ 315,27]
[2025-04-15T00:45:39.145+0000] {subprocess.py:106} INFO - None
[2025-04-15T00:45:39.148+0000] {subprocess.py:106} INFO - Garrafa Térmica Stanley Aerolight Fast Flow Citron 710ML
[2025-04-15T00:45:39.151+0000] {subprocess.py:106} INFO - [R$ 272,49]
[2025-04-15T00:45:39.154+0000] {subprocess.py:106} INFO - None
[2025-04-15T00:45:39.156+0000] {subprocess.py:106} INFO - Garrafa Térmica Stanley Aerolight Fast Flow Original Laranja Tigerlily 1,1 L
[2025-04-15T00:45:39.158+0000] {subprocess.py:106} INFO - [R$ 379,00]
[2025-04-15T00:45:39.160+0000] {subprocess.py:106} INFO - 5.0 (1)
[2025-04-15T00:45:39.163+0000] {subprocess.py:106} INFO - Garrafa Térmica Aerolight Laranja Fast Flow Tigerlily 1,1L Stanley
[2025-04-15T00:45:39.165+0000] {subprocess.py:106} INFO - [R$ 344,01]
[2025-04-15T00:45:39.168+0000] {subprocess.py:106} INFO - 5.0 (1)
[2025-04-15T00:45:39.170+0000] {subprocess.py:106} INFO - Garrafa stanley térmica aerolight fast flow em aço inox 710ml lavender 08241-00
[2025-04-15T00:45:39.172+0000] {subprocess.py:106} INFO - [R$ 324,57]
[2025-04-15T00:45:39.174+0000] {subprocess.py:106} INFO - None
[2025-04-15T00:45:39.176+0000] {subprocess.py:106} INFO - Garrafa stanley térmica aerolight fast flow 1,1 litros laranja tigerlily 08242-00
[2025-04-15T00:45:39.178+0000] {subprocess.py:106} INFO - [R$ 343,17]
[2025-04-15T00:45:39.180+0000] {subprocess.py:106} INFO - 5.0 (1)
[2025-04-15T00:45:39.183+0000] {subprocess.py:106} INFO - Garrafa Térmica Stanley Aerolight Fast Flow 710ml Rosa Claro
[2025-04-15T00:45:39.187+0000] {subprocess.py:106} INFO - [R$ 268,57]
[2025-04-15T00:45:39.189+0000] {subprocess.py:106} INFO - None
[2025-04-15T00:45:39.191+0000] {subprocess.py:106} INFO - Garrafa Térmica Stanley Aerolight Fast Flow 1.1L Verde Água
[2025-04-15T00:45:39.193+0000] {subprocess.py:106} INFO - [R$ 289,23]
[2025-04-15T00:45:39.195+0000] {subprocess.py:106} INFO - None
[2025-04-15T00:45:39.197+0000] {subprocess.py:106} INFO - Garrafa Térmica Stanley Aerolight Fast Flow Branco Polar 1,1 Litros - STANLEY PMI
[2025-04-15T00:45:39.200+0000] {subprocess.py:106} INFO - [R$ 399,00]
[2025-04-15T00:45:39.203+0000] {subprocess.py:106} INFO - None
[2025-04-15T00:45:39.205+0000] {subprocess.py:106} INFO - Garrafa Térmica Stanley Aerolight Fast Flow Matte Black 710ML - STANLEY PMI
[2025-04-15T00:45:39.207+0000] {subprocess.py:106} INFO - [R$ 365,00]
[2025-04-15T00:45:39.209+0000] {subprocess.py:106} INFO - 5.0 (1)
[2025-04-15T00:45:39.212+0000] {subprocess.py:106} INFO - Garrafa stanley térmica aerolight fast flow em aço inox 710ml laranja tigerlily 08204-00
[2025-04-15T00:45:39.214+0000] {subprocess.py:106} INFO - [R$ 324,57]
[2025-04-15T00:45:39.217+0000] {subprocess.py:106} INFO - None
[2025-04-15T00:45:39.219+0000] {subprocess.py:106} INFO - Garrafa stanley térmica aerolight fast flow em aço inox 710ml vivid violet 08405-00
[2025-04-15T00:45:39.221+0000] {subprocess.py:106} INFO - [R$ 324,57]
[2025-04-15T00:45:39.222+0000] {subprocess.py:106} INFO - None
[2025-04-15T00:45:39.225+0000] {subprocess.py:106} INFO - Garrafa Térmica Stanley Aerolight Fast Flow 710ml Lilás
[2025-04-15T00:45:39.227+0000] {subprocess.py:106} INFO - [R$ 268,57]2025-04-15 00:45:38 [scrapy.core.scraper] DEBUG: Scraped from <200 https://www.magazineluiza.com.br/busca/garrafa+stanley+aerolight+fast+flow/?page=1?page=2>
[2025-04-15T00:45:39.229+0000] {subprocess.py:106} INFO - {'title': 'Garrafa Térmica Stanley Aerolight Fast Flow 710ml Lilás', 'price': 'R$\xa0268,57', 'review': None, 'store': 'Magazine Luiza'}
[2025-04-15T00:45:39.232+0000] {subprocess.py:106} INFO - 2025-04-15 00:45:38 [scrapy.core.scraper] DEBUG: Scraped from <200 https://www.magazineluiza.com.br/busca/garrafa+stanley+aerolight+fast+flow/?page=1?page=2>
[2025-04-15T00:45:39.237+0000] {subprocess.py:106} INFO - {'title': 'Garrafa Térmica Stanley Aerolight Fast Flow Branco Polar 1,1 Litros - STANLEY PMI', 'price': 'R$\xa0385,90', 'review': None, 'store': 'Magazine Luiza'}
[2025-04-15T00:45:39.239+0000] {subprocess.py:106} INFO - 2025-04-15 00:45:38 [scrapy.core.scraper] DEBUG: Scraped from <200 https://www.magazineluiza.com.br/busca/garrafa+stanley+aerolight+fast+flow/?page=1?page=2>
[2025-04-15T00:45:39.242+0000] {subprocess.py:106} INFO - {'title': 'Garrafa Térmica Stanley Aerolight Fast Flow 710 ML Azul 0838', 'price': 'R$\xa0369,90', 'review': None, 'store': 'Magazine Luiza'}
[2025-04-15T00:45:39.244+0000] {subprocess.py:106} INFO - 2025-04-15 00:45:38 [scrapy.core.scraper] DEBUG: Scraped from <200 https://www.magazineluiza.com.br/busca/garrafa+stanley+aerolight+fast+flow/?page=1?page=2>
[2025-04-15T00:45:39.248+0000] {subprocess.py:106} INFO - {'title': 'Garrafa stanley térmica aerolight fast flow 1,1 litros branco polar 08207-00', 'price': 'R$\xa0343,17', 'review': None, 'store': 'Magazine Luiza'}
[2025-04-15T00:45:39.251+0000] {subprocess.py:106} INFO - 2025-04-15 00:45:38 [scrapy.core.scraper] DEBUG: Scraped from <200 https://www.magazineluiza.com.br/busca/garrafa+stanley+aerolight+fast+flow/?page=1?page=2>
[2025-04-15T00:45:39.256+0000] {subprocess.py:106} INFO - {'title': 'Garrafa Térmica Stanley Aerolight Fast Flow 710ml Azul Claro', 'price': 'R$\xa0268,57', 'review': None, 'store': 'Magazine Luiza'}
[2025-04-15T00:45:39.259+0000] {subprocess.py:106} INFO - 2025-04-15 00:45:38 [scrapy.core.scraper] DEBUG: Scraped from <200 https://www.magazineluiza.com.br/busca/garrafa+stanley+aerolight+fast+flow/?page=1?page=2>
[2025-04-15T00:45:39.262+0000] {subprocess.py:106} INFO - {'title': 'Garrafa termica stanley aerolight fast flow tigerlily 1,1l cod8208 cx6', 'price': 'R$\xa0434,37', 'review': '5.0 (1)', 'store': 'Magazine Luiza'}
[2025-04-15T00:45:39.266+0000] {subprocess.py:106} INFO - 2025-04-15 00:45:38 [scrapy.core.scraper] DEBUG: Scraped from <200 https://www.magazineluiza.com.br/busca/garrafa+stanley+aerolight+fast+flow/?page=1?page=2>
[2025-04-15T00:45:39.268+0000] {subprocess.py:106} INFO - {'title': 'Garrafa Térmica Stanley Aerolight Fast Flow Branco Polar 710', 'price': 'R$\xa0361,00', 'review': None, 'store': 'Magazine Luiza'}
[2025-04-15T00:45:39.270+0000] {subprocess.py:106} INFO - 2025-04-15 00:45:38 [scrapy.core.scraper] DEBUG: Scraped from <200 https://www.magazineluiza.com.br/busca/garrafa+stanley+aerolight+fast+flow/?page=1?page=2>
[2025-04-15T00:45:39.273+0000] {subprocess.py:106} INFO - {'title': 'Garrafa Térmica Stanley IceFlow Aerolight Fast Flow 700ml - Cinza', 'price': 'R$\xa0448,45', 'review': None, 'store': 'Magazine Luiza'}
[2025-04-15T00:45:39.275+0000] {subprocess.py:106} INFO - 2025-04-15 00:45:38 [scrapy.core.scraper] DEBUG: Scraped from <200 https://www.magazineluiza.com.br/busca/garrafa+stanley+aerolight+fast+flow/?page=1?page=2>
[2025-04-15T00:45:39.276+0000] {subprocess.py:106} INFO - {'title': 'Garrafa Térmica STanley Aerolight Fast Flow 1,1L', 'price': 'R$\xa0368,18', 'review': None, 'store': 'Magazine Luiza'}
[2025-04-15T00:45:39.280+0000] {subprocess.py:106} INFO - 2025-04-15 00:45:38 [scrapy.core.scraper] DEBUG: Scraped from <200 https://www.magazineluiza.com.br/busca/garrafa+stanley+aerolight+fast+flow/?page=1?page=2>
[2025-04-15T00:45:39.283+0000] {subprocess.py:106} INFO - {'title': 'Garrafa Térmica Stanley Aerolight Fast Flow Citron 1,1 Litros - STANLEY PMI', 'price': 'R$\xa0359,43', 'review': None, 'store': 'Magazine Luiza'}
[2025-04-15T00:45:39.285+0000] {subprocess.py:106} INFO - 2025-04-15 00:45:38 [scrapy.core.scraper] DEBUG: Scraped from <200 https://www.magazineluiza.com.br/busca/garrafa+stanley+aerolight+fast+flow/?page=1?page=2>
[2025-04-15T00:45:39.289+0000] {subprocess.py:106} INFO - {'title': 'Garrafa Térmica Aerolight Fast Flow 1,1L Polar Stanley', 'price': 'R$\xa0379,00', 'review': None, 'store': 'Magazine Luiza'}
[2025-04-15T00:45:39.291+0000] {subprocess.py:106} INFO - 2025-04-15 00:45:38 [scrapy.core.scraper] DEBUG: Scraped from <200 https://www.magazineluiza.com.br/busca/garrafa+stanley+aerolight+fast+flow/?page=1?page=2>
[2025-04-15T00:45:39.292+0000] {subprocess.py:106} INFO - {'title': 'Garrafa Térmica Aerolight Fast Flow Tigerlily 710ml Stanley', 'price': 'R$\xa0289,23', 'review': None, 'store': 'Magazine Luiza'}
[2025-04-15T00:45:39.299+0000] {subprocess.py:106} INFO - 2025-04-15 00:45:38 [scrapy.core.scraper] DEBUG: Scraped from <200 https://www.magazineluiza.com.br/busca/garrafa+stanley+aerolight+fast+flow/?page=1?page=2>
[2025-04-15T00:45:39.301+0000] {subprocess.py:106} INFO - {'title': 'Garrafa stanley térmica aerolight fast flow em aço inox 710ml azul tropical teal 08406-00', 'price': 'R$\xa0324,57', 'review': None, 'store': 'Magazine Luiza'}
[2025-04-15T00:45:39.305+0000] {subprocess.py:106} INFO - 2025-04-15 00:45:38 [scrapy.core.scraper] DEBUG: Scraped from <200 https://www.magazineluiza.com.br/busca/garrafa+stanley+aerolight+fast+flow/?page=1?page=2>
[2025-04-15T00:45:39.315+0000] {subprocess.py:106} INFO - {'title': 'Garrafa Térmica Stanley Aerolight Fast Flow Citron 1,1 Litros - STANLEY PMI', 'price': 'R$\xa0385,90', 'review': None, 'store': 'Magazine Luiza'}
[2025-04-15T00:45:39.324+0000] {subprocess.py:106} INFO - 2025-04-15 00:45:38 [scrapy.core.scraper] DEBUG: Scraped from <200 https://www.magazineluiza.com.br/busca/garrafa+stanley+aerolight+fast+flow/?page=1?page=2>
[2025-04-15T00:45:39.326+0000] {subprocess.py:106} INFO - {'title': 'Garrafa Térmica Stanley Aerolight Fast Flow 710ml Verde Água', 'price': 'R$\xa0268,57', 'review': None, 'store': 'Magazine Luiza'}
[2025-04-15T00:45:39.328+0000] {subprocess.py:106} INFO - 2025-04-15 00:45:38 [scrapy.core.scraper] DEBUG: Scraped from <200 https://www.magazineluiza.com.br/busca/garrafa+stanley+aerolight+fast+flow/?page=1?page=2>
[2025-04-15T00:45:39.336+0000] {subprocess.py:106} INFO - {'title': 'Garrafa Térmica Aerolight Fast Flow Stanley 710ML', 'price': 'R$\xa0359,91', 'review': None, 'store': 'Magazine Luiza'}
[2025-04-15T00:45:39.338+0000] {subprocess.py:106} INFO - 2025-04-15 00:45:38 [scrapy.core.scraper] DEBUG: Scraped from <200 https://www.magazineluiza.com.br/busca/garrafa+stanley+aerolight+fast+flow/?page=1?page=2>
[2025-04-15T00:45:39.339+0000] {subprocess.py:106} INFO - {'title': 'Garrafa Térmica Aerolight Fast Flow Polar 1,1L Stanley', 'price': 'R$\xa0351,23', 'review': None, 'store': 'Magazine Luiza'}
[2025-04-15T00:45:39.341+0000] {subprocess.py:106} INFO - 2025-04-15 00:45:38 [scrapy.core.scraper] DEBUG: Scraped from <200 https://www.magazineluiza.com.br/busca/garrafa+stanley+aerolight+fast+flow/?page=1?page=2>
[2025-04-15T00:45:39.343+0000] {subprocess.py:106} INFO - {'title': 'Garrafa Térmica Stanley Aerolight Fast Flow Citron 710ML - STANLEY PMI', 'price': 'R$\xa0419,90', 'review': None, 'store': 'Magazine Luiza'}
[2025-04-15T00:45:39.345+0000] {subprocess.py:106} INFO - 2025-04-15 00:45:38 [scrapy.core.scraper] DEBUG: Scraped from <200 https://www.magazineluiza.com.br/busca/garrafa+stanley+aerolight+fast+flow/?page=1?page=2>
[2025-04-15T00:45:39.348+0000] {subprocess.py:106} INFO - {'title': 'Garrafa Térmica Aerolight Fast Flow Heat Wave Passion Pink 710ML Stanley', 'price': 'R$\xa0306,81', 'review': None, 'store': 'Magazine Luiza'}
[2025-04-15T00:45:39.352+0000] {subprocess.py:106} INFO - 2025-04-15 00:45:38 [scrapy.core.scraper] DEBUG: Scraped from <200 https://www.magazineluiza.com.br/busca/garrafa+stanley+aerolight+fast+flow/?page=1?page=2>
[2025-04-15T00:45:39.354+0000] {subprocess.py:106} INFO - {'title': 'Garrafa stanley térmica aerolight fast flow em aço inox 710ml passion pink 08404-00', 'price': 'R$\xa0324,57', 'review': None, 'store': 'Magazine Luiza'}
[2025-04-15T00:45:39.357+0000] {subprocess.py:106} INFO - 2025-04-15 00:45:38 [scrapy.core.scraper] DEBUG: Scraped from <200 https://www.magazineluiza.com.br/busca/garrafa+stanley+aerolight+fast+flow/?page=1?page=2>
[2025-04-15T00:45:39.359+0000] {subprocess.py:106} INFO - {'title': 'Garrafa Térmica STanley Aerolight Fast Flow 1,1L', 'price': 'R$\xa0368,18', 'review': None, 'store': 'Magazine Luiza'}
[2025-04-15T00:45:39.363+0000] {subprocess.py:106} INFO - 2025-04-15 00:45:38 [scrapy.core.scraper] DEBUG: Scraped from <200 https://www.magazineluiza.com.br/busca/garrafa+stanley+aerolight+fast+flow/?page=1?page=2>
[2025-04-15T00:45:39.365+0000] {subprocess.py:106} INFO - {'title': 'Garrafa Térmica Stanley Aerolight Fast Flow Citron 1,1 Litros - STANLEY PMI', 'price': 'R$\xa0371,07', 'review': None, 'store': 'Magazine Luiza'}
[2025-04-15T00:45:39.368+0000] {subprocess.py:106} INFO - 2025-04-15 00:45:38 [scrapy.core.scraper] DEBUG: Scraped from <200 https://www.magazineluiza.com.br/busca/garrafa+stanley+aerolight+fast+flow/?page=1?page=2>
[2025-04-15T00:45:39.369+0000] {subprocess.py:106} INFO - {'title': 'Garrafa stanley térmica aerolight fast flow 710ml matte black 08202-00', 'price': 'R$\xa0324,57', 'review': '5.0 (1)', 'store': 'Magazine Luiza'}
[2025-04-15T00:45:39.371+0000] {subprocess.py:106} INFO - 2025-04-15 00:45:38 [scrapy.core.scraper] DEBUG: Scraped from <200 https://www.magazineluiza.com.br/busca/garrafa+stanley+aerolight+fast+flow/?page=1?page=2>
[2025-04-15T00:45:39.374+0000] {subprocess.py:106} INFO - {'title': 'Garrafa Térmica Stanley Aerolight Fast Flow 710ml Verde Limão', 'price': 'R$\xa0268,57', 'review': None, 'store': 'Magazine Luiza'}
[2025-04-15T00:45:39.375+0000] {subprocess.py:106} INFO - 2025-04-15 00:45:38 [scrapy.core.scraper] DEBUG: Scraped from <200 https://www.magazineluiza.com.br/busca/garrafa+stanley+aerolight+fast+flow/?page=1?page=2>
[2025-04-15T00:45:39.377+0000] {subprocess.py:106} INFO - {'title': 'Garrafa Térmica Stanley Aerolight Fast Flow Branco Polar 710ML - STANLEY PMI', 'price': 'R$\xa0369,90', 'review': None, 'store': 'Magazine Luiza'}
[2025-04-15T00:45:39.380+0000] {subprocess.py:106} INFO - 2025-04-15 00:45:38 [scrapy.core.scraper] DEBUG: Scraped from <200 https://www.magazineluiza.com.br/busca/garrafa+stanley+aerolight+fast+flow/?page=1?page=2>
[2025-04-15T00:45:39.383+0000] {subprocess.py:106} INFO - {'title': 'Garrafa Térmica Aerolight Fast Flow Stanley Citron 710 Ml', 'price': 'R$\xa0365,00', 'review': None, 'store': 'Magazine Luiza'}
[2025-04-15T00:45:39.385+0000] {subprocess.py:106} INFO - 2025-04-15 00:45:38 [scrapy.core.scraper] DEBUG: Scraped from <200 https://www.magazineluiza.com.br/busca/garrafa+stanley+aerolight+fast+flow/?page=1?page=2>
[2025-04-15T00:45:39.386+0000] {subprocess.py:106} INFO - {'title': 'Garrafa Térmica Stanley Aerolight Fast Flow Citron 1,1 Litros - STANLEY PMI', 'price': 'R$\xa0489,00', 'review': None, 'store': 'Magazine Luiza'}
[2025-04-15T00:45:39.388+0000] {subprocess.py:106} INFO - 2025-04-15 00:45:38 [scrapy.core.scraper] DEBUG: Scraped from <200 https://www.magazineluiza.com.br/busca/garrafa+stanley+aerolight+fast+flow/?page=1?page=2>
[2025-04-15T00:45:39.390+0000] {subprocess.py:106} INFO - {'title': 'Garrafa Térmica Stanley Aerolight Fast Flow 0.7L Verde 08205', 'price': 'R$\xa0344,01', 'review': None, 'store': 'Magazine Luiza'}
[2025-04-15T00:45:39.393+0000] {subprocess.py:106} INFO - 2025-04-15 00:45:38 [scrapy.core.scraper] DEBUG: Scraped from <200 https://www.magazineluiza.com.br/busca/garrafa+stanley+aerolight+fast+flow/?page=1?page=2>
[2025-04-15T00:45:39.394+0000] {subprocess.py:106} INFO - {'title': 'Garrafa Térmico Aerolight Fast Flow 710 Ml Citron Stanley', 'price': 'R$\xa0329,57', 'review': None, 'store': 'Magazine Luiza'}
[2025-04-15T00:45:39.396+0000] {subprocess.py:106} INFO - 2025-04-15 00:45:38 [scrapy.core.scraper] DEBUG: Scraped from <200 https://www.magazineluiza.com.br/busca/garrafa+stanley+aerolight+fast+flow/?page=1?page=2>
[2025-04-15T00:45:39.399+0000] {subprocess.py:106} INFO - {'title': 'Garrafa Térmica Aerolight Fast Flow Polar 1,1L', 'price': 'R$\xa0479,99', 'review': None, 'store': 'Magazine Luiza'}
[2025-04-15T00:45:39.401+0000] {subprocess.py:106} INFO - 2025-04-15 00:45:38 [scrapy.core.scraper] DEBUG: Scraped from <200 https://www.magazineluiza.com.br/busca/garrafa+stanley+aerolight+fast+flow/?page=1?page=2>
[2025-04-15T00:45:39.404+0000] {subprocess.py:106} INFO - {'title': 'Garrafa Térmica Stanley Aerolight Fast Flow Lavender 710ML - STANLEY PMI', 'price': 'R$\xa0361,77', 'review': None, 'store': 'Magazine Luiza'}
[2025-04-15T00:45:39.405+0000] {subprocess.py:106} INFO - 2025-04-15 00:45:38 [scrapy.core.scraper] DEBUG: Scraped from <200 https://www.magazineluiza.com.br/busca/garrafa+stanley+aerolight+fast+flow/?page=1?page=2>
[2025-04-15T00:45:39.407+0000] {subprocess.py:106} INFO - {'title': 'Garrafa Térmica Stanley Aerolight Fast Flow Tigerlily 710ML - STANLEY PMI', 'price': 'R$\xa0365,00', 'review': None, 'store': 'Magazine Luiza'}
[2025-04-15T00:45:39.409+0000] {subprocess.py:106} INFO - 2025-04-15 00:45:39 [scrapy.core.engine] DEBUG: Crawled (200) <GET https://www.magazineluiza.com.br/busca/garrafa+stanley+aerolight+fast+flow/?page=1?page=1> (referer: https://www.magazineluiza.com.br/busca/garrafa+stanley+aerolight+fast+flow/?page=1)
[2025-04-15T00:45:39.411+0000] {subprocess.py:106} INFO - 
[2025-04-15T00:45:39.413+0000] {subprocess.py:106} INFO - None
[2025-04-15T00:45:39.414+0000] {subprocess.py:106} INFO - Garrafa Térmica Stanley Aerolight Fast Flow Branco Polar 1,1 Litros - STANLEY PMI
[2025-04-15T00:45:39.416+0000] {subprocess.py:106} INFO - [R$ 385,90]
[2025-04-15T00:45:39.418+0000] {subprocess.py:106} INFO - None
[2025-04-15T00:45:39.420+0000] {subprocess.py:106} INFO - Garrafa Térmica Stanley Aerolight Fast Flow 710 ML Azul 0838
[2025-04-15T00:45:39.422+0000] {subprocess.py:106} INFO - [R$ 369,90]
[2025-04-15T00:45:39.423+0000] {subprocess.py:106} INFO - None
[2025-04-15T00:45:39.425+0000] {subprocess.py:106} INFO - Garrafa stanley térmica aerolight fast flow 1,1 litros branco polar 08207-00
[2025-04-15T00:45:39.427+0000] {subprocess.py:106} INFO - [R$ 343,17]
[2025-04-15T00:45:39.430+0000] {subprocess.py:106} INFO - None
[2025-04-15T00:45:39.432+0000] {subprocess.py:106} INFO - Garrafa Térmica Stanley Aerolight Fast Flow 710ml Azul Claro
[2025-04-15T00:45:39.434+0000] {subprocess.py:106} INFO - [R$ 268,57]
[2025-04-15T00:45:39.437+0000] {subprocess.py:106} INFO - None
[2025-04-15T00:45:39.438+0000] {subprocess.py:106} INFO - Garrafa termica stanley aerolight fast flow tigerlily 1,1l cod8208 cx6
[2025-04-15T00:45:39.440+0000] {subprocess.py:106} INFO - [R$ 434,37]
[2025-04-15T00:45:39.443+0000] {subprocess.py:106} INFO - 5.0 (1)
[2025-04-15T00:45:39.444+0000] {subprocess.py:106} INFO - Garrafa Térmica Stanley Aerolight Fast Flow Branco Polar 710
[2025-04-15T00:45:39.446+0000] {subprocess.py:106} INFO - [R$ 361,00]
[2025-04-15T00:45:39.449+0000] {subprocess.py:106} INFO - None
[2025-04-15T00:45:39.451+0000] {subprocess.py:106} INFO - Garrafa Térmica Stanley IceFlow Aerolight Fast Flow 700ml - Cinza
[2025-04-15T00:45:39.453+0000] {subprocess.py:106} INFO - [R$ 448,45]
[2025-04-15T00:45:39.455+0000] {subprocess.py:106} INFO - None
[2025-04-15T00:45:39.457+0000] {subprocess.py:106} INFO - Garrafa Térmica STanley Aerolight Fast Flow 1,1L
[2025-04-15T00:45:39.459+0000] {subprocess.py:106} INFO - [R$ 368,18]
[2025-04-15T00:45:39.461+0000] {subprocess.py:106} INFO - None
[2025-04-15T00:45:39.463+0000] {subprocess.py:106} INFO - Garrafa Térmica Stanley Aerolight Fast Flow Citron 1,1 Litros - STANLEY PMI
[2025-04-15T00:45:39.465+0000] {subprocess.py:106} INFO - [R$ 359,43]
[2025-04-15T00:45:39.468+0000] {subprocess.py:106} INFO - None
[2025-04-15T00:45:39.469+0000] {subprocess.py:106} INFO - Garrafa Térmica Aerolight Fast Flow 1,1L Polar Stanley
[2025-04-15T00:45:39.473+0000] {subprocess.py:106} INFO - [R$ 379,00]
[2025-04-15T00:45:39.475+0000] {subprocess.py:106} INFO - None
[2025-04-15T00:45:39.479+0000] {subprocess.py:106} INFO - Garrafa Térmica Aerolight Fast Flow Tigerlily 710ml Stanley
[2025-04-15T00:45:39.481+0000] {subprocess.py:106} INFO - [R$ 289,23]
[2025-04-15T00:45:39.484+0000] {subprocess.py:106} INFO - None
[2025-04-15T00:45:39.485+0000] {subprocess.py:106} INFO - Garrafa stanley térmica aerolight fast flow em aço inox 710ml azul tropical teal 08406-00
[2025-04-15T00:45:39.487+0000] {subprocess.py:106} INFO - [R$ 324,57]
[2025-04-15T00:45:39.489+0000] {subprocess.py:106} INFO - None
[2025-04-15T00:45:39.491+0000] {subprocess.py:106} INFO - Garrafa Térmica Stanley Aerolight Fast Flow Citron 1,1 Litros - STANLEY PMI
[2025-04-15T00:45:39.493+0000] {subprocess.py:106} INFO - [R$ 385,90]
[2025-04-15T00:45:39.495+0000] {subprocess.py:106} INFO - None
[2025-04-15T00:45:39.497+0000] {subprocess.py:106} INFO - Garrafa Térmica Stanley Aerolight Fast Flow 710ml Verde Água
[2025-04-15T00:45:39.500+0000] {subprocess.py:106} INFO - [R$ 268,57]
[2025-04-15T00:45:39.502+0000] {subprocess.py:106} INFO - None
[2025-04-15T00:45:39.505+0000] {subprocess.py:106} INFO - Garrafa Térmica Aerolight Fast Flow Stanley 710ML
[2025-04-15T00:45:39.507+0000] {subprocess.py:106} INFO - [R$ 359,91]
[2025-04-15T00:45:39.510+0000] {subprocess.py:106} INFO - None
[2025-04-15T00:45:39.512+0000] {subprocess.py:106} INFO - Garrafa Térmica Aerolight Fast Flow Polar 1,1L Stanley
[2025-04-15T00:45:39.514+0000] {subprocess.py:106} INFO - [R$ 351,23]
[2025-04-15T00:45:39.517+0000] {subprocess.py:106} INFO - None
[2025-04-15T00:45:39.519+0000] {subprocess.py:106} INFO - Garrafa Térmica Stanley Aerolight Fast Flow Citron 710ML - STANLEY PMI
[2025-04-15T00:45:39.522+0000] {subprocess.py:106} INFO - [R$ 419,90]
[2025-04-15T00:45:39.524+0000] {subprocess.py:106} INFO - None
[2025-04-15T00:45:39.527+0000] {subprocess.py:106} INFO - Garrafa Térmica Aerolight Fast Flow Heat Wave Passion Pink 710ML Stanley
[2025-04-15T00:45:39.530+0000] {subprocess.py:106} INFO - [R$ 306,81]
[2025-04-15T00:45:39.533+0000] {subprocess.py:106} INFO - None
[2025-04-15T00:45:39.536+0000] {subprocess.py:106} INFO - Garrafa stanley térmica aerolight fast flow em aço inox 710ml passion pink 08404-00
[2025-04-15T00:45:39.540+0000] {subprocess.py:106} INFO - [R$ 324,57]
[2025-04-15T00:45:39.542+0000] {subprocess.py:106} INFO - None
[2025-04-15T00:45:39.545+0000] {subprocess.py:106} INFO - Garrafa Térmica STanley Aerolight Fast Flow 1,1L
[2025-04-15T00:45:39.548+0000] {subprocess.py:106} INFO - [R$ 368,18]
[2025-04-15T00:45:39.551+0000] {subprocess.py:106} INFO - None
[2025-04-15T00:45:39.553+0000] {subprocess.py:106} INFO - Garrafa Térmica Stanley Aerolight Fast Flow Citron 1,1 Litros - STANLEY PMI
[2025-04-15T00:45:39.556+0000] {subprocess.py:106} INFO - [R$ 371,07]
[2025-04-15T00:45:39.560+0000] {subprocess.py:106} INFO - None
[2025-04-15T00:45:39.563+0000] {subprocess.py:106} INFO - Garrafa stanley térmica aerolight fast flow 710ml matte black 08202-00
[2025-04-15T00:45:39.565+0000] {subprocess.py:106} INFO - [R$ 324,57]
[2025-04-15T00:45:39.568+0000] {subprocess.py:106} INFO - 5.0 (1)
[2025-04-15T00:45:39.570+0000] {subprocess.py:106} INFO - Garrafa Térmica Stanley Aerolight Fast Flow 710ml Verde Limão
[2025-04-15T00:45:39.572+0000] {subprocess.py:106} INFO - [R$ 268,57]
[2025-04-15T00:45:39.575+0000] {subprocess.py:106} INFO - None
[2025-04-15T00:45:39.577+0000] {subprocess.py:106} INFO - Garrafa Térmica Stanley Aerolight Fast Flow Branco Polar 710ML - STANLEY PMI
[2025-04-15T00:45:39.579+0000] {subprocess.py:106} INFO - [R$ 369,90]
[2025-04-15T00:45:39.581+0000] {subprocess.py:106} INFO - None
[2025-04-15T00:45:39.584+0000] {subprocess.py:106} INFO - Garrafa Térmica Aerolight Fast Flow Stanley Citron 710 Ml
[2025-04-15T00:45:39.586+0000] {subprocess.py:106} INFO - [R$ 365,00]
[2025-04-15T00:45:39.588+0000] {subprocess.py:106} INFO - None
[2025-04-15T00:45:39.590+0000] {subprocess.py:106} INFO - Garrafa Térmica Stanley Aerolight Fast Flow Citron 1,1 Litros - STANLEY PMI
[2025-04-15T00:45:39.593+0000] {subprocess.py:106} INFO - [R$ 489,00]
[2025-04-15T00:45:39.598+0000] {subprocess.py:106} INFO - None
[2025-04-15T00:45:39.604+0000] {subprocess.py:106} INFO - Garrafa Térmica Stanley Aerolight Fast Flow 0.7L Verde 08205
[2025-04-15T00:45:39.609+0000] {subprocess.py:106} INFO - [R$ 344,01]
[2025-04-15T00:45:39.613+0000] {subprocess.py:106} INFO - None
[2025-04-15T00:45:39.620+0000] {subprocess.py:106} INFO - Garrafa Térmico Aerolight Fast Flow 710 Ml Citron Stanley
[2025-04-15T00:45:39.622+0000] {subprocess.py:106} INFO - [R$ 329,57]
[2025-04-15T00:45:39.624+0000] {subprocess.py:106} INFO - None
[2025-04-15T00:45:39.627+0000] {subprocess.py:106} INFO - Garrafa Térmica Aerolight Fast Flow Polar 1,1L
[2025-04-15T00:45:39.629+0000] {subprocess.py:106} INFO - [R$ 479,99]
[2025-04-15T00:45:39.631+0000] {subprocess.py:106} INFO - None
[2025-04-15T00:45:39.634+0000] {subprocess.py:106} INFO - Garrafa Térmica Stanley Aerolight Fast Flow Lavender 710ML - STANLEY PMI
[2025-04-15T00:45:39.636+0000] {subprocess.py:106} INFO - [R$ 361,77]
[2025-04-15T00:45:39.638+0000] {subprocess.py:106} INFO - None
[2025-04-15T00:45:39.640+0000] {subprocess.py:106} INFO - Garrafa Térmica Stanley Aerolight Fast Flow Tigerlily 710ML - STANLEY PMI
[2025-04-15T00:45:39.643+0000] {subprocess.py:106} INFO - [R$ 365,00]
[2025-04-15T00:45:39.647+0000] {subprocess.py:106} INFO - None
[2025-04-15T00:45:39.652+0000] {subprocess.py:106} INFO - https://www.magazineluiza.com.br/busca/garrafa+stanley+aerolight+fast+flow/?page=1?page=1
[2025-04-15T00:45:39.656+0000] {subprocess.py:106} INFO - blocos
[2025-04-15T00:45:39.659+0000] {subprocess.py:106} INFO - [<Selector query='//div[@data-testid="product-list"]//li' data='<li class="sc-hwhrDX ghzctf"><a href=...'>, <Selector query='//div[@data-testid="product-list"]//li' data='<li class="sc-hwhrDX ghzctf"><a href=...'>, <Selector query='//div[@data-testid="product-list"]//li' data='<li class="sc-hwhrDX ghzctf"><a href=...'>, <Selector query='//div[@data-testid="product-list"]//li' data='<li class="sc-hwhrDX ghzctf"><a href=...'>, <Selector query='//div[@data-testid="product-list"]//li' data='<li class="sc-hwhrDX ghzctf"><a href=...'>, <Selector query='//div[@data-testid="product-list"]//li' data='<li class="sc-hwhrDX ghzctf"><a href=...'>, <Selector query='//div[@data-testid="product-list"]//li' data='<li class="sc-hwhrDX ghzctf"><a href=...'>, <Selector query='//div[@data-testid="product-list"]//li' data='<li class="sc-hwhrDX ghzctf"><a href=...'>, <Selector query='//div[@data-testid="product-list"]//li' data='<li class="sc-hwhrDX ghzctf"><a href=...'>, <Selector query='//div[@data-testid="product-list"]//li' data='<li class="sc-hwhrDX ghzctf"><a href=...'>, <Selector query='//div[@data-testid="product-list"]//li' data='<li class="sc-hwhrDX ghzctf"><a href=...'>, <Selector query='//div[@data-testid="product-list"]//li' data='<li class="sc-hwhrDX ghzctf"><a href=...'>, <Selector query='//div[@data-testid="product-list"]//li' data='<li class="sc-hwhrDX ghzctf"><a href=...'>, <Selector query='//div[@data-testid="product-list"]//li' data='<li class="sc-hwhrDX ghzctf"><a href=...'>, <Selector query='//div[@data-testid="product-list"]//li' data='<li class="sc-hwhrDX ghzctf"><a href=...'>, <Selector query='//div[@data-testid="product-list"]//li' data='<li class="sc-hwhrDX ghzctf"><a href=...'>, <Selector query='//div[@data-testid="product-list"]//li' data='<li class="sc-hwhrDX ghzctf"><a href=...'>, <Selector query='//div[@data-testid="product-list"]//li' data='<li class="sc-hwhrDX ghzctf"><a href=...'>, <Selector query='//div[@data-testid="product-list"]//li' data='<li class="sc-hwhrDX ghzctf"><a href=...'>, <Selector query='//div[@data-testid="product-list"]//li' data='<li class="sc-hwhrDX ghzctf"><a href=...'>, <Selector query='//div[@data-testid="product-list"]//li' data='<li class="sc-hwhrDX ghzctf"><a href=...'>, <Selector query='//div[@data-testid="product-list"]//li' data='<li class="sc-hwhrDX ghzctf"><a href=...'>, <Selector query='//div[@data-testid="product-list"]//li' data='<li class="sc-hwhrDX ghzctf"><a href=...'>, <Selector query='//div[@data-testid="product-list"]//li' data='<li class="sc-hwhrDX ghzctf"><a href=...'>, <Selector query='//div[@data-testid="product-list"]//li' data='<li class="sc-hwhrDX ghzctf"><a href=...'>, <Selector query='//div[@data-testid="product-list"]//li' data='<li class="sc-hwhrDX ghzctf"><a href=...'>, <Selector query='//div[@data-testid="product-list"]//li' data='<li class="sc-hwhrDX ghzctf"><a href=...'>, <Selector query='//div[@data-testid="product-list"]//li' data='<li class="sc-hwhrDX ghzctf"><a href=...'>, <Selector query='//div[@data-testid="product-list"]//li' data='<li class="sc-hwhrDX ghzctf"><a href=...'>, <Selector query='//div[@data-testid="product-list"]//li' data='<li class="sc-hwhrDX ghzctf"><a href=...'>, <Selector query='//div[@data-testid="product-list"]//li' data='<li class="sc-hwhrDX ghzctf"><a href=...'>, <Selector query='//div[@data-testid="product-list"]//li' data='<li class="sc-hwhrDX ghzctf"><a href=...'>, <Selector query='//div[@data-testid="product-list"]//li' data='<li class="sc-hwhrDX ghzctf"><a href=...'>, <Selector query='//div[@data-testid="product-list"]//li' data='<li class="sc-hwhrDX ghzctf"><a href=...'>, <Selector query='//div[@data-testid="product-list"]//li' data='<li class="sc-hwhrDX ghzctf"><a href=...'>, <Selector query='//div[@data-testid="product-list"]//li' data='<li class="sc-hwhrDX ghzctf"><a href=...'>, <Selector query='//div[@data-testid="product-list"]//li' data='<li class="sc-hwhrDX ghzctf"><a href=...'>, <Selector query='//div[@data-testid="product-list"]//li' data='<li class="sc-hwhrDX ghzctf"><a href=...'>, <Selector query='//div[@data-testid="product-list"]//li' data='<li class="sc-hwhrDX ghzctf"><a href=...'>, <Selector query='//div[@data-testid="product-list"]//li' data='<li class="sc-hwhrDX ghzctf"><a href=...'>, <Selector query='//div[@data-testid="product-list"]//li' data='<li class="sc-hwhrDX ghzctf"><a href=...'>, <Selector query='//div[@data-testid="product-list"]//li' data='<li class="sc-hwhrDX ghzctf"><a href=...'>, <Selector query='//div[@data-testid="product-list"]//li' data='<li class="sc-hwhrDX ghzctf"><a href=...'>, <Selector query='//div[@data-testid="product-list"]//li' data='<li class="sc-hwhrDX ghzctf"><a href=...'>, <Selector query='//div[@data-testid="product-list"]//li' data='<li class="sc-hwhrDX ghzctf"><a href=...'>, <Selector query='//div[@data-testid="product-list"]//li' data='<li class="sc-hwhrDX ghzctf"><a href=...'>, <Selector query='//div[@data-testid="product-list"]//li' data='<li class="sc-hwhrDX ghzctf"><a href=...'>, <Selector query='//div[@data-testid="product-list"]//li' data='<li class="sc-hwhrDX ghzctf"><a href=...'>, <Selector query='//div[@data-testid="product-list"]//li' data='<li class="sc-hwhrDX ghzctf"><a href=...'>, <Selector query='//div[@data-testid="product-list"]//li' data='<li class="sc-hwhrDX ghzctf"><a href=...'>, <Selector query='//div[@data-testid="product-list"]//li' data='<li class="sc-hwhrDX ghzctf"><a href=...'>, <Selector query='//div[@data-testid="product-list"]//li' data='<li class="sc-hwhrDX ghzctf"><a href=...'>, <Selector query='//div[@data-testid="product-list"]//li' data='<li class="sc-hwhrDX ghzctf"><a href=...'>, <Selector query='//div[@data-testid="product-list"]//li' data='<li class="sc-hwhrDX ghzctf"><a href=...'>, <Selector query='//div[@data-testid="product-list"]//li' data='<li class="sc-hwhrDX ghzctf"><a href=...'>]2025-04-15 00:45:39 [scrapy.core.scraper] DEBUG: Scraped from <200 https://www.magazineluiza.com.br/busca/garrafa+stanley+aerolight+fast+flow/?page=1?page=1>
[2025-04-15T00:45:39.666+0000] {subprocess.py:106} INFO - {'title': 'GARRAFA STANLEY AEROLIGHT FAST FLOW 1.1Lt ORIGINAL TODAS AS CORES', 'price': 'R$\xa0332,00', 'review': '4.2 (6)', 'store': 'Magazine Luiza'}
[2025-04-15T00:45:39.671+0000] {subprocess.py:106} INFO - 2025-04-15 00:45:39 [scrapy.core.scraper] DEBUG: Scraped from <200 https://www.magazineluiza.com.br/busca/garrafa+stanley+aerolight+fast+flow/?page=1?page=1>
[2025-04-15T00:45:39.677+0000] {subprocess.py:106} INFO - {'title': 'Garrafa stanley aerolight fast flow 710ml original todas as cores', 'price': 'R$\xa0304,10', 'review': '5.0 (1)', 'store': 'Magazine Luiza'}
[2025-04-15T00:45:39.680+0000] {subprocess.py:106} INFO - 2025-04-15 00:45:39 [scrapy.core.scraper] DEBUG: Scraped from <200 https://www.magazineluiza.com.br/busca/garrafa+stanley+aerolight+fast+flow/?page=1?page=1>
[2025-04-15T00:45:39.684+0000] {subprocess.py:106} INFO - {'title': 'Garrafa Térmica Aerolight Stanley Fast Flow 710ml - Matte Black', 'price': 'R$\xa0287,37', 'review': '5.0 (1)', 'store': 'Magazine Luiza'}
[2025-04-15T00:45:39.689+0000] {subprocess.py:106} INFO - 2025-04-15 00:45:39 [scrapy.core.scraper] DEBUG: Scraped from <200 https://www.magazineluiza.com.br/busca/garrafa+stanley+aerolight+fast+flow/?page=1?page=1>
[2025-04-15T00:45:39.692+0000] {subprocess.py:106} INFO - {'title': 'Garrafa Térmica Stanley Aerolight Fast Flow Lavender 710ML - STANLEY PMI', 'price': 'R$\xa0289,97', 'review': None, 'store': 'Magazine Luiza'}
[2025-04-15T00:45:39.695+0000] {subprocess.py:106} INFO - 2025-04-15 00:45:39 [scrapy.core.scraper] DEBUG: Scraped from <200 https://www.magazineluiza.com.br/busca/garrafa+stanley+aerolight+fast+flow/?page=1?page=1>
[2025-04-15T00:45:39.698+0000] {subprocess.py:106} INFO - {'title': 'Stanley Garrafa Térmica Aerolight Original Fast Flow Branco Polar 710ml', 'price': 'R$\xa0332,10', 'review': None, 'store': 'Magazine Luiza'}
[2025-04-15T00:45:39.701+0000] {subprocess.py:106} INFO - 2025-04-15 00:45:39 [scrapy.core.scraper] DEBUG: Scraped from <200 https://www.magazineluiza.com.br/busca/garrafa+stanley+aerolight+fast+flow/?page=1?page=1>
[2025-04-15T00:45:39.703+0000] {subprocess.py:106} INFO - {'title': 'Garrafa Térmica Aerolight Stanley Fast Flow 1,1L - Tigerlily', 'price': 'R$\xa0315,27', 'review': '5.0 (1)', 'store': 'Magazine Luiza'}
[2025-04-15T00:45:39.706+0000] {subprocess.py:106} INFO - 2025-04-15 00:45:39 [scrapy.core.scraper] DEBUG: Scraped from <200 https://www.magazineluiza.com.br/busca/garrafa+stanley+aerolight+fast+flow/?page=1?page=1>
[2025-04-15T00:45:39.708+0000] {subprocess.py:106} INFO - {'title': 'Garrafa Térmica Stanley Aerolight Fast Flow 1.1L Pink', 'price': 'R$\xa0289,23', 'review': None, 'store': 'Magazine Luiza'}
[2025-04-15T00:45:39.712+0000] {subprocess.py:106} INFO - 2025-04-15 00:45:39 [scrapy.core.scraper] DEBUG: Scraped from <200 https://www.magazineluiza.com.br/busca/garrafa+stanley+aerolight+fast+flow/?page=1?page=1>
[2025-04-15T00:45:39.718+0000] {subprocess.py:106} INFO - {'title': 'Garrafa Térmica Aerolight Fast Flow Matte Black 1,1L Stanley', 'price': 'R$\xa0351,23', 'review': '4.2 (6)', 'store': 'Magazine Luiza'}
[2025-04-15T00:45:39.720+0000] {subprocess.py:106} INFO - 2025-04-15 00:45:39 [scrapy.core.scraper] DEBUG: Scraped from <200 https://www.magazineluiza.com.br/busca/garrafa+stanley+aerolight+fast+flow/?page=1?page=1>
[2025-04-15T00:45:39.722+0000] {subprocess.py:106} INFO - {'title': 'Garrafa Térmica Aerolight Stanley Fast Flow 710ml - Lavender', 'price': 'R$\xa0287,37', 'review': None, 'store': 'Magazine Luiza'}
[2025-04-15T00:45:39.724+0000] {subprocess.py:106} INFO - 2025-04-15 00:45:39 [scrapy.core.scraper] DEBUG: Scraped from <200 https://www.magazineluiza.com.br/busca/garrafa+stanley+aerolight+fast+flow/?page=1?page=1>
[2025-04-15T00:45:39.726+0000] {subprocess.py:106} INFO - {'title': 'Garrafa Térmica Stanley Aerolight Fast Flow Branco Polar 1,1 Litros', 'price': 'R$\xa0299,46', 'review': None, 'store': 'Magazine Luiza'}
[2025-04-15T00:45:39.728+0000] {subprocess.py:106} INFO - 2025-04-15 00:45:39 [scrapy.core.scraper] DEBUG: Scraped from <200 https://www.magazineluiza.com.br/busca/garrafa+stanley+aerolight+fast+flow/?page=1?page=1>
[2025-04-15T00:45:39.730+0000] {subprocess.py:106} INFO - {'title': 'Garrafa Térmica Aerolight Stanley Fast Flow 1,1L - Citron', 'price': 'R$\xa0315,27', 'review': None, 'store': 'Magazine Luiza'}
[2025-04-15T00:45:39.732+0000] {subprocess.py:106} INFO - 2025-04-15 00:45:39 [scrapy.core.scraper] DEBUG: Scraped from <200 https://www.magazineluiza.com.br/busca/garrafa+stanley+aerolight+fast+flow/?page=1?page=1>
[2025-04-15T00:45:39.735+0000] {subprocess.py:106} INFO - {'title': 'Garrafa Térmica Aerolight Stanley Fast Flow 1,1L - Polar', 'price': 'R$\xa0315,27', 'review': None, 'store': 'Magazine Luiza'}
[2025-04-15T00:45:39.737+0000] {subprocess.py:106} INFO - 2025-04-15 00:45:39 [scrapy.core.scraper] DEBUG: Scraped from <200 https://www.magazineluiza.com.br/busca/garrafa+stanley+aerolight+fast+flow/?page=1?page=1>
[2025-04-15T00:45:39.739+0000] {subprocess.py:106} INFO - {'title': 'Garrafa Térmica Stanley Aerolight Fast Flow Citron 710ML', 'price': 'R$\xa0272,49', 'review': None, 'store': 'Magazine Luiza'}
[2025-04-15T00:45:39.740+0000] {subprocess.py:106} INFO - 2025-04-15 00:45:39 [scrapy.core.scraper] DEBUG: Scraped from <200 https://www.magazineluiza.com.br/busca/garrafa+stanley+aerolight+fast+flow/?page=1?page=1>
[2025-04-15T00:45:39.742+0000] {subprocess.py:106} INFO - {'title': 'Garrafa Térmica Stanley Aerolight Fast Flow Original Laranja Tigerlily 1,1 L', 'price': 'R$\xa0379,00', 'review': '5.0 (1)', 'store': 'Magazine Luiza'}
[2025-04-15T00:45:39.744+0000] {subprocess.py:106} INFO - 2025-04-15 00:45:39 [scrapy.core.scraper] DEBUG: Scraped from <200 https://www.magazineluiza.com.br/busca/garrafa+stanley+aerolight+fast+flow/?page=1?page=1>
[2025-04-15T00:45:39.746+0000] {subprocess.py:106} INFO - {'title': 'Garrafa Térmica Aerolight Laranja Fast Flow Tigerlily 1,1L Stanley', 'price': 'R$\xa0344,01', 'review': '5.0 (1)', 'store': 'Magazine Luiza'}
[2025-04-15T00:45:39.750+0000] {subprocess.py:106} INFO - 2025-04-15 00:45:39 [scrapy.core.scraper] DEBUG: Scraped from <200 https://www.magazineluiza.com.br/busca/garrafa+stanley+aerolight+fast+flow/?page=1?page=1>
[2025-04-15T00:45:39.753+0000] {subprocess.py:106} INFO - {'title': 'Garrafa stanley térmica aerolight fast flow em aço inox 710ml lavender 08241-00', 'price': 'R$\xa0324,57', 'review': None, 'store': 'Magazine Luiza'}
[2025-04-15T00:45:39.759+0000] {subprocess.py:106} INFO - 2025-04-15 00:45:39 [scrapy.core.scraper] DEBUG: Scraped from <200 https://www.magazineluiza.com.br/busca/garrafa+stanley+aerolight+fast+flow/?page=1?page=1>
[2025-04-15T00:45:39.765+0000] {subprocess.py:106} INFO - {'title': 'Garrafa stanley térmica aerolight fast flow 1,1 litros laranja tigerlily 08242-00', 'price': 'R$\xa0343,17', 'review': '5.0 (1)', 'store': 'Magazine Luiza'}
[2025-04-15T00:45:39.770+0000] {subprocess.py:106} INFO - 2025-04-15 00:45:39 [scrapy.core.scraper] DEBUG: Scraped from <200 https://www.magazineluiza.com.br/busca/garrafa+stanley+aerolight+fast+flow/?page=1?page=1>
[2025-04-15T00:45:39.773+0000] {subprocess.py:106} INFO - {'title': 'Garrafa Térmica Stanley Aerolight Fast Flow 710ml Rosa Claro', 'price': 'R$\xa0268,57', 'review': None, 'store': 'Magazine Luiza'}
[2025-04-15T00:45:39.776+0000] {subprocess.py:106} INFO - 2025-04-15 00:45:39 [scrapy.core.scraper] DEBUG: Scraped from <200 https://www.magazineluiza.com.br/busca/garrafa+stanley+aerolight+fast+flow/?page=1?page=1>
[2025-04-15T00:45:39.779+0000] {subprocess.py:106} INFO - {'title': 'Garrafa Térmica Stanley Aerolight Fast Flow 1.1L Verde Água', 'price': 'R$\xa0289,23', 'review': None, 'store': 'Magazine Luiza'}
[2025-04-15T00:45:39.782+0000] {subprocess.py:106} INFO - 2025-04-15 00:45:39 [scrapy.core.scraper] DEBUG: Scraped from <200 https://www.magazineluiza.com.br/busca/garrafa+stanley+aerolight+fast+flow/?page=1?page=1>
[2025-04-15T00:45:39.787+0000] {subprocess.py:106} INFO - {'title': 'Garrafa Térmica Stanley Aerolight Fast Flow Branco Polar 1,1 Litros - STANLEY PMI', 'price': 'R$\xa0399,00', 'review': None, 'store': 'Magazine Luiza'}
[2025-04-15T00:45:39.790+0000] {subprocess.py:106} INFO - 2025-04-15 00:45:39 [scrapy.core.scraper] DEBUG: Scraped from <200 https://www.magazineluiza.com.br/busca/garrafa+stanley+aerolight+fast+flow/?page=1?page=1>
[2025-04-15T00:45:39.793+0000] {subprocess.py:106} INFO - {'title': 'Garrafa Térmica Stanley Aerolight Fast Flow Matte Black 710ML - STANLEY PMI', 'price': 'R$\xa0365,00', 'review': '5.0 (1)', 'store': 'Magazine Luiza'}
[2025-04-15T00:45:39.796+0000] {subprocess.py:106} INFO - 2025-04-15 00:45:39 [scrapy.core.scraper] DEBUG: Scraped from <200 https://www.magazineluiza.com.br/busca/garrafa+stanley+aerolight+fast+flow/?page=1?page=1>
[2025-04-15T00:45:39.798+0000] {subprocess.py:106} INFO - {'title': 'Garrafa stanley térmica aerolight fast flow em aço inox 710ml laranja tigerlily 08204-00', 'price': 'R$\xa0324,57', 'review': None, 'store': 'Magazine Luiza'}
[2025-04-15T00:45:39.801+0000] {subprocess.py:106} INFO - 2025-04-15 00:45:39 [scrapy.core.scraper] DEBUG: Scraped from <200 https://www.magazineluiza.com.br/busca/garrafa+stanley+aerolight+fast+flow/?page=1?page=1>
[2025-04-15T00:45:39.805+0000] {subprocess.py:106} INFO - {'title': 'Garrafa stanley térmica aerolight fast flow em aço inox 710ml vivid violet 08405-00', 'price': 'R$\xa0324,57', 'review': None, 'store': 'Magazine Luiza'}
[2025-04-15T00:45:39.807+0000] {subprocess.py:106} INFO - 2025-04-15 00:45:39 [scrapy.core.scraper] DEBUG: Scraped from <200 https://www.magazineluiza.com.br/busca/garrafa+stanley+aerolight+fast+flow/?page=1?page=1>
[2025-04-15T00:45:39.810+0000] {subprocess.py:106} INFO - {'title': 'Garrafa Térmica Stanley Aerolight Fast Flow 710ml Lilás', 'price': 'R$\xa0268,57', 'review': None, 'store': 'Magazine Luiza'}
[2025-04-15T00:45:39.813+0000] {subprocess.py:106} INFO - 2025-04-15 00:45:39 [scrapy.core.scraper] DEBUG: Scraped from <200 https://www.magazineluiza.com.br/busca/garrafa+stanley+aerolight+fast+flow/?page=1?page=1>
[2025-04-15T00:45:39.815+0000] {subprocess.py:106} INFO - {'title': 'Garrafa Térmica Stanley Aerolight Fast Flow Branco Polar 1,1 Litros - STANLEY PMI', 'price': 'R$\xa0385,90', 'review': None, 'store': 'Magazine Luiza'}
[2025-04-15T00:45:39.818+0000] {subprocess.py:106} INFO - 2025-04-15 00:45:39 [scrapy.core.scraper] DEBUG: Scraped from <200 https://www.magazineluiza.com.br/busca/garrafa+stanley+aerolight+fast+flow/?page=1?page=1>
[2025-04-15T00:45:39.820+0000] {subprocess.py:106} INFO - {'title': 'Garrafa Térmica Stanley Aerolight Fast Flow 710 ML Azul 0838', 'price': 'R$\xa0369,90', 'review': None, 'store': 'Magazine Luiza'}
[2025-04-15T00:45:39.823+0000] {subprocess.py:106} INFO - 2025-04-15 00:45:39 [scrapy.core.scraper] DEBUG: Scraped from <200 https://www.magazineluiza.com.br/busca/garrafa+stanley+aerolight+fast+flow/?page=1?page=1>
[2025-04-15T00:45:39.826+0000] {subprocess.py:106} INFO - {'title': 'Garrafa stanley térmica aerolight fast flow 1,1 litros branco polar 08207-00', 'price': 'R$\xa0343,17', 'review': None, 'store': 'Magazine Luiza'}
[2025-04-15T00:45:39.828+0000] {subprocess.py:106} INFO - 2025-04-15 00:45:39 [scrapy.core.scraper] DEBUG: Scraped from <200 https://www.magazineluiza.com.br/busca/garrafa+stanley+aerolight+fast+flow/?page=1?page=1>
[2025-04-15T00:45:39.830+0000] {subprocess.py:106} INFO - {'title': 'Garrafa Térmica Stanley Aerolight Fast Flow 710ml Azul Claro', 'price': 'R$\xa0268,57', 'review': None, 'store': 'Magazine Luiza'}
[2025-04-15T00:45:39.832+0000] {subprocess.py:106} INFO - 2025-04-15 00:45:39 [scrapy.core.scraper] DEBUG: Scraped from <200 https://www.magazineluiza.com.br/busca/garrafa+stanley+aerolight+fast+flow/?page=1?page=1>
[2025-04-15T00:45:39.835+0000] {subprocess.py:106} INFO - {'title': 'Garrafa termica stanley aerolight fast flow tigerlily 1,1l cod8208 cx6', 'price': 'R$\xa0434,37', 'review': '5.0 (1)', 'store': 'Magazine Luiza'}
[2025-04-15T00:45:39.837+0000] {subprocess.py:106} INFO - 2025-04-15 00:45:39 [scrapy.core.scraper] DEBUG: Scraped from <200 https://www.magazineluiza.com.br/busca/garrafa+stanley+aerolight+fast+flow/?page=1?page=1>
[2025-04-15T00:45:39.839+0000] {subprocess.py:106} INFO - {'title': 'Garrafa Térmica Stanley Aerolight Fast Flow Branco Polar 710', 'price': 'R$\xa0361,00', 'review': None, 'store': 'Magazine Luiza'}
[2025-04-15T00:45:39.842+0000] {subprocess.py:106} INFO - 2025-04-15 00:45:39 [scrapy.core.scraper] DEBUG: Scraped from <200 https://www.magazineluiza.com.br/busca/garrafa+stanley+aerolight+fast+flow/?page=1?page=1>
[2025-04-15T00:45:39.844+0000] {subprocess.py:106} INFO - {'title': 'Garrafa Térmica Stanley IceFlow Aerolight Fast Flow 700ml - Cinza', 'price': 'R$\xa0448,45', 'review': None, 'store': 'Magazine Luiza'}
[2025-04-15T00:45:39.846+0000] {subprocess.py:106} INFO - 2025-04-15 00:45:39 [scrapy.core.scraper] DEBUG: Scraped from <200 https://www.magazineluiza.com.br/busca/garrafa+stanley+aerolight+fast+flow/?page=1?page=1>
[2025-04-15T00:45:39.849+0000] {subprocess.py:106} INFO - {'title': 'Garrafa Térmica STanley Aerolight Fast Flow 1,1L', 'price': 'R$\xa0368,18', 'review': None, 'store': 'Magazine Luiza'}
[2025-04-15T00:45:39.853+0000] {subprocess.py:106} INFO - 2025-04-15 00:45:39 [scrapy.core.scraper] DEBUG: Scraped from <200 https://www.magazineluiza.com.br/busca/garrafa+stanley+aerolight+fast+flow/?page=1?page=1>
[2025-04-15T00:45:39.855+0000] {subprocess.py:106} INFO - {'title': 'Garrafa Térmica Stanley Aerolight Fast Flow Citron 1,1 Litros - STANLEY PMI', 'price': 'R$\xa0359,43', 'review': None, 'store': 'Magazine Luiza'}
[2025-04-15T00:45:39.858+0000] {subprocess.py:106} INFO - 2025-04-15 00:45:39 [scrapy.core.scraper] DEBUG: Scraped from <200 https://www.magazineluiza.com.br/busca/garrafa+stanley+aerolight+fast+flow/?page=1?page=1>
[2025-04-15T00:45:39.860+0000] {subprocess.py:106} INFO - {'title': 'Garrafa Térmica Aerolight Fast Flow 1,1L Polar Stanley', 'price': 'R$\xa0379,00', 'review': None, 'store': 'Magazine Luiza'}
[2025-04-15T00:45:39.863+0000] {subprocess.py:106} INFO - 2025-04-15 00:45:39 [scrapy.core.scraper] DEBUG: Scraped from <200 https://www.magazineluiza.com.br/busca/garrafa+stanley+aerolight+fast+flow/?page=1?page=1>
[2025-04-15T00:45:39.865+0000] {subprocess.py:106} INFO - {'title': 'Garrafa Térmica Aerolight Fast Flow Tigerlily 710ml Stanley', 'price': 'R$\xa0289,23', 'review': None, 'store': 'Magazine Luiza'}
[2025-04-15T00:45:39.867+0000] {subprocess.py:106} INFO - 2025-04-15 00:45:39 [scrapy.core.scraper] DEBUG: Scraped from <200 https://www.magazineluiza.com.br/busca/garrafa+stanley+aerolight+fast+flow/?page=1?page=1>
[2025-04-15T00:45:39.869+0000] {subprocess.py:106} INFO - {'title': 'Garrafa stanley térmica aerolight fast flow em aço inox 710ml azul tropical teal 08406-00', 'price': 'R$\xa0324,57', 'review': None, 'store': 'Magazine Luiza'}
[2025-04-15T00:45:39.873+0000] {subprocess.py:106} INFO - 2025-04-15 00:45:39 [scrapy.core.scraper] DEBUG: Scraped from <200 https://www.magazineluiza.com.br/busca/garrafa+stanley+aerolight+fast+flow/?page=1?page=1>
[2025-04-15T00:45:39.875+0000] {subprocess.py:106} INFO - {'title': 'Garrafa Térmica Stanley Aerolight Fast Flow Citron 1,1 Litros - STANLEY PMI', 'price': 'R$\xa0385,90', 'review': None, 'store': 'Magazine Luiza'}
[2025-04-15T00:45:39.877+0000] {subprocess.py:106} INFO - 2025-04-15 00:45:39 [scrapy.core.scraper] DEBUG: Scraped from <200 https://www.magazineluiza.com.br/busca/garrafa+stanley+aerolight+fast+flow/?page=1?page=1>
[2025-04-15T00:45:39.880+0000] {subprocess.py:106} INFO - {'title': 'Garrafa Térmica Stanley Aerolight Fast Flow 710ml Verde Água', 'price': 'R$\xa0268,57', 'review': None, 'store': 'Magazine Luiza'}
[2025-04-15T00:45:39.882+0000] {subprocess.py:106} INFO - 2025-04-15 00:45:39 [scrapy.core.scraper] DEBUG: Scraped from <200 https://www.magazineluiza.com.br/busca/garrafa+stanley+aerolight+fast+flow/?page=1?page=1>
[2025-04-15T00:45:39.885+0000] {subprocess.py:106} INFO - {'title': 'Garrafa Térmica Aerolight Fast Flow Stanley 710ML', 'price': 'R$\xa0359,91', 'review': None, 'store': 'Magazine Luiza'}
[2025-04-15T00:45:39.887+0000] {subprocess.py:106} INFO - 2025-04-15 00:45:39 [scrapy.core.scraper] DEBUG: Scraped from <200 https://www.magazineluiza.com.br/busca/garrafa+stanley+aerolight+fast+flow/?page=1?page=1>
[2025-04-15T00:45:39.890+0000] {subprocess.py:106} INFO - {'title': 'Garrafa Térmica Aerolight Fast Flow Polar 1,1L Stanley', 'price': 'R$\xa0351,23', 'review': None, 'store': 'Magazine Luiza'}
[2025-04-15T00:45:39.892+0000] {subprocess.py:106} INFO - 2025-04-15 00:45:39 [scrapy.core.scraper] DEBUG: Scraped from <200 https://www.magazineluiza.com.br/busca/garrafa+stanley+aerolight+fast+flow/?page=1?page=1>
[2025-04-15T00:45:39.894+0000] {subprocess.py:106} INFO - {'title': 'Garrafa Térmica Stanley Aerolight Fast Flow Citron 710ML - STANLEY PMI', 'price': 'R$\xa0419,90', 'review': None, 'store': 'Magazine Luiza'}
[2025-04-15T00:45:39.897+0000] {subprocess.py:106} INFO - 2025-04-15 00:45:39 [scrapy.core.scraper] DEBUG: Scraped from <200 https://www.magazineluiza.com.br/busca/garrafa+stanley+aerolight+fast+flow/?page=1?page=1>
[2025-04-15T00:45:39.900+0000] {subprocess.py:106} INFO - {'title': 'Garrafa Térmica Aerolight Fast Flow Heat Wave Passion Pink 710ML Stanley', 'price': 'R$\xa0306,81', 'review': None, 'store': 'Magazine Luiza'}
[2025-04-15T00:45:39.903+0000] {subprocess.py:106} INFO - 2025-04-15 00:45:39 [scrapy.core.scraper] DEBUG: Scraped from <200 https://www.magazineluiza.com.br/busca/garrafa+stanley+aerolight+fast+flow/?page=1?page=1>
[2025-04-15T00:45:39.905+0000] {subprocess.py:106} INFO - {'title': 'Garrafa stanley térmica aerolight fast flow em aço inox 710ml passion pink 08404-00', 'price': 'R$\xa0324,57', 'review': None, 'store': 'Magazine Luiza'}
[2025-04-15T00:45:39.908+0000] {subprocess.py:106} INFO - 2025-04-15 00:45:39 [scrapy.core.scraper] DEBUG: Scraped from <200 https://www.magazineluiza.com.br/busca/garrafa+stanley+aerolight+fast+flow/?page=1?page=1>
[2025-04-15T00:45:39.910+0000] {subprocess.py:106} INFO - {'title': 'Garrafa Térmica STanley Aerolight Fast Flow 1,1L', 'price': 'R$\xa0368,18', 'review': None, 'store': 'Magazine Luiza'}
[2025-04-15T00:45:39.913+0000] {subprocess.py:106} INFO - 2025-04-15 00:45:39 [scrapy.core.scraper] DEBUG: Scraped from <200 https://www.magazineluiza.com.br/busca/garrafa+stanley+aerolight+fast+flow/?page=1?page=1>
[2025-04-15T00:45:39.915+0000] {subprocess.py:106} INFO - {'title': 'Garrafa Térmica Stanley Aerolight Fast Flow Citron 1,1 Litros - STANLEY PMI', 'price': 'R$\xa0371,07', 'review': None, 'store': 'Magazine Luiza'}
[2025-04-15T00:45:39.918+0000] {subprocess.py:106} INFO - 2025-04-15 00:45:39 [scrapy.core.scraper] DEBUG: Scraped from <200 https://www.magazineluiza.com.br/busca/garrafa+stanley+aerolight+fast+flow/?page=1?page=1>
[2025-04-15T00:45:39.921+0000] {subprocess.py:106} INFO - {'title': 'Garrafa stanley térmica aerolight fast flow 710ml matte black 08202-00', 'price': 'R$\xa0324,57', 'review': '5.0 (1)', 'store': 'Magazine Luiza'}
[2025-04-15T00:45:39.924+0000] {subprocess.py:106} INFO - 2025-04-15 00:45:39 [scrapy.core.scraper] DEBUG: Scraped from <200 https://www.magazineluiza.com.br/busca/garrafa+stanley+aerolight+fast+flow/?page=1?page=1>
[2025-04-15T00:45:39.926+0000] {subprocess.py:106} INFO - {'title': 'Garrafa Térmica Stanley Aerolight Fast Flow 710ml Verde Limão', 'price': 'R$\xa0268,57', 'review': None, 'store': 'Magazine Luiza'}
[2025-04-15T00:45:39.928+0000] {subprocess.py:106} INFO - 2025-04-15 00:45:39 [scrapy.core.scraper] DEBUG: Scraped from <200 https://www.magazineluiza.com.br/busca/garrafa+stanley+aerolight+fast+flow/?page=1?page=1>
[2025-04-15T00:45:39.931+0000] {subprocess.py:106} INFO - {'title': 'Garrafa Térmica Stanley Aerolight Fast Flow Branco Polar 710ML - STANLEY PMI', 'price': 'R$\xa0369,90', 'review': None, 'store': 'Magazine Luiza'}
[2025-04-15T00:45:39.933+0000] {subprocess.py:106} INFO - 2025-04-15 00:45:39 [scrapy.core.scraper] DEBUG: Scraped from <200 https://www.magazineluiza.com.br/busca/garrafa+stanley+aerolight+fast+flow/?page=1?page=1>
[2025-04-15T00:45:39.936+0000] {subprocess.py:106} INFO - {'title': 'Garrafa Térmica Aerolight Fast Flow Stanley Citron 710 Ml', 'price': 'R$\xa0365,00', 'review': None, 'store': 'Magazine Luiza'}
[2025-04-15T00:45:39.938+0000] {subprocess.py:106} INFO - 2025-04-15 00:45:39 [scrapy.core.scraper] DEBUG: Scraped from <200 https://www.magazineluiza.com.br/busca/garrafa+stanley+aerolight+fast+flow/?page=1?page=1>
[2025-04-15T00:45:39.941+0000] {subprocess.py:106} INFO - {'title': 'Garrafa Térmica Stanley Aerolight Fast Flow Citron 1,1 Litros - STANLEY PMI', 'price': 'R$\xa0489,00', 'review': None, 'store': 'Magazine Luiza'}
[2025-04-15T00:45:39.943+0000] {subprocess.py:106} INFO - 2025-04-15 00:45:39 [scrapy.core.scraper] DEBUG: Scraped from <200 https://www.magazineluiza.com.br/busca/garrafa+stanley+aerolight+fast+flow/?page=1?page=1>
[2025-04-15T00:45:39.946+0000] {subprocess.py:106} INFO - {'title': 'Garrafa Térmica Stanley Aerolight Fast Flow 0.7L Verde 08205', 'price': 'R$\xa0344,01', 'review': None, 'store': 'Magazine Luiza'}
[2025-04-15T00:45:39.948+0000] {subprocess.py:106} INFO - 2025-04-15 00:45:39 [scrapy.core.scraper] DEBUG: Scraped from <200 https://www.magazineluiza.com.br/busca/garrafa+stanley+aerolight+fast+flow/?page=1?page=1>
[2025-04-15T00:45:39.951+0000] {subprocess.py:106} INFO - {'title': 'Garrafa Térmico Aerolight Fast Flow 710 Ml Citron Stanley', 'price': 'R$\xa0329,57', 'review': None, 'store': 'Magazine Luiza'}
[2025-04-15T00:45:39.954+0000] {subprocess.py:106} INFO - 2025-04-15 00:45:39 [scrapy.core.scraper] DEBUG: Scraped from <200 https://www.magazineluiza.com.br/busca/garrafa+stanley+aerolight+fast+flow/?page=1?page=1>
[2025-04-15T00:45:39.957+0000] {subprocess.py:106} INFO - {'title': 'Garrafa Térmica Aerolight Fast Flow Polar 1,1L', 'price': 'R$\xa0479,99', 'review': None, 'store': 'Magazine Luiza'}
[2025-04-15T00:45:39.961+0000] {subprocess.py:106} INFO - 2025-04-15 00:45:39 [scrapy.core.scraper] DEBUG: Scraped from <200 https://www.magazineluiza.com.br/busca/garrafa+stanley+aerolight+fast+flow/?page=1?page=1>
[2025-04-15T00:45:39.963+0000] {subprocess.py:106} INFO - {'title': 'Garrafa Térmica Stanley Aerolight Fast Flow Lavender 710ML - STANLEY PMI', 'price': 'R$\xa0361,77', 'review': None, 'store': 'Magazine Luiza'}
[2025-04-15T00:45:39.965+0000] {subprocess.py:106} INFO - 2025-04-15 00:45:39 [scrapy.core.scraper] DEBUG: Scraped from <200 https://www.magazineluiza.com.br/busca/garrafa+stanley+aerolight+fast+flow/?page=1?page=1>
[2025-04-15T00:45:39.968+0000] {subprocess.py:106} INFO - {'title': 'Garrafa Térmica Stanley Aerolight Fast Flow Tigerlily 710ML - STANLEY PMI', 'price': 'R$\xa0365,00', 'review': None, 'store': 'Magazine Luiza'}
[2025-04-15T00:45:39.970+0000] {subprocess.py:106} INFO - 2025-04-15 00:45:39 [scrapy.core.engine] INFO: Closing spider (finished)
[2025-04-15T00:45:39.974+0000] {subprocess.py:106} INFO - 2025-04-15 00:45:39 [scrapy.extensions.feedexport] INFO: Stored csv feed (110 items) in: /opt/***/dags/scrap_result.csv
[2025-04-15T00:45:39.976+0000] {subprocess.py:106} INFO - 2025-04-15 00:45:39 [scrapy.statscollectors] INFO: Dumping Scrapy stats:
[2025-04-15T00:45:39.979+0000] {subprocess.py:106} INFO - {'downloader/request_bytes': 2450,
[2025-04-15T00:45:39.981+0000] {subprocess.py:106} INFO -  'downloader/request_count': 3,
[2025-04-15T00:45:39.984+0000] {subprocess.py:106} INFO -  'downloader/request_method_count/GET': 3,
[2025-04-15T00:45:39.987+0000] {subprocess.py:106} INFO -  'downloader/response_bytes': 285171,
[2025-04-15T00:45:39.989+0000] {subprocess.py:106} INFO -  'downloader/response_count': 3,
[2025-04-15T00:45:39.992+0000] {subprocess.py:106} INFO -  'downloader/response_status_count/200': 3,
[2025-04-15T00:45:39.994+0000] {subprocess.py:106} INFO -  'elapsed_time_seconds': 5.260638,
[2025-04-15T00:45:39.997+0000] {subprocess.py:106} INFO -  'feedexport/success_count/FileFeedStorage': 1,
[2025-04-15T00:45:39.999+0000] {subprocess.py:106} INFO -  'finish_reason': 'finished',
[2025-04-15T00:45:40.002+0000] {subprocess.py:106} INFO -  'finish_time': datetime.datetime(2025, 4, 15, 0, 45, 39, 389003, tzinfo=datetime.timezone.utc),
[2025-04-15T00:45:40.005+0000] {subprocess.py:106} INFO -  'httpcompression/response_bytes': 2119247,
[2025-04-15T00:45:40.007+0000] {subprocess.py:106} INFO -  'httpcompression/response_count': 3,
[2025-04-15T00:45:40.010+0000] {subprocess.py:106} INFO -  'item_scraped_count': 110,
[2025-04-15T00:45:40.012+0000] {subprocess.py:106} INFO -  'items_per_minute': None,
[2025-04-15T00:45:40.014+0000] {subprocess.py:106} INFO -  'log_count/DEBUG': 114,
[2025-04-15T00:45:40.017+0000] {subprocess.py:106} INFO -  'log_count/INFO': 11,
[2025-04-15T00:45:40.020+0000] {subprocess.py:106} INFO -  'memusage/max': 218734592,
[2025-04-15T00:45:40.022+0000] {subprocess.py:106} INFO -  'memusage/startup': 218734592,
[2025-04-15T00:45:40.025+0000] {subprocess.py:106} INFO -  'request_depth_max': 1,
[2025-04-15T00:45:40.027+0000] {subprocess.py:106} INFO -  'response_received_count': 3,
[2025-04-15T00:45:40.030+0000] {subprocess.py:106} INFO -  'responses_per_minute': None,
[2025-04-15T00:45:40.032+0000] {subprocess.py:106} INFO -  'scheduler/dequeued': 3,
[2025-04-15T00:45:40.035+0000] {subprocess.py:106} INFO -  'scheduler/dequeued/memory': 3,
[2025-04-15T00:45:40.037+0000] {subprocess.py:106} INFO -  'scheduler/enqueued': 3,
[2025-04-15T00:45:40.039+0000] {subprocess.py:106} INFO -  'scheduler/enqueued/memory': 3,
[2025-04-15T00:45:40.042+0000] {subprocess.py:106} INFO -  'start_time': datetime.datetime(2025, 4, 15, 0, 45, 34, 128365, tzinfo=datetime.timezone.utc)}
[2025-04-15T00:45:40.044+0000] {subprocess.py:106} INFO - 2025-04-15 00:45:39 [scrapy.core.engine] INFO: Spider closed (finished)
[2025-04-15T00:45:40.046+0000] {subprocess.py:106} INFO - 
[2025-04-15T00:45:40.048+0000] {subprocess.py:106} INFO - GARRAFA STANLEY AEROLIGHT FAST FLOW 1.1Lt ORIGINAL TODAS AS CORES
[2025-04-15T00:45:40.051+0000] {subprocess.py:106} INFO - [R$ 332,00]
[2025-04-15T00:45:40.053+0000] {subprocess.py:106} INFO - 4.2 (6)
[2025-04-15T00:45:40.055+0000] {subprocess.py:106} INFO - Garrafa stanley aerolight fast flow 710ml original todas as cores
[2025-04-15T00:45:40.057+0000] {subprocess.py:106} INFO - [R$ 304,10]
[2025-04-15T00:45:40.060+0000] {subprocess.py:106} INFO - 5.0 (1)
[2025-04-15T00:45:40.062+0000] {subprocess.py:106} INFO - Garrafa Térmica Aerolight Stanley Fast Flow 710ml - Matte Black
[2025-04-15T00:45:40.064+0000] {subprocess.py:106} INFO - [R$ 287,37]
[2025-04-15T00:45:40.067+0000] {subprocess.py:106} INFO - 5.0 (1)
[2025-04-15T00:45:40.069+0000] {subprocess.py:106} INFO - Garrafa Térmica Stanley Aerolight Fast Flow Lavender 710ML - STANLEY PMI
[2025-04-15T00:45:40.072+0000] {subprocess.py:106} INFO - [R$ 289,97]
[2025-04-15T00:45:40.073+0000] {subprocess.py:106} INFO - None
[2025-04-15T00:45:40.077+0000] {subprocess.py:106} INFO - Stanley Garrafa Térmica Aerolight Original Fast Flow Branco Polar 710ml
[2025-04-15T00:45:40.081+0000] {subprocess.py:106} INFO - [R$ 332,10]
[2025-04-15T00:45:40.084+0000] {subprocess.py:106} INFO - None
[2025-04-15T00:45:40.086+0000] {subprocess.py:106} INFO - Garrafa Térmica Aerolight Stanley Fast Flow 1,1L - Tigerlily
[2025-04-15T00:45:40.088+0000] {subprocess.py:106} INFO - [R$ 315,27]
[2025-04-15T00:45:40.090+0000] {subprocess.py:106} INFO - 5.0 (1)
[2025-04-15T00:45:40.092+0000] {subprocess.py:106} INFO - Garrafa Térmica Stanley Aerolight Fast Flow 1.1L Pink
[2025-04-15T00:45:40.094+0000] {subprocess.py:106} INFO - [R$ 289,23]
[2025-04-15T00:45:40.096+0000] {subprocess.py:106} INFO - None
[2025-04-15T00:45:40.100+0000] {subprocess.py:106} INFO - Garrafa Térmica Aerolight Fast Flow Matte Black 1,1L Stanley
[2025-04-15T00:45:40.103+0000] {subprocess.py:106} INFO - [R$ 351,23]
[2025-04-15T00:45:40.106+0000] {subprocess.py:106} INFO - 4.2 (6)
[2025-04-15T00:45:40.109+0000] {subprocess.py:106} INFO - Garrafa Térmica Aerolight Stanley Fast Flow 710ml - Lavender
[2025-04-15T00:45:40.112+0000] {subprocess.py:106} INFO - [R$ 287,37]
[2025-04-15T00:45:40.115+0000] {subprocess.py:106} INFO - None
[2025-04-15T00:45:40.118+0000] {subprocess.py:106} INFO - Garrafa Térmica Stanley Aerolight Fast Flow Branco Polar 1,1 Litros
[2025-04-15T00:45:40.120+0000] {subprocess.py:106} INFO - [R$ 299,46]
[2025-04-15T00:45:40.122+0000] {subprocess.py:106} INFO - None
[2025-04-15T00:45:40.124+0000] {subprocess.py:106} INFO - Garrafa Térmica Aerolight Stanley Fast Flow 1,1L - Citron
[2025-04-15T00:45:40.127+0000] {subprocess.py:106} INFO - [R$ 315,27]
[2025-04-15T00:45:40.129+0000] {subprocess.py:106} INFO - None
[2025-04-15T00:45:40.131+0000] {subprocess.py:106} INFO - Garrafa Térmica Aerolight Stanley Fast Flow 1,1L - Polar
[2025-04-15T00:45:40.134+0000] {subprocess.py:106} INFO - [R$ 315,27]
[2025-04-15T00:45:40.137+0000] {subprocess.py:106} INFO - None
[2025-04-15T00:45:40.140+0000] {subprocess.py:106} INFO - Garrafa Térmica Stanley Aerolight Fast Flow Citron 710ML
[2025-04-15T00:45:40.142+0000] {subprocess.py:106} INFO - [R$ 272,49]
[2025-04-15T00:45:40.144+0000] {subprocess.py:106} INFO - None
[2025-04-15T00:45:40.146+0000] {subprocess.py:106} INFO - Garrafa Térmica Stanley Aerolight Fast Flow Original Laranja Tigerlily 1,1 L
[2025-04-15T00:45:40.148+0000] {subprocess.py:106} INFO - [R$ 379,00]
[2025-04-15T00:45:40.151+0000] {subprocess.py:106} INFO - 5.0 (1)
[2025-04-15T00:45:40.154+0000] {subprocess.py:106} INFO - Garrafa Térmica Aerolight Laranja Fast Flow Tigerlily 1,1L Stanley
[2025-04-15T00:45:40.157+0000] {subprocess.py:106} INFO - [R$ 344,01]
[2025-04-15T00:45:40.160+0000] {subprocess.py:106} INFO - 5.0 (1)
[2025-04-15T00:45:40.163+0000] {subprocess.py:106} INFO - Garrafa stanley térmica aerolight fast flow em aço inox 710ml lavender 08241-00
[2025-04-15T00:45:40.166+0000] {subprocess.py:106} INFO - [R$ 324,57]
[2025-04-15T00:45:40.169+0000] {subprocess.py:106} INFO - None
[2025-04-15T00:45:40.214+0000] {subprocess.py:106} INFO - Garrafa stanley térmica aerolight fast flow 1,1 litros laranja tigerlily 08242-00
[2025-04-15T00:45:40.217+0000] {subprocess.py:106} INFO - [R$ 343,17]
[2025-04-15T00:45:40.220+0000] {subprocess.py:106} INFO - 5.0 (1)
[2025-04-15T00:45:40.222+0000] {subprocess.py:106} INFO - Garrafa Térmica Stanley Aerolight Fast Flow 710ml Rosa Claro
[2025-04-15T00:45:40.225+0000] {subprocess.py:106} INFO - [R$ 268,57]
[2025-04-15T00:45:40.226+0000] {subprocess.py:106} INFO - None
[2025-04-15T00:45:40.228+0000] {subprocess.py:106} INFO - Garrafa Térmica Stanley Aerolight Fast Flow 1.1L Verde Água
[2025-04-15T00:45:40.230+0000] {subprocess.py:106} INFO - [R$ 289,23]
[2025-04-15T00:45:40.232+0000] {subprocess.py:106} INFO - None
[2025-04-15T00:45:40.234+0000] {subprocess.py:106} INFO - Garrafa Térmica Stanley Aerolight Fast Flow Branco Polar 1,1 Litros - STANLEY PMI
[2025-04-15T00:45:40.236+0000] {subprocess.py:106} INFO - [R$ 399,00]
[2025-04-15T00:45:40.239+0000] {subprocess.py:106} INFO - None
[2025-04-15T00:45:40.243+0000] {subprocess.py:106} INFO - Garrafa Térmica Stanley Aerolight Fast Flow Matte Black 710ML - STANLEY PMI
[2025-04-15T00:45:40.245+0000] {subprocess.py:106} INFO - [R$ 365,00]
[2025-04-15T00:45:40.247+0000] {subprocess.py:106} INFO - 5.0 (1)
[2025-04-15T00:45:40.250+0000] {subprocess.py:106} INFO - Garrafa stanley térmica aerolight fast flow em aço inox 710ml laranja tigerlily 08204-00
[2025-04-15T00:45:40.253+0000] {subprocess.py:106} INFO - [R$ 324,57]
[2025-04-15T00:45:40.255+0000] {subprocess.py:106} INFO - None
[2025-04-15T00:45:40.257+0000] {subprocess.py:106} INFO - Garrafa stanley térmica aerolight fast flow em aço inox 710ml vivid violet 08405-00
[2025-04-15T00:45:40.260+0000] {subprocess.py:106} INFO - [R$ 324,57]
[2025-04-15T00:45:40.262+0000] {subprocess.py:106} INFO - None
[2025-04-15T00:45:40.264+0000] {subprocess.py:106} INFO - Garrafa Térmica Stanley Aerolight Fast Flow 710ml Lilás
[2025-04-15T00:45:40.267+0000] {subprocess.py:106} INFO - [R$ 268,57]
[2025-04-15T00:45:40.269+0000] {subprocess.py:106} INFO - None
[2025-04-15T00:45:40.270+0000] {subprocess.py:106} INFO - Garrafa Térmica Stanley Aerolight Fast Flow Branco Polar 1,1 Litros - STANLEY PMI
[2025-04-15T00:45:40.273+0000] {subprocess.py:106} INFO - [R$ 385,90]
[2025-04-15T00:45:40.275+0000] {subprocess.py:106} INFO - None
[2025-04-15T00:45:40.277+0000] {subprocess.py:106} INFO - Garrafa Térmica Stanley Aerolight Fast Flow 710 ML Azul 0838
[2025-04-15T00:45:40.279+0000] {subprocess.py:106} INFO - [R$ 369,90]
[2025-04-15T00:45:40.281+0000] {subprocess.py:106} INFO - None
[2025-04-15T00:45:40.283+0000] {subprocess.py:106} INFO - Garrafa stanley térmica aerolight fast flow 1,1 litros branco polar 08207-00
[2025-04-15T00:45:40.285+0000] {subprocess.py:106} INFO - [R$ 343,17]
[2025-04-15T00:45:40.287+0000] {subprocess.py:106} INFO - None
[2025-04-15T00:45:40.289+0000] {subprocess.py:106} INFO - Garrafa Térmica Stanley Aerolight Fast Flow 710ml Azul Claro
[2025-04-15T00:45:40.291+0000] {subprocess.py:106} INFO - [R$ 268,57]
[2025-04-15T00:45:40.293+0000] {subprocess.py:106} INFO - None
[2025-04-15T00:45:40.295+0000] {subprocess.py:106} INFO - Garrafa termica stanley aerolight fast flow tigerlily 1,1l cod8208 cx6
[2025-04-15T00:45:40.297+0000] {subprocess.py:106} INFO - [R$ 434,37]
[2025-04-15T00:45:40.299+0000] {subprocess.py:106} INFO - 5.0 (1)
[2025-04-15T00:45:40.301+0000] {subprocess.py:106} INFO - Garrafa Térmica Stanley Aerolight Fast Flow Branco Polar 710
[2025-04-15T00:45:40.304+0000] {subprocess.py:106} INFO - [R$ 361,00]
[2025-04-15T00:45:40.307+0000] {subprocess.py:106} INFO - None
[2025-04-15T00:45:40.309+0000] {subprocess.py:106} INFO - Garrafa Térmica Stanley IceFlow Aerolight Fast Flow 700ml - Cinza
[2025-04-15T00:45:40.311+0000] {subprocess.py:106} INFO - [R$ 448,45]
[2025-04-15T00:45:40.313+0000] {subprocess.py:106} INFO - None
[2025-04-15T00:45:40.315+0000] {subprocess.py:106} INFO - Garrafa Térmica STanley Aerolight Fast Flow 1,1L
[2025-04-15T00:45:40.317+0000] {subprocess.py:106} INFO - [R$ 368,18]
[2025-04-15T00:45:40.319+0000] {subprocess.py:106} INFO - None
[2025-04-15T00:45:40.321+0000] {subprocess.py:106} INFO - Garrafa Térmica Stanley Aerolight Fast Flow Citron 1,1 Litros - STANLEY PMI
[2025-04-15T00:45:40.323+0000] {subprocess.py:106} INFO - [R$ 359,43]
[2025-04-15T00:45:40.325+0000] {subprocess.py:106} INFO - None
[2025-04-15T00:45:40.328+0000] {subprocess.py:106} INFO - Garrafa Térmica Aerolight Fast Flow 1,1L Polar Stanley
[2025-04-15T00:45:40.330+0000] {subprocess.py:106} INFO - [R$ 379,00]
[2025-04-15T00:45:40.332+0000] {subprocess.py:106} INFO - None
[2025-04-15T00:45:40.334+0000] {subprocess.py:106} INFO - Garrafa Térmica Aerolight Fast Flow Tigerlily 710ml Stanley
[2025-04-15T00:45:40.336+0000] {subprocess.py:106} INFO - [R$ 289,23]
[2025-04-15T00:45:40.338+0000] {subprocess.py:106} INFO - None
[2025-04-15T00:45:40.340+0000] {subprocess.py:106} INFO - Garrafa stanley térmica aerolight fast flow em aço inox 710ml azul tropical teal 08406-00
[2025-04-15T00:45:40.344+0000] {subprocess.py:106} INFO - [R$ 324,57]
[2025-04-15T00:45:40.346+0000] {subprocess.py:106} INFO - None
[2025-04-15T00:45:40.348+0000] {subprocess.py:106} INFO - Garrafa Térmica Stanley Aerolight Fast Flow Citron 1,1 Litros - STANLEY PMI
[2025-04-15T00:45:40.350+0000] {subprocess.py:106} INFO - [R$ 385,90]
[2025-04-15T00:45:40.353+0000] {subprocess.py:106} INFO - None
[2025-04-15T00:45:40.355+0000] {subprocess.py:106} INFO - Garrafa Térmica Stanley Aerolight Fast Flow 710ml Verde Água
[2025-04-15T00:45:40.358+0000] {subprocess.py:106} INFO - [R$ 268,57]
[2025-04-15T00:45:40.360+0000] {subprocess.py:106} INFO - None
[2025-04-15T00:45:40.362+0000] {subprocess.py:106} INFO - Garrafa Térmica Aerolight Fast Flow Stanley 710ML
[2025-04-15T00:45:40.364+0000] {subprocess.py:106} INFO - [R$ 359,91]
[2025-04-15T00:45:40.366+0000] {subprocess.py:106} INFO - None
[2025-04-15T00:45:40.369+0000] {subprocess.py:106} INFO - Garrafa Térmica Aerolight Fast Flow Polar 1,1L Stanley
[2025-04-15T00:45:40.372+0000] {subprocess.py:106} INFO - [R$ 351,23]
[2025-04-15T00:45:40.374+0000] {subprocess.py:106} INFO - None
[2025-04-15T00:45:40.377+0000] {subprocess.py:106} INFO - Garrafa Térmica Stanley Aerolight Fast Flow Citron 710ML - STANLEY PMI
[2025-04-15T00:45:40.379+0000] {subprocess.py:106} INFO - [R$ 419,90]
[2025-04-15T00:45:40.382+0000] {subprocess.py:106} INFO - None
[2025-04-15T00:45:40.384+0000] {subprocess.py:106} INFO - Garrafa Térmica Aerolight Fast Flow Heat Wave Passion Pink 710ML Stanley
[2025-04-15T00:45:40.386+0000] {subprocess.py:106} INFO - [R$ 306,81]
[2025-04-15T00:45:40.388+0000] {subprocess.py:106} INFO - None
[2025-04-15T00:45:40.390+0000] {subprocess.py:106} INFO - Garrafa stanley térmica aerolight fast flow em aço inox 710ml passion pink 08404-00
[2025-04-15T00:45:40.393+0000] {subprocess.py:106} INFO - [R$ 324,57]
[2025-04-15T00:45:40.394+0000] {subprocess.py:106} INFO - None
[2025-04-15T00:45:40.396+0000] {subprocess.py:106} INFO - Garrafa Térmica STanley Aerolight Fast Flow 1,1L
[2025-04-15T00:45:40.398+0000] {subprocess.py:106} INFO - [R$ 368,18]
[2025-04-15T00:45:40.401+0000] {subprocess.py:106} INFO - None
[2025-04-15T00:45:40.403+0000] {subprocess.py:106} INFO - Garrafa Térmica Stanley Aerolight Fast Flow Citron 1,1 Litros - STANLEY PMI
[2025-04-15T00:45:40.406+0000] {subprocess.py:106} INFO - [R$ 371,07]
[2025-04-15T00:45:40.408+0000] {subprocess.py:106} INFO - None
[2025-04-15T00:45:40.410+0000] {subprocess.py:106} INFO - Garrafa stanley térmica aerolight fast flow 710ml matte black 08202-00
[2025-04-15T00:45:40.412+0000] {subprocess.py:106} INFO - [R$ 324,57]
[2025-04-15T00:45:40.414+0000] {subprocess.py:106} INFO - 5.0 (1)
[2025-04-15T00:45:40.416+0000] {subprocess.py:106} INFO - Garrafa Térmica Stanley Aerolight Fast Flow 710ml Verde Limão
[2025-04-15T00:45:40.419+0000] {subprocess.py:106} INFO - [R$ 268,57]
[2025-04-15T00:45:40.420+0000] {subprocess.py:106} INFO - None
[2025-04-15T00:45:40.423+0000] {subprocess.py:106} INFO - Garrafa Térmica Stanley Aerolight Fast Flow Branco Polar 710ML - STANLEY PMI
[2025-04-15T00:45:40.427+0000] {subprocess.py:106} INFO - [R$ 369,90]
[2025-04-15T00:45:40.430+0000] {subprocess.py:106} INFO - None
[2025-04-15T00:45:40.433+0000] {subprocess.py:106} INFO - Garrafa Térmica Aerolight Fast Flow Stanley Citron 710 Ml
[2025-04-15T00:45:40.437+0000] {subprocess.py:106} INFO - [R$ 365,00]
[2025-04-15T00:45:40.441+0000] {subprocess.py:106} INFO - None
[2025-04-15T00:45:40.445+0000] {subprocess.py:106} INFO - Garrafa Térmica Stanley Aerolight Fast Flow Citron 1,1 Litros - STANLEY PMI
[2025-04-15T00:45:40.448+0000] {subprocess.py:106} INFO - [R$ 489,00]
[2025-04-15T00:45:40.451+0000] {subprocess.py:106} INFO - None
[2025-04-15T00:45:40.454+0000] {subprocess.py:106} INFO - Garrafa Térmica Stanley Aerolight Fast Flow 0.7L Verde 08205
[2025-04-15T00:45:40.457+0000] {subprocess.py:106} INFO - [R$ 344,01]
[2025-04-15T00:45:40.461+0000] {subprocess.py:106} INFO - None
[2025-04-15T00:45:40.464+0000] {subprocess.py:106} INFO - Garrafa Térmico Aerolight Fast Flow 710 Ml Citron Stanley
[2025-04-15T00:45:40.470+0000] {subprocess.py:106} INFO - [R$ 329,57]
[2025-04-15T00:45:40.472+0000] {subprocess.py:106} INFO - None
[2025-04-15T00:45:40.474+0000] {subprocess.py:106} INFO - Garrafa Térmica Aerolight Fast Flow Polar 1,1L
[2025-04-15T00:45:40.476+0000] {subprocess.py:106} INFO - [R$ 479,99]
[2025-04-15T00:45:40.477+0000] {subprocess.py:106} INFO - None
[2025-04-15T00:45:40.479+0000] {subprocess.py:106} INFO - Garrafa Térmica Stanley Aerolight Fast Flow Lavender 710ML - STANLEY PMI
[2025-04-15T00:45:40.481+0000] {subprocess.py:106} INFO - [R$ 361,77]
[2025-04-15T00:45:40.483+0000] {subprocess.py:106} INFO - None
[2025-04-15T00:45:40.485+0000] {subprocess.py:106} INFO - Garrafa Térmica Stanley Aerolight Fast Flow Tigerlily 710ML - STANLEY PMI
[2025-04-15T00:45:40.487+0000] {subprocess.py:106} INFO - [R$ 365,00]
[2025-04-15T00:45:40.489+0000] {subprocess.py:106} INFO - None
[2025-04-15T00:45:40.491+0000] {subprocess.py:110} INFO - Command exited with return code 0
[2025-04-15T00:45:40.635+0000] {taskinstance.py:341} INFO - ::group::Post task execution logs
[2025-04-15T00:45:40.638+0000] {taskinstance.py:353} INFO - Marking task as SUCCESS. dag_id=pipeline_garrafa_stanley, task_id=scrap_magalu, run_id=manual__2025-04-15T00:45:23.709523+00:00, execution_date=20250415T004523, start_date=20250415T004527, end_date=20250415T004540
[2025-04-15T00:45:40.843+0000] {local_task_job_runner.py:266} INFO - Task exited with return code 0
[2025-04-15T00:45:40.968+0000] {taskinstance.py:3901} INFO - 1 downstream tasks scheduled from follow-on schedule check
[2025-04-15T00:45:40.976+0000] {local_task_job_runner.py:245} INFO - ::endgroup::
