[2025-04-14T19:59:33.899+0000] {local_task_job_runner.py:123} INFO - ::group::Pre task execution logs
[2025-04-14T19:59:33.992+0000] {taskinstance.py:2614} INFO - Dependencies all met for dep_context=non-requeueable deps ti=<TaskInstance: pipeline_garrafa_stanley.etl_scrap manual__2025-04-14T19:59:05.935033+00:00 [queued]>
[2025-04-14T19:59:34.019+0000] {taskinstance.py:2614} INFO - Dependencies all met for dep_context=requeueable deps ti=<TaskInstance: pipeline_garrafa_stanley.etl_scrap manual__2025-04-14T19:59:05.935033+00:00 [queued]>
[2025-04-14T19:59:34.021+0000] {taskinstance.py:2867} INFO - Starting attempt 1 of 1
[2025-04-14T19:59:34.056+0000] {taskinstance.py:2890} INFO - Executing <Task(PythonOperator): etl_scrap> on 2025-04-14 19:59:05.935033+00:00
[2025-04-14T19:59:34.074+0000] {warnings.py:112} WARNING - /home/***/.local/lib/python3.12/site-packages/***/task/task_runner/standard_task_runner.py:70: DeprecationWarning: This process (pid=4939) is multi-threaded, use of fork() may lead to deadlocks in the child.
  pid = os.fork()

[2025-04-14T19:59:34.079+0000] {standard_task_runner.py:72} INFO - Started process 4941 to run task
[2025-04-14T19:59:34.079+0000] {standard_task_runner.py:104} INFO - Running: ['***', 'tasks', 'run', 'pipeline_garrafa_stanley', 'etl_scrap', 'manual__2025-04-14T19:59:05.935033+00:00', '--job-id', '63', '--raw', '--subdir', 'DAGS_FOLDER/pipeline.py', '--cfg-path', '/tmp/tmpmpmakqrg']
[2025-04-14T19:59:34.085+0000] {standard_task_runner.py:105} INFO - Job 63: Subtask etl_scrap
[2025-04-14T19:59:34.292+0000] {task_command.py:467} INFO - Running <TaskInstance: pipeline_garrafa_stanley.etl_scrap manual__2025-04-14T19:59:05.935033+00:00 [running]> on host f1db68b53ea1
[2025-04-14T19:59:34.880+0000] {taskinstance.py:3134} INFO - Exporting env vars: AIRFLOW_CTX_DAG_OWNER='***' AIRFLOW_CTX_DAG_ID='pipeline_garrafa_stanley' AIRFLOW_CTX_TASK_ID='etl_scrap' AIRFLOW_CTX_EXECUTION_DATE='2025-04-14T19:59:05.935033+00:00' AIRFLOW_CTX_TRY_NUMBER='1' AIRFLOW_CTX_DAG_RUN_ID='manual__2025-04-14T19:59:05.935033+00:00'
[2025-04-14T19:59:34.905+0000] {taskinstance.py:732} INFO - ::endgroup::
[2025-04-14T19:59:35.550+0000] {logging_mixin.py:190} INFO - Leitura de '/opt/***/dags/scrap_result.csv' realizada com sucesso.
[2025-04-14T19:59:35.554+0000] {logging_mixin.py:190} INFO - Normalização dos dados realizada com sucesso.
[2025-04-14T19:59:35.557+0000] {logging_mixin.py:190} INFO - Carga realizada com sucesso na tabela 'scrappy'.
[2025-04-14T19:59:35.562+0000] {python.py:240} INFO - Done. Returned value was: None
[2025-04-14T19:59:35.632+0000] {taskinstance.py:341} INFO - ::group::Post task execution logs
[2025-04-14T19:59:35.636+0000] {taskinstance.py:353} INFO - Marking task as SUCCESS. dag_id=pipeline_garrafa_stanley, task_id=etl_scrap, run_id=manual__2025-04-14T19:59:05.935033+00:00, execution_date=20250414T195905, start_date=20250414T195933, end_date=20250414T195935
[2025-04-14T19:59:35.891+0000] {local_task_job_runner.py:266} INFO - Task exited with return code 0
[2025-04-14T19:59:35.962+0000] {local_task_job_runner.py:245} INFO - ::endgroup::
