[2025-04-12T20:02:03.088+0000] {local_task_job_runner.py:123} INFO - ::group::Pre task execution logs
[2025-04-12T20:02:03.135+0000] {taskinstance.py:2614} INFO - Dependencies all met for dep_context=non-requeueable deps ti=<TaskInstance: crm-elastic-dag.hello manual__2025-04-12T19:37:35.240384+00:00 [queued]>
[2025-04-12T20:02:03.147+0000] {taskinstance.py:2614} INFO - Dependencies all met for dep_context=requeueable deps ti=<TaskInstance: crm-elastic-dag.hello manual__2025-04-12T19:37:35.240384+00:00 [queued]>
[2025-04-12T20:02:03.148+0000] {taskinstance.py:2867} INFO - Starting attempt 1 of 1
[2025-04-12T20:02:03.167+0000] {taskinstance.py:2890} INFO - Executing <Task(PythonOperator): hello> on 2025-04-12 19:37:35.240384+00:00
[2025-04-12T20:02:03.176+0000] {warnings.py:112} WARNING - /home/***/.local/lib/python3.12/site-packages/***/task/task_runner/standard_task_runner.py:70: DeprecationWarning: This process (pid=83) is multi-threaded, use of fork() may lead to deadlocks in the child.
  pid = os.fork()

[2025-04-12T20:02:03.179+0000] {standard_task_runner.py:72} INFO - Started process 84 to run task
[2025-04-12T20:02:03.178+0000] {standard_task_runner.py:104} INFO - Running: ['***', 'tasks', 'run', 'crm-elastic-dag', 'hello', 'manual__2025-04-12T19:37:35.240384+00:00', '--job-id', '13', '--raw', '--subdir', 'DAGS_FOLDER/dag_teste2.py', '--cfg-path', '/tmp/tmpe6358u7_']
[2025-04-12T20:02:03.180+0000] {standard_task_runner.py:105} INFO - Job 13: Subtask hello
[2025-04-12T20:02:03.289+0000] {task_command.py:467} INFO - Running <TaskInstance: crm-elastic-dag.hello manual__2025-04-12T19:37:35.240384+00:00 [running]> on host 6af0a01c49e6
[2025-04-12T20:02:03.477+0000] {taskinstance.py:3134} INFO - Exporting env vars: AIRFLOW_CTX_DAG_OWNER='Vincent Stevenson' AIRFLOW_CTX_DAG_ID='crm-elastic-dag' AIRFLOW_CTX_TASK_ID='hello' AIRFLOW_CTX_EXECUTION_DATE='2025-04-12T19:37:35.240384+00:00' AIRFLOW_CTX_TRY_NUMBER='1' AIRFLOW_CTX_DAG_RUN_ID='manual__2025-04-12T19:37:35.240384+00:00'
[2025-04-12T20:02:03.481+0000] {taskinstance.py:732} INFO - ::endgroup::
[2025-04-12T20:02:03.521+0000] {logging_mixin.py:190} INFO - Hello!
[2025-04-12T20:02:03.521+0000] {python.py:240} INFO - Done. Returned value was: None
[2025-04-12T20:02:03.549+0000] {taskinstance.py:341} INFO - ::group::Post task execution logs
[2025-04-12T20:02:03.552+0000] {taskinstance.py:353} INFO - Marking task as SUCCESS. dag_id=crm-elastic-dag, task_id=hello, run_id=manual__2025-04-12T19:37:35.240384+00:00, execution_date=20250412T193735, start_date=20250412T200203, end_date=20250412T200203
[2025-04-12T20:02:03.679+0000] {local_task_job_runner.py:266} INFO - Task exited with return code 0
[2025-04-12T20:02:03.735+0000] {taskinstance.py:3901} INFO - 0 downstream tasks scheduled from follow-on schedule check
[2025-04-12T20:02:03.740+0000] {local_task_job_runner.py:245} INFO - ::endgroup::
