[2025-04-15T00:57:24.990+0000] {local_task_job_runner.py:123} INFO - ::group::Pre task execution logs
[2025-04-15T00:57:25.057+0000] {taskinstance.py:2614} INFO - Dependencies all met for dep_context=non-requeueable deps ti=<TaskInstance: pipeline_garrafa_stanley.scrap_magalu manual__2025-04-15T00:57:21.603424+00:00 [queued]>
[2025-04-15T00:57:25.078+0000] {taskinstance.py:2614} INFO - Dependencies all met for dep_context=requeueable deps ti=<TaskInstance: pipeline_garrafa_stanley.scrap_magalu manual__2025-04-15T00:57:21.603424+00:00 [queued]>
[2025-04-15T00:57:25.081+0000] {taskinstance.py:2867} INFO - Starting attempt 1 of 1
[2025-04-15T00:57:25.121+0000] {taskinstance.py:2890} INFO - Executing <Task(BashOperator): scrap_magalu> on 2025-04-15 00:57:21.603424+00:00
[2025-04-15T00:57:25.140+0000] {warnings.py:112} WARNING - /home/***/.local/lib/python3.12/site-packages/***/task/task_runner/standard_task_runner.py:70: DeprecationWarning: This process (pid=4298) is multi-threaded, use of fork() may lead to deadlocks in the child.
  pid = os.fork()

[2025-04-15T00:57:25.145+0000] {standard_task_runner.py:72} INFO - Started process 4300 to run task
[2025-04-15T00:57:25.146+0000] {standard_task_runner.py:104} INFO - Running: ['***', 'tasks', 'run', 'pipeline_garrafa_stanley', 'scrap_magalu', 'manual__2025-04-15T00:57:21.603424+00:00', '--job-id', '155', '--raw', '--subdir', 'DAGS_FOLDER/pipeline.py', '--cfg-path', '/tmp/tmpu5am7c1_']
[2025-04-15T00:57:25.156+0000] {standard_task_runner.py:105} INFO - Job 155: Subtask scrap_magalu
[2025-04-15T00:57:25.366+0000] {task_command.py:467} INFO - Running <TaskInstance: pipeline_garrafa_stanley.scrap_magalu manual__2025-04-15T00:57:21.603424+00:00 [running]> on host a68e7f38875d
[2025-04-15T00:57:25.758+0000] {taskinstance.py:3134} INFO - Exporting env vars: AIRFLOW_CTX_DAG_OWNER='Mário Kojima' AIRFLOW_CTX_DAG_ID='pipeline_garrafa_stanley' AIRFLOW_CTX_TASK_ID='scrap_magalu' AIRFLOW_CTX_EXECUTION_DATE='2025-04-15T00:57:21.603424+00:00' AIRFLOW_CTX_TRY_NUMBER='1' AIRFLOW_CTX_DAG_RUN_ID='manual__2025-04-15T00:57:21.603424+00:00'
[2025-04-15T00:57:25.762+0000] {taskinstance.py:732} INFO - ::endgroup::
[2025-04-15T00:57:25.814+0000] {subprocess.py:78} INFO - Tmp dir root location: /tmp
[2025-04-15T00:57:25.819+0000] {subprocess.py:88} INFO - Running command: ['/usr/bin/bash', '-c', 'scrapy runspider /opt/***/dags/scrap_magalu.py -O /opt/***/dags/scrap_result.csv']
[2025-04-15T00:57:25.876+0000] {subprocess.py:99} INFO - Output:
[2025-04-15T00:57:28.664+0000] {subprocess.py:106} INFO - 2025-04-15 00:57:28 [scrapy.utils.log] INFO: Scrapy 2.12.0 started (bot: scrapybot)
[2025-04-15T00:57:28.672+0000] {subprocess.py:106} INFO - 2025-04-15 00:57:28 [scrapy.utils.log] INFO: Versions: lxml 5.3.0.0, libxml2 2.12.9, cssselect 1.3.0, parsel 1.10.0, w3lib 2.3.1, Twisted 24.11.0, Python 3.12.9 (main, Feb  6 2025, 22:37:05) [GCC 12.2.0], pyOpenSSL 24.3.0 (OpenSSL 3.2.2 4 Jun 2024), cryptography 42.0.8, Platform Linux-5.10.76-linuxkit-x86_64-with-glibc2.36
[2025-04-15T00:57:28.682+0000] {subprocess.py:106} INFO - 2025-04-15 00:57:28 [scrapy.addons] INFO: Enabled addons:
[2025-04-15T00:57:28.685+0000] {subprocess.py:106} INFO - []
[2025-04-15T00:57:28.688+0000] {subprocess.py:106} INFO - 2025-04-15 00:57:28 [scrapy.utils.log] DEBUG: Using reactor: twisted.internet.epollreactor.EPollReactor
[2025-04-15T00:57:28.693+0000] {subprocess.py:106} INFO - 2025-04-15 00:57:28 [scrapy.extensions.telnet] INFO: Telnet Password: 211a2af01b2216fb
[2025-04-15T00:57:28.800+0000] {subprocess.py:106} INFO - 2025-04-15 00:57:28 [scrapy.middleware] INFO: Enabled extensions:
[2025-04-15T00:57:28.802+0000] {subprocess.py:106} INFO - ['scrapy.extensions.corestats.CoreStats',
[2025-04-15T00:57:28.804+0000] {subprocess.py:106} INFO -  'scrapy.extensions.telnet.TelnetConsole',
[2025-04-15T00:57:28.806+0000] {subprocess.py:106} INFO -  'scrapy.extensions.memusage.MemoryUsage',
[2025-04-15T00:57:28.808+0000] {subprocess.py:106} INFO -  'scrapy.extensions.feedexport.FeedExporter',
[2025-04-15T00:57:28.810+0000] {subprocess.py:106} INFO -  'scrapy.extensions.logstats.LogStats']
[2025-04-15T00:57:28.813+0000] {subprocess.py:106} INFO - 2025-04-15 00:57:28 [scrapy.crawler] INFO: Overridden settings:
[2025-04-15T00:57:28.816+0000] {subprocess.py:106} INFO - {'SPIDER_LOADER_WARN_ONLY': True,
[2025-04-15T00:57:28.818+0000] {subprocess.py:106} INFO -  'USER_AGENT': 'Mozilla/5.0 (X11; Linux x86_64) AppleWebKit/537.36 (KHTML, '
[2025-04-15T00:57:28.820+0000] {subprocess.py:106} INFO -                'like Gecko) Chrome/51.0.2704.103 Safari/537.36'}
[2025-04-15T00:57:29.180+0000] {subprocess.py:106} INFO - 2025-04-15 00:57:29 [scrapy.middleware] INFO: Enabled downloader middlewares:
[2025-04-15T00:57:29.183+0000] {subprocess.py:106} INFO - ['scrapy.downloadermiddlewares.offsite.OffsiteMiddleware',
[2025-04-15T00:57:29.186+0000] {subprocess.py:106} INFO -  'scrapy.downloadermiddlewares.httpauth.HttpAuthMiddleware',
[2025-04-15T00:57:29.190+0000] {subprocess.py:106} INFO -  'scrapy.downloadermiddlewares.downloadtimeout.DownloadTimeoutMiddleware',
[2025-04-15T00:57:29.193+0000] {subprocess.py:106} INFO -  'scrapy.downloadermiddlewares.defaultheaders.DefaultHeadersMiddleware',
[2025-04-15T00:57:29.195+0000] {subprocess.py:106} INFO -  'scrapy.downloadermiddlewares.useragent.UserAgentMiddleware',
[2025-04-15T00:57:29.198+0000] {subprocess.py:106} INFO -  'scrapy.downloadermiddlewares.retry.RetryMiddleware',
[2025-04-15T00:57:29.201+0000] {subprocess.py:106} INFO -  'scrapy.downloadermiddlewares.redirect.MetaRefreshMiddleware',
[2025-04-15T00:57:29.204+0000] {subprocess.py:106} INFO -  'scrapy.downloadermiddlewares.httpcompression.HttpCompressionMiddleware',
[2025-04-15T00:57:29.208+0000] {subprocess.py:106} INFO -  'scrapy.downloadermiddlewares.redirect.RedirectMiddleware',
[2025-04-15T00:57:29.210+0000] {subprocess.py:106} INFO -  'scrapy.downloadermiddlewares.cookies.CookiesMiddleware',
[2025-04-15T00:57:29.213+0000] {subprocess.py:106} INFO -  'scrapy.downloadermiddlewares.httpproxy.HttpProxyMiddleware',
[2025-04-15T00:57:29.216+0000] {subprocess.py:106} INFO -  'scrapy.downloadermiddlewares.stats.DownloaderStats']
[2025-04-15T00:57:29.218+0000] {subprocess.py:106} INFO - 2025-04-15 00:57:29 [scrapy.middleware] INFO: Enabled spider middlewares:
[2025-04-15T00:57:29.221+0000] {subprocess.py:106} INFO - ['scrapy.spidermiddlewares.httperror.HttpErrorMiddleware',
[2025-04-15T00:57:29.225+0000] {subprocess.py:106} INFO -  'scrapy.spidermiddlewares.referer.RefererMiddleware',
[2025-04-15T00:57:29.227+0000] {subprocess.py:106} INFO -  'scrapy.spidermiddlewares.urllength.UrlLengthMiddleware',
[2025-04-15T00:57:29.229+0000] {subprocess.py:106} INFO -  'scrapy.spidermiddlewares.depth.DepthMiddleware']
[2025-04-15T00:57:29.232+0000] {subprocess.py:106} INFO - 2025-04-15 00:57:29 [scrapy.middleware] INFO: Enabled item pipelines:
[2025-04-15T00:57:29.234+0000] {subprocess.py:106} INFO - []
[2025-04-15T00:57:29.237+0000] {subprocess.py:106} INFO - 2025-04-15 00:57:29 [scrapy.core.engine] INFO: Spider opened
[2025-04-15T00:57:29.245+0000] {subprocess.py:106} INFO - 2025-04-15 00:57:29 [scrapy.extensions.logstats] INFO: Crawled 0 pages (at 0 pages/min), scraped 0 items (at 0 items/min)
[2025-04-15T00:57:29.247+0000] {subprocess.py:106} INFO - 2025-04-15 00:57:29 [scrapy.extensions.telnet] INFO: Telnet console listening on 127.0.0.1:6023
[2025-04-15T00:57:31.405+0000] {subprocess.py:106} INFO - 2025-04-15 00:57:31 [scrapy.core.engine] DEBUG: Crawled (200) <GET https://www.magazineluiza.com.br/busca/garrafa+stanley+aerolight+fast+flow/?page=1> (referer: None)
[2025-04-15T00:57:33.138+0000] {subprocess.py:106} INFO - 2025-04-15 00:57:33 [scrapy.core.engine] DEBUG: Crawled (200) <GET https://www.magazineluiza.com.br/busca/garrafa+stanley+aerolight+fast+flow/?page=1?page=1> (referer: https://www.magazineluiza.com.br/busca/garrafa+stanley+aerolight+fast+flow/?page=1)
[2025-04-15T00:57:33.177+0000] {subprocess.py:106} INFO - 2025-04-15 00:57:33 [scrapy.core.engine] DEBUG: Crawled (200) <GET https://www.magazineluiza.com.br/busca/garrafa+stanley+aerolight+fast+flow/?page=1?page=2> (referer: https://www.magazineluiza.com.br/busca/garrafa+stanley+aerolight+fast+flow/?page=1)
[2025-04-15T00:57:33.298+0000] {subprocess.py:106} INFO - 2025-04-15 00:57:33 [scrapy.core.scraper] DEBUG: Scraped from <200 https://www.magazineluiza.com.br/busca/garrafa+stanley+aerolight+fast+flow/?page=1?page=1>
[2025-04-15T00:57:33.301+0000] {subprocess.py:106} INFO - {'title': 'GARRAFA STANLEY AEROLIGHT FAST FLOW 1.1Lt ORIGINAL TODAS AS CORES', 'price': 'R$\xa0332,00', 'review': '4.2 (6)', 'store': 'Magazine Luiza'}
[2025-04-15T00:57:33.313+0000] {subprocess.py:106} INFO - 2025-04-15 00:57:33 [scrapy.core.scraper] DEBUG: Scraped from <200 https://www.magazineluiza.com.br/busca/garrafa+stanley+aerolight+fast+flow/?page=1?page=1>
[2025-04-15T00:57:33.317+0000] {subprocess.py:106} INFO - {'title': 'Garrafa stanley aerolight fast flow 710ml original todas as cores', 'price': 'R$\xa0304,10', 'review': '5.0 (1)', 'store': 'Magazine Luiza'}
[2025-04-15T00:57:33.320+0000] {subprocess.py:106} INFO - 2025-04-15 00:57:33 [scrapy.core.scraper] DEBUG: Scraped from <200 https://www.magazineluiza.com.br/busca/garrafa+stanley+aerolight+fast+flow/?page=1?page=1>
[2025-04-15T00:57:33.323+0000] {subprocess.py:106} INFO - {'title': 'Garrafa Térmica Aerolight Stanley Fast Flow 710ml - Matte Black', 'price': 'R$\xa0287,37', 'review': '5.0 (1)', 'store': 'Magazine Luiza'}
[2025-04-15T00:57:33.326+0000] {subprocess.py:106} INFO - 2025-04-15 00:57:33 [scrapy.core.scraper] DEBUG: Scraped from <200 https://www.magazineluiza.com.br/busca/garrafa+stanley+aerolight+fast+flow/?page=1?page=1>
[2025-04-15T00:57:33.329+0000] {subprocess.py:106} INFO - {'title': 'Garrafa Térmica Stanley Aerolight Fast Flow Lavender 710ML - STANLEY PMI', 'price': 'R$\xa0289,97', 'review': None, 'store': 'Magazine Luiza'}
[2025-04-15T00:57:33.331+0000] {subprocess.py:106} INFO - 2025-04-15 00:57:33 [scrapy.core.scraper] DEBUG: Scraped from <200 https://www.magazineluiza.com.br/busca/garrafa+stanley+aerolight+fast+flow/?page=1?page=1>
[2025-04-15T00:57:33.333+0000] {subprocess.py:106} INFO - {'title': 'Stanley Garrafa Térmica Aerolight Original Fast Flow Branco Polar 710ml', 'price': 'R$\xa0332,10', 'review': None, 'store': 'Magazine Luiza'}
[2025-04-15T00:57:33.337+0000] {subprocess.py:106} INFO - 2025-04-15 00:57:33 [scrapy.core.scraper] DEBUG: Scraped from <200 https://www.magazineluiza.com.br/busca/garrafa+stanley+aerolight+fast+flow/?page=1?page=1>
[2025-04-15T00:57:33.341+0000] {subprocess.py:106} INFO - {'title': 'Garrafa Térmica Aerolight Stanley Fast Flow 1,1L - Tigerlily', 'price': 'R$\xa0315,27', 'review': '5.0 (1)', 'store': 'Magazine Luiza'}
[2025-04-15T00:57:33.343+0000] {subprocess.py:106} INFO - 2025-04-15 00:57:33 [scrapy.core.scraper] DEBUG: Scraped from <200 https://www.magazineluiza.com.br/busca/garrafa+stanley+aerolight+fast+flow/?page=1?page=1>
[2025-04-15T00:57:33.347+0000] {subprocess.py:106} INFO - {'title': 'Garrafa Térmica Stanley Aerolight Fast Flow 1.1L Pink', 'price': 'R$\xa0289,23', 'review': None, 'store': 'Magazine Luiza'}
[2025-04-15T00:57:33.351+0000] {subprocess.py:106} INFO - 2025-04-15 00:57:33 [scrapy.core.scraper] DEBUG: Scraped from <200 https://www.magazineluiza.com.br/busca/garrafa+stanley+aerolight+fast+flow/?page=1?page=1>
[2025-04-15T00:57:33.354+0000] {subprocess.py:106} INFO - {'title': 'Garrafa Térmica Aerolight Fast Flow Matte Black 1,1L Stanley', 'price': 'R$\xa0351,23', 'review': '4.2 (6)', 'store': 'Magazine Luiza'}
[2025-04-15T00:57:33.357+0000] {subprocess.py:106} INFO - 2025-04-15 00:57:33 [scrapy.core.scraper] DEBUG: Scraped from <200 https://www.magazineluiza.com.br/busca/garrafa+stanley+aerolight+fast+flow/?page=1?page=1>
[2025-04-15T00:57:33.361+0000] {subprocess.py:106} INFO - {'title': 'Garrafa Térmica Aerolight Stanley Fast Flow 710ml - Lavender', 'price': 'R$\xa0287,37', 'review': None, 'store': 'Magazine Luiza'}
[2025-04-15T00:57:33.375+0000] {subprocess.py:106} INFO - **************************************************
[2025-04-15T00:57:33.378+0000] {subprocess.py:106} INFO - 2
[2025-04-15T00:57:33.381+0000] {subprocess.py:106} INFO - **************************************************
[2025-04-15T00:57:33.385+0000] {subprocess.py:106} INFO - https://www.magazineluiza.com.br/busca/garrafa+stanley+aerolight+fast+flow/?page=1?page=1
[2025-04-15T00:57:33.387+0000] {subprocess.py:106} INFO - blocos
[2025-04-15T00:57:33.392+0000] {subprocess.py:106} INFO - [<Selector query='//div[@data-testid="product-list"]//li' data='<li class="sc-hwhrDX ghzctf"><a href=...'>, <Selector query='//div[@data-testid="product-list"]//li' data='<li class="sc-hwhrDX ghzctf"><a href=...'>, <Selector query='//div[@data-testid="product-list"]//li' data='<li class="sc-hwhrDX ghzctf"><a href=...'>, <Selector query='//div[@data-testid="product-list"]//li' data='<li class="sc-hwhrDX ghzctf"><a href=...'>, <Selector query='//div[@data-testid="product-list"]//li' data='<li class="sc-hwhrDX ghzctf"><a href=...'>, <Selector query='//div[@data-testid="product-list"]//li' data='<li class="sc-hwhrDX ghzctf"><a href=...'>, <Selector query='//div[@data-testid="product-list"]//li' data='<li class="sc-hwhrDX ghzctf"><a href=...'>, <Selector query='//div[@data-testid="product-list"]//li' data='<li class="sc-hwhrDX ghzctf"><a href=...'>, <Selector query='//div[@data-testid="product-list"]//li' data='<li class="sc-hwhrDX ghzctf"><a href=...'>, <Selector query='//div[@data-testid="product-list"]//li' data='<li class="sc-hwhrDX ghzctf"><a href=...'>, <Selector query='//div[@data-testid="product-list"]//li' data='<li class="sc-hwhrDX ghzctf"><a href=...'>, <Selector query='//div[@data-testid="product-list"]//li' data='<li class="sc-hwhrDX ghzctf"><a href=...'>, <Selector query='//div[@data-testid="product-list"]//li' data='<li class="sc-hwhrDX ghzctf"><a href=...'>, <Selector query='//div[@data-testid="product-list"]//li' data='<li class="sc-hwhrDX ghzctf"><a href=...'>, <Selector query='//div[@data-testid="product-list"]//li' data='<li class="sc-hwhrDX ghzctf"><a href=...'>, <Selector query='//div[@data-testid="product-list"]//li' data='<li class="sc-hwhrDX ghzctf"><a href=...'>, <Selector query='//div[@data-testid="product-list"]//li' data='<li class="sc-hwhrDX ghzctf"><a href=...'>, <Selector query='//div[@data-testid="product-list"]//li' data='<li class="sc-hwhrDX ghzctf"><a href=...'>, <Selector query='//div[@data-testid="product-list"]//li' data='<li class="sc-hwhrDX ghzctf"><a href=...'>, <Selector query='//div[@data-testid="product-list"]//li' data='<li class="sc-hwhrDX ghzctf"><a href=...'>, <Selector query='//div[@data-testid="product-list"]//li' data='<li class="sc-hwhrDX ghzctf"><a href=...'>, <Selector query='//div[@data-testid="product-list"]//li' data='<li class="sc-hwhrDX ghzctf"><a href=...'>, <Selector query='//div[@data-testid="product-list"]//li' data='<li class="sc-hwhrDX ghzctf"><a href=...'>, <Selector query='//div[@data-testid="product-list"]//li' data='<li class="sc-hwhrDX ghzctf"><a href=...'>, <Selector query='//div[@data-testid="product-list"]//li' data='<li class="sc-hwhrDX ghzctf"><a href=...'>, <Selector query='//div[@data-testid="product-list"]//li' data='<li class="sc-hwhrDX ghzctf"><a href=...'>, <Selector query='//div[@data-testid="product-list"]//li' data='<li class="sc-hwhrDX ghzctf"><a href=...'>, <Selector query='//div[@data-testid="product-list"]//li' data='<li class="sc-hwhrDX ghzctf"><a href=...'>, <Selector query='//div[@data-testid="product-list"]//li' data='<li class="sc-hwhrDX ghzctf"><a href=...'>, <Selector query='//div[@data-testid="product-list"]//li' data='<li class="sc-hwhrDX ghzctf"><a href=...'>, <Selector query='//div[@data-testid="product-list"]//li' data='<li class="sc-hwhrDX ghzctf"><a href=...'>, <Selector query='//div[@data-testid="product-list"]//li' data='<li class="sc-hwhrDX ghzctf"><a href=...'>, <Selector query='//div[@data-testid="product-list"]//li' data='<li class="sc-hwhrDX ghzctf"><a href=...'>, <Selector query='//div[@data-testid="product-list"]//li' data='<li class="sc-hwhrDX ghzctf"><a href=...'>, <Selector query='//div[@data-testid="product-list"]//li' data='<li class="sc-hwhrDX ghzctf"><a href=...'>, <Selector query='//div[@data-testid="product-list"]//li' data='<li class="sc-hwhrDX ghzctf"><a href=...'>, <Selector query='//div[@data-testid="product-list"]//li' data='<li class="sc-hwhrDX ghzctf"><a href=...'>, <Selector query='//div[@data-testid="product-list"]//li' data='<li class="sc-hwhrDX ghzctf"><a href=...'>, <Selector query='//div[@data-testid="product-list"]//li' data='<li class="sc-hwhrDX ghzctf"><a href=...'>, <Selector query='//div[@data-testid="product-list"]//li' data='<li class="sc-hwhrDX ghzctf"><a href=...'>, <Selector query='//div[@data-testid="product-list"]//li' data='<li class="sc-hwhrDX ghzctf"><a href=...'>, <Selector query='//div[@data-testid="product-list"]//li' data='<li class="sc-hwhrDX ghzctf"><a href=...'>, <Selector query='//div[@data-testid="product-list"]//li' data='<li class="sc-hwhrDX ghzctf"><a href=...'>, <Selector query='//div[@data-testid="product-list"]//li' data='<li class="sc-hwhrDX ghzctf"><a href=...'>, <Selector query='//div[@data-testid="product-list"]//li' data='<li class="sc-hwhrDX ghzctf"><a href=...'>, <Selector query='//div[@data-testid="product-list"]//li' data='<li class="sc-hwhrDX ghzctf"><a href=...'>, <Selector query='//div[@data-testid="product-list"]//li' data='<li class="sc-hwhrDX ghzctf"><a href=...'>, <Selector query='//div[@data-testid="product-list"]//li' data='<li class="sc-hwhrDX ghzctf"><a href=...'>, <Selector query='//div[@data-testid="product-list"]//li' data='<li class="sc-hwhrDX ghzctf"><a href=...'>, <Selector query='//div[@data-testid="product-list"]//li' data='<li class="sc-hwhrDX ghzctf"><a href=...'>, <Selector query='//div[@data-testid="product-list"]//li' data='<li class="sc-hwhrDX ghzctf"><a href=...'>, <Selector query='//div[@data-testid="product-list"]//li' data='<li class="sc-hwhrDX ghzctf"><a href=...'>, <Selector query='//div[@data-testid="product-list"]//li' data='<li class="sc-hwhrDX ghzctf"><a href=...'>, <Selector query='//div[@data-testid="product-list"]//li' data='<li class="sc-hwhrDX ghzctf"><a href=...'>, <Selector query='//div[@data-testid="product-list"]//li' data='<li class="sc-hwhrDX ghzctf"><a href=...'>]
[2025-04-15T00:57:33.402+0000] {subprocess.py:106} INFO - GARRAFA STANLEY AEROLIGHT FAST FLOW 1.1Lt ORIGINAL TODAS AS CORES
[2025-04-15T00:57:33.405+0000] {subprocess.py:106} INFO - [R$ 332,00]
[2025-04-15T00:57:33.413+0000] {subprocess.py:106} INFO - 4.2 (6)
[2025-04-15T00:57:33.416+0000] {subprocess.py:106} INFO - Garrafa stanley aerolight fast flow 710ml original todas as cores
[2025-04-15T00:57:33.419+0000] {subprocess.py:106} INFO - [R$ 304,10]
[2025-04-15T00:57:33.421+0000] {subprocess.py:106} INFO - 5.0 (1)
[2025-04-15T00:57:33.424+0000] {subprocess.py:106} INFO - Garrafa Térmica Aerolight Stanley Fast Flow 710ml - Matte Black
[2025-04-15T00:57:33.428+0000] {subprocess.py:106} INFO - [R$ 287,37]
[2025-04-15T00:57:33.430+0000] {subprocess.py:106} INFO - 5.0 (1)
[2025-04-15T00:57:33.432+0000] {subprocess.py:106} INFO - Garrafa Térmica Stanley Aerolight Fast Flow Lavender 710ML - STANLEY PMI
[2025-04-15T00:57:33.434+0000] {subprocess.py:106} INFO - [R$ 289,97]
[2025-04-15T00:57:33.436+0000] {subprocess.py:106} INFO - None
[2025-04-15T00:57:33.438+0000] {subprocess.py:106} INFO - Stanley Garrafa Térmica Aerolight Original Fast Flow Branco Polar 710ml
[2025-04-15T00:57:33.442+0000] {subprocess.py:106} INFO - [R$ 332,10]
[2025-04-15T00:57:33.444+0000] {subprocess.py:106} INFO - None
[2025-04-15T00:57:33.446+0000] {subprocess.py:106} INFO - Garrafa Térmica Aerolight Stanley Fast Flow 1,1L - Tigerlily
[2025-04-15T00:57:33.449+0000] {subprocess.py:106} INFO - [R$ 315,27]
[2025-04-15T00:57:33.451+0000] {subprocess.py:106} INFO - 5.0 (1)
[2025-04-15T00:57:33.453+0000] {subprocess.py:106} INFO - Garrafa Térmica Stanley Aerolight Fast Flow 1.1L Pink
[2025-04-15T00:57:33.455+0000] {subprocess.py:106} INFO - [R$ 289,23]
[2025-04-15T00:57:33.459+0000] {subprocess.py:106} INFO - None
[2025-04-15T00:57:33.461+0000] {subprocess.py:106} INFO - Garrafa Térmica Aerolight Fast Flow Matte Black 1,1L Stanley
[2025-04-15T00:57:33.464+0000] {subprocess.py:106} INFO - [R$ 351,23]
[2025-04-15T00:57:33.467+0000] {subprocess.py:106} INFO - 4.2 (6)
[2025-04-15T00:57:33.469+0000] {subprocess.py:106} INFO - Garrafa Térmica Aerolight Stanley Fast Flow 710ml - Lavender
[2025-04-15T00:57:33.472+0000] {subprocess.py:106} INFO - [R$ 287,37]
[2025-04-15T00:57:33.474+0000] {subprocess.py:106} INFO - None
[2025-04-15T00:57:33.475+0000] {subprocess.py:106} INFO - https://www.magazineluiza.com.br/busca/garrafa+stanley+aerolight+fast+flow/?page=1?page=2
[2025-04-15T00:57:33.477+0000] {subprocess.py:106} INFO - blocos
[2025-04-15T00:57:33.479+0000] {subprocess.py:106} INFO - [<Selector query='//div[@data-testid="product-list"]//li' data='<li class="sc-hwhrDX ghzctf"><a href=...'>, <Selector query='//div[@data-testid="product-list"]//li' data='<li class="sc-hwhrDX ghzctf"><a href=...'>, <Selector query='//div[@data-testid="product-list"]//li' data='<li class="sc-hwhrDX ghzctf"><a href=...'>, <Selector query='//div[@data-testid="product-list"]//li' data='<li class="sc-hwhrDX ghzctf"><a href=...'>, <Selector query='//div[@data-testid="product-list"]//li' data='<li class="sc-hwhrDX ghzctf"><a href=...'>, <Selector query='//div[@data-testid="product-list"]//li' data='<li class="sc-hwhrDX ghzctf"><a href=...'>, <Selector query='//div[@data-testid="product-list"]//li' data='<li class="sc-hwhrDX ghzctf"><a href=...'>, <Selector query='//div[@data-testid="product-list"]//li' data='<li class="sc-hwhrDX ghzctf"><a href=...'>, <Selector query='//div[@data-testid="product-list"]//li' data='<li class="sc-hwhrDX ghzctf"><a href=...'>, <Selector query='//div[@data-testid="product-list"]//li' data='<li class="sc-hwhrDX ghzctf"><a href=...'>, <Selector query='//div[@data-testid="product-list"]//li' data='<li class="sc-hwhrDX ghzctf"><a href=...'>, <Selector query='//div[@data-testid="product-list"]//li' data='<li class="sc-hwhrDX ghzctf"><a href=...'>, <Selector query='//div[@data-testid="product-list"]//li' data='<li class="sc-hwhrDX ghzctf"><a href=...'>, <Selector query='//div[@data-testid="product-list"]//li' data='<li class="sc-hwhrDX ghzctf"><a href=...'>, <Selector query='//div[@data-testid="product-list"]//li' data='<li class="sc-hwhrDX ghzctf"><a href=...'>, <Selector query='//div[@data-testid="product-list"]//li' data='<li class="sc-hwhrDX ghzctf"><a href=...'>, <Selector query='//div[@data-testid="product-list"]//li' data='<li class="sc-hwhrDX ghzctf"><a href=...'>, <Selector query='//div[@data-testid="product-list"]//li' data='<li class="sc-hwhrDX ghzctf"><a href=...'>, <Selector query='//div[@data-testid="product-list"]//li' data='<li class="sc-hwhrDX ghzctf"><a href=...'>, <Selector query='//div[@data-testid="product-list"]//li' data='<li class="sc-hwhrDX ghzctf"><a href=...'>, <Selector query='//div[@data-testid="product-list"]//li' data='<li class="sc-hwhrDX ghzctf"><a href=...'>, <Selector query='//div[@data-testid="product-list"]//li' data='<li class="sc-hwhrDX ghzctf"><a href=...'>, <Selector query='//div[@data-testid="product-list"]//li' data='<li class="sc-hwhrDX ghzctf"><a href=...'>, <Selector query='//div[@data-testid="product-list"]//li' data='<li class="sc-hwhrDX ghzctf"><a href=...'>, <Selector query='//div[@data-testid="product-list"]//li' data='<li class="sc-hwhrDX ghzctf"><a href=...'>, <Selector query='//div[@data-testid="product-list"]//li' data='<li class="sc-hwhrDX ghzctf"><a href=...'>, <Selector query='//div[@data-testid="product-list"]//li' data='<li class="sc-hwhrDX ghzctf"><a href=...'>, <Selector query='//div[@data-testid="product-list"]//li' data='<li class="sc-hwhrDX ghzctf"><a href=...'>, <Selector query='//div[@data-testid="product-list"]//li' data='<li class="sc-hwhrDX ghzctf"><a href=...'>, <Selector query='//div[@data-testid="product-list"]//li' data='<li class="sc-hwhrDX ghzctf"><a href=...'>, <Selector query='//div[@data-testid="product-list"]//li' data='<li class="sc-hwhrDX ghzctf"><a href=...'>, <Selector query='//div[@data-testid="product-list"]//li' data='<li class="sc-hwhrDX ghzctf"><a href=...'>, <Selector query='//div[@data-testid="product-list"]//li' data='<li class="sc-hwhrDX ghzctf"><a href=...'>, <Selector query='//div[@data-testid="product-list"]//li' data='<li class="sc-hwhrDX ghzctf"><a href=...'>, <Selector query='//div[@data-testid="product-list"]//li' data='<li class="sc-hwhrDX ghzctf"><a href=...'>, <Selector query='//div[@data-testid="product-list"]//li' data='<li class="sc-hwhrDX ghzctf"><a href=...'>, <Selector query='//div[@data-testid="product-list"]//li' data='<li class="sc-hwhrDX ghzctf"><a href=...'>, <Selector query='//div[@data-testid="product-list"]//li' data='<li class="sc-hwhrDX ghzctf"><a href=...'>, <Selector query='//div[@data-testid="product-list"]//li' data='<li class="sc-hwhrDX ghzctf"><a href=...'>, <Selector query='//div[@data-testid="product-list"]//li' data='<li class="sc-hwhrDX ghzctf"><a href=...'>, <Selector query='//div[@data-testid="product-list"]//li' data='<li class="sc-hwhrDX ghzctf"><a href=...'>, <Selector query='//div[@data-testid="product-list"]//li' data='<li class="sc-hwhrDX ghzctf"><a href=...'>, <Selector query='//div[@data-testid="product-list"]//li' data='<li class="sc-hwhrDX ghzctf"><a href=...'>, <Selector query='//div[@data-testid="product-list"]//li' data='<li class="sc-hwhrDX ghzctf"><a href=...'>, <Selector query='//div[@data-testid="product-list"]//li' data='<li class="sc-hwhrDX ghzctf"><a href=...'>, <Selector query='//div[@data-testid="product-list"]//li' data='<li class="sc-hwhrDX ghzctf"><a href=...'>, <Selector query='//div[@data-testid="product-list"]//li' data='<li class="sc-hwhrDX ghzctf"><a href=...'>, <Selector query='//div[@data-testid="product-list"]//li' data='<li class="sc-hwhrDX ghzctf"><a href=...'>, <Selector query='//div[@data-testid="product-list"]//li' data='<li class="sc-hwhrDX ghzctf"><a href=...'>, <Selector query='//div[@data-testid="product-list"]//li' data='<li class="sc-hwhrDX ghzctf"><a href=...'>, <Selector query='//div[@data-testid="product-list"]//li' data='<li class="sc-hwhrDX ghzctf"><a href=...'>, <Selector query='//div[@data-testid="product-list"]//li' data='<li class="sc-hwhrDX ghzctf"><a href=...'>, <Selector query='//div[@data-testid="product-list"]//li' data='<li class="sc-hwhrDX ghzctf"><a href=...'>, <Selector query='//div[@data-testid="product-list"]//li' data='<li class="sc-hwhrDX ghzctf"><a href=...'>, <Selector query='//div[@data-testid="product-list"]//li' data='<li class="sc-hwhrDX ghzctf"><a href=...'>]2025-04-15 00:57:33 [scrapy.core.scraper] DEBUG: Scraped from <200 https://www.magazineluiza.com.br/busca/garrafa+stanley+aerolight+fast+flow/?page=1?page=2>
[2025-04-15T00:57:33.483+0000] {subprocess.py:106} INFO - {'title': 'GARRAFA STANLEY AEROLIGHT FAST FLOW 1.1Lt ORIGINAL TODAS AS CORES', 'price': 'R$\xa0332,00', 'review': '4.2 (6)', 'store': 'Magazine Luiza'}
[2025-04-15T00:57:33.485+0000] {subprocess.py:106} INFO - 2025-04-15 00:57:33 [scrapy.core.scraper] DEBUG: Scraped from <200 https://www.magazineluiza.com.br/busca/garrafa+stanley+aerolight+fast+flow/?page=1?page=1>
[2025-04-15T00:57:33.487+0000] {subprocess.py:106} INFO - {'title': 'Garrafa Térmica Stanley Aerolight Fast Flow Branco Polar 1,1 Litros', 'price': 'R$\xa0299,46', 'review': None, 'store': 'Magazine Luiza'}
[2025-04-15T00:57:33.489+0000] {subprocess.py:106} INFO - 2025-04-15 00:57:33 [scrapy.core.scraper] DEBUG: Scraped from <200 https://www.magazineluiza.com.br/busca/garrafa+stanley+aerolight+fast+flow/?page=1?page=1>
[2025-04-15T00:57:33.491+0000] {subprocess.py:106} INFO - {'title': 'Garrafa Térmica Aerolight Stanley Fast Flow 1,1L - Citron', 'price': 'R$\xa0315,27', 'review': None, 'store': 'Magazine Luiza'}
[2025-04-15T00:57:33.494+0000] {subprocess.py:106} INFO - 2025-04-15 00:57:33 [scrapy.core.scraper] DEBUG: Scraped from <200 https://www.magazineluiza.com.br/busca/garrafa+stanley+aerolight+fast+flow/?page=1?page=1>
[2025-04-15T00:57:33.497+0000] {subprocess.py:106} INFO - {'title': 'Garrafa Térmica Aerolight Stanley Fast Flow 1,1L - Polar', 'price': 'R$\xa0315,27', 'review': None, 'store': 'Magazine Luiza'}
[2025-04-15T00:57:33.501+0000] {subprocess.py:106} INFO - 2025-04-15 00:57:33 [scrapy.core.scraper] DEBUG: Scraped from <200 https://www.magazineluiza.com.br/busca/garrafa+stanley+aerolight+fast+flow/?page=1?page=1>
[2025-04-15T00:57:33.505+0000] {subprocess.py:106} INFO - {'title': 'Garrafa Térmica Stanley Aerolight Fast Flow Citron 710ML', 'price': 'R$\xa0272,49', 'review': None, 'store': 'Magazine Luiza'}
[2025-04-15T00:57:33.507+0000] {subprocess.py:106} INFO - 2025-04-15 00:57:33 [scrapy.core.scraper] DEBUG: Scraped from <200 https://www.magazineluiza.com.br/busca/garrafa+stanley+aerolight+fast+flow/?page=1?page=1>
[2025-04-15T00:57:33.510+0000] {subprocess.py:106} INFO - {'title': 'Garrafa Térmica Stanley Aerolight Fast Flow Original Laranja Tigerlily 1,1 L', 'price': 'R$\xa0379,00', 'review': '5.0 (1)', 'store': 'Magazine Luiza'}
[2025-04-15T00:57:33.516+0000] {subprocess.py:106} INFO - 2025-04-15 00:57:33 [scrapy.core.scraper] DEBUG: Scraped from <200 https://www.magazineluiza.com.br/busca/garrafa+stanley+aerolight+fast+flow/?page=1?page=1>
[2025-04-15T00:57:33.519+0000] {subprocess.py:106} INFO - {'title': 'Garrafa Térmica Aerolight Laranja Fast Flow Tigerlily 1,1L Stanley', 'price': 'R$\xa0344,01', 'review': '5.0 (1)', 'store': 'Magazine Luiza'}
[2025-04-15T00:57:33.521+0000] {subprocess.py:106} INFO - 2025-04-15 00:57:33 [scrapy.core.scraper] DEBUG: Scraped from <200 https://www.magazineluiza.com.br/busca/garrafa+stanley+aerolight+fast+flow/?page=1?page=1>
[2025-04-15T00:57:33.524+0000] {subprocess.py:106} INFO - {'title': 'Garrafa stanley térmica aerolight fast flow em aço inox 710ml lavender 08241-00', 'price': 'R$\xa0324,57', 'review': None, 'store': 'Magazine Luiza'}
[2025-04-15T00:57:33.526+0000] {subprocess.py:106} INFO - 2025-04-15 00:57:33 [scrapy.core.scraper] DEBUG: Scraped from <200 https://www.magazineluiza.com.br/busca/garrafa+stanley+aerolight+fast+flow/?page=1?page=1>
[2025-04-15T00:57:33.528+0000] {subprocess.py:106} INFO - {'title': 'Garrafa stanley térmica aerolight fast flow 1,1 litros laranja tigerlily 08242-00', 'price': 'R$\xa0343,17', 'review': '5.0 (1)', 'store': 'Magazine Luiza'}
[2025-04-15T00:57:33.531+0000] {subprocess.py:106} INFO - 2025-04-15 00:57:33 [scrapy.core.scraper] DEBUG: Scraped from <200 https://www.magazineluiza.com.br/busca/garrafa+stanley+aerolight+fast+flow/?page=1?page=1>
[2025-04-15T00:57:33.535+0000] {subprocess.py:106} INFO - {'title': 'Garrafa Térmica Stanley Aerolight Fast Flow 710ml Rosa Claro', 'price': 'R$\xa0268,57', 'review': None, 'store': 'Magazine Luiza'}
[2025-04-15T00:57:33.537+0000] {subprocess.py:106} INFO - 2025-04-15 00:57:33 [scrapy.core.scraper] DEBUG: Scraped from <200 https://www.magazineluiza.com.br/busca/garrafa+stanley+aerolight+fast+flow/?page=1?page=2>
[2025-04-15T00:57:33.541+0000] {subprocess.py:106} INFO - {'title': 'Garrafa stanley aerolight fast flow 710ml original todas as cores', 'price': 'R$\xa0304,10', 'review': '5.0 (1)', 'store': 'Magazine Luiza'}
[2025-04-15T00:57:33.543+0000] {subprocess.py:106} INFO - 2025-04-15 00:57:33 [scrapy.core.scraper] DEBUG: Scraped from <200 https://www.magazineluiza.com.br/busca/garrafa+stanley+aerolight+fast+flow/?page=1?page=2>
[2025-04-15T00:57:33.546+0000] {subprocess.py:106} INFO - {'title': 'Garrafa Térmica Aerolight Stanley Fast Flow 710ml - Matte Black', 'price': 'R$\xa0287,37', 'review': '5.0 (1)', 'store': 'Magazine Luiza'}
[2025-04-15T00:57:33.552+0000] {subprocess.py:106} INFO - 2025-04-15 00:57:33 [scrapy.core.scraper] DEBUG: Scraped from <200 https://www.magazineluiza.com.br/busca/garrafa+stanley+aerolight+fast+flow/?page=1?page=2>
[2025-04-15T00:57:33.554+0000] {subprocess.py:106} INFO - {'title': 'Garrafa Térmica Stanley Aerolight Fast Flow Lavender 710ML - STANLEY PMI', 'price': 'R$\xa0289,97', 'review': None, 'store': 'Magazine Luiza'}
[2025-04-15T00:57:33.557+0000] {subprocess.py:106} INFO - 2025-04-15 00:57:33 [scrapy.core.scraper] DEBUG: Scraped from <200 https://www.magazineluiza.com.br/busca/garrafa+stanley+aerolight+fast+flow/?page=1?page=2>
[2025-04-15T00:57:33.561+0000] {subprocess.py:106} INFO - {'title': 'Stanley Garrafa Térmica Aerolight Original Fast Flow Branco Polar 710ml', 'price': 'R$\xa0332,10', 'review': None, 'store': 'Magazine Luiza'}
[2025-04-15T00:57:33.565+0000] {subprocess.py:106} INFO - 2025-04-15 00:57:33 [scrapy.core.scraper] DEBUG: Scraped from <200 https://www.magazineluiza.com.br/busca/garrafa+stanley+aerolight+fast+flow/?page=1?page=1>
[2025-04-15T00:57:33.566+0000] {subprocess.py:106} INFO - {'title': 'Garrafa Térmica Stanley Aerolight Fast Flow 1.1L Verde Água', 'price': 'R$\xa0289,23', 'review': None, 'store': 'Magazine Luiza'}
[2025-04-15T00:57:33.569+0000] {subprocess.py:106} INFO - 2025-04-15 00:57:33 [scrapy.core.scraper] DEBUG: Scraped from <200 https://www.magazineluiza.com.br/busca/garrafa+stanley+aerolight+fast+flow/?page=1?page=2>
[2025-04-15T00:57:33.573+0000] {subprocess.py:106} INFO - {'title': 'Garrafa Térmica Aerolight Stanley Fast Flow 1,1L - Tigerlily', 'price': 'R$\xa0315,27', 'review': '5.0 (1)', 'store': 'Magazine Luiza'}
[2025-04-15T00:57:33.576+0000] {subprocess.py:106} INFO - 2025-04-15 00:57:33 [scrapy.core.scraper] DEBUG: Scraped from <200 https://www.magazineluiza.com.br/busca/garrafa+stanley+aerolight+fast+flow/?page=1?page=2>
[2025-04-15T00:57:33.578+0000] {subprocess.py:106} INFO - {'title': 'Garrafa Térmica Stanley Aerolight Fast Flow 1.1L Pink', 'price': 'R$\xa0289,23', 'review': None, 'store': 'Magazine Luiza'}
[2025-04-15T00:57:33.582+0000] {subprocess.py:106} INFO - 2025-04-15 00:57:33 [scrapy.core.scraper] DEBUG: Scraped from <200 https://www.magazineluiza.com.br/busca/garrafa+stanley+aerolight+fast+flow/?page=1?page=2>
[2025-04-15T00:57:33.585+0000] {subprocess.py:106} INFO - {'title': 'Garrafa Térmica Aerolight Fast Flow Matte Black 1,1L Stanley', 'price': 'R$\xa0351,23', 'review': '4.2 (6)', 'store': 'Magazine Luiza'}
[2025-04-15T00:57:33.598+0000] {subprocess.py:106} INFO - 2025-04-15 00:57:33 [scrapy.core.scraper] DEBUG: Scraped from <200 https://www.magazineluiza.com.br/busca/garrafa+stanley+aerolight+fast+flow/?page=1?page=2>
[2025-04-15T00:57:33.601+0000] {subprocess.py:106} INFO - {'title': 'Garrafa Térmica Aerolight Stanley Fast Flow 710ml - Lavender', 'price': 'R$\xa0287,37', 'review': None, 'store': 'Magazine Luiza'}
[2025-04-15T00:57:33.603+0000] {subprocess.py:106} INFO - 2025-04-15 00:57:33 [scrapy.core.scraper] DEBUG: Scraped from <200 https://www.magazineluiza.com.br/busca/garrafa+stanley+aerolight+fast+flow/?page=1?page=2>
[2025-04-15T00:57:33.605+0000] {subprocess.py:106} INFO - {'title': 'Garrafa Térmica Stanley Aerolight Fast Flow Branco Polar 1,1 Litros', 'price': 'R$\xa0299,46', 'review': None, 'store': 'Magazine Luiza'}
[2025-04-15T00:57:33.608+0000] {subprocess.py:106} INFO - 2025-04-15 00:57:33 [scrapy.core.scraper] DEBUG: Scraped from <200 https://www.magazineluiza.com.br/busca/garrafa+stanley+aerolight+fast+flow/?page=1?page=2>
[2025-04-15T00:57:33.610+0000] {subprocess.py:106} INFO - {'title': 'Garrafa Térmica Aerolight Stanley Fast Flow 1,1L - Citron', 'price': 'R$\xa0315,27', 'review': None, 'store': 'Magazine Luiza'}
[2025-04-15T00:57:33.613+0000] {subprocess.py:106} INFO - 2025-04-15 00:57:33 [scrapy.core.scraper] DEBUG: Scraped from <200 https://www.magazineluiza.com.br/busca/garrafa+stanley+aerolight+fast+flow/?page=1?page=1>
[2025-04-15T00:57:33.615+0000] {subprocess.py:106} INFO - {'title': 'Garrafa Térmica Stanley Aerolight Fast Flow Branco Polar 1,1 Litros - STANLEY PMI', 'price': 'R$\xa0399,00', 'review': None, 'store': 'Magazine Luiza'}
[2025-04-15T00:57:33.618+0000] {subprocess.py:106} INFO - 2025-04-15 00:57:33 [scrapy.core.scraper] DEBUG: Scraped from <200 https://www.magazineluiza.com.br/busca/garrafa+stanley+aerolight+fast+flow/?page=1?page=1>
[2025-04-15T00:57:33.621+0000] {subprocess.py:106} INFO - {'title': 'Garrafa Térmica Stanley Aerolight Fast Flow Matte Black 710ML - STANLEY PMI', 'price': 'R$\xa0365,00', 'review': '5.0 (1)', 'store': 'Magazine Luiza'}
[2025-04-15T00:57:33.623+0000] {subprocess.py:106} INFO - 2025-04-15 00:57:33 [scrapy.core.scraper] DEBUG: Scraped from <200 https://www.magazineluiza.com.br/busca/garrafa+stanley+aerolight+fast+flow/?page=1?page=1>
[2025-04-15T00:57:33.627+0000] {subprocess.py:106} INFO - {'title': 'Garrafa stanley térmica aerolight fast flow em aço inox 710ml laranja tigerlily 08204-00', 'price': 'R$\xa0324,57', 'review': None, 'store': 'Magazine Luiza'}
[2025-04-15T00:57:33.630+0000] {subprocess.py:106} INFO - 2025-04-15 00:57:33 [scrapy.core.scraper] DEBUG: Scraped from <200 https://www.magazineluiza.com.br/busca/garrafa+stanley+aerolight+fast+flow/?page=1?page=1>
[2025-04-15T00:57:33.632+0000] {subprocess.py:106} INFO - {'title': 'Garrafa stanley térmica aerolight fast flow em aço inox 710ml vivid violet 08405-00', 'price': 'R$\xa0324,57', 'review': None, 'store': 'Magazine Luiza'}
[2025-04-15T00:57:33.634+0000] {subprocess.py:106} INFO - 2025-04-15 00:57:33 [scrapy.core.scraper] DEBUG: Scraped from <200 https://www.magazineluiza.com.br/busca/garrafa+stanley+aerolight+fast+flow/?page=1?page=1>
[2025-04-15T00:57:33.636+0000] {subprocess.py:106} INFO - {'title': 'Garrafa Térmica Stanley Aerolight Fast Flow 710ml Lilás', 'price': 'R$\xa0268,57', 'review': None, 'store': 'Magazine Luiza'}
[2025-04-15T00:57:33.638+0000] {subprocess.py:106} INFO - 2025-04-15 00:57:33 [scrapy.core.scraper] DEBUG: Scraped from <200 https://www.magazineluiza.com.br/busca/garrafa+stanley+aerolight+fast+flow/?page=1?page=1>
[2025-04-15T00:57:33.640+0000] {subprocess.py:106} INFO - {'title': 'Garrafa Térmica Stanley Aerolight Fast Flow Branco Polar 1,1 Litros - STANLEY PMI', 'price': 'R$\xa0385,90', 'review': None, 'store': 'Magazine Luiza'}
[2025-04-15T00:57:33.642+0000] {subprocess.py:106} INFO - 2025-04-15 00:57:33 [scrapy.core.scraper] DEBUG: Scraped from <200 https://www.magazineluiza.com.br/busca/garrafa+stanley+aerolight+fast+flow/?page=1?page=1>
[2025-04-15T00:57:33.644+0000] {subprocess.py:106} INFO - {'title': 'Garrafa Térmica Stanley Aerolight Fast Flow 710 ML Azul 0838', 'price': 'R$\xa0369,90', 'review': None, 'store': 'Magazine Luiza'}
[2025-04-15T00:57:33.646+0000] {subprocess.py:106} INFO - 2025-04-15 00:57:33 [scrapy.core.scraper] DEBUG: Scraped from <200 https://www.magazineluiza.com.br/busca/garrafa+stanley+aerolight+fast+flow/?page=1?page=1>
[2025-04-15T00:57:33.649+0000] {subprocess.py:106} INFO - {'title': 'Garrafa stanley térmica aerolight fast flow 1,1 litros branco polar 08207-00', 'price': 'R$\xa0343,17', 'review': None, 'store': 'Magazine Luiza'}
[2025-04-15T00:57:33.651+0000] {subprocess.py:106} INFO - 2025-04-15 00:57:33 [scrapy.core.scraper] DEBUG: Scraped from <200 https://www.magazineluiza.com.br/busca/garrafa+stanley+aerolight+fast+flow/?page=1?page=1>
[2025-04-15T00:57:33.654+0000] {subprocess.py:106} INFO - {'title': 'Garrafa Térmica Stanley Aerolight Fast Flow 710ml Azul Claro', 'price': 'R$\xa0268,57', 'review': None, 'store': 'Magazine Luiza'}
[2025-04-15T00:57:33.665+0000] {subprocess.py:106} INFO - 2025-04-15 00:57:33 [scrapy.core.scraper] DEBUG: Scraped from <200 https://www.magazineluiza.com.br/busca/garrafa+stanley+aerolight+fast+flow/?page=1?page=2>
[2025-04-15T00:57:33.667+0000] {subprocess.py:106} INFO - {'title': 'Garrafa Térmica Aerolight Stanley Fast Flow 1,1L - Polar', 'price': 'R$\xa0315,27', 'review': None, 'store': 'Magazine Luiza'}
[2025-04-15T00:57:33.670+0000] {subprocess.py:106} INFO - 2025-04-15 00:57:33 [scrapy.core.scraper] DEBUG: Scraped from <200 https://www.magazineluiza.com.br/busca/garrafa+stanley+aerolight+fast+flow/?page=1?page=2>
[2025-04-15T00:57:33.672+0000] {subprocess.py:106} INFO - {'title': 'Garrafa Térmica Stanley Aerolight Fast Flow Citron 710ML', 'price': 'R$\xa0272,49', 'review': None, 'store': 'Magazine Luiza'}
[2025-04-15T00:57:33.674+0000] {subprocess.py:106} INFO - 2025-04-15 00:57:33 [scrapy.core.scraper] DEBUG: Scraped from <200 https://www.magazineluiza.com.br/busca/garrafa+stanley+aerolight+fast+flow/?page=1?page=2>
[2025-04-15T00:57:33.676+0000] {subprocess.py:106} INFO - {'title': 'Garrafa Térmica Stanley Aerolight Fast Flow Original Laranja Tigerlily 1,1 L', 'price': 'R$\xa0379,00', 'review': '5.0 (1)', 'store': 'Magazine Luiza'}
[2025-04-15T00:57:33.679+0000] {subprocess.py:106} INFO - 2025-04-15 00:57:33 [scrapy.core.scraper] DEBUG: Scraped from <200 https://www.magazineluiza.com.br/busca/garrafa+stanley+aerolight+fast+flow/?page=1?page=2>
[2025-04-15T00:57:33.681+0000] {subprocess.py:106} INFO - {'title': 'Garrafa Térmica Aerolight Laranja Fast Flow Tigerlily 1,1L Stanley', 'price': 'R$\xa0344,01', 'review': '5.0 (1)', 'store': 'Magazine Luiza'}
[2025-04-15T00:57:33.683+0000] {subprocess.py:106} INFO - 2025-04-15 00:57:33 [scrapy.core.scraper] DEBUG: Scraped from <200 https://www.magazineluiza.com.br/busca/garrafa+stanley+aerolight+fast+flow/?page=1?page=2>
[2025-04-15T00:57:33.685+0000] {subprocess.py:106} INFO - {'title': 'Garrafa stanley térmica aerolight fast flow em aço inox 710ml lavender 08241-00', 'price': 'R$\xa0324,57', 'review': None, 'store': 'Magazine Luiza'}
[2025-04-15T00:57:33.687+0000] {subprocess.py:106} INFO - 2025-04-15 00:57:33 [scrapy.core.scraper] DEBUG: Scraped from <200 https://www.magazineluiza.com.br/busca/garrafa+stanley+aerolight+fast+flow/?page=1?page=1>
[2025-04-15T00:57:33.689+0000] {subprocess.py:106} INFO - {'title': 'Garrafa termica stanley aerolight fast flow tigerlily 1,1l cod8208 cx6', 'price': 'R$\xa0434,37', 'review': '5.0 (1)', 'store': 'Magazine Luiza'}
[2025-04-15T00:57:33.690+0000] {subprocess.py:106} INFO - 2025-04-15 00:57:33 [scrapy.core.scraper] DEBUG: Scraped from <200 https://www.magazineluiza.com.br/busca/garrafa+stanley+aerolight+fast+flow/?page=1?page=1>
[2025-04-15T00:57:33.693+0000] {subprocess.py:106} INFO - {'title': 'Garrafa Térmica Stanley Aerolight Fast Flow Branco Polar 710', 'price': 'R$\xa0361,00', 'review': None, 'store': 'Magazine Luiza'}
[2025-04-15T00:57:33.695+0000] {subprocess.py:106} INFO - 2025-04-15 00:57:33 [scrapy.core.scraper] DEBUG: Scraped from <200 https://www.magazineluiza.com.br/busca/garrafa+stanley+aerolight+fast+flow/?page=1?page=1>
[2025-04-15T00:57:33.698+0000] {subprocess.py:106} INFO - {'title': 'Garrafa Térmica Stanley IceFlow Aerolight Fast Flow 700ml - Cinza', 'price': 'R$\xa0448,45', 'review': None, 'store': 'Magazine Luiza'}
[2025-04-15T00:57:33.700+0000] {subprocess.py:106} INFO - 2025-04-15 00:57:33 [scrapy.core.scraper] DEBUG: Scraped from <200 https://www.magazineluiza.com.br/busca/garrafa+stanley+aerolight+fast+flow/?page=1?page=1>
[2025-04-15T00:57:33.702+0000] {subprocess.py:106} INFO - {'title': 'Garrafa Térmica STanley Aerolight Fast Flow 1,1L', 'price': 'R$\xa0368,18', 'review': None, 'store': 'Magazine Luiza'}
[2025-04-15T00:57:33.704+0000] {subprocess.py:106} INFO - 2025-04-15 00:57:33 [scrapy.core.scraper] DEBUG: Scraped from <200 https://www.magazineluiza.com.br/busca/garrafa+stanley+aerolight+fast+flow/?page=1?page=1>
[2025-04-15T00:57:33.706+0000] {subprocess.py:106} INFO - {'title': 'Garrafa Térmica Stanley Aerolight Fast Flow Citron 1,1 Litros - STANLEY PMI', 'price': 'R$\xa0359,43', 'review': None, 'store': 'Magazine Luiza'}
[2025-04-15T00:57:33.709+0000] {subprocess.py:106} INFO - 2025-04-15 00:57:33 [scrapy.core.scraper] DEBUG: Scraped from <200 https://www.magazineluiza.com.br/busca/garrafa+stanley+aerolight+fast+flow/?page=1?page=2>
[2025-04-15T00:57:33.711+0000] {subprocess.py:106} INFO - {'title': 'Garrafa stanley térmica aerolight fast flow 1,1 litros laranja tigerlily 08242-00', 'price': 'R$\xa0343,17', 'review': '5.0 (1)', 'store': 'Magazine Luiza'}
[2025-04-15T00:57:33.714+0000] {subprocess.py:106} INFO - 2025-04-15 00:57:33 [scrapy.core.scraper] DEBUG: Scraped from <200 https://www.magazineluiza.com.br/busca/garrafa+stanley+aerolight+fast+flow/?page=1?page=2>
[2025-04-15T00:57:33.716+0000] {subprocess.py:106} INFO - {'title': 'Garrafa Térmica Stanley Aerolight Fast Flow 710ml Rosa Claro', 'price': 'R$\xa0268,57', 'review': None, 'store': 'Magazine Luiza'}
[2025-04-15T00:57:33.718+0000] {subprocess.py:106} INFO - 2025-04-15 00:57:33 [scrapy.core.scraper] DEBUG: Scraped from <200 https://www.magazineluiza.com.br/busca/garrafa+stanley+aerolight+fast+flow/?page=1?page=2>
[2025-04-15T00:57:33.721+0000] {subprocess.py:106} INFO - {'title': 'Garrafa Térmica Stanley Aerolight Fast Flow 1.1L Verde Água', 'price': 'R$\xa0289,23', 'review': None, 'store': 'Magazine Luiza'}
[2025-04-15T00:57:33.725+0000] {subprocess.py:106} INFO - 2025-04-15 00:57:33 [scrapy.core.scraper] DEBUG: Scraped from <200 https://www.magazineluiza.com.br/busca/garrafa+stanley+aerolight+fast+flow/?page=1?page=2>
[2025-04-15T00:57:33.730+0000] {subprocess.py:106} INFO - {'title': 'Garrafa Térmica Stanley Aerolight Fast Flow Branco Polar 1,1 Litros - STANLEY PMI', 'price': 'R$\xa0399,00', 'review': None, 'store': 'Magazine Luiza'}
[2025-04-15T00:57:33.732+0000] {subprocess.py:106} INFO - 2025-04-15 00:57:33 [scrapy.core.scraper] DEBUG: Scraped from <200 https://www.magazineluiza.com.br/busca/garrafa+stanley+aerolight+fast+flow/?page=1?page=2>
[2025-04-15T00:57:33.734+0000] {subprocess.py:106} INFO - {'title': 'Garrafa Térmica Stanley Aerolight Fast Flow Matte Black 710ML - STANLEY PMI', 'price': 'R$\xa0365,00', 'review': '5.0 (1)', 'store': 'Magazine Luiza'}
[2025-04-15T00:57:33.736+0000] {subprocess.py:106} INFO - 2025-04-15 00:57:33 [scrapy.core.scraper] DEBUG: Scraped from <200 https://www.magazineluiza.com.br/busca/garrafa+stanley+aerolight+fast+flow/?page=1?page=2>
[2025-04-15T00:57:33.739+0000] {subprocess.py:106} INFO - {'title': 'Garrafa stanley térmica aerolight fast flow em aço inox 710ml laranja tigerlily 08204-00', 'price': 'R$\xa0324,57', 'review': None, 'store': 'Magazine Luiza'}
[2025-04-15T00:57:33.741+0000] {subprocess.py:106} INFO - 2025-04-15 00:57:33 [scrapy.core.scraper] DEBUG: Scraped from <200 https://www.magazineluiza.com.br/busca/garrafa+stanley+aerolight+fast+flow/?page=1?page=1>
[2025-04-15T00:57:33.744+0000] {subprocess.py:106} INFO - {'title': 'Garrafa Térmica Aerolight Fast Flow 1,1L Polar Stanley', 'price': 'R$\xa0379,00', 'review': None, 'store': 'Magazine Luiza'}
[2025-04-15T00:57:33.746+0000] {subprocess.py:106} INFO - 2025-04-15 00:57:33 [scrapy.core.scraper] DEBUG: Scraped from <200 https://www.magazineluiza.com.br/busca/garrafa+stanley+aerolight+fast+flow/?page=1?page=1>
[2025-04-15T00:57:33.749+0000] {subprocess.py:106} INFO - {'title': 'Garrafa Térmica Aerolight Fast Flow Tigerlily 710ml Stanley', 'price': 'R$\xa0289,23', 'review': None, 'store': 'Magazine Luiza'}
[2025-04-15T00:57:33.751+0000] {subprocess.py:106} INFO - 2025-04-15 00:57:33 [scrapy.core.scraper] DEBUG: Scraped from <200 https://www.magazineluiza.com.br/busca/garrafa+stanley+aerolight+fast+flow/?page=1?page=1>
[2025-04-15T00:57:33.754+0000] {subprocess.py:106} INFO - {'title': 'Garrafa stanley térmica aerolight fast flow em aço inox 710ml azul tropical teal 08406-00', 'price': 'R$\xa0324,57', 'review': None, 'store': 'Magazine Luiza'}
[2025-04-15T00:57:33.759+0000] {subprocess.py:106} INFO - 2025-04-15 00:57:33 [scrapy.core.scraper] DEBUG: Scraped from <200 https://www.magazineluiza.com.br/busca/garrafa+stanley+aerolight+fast+flow/?page=1?page=1>
[2025-04-15T00:57:33.761+0000] {subprocess.py:106} INFO - {'title': 'Garrafa Térmica Stanley Aerolight Fast Flow Citron 1,1 Litros - STANLEY PMI', 'price': 'R$\xa0385,90', 'review': None, 'store': 'Magazine Luiza'}
[2025-04-15T00:57:33.763+0000] {subprocess.py:106} INFO - 2025-04-15 00:57:33 [scrapy.core.scraper] DEBUG: Scraped from <200 https://www.magazineluiza.com.br/busca/garrafa+stanley+aerolight+fast+flow/?page=1?page=1>
[2025-04-15T00:57:33.766+0000] {subprocess.py:106} INFO - {'title': 'Garrafa Térmica Stanley Aerolight Fast Flow 710ml Verde Água', 'price': 'R$\xa0268,57', 'review': None, 'store': 'Magazine Luiza'}
[2025-04-15T00:57:33.769+0000] {subprocess.py:106} INFO - 2025-04-15 00:57:33 [scrapy.core.scraper] DEBUG: Scraped from <200 https://www.magazineluiza.com.br/busca/garrafa+stanley+aerolight+fast+flow/?page=1?page=1>
[2025-04-15T00:57:33.773+0000] {subprocess.py:106} INFO - {'title': 'Garrafa Térmica Aerolight Fast Flow Stanley 710ML', 'price': 'R$\xa0359,91', 'review': None, 'store': 'Magazine Luiza'}
[2025-04-15T00:57:33.775+0000] {subprocess.py:106} INFO - 2025-04-15 00:57:33 [scrapy.core.scraper] DEBUG: Scraped from <200 https://www.magazineluiza.com.br/busca/garrafa+stanley+aerolight+fast+flow/?page=1?page=1>
[2025-04-15T00:57:33.780+0000] {subprocess.py:106} INFO - {'title': 'Garrafa Térmica Aerolight Fast Flow Polar 1,1L Stanley', 'price': 'R$\xa0351,23', 'review': None, 'store': 'Magazine Luiza'}
[2025-04-15T00:57:33.782+0000] {subprocess.py:106} INFO - 2025-04-15 00:57:33 [scrapy.core.scraper] DEBUG: Scraped from <200 https://www.magazineluiza.com.br/busca/garrafa+stanley+aerolight+fast+flow/?page=1?page=1>
[2025-04-15T00:57:33.784+0000] {subprocess.py:106} INFO - {'title': 'Garrafa Térmica Stanley Aerolight Fast Flow Citron 710ML - STANLEY PMI', 'price': 'R$\xa0419,90', 'review': None, 'store': 'Magazine Luiza'}
[2025-04-15T00:57:33.786+0000] {subprocess.py:106} INFO - 2025-04-15 00:57:33 [scrapy.core.scraper] DEBUG: Scraped from <200 https://www.magazineluiza.com.br/busca/garrafa+stanley+aerolight+fast+flow/?page=1?page=1>
[2025-04-15T00:57:33.788+0000] {subprocess.py:106} INFO - {'title': 'Garrafa Térmica Aerolight Fast Flow Heat Wave Passion Pink 710ML Stanley', 'price': 'R$\xa0306,81', 'review': None, 'store': 'Magazine Luiza'}
[2025-04-15T00:57:33.790+0000] {subprocess.py:106} INFO - 2025-04-15 00:57:33 [scrapy.core.scraper] DEBUG: Scraped from <200 https://www.magazineluiza.com.br/busca/garrafa+stanley+aerolight+fast+flow/?page=1?page=2>
[2025-04-15T00:57:33.794+0000] {subprocess.py:106} INFO - {'title': 'Garrafa stanley térmica aerolight fast flow em aço inox 710ml vivid violet 08405-00', 'price': 'R$\xa0324,57', 'review': None, 'store': 'Magazine Luiza'}
[2025-04-15T00:57:33.796+0000] {subprocess.py:106} INFO - 2025-04-15 00:57:33 [scrapy.core.scraper] DEBUG: Scraped from <200 https://www.magazineluiza.com.br/busca/garrafa+stanley+aerolight+fast+flow/?page=1?page=2>
[2025-04-15T00:57:33.799+0000] {subprocess.py:106} INFO - {'title': 'Garrafa Térmica Stanley Aerolight Fast Flow 710ml Lilás', 'price': 'R$\xa0268,57', 'review': None, 'store': 'Magazine Luiza'}
[2025-04-15T00:57:33.801+0000] {subprocess.py:106} INFO - 2025-04-15 00:57:33 [scrapy.core.scraper] DEBUG: Scraped from <200 https://www.magazineluiza.com.br/busca/garrafa+stanley+aerolight+fast+flow/?page=1?page=2>
[2025-04-15T00:57:33.804+0000] {subprocess.py:106} INFO - {'title': 'Garrafa Térmica Stanley Aerolight Fast Flow Branco Polar 1,1 Litros - STANLEY PMI', 'price': 'R$\xa0385,90', 'review': None, 'store': 'Magazine Luiza'}
[2025-04-15T00:57:33.806+0000] {subprocess.py:106} INFO - 2025-04-15 00:57:33 [scrapy.core.scraper] DEBUG: Scraped from <200 https://www.magazineluiza.com.br/busca/garrafa+stanley+aerolight+fast+flow/?page=1?page=2>
[2025-04-15T00:57:33.807+0000] {subprocess.py:106} INFO - {'title': 'Garrafa Térmica Stanley Aerolight Fast Flow 710 ML Azul 0838', 'price': 'R$\xa0369,90', 'review': None, 'store': 'Magazine Luiza'}
[2025-04-15T00:57:33.810+0000] {subprocess.py:106} INFO - 2025-04-15 00:57:33 [scrapy.core.scraper] DEBUG: Scraped from <200 https://www.magazineluiza.com.br/busca/garrafa+stanley+aerolight+fast+flow/?page=1?page=2>
[2025-04-15T00:57:33.812+0000] {subprocess.py:106} INFO - {'title': 'Garrafa stanley térmica aerolight fast flow 1,1 litros branco polar 08207-00', 'price': 'R$\xa0343,17', 'review': None, 'store': 'Magazine Luiza'}
[2025-04-15T00:57:33.814+0000] {subprocess.py:106} INFO - 2025-04-15 00:57:33 [scrapy.core.scraper] DEBUG: Scraped from <200 https://www.magazineluiza.com.br/busca/garrafa+stanley+aerolight+fast+flow/?page=1?page=2>
[2025-04-15T00:57:33.817+0000] {subprocess.py:106} INFO - {'title': 'Garrafa Térmica Stanley Aerolight Fast Flow 710ml Azul Claro', 'price': 'R$\xa0268,57', 'review': None, 'store': 'Magazine Luiza'}
[2025-04-15T00:57:33.818+0000] {subprocess.py:106} INFO - 2025-04-15 00:57:33 [scrapy.core.scraper] DEBUG: Scraped from <200 https://www.magazineluiza.com.br/busca/garrafa+stanley+aerolight+fast+flow/?page=1?page=2>
[2025-04-15T00:57:33.820+0000] {subprocess.py:106} INFO - {'title': 'Garrafa termica stanley aerolight fast flow tigerlily 1,1l cod8208 cx6', 'price': 'R$\xa0434,37', 'review': '5.0 (1)', 'store': 'Magazine Luiza'}
[2025-04-15T00:57:33.824+0000] {subprocess.py:106} INFO - 2025-04-15 00:57:33 [scrapy.core.scraper] DEBUG: Scraped from <200 https://www.magazineluiza.com.br/busca/garrafa+stanley+aerolight+fast+flow/?page=1?page=1>
[2025-04-15T00:57:33.827+0000] {subprocess.py:106} INFO - {'title': 'Garrafa stanley térmica aerolight fast flow em aço inox 710ml passion pink 08404-00', 'price': 'R$\xa0324,57', 'review': None, 'store': 'Magazine Luiza'}
[2025-04-15T00:57:33.829+0000] {subprocess.py:106} INFO - 2025-04-15 00:57:33 [scrapy.core.scraper] DEBUG: Scraped from <200 https://www.magazineluiza.com.br/busca/garrafa+stanley+aerolight+fast+flow/?page=1?page=1>
[2025-04-15T00:57:33.838+0000] {subprocess.py:106} INFO - {'title': 'Garrafa Térmica STanley Aerolight Fast Flow 1,1L', 'price': 'R$\xa0368,18', 'review': None, 'store': 'Magazine Luiza'}
[2025-04-15T00:57:33.841+0000] {subprocess.py:106} INFO - 2025-04-15 00:57:33 [scrapy.core.scraper] DEBUG: Scraped from <200 https://www.magazineluiza.com.br/busca/garrafa+stanley+aerolight+fast+flow/?page=1?page=1>
[2025-04-15T00:57:33.843+0000] {subprocess.py:106} INFO - {'title': 'Garrafa Térmica Stanley Aerolight Fast Flow Citron 1,1 Litros - STANLEY PMI', 'price': 'R$\xa0371,07', 'review': None, 'store': 'Magazine Luiza'}
[2025-04-15T00:57:33.845+0000] {subprocess.py:106} INFO - 2025-04-15 00:57:33 [scrapy.core.scraper] DEBUG: Scraped from <200 https://www.magazineluiza.com.br/busca/garrafa+stanley+aerolight+fast+flow/?page=1?page=1>
[2025-04-15T00:57:33.847+0000] {subprocess.py:106} INFO - {'title': 'Garrafa stanley térmica aerolight fast flow 710ml matte black 08202-00', 'price': 'R$\xa0324,57', 'review': '5.0 (1)', 'store': 'Magazine Luiza'}
[2025-04-15T00:57:33.849+0000] {subprocess.py:106} INFO - 2025-04-15 00:57:33 [scrapy.core.scraper] DEBUG: Scraped from <200 https://www.magazineluiza.com.br/busca/garrafa+stanley+aerolight+fast+flow/?page=1?page=1>
[2025-04-15T00:57:33.851+0000] {subprocess.py:106} INFO - {'title': 'Garrafa Térmica Stanley Aerolight Fast Flow 710ml Verde Limão', 'price': 'R$\xa0268,57', 'review': None, 'store': 'Magazine Luiza'}
[2025-04-15T00:57:33.853+0000] {subprocess.py:106} INFO - 2025-04-15 00:57:33 [scrapy.core.scraper] DEBUG: Scraped from <200 https://www.magazineluiza.com.br/busca/garrafa+stanley+aerolight+fast+flow/?page=1?page=1>
[2025-04-15T00:57:33.856+0000] {subprocess.py:106} INFO - {'title': 'Garrafa Térmica Stanley Aerolight Fast Flow Branco Polar 710ML - STANLEY PMI', 'price': 'R$\xa0369,90', 'review': None, 'store': 'Magazine Luiza'}
[2025-04-15T00:57:33.860+0000] {subprocess.py:106} INFO - 2025-04-15 00:57:33 [scrapy.core.scraper] DEBUG: Scraped from <200 https://www.magazineluiza.com.br/busca/garrafa+stanley+aerolight+fast+flow/?page=1?page=1>
[2025-04-15T00:57:33.862+0000] {subprocess.py:106} INFO - {'title': 'Garrafa Térmica Aerolight Fast Flow Stanley Citron 710 Ml', 'price': 'R$\xa0365,00', 'review': None, 'store': 'Magazine Luiza'}
[2025-04-15T00:57:33.866+0000] {subprocess.py:106} INFO - 2025-04-15 00:57:33 [scrapy.core.scraper] DEBUG: Scraped from <200 https://www.magazineluiza.com.br/busca/garrafa+stanley+aerolight+fast+flow/?page=1?page=2>
[2025-04-15T00:57:33.869+0000] {subprocess.py:106} INFO - {'title': 'Garrafa Térmica Stanley Aerolight Fast Flow Branco Polar 710', 'price': 'R$\xa0361,00', 'review': None, 'store': 'Magazine Luiza'}
[2025-04-15T00:57:33.871+0000] {subprocess.py:106} INFO - 2025-04-15 00:57:33 [scrapy.core.scraper] DEBUG: Scraped from <200 https://www.magazineluiza.com.br/busca/garrafa+stanley+aerolight+fast+flow/?page=1?page=2>
[2025-04-15T00:57:33.873+0000] {subprocess.py:106} INFO - {'title': 'Garrafa Térmica Stanley IceFlow Aerolight Fast Flow 700ml - Cinza', 'price': 'R$\xa0448,45', 'review': None, 'store': 'Magazine Luiza'}
[2025-04-15T00:57:33.875+0000] {subprocess.py:106} INFO - 2025-04-15 00:57:33 [scrapy.core.scraper] DEBUG: Scraped from <200 https://www.magazineluiza.com.br/busca/garrafa+stanley+aerolight+fast+flow/?page=1?page=2>
[2025-04-15T00:57:33.881+0000] {subprocess.py:106} INFO - {'title': 'Garrafa Térmica STanley Aerolight Fast Flow 1,1L', 'price': 'R$\xa0368,18', 'review': None, 'store': 'Magazine Luiza'}
[2025-04-15T00:57:33.883+0000] {subprocess.py:106} INFO - 2025-04-15 00:57:33 [scrapy.core.scraper] DEBUG: Scraped from <200 https://www.magazineluiza.com.br/busca/garrafa+stanley+aerolight+fast+flow/?page=1?page=2>
[2025-04-15T00:57:33.886+0000] {subprocess.py:106} INFO - {'title': 'Garrafa Térmica Stanley Aerolight Fast Flow Citron 1,1 Litros - STANLEY PMI', 'price': 'R$\xa0359,43', 'review': None, 'store': 'Magazine Luiza'}
[2025-04-15T00:57:33.888+0000] {subprocess.py:106} INFO - 2025-04-15 00:57:33 [scrapy.core.scraper] DEBUG: Scraped from <200 https://www.magazineluiza.com.br/busca/garrafa+stanley+aerolight+fast+flow/?page=1?page=2>
[2025-04-15T00:57:33.891+0000] {subprocess.py:106} INFO - {'title': 'Garrafa Térmica Aerolight Fast Flow 1,1L Polar Stanley', 'price': 'R$\xa0379,00', 'review': None, 'store': 'Magazine Luiza'}
[2025-04-15T00:57:33.894+0000] {subprocess.py:106} INFO - 2025-04-15 00:57:33 [scrapy.core.scraper] DEBUG: Scraped from <200 https://www.magazineluiza.com.br/busca/garrafa+stanley+aerolight+fast+flow/?page=1?page=1>
[2025-04-15T00:57:33.896+0000] {subprocess.py:106} INFO - {'title': 'Garrafa Térmica Stanley Aerolight Fast Flow Citron 1,1 Litros - STANLEY PMI', 'price': 'R$\xa0489,00', 'review': None, 'store': 'Magazine Luiza'}
[2025-04-15T00:57:33.899+0000] {subprocess.py:106} INFO - 2025-04-15 00:57:33 [scrapy.core.scraper] DEBUG: Scraped from <200 https://www.magazineluiza.com.br/busca/garrafa+stanley+aerolight+fast+flow/?page=1?page=1>
[2025-04-15T00:57:33.902+0000] {subprocess.py:106} INFO - {'title': 'Garrafa Térmica Stanley Aerolight Fast Flow 0.7L Verde 08205', 'price': 'R$\xa0344,01', 'review': None, 'store': 'Magazine Luiza'}
[2025-04-15T00:57:33.904+0000] {subprocess.py:106} INFO - 2025-04-15 00:57:33 [scrapy.core.scraper] DEBUG: Scraped from <200 https://www.magazineluiza.com.br/busca/garrafa+stanley+aerolight+fast+flow/?page=1?page=1>
[2025-04-15T00:57:33.906+0000] {subprocess.py:106} INFO - {'title': 'Garrafa Térmico Aerolight Fast Flow 710 Ml Citron Stanley', 'price': 'R$\xa0329,57', 'review': None, 'store': 'Magazine Luiza'}
[2025-04-15T00:57:33.909+0000] {subprocess.py:106} INFO - 2025-04-15 00:57:33 [scrapy.core.scraper] DEBUG: Scraped from <200 https://www.magazineluiza.com.br/busca/garrafa+stanley+aerolight+fast+flow/?page=1?page=1>
[2025-04-15T00:57:33.911+0000] {subprocess.py:106} INFO - {'title': 'Garrafa Térmica Aerolight Fast Flow Polar 1,1L', 'price': 'R$\xa0479,99', 'review': None, 'store': 'Magazine Luiza'}
[2025-04-15T00:57:33.914+0000] {subprocess.py:106} INFO - 2025-04-15 00:57:33 [scrapy.core.scraper] DEBUG: Scraped from <200 https://www.magazineluiza.com.br/busca/garrafa+stanley+aerolight+fast+flow/?page=1?page=1>
[2025-04-15T00:57:33.917+0000] {subprocess.py:106} INFO - {'title': 'Garrafa Térmica Stanley Aerolight Fast Flow Lavender 710ML - STANLEY PMI', 'price': 'R$\xa0361,77', 'review': None, 'store': 'Magazine Luiza'}
[2025-04-15T00:57:33.919+0000] {subprocess.py:106} INFO - 2025-04-15 00:57:33 [scrapy.core.scraper] DEBUG: Scraped from <200 https://www.magazineluiza.com.br/busca/garrafa+stanley+aerolight+fast+flow/?page=1?page=1>
[2025-04-15T00:57:33.922+0000] {subprocess.py:106} INFO - {'title': 'Garrafa Térmica Stanley Aerolight Fast Flow Tigerlily 710ML - STANLEY PMI', 'price': 'R$\xa0365,00', 'review': None, 'store': 'Magazine Luiza'}
[2025-04-15T00:57:33.924+0000] {subprocess.py:106} INFO - 2025-04-15 00:57:33 [scrapy.core.scraper] DEBUG: Scraped from <200 https://www.magazineluiza.com.br/busca/garrafa+stanley+aerolight+fast+flow/?page=1?page=2>
[2025-04-15T00:57:33.927+0000] {subprocess.py:106} INFO - {'title': 'Garrafa Térmica Aerolight Fast Flow Tigerlily 710ml Stanley', 'price': 'R$\xa0289,23', 'review': None, 'store': 'Magazine Luiza'}
[2025-04-15T00:57:33.929+0000] {subprocess.py:106} INFO - 2025-04-15 00:57:33 [scrapy.core.scraper] DEBUG: Scraped from <200 https://www.magazineluiza.com.br/busca/garrafa+stanley+aerolight+fast+flow/?page=1?page=2>
[2025-04-15T00:57:33.933+0000] {subprocess.py:106} INFO - {'title': 'Garrafa stanley térmica aerolight fast flow em aço inox 710ml azul tropical teal 08406-00', 'price': 'R$\xa0324,57', 'review': None, 'store': 'Magazine Luiza'}
[2025-04-15T00:57:33.935+0000] {subprocess.py:106} INFO - 2025-04-15 00:57:33 [scrapy.core.scraper] DEBUG: Scraped from <200 https://www.magazineluiza.com.br/busca/garrafa+stanley+aerolight+fast+flow/?page=1?page=2>
[2025-04-15T00:57:33.937+0000] {subprocess.py:106} INFO - {'title': 'Garrafa Térmica Stanley Aerolight Fast Flow Citron 1,1 Litros - STANLEY PMI', 'price': 'R$\xa0385,90', 'review': None, 'store': 'Magazine Luiza'}
[2025-04-15T00:57:33.939+0000] {subprocess.py:106} INFO - 2025-04-15 00:57:33 [scrapy.core.scraper] DEBUG: Scraped from <200 https://www.magazineluiza.com.br/busca/garrafa+stanley+aerolight+fast+flow/?page=1?page=2>
[2025-04-15T00:57:33.940+0000] {subprocess.py:106} INFO - {'title': 'Garrafa Térmica Stanley Aerolight Fast Flow 710ml Verde Água', 'price': 'R$\xa0268,57', 'review': None, 'store': 'Magazine Luiza'}
[2025-04-15T00:57:33.943+0000] {subprocess.py:106} INFO - 2025-04-15 00:57:33 [scrapy.core.scraper] DEBUG: Scraped from <200 https://www.magazineluiza.com.br/busca/garrafa+stanley+aerolight+fast+flow/?page=1?page=2>
[2025-04-15T00:57:33.944+0000] {subprocess.py:106} INFO - {'title': 'Garrafa Térmica Aerolight Fast Flow Stanley 710ML', 'price': 'R$\xa0359,91', 'review': None, 'store': 'Magazine Luiza'}
[2025-04-15T00:57:33.946+0000] {subprocess.py:106} INFO - 2025-04-15 00:57:33 [scrapy.core.scraper] DEBUG: Scraped from <200 https://www.magazineluiza.com.br/busca/garrafa+stanley+aerolight+fast+flow/?page=1?page=2>
[2025-04-15T00:57:33.949+0000] {subprocess.py:106} INFO - {'title': 'Garrafa Térmica Aerolight Fast Flow Polar 1,1L Stanley', 'price': 'R$\xa0351,23', 'review': None, 'store': 'Magazine Luiza'}
[2025-04-15T00:57:33.951+0000] {subprocess.py:106} INFO - 2025-04-15 00:57:33 [scrapy.core.scraper] DEBUG: Scraped from <200 https://www.magazineluiza.com.br/busca/garrafa+stanley+aerolight+fast+flow/?page=1?page=2>
[2025-04-15T00:57:33.954+0000] {subprocess.py:106} INFO - {'title': 'Garrafa Térmica Stanley Aerolight Fast Flow Citron 710ML - STANLEY PMI', 'price': 'R$\xa0419,90', 'review': None, 'store': 'Magazine Luiza'}
[2025-04-15T00:57:33.958+0000] {subprocess.py:106} INFO - 2025-04-15 00:57:33 [scrapy.core.scraper] DEBUG: Scraped from <200 https://www.magazineluiza.com.br/busca/garrafa+stanley+aerolight+fast+flow/?page=1?page=2>
[2025-04-15T00:57:33.961+0000] {subprocess.py:106} INFO - {'title': 'Garrafa Térmica Aerolight Fast Flow Heat Wave Passion Pink 710ML Stanley', 'price': 'R$\xa0306,81', 'review': None, 'store': 'Magazine Luiza'}
[2025-04-15T00:57:33.963+0000] {subprocess.py:106} INFO - 2025-04-15 00:57:33 [scrapy.core.scraper] DEBUG: Scraped from <200 https://www.magazineluiza.com.br/busca/garrafa+stanley+aerolight+fast+flow/?page=1?page=2>
[2025-04-15T00:57:33.965+0000] {subprocess.py:106} INFO - {'title': 'Garrafa stanley térmica aerolight fast flow em aço inox 710ml passion pink 08404-00', 'price': 'R$\xa0324,57', 'review': None, 'store': 'Magazine Luiza'}
[2025-04-15T00:57:33.968+0000] {subprocess.py:106} INFO - 2025-04-15 00:57:33 [scrapy.core.scraper] DEBUG: Scraped from <200 https://www.magazineluiza.com.br/busca/garrafa+stanley+aerolight+fast+flow/?page=1?page=2>
[2025-04-15T00:57:33.971+0000] {subprocess.py:106} INFO - {'title': 'Garrafa Térmica STanley Aerolight Fast Flow 1,1L', 'price': 'R$\xa0368,18', 'review': None, 'store': 'Magazine Luiza'}
[2025-04-15T00:57:33.973+0000] {subprocess.py:106} INFO - 2025-04-15 00:57:33 [scrapy.core.scraper] DEBUG: Scraped from <200 https://www.magazineluiza.com.br/busca/garrafa+stanley+aerolight+fast+flow/?page=1?page=2>
[2025-04-15T00:57:33.977+0000] {subprocess.py:106} INFO - {'title': 'Garrafa Térmica Stanley Aerolight Fast Flow Citron 1,1 Litros - STANLEY PMI', 'price': 'R$\xa0371,07', 'review': None, 'store': 'Magazine Luiza'}
[2025-04-15T00:57:33.981+0000] {subprocess.py:106} INFO - 2025-04-15 00:57:33 [scrapy.core.scraper] DEBUG: Scraped from <200 https://www.magazineluiza.com.br/busca/garrafa+stanley+aerolight+fast+flow/?page=1?page=2>
[2025-04-15T00:57:33.983+0000] {subprocess.py:106} INFO - {'title': 'Garrafa stanley térmica aerolight fast flow 710ml matte black 08202-00', 'price': 'R$\xa0324,57', 'review': '5.0 (1)', 'store': 'Magazine Luiza'}
[2025-04-15T00:57:33.986+0000] {subprocess.py:106} INFO - 2025-04-15 00:57:33 [scrapy.core.scraper] DEBUG: Scraped from <200 https://www.magazineluiza.com.br/busca/garrafa+stanley+aerolight+fast+flow/?page=1?page=2>
[2025-04-15T00:57:33.988+0000] {subprocess.py:106} INFO - {'title': 'Garrafa Térmica Stanley Aerolight Fast Flow 710ml Verde Limão', 'price': 'R$\xa0268,57', 'review': None, 'store': 'Magazine Luiza'}
[2025-04-15T00:57:33.991+0000] {subprocess.py:106} INFO - 
[2025-04-15T00:57:33.994+0000] {subprocess.py:106} INFO - GARRAFA STANLEY AEROLIGHT FAST FLOW 1.1Lt ORIGINAL TODAS AS CORES
[2025-04-15T00:57:33.996+0000] {subprocess.py:106} INFO - [R$ 332,00]
[2025-04-15T00:57:33.999+0000] {subprocess.py:106} INFO - 4.2 (6)
[2025-04-15T00:57:34.002+0000] {subprocess.py:106} INFO - Garrafa Térmica Stanley Aerolight Fast Flow Branco Polar 1,1 Litros
[2025-04-15T00:57:34.005+0000] {subprocess.py:106} INFO - [R$ 299,46]
[2025-04-15T00:57:34.007+0000] {subprocess.py:106} INFO - None
[2025-04-15T00:57:34.013+0000] {subprocess.py:106} INFO - Garrafa Térmica Aerolight Stanley Fast Flow 1,1L - Citron
[2025-04-15T00:57:34.016+0000] {subprocess.py:106} INFO - [R$ 315,27]
[2025-04-15T00:57:34.019+0000] {subprocess.py:106} INFO - None
[2025-04-15T00:57:34.022+0000] {subprocess.py:106} INFO - Garrafa Térmica Aerolight Stanley Fast Flow 1,1L - Polar
[2025-04-15T00:57:34.024+0000] {subprocess.py:106} INFO - [R$ 315,27]
[2025-04-15T00:57:34.028+0000] {subprocess.py:106} INFO - None
[2025-04-15T00:57:34.030+0000] {subprocess.py:106} INFO - Garrafa Térmica Stanley Aerolight Fast Flow Citron 710ML
[2025-04-15T00:57:34.033+0000] {subprocess.py:106} INFO - [R$ 272,49]
[2025-04-15T00:57:34.036+0000] {subprocess.py:106} INFO - None
[2025-04-15T00:57:34.038+0000] {subprocess.py:106} INFO - Garrafa Térmica Stanley Aerolight Fast Flow Original Laranja Tigerlily 1,1 L
[2025-04-15T00:57:34.040+0000] {subprocess.py:106} INFO - [R$ 379,00]
[2025-04-15T00:57:34.043+0000] {subprocess.py:106} INFO - 5.0 (1)
[2025-04-15T00:57:34.045+0000] {subprocess.py:106} INFO - Garrafa Térmica Aerolight Laranja Fast Flow Tigerlily 1,1L Stanley
[2025-04-15T00:57:34.047+0000] {subprocess.py:106} INFO - [R$ 344,01]
[2025-04-15T00:57:34.051+0000] {subprocess.py:106} INFO - 5.0 (1)
[2025-04-15T00:57:34.053+0000] {subprocess.py:106} INFO - Garrafa stanley térmica aerolight fast flow em aço inox 710ml lavender 08241-00
[2025-04-15T00:57:34.064+0000] {subprocess.py:106} INFO - [R$ 324,57]
[2025-04-15T00:57:34.067+0000] {subprocess.py:106} INFO - None
[2025-04-15T00:57:34.072+0000] {subprocess.py:106} INFO - Garrafa stanley térmica aerolight fast flow 1,1 litros laranja tigerlily 08242-00
[2025-04-15T00:57:34.077+0000] {subprocess.py:106} INFO - [R$ 343,17]
[2025-04-15T00:57:34.079+0000] {subprocess.py:106} INFO - 5.0 (1)
[2025-04-15T00:57:34.081+0000] {subprocess.py:106} INFO - Garrafa Térmica Stanley Aerolight Fast Flow 710ml Rosa Claro
[2025-04-15T00:57:34.083+0000] {subprocess.py:106} INFO - [R$ 268,57]
[2025-04-15T00:57:34.086+0000] {subprocess.py:106} INFO - None
[2025-04-15T00:57:34.088+0000] {subprocess.py:106} INFO - Garrafa stanley aerolight fast flow 710ml original todas as cores
[2025-04-15T00:57:34.090+0000] {subprocess.py:106} INFO - [R$ 304,10]
[2025-04-15T00:57:34.093+0000] {subprocess.py:106} INFO - 5.0 (1)
[2025-04-15T00:57:34.095+0000] {subprocess.py:106} INFO - Garrafa Térmica Aerolight Stanley Fast Flow 710ml - Matte Black
[2025-04-15T00:57:34.098+0000] {subprocess.py:106} INFO - [R$ 287,37]
[2025-04-15T00:57:34.099+0000] {subprocess.py:106} INFO - 5.0 (1)
[2025-04-15T00:57:34.103+0000] {subprocess.py:106} INFO - Garrafa Térmica Stanley Aerolight Fast Flow Lavender 710ML - STANLEY PMI
[2025-04-15T00:57:34.105+0000] {subprocess.py:106} INFO - [R$ 289,97]
[2025-04-15T00:57:34.107+0000] {subprocess.py:106} INFO - None
[2025-04-15T00:57:34.110+0000] {subprocess.py:106} INFO - Stanley Garrafa Térmica Aerolight Original Fast Flow Branco Polar 710ml
[2025-04-15T00:57:34.112+0000] {subprocess.py:106} INFO - [R$ 332,10]
[2025-04-15T00:57:34.115+0000] {subprocess.py:106} INFO - None
[2025-04-15T00:57:34.117+0000] {subprocess.py:106} INFO - Garrafa Térmica Stanley Aerolight Fast Flow 1.1L Verde Água
[2025-04-15T00:57:34.119+0000] {subprocess.py:106} INFO - [R$ 289,23]
[2025-04-15T00:57:34.121+0000] {subprocess.py:106} INFO - None
[2025-04-15T00:57:34.123+0000] {subprocess.py:106} INFO - Garrafa Térmica Aerolight Stanley Fast Flow 1,1L - Tigerlily
[2025-04-15T00:57:34.126+0000] {subprocess.py:106} INFO - [R$ 315,27]
[2025-04-15T00:57:34.129+0000] {subprocess.py:106} INFO - 5.0 (1)
[2025-04-15T00:57:34.131+0000] {subprocess.py:106} INFO - Garrafa Térmica Stanley Aerolight Fast Flow 1.1L Pink
[2025-04-15T00:57:34.133+0000] {subprocess.py:106} INFO - [R$ 289,23]
[2025-04-15T00:57:34.135+0000] {subprocess.py:106} INFO - None
[2025-04-15T00:57:34.137+0000] {subprocess.py:106} INFO - Garrafa Térmica Aerolight Fast Flow Matte Black 1,1L Stanley
[2025-04-15T00:57:34.139+0000] {subprocess.py:106} INFO - [R$ 351,23]
[2025-04-15T00:57:34.140+0000] {subprocess.py:106} INFO - 4.2 (6)
[2025-04-15T00:57:34.142+0000] {subprocess.py:106} INFO - Garrafa Térmica Aerolight Stanley Fast Flow 710ml - Lavender
[2025-04-15T00:57:34.144+0000] {subprocess.py:106} INFO - [R$ 287,37]
[2025-04-15T00:57:34.146+0000] {subprocess.py:106} INFO - None
[2025-04-15T00:57:34.149+0000] {subprocess.py:106} INFO - Garrafa Térmica Stanley Aerolight Fast Flow Branco Polar 1,1 Litros
[2025-04-15T00:57:34.151+0000] {subprocess.py:106} INFO - [R$ 299,46]
[2025-04-15T00:57:34.153+0000] {subprocess.py:106} INFO - None
[2025-04-15T00:57:34.156+0000] {subprocess.py:106} INFO - Garrafa Térmica Aerolight Stanley Fast Flow 1,1L - Citron
[2025-04-15T00:57:34.158+0000] {subprocess.py:106} INFO - [R$ 315,27]
[2025-04-15T00:57:34.161+0000] {subprocess.py:106} INFO - None
[2025-04-15T00:57:34.163+0000] {subprocess.py:106} INFO - Garrafa Térmica Stanley Aerolight Fast Flow Branco Polar 1,1 Litros - STANLEY PMI
[2025-04-15T00:57:34.164+0000] {subprocess.py:106} INFO - [R$ 399,00]
[2025-04-15T00:57:34.166+0000] {subprocess.py:106} INFO - None
[2025-04-15T00:57:34.168+0000] {subprocess.py:106} INFO - Garrafa Térmica Stanley Aerolight Fast Flow Matte Black 710ML - STANLEY PMI
[2025-04-15T00:57:34.170+0000] {subprocess.py:106} INFO - [R$ 365,00]
[2025-04-15T00:57:34.172+0000] {subprocess.py:106} INFO - 5.0 (1)
[2025-04-15T00:57:34.174+0000] {subprocess.py:106} INFO - Garrafa stanley térmica aerolight fast flow em aço inox 710ml laranja tigerlily 08204-00
[2025-04-15T00:57:34.176+0000] {subprocess.py:106} INFO - [R$ 324,57]
[2025-04-15T00:57:34.178+0000] {subprocess.py:106} INFO - None
[2025-04-15T00:57:34.180+0000] {subprocess.py:106} INFO - Garrafa stanley térmica aerolight fast flow em aço inox 710ml vivid violet 08405-00
[2025-04-15T00:57:34.182+0000] {subprocess.py:106} INFO - [R$ 324,57]
[2025-04-15T00:57:34.184+0000] {subprocess.py:106} INFO - None
[2025-04-15T00:57:34.187+0000] {subprocess.py:106} INFO - Garrafa Térmica Stanley Aerolight Fast Flow 710ml Lilás
[2025-04-15T00:57:34.190+0000] {subprocess.py:106} INFO - [R$ 268,57]
[2025-04-15T00:57:34.194+0000] {subprocess.py:106} INFO - None
[2025-04-15T00:57:34.197+0000] {subprocess.py:106} INFO - Garrafa Térmica Stanley Aerolight Fast Flow Branco Polar 1,1 Litros - STANLEY PMI
[2025-04-15T00:57:34.200+0000] {subprocess.py:106} INFO - [R$ 385,90]
[2025-04-15T00:57:34.202+0000] {subprocess.py:106} INFO - None
[2025-04-15T00:57:34.204+0000] {subprocess.py:106} INFO - Garrafa Térmica Stanley Aerolight Fast Flow 710 ML Azul 0838
[2025-04-15T00:57:34.206+0000] {subprocess.py:106} INFO - [R$ 369,90]
[2025-04-15T00:57:34.210+0000] {subprocess.py:106} INFO - None
[2025-04-15T00:57:34.212+0000] {subprocess.py:106} INFO - Garrafa stanley térmica aerolight fast flow 1,1 litros branco polar 08207-00
[2025-04-15T00:57:34.214+0000] {subprocess.py:106} INFO - [R$ 343,17]
[2025-04-15T00:57:34.216+0000] {subprocess.py:106} INFO - None
[2025-04-15T00:57:34.218+0000] {subprocess.py:106} INFO - Garrafa Térmica Stanley Aerolight Fast Flow 710ml Azul Claro
[2025-04-15T00:57:34.221+0000] {subprocess.py:106} INFO - [R$ 268,57]
[2025-04-15T00:57:34.223+0000] {subprocess.py:106} INFO - None
[2025-04-15T00:57:34.225+0000] {subprocess.py:106} INFO - Garrafa Térmica Aerolight Stanley Fast Flow 1,1L - Polar
[2025-04-15T00:57:34.228+0000] {subprocess.py:106} INFO - [R$ 315,27]
[2025-04-15T00:57:34.230+0000] {subprocess.py:106} INFO - None
[2025-04-15T00:57:34.232+0000] {subprocess.py:106} INFO - Garrafa Térmica Stanley Aerolight Fast Flow Citron 710ML
[2025-04-15T00:57:34.234+0000] {subprocess.py:106} INFO - [R$ 272,49]
[2025-04-15T00:57:34.236+0000] {subprocess.py:106} INFO - None
[2025-04-15T00:57:34.238+0000] {subprocess.py:106} INFO - Garrafa Térmica Stanley Aerolight Fast Flow Original Laranja Tigerlily 1,1 L
[2025-04-15T00:57:34.240+0000] {subprocess.py:106} INFO - [R$ 379,00]
[2025-04-15T00:57:34.242+0000] {subprocess.py:106} INFO - 5.0 (1)
[2025-04-15T00:57:34.244+0000] {subprocess.py:106} INFO - Garrafa Térmica Aerolight Laranja Fast Flow Tigerlily 1,1L Stanley
[2025-04-15T00:57:34.246+0000] {subprocess.py:106} INFO - [R$ 344,01]
[2025-04-15T00:57:34.248+0000] {subprocess.py:106} INFO - 5.0 (1)
[2025-04-15T00:57:34.251+0000] {subprocess.py:106} INFO - Garrafa stanley térmica aerolight fast flow em aço inox 710ml lavender 08241-00
[2025-04-15T00:57:34.253+0000] {subprocess.py:106} INFO - [R$ 324,57]
[2025-04-15T00:57:34.255+0000] {subprocess.py:106} INFO - None
[2025-04-15T00:57:34.257+0000] {subprocess.py:106} INFO - Garrafa termica stanley aerolight fast flow tigerlily 1,1l cod8208 cx6
[2025-04-15T00:57:34.260+0000] {subprocess.py:106} INFO - [R$ 434,37]
[2025-04-15T00:57:34.263+0000] {subprocess.py:106} INFO - 5.0 (1)
[2025-04-15T00:57:34.265+0000] {subprocess.py:106} INFO - Garrafa Térmica Stanley Aerolight Fast Flow Branco Polar 710
[2025-04-15T00:57:34.267+0000] {subprocess.py:106} INFO - [R$ 361,00]
[2025-04-15T00:57:34.269+0000] {subprocess.py:106} INFO - None
[2025-04-15T00:57:34.271+0000] {subprocess.py:106} INFO - Garrafa Térmica Stanley IceFlow Aerolight Fast Flow 700ml - Cinza
[2025-04-15T00:57:34.273+0000] {subprocess.py:106} INFO - [R$ 448,45]
[2025-04-15T00:57:34.279+0000] {subprocess.py:106} INFO - None
[2025-04-15T00:57:34.282+0000] {subprocess.py:106} INFO - Garrafa Térmica STanley Aerolight Fast Flow 1,1L
[2025-04-15T00:57:34.286+0000] {subprocess.py:106} INFO - [R$ 368,18]
[2025-04-15T00:57:34.288+0000] {subprocess.py:106} INFO - None
[2025-04-15T00:57:34.290+0000] {subprocess.py:106} INFO - Garrafa Térmica Stanley Aerolight Fast Flow Citron 1,1 Litros - STANLEY PMI
[2025-04-15T00:57:34.293+0000] {subprocess.py:106} INFO - [R$ 359,43]
[2025-04-15T00:57:34.296+0000] {subprocess.py:106} INFO - None
[2025-04-15T00:57:34.298+0000] {subprocess.py:106} INFO - Garrafa stanley térmica aerolight fast flow 1,1 litros laranja tigerlily 08242-00
[2025-04-15T00:57:34.301+0000] {subprocess.py:106} INFO - [R$ 343,17]
[2025-04-15T00:57:34.303+0000] {subprocess.py:106} INFO - 5.0 (1)
[2025-04-15T00:57:34.305+0000] {subprocess.py:106} INFO - Garrafa Térmica Stanley Aerolight Fast Flow 710ml Rosa Claro
[2025-04-15T00:57:34.308+0000] {subprocess.py:106} INFO - [R$ 268,57]
[2025-04-15T00:57:34.312+0000] {subprocess.py:106} INFO - None
[2025-04-15T00:57:34.315+0000] {subprocess.py:106} INFO - Garrafa Térmica Stanley Aerolight Fast Flow 1.1L Verde Água
[2025-04-15T00:57:34.321+0000] {subprocess.py:106} INFO - [R$ 289,23]
[2025-04-15T00:57:34.323+0000] {subprocess.py:106} INFO - None
[2025-04-15T00:57:34.326+0000] {subprocess.py:106} INFO - Garrafa Térmica Stanley Aerolight Fast Flow Branco Polar 1,1 Litros - STANLEY PMI
[2025-04-15T00:57:34.329+0000] {subprocess.py:106} INFO - [R$ 399,00]
[2025-04-15T00:57:34.332+0000] {subprocess.py:106} INFO - None
[2025-04-15T00:57:34.333+0000] {subprocess.py:106} INFO - Garrafa Térmica Stanley Aerolight Fast Flow Matte Black 710ML - STANLEY PMI
[2025-04-15T00:57:34.335+0000] {subprocess.py:106} INFO - [R$ 365,00]
[2025-04-15T00:57:34.337+0000] {subprocess.py:106} INFO - 5.0 (1)
[2025-04-15T00:57:34.339+0000] {subprocess.py:106} INFO - Garrafa stanley térmica aerolight fast flow em aço inox 710ml laranja tigerlily 08204-00
[2025-04-15T00:57:34.341+0000] {subprocess.py:106} INFO - [R$ 324,57]
[2025-04-15T00:57:34.343+0000] {subprocess.py:106} INFO - None
[2025-04-15T00:57:34.345+0000] {subprocess.py:106} INFO - Garrafa Térmica Aerolight Fast Flow 1,1L Polar Stanley
[2025-04-15T00:57:34.347+0000] {subprocess.py:106} INFO - [R$ 379,00]
[2025-04-15T00:57:34.349+0000] {subprocess.py:106} INFO - None
[2025-04-15T00:57:34.356+0000] {subprocess.py:106} INFO - Garrafa Térmica Aerolight Fast Flow Tigerlily 710ml Stanley
[2025-04-15T00:57:34.358+0000] {subprocess.py:106} INFO - [R$ 289,23]
[2025-04-15T00:57:34.361+0000] {subprocess.py:106} INFO - None
[2025-04-15T00:57:34.363+0000] {subprocess.py:106} INFO - Garrafa stanley térmica aerolight fast flow em aço inox 710ml azul tropical teal 08406-00
[2025-04-15T00:57:34.365+0000] {subprocess.py:106} INFO - [R$ 324,57]
[2025-04-15T00:57:34.368+0000] {subprocess.py:106} INFO - None
[2025-04-15T00:57:34.370+0000] {subprocess.py:106} INFO - Garrafa Térmica Stanley Aerolight Fast Flow Citron 1,1 Litros - STANLEY PMI
[2025-04-15T00:57:34.374+0000] {subprocess.py:106} INFO - [R$ 385,90]
[2025-04-15T00:57:34.375+0000] {subprocess.py:106} INFO - None
[2025-04-15T00:57:34.377+0000] {subprocess.py:106} INFO - Garrafa Térmica Stanley Aerolight Fast Flow 710ml Verde Água
[2025-04-15T00:57:34.380+0000] {subprocess.py:106} INFO - [R$ 268,57]
[2025-04-15T00:57:34.382+0000] {subprocess.py:106} INFO - None
[2025-04-15T00:57:34.384+0000] {subprocess.py:106} INFO - Garrafa Térmica Aerolight Fast Flow Stanley 710ML
[2025-04-15T00:57:34.386+0000] {subprocess.py:106} INFO - [R$ 359,91]
[2025-04-15T00:57:34.388+0000] {subprocess.py:106} INFO - None
[2025-04-15T00:57:34.390+0000] {subprocess.py:106} INFO - Garrafa Térmica Aerolight Fast Flow Polar 1,1L Stanley
[2025-04-15T00:57:34.393+0000] {subprocess.py:106} INFO - [R$ 351,23]
[2025-04-15T00:57:34.395+0000] {subprocess.py:106} INFO - None
[2025-04-15T00:57:34.398+0000] {subprocess.py:106} INFO - Garrafa Térmica Stanley Aerolight Fast Flow Citron 710ML - STANLEY PMI
[2025-04-15T00:57:34.400+0000] {subprocess.py:106} INFO - [R$ 419,90]
[2025-04-15T00:57:34.403+0000] {subprocess.py:106} INFO - None
[2025-04-15T00:57:34.405+0000] {subprocess.py:106} INFO - Garrafa Térmica Aerolight Fast Flow Heat Wave Passion Pink 710ML Stanley
[2025-04-15T00:57:34.408+0000] {subprocess.py:106} INFO - [R$ 306,81]
[2025-04-15T00:57:34.411+0000] {subprocess.py:106} INFO - None
[2025-04-15T00:57:34.413+0000] {subprocess.py:106} INFO - Garrafa stanley térmica aerolight fast flow em aço inox 710ml vivid violet 08405-00
[2025-04-15T00:57:34.418+0000] {subprocess.py:106} INFO - [R$ 324,57]
[2025-04-15T00:57:34.421+0000] {subprocess.py:106} INFO - None
[2025-04-15T00:57:34.423+0000] {subprocess.py:106} INFO - Garrafa Térmica Stanley Aerolight Fast Flow 710ml Lilás
[2025-04-15T00:57:34.426+0000] {subprocess.py:106} INFO - [R$ 268,57]
[2025-04-15T00:57:34.428+0000] {subprocess.py:106} INFO - None
[2025-04-15T00:57:34.430+0000] {subprocess.py:106} INFO - Garrafa Térmica Stanley Aerolight Fast Flow Branco Polar 1,1 Litros - STANLEY PMI
[2025-04-15T00:57:34.433+0000] {subprocess.py:106} INFO - [R$ 385,90]
[2025-04-15T00:57:34.435+0000] {subprocess.py:106} INFO - None
[2025-04-15T00:57:34.437+0000] {subprocess.py:106} INFO - Garrafa Térmica Stanley Aerolight Fast Flow 710 ML Azul 0838
[2025-04-15T00:57:34.439+0000] {subprocess.py:106} INFO - [R$ 369,90]
[2025-04-15T00:57:34.442+0000] {subprocess.py:106} INFO - None
[2025-04-15T00:57:34.445+0000] {subprocess.py:106} INFO - Garrafa stanley térmica aerolight fast flow 1,1 litros branco polar 08207-00
[2025-04-15T00:57:34.448+0000] {subprocess.py:106} INFO - [R$ 343,17]
[2025-04-15T00:57:34.449+0000] {subprocess.py:106} INFO - None
[2025-04-15T00:57:34.452+0000] {subprocess.py:106} INFO - Garrafa Térmica Stanley Aerolight Fast Flow 710ml Azul Claro
[2025-04-15T00:57:34.454+0000] {subprocess.py:106} INFO - [R$ 268,57]
[2025-04-15T00:57:34.457+0000] {subprocess.py:106} INFO - None
[2025-04-15T00:57:34.459+0000] {subprocess.py:106} INFO - Garrafa termica stanley aerolight fast flow tigerlily 1,1l cod8208 cx6
[2025-04-15T00:57:34.462+0000] {subprocess.py:106} INFO - [R$ 434,37]
[2025-04-15T00:57:34.465+0000] {subprocess.py:106} INFO - 5.0 (1)
[2025-04-15T00:57:34.467+0000] {subprocess.py:106} INFO - Garrafa stanley térmica aerolight fast flow em aço inox 710ml passion pink 08404-00
[2025-04-15T00:57:34.469+0000] {subprocess.py:106} INFO - [R$ 324,57]
[2025-04-15T00:57:34.471+0000] {subprocess.py:106} INFO - None
[2025-04-15T00:57:34.474+0000] {subprocess.py:106} INFO - Garrafa Térmica STanley Aerolight Fast Flow 1,1L
[2025-04-15T00:57:34.476+0000] {subprocess.py:106} INFO - [R$ 368,18]
[2025-04-15T00:57:34.478+0000] {subprocess.py:106} INFO - None
[2025-04-15T00:57:34.481+0000] {subprocess.py:106} INFO - Garrafa Térmica Stanley Aerolight Fast Flow Citron 1,1 Litros - STANLEY PMI
[2025-04-15T00:57:34.483+0000] {subprocess.py:106} INFO - [R$ 371,07]
[2025-04-15T00:57:34.485+0000] {subprocess.py:106} INFO - None
[2025-04-15T00:57:34.487+0000] {subprocess.py:106} INFO - Garrafa stanley térmica aerolight fast flow 710ml matte black 08202-00
[2025-04-15T00:57:34.489+0000] {subprocess.py:106} INFO - [R$ 324,57]
[2025-04-15T00:57:34.492+0000] {subprocess.py:106} INFO - 5.0 (1)
[2025-04-15T00:57:34.496+0000] {subprocess.py:106} INFO - Garrafa Térmica Stanley Aerolight Fast Flow 710ml Verde Limão
[2025-04-15T00:57:34.498+0000] {subprocess.py:106} INFO - [R$ 268,57]
[2025-04-15T00:57:34.500+0000] {subprocess.py:106} INFO - None
[2025-04-15T00:57:34.503+0000] {subprocess.py:106} INFO - Garrafa Térmica Stanley Aerolight Fast Flow Branco Polar 710ML - STANLEY PMI
[2025-04-15T00:57:34.505+0000] {subprocess.py:106} INFO - [R$ 369,90]
[2025-04-15T00:57:34.507+0000] {subprocess.py:106} INFO - None
[2025-04-15T00:57:34.510+0000] {subprocess.py:106} INFO - Garrafa Térmica Aerolight Fast Flow Stanley Citron 710 Ml
[2025-04-15T00:57:34.513+0000] {subprocess.py:106} INFO - [R$ 365,00]
[2025-04-15T00:57:34.518+0000] {subprocess.py:106} INFO - None
[2025-04-15T00:57:34.521+0000] {subprocess.py:106} INFO - Garrafa Térmica Stanley Aerolight Fast Flow Branco Polar 710
[2025-04-15T00:57:34.523+0000] {subprocess.py:106} INFO - [R$ 361,00]
[2025-04-15T00:57:34.525+0000] {subprocess.py:106} INFO - None
[2025-04-15T00:57:34.530+0000] {subprocess.py:106} INFO - Garrafa Térmica Stanley IceFlow Aerolight Fast Flow 700ml - Cinza
[2025-04-15T00:57:34.535+0000] {subprocess.py:106} INFO - [R$ 448,45]
[2025-04-15T00:57:34.539+0000] {subprocess.py:106} INFO - None
[2025-04-15T00:57:34.544+0000] {subprocess.py:106} INFO - Garrafa Térmica STanley Aerolight Fast Flow 1,1L
[2025-04-15T00:57:34.548+0000] {subprocess.py:106} INFO - [R$ 368,18]
[2025-04-15T00:57:34.552+0000] {subprocess.py:106} INFO - None
[2025-04-15T00:57:34.555+0000] {subprocess.py:106} INFO - Garrafa Térmica Stanley Aerolight Fast Flow Citron 1,1 Litros - STANLEY PMI
[2025-04-15T00:57:34.560+0000] {subprocess.py:106} INFO - [R$ 359,43]
[2025-04-15T00:57:34.565+0000] {subprocess.py:106} INFO - None
[2025-04-15T00:57:34.571+0000] {subprocess.py:106} INFO - Garrafa Térmica Aerolight Fast Flow 1,1L Polar Stanley
[2025-04-15T00:57:34.573+0000] {subprocess.py:106} INFO - [R$ 379,00]
[2025-04-15T00:57:34.576+0000] {subprocess.py:106} INFO - None
[2025-04-15T00:57:34.579+0000] {subprocess.py:106} INFO - Garrafa Térmica Stanley Aerolight Fast Flow Citron 1,1 Litros - STANLEY PMI
[2025-04-15T00:57:34.581+0000] {subprocess.py:106} INFO - [R$ 489,00]
[2025-04-15T00:57:34.585+0000] {subprocess.py:106} INFO - None
[2025-04-15T00:57:34.589+0000] {subprocess.py:106} INFO - Garrafa Térmica Stanley Aerolight Fast Flow 0.7L Verde 08205
[2025-04-15T00:57:34.596+0000] {subprocess.py:106} INFO - [R$ 344,01]
[2025-04-15T00:57:34.604+0000] {subprocess.py:106} INFO - None
[2025-04-15T00:57:34.609+0000] {subprocess.py:106} INFO - Garrafa Térmico Aerolight Fast Flow 710 Ml Citron Stanley
[2025-04-15T00:57:34.612+0000] {subprocess.py:106} INFO - [R$ 329,57]
[2025-04-15T00:57:34.614+0000] {subprocess.py:106} INFO - None
[2025-04-15T00:57:34.617+0000] {subprocess.py:106} INFO - Garrafa Térmica Aerolight Fast Flow Polar 1,1L
[2025-04-15T00:57:34.621+0000] {subprocess.py:106} INFO - [R$ 479,99]
[2025-04-15T00:57:34.623+0000] {subprocess.py:106} INFO - None
[2025-04-15T00:57:34.627+0000] {subprocess.py:106} INFO - Garrafa Térmica Stanley Aerolight Fast Flow Lavender 710ML - STANLEY PMI
[2025-04-15T00:57:34.630+0000] {subprocess.py:106} INFO - [R$ 361,77]
[2025-04-15T00:57:34.633+0000] {subprocess.py:106} INFO - None
[2025-04-15T00:57:34.635+0000] {subprocess.py:106} INFO - Garrafa Térmica Stanley Aerolight Fast Flow Tigerlily 710ML - STANLEY PMI
[2025-04-15T00:57:34.637+0000] {subprocess.py:106} INFO - [R$ 365,00]
[2025-04-15T00:57:34.639+0000] {subprocess.py:106} INFO - None
[2025-04-15T00:57:34.641+0000] {subprocess.py:106} INFO - Garrafa Térmica Aerolight Fast Flow Tigerlily 710ml Stanley
[2025-04-15T00:57:34.644+0000] {subprocess.py:106} INFO - [R$ 289,23]
[2025-04-15T00:57:34.646+0000] {subprocess.py:106} INFO - None
[2025-04-15T00:57:34.648+0000] {subprocess.py:106} INFO - Garrafa stanley térmica aerolight fast flow em aço inox 710ml azul tropical teal 08406-00
[2025-04-15T00:57:34.651+0000] {subprocess.py:106} INFO - [R$ 324,57]
[2025-04-15T00:57:34.653+0000] {subprocess.py:106} INFO - None
[2025-04-15T00:57:34.656+0000] {subprocess.py:106} INFO - Garrafa Térmica Stanley Aerolight Fast Flow Citron 1,1 Litros - STANLEY PMI
[2025-04-15T00:57:34.658+0000] {subprocess.py:106} INFO - [R$ 385,90]
[2025-04-15T00:57:34.661+0000] {subprocess.py:106} INFO - None
[2025-04-15T00:57:34.664+0000] {subprocess.py:106} INFO - Garrafa Térmica Stanley Aerolight Fast Flow 710ml Verde Água
[2025-04-15T00:57:34.666+0000] {subprocess.py:106} INFO - [R$ 268,57]
[2025-04-15T00:57:34.668+0000] {subprocess.py:106} INFO - None
[2025-04-15T00:57:34.670+0000] {subprocess.py:106} INFO - Garrafa Térmica Aerolight Fast Flow Stanley 710ML
[2025-04-15T00:57:34.673+0000] {subprocess.py:106} INFO - [R$ 359,91]
[2025-04-15T00:57:34.675+0000] {subprocess.py:106} INFO - None
[2025-04-15T00:57:34.677+0000] {subprocess.py:106} INFO - Garrafa Térmica Aerolight Fast Flow Polar 1,1L Stanley
[2025-04-15T00:57:34.679+0000] {subprocess.py:106} INFO - [R$ 351,23]
[2025-04-15T00:57:34.681+0000] {subprocess.py:106} INFO - None
[2025-04-15T00:57:34.684+0000] {subprocess.py:106} INFO - Garrafa Térmica Stanley Aerolight Fast Flow Citron 710ML - STANLEY PMI
[2025-04-15T00:57:34.686+0000] {subprocess.py:106} INFO - [R$ 419,90]
[2025-04-15T00:57:34.688+0000] {subprocess.py:106} INFO - None
[2025-04-15T00:57:34.690+0000] {subprocess.py:106} INFO - Garrafa Térmica Aerolight Fast Flow Heat Wave Passion Pink 710ML Stanley
[2025-04-15T00:57:34.692+0000] {subprocess.py:106} INFO - [R$ 306,81]
[2025-04-15T00:57:34.694+0000] {subprocess.py:106} INFO - None
[2025-04-15T00:57:34.697+0000] {subprocess.py:106} INFO - Garrafa stanley térmica aerolight fast flow em aço inox 710ml passion pink 08404-00
[2025-04-15T00:57:34.699+0000] {subprocess.py:106} INFO - [R$ 324,57]
[2025-04-15T00:57:34.701+0000] {subprocess.py:106} INFO - None
[2025-04-15T00:57:34.703+0000] {subprocess.py:106} INFO - Garrafa Térmica STanley Aerolight Fast Flow 1,1L
[2025-04-15T00:57:34.706+0000] {subprocess.py:106} INFO - [R$ 368,18]
[2025-04-15T00:57:34.708+0000] {subprocess.py:106} INFO - None
[2025-04-15T00:57:34.710+0000] {subprocess.py:106} INFO - Garrafa Térmica Stanley Aerolight Fast Flow Citron 1,1 Litros - STANLEY PMI
[2025-04-15T00:57:34.715+0000] {subprocess.py:106} INFO - [R$ 371,07]
[2025-04-15T00:57:34.717+0000] {subprocess.py:106} INFO - None
[2025-04-15T00:57:34.719+0000] {subprocess.py:106} INFO - Garrafa stanley térmica aerolight fast flow 710ml matte black 08202-00
[2025-04-15T00:57:34.722+0000] {subprocess.py:106} INFO - [R$ 324,57]
[2025-04-15T00:57:34.724+0000] {subprocess.py:106} INFO - 5.0 (1)
[2025-04-15T00:57:34.726+0000] {subprocess.py:106} INFO - Garrafa Térmica Stanley Aerolight Fast Flow 710ml Verde Limão
[2025-04-15T00:57:34.729+0000] {subprocess.py:106} INFO - [R$ 268,57]
[2025-04-15T00:57:34.731+0000] {subprocess.py:106} INFO - None
[2025-04-15T00:57:34.733+0000] {subprocess.py:106} INFO - Garrafa Térmica Stanley Aerolight Fast Flow Branco Polar 710ML - STANLEY PMI2025-04-15 00:57:33 [scrapy.core.scraper] DEBUG: Scraped from <200 https://www.magazineluiza.com.br/busca/garrafa+stanley+aerolight+fast+flow/?page=1?page=2>
[2025-04-15T00:57:34.735+0000] {subprocess.py:106} INFO - {'title': 'Garrafa Térmica Stanley Aerolight Fast Flow Branco Polar 710ML - STANLEY PMI', 'price': 'R$\xa0369,90', 'review': None, 'store': 'Magazine Luiza'}
[2025-04-15T00:57:34.737+0000] {subprocess.py:106} INFO - 2025-04-15 00:57:33 [scrapy.core.scraper] DEBUG: Scraped from <200 https://www.magazineluiza.com.br/busca/garrafa+stanley+aerolight+fast+flow/?page=1?page=2>
[2025-04-15T00:57:34.739+0000] {subprocess.py:106} INFO - {'title': 'Garrafa Térmica Aerolight Fast Flow Stanley Citron 710 Ml', 'price': 'R$\xa0365,00', 'review': None, 'store': 'Magazine Luiza'}
[2025-04-15T00:57:34.741+0000] {subprocess.py:106} INFO - 2025-04-15 00:57:33 [scrapy.core.scraper] DEBUG: Scraped from <200 https://www.magazineluiza.com.br/busca/garrafa+stanley+aerolight+fast+flow/?page=1?page=2>
[2025-04-15T00:57:34.744+0000] {subprocess.py:106} INFO - {'title': 'Garrafa Térmica Stanley Aerolight Fast Flow Citron 1,1 Litros - STANLEY PMI', 'price': 'R$\xa0489,00', 'review': None, 'store': 'Magazine Luiza'}
[2025-04-15T00:57:34.747+0000] {subprocess.py:106} INFO - 2025-04-15 00:57:33 [scrapy.core.scraper] DEBUG: Scraped from <200 https://www.magazineluiza.com.br/busca/garrafa+stanley+aerolight+fast+flow/?page=1?page=2>
[2025-04-15T00:57:34.749+0000] {subprocess.py:106} INFO - {'title': 'Garrafa Térmica Stanley Aerolight Fast Flow 0.7L Verde 08205', 'price': 'R$\xa0344,01', 'review': None, 'store': 'Magazine Luiza'}
[2025-04-15T00:57:34.751+0000] {subprocess.py:106} INFO - 2025-04-15 00:57:33 [scrapy.core.scraper] DEBUG: Scraped from <200 https://www.magazineluiza.com.br/busca/garrafa+stanley+aerolight+fast+flow/?page=1?page=2>
[2025-04-15T00:57:34.753+0000] {subprocess.py:106} INFO - {'title': 'Garrafa Térmico Aerolight Fast Flow 710 Ml Citron Stanley', 'price': 'R$\xa0329,57', 'review': None, 'store': 'Magazine Luiza'}
[2025-04-15T00:57:34.755+0000] {subprocess.py:106} INFO - 2025-04-15 00:57:33 [scrapy.core.scraper] DEBUG: Scraped from <200 https://www.magazineluiza.com.br/busca/garrafa+stanley+aerolight+fast+flow/?page=1?page=2>
[2025-04-15T00:57:34.758+0000] {subprocess.py:106} INFO - {'title': 'Garrafa Térmica Aerolight Fast Flow Polar 1,1L', 'price': 'R$\xa0479,99', 'review': None, 'store': 'Magazine Luiza'}
[2025-04-15T00:57:34.763+0000] {subprocess.py:106} INFO - 2025-04-15 00:57:33 [scrapy.core.scraper] DEBUG: Scraped from <200 https://www.magazineluiza.com.br/busca/garrafa+stanley+aerolight+fast+flow/?page=1?page=2>
[2025-04-15T00:57:34.766+0000] {subprocess.py:106} INFO - {'title': 'Garrafa Térmica Stanley Aerolight Fast Flow Lavender 710ML - STANLEY PMI', 'price': 'R$\xa0361,77', 'review': None, 'store': 'Magazine Luiza'}
[2025-04-15T00:57:34.770+0000] {subprocess.py:106} INFO - 2025-04-15 00:57:33 [scrapy.core.scraper] DEBUG: Scraped from <200 https://www.magazineluiza.com.br/busca/garrafa+stanley+aerolight+fast+flow/?page=1?page=2>
[2025-04-15T00:57:34.773+0000] {subprocess.py:106} INFO - {'title': 'Garrafa Térmica Stanley Aerolight Fast Flow Tigerlily 710ML - STANLEY PMI', 'price': 'R$\xa0365,00', 'review': None, 'store': 'Magazine Luiza'}
[2025-04-15T00:57:34.778+0000] {subprocess.py:106} INFO - 2025-04-15 00:57:33 [scrapy.core.engine] INFO: Closing spider (finished)
[2025-04-15T00:57:34.780+0000] {subprocess.py:106} INFO - 2025-04-15 00:57:33 [scrapy.extensions.feedexport] INFO: Stored csv feed (110 items) in: /opt/***/dags/scrap_result.csv
[2025-04-15T00:57:34.782+0000] {subprocess.py:106} INFO - 2025-04-15 00:57:33 [scrapy.statscollectors] INFO: Dumping Scrapy stats:
[2025-04-15T00:57:34.784+0000] {subprocess.py:106} INFO - {'downloader/request_bytes': 2458,
[2025-04-15T00:57:34.786+0000] {subprocess.py:106} INFO -  'downloader/request_count': 3,
[2025-04-15T00:57:34.788+0000] {subprocess.py:106} INFO -  'downloader/request_method_count/GET': 3,
[2025-04-15T00:57:34.790+0000] {subprocess.py:106} INFO -  'downloader/response_bytes': 283763,
[2025-04-15T00:57:34.792+0000] {subprocess.py:106} INFO -  'downloader/response_count': 3,
[2025-04-15T00:57:34.795+0000] {subprocess.py:106} INFO -  'downloader/response_status_count/200': 3,
[2025-04-15T00:57:34.797+0000] {subprocess.py:106} INFO -  'elapsed_time_seconds': 4.336215,
[2025-04-15T00:57:34.800+0000] {subprocess.py:106} INFO -  'feedexport/success_count/FileFeedStorage': 1,
[2025-04-15T00:57:34.802+0000] {subprocess.py:106} INFO -  'finish_reason': 'finished',
[2025-04-15T00:57:34.804+0000] {subprocess.py:106} INFO -  'finish_time': datetime.datetime(2025, 4, 15, 0, 57, 33, 567794, tzinfo=datetime.timezone.utc),
[2025-04-15T00:57:34.806+0000] {subprocess.py:106} INFO -  'httpcompression/response_bytes': 2089021,
[2025-04-15T00:57:34.808+0000] {subprocess.py:106} INFO -  'httpcompression/response_count': 3,
[2025-04-15T00:57:34.811+0000] {subprocess.py:106} INFO -  'item_scraped_count': 110,
[2025-04-15T00:57:34.812+0000] {subprocess.py:106} INFO -  'items_per_minute': None,
[2025-04-15T00:57:34.815+0000] {subprocess.py:106} INFO -  'log_count/DEBUG': 114,
[2025-04-15T00:57:34.817+0000] {subprocess.py:106} INFO -  'log_count/INFO': 11,
[2025-04-15T00:57:34.819+0000] {subprocess.py:106} INFO -  'memusage/max': 218718208,
[2025-04-15T00:57:34.821+0000] {subprocess.py:106} INFO -  'memusage/startup': 218718208,
[2025-04-15T00:57:34.823+0000] {subprocess.py:106} INFO -  'request_depth_max': 1,
[2025-04-15T00:57:34.825+0000] {subprocess.py:106} INFO -  'response_received_count': 3,
[2025-04-15T00:57:34.827+0000] {subprocess.py:106} INFO -  'responses_per_minute': None,
[2025-04-15T00:57:34.830+0000] {subprocess.py:106} INFO -  'scheduler/dequeued': 3,
[2025-04-15T00:57:34.832+0000] {subprocess.py:106} INFO -  'scheduler/dequeued/memory': 3,
[2025-04-15T00:57:34.834+0000] {subprocess.py:106} INFO -  'scheduler/enqueued': 3,
[2025-04-15T00:57:34.836+0000] {subprocess.py:106} INFO -  'scheduler/enqueued/memory': 3,
[2025-04-15T00:57:34.838+0000] {subprocess.py:106} INFO -  'start_time': datetime.datetime(2025, 4, 15, 0, 57, 29, 231579, tzinfo=datetime.timezone.utc)}
[2025-04-15T00:57:34.840+0000] {subprocess.py:106} INFO - 2025-04-15 00:57:33 [scrapy.core.engine] INFO: Spider closed (finished)
[2025-04-15T00:57:34.842+0000] {subprocess.py:106} INFO - 
[2025-04-15T00:57:34.845+0000] {subprocess.py:106} INFO - [R$ 369,90]
[2025-04-15T00:57:34.847+0000] {subprocess.py:106} INFO - None
[2025-04-15T00:57:34.850+0000] {subprocess.py:106} INFO - Garrafa Térmica Aerolight Fast Flow Stanley Citron 710 Ml
[2025-04-15T00:57:34.852+0000] {subprocess.py:106} INFO - [R$ 365,00]
[2025-04-15T00:57:34.854+0000] {subprocess.py:106} INFO - None
[2025-04-15T00:57:34.857+0000] {subprocess.py:106} INFO - Garrafa Térmica Stanley Aerolight Fast Flow Citron 1,1 Litros - STANLEY PMI
[2025-04-15T00:57:34.860+0000] {subprocess.py:106} INFO - [R$ 489,00]
[2025-04-15T00:57:34.863+0000] {subprocess.py:106} INFO - None
[2025-04-15T00:57:34.865+0000] {subprocess.py:106} INFO - Garrafa Térmica Stanley Aerolight Fast Flow 0.7L Verde 08205
[2025-04-15T00:57:34.867+0000] {subprocess.py:106} INFO - [R$ 344,01]
[2025-04-15T00:57:34.869+0000] {subprocess.py:106} INFO - None
[2025-04-15T00:57:34.872+0000] {subprocess.py:106} INFO - Garrafa Térmico Aerolight Fast Flow 710 Ml Citron Stanley
[2025-04-15T00:57:34.875+0000] {subprocess.py:106} INFO - [R$ 329,57]
[2025-04-15T00:57:34.878+0000] {subprocess.py:106} INFO - None
[2025-04-15T00:57:34.880+0000] {subprocess.py:106} INFO - Garrafa Térmica Aerolight Fast Flow Polar 1,1L
[2025-04-15T00:57:34.882+0000] {subprocess.py:106} INFO - [R$ 479,99]
[2025-04-15T00:57:34.884+0000] {subprocess.py:106} INFO - None
[2025-04-15T00:57:34.886+0000] {subprocess.py:106} INFO - Garrafa Térmica Stanley Aerolight Fast Flow Lavender 710ML - STANLEY PMI
[2025-04-15T00:57:34.888+0000] {subprocess.py:106} INFO - [R$ 361,77]
[2025-04-15T00:57:34.890+0000] {subprocess.py:106} INFO - None
[2025-04-15T00:57:34.893+0000] {subprocess.py:106} INFO - Garrafa Térmica Stanley Aerolight Fast Flow Tigerlily 710ML - STANLEY PMI
[2025-04-15T00:57:34.896+0000] {subprocess.py:106} INFO - [R$ 365,00]
[2025-04-15T00:57:34.898+0000] {subprocess.py:106} INFO - None
[2025-04-15T00:57:34.900+0000] {subprocess.py:110} INFO - Command exited with return code 0
[2025-04-15T00:57:35.044+0000] {taskinstance.py:341} INFO - ::group::Post task execution logs
[2025-04-15T00:57:35.047+0000] {taskinstance.py:353} INFO - Marking task as SUCCESS. dag_id=pipeline_garrafa_stanley, task_id=scrap_magalu, run_id=manual__2025-04-15T00:57:21.603424+00:00, execution_date=20250415T005721, start_date=20250415T005725, end_date=20250415T005735
[2025-04-15T00:57:35.243+0000] {local_task_job_runner.py:266} INFO - Task exited with return code 0
[2025-04-15T00:57:35.388+0000] {taskinstance.py:3901} INFO - 1 downstream tasks scheduled from follow-on schedule check
[2025-04-15T00:57:35.408+0000] {local_task_job_runner.py:245} INFO - ::endgroup::
