[2025-04-15T00:54:04.990+0000] {local_task_job_runner.py:123} INFO - ::group::Pre task execution logs
[2025-04-15T00:54:05.078+0000] {taskinstance.py:2614} INFO - Dependencies all met for dep_context=non-requeueable deps ti=<TaskInstance: pipeline_garrafa_stanley.storage_scrap manual__2025-04-15T00:53:42.309983+00:00 [queued]>
[2025-04-15T00:54:05.106+0000] {taskinstance.py:2614} INFO - Dependencies all met for dep_context=requeueable deps ti=<TaskInstance: pipeline_garrafa_stanley.storage_scrap manual__2025-04-15T00:53:42.309983+00:00 [queued]>
[2025-04-15T00:54:05.108+0000] {taskinstance.py:2867} INFO - Starting attempt 1 of 1
[2025-04-15T00:54:05.146+0000] {taskinstance.py:2890} INFO - Executing <Task(PythonOperator): storage_scrap> on 2025-04-15 00:53:42.309983+00:00
[2025-04-15T00:54:05.165+0000] {warnings.py:112} WARNING - /home/***/.local/lib/python3.12/site-packages/***/task/task_runner/standard_task_runner.py:70: DeprecationWarning: This process (pid=4242) is multi-threaded, use of fork() may lead to deadlocks in the child.
  pid = os.fork()

[2025-04-15T00:54:05.170+0000] {standard_task_runner.py:72} INFO - Started process 4244 to run task
[2025-04-15T00:54:05.175+0000] {standard_task_runner.py:104} INFO - Running: ['***', 'tasks', 'run', 'pipeline_garrafa_stanley', 'storage_scrap', 'manual__2025-04-15T00:53:42.309983+00:00', '--job-id', '151', '--raw', '--subdir', 'DAGS_FOLDER/pipeline.py', '--cfg-path', '/tmp/tmpeu0wjxr1']
[2025-04-15T00:54:05.182+0000] {standard_task_runner.py:105} INFO - Job 151: Subtask storage_scrap
[2025-04-15T00:54:05.411+0000] {task_command.py:467} INFO - Running <TaskInstance: pipeline_garrafa_stanley.storage_scrap manual__2025-04-15T00:53:42.309983+00:00 [running]> on host a68e7f38875d
[2025-04-15T00:54:05.768+0000] {taskinstance.py:3134} INFO - Exporting env vars: AIRFLOW_CTX_DAG_OWNER='***' AIRFLOW_CTX_DAG_ID='pipeline_garrafa_stanley' AIRFLOW_CTX_TASK_ID='storage_scrap' AIRFLOW_CTX_EXECUTION_DATE='2025-04-15T00:53:42.309983+00:00' AIRFLOW_CTX_TRY_NUMBER='1' AIRFLOW_CTX_DAG_RUN_ID='manual__2025-04-15T00:53:42.309983+00:00'
[2025-04-15T00:54:05.771+0000] {taskinstance.py:732} INFO - ::endgroup::
[2025-04-15T00:54:05.850+0000] {logging_mixin.py:190} INFO - Bucket bucket-coleta already exists
[2025-04-15T00:54:05.944+0000] {logging_mixin.py:190} INFO - /opt/***/dags/scrap_result.csv Arquivado com Sucesso  scrap_result_2025-04-15_00:54:03.csv no repositório bucket-coleta
[2025-04-15T00:54:05.952+0000] {python.py:240} INFO - Done. Returned value was: None
[2025-04-15T00:54:06.032+0000] {taskinstance.py:341} INFO - ::group::Post task execution logs
[2025-04-15T00:54:06.052+0000] {taskinstance.py:353} INFO - Marking task as SUCCESS. dag_id=pipeline_garrafa_stanley, task_id=storage_scrap, run_id=manual__2025-04-15T00:53:42.309983+00:00, execution_date=20250415T005342, start_date=20250415T005405, end_date=20250415T005406
[2025-04-15T00:54:06.299+0000] {local_task_job_runner.py:266} INFO - Task exited with return code 0
[2025-04-15T00:54:06.354+0000] {local_task_job_runner.py:245} INFO - ::endgroup::
