[2025-04-15T01:50:06.615+0000] {local_task_job_runner.py:123} INFO - ::group::Pre task execution logs
[2025-04-15T01:50:06.673+0000] {taskinstance.py:2614} INFO - Dependencies all met for dep_context=non-requeueable deps ti=<TaskInstance: pipeline_garrafa_stanley.scrap_magalu manual__2025-04-15T01:50:03.037922+00:00 [queued]>
[2025-04-15T01:50:06.693+0000] {taskinstance.py:2614} INFO - Dependencies all met for dep_context=requeueable deps ti=<TaskInstance: pipeline_garrafa_stanley.scrap_magalu manual__2025-04-15T01:50:03.037922+00:00 [queued]>
[2025-04-15T01:50:06.695+0000] {taskinstance.py:2867} INFO - Starting attempt 1 of 1
[2025-04-15T01:50:06.724+0000] {taskinstance.py:2890} INFO - Executing <Task(BashOperator): scrap_magalu> on 2025-04-15 01:50:03.037922+00:00
[2025-04-15T01:50:06.739+0000] {warnings.py:112} WARNING - /home/***/.local/lib/python3.12/site-packages/***/task/task_runner/standard_task_runner.py:70: DeprecationWarning: This process (pid=622) is multi-threaded, use of fork() may lead to deadlocks in the child.
  pid = os.fork()

[2025-04-15T01:50:06.743+0000] {standard_task_runner.py:72} INFO - Started process 624 to run task
[2025-04-15T01:50:06.744+0000] {standard_task_runner.py:104} INFO - Running: ['***', 'tasks', 'run', 'pipeline_garrafa_stanley', 'scrap_magalu', 'manual__2025-04-15T01:50:03.037922+00:00', '--job-id', '198', '--raw', '--subdir', 'DAGS_FOLDER/pipeline.py', '--cfg-path', '/tmp/tmp_qd_48vr']
[2025-04-15T01:50:06.750+0000] {standard_task_runner.py:105} INFO - Job 198: Subtask scrap_magalu
[2025-04-15T01:50:06.928+0000] {task_command.py:467} INFO - Running <TaskInstance: pipeline_garrafa_stanley.scrap_magalu manual__2025-04-15T01:50:03.037922+00:00 [running]> on host 28ab01396367
[2025-04-15T01:50:07.322+0000] {taskinstance.py:3134} INFO - Exporting env vars: AIRFLOW_CTX_DAG_OWNER='Mário Kojima' AIRFLOW_CTX_DAG_ID='pipeline_garrafa_stanley' AIRFLOW_CTX_TASK_ID='scrap_magalu' AIRFLOW_CTX_EXECUTION_DATE='2025-04-15T01:50:03.037922+00:00' AIRFLOW_CTX_TRY_NUMBER='1' AIRFLOW_CTX_DAG_RUN_ID='manual__2025-04-15T01:50:03.037922+00:00'
[2025-04-15T01:50:07.326+0000] {taskinstance.py:732} INFO - ::endgroup::
[2025-04-15T01:50:07.359+0000] {subprocess.py:78} INFO - Tmp dir root location: /tmp
[2025-04-15T01:50:07.361+0000] {subprocess.py:88} INFO - Running command: ['/usr/bin/bash', '-c', 'scrapy runspider /opt/***/dags/scrap_magalu.py -O /opt/***/dags/scrap_result.csv']
[2025-04-15T01:50:07.386+0000] {subprocess.py:99} INFO - Output:
[2025-04-15T01:50:09.560+0000] {subprocess.py:106} INFO - 2025-04-15 01:50:09 [scrapy.utils.log] INFO: Scrapy 2.12.0 started (bot: scrapybot)
[2025-04-15T01:50:09.564+0000] {subprocess.py:106} INFO - 2025-04-15 01:50:09 [scrapy.utils.log] INFO: Versions: lxml 5.3.0.0, libxml2 2.12.9, cssselect 1.3.0, parsel 1.10.0, w3lib 2.3.1, Twisted 24.11.0, Python 3.12.9 (main, Feb  6 2025, 22:37:05) [GCC 12.2.0], pyOpenSSL 24.3.0 (OpenSSL 3.2.2 4 Jun 2024), cryptography 42.0.8, Platform Linux-5.10.76-linuxkit-x86_64-with-glibc2.36
[2025-04-15T01:50:09.572+0000] {subprocess.py:106} INFO - 2025-04-15 01:50:09 [scrapy.addons] INFO: Enabled addons:
[2025-04-15T01:50:09.575+0000] {subprocess.py:106} INFO - []
[2025-04-15T01:50:09.578+0000] {subprocess.py:106} INFO - 2025-04-15 01:50:09 [scrapy.utils.log] DEBUG: Using reactor: twisted.internet.epollreactor.EPollReactor
[2025-04-15T01:50:09.581+0000] {subprocess.py:106} INFO - 2025-04-15 01:50:09 [scrapy.extensions.telnet] INFO: Telnet Password: 5b85a8d4ccd56b4e
[2025-04-15T01:50:09.667+0000] {subprocess.py:106} INFO - 2025-04-15 01:50:09 [scrapy.middleware] INFO: Enabled extensions:
[2025-04-15T01:50:09.669+0000] {subprocess.py:106} INFO - ['scrapy.extensions.corestats.CoreStats',
[2025-04-15T01:50:09.671+0000] {subprocess.py:106} INFO -  'scrapy.extensions.telnet.TelnetConsole',
[2025-04-15T01:50:09.674+0000] {subprocess.py:106} INFO -  'scrapy.extensions.memusage.MemoryUsage',
[2025-04-15T01:50:09.677+0000] {subprocess.py:106} INFO -  'scrapy.extensions.feedexport.FeedExporter',
[2025-04-15T01:50:09.679+0000] {subprocess.py:106} INFO -  'scrapy.extensions.logstats.LogStats']
[2025-04-15T01:50:09.684+0000] {subprocess.py:106} INFO - 2025-04-15 01:50:09 [scrapy.crawler] INFO: Overridden settings:
[2025-04-15T01:50:09.687+0000] {subprocess.py:106} INFO - {'SPIDER_LOADER_WARN_ONLY': True,
[2025-04-15T01:50:09.690+0000] {subprocess.py:106} INFO -  'USER_AGENT': 'Mozilla/5.0 (X11; Linux x86_64) AppleWebKit/537.36 (KHTML, '
[2025-04-15T01:50:09.693+0000] {subprocess.py:106} INFO -                'like Gecko) Chrome/51.0.2704.103 Safari/537.36'}
[2025-04-15T01:50:09.924+0000] {subprocess.py:106} INFO - 2025-04-15 01:50:09 [scrapy.middleware] INFO: Enabled downloader middlewares:
[2025-04-15T01:50:09.926+0000] {subprocess.py:106} INFO - ['scrapy.downloadermiddlewares.offsite.OffsiteMiddleware',
[2025-04-15T01:50:09.930+0000] {subprocess.py:106} INFO -  'scrapy.downloadermiddlewares.httpauth.HttpAuthMiddleware',
[2025-04-15T01:50:09.934+0000] {subprocess.py:106} INFO -  'scrapy.downloadermiddlewares.downloadtimeout.DownloadTimeoutMiddleware',
[2025-04-15T01:50:09.937+0000] {subprocess.py:106} INFO -  'scrapy.downloadermiddlewares.defaultheaders.DefaultHeadersMiddleware',
[2025-04-15T01:50:09.940+0000] {subprocess.py:106} INFO -  'scrapy.downloadermiddlewares.useragent.UserAgentMiddleware',
[2025-04-15T01:50:09.943+0000] {subprocess.py:106} INFO -  'scrapy.downloadermiddlewares.retry.RetryMiddleware',
[2025-04-15T01:50:09.946+0000] {subprocess.py:106} INFO -  'scrapy.downloadermiddlewares.redirect.MetaRefreshMiddleware',
[2025-04-15T01:50:09.949+0000] {subprocess.py:106} INFO -  'scrapy.downloadermiddlewares.httpcompression.HttpCompressionMiddleware',
[2025-04-15T01:50:09.953+0000] {subprocess.py:106} INFO -  'scrapy.downloadermiddlewares.redirect.RedirectMiddleware',
[2025-04-15T01:50:09.956+0000] {subprocess.py:106} INFO -  'scrapy.downloadermiddlewares.cookies.CookiesMiddleware',
[2025-04-15T01:50:09.961+0000] {subprocess.py:106} INFO -  'scrapy.downloadermiddlewares.httpproxy.HttpProxyMiddleware',
[2025-04-15T01:50:09.964+0000] {subprocess.py:106} INFO -  'scrapy.downloadermiddlewares.stats.DownloaderStats']
[2025-04-15T01:50:09.967+0000] {subprocess.py:106} INFO - 2025-04-15 01:50:09 [scrapy.middleware] INFO: Enabled spider middlewares:
[2025-04-15T01:50:09.970+0000] {subprocess.py:106} INFO - ['scrapy.spidermiddlewares.httperror.HttpErrorMiddleware',
[2025-04-15T01:50:09.973+0000] {subprocess.py:106} INFO -  'scrapy.spidermiddlewares.referer.RefererMiddleware',
[2025-04-15T01:50:09.975+0000] {subprocess.py:106} INFO -  'scrapy.spidermiddlewares.urllength.UrlLengthMiddleware',
[2025-04-15T01:50:09.978+0000] {subprocess.py:106} INFO -  'scrapy.spidermiddlewares.depth.DepthMiddleware']
[2025-04-15T01:50:09.981+0000] {subprocess.py:106} INFO - 2025-04-15 01:50:09 [scrapy.middleware] INFO: Enabled item pipelines:
[2025-04-15T01:50:09.987+0000] {subprocess.py:106} INFO - []
[2025-04-15T01:50:09.988+0000] {subprocess.py:106} INFO - 2025-04-15 01:50:09 [scrapy.core.engine] INFO: Spider opened
[2025-04-15T01:50:09.990+0000] {subprocess.py:106} INFO - 2025-04-15 01:50:09 [scrapy.extensions.logstats] INFO: Crawled 0 pages (at 0 pages/min), scraped 0 items (at 0 items/min)
[2025-04-15T01:50:09.992+0000] {subprocess.py:106} INFO - 2025-04-15 01:50:09 [scrapy.extensions.telnet] INFO: Telnet console listening on 127.0.0.1:6023
[2025-04-15T01:50:12.788+0000] {subprocess.py:106} INFO - 2025-04-15 01:50:12 [scrapy.core.engine] DEBUG: Crawled (200) <GET https://www.magazineluiza.com.br/busca/garrafa+stanley+aerolight+fast+flow/?page=1> (referer: None)
[2025-04-15T01:50:14.476+0000] {subprocess.py:106} INFO - 2025-04-15 01:50:14 [scrapy.core.engine] DEBUG: Crawled (200) <GET https://www.magazineluiza.com.br/busca/garrafa+stanley+aerolight+fast+flow/?page=1?page=1> (referer: https://www.magazineluiza.com.br/busca/garrafa+stanley+aerolight+fast+flow/?page=1)
[2025-04-15T01:50:14.517+0000] {subprocess.py:106} INFO - 2025-04-15 01:50:14 [scrapy.core.engine] DEBUG: Crawled (200) <GET https://www.magazineluiza.com.br/busca/garrafa+stanley+aerolight+fast+flow/?page=1?page=2> (referer: https://www.magazineluiza.com.br/busca/garrafa+stanley+aerolight+fast+flow/?page=1)
[2025-04-15T01:50:14.618+0000] {subprocess.py:106} INFO - 2025-04-15 01:50:14 [scrapy.core.scraper] DEBUG: Scraped from <200 https://www.magazineluiza.com.br/busca/garrafa+stanley+aerolight+fast+flow/?page=1?page=1>
[2025-04-15T01:50:14.623+0000] {subprocess.py:106} INFO - {'title': 'GARRAFA STANLEY AEROLIGHT FAST FLOW 1.1Lt ORIGINAL TODAS AS CORES', 'price': 'R$\xa0332,00', 'review': '4.2 (6)', 'store': 'Magazine Luiza'}
[2025-04-15T01:50:14.631+0000] {subprocess.py:106} INFO - 2025-04-15 01:50:14 [scrapy.core.scraper] DEBUG: Scraped from <200 https://www.magazineluiza.com.br/busca/garrafa+stanley+aerolight+fast+flow/?page=1?page=1>
[2025-04-15T01:50:14.635+0000] {subprocess.py:106} INFO - {'title': 'Garrafa stanley aerolight fast flow 710ml original todas as cores', 'price': 'R$\xa0304,10', 'review': '5.0 (1)', 'store': 'Magazine Luiza'}
[2025-04-15T01:50:14.638+0000] {subprocess.py:106} INFO - 2025-04-15 01:50:14 [scrapy.core.scraper] DEBUG: Scraped from <200 https://www.magazineluiza.com.br/busca/garrafa+stanley+aerolight+fast+flow/?page=1?page=1>
[2025-04-15T01:50:14.640+0000] {subprocess.py:106} INFO - {'title': 'Garrafa Térmica Aerolight Stanley Fast Flow 710ml - Matte Black', 'price': 'R$\xa0287,37', 'review': '5.0 (1)', 'store': 'Magazine Luiza'}
[2025-04-15T01:50:14.642+0000] {subprocess.py:106} INFO - 2025-04-15 01:50:14 [scrapy.core.scraper] DEBUG: Scraped from <200 https://www.magazineluiza.com.br/busca/garrafa+stanley+aerolight+fast+flow/?page=1?page=1>
[2025-04-15T01:50:14.644+0000] {subprocess.py:106} INFO - {'title': 'Garrafa Térmica Stanley Aerolight Fast Flow Lavender 710ML - STANLEY PMI', 'price': 'R$\xa0289,97', 'review': None, 'store': 'Magazine Luiza'}
[2025-04-15T01:50:14.645+0000] {subprocess.py:106} INFO - 2025-04-15 01:50:14 [scrapy.core.scraper] DEBUG: Scraped from <200 https://www.magazineluiza.com.br/busca/garrafa+stanley+aerolight+fast+flow/?page=1?page=1>
[2025-04-15T01:50:14.647+0000] {subprocess.py:106} INFO - {'title': 'Stanley Garrafa Térmica Aerolight Original Fast Flow Branco Polar 710ml', 'price': 'R$\xa0332,10', 'review': None, 'store': 'Magazine Luiza'}
[2025-04-15T01:50:14.649+0000] {subprocess.py:106} INFO - 2025-04-15 01:50:14 [scrapy.core.scraper] DEBUG: Scraped from <200 https://www.magazineluiza.com.br/busca/garrafa+stanley+aerolight+fast+flow/?page=1?page=1>
[2025-04-15T01:50:14.651+0000] {subprocess.py:106} INFO - {'title': 'Garrafa Térmica Aerolight Stanley Fast Flow 1,1L - Tigerlily', 'price': 'R$\xa0315,27', 'review': '5.0 (1)', 'store': 'Magazine Luiza'}
[2025-04-15T01:50:14.653+0000] {subprocess.py:106} INFO - 2025-04-15 01:50:14 [scrapy.core.scraper] DEBUG: Scraped from <200 https://www.magazineluiza.com.br/busca/garrafa+stanley+aerolight+fast+flow/?page=1?page=1>
[2025-04-15T01:50:14.655+0000] {subprocess.py:106} INFO - {'title': 'Garrafa Térmica Stanley Aerolight Fast Flow 1.1L Pink', 'price': 'R$\xa0289,23', 'review': None, 'store': 'Magazine Luiza'}
[2025-04-15T01:50:14.657+0000] {subprocess.py:106} INFO - 2025-04-15 01:50:14 [scrapy.core.scraper] DEBUG: Scraped from <200 https://www.magazineluiza.com.br/busca/garrafa+stanley+aerolight+fast+flow/?page=1?page=1>
[2025-04-15T01:50:14.659+0000] {subprocess.py:106} INFO - {'title': 'Garrafa Térmica Aerolight Fast Flow Matte Black 1,1L Stanley', 'price': 'R$\xa0351,23', 'review': '4.2 (6)', 'store': 'Magazine Luiza'}
[2025-04-15T01:50:14.661+0000] {subprocess.py:106} INFO - 2025-04-15 01:50:14 [scrapy.core.scraper] DEBUG: Scraped from <200 https://www.magazineluiza.com.br/busca/garrafa+stanley+aerolight+fast+flow/?page=1?page=1>
[2025-04-15T01:50:14.662+0000] {subprocess.py:106} INFO - {'title': 'Garrafa Térmica Aerolight Stanley Fast Flow 710ml - Lavender', 'price': 'R$\xa0287,37', 'review': None, 'store': 'Magazine Luiza'}
[2025-04-15T01:50:14.678+0000] {subprocess.py:106} INFO - **************************************************
[2025-04-15T01:50:14.680+0000] {subprocess.py:106} INFO - 2
[2025-04-15T01:50:14.683+0000] {subprocess.py:106} INFO - **************************************************
[2025-04-15T01:50:14.687+0000] {subprocess.py:106} INFO - https://www.magazineluiza.com.br/busca/garrafa+stanley+aerolight+fast+flow/?page=1?page=1
[2025-04-15T01:50:14.691+0000] {subprocess.py:106} INFO - blocos
[2025-04-15T01:50:14.694+0000] {subprocess.py:106} INFO - [<Selector query='//div[@data-testid="product-list"]//li' data='<li class="sc-hwhrDX ghzctf"><a href=...'>, <Selector query='//div[@data-testid="product-list"]//li' data='<li class="sc-hwhrDX ghzctf"><a href=...'>, <Selector query='//div[@data-testid="product-list"]//li' data='<li class="sc-hwhrDX ghzctf"><a href=...'>, <Selector query='//div[@data-testid="product-list"]//li' data='<li class="sc-hwhrDX ghzctf"><a href=...'>, <Selector query='//div[@data-testid="product-list"]//li' data='<li class="sc-hwhrDX ghzctf"><a href=...'>, <Selector query='//div[@data-testid="product-list"]//li' data='<li class="sc-hwhrDX ghzctf"><a href=...'>, <Selector query='//div[@data-testid="product-list"]//li' data='<li class="sc-hwhrDX ghzctf"><a href=...'>, <Selector query='//div[@data-testid="product-list"]//li' data='<li class="sc-hwhrDX ghzctf"><a href=...'>, <Selector query='//div[@data-testid="product-list"]//li' data='<li class="sc-hwhrDX ghzctf"><a href=...'>, <Selector query='//div[@data-testid="product-list"]//li' data='<li class="sc-hwhrDX ghzctf"><a href=...'>, <Selector query='//div[@data-testid="product-list"]//li' data='<li class="sc-hwhrDX ghzctf"><a href=...'>, <Selector query='//div[@data-testid="product-list"]//li' data='<li class="sc-hwhrDX ghzctf"><a href=...'>, <Selector query='//div[@data-testid="product-list"]//li' data='<li class="sc-hwhrDX ghzctf"><a href=...'>, <Selector query='//div[@data-testid="product-list"]//li' data='<li class="sc-hwhrDX ghzctf"><a href=...'>, <Selector query='//div[@data-testid="product-list"]//li' data='<li class="sc-hwhrDX ghzctf"><a href=...'>, <Selector query='//div[@data-testid="product-list"]//li' data='<li class="sc-hwhrDX ghzctf"><a href=...'>, <Selector query='//div[@data-testid="product-list"]//li' data='<li class="sc-hwhrDX ghzctf"><a href=...'>, <Selector query='//div[@data-testid="product-list"]//li' data='<li class="sc-hwhrDX ghzctf"><a href=...'>, <Selector query='//div[@data-testid="product-list"]//li' data='<li class="sc-hwhrDX ghzctf"><a href=...'>, <Selector query='//div[@data-testid="product-list"]//li' data='<li class="sc-hwhrDX ghzctf"><a href=...'>, <Selector query='//div[@data-testid="product-list"]//li' data='<li class="sc-hwhrDX ghzctf"><a href=...'>, <Selector query='//div[@data-testid="product-list"]//li' data='<li class="sc-hwhrDX ghzctf"><a href=...'>, <Selector query='//div[@data-testid="product-list"]//li' data='<li class="sc-hwhrDX ghzctf"><a href=...'>, <Selector query='//div[@data-testid="product-list"]//li' data='<li class="sc-hwhrDX ghzctf"><a href=...'>, <Selector query='//div[@data-testid="product-list"]//li' data='<li class="sc-hwhrDX ghzctf"><a href=...'>, <Selector query='//div[@data-testid="product-list"]//li' data='<li class="sc-hwhrDX ghzctf"><a href=...'>, <Selector query='//div[@data-testid="product-list"]//li' data='<li class="sc-hwhrDX ghzctf"><a href=...'>, <Selector query='//div[@data-testid="product-list"]//li' data='<li class="sc-hwhrDX ghzctf"><a href=...'>, <Selector query='//div[@data-testid="product-list"]//li' data='<li class="sc-hwhrDX ghzctf"><a href=...'>, <Selector query='//div[@data-testid="product-list"]//li' data='<li class="sc-hwhrDX ghzctf"><a href=...'>, <Selector query='//div[@data-testid="product-list"]//li' data='<li class="sc-hwhrDX ghzctf"><a href=...'>, <Selector query='//div[@data-testid="product-list"]//li' data='<li class="sc-hwhrDX ghzctf"><a href=...'>, <Selector query='//div[@data-testid="product-list"]//li' data='<li class="sc-hwhrDX ghzctf"><a href=...'>, <Selector query='//div[@data-testid="product-list"]//li' data='<li class="sc-hwhrDX ghzctf"><a href=...'>, <Selector query='//div[@data-testid="product-list"]//li' data='<li class="sc-hwhrDX ghzctf"><a href=...'>, <Selector query='//div[@data-testid="product-list"]//li' data='<li class="sc-hwhrDX ghzctf"><a href=...'>, <Selector query='//div[@data-testid="product-list"]//li' data='<li class="sc-hwhrDX ghzctf"><a href=...'>, <Selector query='//div[@data-testid="product-list"]//li' data='<li class="sc-hwhrDX ghzctf"><a href=...'>, <Selector query='//div[@data-testid="product-list"]//li' data='<li class="sc-hwhrDX ghzctf"><a href=...'>, <Selector query='//div[@data-testid="product-list"]//li' data='<li class="sc-hwhrDX ghzctf"><a href=...'>, <Selector query='//div[@data-testid="product-list"]//li' data='<li class="sc-hwhrDX ghzctf"><a href=...'>, <Selector query='//div[@data-testid="product-list"]//li' data='<li class="sc-hwhrDX ghzctf"><a href=...'>, <Selector query='//div[@data-testid="product-list"]//li' data='<li class="sc-hwhrDX ghzctf"><a href=...'>, <Selector query='//div[@data-testid="product-list"]//li' data='<li class="sc-hwhrDX ghzctf"><a href=...'>, <Selector query='//div[@data-testid="product-list"]//li' data='<li class="sc-hwhrDX ghzctf"><a href=...'>, <Selector query='//div[@data-testid="product-list"]//li' data='<li class="sc-hwhrDX ghzctf"><a href=...'>, <Selector query='//div[@data-testid="product-list"]//li' data='<li class="sc-hwhrDX ghzctf"><a href=...'>, <Selector query='//div[@data-testid="product-list"]//li' data='<li class="sc-hwhrDX ghzctf"><a href=...'>, <Selector query='//div[@data-testid="product-list"]//li' data='<li class="sc-hwhrDX ghzctf"><a href=...'>, <Selector query='//div[@data-testid="product-list"]//li' data='<li class="sc-hwhrDX ghzctf"><a href=...'>, <Selector query='//div[@data-testid="product-list"]//li' data='<li class="sc-hwhrDX ghzctf"><a href=...'>, <Selector query='//div[@data-testid="product-list"]//li' data='<li class="sc-hwhrDX ghzctf"><a href=...'>, <Selector query='//div[@data-testid="product-list"]//li' data='<li class="sc-hwhrDX ghzctf"><a href=...'>, <Selector query='//div[@data-testid="product-list"]//li' data='<li class="sc-hwhrDX ghzctf"><a href=...'>, <Selector query='//div[@data-testid="product-list"]//li' data='<li class="sc-hwhrDX ghzctf"><a href=...'>]
[2025-04-15T01:50:14.699+0000] {subprocess.py:106} INFO - GARRAFA STANLEY AEROLIGHT FAST FLOW 1.1Lt ORIGINAL TODAS AS CORES
[2025-04-15T01:50:14.702+0000] {subprocess.py:106} INFO - [R$ 332,00]
[2025-04-15T01:50:14.705+0000] {subprocess.py:106} INFO - 4.2 (6)
[2025-04-15T01:50:14.709+0000] {subprocess.py:106} INFO - Garrafa stanley aerolight fast flow 710ml original todas as cores
[2025-04-15T01:50:14.713+0000] {subprocess.py:106} INFO - [R$ 304,10]
[2025-04-15T01:50:14.716+0000] {subprocess.py:106} INFO - 5.0 (1)
[2025-04-15T01:50:14.719+0000] {subprocess.py:106} INFO - Garrafa Térmica Aerolight Stanley Fast Flow 710ml - Matte Black
[2025-04-15T01:50:14.722+0000] {subprocess.py:106} INFO - [R$ 287,37]
[2025-04-15T01:50:14.726+0000] {subprocess.py:106} INFO - 5.0 (1)
[2025-04-15T01:50:14.728+0000] {subprocess.py:106} INFO - Garrafa Térmica Stanley Aerolight Fast Flow Lavender 710ML - STANLEY PMI
[2025-04-15T01:50:14.731+0000] {subprocess.py:106} INFO - [R$ 289,97]
[2025-04-15T01:50:14.733+0000] {subprocess.py:106} INFO - None
[2025-04-15T01:50:14.735+0000] {subprocess.py:106} INFO - Stanley Garrafa Térmica Aerolight Original Fast Flow Branco Polar 710ml
[2025-04-15T01:50:14.737+0000] {subprocess.py:106} INFO - [R$ 332,10]
[2025-04-15T01:50:14.739+0000] {subprocess.py:106} INFO - None
[2025-04-15T01:50:14.741+0000] {subprocess.py:106} INFO - Garrafa Térmica Aerolight Stanley Fast Flow 1,1L - Tigerlily
[2025-04-15T01:50:14.743+0000] {subprocess.py:106} INFO - [R$ 315,27]
[2025-04-15T01:50:14.745+0000] {subprocess.py:106} INFO - 5.0 (1)
[2025-04-15T01:50:14.748+0000] {subprocess.py:106} INFO - Garrafa Térmica Stanley Aerolight Fast Flow 1.1L Pink
[2025-04-15T01:50:14.751+0000] {subprocess.py:106} INFO - [R$ 289,23]
[2025-04-15T01:50:14.752+0000] {subprocess.py:106} INFO - None
[2025-04-15T01:50:14.754+0000] {subprocess.py:106} INFO - Garrafa Térmica Aerolight Fast Flow Matte Black 1,1L Stanley
[2025-04-15T01:50:14.757+0000] {subprocess.py:106} INFO - [R$ 351,23]
[2025-04-15T01:50:14.760+0000] {subprocess.py:106} INFO - 4.2 (6)
[2025-04-15T01:50:14.765+0000] {subprocess.py:106} INFO - Garrafa Térmica Aerolight Stanley Fast Flow 710ml - Lavender
[2025-04-15T01:50:14.773+0000] {subprocess.py:106} INFO - [R$ 287,37]
[2025-04-15T01:50:14.775+0000] {subprocess.py:106} INFO - None
[2025-04-15T01:50:14.777+0000] {subprocess.py:106} INFO - https://www.magazineluiza.com.br/busca/garrafa+stanley+aerolight+fast+flow/?page=1?page=2
[2025-04-15T01:50:14.780+0000] {subprocess.py:106} INFO - blocos
[2025-04-15T01:50:14.782+0000] {subprocess.py:106} INFO - [<Selector query='//div[@data-testid="product-list"]//li' data='<li class="sc-hwhrDX ghzctf"><a href=...'>, <Selector query='//div[@data-testid="product-list"]//li' data='<li class="sc-hwhrDX ghzctf"><a href=...'>, <Selector query='//div[@data-testid="product-list"]//li' data='<li class="sc-hwhrDX ghzctf"><a href=...'>, <Selector query='//div[@data-testid="product-list"]//li' data='<li class="sc-hwhrDX ghzctf"><a href=...'>, <Selector query='//div[@data-testid="product-list"]//li' data='<li class="sc-hwhrDX ghzctf"><a href=...'>, <Selector query='//div[@data-testid="product-list"]//li' data='<li class="sc-hwhrDX ghzctf"><a href=...'>, <Selector query='//div[@data-testid="product-list"]//li' data='<li class="sc-hwhrDX ghzctf"><a href=...'>, <Selector query='//div[@data-testid="product-list"]//li' data='<li class="sc-hwhrDX ghzctf"><a href=...'>, <Selector query='//div[@data-testid="product-list"]//li' data='<li class="sc-hwhrDX ghzctf"><a href=...'>, <Selector query='//div[@data-testid="product-list"]//li' data='<li class="sc-hwhrDX ghzctf"><a href=...'>, <Selector query='//div[@data-testid="product-list"]//li' data='<li class="sc-hwhrDX ghzctf"><a href=...'>, <Selector query='//div[@data-testid="product-list"]//li' data='<li class="sc-hwhrDX ghzctf"><a href=...'>, <Selector query='//div[@data-testid="product-list"]//li' data='<li class="sc-hwhrDX ghzctf"><a href=...'>, <Selector query='//div[@data-testid="product-list"]//li' data='<li class="sc-hwhrDX ghzctf"><a href=...'>, <Selector query='//div[@data-testid="product-list"]//li' data='<li class="sc-hwhrDX ghzctf"><a href=...'>, <Selector query='//div[@data-testid="product-list"]//li' data='<li class="sc-hwhrDX ghzctf"><a href=...'>, <Selector query='//div[@data-testid="product-list"]//li' data='<li class="sc-hwhrDX ghzctf"><a href=...'>, <Selector query='//div[@data-testid="product-list"]//li' data='<li class="sc-hwhrDX ghzctf"><a href=...'>, <Selector query='//div[@data-testid="product-list"]//li' data='<li class="sc-hwhrDX ghzctf"><a href=...'>, <Selector query='//div[@data-testid="product-list"]//li' data='<li class="sc-hwhrDX ghzctf"><a href=...'>, <Selector query='//div[@data-testid="product-list"]//li' data='<li class="sc-hwhrDX ghzctf"><a href=...'>, <Selector query='//div[@data-testid="product-list"]//li' data='<li class="sc-hwhrDX ghzctf"><a href=...'>, <Selector query='//div[@data-testid="product-list"]//li' data='<li class="sc-hwhrDX ghzctf"><a href=...'>, <Selector query='//div[@data-testid="product-list"]//li' data='<li class="sc-hwhrDX ghzctf"><a href=...'>, <Selector query='//div[@data-testid="product-list"]//li' data='<li class="sc-hwhrDX ghzctf"><a href=...'>, <Selector query='//div[@data-testid="product-list"]//li' data='<li class="sc-hwhrDX ghzctf"><a href=...'>, <Selector query='//div[@data-testid="product-list"]//li' data='<li class="sc-hwhrDX ghzctf"><a href=...'>, <Selector query='//div[@data-testid="product-list"]//li' data='<li class="sc-hwhrDX ghzctf"><a href=...'>, <Selector query='//div[@data-testid="product-list"]//li' data='<li class="sc-hwhrDX ghzctf"><a href=...'>, <Selector query='//div[@data-testid="product-list"]//li' data='<li class="sc-hwhrDX ghzctf"><a href=...'>, <Selector query='//div[@data-testid="product-list"]//li' data='<li class="sc-hwhrDX ghzctf"><a href=...'>, <Selector query='//div[@data-testid="product-list"]//li' data='<li class="sc-hwhrDX ghzctf"><a href=...'>, <Selector query='//div[@data-testid="product-list"]//li' data='<li class="sc-hwhrDX ghzctf"><a href=...'>, <Selector query='//div[@data-testid="product-list"]//li' data='<li class="sc-hwhrDX ghzctf"><a href=...'>, <Selector query='//div[@data-testid="product-list"]//li' data='<li class="sc-hwhrDX ghzctf"><a href=...'>, <Selector query='//div[@data-testid="product-list"]//li' data='<li class="sc-hwhrDX ghzctf"><a href=...'>, <Selector query='//div[@data-testid="product-list"]//li' data='<li class="sc-hwhrDX ghzctf"><a href=...'>, <Selector query='//div[@data-testid="product-list"]//li' data='<li class="sc-hwhrDX ghzctf"><a href=...'>, <Selector query='//div[@data-testid="product-list"]//li' data='<li class="sc-hwhrDX ghzctf"><a href=...'>, <Selector query='//div[@data-testid="product-list"]//li' data='<li class="sc-hwhrDX ghzctf"><a href=...'>, <Selector query='//div[@data-testid="product-list"]//li' data='<li class="sc-hwhrDX ghzctf"><a href=...'>, <Selector query='//div[@data-testid="product-list"]//li' data='<li class="sc-hwhrDX ghzctf"><a href=...'>, <Selector query='//div[@data-testid="product-list"]//li' data='<li class="sc-hwhrDX ghzctf"><a href=...'>, <Selector query='//div[@data-testid="product-list"]//li' data='<li class="sc-hwhrDX ghzctf"><a href=...'>, <Selector query='//div[@data-testid="product-list"]//li' data='<li class="sc-hwhrDX ghzctf"><a href=...'>, <Selector query='//div[@data-testid="product-list"]//li' data='<li class="sc-hwhrDX ghzctf"><a href=...'>, <Selector query='//div[@data-testid="product-list"]//li' data='<li class="sc-hwhrDX ghzctf"><a href=...'>, <Selector query='//div[@data-testid="product-list"]//li' data='<li class="sc-hwhrDX ghzctf"><a href=...'>, <Selector query='//div[@data-testid="product-list"]//li' data='<li class="sc-hwhrDX ghzctf"><a href=...'>, <Selector query='//div[@data-testid="product-list"]//li' data='<li class="sc-hwhrDX ghzctf"><a href=...'>, <Selector query='//div[@data-testid="product-list"]//li' data='<li class="sc-hwhrDX ghzctf"><a href=...'>, <Selector query='//div[@data-testid="product-list"]//li' data='<li class="sc-hwhrDX ghzctf"><a href=...'>, <Selector query='//div[@data-testid="product-list"]//li' data='<li class="sc-hwhrDX ghzctf"><a href=...'>, <Selector query='//div[@data-testid="product-list"]//li' data='<li class="sc-hwhrDX ghzctf"><a href=...'>, <Selector query='//div[@data-testid="product-list"]//li' data='<li class="sc-hwhrDX ghzctf"><a href=...'>]2025-04-15 01:50:14 [scrapy.core.scraper] DEBUG: Scraped from <200 https://www.magazineluiza.com.br/busca/garrafa+stanley+aerolight+fast+flow/?page=1?page=2>
[2025-04-15T01:50:14.785+0000] {subprocess.py:106} INFO - {'title': 'GARRAFA STANLEY AEROLIGHT FAST FLOW 1.1Lt ORIGINAL TODAS AS CORES', 'price': 'R$\xa0332,00', 'review': '4.2 (6)', 'store': 'Magazine Luiza'}
[2025-04-15T01:50:14.787+0000] {subprocess.py:106} INFO - 2025-04-15 01:50:14 [scrapy.core.scraper] DEBUG: Scraped from <200 https://www.magazineluiza.com.br/busca/garrafa+stanley+aerolight+fast+flow/?page=1?page=1>
[2025-04-15T01:50:14.789+0000] {subprocess.py:106} INFO - {'title': 'Garrafa Térmica Stanley Aerolight Fast Flow Branco Polar 1,1 Litros', 'price': 'R$\xa0299,46', 'review': None, 'store': 'Magazine Luiza'}
[2025-04-15T01:50:14.792+0000] {subprocess.py:106} INFO - 2025-04-15 01:50:14 [scrapy.core.scraper] DEBUG: Scraped from <200 https://www.magazineluiza.com.br/busca/garrafa+stanley+aerolight+fast+flow/?page=1?page=1>
[2025-04-15T01:50:14.793+0000] {subprocess.py:106} INFO - {'title': 'Garrafa Térmica Aerolight Stanley Fast Flow 1,1L - Citron', 'price': 'R$\xa0315,27', 'review': None, 'store': 'Magazine Luiza'}
[2025-04-15T01:50:14.796+0000] {subprocess.py:106} INFO - 2025-04-15 01:50:14 [scrapy.core.scraper] DEBUG: Scraped from <200 https://www.magazineluiza.com.br/busca/garrafa+stanley+aerolight+fast+flow/?page=1?page=1>
[2025-04-15T01:50:14.798+0000] {subprocess.py:106} INFO - {'title': 'Garrafa Térmica Aerolight Stanley Fast Flow 1,1L - Polar', 'price': 'R$\xa0315,27', 'review': None, 'store': 'Magazine Luiza'}
[2025-04-15T01:50:14.800+0000] {subprocess.py:106} INFO - 2025-04-15 01:50:14 [scrapy.core.scraper] DEBUG: Scraped from <200 https://www.magazineluiza.com.br/busca/garrafa+stanley+aerolight+fast+flow/?page=1?page=1>
[2025-04-15T01:50:14.803+0000] {subprocess.py:106} INFO - {'title': 'Garrafa Térmica Stanley Aerolight Fast Flow Citron 710ML', 'price': 'R$\xa0272,49', 'review': None, 'store': 'Magazine Luiza'}
[2025-04-15T01:50:14.805+0000] {subprocess.py:106} INFO - 2025-04-15 01:50:14 [scrapy.core.scraper] DEBUG: Scraped from <200 https://www.magazineluiza.com.br/busca/garrafa+stanley+aerolight+fast+flow/?page=1?page=1>
[2025-04-15T01:50:14.807+0000] {subprocess.py:106} INFO - {'title': 'Garrafa Térmica Stanley Aerolight Fast Flow Original Laranja Tigerlily 1,1 L', 'price': 'R$\xa0379,00', 'review': '5.0 (1)', 'store': 'Magazine Luiza'}
[2025-04-15T01:50:14.809+0000] {subprocess.py:106} INFO - 2025-04-15 01:50:14 [scrapy.core.scraper] DEBUG: Scraped from <200 https://www.magazineluiza.com.br/busca/garrafa+stanley+aerolight+fast+flow/?page=1?page=1>
[2025-04-15T01:50:14.811+0000] {subprocess.py:106} INFO - {'title': 'Garrafa Térmica Aerolight Laranja Fast Flow Tigerlily 1,1L Stanley', 'price': 'R$\xa0344,01', 'review': '5.0 (1)', 'store': 'Magazine Luiza'}
[2025-04-15T01:50:14.813+0000] {subprocess.py:106} INFO - 2025-04-15 01:50:14 [scrapy.core.scraper] DEBUG: Scraped from <200 https://www.magazineluiza.com.br/busca/garrafa+stanley+aerolight+fast+flow/?page=1?page=1>
[2025-04-15T01:50:14.814+0000] {subprocess.py:106} INFO - {'title': 'Garrafa stanley térmica aerolight fast flow em aço inox 710ml lavender 08241-00', 'price': 'R$\xa0324,57', 'review': None, 'store': 'Magazine Luiza'}
[2025-04-15T01:50:14.816+0000] {subprocess.py:106} INFO - 2025-04-15 01:50:14 [scrapy.core.scraper] DEBUG: Scraped from <200 https://www.magazineluiza.com.br/busca/garrafa+stanley+aerolight+fast+flow/?page=1?page=1>
[2025-04-15T01:50:14.818+0000] {subprocess.py:106} INFO - {'title': 'Garrafa stanley térmica aerolight fast flow 1,1 litros laranja tigerlily 08242-00', 'price': 'R$\xa0343,17', 'review': '5.0 (1)', 'store': 'Magazine Luiza'}
[2025-04-15T01:50:14.820+0000] {subprocess.py:106} INFO - 2025-04-15 01:50:14 [scrapy.core.scraper] DEBUG: Scraped from <200 https://www.magazineluiza.com.br/busca/garrafa+stanley+aerolight+fast+flow/?page=1?page=2>
[2025-04-15T01:50:14.823+0000] {subprocess.py:106} INFO - {'title': 'Garrafa stanley aerolight fast flow 710ml original todas as cores', 'price': 'R$\xa0304,10', 'review': '5.0 (1)', 'store': 'Magazine Luiza'}
[2025-04-15T01:50:14.825+0000] {subprocess.py:106} INFO - 2025-04-15 01:50:14 [scrapy.core.scraper] DEBUG: Scraped from <200 https://www.magazineluiza.com.br/busca/garrafa+stanley+aerolight+fast+flow/?page=1?page=2>
[2025-04-15T01:50:14.827+0000] {subprocess.py:106} INFO - {'title': 'Garrafa Térmica Aerolight Stanley Fast Flow 710ml - Matte Black', 'price': 'R$\xa0287,37', 'review': '5.0 (1)', 'store': 'Magazine Luiza'}
[2025-04-15T01:50:14.832+0000] {subprocess.py:106} INFO - 2025-04-15 01:50:14 [scrapy.core.scraper] DEBUG: Scraped from <200 https://www.magazineluiza.com.br/busca/garrafa+stanley+aerolight+fast+flow/?page=1?page=2>
[2025-04-15T01:50:14.835+0000] {subprocess.py:106} INFO - {'title': 'Garrafa Térmica Stanley Aerolight Fast Flow Lavender 710ML - STANLEY PMI', 'price': 'R$\xa0289,97', 'review': None, 'store': 'Magazine Luiza'}
[2025-04-15T01:50:14.838+0000] {subprocess.py:106} INFO - 2025-04-15 01:50:14 [scrapy.core.scraper] DEBUG: Scraped from <200 https://www.magazineluiza.com.br/busca/garrafa+stanley+aerolight+fast+flow/?page=1?page=2>
[2025-04-15T01:50:14.841+0000] {subprocess.py:106} INFO - {'title': 'Stanley Garrafa Térmica Aerolight Original Fast Flow Branco Polar 710ml', 'price': 'R$\xa0332,10', 'review': None, 'store': 'Magazine Luiza'}
[2025-04-15T01:50:14.844+0000] {subprocess.py:106} INFO - 2025-04-15 01:50:14 [scrapy.core.scraper] DEBUG: Scraped from <200 https://www.magazineluiza.com.br/busca/garrafa+stanley+aerolight+fast+flow/?page=1?page=2>
[2025-04-15T01:50:14.846+0000] {subprocess.py:106} INFO - {'title': 'Garrafa Térmica Aerolight Stanley Fast Flow 1,1L - Tigerlily', 'price': 'R$\xa0315,27', 'review': '5.0 (1)', 'store': 'Magazine Luiza'}
[2025-04-15T01:50:14.850+0000] {subprocess.py:106} INFO - 2025-04-15 01:50:14 [scrapy.core.scraper] DEBUG: Scraped from <200 https://www.magazineluiza.com.br/busca/garrafa+stanley+aerolight+fast+flow/?page=1?page=2>
[2025-04-15T01:50:14.852+0000] {subprocess.py:106} INFO - {'title': 'Garrafa Térmica Stanley Aerolight Fast Flow 1.1L Pink', 'price': 'R$\xa0289,23', 'review': None, 'store': 'Magazine Luiza'}
[2025-04-15T01:50:14.855+0000] {subprocess.py:106} INFO - 2025-04-15 01:50:14 [scrapy.core.scraper] DEBUG: Scraped from <200 https://www.magazineluiza.com.br/busca/garrafa+stanley+aerolight+fast+flow/?page=1?page=2>
[2025-04-15T01:50:14.858+0000] {subprocess.py:106} INFO - {'title': 'Garrafa Térmica Aerolight Fast Flow Matte Black 1,1L Stanley', 'price': 'R$\xa0351,23', 'review': '4.2 (6)', 'store': 'Magazine Luiza'}
[2025-04-15T01:50:14.860+0000] {subprocess.py:106} INFO - 2025-04-15 01:50:14 [scrapy.core.scraper] DEBUG: Scraped from <200 https://www.magazineluiza.com.br/busca/garrafa+stanley+aerolight+fast+flow/?page=1?page=2>
[2025-04-15T01:50:14.861+0000] {subprocess.py:106} INFO - {'title': 'Garrafa Térmica Aerolight Stanley Fast Flow 710ml - Lavender', 'price': 'R$\xa0287,37', 'review': None, 'store': 'Magazine Luiza'}
[2025-04-15T01:50:14.863+0000] {subprocess.py:106} INFO - 2025-04-15 01:50:14 [scrapy.core.scraper] DEBUG: Scraped from <200 https://www.magazineluiza.com.br/busca/garrafa+stanley+aerolight+fast+flow/?page=1?page=1>
[2025-04-15T01:50:14.865+0000] {subprocess.py:106} INFO - {'title': 'Garrafa Térmica Stanley Aerolight Fast Flow 710ml Rosa Claro', 'price': 'R$\xa0268,57', 'review': None, 'store': 'Magazine Luiza'}
[2025-04-15T01:50:14.867+0000] {subprocess.py:106} INFO - 2025-04-15 01:50:14 [scrapy.core.scraper] DEBUG: Scraped from <200 https://www.magazineluiza.com.br/busca/garrafa+stanley+aerolight+fast+flow/?page=1?page=1>
[2025-04-15T01:50:14.869+0000] {subprocess.py:106} INFO - {'title': 'Garrafa Térmica Stanley Aerolight Fast Flow 1.1L Verde Água', 'price': 'R$\xa0289,23', 'review': None, 'store': 'Magazine Luiza'}
[2025-04-15T01:50:14.870+0000] {subprocess.py:106} INFO - 2025-04-15 01:50:14 [scrapy.core.scraper] DEBUG: Scraped from <200 https://www.magazineluiza.com.br/busca/garrafa+stanley+aerolight+fast+flow/?page=1?page=1>
[2025-04-15T01:50:14.872+0000] {subprocess.py:106} INFO - {'title': 'Garrafa Térmica Stanley Aerolight Fast Flow Branco Polar 1,1 Litros - STANLEY PMI', 'price': 'R$\xa0399,00', 'review': None, 'store': 'Magazine Luiza'}
[2025-04-15T01:50:14.874+0000] {subprocess.py:106} INFO - 2025-04-15 01:50:14 [scrapy.core.scraper] DEBUG: Scraped from <200 https://www.magazineluiza.com.br/busca/garrafa+stanley+aerolight+fast+flow/?page=1?page=1>
[2025-04-15T01:50:14.876+0000] {subprocess.py:106} INFO - {'title': 'Garrafa Térmica Stanley Aerolight Fast Flow Matte Black 710ML - STANLEY PMI', 'price': 'R$\xa0365,00', 'review': '5.0 (1)', 'store': 'Magazine Luiza'}
[2025-04-15T01:50:14.878+0000] {subprocess.py:106} INFO - 2025-04-15 01:50:14 [scrapy.core.scraper] DEBUG: Scraped from <200 https://www.magazineluiza.com.br/busca/garrafa+stanley+aerolight+fast+flow/?page=1?page=1>
[2025-04-15T01:50:14.880+0000] {subprocess.py:106} INFO - {'title': 'Garrafa stanley térmica aerolight fast flow em aço inox 710ml laranja tigerlily 08204-00', 'price': 'R$\xa0324,57', 'review': None, 'store': 'Magazine Luiza'}
[2025-04-15T01:50:14.882+0000] {subprocess.py:106} INFO - 2025-04-15 01:50:14 [scrapy.core.scraper] DEBUG: Scraped from <200 https://www.magazineluiza.com.br/busca/garrafa+stanley+aerolight+fast+flow/?page=1?page=1>
[2025-04-15T01:50:14.884+0000] {subprocess.py:106} INFO - {'title': 'Garrafa stanley térmica aerolight fast flow em aço inox 710ml vivid violet 08405-00', 'price': 'R$\xa0324,57', 'review': None, 'store': 'Magazine Luiza'}
[2025-04-15T01:50:14.886+0000] {subprocess.py:106} INFO - 2025-04-15 01:50:14 [scrapy.core.scraper] DEBUG: Scraped from <200 https://www.magazineluiza.com.br/busca/garrafa+stanley+aerolight+fast+flow/?page=1?page=1>
[2025-04-15T01:50:14.889+0000] {subprocess.py:106} INFO - {'title': 'Garrafa Térmica Stanley Aerolight Fast Flow 710ml Lilás', 'price': 'R$\xa0268,57', 'review': None, 'store': 'Magazine Luiza'}
[2025-04-15T01:50:14.891+0000] {subprocess.py:106} INFO - 2025-04-15 01:50:14 [scrapy.core.scraper] DEBUG: Scraped from <200 https://www.magazineluiza.com.br/busca/garrafa+stanley+aerolight+fast+flow/?page=1?page=1>
[2025-04-15T01:50:14.893+0000] {subprocess.py:106} INFO - {'title': 'Garrafa Térmica Stanley Aerolight Fast Flow Branco Polar 1,1 Litros - STANLEY PMI', 'price': 'R$\xa0385,90', 'review': None, 'store': 'Magazine Luiza'}
[2025-04-15T01:50:14.895+0000] {subprocess.py:106} INFO - 2025-04-15 01:50:14 [scrapy.core.scraper] DEBUG: Scraped from <200 https://www.magazineluiza.com.br/busca/garrafa+stanley+aerolight+fast+flow/?page=1?page=2>
[2025-04-15T01:50:14.897+0000] {subprocess.py:106} INFO - {'title': 'Garrafa Térmica Stanley Aerolight Fast Flow Branco Polar 1,1 Litros', 'price': 'R$\xa0299,46', 'review': None, 'store': 'Magazine Luiza'}
[2025-04-15T01:50:14.899+0000] {subprocess.py:106} INFO - 2025-04-15 01:50:14 [scrapy.core.scraper] DEBUG: Scraped from <200 https://www.magazineluiza.com.br/busca/garrafa+stanley+aerolight+fast+flow/?page=1?page=2>
[2025-04-15T01:50:14.901+0000] {subprocess.py:106} INFO - {'title': 'Garrafa Térmica Aerolight Stanley Fast Flow 1,1L - Citron', 'price': 'R$\xa0315,27', 'review': None, 'store': 'Magazine Luiza'}
[2025-04-15T01:50:14.903+0000] {subprocess.py:106} INFO - 2025-04-15 01:50:14 [scrapy.core.scraper] DEBUG: Scraped from <200 https://www.magazineluiza.com.br/busca/garrafa+stanley+aerolight+fast+flow/?page=1?page=2>
[2025-04-15T01:50:14.904+0000] {subprocess.py:106} INFO - {'title': 'Garrafa Térmica Aerolight Stanley Fast Flow 1,1L - Polar', 'price': 'R$\xa0315,27', 'review': None, 'store': 'Magazine Luiza'}
[2025-04-15T01:50:14.906+0000] {subprocess.py:106} INFO - 2025-04-15 01:50:14 [scrapy.core.scraper] DEBUG: Scraped from <200 https://www.magazineluiza.com.br/busca/garrafa+stanley+aerolight+fast+flow/?page=1?page=2>
[2025-04-15T01:50:14.908+0000] {subprocess.py:106} INFO - {'title': 'Garrafa Térmica Stanley Aerolight Fast Flow Citron 710ML', 'price': 'R$\xa0272,49', 'review': None, 'store': 'Magazine Luiza'}
[2025-04-15T01:50:14.910+0000] {subprocess.py:106} INFO - 2025-04-15 01:50:14 [scrapy.core.scraper] DEBUG: Scraped from <200 https://www.magazineluiza.com.br/busca/garrafa+stanley+aerolight+fast+flow/?page=1?page=2>
[2025-04-15T01:50:14.912+0000] {subprocess.py:106} INFO - {'title': 'Garrafa Térmica Stanley Aerolight Fast Flow Original Laranja Tigerlily 1,1 L', 'price': 'R$\xa0379,00', 'review': '5.0 (1)', 'store': 'Magazine Luiza'}
[2025-04-15T01:50:14.914+0000] {subprocess.py:106} INFO - 2025-04-15 01:50:14 [scrapy.core.scraper] DEBUG: Scraped from <200 https://www.magazineluiza.com.br/busca/garrafa+stanley+aerolight+fast+flow/?page=1?page=2>
[2025-04-15T01:50:14.915+0000] {subprocess.py:106} INFO - {'title': 'Garrafa Térmica Aerolight Laranja Fast Flow Tigerlily 1,1L Stanley', 'price': 'R$\xa0344,01', 'review': '5.0 (1)', 'store': 'Magazine Luiza'}
[2025-04-15T01:50:14.919+0000] {subprocess.py:106} INFO - 2025-04-15 01:50:14 [scrapy.core.scraper] DEBUG: Scraped from <200 https://www.magazineluiza.com.br/busca/garrafa+stanley+aerolight+fast+flow/?page=1?page=2>
[2025-04-15T01:50:14.924+0000] {subprocess.py:106} INFO - {'title': 'Garrafa stanley térmica aerolight fast flow em aço inox 710ml lavender 08241-00', 'price': 'R$\xa0324,57', 'review': None, 'store': 'Magazine Luiza'}
[2025-04-15T01:50:14.927+0000] {subprocess.py:106} INFO - 2025-04-15 01:50:14 [scrapy.core.scraper] DEBUG: Scraped from <200 https://www.magazineluiza.com.br/busca/garrafa+stanley+aerolight+fast+flow/?page=1?page=1>
[2025-04-15T01:50:14.931+0000] {subprocess.py:106} INFO - {'title': 'Garrafa Térmica Stanley Aerolight Fast Flow 710 ML Azul 0838', 'price': 'R$\xa0369,90', 'review': None, 'store': 'Magazine Luiza'}
[2025-04-15T01:50:14.935+0000] {subprocess.py:106} INFO - 2025-04-15 01:50:14 [scrapy.core.scraper] DEBUG: Scraped from <200 https://www.magazineluiza.com.br/busca/garrafa+stanley+aerolight+fast+flow/?page=1?page=1>
[2025-04-15T01:50:14.937+0000] {subprocess.py:106} INFO - {'title': 'Garrafa stanley térmica aerolight fast flow 1,1 litros branco polar 08207-00', 'price': 'R$\xa0343,17', 'review': None, 'store': 'Magazine Luiza'}
[2025-04-15T01:50:14.939+0000] {subprocess.py:106} INFO - 2025-04-15 01:50:14 [scrapy.core.scraper] DEBUG: Scraped from <200 https://www.magazineluiza.com.br/busca/garrafa+stanley+aerolight+fast+flow/?page=1?page=1>
[2025-04-15T01:50:14.941+0000] {subprocess.py:106} INFO - {'title': 'Garrafa Térmica Stanley Aerolight Fast Flow 710ml Azul Claro', 'price': 'R$\xa0268,57', 'review': None, 'store': 'Magazine Luiza'}
[2025-04-15T01:50:14.943+0000] {subprocess.py:106} INFO - 2025-04-15 01:50:14 [scrapy.core.scraper] DEBUG: Scraped from <200 https://www.magazineluiza.com.br/busca/garrafa+stanley+aerolight+fast+flow/?page=1?page=1>
[2025-04-15T01:50:14.945+0000] {subprocess.py:106} INFO - {'title': 'Garrafa termica stanley aerolight fast flow tigerlily 1,1l cod8208 cx6', 'price': 'R$\xa0434,37', 'review': '5.0 (1)', 'store': 'Magazine Luiza'}
[2025-04-15T01:50:14.947+0000] {subprocess.py:106} INFO - 2025-04-15 01:50:14 [scrapy.core.scraper] DEBUG: Scraped from <200 https://www.magazineluiza.com.br/busca/garrafa+stanley+aerolight+fast+flow/?page=1?page=1>
[2025-04-15T01:50:14.950+0000] {subprocess.py:106} INFO - {'title': 'Garrafa Térmica Stanley Aerolight Fast Flow Branco Polar 710', 'price': 'R$\xa0361,00', 'review': None, 'store': 'Magazine Luiza'}
[2025-04-15T01:50:14.951+0000] {subprocess.py:106} INFO - 2025-04-15 01:50:14 [scrapy.core.scraper] DEBUG: Scraped from <200 https://www.magazineluiza.com.br/busca/garrafa+stanley+aerolight+fast+flow/?page=1?page=2>
[2025-04-15T01:50:14.954+0000] {subprocess.py:106} INFO - {'title': 'Garrafa stanley térmica aerolight fast flow 1,1 litros laranja tigerlily 08242-00', 'price': 'R$\xa0343,17', 'review': '5.0 (1)', 'store': 'Magazine Luiza'}
[2025-04-15T01:50:14.955+0000] {subprocess.py:106} INFO - 2025-04-15 01:50:14 [scrapy.core.scraper] DEBUG: Scraped from <200 https://www.magazineluiza.com.br/busca/garrafa+stanley+aerolight+fast+flow/?page=1?page=2>
[2025-04-15T01:50:14.957+0000] {subprocess.py:106} INFO - {'title': 'Garrafa Térmica Stanley Aerolight Fast Flow 710ml Rosa Claro', 'price': 'R$\xa0268,57', 'review': None, 'store': 'Magazine Luiza'}
[2025-04-15T01:50:14.960+0000] {subprocess.py:106} INFO - 2025-04-15 01:50:14 [scrapy.core.scraper] DEBUG: Scraped from <200 https://www.magazineluiza.com.br/busca/garrafa+stanley+aerolight+fast+flow/?page=1?page=2>
[2025-04-15T01:50:14.961+0000] {subprocess.py:106} INFO - {'title': 'Garrafa Térmica Stanley Aerolight Fast Flow 1.1L Verde Água', 'price': 'R$\xa0289,23', 'review': None, 'store': 'Magazine Luiza'}
[2025-04-15T01:50:14.964+0000] {subprocess.py:106} INFO - 2025-04-15 01:50:14 [scrapy.core.scraper] DEBUG: Scraped from <200 https://www.magazineluiza.com.br/busca/garrafa+stanley+aerolight+fast+flow/?page=1?page=2>
[2025-04-15T01:50:14.965+0000] {subprocess.py:106} INFO - {'title': 'Garrafa Térmica Stanley Aerolight Fast Flow Branco Polar 1,1 Litros - STANLEY PMI', 'price': 'R$\xa0399,00', 'review': None, 'store': 'Magazine Luiza'}
[2025-04-15T01:50:14.967+0000] {subprocess.py:106} INFO - 2025-04-15 01:50:14 [scrapy.core.scraper] DEBUG: Scraped from <200 https://www.magazineluiza.com.br/busca/garrafa+stanley+aerolight+fast+flow/?page=1?page=1>
[2025-04-15T01:50:14.969+0000] {subprocess.py:106} INFO - {'title': 'Garrafa Térmica Stanley IceFlow Aerolight Fast Flow 700ml - Cinza', 'price': 'R$\xa0448,45', 'review': None, 'store': 'Magazine Luiza'}
[2025-04-15T01:50:14.971+0000] {subprocess.py:106} INFO - 2025-04-15 01:50:14 [scrapy.core.scraper] DEBUG: Scraped from <200 https://www.magazineluiza.com.br/busca/garrafa+stanley+aerolight+fast+flow/?page=1?page=1>
[2025-04-15T01:50:14.973+0000] {subprocess.py:106} INFO - {'title': 'Garrafa Térmica STanley Aerolight Fast Flow 1,1L', 'price': 'R$\xa0368,18', 'review': None, 'store': 'Magazine Luiza'}
[2025-04-15T01:50:14.976+0000] {subprocess.py:106} INFO - 2025-04-15 01:50:14 [scrapy.core.scraper] DEBUG: Scraped from <200 https://www.magazineluiza.com.br/busca/garrafa+stanley+aerolight+fast+flow/?page=1?page=1>
[2025-04-15T01:50:14.978+0000] {subprocess.py:106} INFO - {'title': 'Garrafa Térmica Stanley Aerolight Fast Flow Citron 1,1 Litros - STANLEY PMI', 'price': 'R$\xa0359,43', 'review': None, 'store': 'Magazine Luiza'}
[2025-04-15T01:50:14.980+0000] {subprocess.py:106} INFO - 2025-04-15 01:50:14 [scrapy.core.scraper] DEBUG: Scraped from <200 https://www.magazineluiza.com.br/busca/garrafa+stanley+aerolight+fast+flow/?page=1?page=1>
[2025-04-15T01:50:14.982+0000] {subprocess.py:106} INFO - {'title': 'Garrafa Térmica Aerolight Fast Flow 1,1L Polar Stanley', 'price': 'R$\xa0379,00', 'review': None, 'store': 'Magazine Luiza'}
[2025-04-15T01:50:14.984+0000] {subprocess.py:106} INFO - 2025-04-15 01:50:14 [scrapy.core.scraper] DEBUG: Scraped from <200 https://www.magazineluiza.com.br/busca/garrafa+stanley+aerolight+fast+flow/?page=1?page=1>
[2025-04-15T01:50:14.985+0000] {subprocess.py:106} INFO - {'title': 'Garrafa Térmica Aerolight Fast Flow Tigerlily 710ml Stanley', 'price': 'R$\xa0289,23', 'review': None, 'store': 'Magazine Luiza'}
[2025-04-15T01:50:14.987+0000] {subprocess.py:106} INFO - 2025-04-15 01:50:14 [scrapy.core.scraper] DEBUG: Scraped from <200 https://www.magazineluiza.com.br/busca/garrafa+stanley+aerolight+fast+flow/?page=1?page=1>
[2025-04-15T01:50:14.990+0000] {subprocess.py:106} INFO - {'title': 'Garrafa stanley térmica aerolight fast flow em aço inox 710ml azul tropical teal 08406-00', 'price': 'R$\xa0324,57', 'review': None, 'store': 'Magazine Luiza'}
[2025-04-15T01:50:14.992+0000] {subprocess.py:106} INFO - 2025-04-15 01:50:14 [scrapy.core.scraper] DEBUG: Scraped from <200 https://www.magazineluiza.com.br/busca/garrafa+stanley+aerolight+fast+flow/?page=1?page=2>
[2025-04-15T01:50:14.994+0000] {subprocess.py:106} INFO - {'title': 'Garrafa Térmica Stanley Aerolight Fast Flow Matte Black 710ML - STANLEY PMI', 'price': 'R$\xa0365,00', 'review': '5.0 (1)', 'store': 'Magazine Luiza'}
[2025-04-15T01:50:14.996+0000] {subprocess.py:106} INFO - 2025-04-15 01:50:14 [scrapy.core.scraper] DEBUG: Scraped from <200 https://www.magazineluiza.com.br/busca/garrafa+stanley+aerolight+fast+flow/?page=1?page=2>
[2025-04-15T01:50:14.999+0000] {subprocess.py:106} INFO - {'title': 'Garrafa stanley térmica aerolight fast flow em aço inox 710ml laranja tigerlily 08204-00', 'price': 'R$\xa0324,57', 'review': None, 'store': 'Magazine Luiza'}
[2025-04-15T01:50:15.001+0000] {subprocess.py:106} INFO - 2025-04-15 01:50:14 [scrapy.core.scraper] DEBUG: Scraped from <200 https://www.magazineluiza.com.br/busca/garrafa+stanley+aerolight+fast+flow/?page=1?page=2>
[2025-04-15T01:50:15.003+0000] {subprocess.py:106} INFO - {'title': 'Garrafa stanley térmica aerolight fast flow em aço inox 710ml vivid violet 08405-00', 'price': 'R$\xa0324,57', 'review': None, 'store': 'Magazine Luiza'}
[2025-04-15T01:50:15.005+0000] {subprocess.py:106} INFO - 2025-04-15 01:50:14 [scrapy.core.scraper] DEBUG: Scraped from <200 https://www.magazineluiza.com.br/busca/garrafa+stanley+aerolight+fast+flow/?page=1?page=2>
[2025-04-15T01:50:15.007+0000] {subprocess.py:106} INFO - {'title': 'Garrafa Térmica Stanley Aerolight Fast Flow 710ml Lilás', 'price': 'R$\xa0268,57', 'review': None, 'store': 'Magazine Luiza'}
[2025-04-15T01:50:15.009+0000] {subprocess.py:106} INFO - 2025-04-15 01:50:14 [scrapy.core.scraper] DEBUG: Scraped from <200 https://www.magazineluiza.com.br/busca/garrafa+stanley+aerolight+fast+flow/?page=1?page=2>
[2025-04-15T01:50:15.010+0000] {subprocess.py:106} INFO - {'title': 'Garrafa Térmica Stanley Aerolight Fast Flow Branco Polar 1,1 Litros - STANLEY PMI', 'price': 'R$\xa0385,90', 'review': None, 'store': 'Magazine Luiza'}
[2025-04-15T01:50:15.012+0000] {subprocess.py:106} INFO - 2025-04-15 01:50:14 [scrapy.core.scraper] DEBUG: Scraped from <200 https://www.magazineluiza.com.br/busca/garrafa+stanley+aerolight+fast+flow/?page=1?page=2>
[2025-04-15T01:50:15.015+0000] {subprocess.py:106} INFO - {'title': 'Garrafa Térmica Stanley Aerolight Fast Flow 710 ML Azul 0838', 'price': 'R$\xa0369,90', 'review': None, 'store': 'Magazine Luiza'}
[2025-04-15T01:50:15.018+0000] {subprocess.py:106} INFO - 2025-04-15 01:50:14 [scrapy.core.scraper] DEBUG: Scraped from <200 https://www.magazineluiza.com.br/busca/garrafa+stanley+aerolight+fast+flow/?page=1?page=2>
[2025-04-15T01:50:15.019+0000] {subprocess.py:106} INFO - {'title': 'Garrafa stanley térmica aerolight fast flow 1,1 litros branco polar 08207-00', 'price': 'R$\xa0343,17', 'review': None, 'store': 'Magazine Luiza'}
[2025-04-15T01:50:15.021+0000] {subprocess.py:106} INFO - 2025-04-15 01:50:14 [scrapy.core.scraper] DEBUG: Scraped from <200 https://www.magazineluiza.com.br/busca/garrafa+stanley+aerolight+fast+flow/?page=1?page=2>
[2025-04-15T01:50:15.024+0000] {subprocess.py:106} INFO - {'title': 'Garrafa Térmica Stanley Aerolight Fast Flow 710ml Azul Claro', 'price': 'R$\xa0268,57', 'review': None, 'store': 'Magazine Luiza'}
[2025-04-15T01:50:15.026+0000] {subprocess.py:106} INFO - 2025-04-15 01:50:14 [scrapy.core.scraper] DEBUG: Scraped from <200 https://www.magazineluiza.com.br/busca/garrafa+stanley+aerolight+fast+flow/?page=1?page=2>
[2025-04-15T01:50:15.028+0000] {subprocess.py:106} INFO - {'title': 'Garrafa termica stanley aerolight fast flow tigerlily 1,1l cod8208 cx6', 'price': 'R$\xa0434,37', 'review': '5.0 (1)', 'store': 'Magazine Luiza'}
[2025-04-15T01:50:15.030+0000] {subprocess.py:106} INFO - 2025-04-15 01:50:14 [scrapy.core.scraper] DEBUG: Scraped from <200 https://www.magazineluiza.com.br/busca/garrafa+stanley+aerolight+fast+flow/?page=1?page=2>
[2025-04-15T01:50:15.032+0000] {subprocess.py:106} INFO - {'title': 'Garrafa Térmica Stanley Aerolight Fast Flow Branco Polar 710', 'price': 'R$\xa0361,00', 'review': None, 'store': 'Magazine Luiza'}
[2025-04-15T01:50:15.034+0000] {subprocess.py:106} INFO - 2025-04-15 01:50:14 [scrapy.core.scraper] DEBUG: Scraped from <200 https://www.magazineluiza.com.br/busca/garrafa+stanley+aerolight+fast+flow/?page=1?page=2>
[2025-04-15T01:50:15.036+0000] {subprocess.py:106} INFO - {'title': 'Garrafa Térmica Stanley IceFlow Aerolight Fast Flow 700ml - Cinza', 'price': 'R$\xa0448,45', 'review': None, 'store': 'Magazine Luiza'}
[2025-04-15T01:50:15.040+0000] {subprocess.py:106} INFO - 2025-04-15 01:50:14 [scrapy.core.scraper] DEBUG: Scraped from <200 https://www.magazineluiza.com.br/busca/garrafa+stanley+aerolight+fast+flow/?page=1?page=1>
[2025-04-15T01:50:15.042+0000] {subprocess.py:106} INFO - {'title': 'Garrafa Térmica Stanley Aerolight Fast Flow Citron 1,1 Litros - STANLEY PMI', 'price': 'R$\xa0385,90', 'review': None, 'store': 'Magazine Luiza'}
[2025-04-15T01:50:15.044+0000] {subprocess.py:106} INFO - 2025-04-15 01:50:14 [scrapy.core.scraper] DEBUG: Scraped from <200 https://www.magazineluiza.com.br/busca/garrafa+stanley+aerolight+fast+flow/?page=1?page=1>
[2025-04-15T01:50:15.045+0000] {subprocess.py:106} INFO - {'title': 'Garrafa Térmica Stanley Aerolight Fast Flow 710ml Verde Água', 'price': 'R$\xa0268,57', 'review': None, 'store': 'Magazine Luiza'}
[2025-04-15T01:50:15.047+0000] {subprocess.py:106} INFO - 2025-04-15 01:50:14 [scrapy.core.scraper] DEBUG: Scraped from <200 https://www.magazineluiza.com.br/busca/garrafa+stanley+aerolight+fast+flow/?page=1?page=1>
[2025-04-15T01:50:15.049+0000] {subprocess.py:106} INFO - {'title': 'Garrafa Térmica Aerolight Fast Flow Stanley 710ML', 'price': 'R$\xa0359,91', 'review': None, 'store': 'Magazine Luiza'}
[2025-04-15T01:50:15.051+0000] {subprocess.py:106} INFO - 2025-04-15 01:50:14 [scrapy.core.scraper] DEBUG: Scraped from <200 https://www.magazineluiza.com.br/busca/garrafa+stanley+aerolight+fast+flow/?page=1?page=1>
[2025-04-15T01:50:15.053+0000] {subprocess.py:106} INFO - {'title': 'Garrafa Térmica Aerolight Fast Flow Polar 1,1L Stanley', 'price': 'R$\xa0351,23', 'review': None, 'store': 'Magazine Luiza'}
[2025-04-15T01:50:15.056+0000] {subprocess.py:106} INFO - 2025-04-15 01:50:14 [scrapy.core.scraper] DEBUG: Scraped from <200 https://www.magazineluiza.com.br/busca/garrafa+stanley+aerolight+fast+flow/?page=1?page=1>
[2025-04-15T01:50:15.058+0000] {subprocess.py:106} INFO - {'title': 'Garrafa Térmica Stanley Aerolight Fast Flow Citron 710ML - STANLEY PMI', 'price': 'R$\xa0419,90', 'review': None, 'store': 'Magazine Luiza'}
[2025-04-15T01:50:15.061+0000] {subprocess.py:106} INFO - 2025-04-15 01:50:14 [scrapy.core.scraper] DEBUG: Scraped from <200 https://www.magazineluiza.com.br/busca/garrafa+stanley+aerolight+fast+flow/?page=1?page=1>
[2025-04-15T01:50:15.063+0000] {subprocess.py:106} INFO - {'title': 'Garrafa Térmica Aerolight Fast Flow Heat Wave Passion Pink 710ML Stanley', 'price': 'R$\xa0306,81', 'review': None, 'store': 'Magazine Luiza'}
[2025-04-15T01:50:15.065+0000] {subprocess.py:106} INFO - 2025-04-15 01:50:14 [scrapy.core.scraper] DEBUG: Scraped from <200 https://www.magazineluiza.com.br/busca/garrafa+stanley+aerolight+fast+flow/?page=1?page=1>
[2025-04-15T01:50:15.066+0000] {subprocess.py:106} INFO - {'title': 'Garrafa stanley térmica aerolight fast flow em aço inox 710ml passion pink 08404-00', 'price': 'R$\xa0324,57', 'review': None, 'store': 'Magazine Luiza'}
[2025-04-15T01:50:15.068+0000] {subprocess.py:106} INFO - 2025-04-15 01:50:14 [scrapy.core.scraper] DEBUG: Scraped from <200 https://www.magazineluiza.com.br/busca/garrafa+stanley+aerolight+fast+flow/?page=1?page=1>
[2025-04-15T01:50:15.070+0000] {subprocess.py:106} INFO - {'title': 'Garrafa Térmica STanley Aerolight Fast Flow 1,1L', 'price': 'R$\xa0368,18', 'review': None, 'store': 'Magazine Luiza'}
[2025-04-15T01:50:15.073+0000] {subprocess.py:106} INFO - 2025-04-15 01:50:14 [scrapy.core.scraper] DEBUG: Scraped from <200 https://www.magazineluiza.com.br/busca/garrafa+stanley+aerolight+fast+flow/?page=1?page=2>
[2025-04-15T01:50:15.075+0000] {subprocess.py:106} INFO - {'title': 'Garrafa Térmica STanley Aerolight Fast Flow 1,1L', 'price': 'R$\xa0368,18', 'review': None, 'store': 'Magazine Luiza'}
[2025-04-15T01:50:15.077+0000] {subprocess.py:106} INFO - 2025-04-15 01:50:14 [scrapy.core.scraper] DEBUG: Scraped from <200 https://www.magazineluiza.com.br/busca/garrafa+stanley+aerolight+fast+flow/?page=1?page=2>
[2025-04-15T01:50:15.079+0000] {subprocess.py:106} INFO - {'title': 'Garrafa Térmica Stanley Aerolight Fast Flow Citron 1,1 Litros - STANLEY PMI', 'price': 'R$\xa0359,43', 'review': None, 'store': 'Magazine Luiza'}
[2025-04-15T01:50:15.081+0000] {subprocess.py:106} INFO - 2025-04-15 01:50:14 [scrapy.core.scraper] DEBUG: Scraped from <200 https://www.magazineluiza.com.br/busca/garrafa+stanley+aerolight+fast+flow/?page=1?page=2>
[2025-04-15T01:50:15.082+0000] {subprocess.py:106} INFO - {'title': 'Garrafa Térmica Aerolight Fast Flow 1,1L Polar Stanley', 'price': 'R$\xa0379,00', 'review': None, 'store': 'Magazine Luiza'}
[2025-04-15T01:50:15.084+0000] {subprocess.py:106} INFO - 2025-04-15 01:50:14 [scrapy.core.scraper] DEBUG: Scraped from <200 https://www.magazineluiza.com.br/busca/garrafa+stanley+aerolight+fast+flow/?page=1?page=2>
[2025-04-15T01:50:15.086+0000] {subprocess.py:106} INFO - {'title': 'Garrafa Térmica Aerolight Fast Flow Tigerlily 710ml Stanley', 'price': 'R$\xa0289,23', 'review': None, 'store': 'Magazine Luiza'}
[2025-04-15T01:50:15.088+0000] {subprocess.py:106} INFO - 2025-04-15 01:50:14 [scrapy.core.scraper] DEBUG: Scraped from <200 https://www.magazineluiza.com.br/busca/garrafa+stanley+aerolight+fast+flow/?page=1?page=2>
[2025-04-15T01:50:15.090+0000] {subprocess.py:106} INFO - {'title': 'Garrafa stanley térmica aerolight fast flow em aço inox 710ml azul tropical teal 08406-00', 'price': 'R$\xa0324,57', 'review': None, 'store': 'Magazine Luiza'}
[2025-04-15T01:50:15.092+0000] {subprocess.py:106} INFO - 2025-04-15 01:50:14 [scrapy.core.scraper] DEBUG: Scraped from <200 https://www.magazineluiza.com.br/busca/garrafa+stanley+aerolight+fast+flow/?page=1?page=2>
[2025-04-15T01:50:15.096+0000] {subprocess.py:106} INFO - {'title': 'Garrafa Térmica Stanley Aerolight Fast Flow Citron 1,1 Litros - STANLEY PMI', 'price': 'R$\xa0385,90', 'review': None, 'store': 'Magazine Luiza'}
[2025-04-15T01:50:15.098+0000] {subprocess.py:106} INFO - 2025-04-15 01:50:14 [scrapy.core.scraper] DEBUG: Scraped from <200 https://www.magazineluiza.com.br/busca/garrafa+stanley+aerolight+fast+flow/?page=1?page=1>
[2025-04-15T01:50:15.100+0000] {subprocess.py:106} INFO - {'title': 'Garrafa Térmica Stanley Aerolight Fast Flow Citron 1,1 Litros - STANLEY PMI', 'price': 'R$\xa0371,07', 'review': None, 'store': 'Magazine Luiza'}
[2025-04-15T01:50:15.102+0000] {subprocess.py:106} INFO - 2025-04-15 01:50:14 [scrapy.core.scraper] DEBUG: Scraped from <200 https://www.magazineluiza.com.br/busca/garrafa+stanley+aerolight+fast+flow/?page=1?page=1>
[2025-04-15T01:50:15.104+0000] {subprocess.py:106} INFO - {'title': 'Garrafa stanley térmica aerolight fast flow 710ml matte black 08202-00', 'price': 'R$\xa0324,57', 'review': '5.0 (1)', 'store': 'Magazine Luiza'}
[2025-04-15T01:50:15.105+0000] {subprocess.py:106} INFO - 2025-04-15 01:50:14 [scrapy.core.scraper] DEBUG: Scraped from <200 https://www.magazineluiza.com.br/busca/garrafa+stanley+aerolight+fast+flow/?page=1?page=1>
[2025-04-15T01:50:15.107+0000] {subprocess.py:106} INFO - {'title': 'Garrafa Térmica Stanley Aerolight Fast Flow 710ml Verde Limão', 'price': 'R$\xa0268,57', 'review': None, 'store': 'Magazine Luiza'}
[2025-04-15T01:50:15.108+0000] {subprocess.py:106} INFO - 2025-04-15 01:50:14 [scrapy.core.scraper] DEBUG: Scraped from <200 https://www.magazineluiza.com.br/busca/garrafa+stanley+aerolight+fast+flow/?page=1?page=1>
[2025-04-15T01:50:15.110+0000] {subprocess.py:106} INFO - {'title': 'Garrafa Térmica Stanley Aerolight Fast Flow Branco Polar 710ML - STANLEY PMI', 'price': 'R$\xa0369,90', 'review': None, 'store': 'Magazine Luiza'}
[2025-04-15T01:50:15.112+0000] {subprocess.py:106} INFO - 2025-04-15 01:50:14 [scrapy.core.scraper] DEBUG: Scraped from <200 https://www.magazineluiza.com.br/busca/garrafa+stanley+aerolight+fast+flow/?page=1?page=1>
[2025-04-15T01:50:15.114+0000] {subprocess.py:106} INFO - {'title': 'Garrafa Térmica Aerolight Fast Flow Stanley Citron 710 Ml', 'price': 'R$\xa0365,00', 'review': None, 'store': 'Magazine Luiza'}
[2025-04-15T01:50:15.116+0000] {subprocess.py:106} INFO - 2025-04-15 01:50:14 [scrapy.core.scraper] DEBUG: Scraped from <200 https://www.magazineluiza.com.br/busca/garrafa+stanley+aerolight+fast+flow/?page=1?page=1>
[2025-04-15T01:50:15.117+0000] {subprocess.py:106} INFO - {'title': 'Garrafa Térmica Stanley Aerolight Fast Flow Citron 1,1 Litros - STANLEY PMI', 'price': 'R$\xa0489,00', 'review': None, 'store': 'Magazine Luiza'}
[2025-04-15T01:50:15.119+0000] {subprocess.py:106} INFO - 2025-04-15 01:50:14 [scrapy.core.scraper] DEBUG: Scraped from <200 https://www.magazineluiza.com.br/busca/garrafa+stanley+aerolight+fast+flow/?page=1?page=1>
[2025-04-15T01:50:15.121+0000] {subprocess.py:106} INFO - {'title': 'Garrafa Térmica Stanley Aerolight Fast Flow 0.7L Verde 08205', 'price': 'R$\xa0344,01', 'review': None, 'store': 'Magazine Luiza'}
[2025-04-15T01:50:15.123+0000] {subprocess.py:106} INFO - 2025-04-15 01:50:14 [scrapy.core.scraper] DEBUG: Scraped from <200 https://www.magazineluiza.com.br/busca/garrafa+stanley+aerolight+fast+flow/?page=1?page=1>
[2025-04-15T01:50:15.125+0000] {subprocess.py:106} INFO - {'title': 'Garrafa Térmico Aerolight Fast Flow 710 Ml Citron Stanley', 'price': 'R$\xa0329,57', 'review': None, 'store': 'Magazine Luiza'}
[2025-04-15T01:50:15.132+0000] {subprocess.py:106} INFO - 2025-04-15 01:50:14 [scrapy.core.scraper] DEBUG: Scraped from <200 https://www.magazineluiza.com.br/busca/garrafa+stanley+aerolight+fast+flow/?page=1?page=2>
[2025-04-15T01:50:15.134+0000] {subprocess.py:106} INFO - {'title': 'Garrafa Térmica Stanley Aerolight Fast Flow 710ml Verde Água', 'price': 'R$\xa0268,57', 'review': None, 'store': 'Magazine Luiza'}
[2025-04-15T01:50:15.137+0000] {subprocess.py:106} INFO - 2025-04-15 01:50:14 [scrapy.core.scraper] DEBUG: Scraped from <200 https://www.magazineluiza.com.br/busca/garrafa+stanley+aerolight+fast+flow/?page=1?page=2>
[2025-04-15T01:50:15.140+0000] {subprocess.py:106} INFO - {'title': 'Garrafa Térmica Aerolight Fast Flow Stanley 710ML', 'price': 'R$\xa0359,91', 'review': None, 'store': 'Magazine Luiza'}
[2025-04-15T01:50:15.143+0000] {subprocess.py:106} INFO - 2025-04-15 01:50:14 [scrapy.core.scraper] DEBUG: Scraped from <200 https://www.magazineluiza.com.br/busca/garrafa+stanley+aerolight+fast+flow/?page=1?page=2>
[2025-04-15T01:50:15.145+0000] {subprocess.py:106} INFO - {'title': 'Garrafa Térmica Aerolight Fast Flow Polar 1,1L Stanley', 'price': 'R$\xa0351,23', 'review': None, 'store': 'Magazine Luiza'}
[2025-04-15T01:50:15.147+0000] {subprocess.py:106} INFO - 2025-04-15 01:50:14 [scrapy.core.scraper] DEBUG: Scraped from <200 https://www.magazineluiza.com.br/busca/garrafa+stanley+aerolight+fast+flow/?page=1?page=2>
[2025-04-15T01:50:15.149+0000] {subprocess.py:106} INFO - {'title': 'Garrafa Térmica Stanley Aerolight Fast Flow Citron 710ML - STANLEY PMI', 'price': 'R$\xa0419,90', 'review': None, 'store': 'Magazine Luiza'}
[2025-04-15T01:50:15.151+0000] {subprocess.py:106} INFO - 2025-04-15 01:50:14 [scrapy.core.scraper] DEBUG: Scraped from <200 https://www.magazineluiza.com.br/busca/garrafa+stanley+aerolight+fast+flow/?page=1?page=2>
[2025-04-15T01:50:15.153+0000] {subprocess.py:106} INFO - {'title': 'Garrafa Térmica Aerolight Fast Flow Heat Wave Passion Pink 710ML Stanley', 'price': 'R$\xa0306,81', 'review': None, 'store': 'Magazine Luiza'}
[2025-04-15T01:50:15.155+0000] {subprocess.py:106} INFO - 2025-04-15 01:50:14 [scrapy.core.scraper] DEBUG: Scraped from <200 https://www.magazineluiza.com.br/busca/garrafa+stanley+aerolight+fast+flow/?page=1?page=2>
[2025-04-15T01:50:15.157+0000] {subprocess.py:106} INFO - {'title': 'Garrafa stanley térmica aerolight fast flow em aço inox 710ml passion pink 08404-00', 'price': 'R$\xa0324,57', 'review': None, 'store': 'Magazine Luiza'}
[2025-04-15T01:50:15.160+0000] {subprocess.py:106} INFO - 2025-04-15 01:50:14 [scrapy.core.scraper] DEBUG: Scraped from <200 https://www.magazineluiza.com.br/busca/garrafa+stanley+aerolight+fast+flow/?page=1?page=2>
[2025-04-15T01:50:15.162+0000] {subprocess.py:106} INFO - {'title': 'Garrafa Térmica STanley Aerolight Fast Flow 1,1L', 'price': 'R$\xa0368,18', 'review': None, 'store': 'Magazine Luiza'}
[2025-04-15T01:50:15.164+0000] {subprocess.py:106} INFO - 2025-04-15 01:50:14 [scrapy.core.scraper] DEBUG: Scraped from <200 https://www.magazineluiza.com.br/busca/garrafa+stanley+aerolight+fast+flow/?page=1?page=2>
[2025-04-15T01:50:15.166+0000] {subprocess.py:106} INFO - {'title': 'Garrafa Térmica Stanley Aerolight Fast Flow Citron 1,1 Litros - STANLEY PMI', 'price': 'R$\xa0371,07', 'review': None, 'store': 'Magazine Luiza'}
[2025-04-15T01:50:15.167+0000] {subprocess.py:106} INFO - 2025-04-15 01:50:14 [scrapy.core.scraper] DEBUG: Scraped from <200 https://www.magazineluiza.com.br/busca/garrafa+stanley+aerolight+fast+flow/?page=1?page=2>
[2025-04-15T01:50:15.169+0000] {subprocess.py:106} INFO - {'title': 'Garrafa stanley térmica aerolight fast flow 710ml matte black 08202-00', 'price': 'R$\xa0324,57', 'review': '5.0 (1)', 'store': 'Magazine Luiza'}
[2025-04-15T01:50:15.171+0000] {subprocess.py:106} INFO - 2025-04-15 01:50:14 [scrapy.core.scraper] DEBUG: Scraped from <200 https://www.magazineluiza.com.br/busca/garrafa+stanley+aerolight+fast+flow/?page=1?page=1>
[2025-04-15T01:50:15.173+0000] {subprocess.py:106} INFO - {'title': 'Garrafa Térmica Aerolight Fast Flow Polar 1,1L', 'price': 'R$\xa0479,99', 'review': None, 'store': 'Magazine Luiza'}
[2025-04-15T01:50:15.175+0000] {subprocess.py:106} INFO - 2025-04-15 01:50:14 [scrapy.core.scraper] DEBUG: Scraped from <200 https://www.magazineluiza.com.br/busca/garrafa+stanley+aerolight+fast+flow/?page=1?page=1>
[2025-04-15T01:50:15.177+0000] {subprocess.py:106} INFO - {'title': 'Garrafa Térmica Stanley Aerolight Fast Flow Lavender 710ML - STANLEY PMI', 'price': 'R$\xa0361,77', 'review': None, 'store': 'Magazine Luiza'}
[2025-04-15T01:50:15.180+0000] {subprocess.py:106} INFO - 2025-04-15 01:50:14 [scrapy.core.scraper] DEBUG: Scraped from <200 https://www.magazineluiza.com.br/busca/garrafa+stanley+aerolight+fast+flow/?page=1?page=1>
[2025-04-15T01:50:15.182+0000] {subprocess.py:106} INFO - {'title': 'Garrafa Térmica Stanley Aerolight Fast Flow Tigerlily 710ML - STANLEY PMI', 'price': 'R$\xa0365,00', 'review': None, 'store': 'Magazine Luiza'}
[2025-04-15T01:50:15.184+0000] {subprocess.py:106} INFO - 2025-04-15 01:50:14 [scrapy.core.scraper] DEBUG: Scraped from <200 https://www.magazineluiza.com.br/busca/garrafa+stanley+aerolight+fast+flow/?page=1?page=2>
[2025-04-15T01:50:15.187+0000] {subprocess.py:106} INFO - {'title': 'Garrafa Térmica Stanley Aerolight Fast Flow 710ml Verde Limão', 'price': 'R$\xa0268,57', 'review': None, 'store': 'Magazine Luiza'}
[2025-04-15T01:50:15.190+0000] {subprocess.py:106} INFO - 
[2025-04-15T01:50:15.193+0000] {subprocess.py:106} INFO - GARRAFA STANLEY AEROLIGHT FAST FLOW 1.1Lt ORIGINAL TODAS AS CORES
[2025-04-15T01:50:15.198+0000] {subprocess.py:106} INFO - [R$ 332,00]
[2025-04-15T01:50:15.201+0000] {subprocess.py:106} INFO - 4.2 (6)
[2025-04-15T01:50:15.204+0000] {subprocess.py:106} INFO - Garrafa Térmica Stanley Aerolight Fast Flow Branco Polar 1,1 Litros
[2025-04-15T01:50:15.205+0000] {subprocess.py:106} INFO - [R$ 299,46]
[2025-04-15T01:50:15.208+0000] {subprocess.py:106} INFO - None
[2025-04-15T01:50:15.209+0000] {subprocess.py:106} INFO - Garrafa Térmica Aerolight Stanley Fast Flow 1,1L - Citron
[2025-04-15T01:50:15.212+0000] {subprocess.py:106} INFO - [R$ 315,27]
[2025-04-15T01:50:15.213+0000] {subprocess.py:106} INFO - None
[2025-04-15T01:50:15.215+0000] {subprocess.py:106} INFO - Garrafa Térmica Aerolight Stanley Fast Flow 1,1L - Polar
[2025-04-15T01:50:15.217+0000] {subprocess.py:106} INFO - [R$ 315,27]
[2025-04-15T01:50:15.219+0000] {subprocess.py:106} INFO - None
[2025-04-15T01:50:15.221+0000] {subprocess.py:106} INFO - Garrafa Térmica Stanley Aerolight Fast Flow Citron 710ML
[2025-04-15T01:50:15.224+0000] {subprocess.py:106} INFO - [R$ 272,49]
[2025-04-15T01:50:15.226+0000] {subprocess.py:106} INFO - None
[2025-04-15T01:50:15.228+0000] {subprocess.py:106} INFO - Garrafa Térmica Stanley Aerolight Fast Flow Original Laranja Tigerlily 1,1 L
[2025-04-15T01:50:15.231+0000] {subprocess.py:106} INFO - [R$ 379,00]
[2025-04-15T01:50:15.233+0000] {subprocess.py:106} INFO - 5.0 (1)
[2025-04-15T01:50:15.234+0000] {subprocess.py:106} INFO - Garrafa Térmica Aerolight Laranja Fast Flow Tigerlily 1,1L Stanley
[2025-04-15T01:50:15.236+0000] {subprocess.py:106} INFO - [R$ 344,01]
[2025-04-15T01:50:15.238+0000] {subprocess.py:106} INFO - 5.0 (1)
[2025-04-15T01:50:15.239+0000] {subprocess.py:106} INFO - Garrafa stanley térmica aerolight fast flow em aço inox 710ml lavender 08241-00
[2025-04-15T01:50:15.241+0000] {subprocess.py:106} INFO - [R$ 324,57]
[2025-04-15T01:50:15.243+0000] {subprocess.py:106} INFO - None
[2025-04-15T01:50:15.245+0000] {subprocess.py:106} INFO - Garrafa stanley térmica aerolight fast flow 1,1 litros laranja tigerlily 08242-00
[2025-04-15T01:50:15.246+0000] {subprocess.py:106} INFO - [R$ 343,17]
[2025-04-15T01:50:15.248+0000] {subprocess.py:106} INFO - 5.0 (1)
[2025-04-15T01:50:15.250+0000] {subprocess.py:106} INFO - Garrafa stanley aerolight fast flow 710ml original todas as cores
[2025-04-15T01:50:15.252+0000] {subprocess.py:106} INFO - [R$ 304,10]
[2025-04-15T01:50:15.253+0000] {subprocess.py:106} INFO - 5.0 (1)
[2025-04-15T01:50:15.255+0000] {subprocess.py:106} INFO - Garrafa Térmica Aerolight Stanley Fast Flow 710ml - Matte Black
[2025-04-15T01:50:15.257+0000] {subprocess.py:106} INFO - [R$ 287,37]
[2025-04-15T01:50:15.259+0000] {subprocess.py:106} INFO - 5.0 (1)
[2025-04-15T01:50:15.261+0000] {subprocess.py:106} INFO - Garrafa Térmica Stanley Aerolight Fast Flow Lavender 710ML - STANLEY PMI
[2025-04-15T01:50:15.263+0000] {subprocess.py:106} INFO - [R$ 289,97]
[2025-04-15T01:50:15.264+0000] {subprocess.py:106} INFO - None
[2025-04-15T01:50:15.268+0000] {subprocess.py:106} INFO - Stanley Garrafa Térmica Aerolight Original Fast Flow Branco Polar 710ml
[2025-04-15T01:50:15.269+0000] {subprocess.py:106} INFO - [R$ 332,10]
[2025-04-15T01:50:15.271+0000] {subprocess.py:106} INFO - None
[2025-04-15T01:50:15.273+0000] {subprocess.py:106} INFO - Garrafa Térmica Aerolight Stanley Fast Flow 1,1L - Tigerlily
[2025-04-15T01:50:15.275+0000] {subprocess.py:106} INFO - [R$ 315,27]
[2025-04-15T01:50:15.280+0000] {subprocess.py:106} INFO - 5.0 (1)
[2025-04-15T01:50:15.285+0000] {subprocess.py:106} INFO - Garrafa Térmica Stanley Aerolight Fast Flow 1.1L Pink
[2025-04-15T01:50:15.293+0000] {subprocess.py:106} INFO - [R$ 289,23]
[2025-04-15T01:50:15.298+0000] {subprocess.py:106} INFO - None
[2025-04-15T01:50:15.301+0000] {subprocess.py:106} INFO - Garrafa Térmica Aerolight Fast Flow Matte Black 1,1L Stanley
[2025-04-15T01:50:15.303+0000] {subprocess.py:106} INFO - [R$ 351,23]
[2025-04-15T01:50:15.305+0000] {subprocess.py:106} INFO - 4.2 (6)
[2025-04-15T01:50:15.307+0000] {subprocess.py:106} INFO - Garrafa Térmica Aerolight Stanley Fast Flow 710ml - Lavender
[2025-04-15T01:50:15.311+0000] {subprocess.py:106} INFO - [R$ 287,37]
[2025-04-15T01:50:15.313+0000] {subprocess.py:106} INFO - None
[2025-04-15T01:50:15.315+0000] {subprocess.py:106} INFO - Garrafa Térmica Stanley Aerolight Fast Flow 710ml Rosa Claro
[2025-04-15T01:50:15.317+0000] {subprocess.py:106} INFO - [R$ 268,57]
[2025-04-15T01:50:15.320+0000] {subprocess.py:106} INFO - None
[2025-04-15T01:50:15.322+0000] {subprocess.py:106} INFO - Garrafa Térmica Stanley Aerolight Fast Flow 1.1L Verde Água
[2025-04-15T01:50:15.325+0000] {subprocess.py:106} INFO - [R$ 289,23]
[2025-04-15T01:50:15.327+0000] {subprocess.py:106} INFO - None
[2025-04-15T01:50:15.329+0000] {subprocess.py:106} INFO - Garrafa Térmica Stanley Aerolight Fast Flow Branco Polar 1,1 Litros - STANLEY PMI
[2025-04-15T01:50:15.332+0000] {subprocess.py:106} INFO - [R$ 399,00]
[2025-04-15T01:50:15.334+0000] {subprocess.py:106} INFO - None
[2025-04-15T01:50:15.336+0000] {subprocess.py:106} INFO - Garrafa Térmica Stanley Aerolight Fast Flow Matte Black 710ML - STANLEY PMI
[2025-04-15T01:50:15.338+0000] {subprocess.py:106} INFO - [R$ 365,00]
[2025-04-15T01:50:15.340+0000] {subprocess.py:106} INFO - 5.0 (1)
[2025-04-15T01:50:15.342+0000] {subprocess.py:106} INFO - Garrafa stanley térmica aerolight fast flow em aço inox 710ml laranja tigerlily 08204-00
[2025-04-15T01:50:15.344+0000] {subprocess.py:106} INFO - [R$ 324,57]
[2025-04-15T01:50:15.347+0000] {subprocess.py:106} INFO - None
[2025-04-15T01:50:15.349+0000] {subprocess.py:106} INFO - Garrafa stanley térmica aerolight fast flow em aço inox 710ml vivid violet 08405-00
[2025-04-15T01:50:15.352+0000] {subprocess.py:106} INFO - [R$ 324,57]
[2025-04-15T01:50:15.354+0000] {subprocess.py:106} INFO - None
[2025-04-15T01:50:15.356+0000] {subprocess.py:106} INFO - Garrafa Térmica Stanley Aerolight Fast Flow 710ml Lilás
[2025-04-15T01:50:15.359+0000] {subprocess.py:106} INFO - [R$ 268,57]
[2025-04-15T01:50:15.361+0000] {subprocess.py:106} INFO - None
[2025-04-15T01:50:15.363+0000] {subprocess.py:106} INFO - Garrafa Térmica Stanley Aerolight Fast Flow Branco Polar 1,1 Litros - STANLEY PMI
[2025-04-15T01:50:15.366+0000] {subprocess.py:106} INFO - [R$ 385,90]
[2025-04-15T01:50:15.368+0000] {subprocess.py:106} INFO - None
[2025-04-15T01:50:15.370+0000] {subprocess.py:106} INFO - Garrafa Térmica Stanley Aerolight Fast Flow Branco Polar 1,1 Litros
[2025-04-15T01:50:15.372+0000] {subprocess.py:106} INFO - [R$ 299,46]
[2025-04-15T01:50:15.374+0000] {subprocess.py:106} INFO - None
[2025-04-15T01:50:15.376+0000] {subprocess.py:106} INFO - Garrafa Térmica Aerolight Stanley Fast Flow 1,1L - Citron
[2025-04-15T01:50:15.377+0000] {subprocess.py:106} INFO - [R$ 315,27]
[2025-04-15T01:50:15.379+0000] {subprocess.py:106} INFO - None
[2025-04-15T01:50:15.381+0000] {subprocess.py:106} INFO - Garrafa Térmica Aerolight Stanley Fast Flow 1,1L - Polar
[2025-04-15T01:50:15.384+0000] {subprocess.py:106} INFO - [R$ 315,27]
[2025-04-15T01:50:15.388+0000] {subprocess.py:106} INFO - None
[2025-04-15T01:50:15.390+0000] {subprocess.py:106} INFO - Garrafa Térmica Stanley Aerolight Fast Flow Citron 710ML
[2025-04-15T01:50:15.393+0000] {subprocess.py:106} INFO - [R$ 272,49]
[2025-04-15T01:50:15.400+0000] {subprocess.py:106} INFO - None
[2025-04-15T01:50:15.408+0000] {subprocess.py:106} INFO - Garrafa Térmica Stanley Aerolight Fast Flow Original Laranja Tigerlily 1,1 L
[2025-04-15T01:50:15.417+0000] {subprocess.py:106} INFO - [R$ 379,00]
[2025-04-15T01:50:15.420+0000] {subprocess.py:106} INFO - 5.0 (1)
[2025-04-15T01:50:15.424+0000] {subprocess.py:106} INFO - Garrafa Térmica Aerolight Laranja Fast Flow Tigerlily 1,1L Stanley
[2025-04-15T01:50:15.427+0000] {subprocess.py:106} INFO - [R$ 344,01]
[2025-04-15T01:50:15.430+0000] {subprocess.py:106} INFO - 5.0 (1)
[2025-04-15T01:50:15.437+0000] {subprocess.py:106} INFO - Garrafa stanley térmica aerolight fast flow em aço inox 710ml lavender 08241-00
[2025-04-15T01:50:15.441+0000] {subprocess.py:106} INFO - [R$ 324,57]
[2025-04-15T01:50:15.443+0000] {subprocess.py:106} INFO - None
[2025-04-15T01:50:15.445+0000] {subprocess.py:106} INFO - Garrafa Térmica Stanley Aerolight Fast Flow 710 ML Azul 0838
[2025-04-15T01:50:15.451+0000] {subprocess.py:106} INFO - [R$ 369,90]
[2025-04-15T01:50:15.453+0000] {subprocess.py:106} INFO - None
[2025-04-15T01:50:15.455+0000] {subprocess.py:106} INFO - Garrafa stanley térmica aerolight fast flow 1,1 litros branco polar 08207-00
[2025-04-15T01:50:15.457+0000] {subprocess.py:106} INFO - [R$ 343,17]
[2025-04-15T01:50:15.459+0000] {subprocess.py:106} INFO - None
[2025-04-15T01:50:15.461+0000] {subprocess.py:106} INFO - Garrafa Térmica Stanley Aerolight Fast Flow 710ml Azul Claro
[2025-04-15T01:50:15.465+0000] {subprocess.py:106} INFO - [R$ 268,57]
[2025-04-15T01:50:15.467+0000] {subprocess.py:106} INFO - None
[2025-04-15T01:50:15.469+0000] {subprocess.py:106} INFO - Garrafa termica stanley aerolight fast flow tigerlily 1,1l cod8208 cx6
[2025-04-15T01:50:15.471+0000] {subprocess.py:106} INFO - [R$ 434,37]
[2025-04-15T01:50:15.474+0000] {subprocess.py:106} INFO - 5.0 (1)
[2025-04-15T01:50:15.476+0000] {subprocess.py:106} INFO - Garrafa Térmica Stanley Aerolight Fast Flow Branco Polar 710
[2025-04-15T01:50:15.478+0000] {subprocess.py:106} INFO - [R$ 361,00]
[2025-04-15T01:50:15.480+0000] {subprocess.py:106} INFO - None
[2025-04-15T01:50:15.482+0000] {subprocess.py:106} INFO - Garrafa stanley térmica aerolight fast flow 1,1 litros laranja tigerlily 08242-00
[2025-04-15T01:50:15.484+0000] {subprocess.py:106} INFO - [R$ 343,17]
[2025-04-15T01:50:15.485+0000] {subprocess.py:106} INFO - 5.0 (1)
[2025-04-15T01:50:15.487+0000] {subprocess.py:106} INFO - Garrafa Térmica Stanley Aerolight Fast Flow 710ml Rosa Claro
[2025-04-15T01:50:15.489+0000] {subprocess.py:106} INFO - [R$ 268,57]
[2025-04-15T01:50:15.492+0000] {subprocess.py:106} INFO - None
[2025-04-15T01:50:15.494+0000] {subprocess.py:106} INFO - Garrafa Térmica Stanley Aerolight Fast Flow 1.1L Verde Água
[2025-04-15T01:50:15.496+0000] {subprocess.py:106} INFO - [R$ 289,23]
[2025-04-15T01:50:15.498+0000] {subprocess.py:106} INFO - None
[2025-04-15T01:50:15.499+0000] {subprocess.py:106} INFO - Garrafa Térmica Stanley Aerolight Fast Flow Branco Polar 1,1 Litros - STANLEY PMI
[2025-04-15T01:50:15.501+0000] {subprocess.py:106} INFO - [R$ 399,00]
[2025-04-15T01:50:15.503+0000] {subprocess.py:106} INFO - None
[2025-04-15T01:50:15.505+0000] {subprocess.py:106} INFO - Garrafa Térmica Stanley IceFlow Aerolight Fast Flow 700ml - Cinza
[2025-04-15T01:50:15.506+0000] {subprocess.py:106} INFO - [R$ 448,45]
[2025-04-15T01:50:15.510+0000] {subprocess.py:106} INFO - None
[2025-04-15T01:50:15.514+0000] {subprocess.py:106} INFO - Garrafa Térmica STanley Aerolight Fast Flow 1,1L
[2025-04-15T01:50:15.517+0000] {subprocess.py:106} INFO - [R$ 368,18]
[2025-04-15T01:50:15.519+0000] {subprocess.py:106} INFO - None
[2025-04-15T01:50:15.521+0000] {subprocess.py:106} INFO - Garrafa Térmica Stanley Aerolight Fast Flow Citron 1,1 Litros - STANLEY PMI
[2025-04-15T01:50:15.525+0000] {subprocess.py:106} INFO - [R$ 359,43]
[2025-04-15T01:50:15.528+0000] {subprocess.py:106} INFO - None
[2025-04-15T01:50:15.530+0000] {subprocess.py:106} INFO - Garrafa Térmica Aerolight Fast Flow 1,1L Polar Stanley
[2025-04-15T01:50:15.532+0000] {subprocess.py:106} INFO - [R$ 379,00]
[2025-04-15T01:50:15.534+0000] {subprocess.py:106} INFO - None
[2025-04-15T01:50:15.536+0000] {subprocess.py:106} INFO - Garrafa Térmica Aerolight Fast Flow Tigerlily 710ml Stanley
[2025-04-15T01:50:15.538+0000] {subprocess.py:106} INFO - [R$ 289,23]
[2025-04-15T01:50:15.540+0000] {subprocess.py:106} INFO - None
[2025-04-15T01:50:15.542+0000] {subprocess.py:106} INFO - Garrafa stanley térmica aerolight fast flow em aço inox 710ml azul tropical teal 08406-00
[2025-04-15T01:50:15.543+0000] {subprocess.py:106} INFO - [R$ 324,57]
[2025-04-15T01:50:15.545+0000] {subprocess.py:106} INFO - None
[2025-04-15T01:50:15.547+0000] {subprocess.py:106} INFO - Garrafa Térmica Stanley Aerolight Fast Flow Matte Black 710ML - STANLEY PMI
[2025-04-15T01:50:15.548+0000] {subprocess.py:106} INFO - [R$ 365,00]
[2025-04-15T01:50:15.550+0000] {subprocess.py:106} INFO - 5.0 (1)
[2025-04-15T01:50:15.552+0000] {subprocess.py:106} INFO - Garrafa stanley térmica aerolight fast flow em aço inox 710ml laranja tigerlily 08204-00
[2025-04-15T01:50:15.554+0000] {subprocess.py:106} INFO - [R$ 324,57]
[2025-04-15T01:50:15.557+0000] {subprocess.py:106} INFO - None
[2025-04-15T01:50:15.559+0000] {subprocess.py:106} INFO - Garrafa stanley térmica aerolight fast flow em aço inox 710ml vivid violet 08405-00
[2025-04-15T01:50:15.561+0000] {subprocess.py:106} INFO - [R$ 324,57]
[2025-04-15T01:50:15.563+0000] {subprocess.py:106} INFO - None
[2025-04-15T01:50:15.565+0000] {subprocess.py:106} INFO - Garrafa Térmica Stanley Aerolight Fast Flow 710ml Lilás
[2025-04-15T01:50:15.567+0000] {subprocess.py:106} INFO - [R$ 268,57]
[2025-04-15T01:50:15.569+0000] {subprocess.py:106} INFO - None
[2025-04-15T01:50:15.571+0000] {subprocess.py:106} INFO - Garrafa Térmica Stanley Aerolight Fast Flow Branco Polar 1,1 Litros - STANLEY PMI
[2025-04-15T01:50:15.573+0000] {subprocess.py:106} INFO - [R$ 385,90]
[2025-04-15T01:50:15.575+0000] {subprocess.py:106} INFO - None
[2025-04-15T01:50:15.580+0000] {subprocess.py:106} INFO - Garrafa Térmica Stanley Aerolight Fast Flow 710 ML Azul 0838
[2025-04-15T01:50:15.582+0000] {subprocess.py:106} INFO - [R$ 369,90]
[2025-04-15T01:50:15.584+0000] {subprocess.py:106} INFO - None
[2025-04-15T01:50:15.587+0000] {subprocess.py:106} INFO - Garrafa stanley térmica aerolight fast flow 1,1 litros branco polar 08207-00
[2025-04-15T01:50:15.592+0000] {subprocess.py:106} INFO - [R$ 343,17]
[2025-04-15T01:50:15.594+0000] {subprocess.py:106} INFO - None
[2025-04-15T01:50:15.596+0000] {subprocess.py:106} INFO - Garrafa Térmica Stanley Aerolight Fast Flow 710ml Azul Claro
[2025-04-15T01:50:15.598+0000] {subprocess.py:106} INFO - [R$ 268,57]
[2025-04-15T01:50:15.600+0000] {subprocess.py:106} INFO - None
[2025-04-15T01:50:15.603+0000] {subprocess.py:106} INFO - Garrafa termica stanley aerolight fast flow tigerlily 1,1l cod8208 cx6
[2025-04-15T01:50:15.605+0000] {subprocess.py:106} INFO - [R$ 434,37]
[2025-04-15T01:50:15.608+0000] {subprocess.py:106} INFO - 5.0 (1)
[2025-04-15T01:50:15.612+0000] {subprocess.py:106} INFO - Garrafa Térmica Stanley Aerolight Fast Flow Branco Polar 710
[2025-04-15T01:50:15.615+0000] {subprocess.py:106} INFO - [R$ 361,00]
[2025-04-15T01:50:15.618+0000] {subprocess.py:106} INFO - None
[2025-04-15T01:50:15.623+0000] {subprocess.py:106} INFO - Garrafa Térmica Stanley IceFlow Aerolight Fast Flow 700ml - Cinza
[2025-04-15T01:50:15.627+0000] {subprocess.py:106} INFO - [R$ 448,45]
[2025-04-15T01:50:15.631+0000] {subprocess.py:106} INFO - None
[2025-04-15T01:50:15.635+0000] {subprocess.py:106} INFO - Garrafa Térmica Stanley Aerolight Fast Flow Citron 1,1 Litros - STANLEY PMI
[2025-04-15T01:50:15.639+0000] {subprocess.py:106} INFO - [R$ 385,90]
[2025-04-15T01:50:15.645+0000] {subprocess.py:106} INFO - None
[2025-04-15T01:50:15.650+0000] {subprocess.py:106} INFO - Garrafa Térmica Stanley Aerolight Fast Flow 710ml Verde Água
[2025-04-15T01:50:15.652+0000] {subprocess.py:106} INFO - [R$ 268,57]
[2025-04-15T01:50:15.657+0000] {subprocess.py:106} INFO - None
[2025-04-15T01:50:15.661+0000] {subprocess.py:106} INFO - Garrafa Térmica Aerolight Fast Flow Stanley 710ML
[2025-04-15T01:50:15.666+0000] {subprocess.py:106} INFO - [R$ 359,91]
[2025-04-15T01:50:15.670+0000] {subprocess.py:106} INFO - None
[2025-04-15T01:50:15.674+0000] {subprocess.py:106} INFO - Garrafa Térmica Aerolight Fast Flow Polar 1,1L Stanley
[2025-04-15T01:50:15.679+0000] {subprocess.py:106} INFO - [R$ 351,23]
[2025-04-15T01:50:15.683+0000] {subprocess.py:106} INFO - None
[2025-04-15T01:50:15.687+0000] {subprocess.py:106} INFO - Garrafa Térmica Stanley Aerolight Fast Flow Citron 710ML - STANLEY PMI
[2025-04-15T01:50:15.692+0000] {subprocess.py:106} INFO - [R$ 419,90]
[2025-04-15T01:50:15.697+0000] {subprocess.py:106} INFO - None
[2025-04-15T01:50:15.703+0000] {subprocess.py:106} INFO - Garrafa Térmica Aerolight Fast Flow Heat Wave Passion Pink 710ML Stanley
[2025-04-15T01:50:15.706+0000] {subprocess.py:106} INFO - [R$ 306,81]
[2025-04-15T01:50:15.710+0000] {subprocess.py:106} INFO - None
[2025-04-15T01:50:15.725+0000] {subprocess.py:106} INFO - Garrafa stanley térmica aerolight fast flow em aço inox 710ml passion pink 08404-00
[2025-04-15T01:50:15.731+0000] {subprocess.py:106} INFO - [R$ 324,57]
[2025-04-15T01:50:15.734+0000] {subprocess.py:106} INFO - None
[2025-04-15T01:50:15.736+0000] {subprocess.py:106} INFO - Garrafa Térmica STanley Aerolight Fast Flow 1,1L
[2025-04-15T01:50:15.739+0000] {subprocess.py:106} INFO - [R$ 368,18]
[2025-04-15T01:50:15.744+0000] {subprocess.py:106} INFO - None
[2025-04-15T01:50:15.747+0000] {subprocess.py:106} INFO - Garrafa Térmica STanley Aerolight Fast Flow 1,1L
[2025-04-15T01:50:15.749+0000] {subprocess.py:106} INFO - [R$ 368,18]
[2025-04-15T01:50:15.751+0000] {subprocess.py:106} INFO - None
[2025-04-15T01:50:15.754+0000] {subprocess.py:106} INFO - Garrafa Térmica Stanley Aerolight Fast Flow Citron 1,1 Litros - STANLEY PMI
[2025-04-15T01:50:15.756+0000] {subprocess.py:106} INFO - [R$ 359,43]
[2025-04-15T01:50:15.759+0000] {subprocess.py:106} INFO - None
[2025-04-15T01:50:15.761+0000] {subprocess.py:106} INFO - Garrafa Térmica Aerolight Fast Flow 1,1L Polar Stanley
[2025-04-15T01:50:15.765+0000] {subprocess.py:106} INFO - [R$ 379,00]
[2025-04-15T01:50:15.767+0000] {subprocess.py:106} INFO - None
[2025-04-15T01:50:15.769+0000] {subprocess.py:106} INFO - Garrafa Térmica Aerolight Fast Flow Tigerlily 710ml Stanley
[2025-04-15T01:50:15.771+0000] {subprocess.py:106} INFO - [R$ 289,23]
[2025-04-15T01:50:15.774+0000] {subprocess.py:106} INFO - None
[2025-04-15T01:50:15.776+0000] {subprocess.py:106} INFO - Garrafa stanley térmica aerolight fast flow em aço inox 710ml azul tropical teal 08406-00
[2025-04-15T01:50:15.778+0000] {subprocess.py:106} INFO - [R$ 324,57]
[2025-04-15T01:50:15.781+0000] {subprocess.py:106} INFO - None
[2025-04-15T01:50:15.783+0000] {subprocess.py:106} INFO - Garrafa Térmica Stanley Aerolight Fast Flow Citron 1,1 Litros - STANLEY PMI
[2025-04-15T01:50:15.785+0000] {subprocess.py:106} INFO - [R$ 385,90]
[2025-04-15T01:50:15.787+0000] {subprocess.py:106} INFO - None
[2025-04-15T01:50:15.789+0000] {subprocess.py:106} INFO - Garrafa Térmica Stanley Aerolight Fast Flow Citron 1,1 Litros - STANLEY PMI
[2025-04-15T01:50:15.792+0000] {subprocess.py:106} INFO - [R$ 371,07]
[2025-04-15T01:50:15.795+0000] {subprocess.py:106} INFO - None
[2025-04-15T01:50:15.799+0000] {subprocess.py:106} INFO - Garrafa stanley térmica aerolight fast flow 710ml matte black 08202-00
[2025-04-15T01:50:15.800+0000] {subprocess.py:106} INFO - [R$ 324,57]
[2025-04-15T01:50:15.803+0000] {subprocess.py:106} INFO - 5.0 (1)
[2025-04-15T01:50:15.805+0000] {subprocess.py:106} INFO - Garrafa Térmica Stanley Aerolight Fast Flow 710ml Verde Limão
[2025-04-15T01:50:15.807+0000] {subprocess.py:106} INFO - [R$ 268,57]
[2025-04-15T01:50:15.810+0000] {subprocess.py:106} INFO - None
[2025-04-15T01:50:15.812+0000] {subprocess.py:106} INFO - Garrafa Térmica Stanley Aerolight Fast Flow Branco Polar 710ML - STANLEY PMI
[2025-04-15T01:50:15.814+0000] {subprocess.py:106} INFO - [R$ 369,90]
[2025-04-15T01:50:15.817+0000] {subprocess.py:106} INFO - None
[2025-04-15T01:50:15.819+0000] {subprocess.py:106} INFO - Garrafa Térmica Aerolight Fast Flow Stanley Citron 710 Ml
[2025-04-15T01:50:15.821+0000] {subprocess.py:106} INFO - [R$ 365,00]
[2025-04-15T01:50:15.824+0000] {subprocess.py:106} INFO - None
[2025-04-15T01:50:15.826+0000] {subprocess.py:106} INFO - Garrafa Térmica Stanley Aerolight Fast Flow Citron 1,1 Litros - STANLEY PMI
[2025-04-15T01:50:15.829+0000] {subprocess.py:106} INFO - [R$ 489,00]
[2025-04-15T01:50:15.834+0000] {subprocess.py:106} INFO - None
[2025-04-15T01:50:15.837+0000] {subprocess.py:106} INFO - Garrafa Térmica Stanley Aerolight Fast Flow 0.7L Verde 08205
[2025-04-15T01:50:15.839+0000] {subprocess.py:106} INFO - [R$ 344,01]
[2025-04-15T01:50:15.841+0000] {subprocess.py:106} INFO - None
[2025-04-15T01:50:15.843+0000] {subprocess.py:106} INFO - Garrafa Térmico Aerolight Fast Flow 710 Ml Citron Stanley
[2025-04-15T01:50:15.844+0000] {subprocess.py:106} INFO - [R$ 329,57]
[2025-04-15T01:50:15.847+0000] {subprocess.py:106} INFO - None
[2025-04-15T01:50:15.849+0000] {subprocess.py:106} INFO - Garrafa Térmica Stanley Aerolight Fast Flow 710ml Verde Água
[2025-04-15T01:50:15.850+0000] {subprocess.py:106} INFO - [R$ 268,57]
[2025-04-15T01:50:15.853+0000] {subprocess.py:106} INFO - None
[2025-04-15T01:50:15.855+0000] {subprocess.py:106} INFO - Garrafa Térmica Aerolight Fast Flow Stanley 710ML
[2025-04-15T01:50:15.857+0000] {subprocess.py:106} INFO - [R$ 359,91]
[2025-04-15T01:50:15.860+0000] {subprocess.py:106} INFO - None
[2025-04-15T01:50:15.862+0000] {subprocess.py:106} INFO - Garrafa Térmica Aerolight Fast Flow Polar 1,1L Stanley
[2025-04-15T01:50:15.864+0000] {subprocess.py:106} INFO - [R$ 351,23]
[2025-04-15T01:50:15.868+0000] {subprocess.py:106} INFO - None
[2025-04-15T01:50:15.869+0000] {subprocess.py:106} INFO - Garrafa Térmica Stanley Aerolight Fast Flow Citron 710ML - STANLEY PMI
[2025-04-15T01:50:15.871+0000] {subprocess.py:106} INFO - [R$ 419,90]
[2025-04-15T01:50:15.873+0000] {subprocess.py:106} INFO - None
[2025-04-15T01:50:15.876+0000] {subprocess.py:106} INFO - Garrafa Térmica Aerolight Fast Flow Heat Wave Passion Pink 710ML Stanley
[2025-04-15T01:50:15.878+0000] {subprocess.py:106} INFO - [R$ 306,81]
[2025-04-15T01:50:15.880+0000] {subprocess.py:106} INFO - None
[2025-04-15T01:50:15.882+0000] {subprocess.py:106} INFO - Garrafa stanley térmica aerolight fast flow em aço inox 710ml passion pink 08404-00
[2025-04-15T01:50:15.884+0000] {subprocess.py:106} INFO - [R$ 324,57]
[2025-04-15T01:50:15.886+0000] {subprocess.py:106} INFO - None
[2025-04-15T01:50:15.888+0000] {subprocess.py:106} INFO - Garrafa Térmica STanley Aerolight Fast Flow 1,1L
[2025-04-15T01:50:15.891+0000] {subprocess.py:106} INFO - [R$ 368,18]
[2025-04-15T01:50:15.893+0000] {subprocess.py:106} INFO - None
[2025-04-15T01:50:15.896+0000] {subprocess.py:106} INFO - Garrafa Térmica Stanley Aerolight Fast Flow Citron 1,1 Litros - STANLEY PMI
[2025-04-15T01:50:15.898+0000] {subprocess.py:106} INFO - [R$ 371,07]
[2025-04-15T01:50:15.900+0000] {subprocess.py:106} INFO - None
[2025-04-15T01:50:15.902+0000] {subprocess.py:106} INFO - Garrafa stanley térmica aerolight fast flow 710ml matte black 08202-00
[2025-04-15T01:50:15.905+0000] {subprocess.py:106} INFO - [R$ 324,57]
[2025-04-15T01:50:15.907+0000] {subprocess.py:106} INFO - 5.0 (1)
[2025-04-15T01:50:15.909+0000] {subprocess.py:106} INFO - Garrafa Térmica Aerolight Fast Flow Polar 1,1L
[2025-04-15T01:50:15.911+0000] {subprocess.py:106} INFO - [R$ 479,99]
[2025-04-15T01:50:15.913+0000] {subprocess.py:106} INFO - None
[2025-04-15T01:50:15.915+0000] {subprocess.py:106} INFO - Garrafa Térmica Stanley Aerolight Fast Flow Lavender 710ML - STANLEY PMI
[2025-04-15T01:50:15.919+0000] {subprocess.py:106} INFO - [R$ 361,77]
[2025-04-15T01:50:15.920+0000] {subprocess.py:106} INFO - None
[2025-04-15T01:50:15.923+0000] {subprocess.py:106} INFO - Garrafa Térmica Stanley Aerolight Fast Flow Tigerlily 710ML - STANLEY PMI
[2025-04-15T01:50:15.925+0000] {subprocess.py:106} INFO - [R$ 365,00]
[2025-04-15T01:50:15.927+0000] {subprocess.py:106} INFO - None
[2025-04-15T01:50:15.931+0000] {subprocess.py:106} INFO - Garrafa Térmica Stanley Aerolight Fast Flow 710ml Verde Limão
[2025-04-15T01:50:15.934+0000] {subprocess.py:106} INFO - [R$ 268,57]
[2025-04-15T01:50:15.936+0000] {subprocess.py:106} INFO - None
[2025-04-15T01:50:15.938+0000] {subprocess.py:106} INFO - Garrafa Térmica Stanley Aerolight Fast Flow Branco Polar 710ML - STANLEY PMI2025-04-15 01:50:14 [scrapy.core.scraper] DEBUG: Scraped from <200 https://www.magazineluiza.com.br/busca/garrafa+stanley+aerolight+fast+flow/?page=1?page=2>
[2025-04-15T01:50:15.940+0000] {subprocess.py:106} INFO - {'title': 'Garrafa Térmica Stanley Aerolight Fast Flow Branco Polar 710ML - STANLEY PMI', 'price': 'R$\xa0369,90', 'review': None, 'store': 'Magazine Luiza'}
[2025-04-15T01:50:15.942+0000] {subprocess.py:106} INFO - 2025-04-15 01:50:14 [scrapy.core.scraper] DEBUG: Scraped from <200 https://www.magazineluiza.com.br/busca/garrafa+stanley+aerolight+fast+flow/?page=1?page=2>
[2025-04-15T01:50:15.944+0000] {subprocess.py:106} INFO - {'title': 'Garrafa Térmica Aerolight Fast Flow Stanley Citron 710 Ml', 'price': 'R$\xa0365,00', 'review': None, 'store': 'Magazine Luiza'}
[2025-04-15T01:50:15.946+0000] {subprocess.py:106} INFO - 2025-04-15 01:50:14 [scrapy.core.scraper] DEBUG: Scraped from <200 https://www.magazineluiza.com.br/busca/garrafa+stanley+aerolight+fast+flow/?page=1?page=2>
[2025-04-15T01:50:15.948+0000] {subprocess.py:106} INFO - {'title': 'Garrafa Térmica Stanley Aerolight Fast Flow Citron 1,1 Litros - STANLEY PMI', 'price': 'R$\xa0489,00', 'review': None, 'store': 'Magazine Luiza'}
[2025-04-15T01:50:15.950+0000] {subprocess.py:106} INFO - 2025-04-15 01:50:14 [scrapy.core.scraper] DEBUG: Scraped from <200 https://www.magazineluiza.com.br/busca/garrafa+stanley+aerolight+fast+flow/?page=1?page=2>
[2025-04-15T01:50:15.952+0000] {subprocess.py:106} INFO - {'title': 'Garrafa Térmica Stanley Aerolight Fast Flow 0.7L Verde 08205', 'price': 'R$\xa0344,01', 'review': None, 'store': 'Magazine Luiza'}
[2025-04-15T01:50:15.954+0000] {subprocess.py:106} INFO - 2025-04-15 01:50:14 [scrapy.core.scraper] DEBUG: Scraped from <200 https://www.magazineluiza.com.br/busca/garrafa+stanley+aerolight+fast+flow/?page=1?page=2>
[2025-04-15T01:50:15.956+0000] {subprocess.py:106} INFO - {'title': 'Garrafa Térmico Aerolight Fast Flow 710 Ml Citron Stanley', 'price': 'R$\xa0329,57', 'review': None, 'store': 'Magazine Luiza'}
[2025-04-15T01:50:15.959+0000] {subprocess.py:106} INFO - 2025-04-15 01:50:14 [scrapy.core.scraper] DEBUG: Scraped from <200 https://www.magazineluiza.com.br/busca/garrafa+stanley+aerolight+fast+flow/?page=1?page=2>
[2025-04-15T01:50:15.961+0000] {subprocess.py:106} INFO - {'title': 'Garrafa Térmica Aerolight Fast Flow Polar 1,1L', 'price': 'R$\xa0479,99', 'review': None, 'store': 'Magazine Luiza'}
[2025-04-15T01:50:15.963+0000] {subprocess.py:106} INFO - 2025-04-15 01:50:14 [scrapy.core.scraper] DEBUG: Scraped from <200 https://www.magazineluiza.com.br/busca/garrafa+stanley+aerolight+fast+flow/?page=1?page=2>
[2025-04-15T01:50:15.966+0000] {subprocess.py:106} INFO - {'title': 'Garrafa Térmica Stanley Aerolight Fast Flow Lavender 710ML - STANLEY PMI', 'price': 'R$\xa0361,77', 'review': None, 'store': 'Magazine Luiza'}
[2025-04-15T01:50:15.968+0000] {subprocess.py:106} INFO - 2025-04-15 01:50:14 [scrapy.core.scraper] DEBUG: Scraped from <200 https://www.magazineluiza.com.br/busca/garrafa+stanley+aerolight+fast+flow/?page=1?page=2>
[2025-04-15T01:50:15.970+0000] {subprocess.py:106} INFO - {'title': 'Garrafa Térmica Stanley Aerolight Fast Flow Tigerlily 710ML - STANLEY PMI', 'price': 'R$\xa0365,00', 'review': None, 'store': 'Magazine Luiza'}
[2025-04-15T01:50:15.973+0000] {subprocess.py:106} INFO - 2025-04-15 01:50:14 [scrapy.core.engine] INFO: Closing spider (finished)
[2025-04-15T01:50:15.976+0000] {subprocess.py:106} INFO - 2025-04-15 01:50:14 [scrapy.extensions.feedexport] INFO: Stored csv feed (110 items) in: /opt/***/dags/scrap_result.csv
[2025-04-15T01:50:15.978+0000] {subprocess.py:106} INFO - 2025-04-15 01:50:14 [scrapy.statscollectors] INFO: Dumping Scrapy stats:
[2025-04-15T01:50:15.980+0000] {subprocess.py:106} INFO - {'downloader/request_bytes': 2450,
[2025-04-15T01:50:15.983+0000] {subprocess.py:106} INFO -  'downloader/request_count': 3,
[2025-04-15T01:50:15.984+0000] {subprocess.py:106} INFO -  'downloader/request_method_count/GET': 3,
[2025-04-15T01:50:15.987+0000] {subprocess.py:106} INFO -  'downloader/response_bytes': 283825,
[2025-04-15T01:50:15.989+0000] {subprocess.py:106} INFO -  'downloader/response_count': 3,
[2025-04-15T01:50:15.991+0000] {subprocess.py:106} INFO -  'downloader/response_status_count/200': 3,
[2025-04-15T01:50:15.994+0000] {subprocess.py:106} INFO -  'elapsed_time_seconds': 4.909796,
[2025-04-15T01:50:15.996+0000] {subprocess.py:106} INFO -  'feedexport/success_count/FileFeedStorage': 1,
[2025-04-15T01:50:15.998+0000] {subprocess.py:106} INFO -  'finish_reason': 'finished',
[2025-04-15T01:50:16.000+0000] {subprocess.py:106} INFO -  'finish_time': datetime.datetime(2025, 4, 15, 1, 50, 14, 851561, tzinfo=datetime.timezone.utc),
[2025-04-15T01:50:16.002+0000] {subprocess.py:106} INFO -  'httpcompression/response_bytes': 2089157,
[2025-04-15T01:50:16.004+0000] {subprocess.py:106} INFO -  'httpcompression/response_count': 3,
[2025-04-15T01:50:16.006+0000] {subprocess.py:106} INFO -  'item_scraped_count': 110,
[2025-04-15T01:50:16.008+0000] {subprocess.py:106} INFO -  'items_per_minute': None,
[2025-04-15T01:50:16.010+0000] {subprocess.py:106} INFO -  'log_count/DEBUG': 114,
[2025-04-15T01:50:16.012+0000] {subprocess.py:106} INFO -  'log_count/INFO': 11,
[2025-04-15T01:50:16.014+0000] {subprocess.py:106} INFO -  'memusage/max': 218816512,
[2025-04-15T01:50:16.016+0000] {subprocess.py:106} INFO -  'memusage/startup': 218816512,
[2025-04-15T01:50:16.018+0000] {subprocess.py:106} INFO -  'request_depth_max': 1,
[2025-04-15T01:50:16.021+0000] {subprocess.py:106} INFO -  'response_received_count': 3,
[2025-04-15T01:50:16.023+0000] {subprocess.py:106} INFO -  'responses_per_minute': None,
[2025-04-15T01:50:16.025+0000] {subprocess.py:106} INFO -  'scheduler/dequeued': 3,
[2025-04-15T01:50:16.027+0000] {subprocess.py:106} INFO -  'scheduler/dequeued/memory': 3,
[2025-04-15T01:50:16.031+0000] {subprocess.py:106} INFO -  'scheduler/enqueued': 3,
[2025-04-15T01:50:16.033+0000] {subprocess.py:106} INFO -  'scheduler/enqueued/memory': 3,
[2025-04-15T01:50:16.036+0000] {subprocess.py:106} INFO -  'start_time': datetime.datetime(2025, 4, 15, 1, 50, 9, 941765, tzinfo=datetime.timezone.utc)}
[2025-04-15T01:50:16.038+0000] {subprocess.py:106} INFO - 2025-04-15 01:50:14 [scrapy.core.engine] INFO: Spider closed (finished)
[2025-04-15T01:50:16.040+0000] {subprocess.py:106} INFO - 
[2025-04-15T01:50:16.042+0000] {subprocess.py:106} INFO - [R$ 369,90]
[2025-04-15T01:50:16.043+0000] {subprocess.py:106} INFO - None
[2025-04-15T01:50:16.045+0000] {subprocess.py:106} INFO - Garrafa Térmica Aerolight Fast Flow Stanley Citron 710 Ml
[2025-04-15T01:50:16.047+0000] {subprocess.py:106} INFO - [R$ 365,00]
[2025-04-15T01:50:16.049+0000] {subprocess.py:106} INFO - None
[2025-04-15T01:50:16.051+0000] {subprocess.py:106} INFO - Garrafa Térmica Stanley Aerolight Fast Flow Citron 1,1 Litros - STANLEY PMI
[2025-04-15T01:50:16.053+0000] {subprocess.py:106} INFO - [R$ 489,00]
[2025-04-15T01:50:16.055+0000] {subprocess.py:106} INFO - None
[2025-04-15T01:50:16.057+0000] {subprocess.py:106} INFO - Garrafa Térmica Stanley Aerolight Fast Flow 0.7L Verde 08205
[2025-04-15T01:50:16.059+0000] {subprocess.py:106} INFO - [R$ 344,01]
[2025-04-15T01:50:16.061+0000] {subprocess.py:106} INFO - None
[2025-04-15T01:50:16.064+0000] {subprocess.py:106} INFO - Garrafa Térmico Aerolight Fast Flow 710 Ml Citron Stanley
[2025-04-15T01:50:16.071+0000] {subprocess.py:106} INFO - [R$ 329,57]
[2025-04-15T01:50:16.076+0000] {subprocess.py:106} INFO - None
[2025-04-15T01:50:16.088+0000] {subprocess.py:106} INFO - Garrafa Térmica Aerolight Fast Flow Polar 1,1L
[2025-04-15T01:50:16.091+0000] {subprocess.py:106} INFO - [R$ 479,99]
[2025-04-15T01:50:16.093+0000] {subprocess.py:106} INFO - None
[2025-04-15T01:50:16.096+0000] {subprocess.py:106} INFO - Garrafa Térmica Stanley Aerolight Fast Flow Lavender 710ML - STANLEY PMI
[2025-04-15T01:50:16.098+0000] {subprocess.py:106} INFO - [R$ 361,77]
[2025-04-15T01:50:16.101+0000] {subprocess.py:106} INFO - None
[2025-04-15T01:50:16.114+0000] {subprocess.py:106} INFO - Garrafa Térmica Stanley Aerolight Fast Flow Tigerlily 710ML - STANLEY PMI
[2025-04-15T01:50:16.116+0000] {subprocess.py:106} INFO - [R$ 365,00]
[2025-04-15T01:50:16.118+0000] {subprocess.py:106} INFO - None
[2025-04-15T01:50:16.120+0000] {subprocess.py:110} INFO - Command exited with return code 0
[2025-04-15T01:50:16.257+0000] {taskinstance.py:341} INFO - ::group::Post task execution logs
[2025-04-15T01:50:16.260+0000] {taskinstance.py:353} INFO - Marking task as SUCCESS. dag_id=pipeline_garrafa_stanley, task_id=scrap_magalu, run_id=manual__2025-04-15T01:50:03.037922+00:00, execution_date=20250415T015003, start_date=20250415T015006, end_date=20250415T015016
[2025-04-15T01:50:16.423+0000] {local_task_job_runner.py:266} INFO - Task exited with return code 0
[2025-04-15T01:50:16.574+0000] {taskinstance.py:3901} INFO - 1 downstream tasks scheduled from follow-on schedule check
[2025-04-15T01:50:16.582+0000] {local_task_job_runner.py:245} INFO - ::endgroup::
