[2025-04-15T00:03:39.266+0000] {local_task_job_runner.py:123} INFO - ::group::Pre task execution logs
[2025-04-15T00:03:39.355+0000] {taskinstance.py:2614} INFO - Dependencies all met for dep_context=non-requeueable deps ti=<TaskInstance: pipeline_garrafa_stanley.scrap_magalu manual__2025-04-15T00:03:36.030450+00:00 [queued]>
[2025-04-15T00:03:39.385+0000] {taskinstance.py:2614} INFO - Dependencies all met for dep_context=requeueable deps ti=<TaskInstance: pipeline_garrafa_stanley.scrap_magalu manual__2025-04-15T00:03:36.030450+00:00 [queued]>
[2025-04-15T00:03:39.389+0000] {taskinstance.py:2867} INFO - Starting attempt 1 of 1
[2025-04-15T00:03:39.423+0000] {taskinstance.py:2890} INFO - Executing <Task(BashOperator): scrap_magalu> on 2025-04-15 00:03:36.030450+00:00
[2025-04-15T00:03:39.440+0000] {warnings.py:112} WARNING - /home/***/.local/lib/python3.12/site-packages/***/task/task_runner/standard_task_runner.py:70: DeprecationWarning: This process (pid=3433) is multi-threaded, use of fork() may lead to deadlocks in the child.
  pid = os.fork()

[2025-04-15T00:03:39.447+0000] {standard_task_runner.py:72} INFO - Started process 3435 to run task
[2025-04-15T00:03:39.444+0000] {standard_task_runner.py:104} INFO - Running: ['***', 'tasks', 'run', 'pipeline_garrafa_stanley', 'scrap_magalu', 'manual__2025-04-15T00:03:36.030450+00:00', '--job-id', '126', '--raw', '--subdir', 'DAGS_FOLDER/pipeline.py', '--cfg-path', '/tmp/tmpwmq8hyit']
[2025-04-15T00:03:39.479+0000] {standard_task_runner.py:105} INFO - Job 126: Subtask scrap_magalu
[2025-04-15T00:03:39.660+0000] {task_command.py:467} INFO - Running <TaskInstance: pipeline_garrafa_stanley.scrap_magalu manual__2025-04-15T00:03:36.030450+00:00 [running]> on host a68e7f38875d
[2025-04-15T00:03:40.004+0000] {taskinstance.py:3134} INFO - Exporting env vars: AIRFLOW_CTX_DAG_OWNER='Mário Kojima' AIRFLOW_CTX_DAG_ID='pipeline_garrafa_stanley' AIRFLOW_CTX_TASK_ID='scrap_magalu' AIRFLOW_CTX_EXECUTION_DATE='2025-04-15T00:03:36.030450+00:00' AIRFLOW_CTX_TRY_NUMBER='1' AIRFLOW_CTX_DAG_RUN_ID='manual__2025-04-15T00:03:36.030450+00:00'
[2025-04-15T00:03:40.008+0000] {taskinstance.py:732} INFO - ::endgroup::
[2025-04-15T00:03:40.048+0000] {subprocess.py:78} INFO - Tmp dir root location: /tmp
[2025-04-15T00:03:40.051+0000] {subprocess.py:88} INFO - Running command: ['/usr/bin/bash', '-c', 'scrapy runspider /opt/***/dags/scrap_magalu.py -O /opt/***/dags/scrap_result.csv']
[2025-04-15T00:03:40.078+0000] {subprocess.py:99} INFO - Output:
[2025-04-15T00:03:42.376+0000] {subprocess.py:106} INFO - 2025-04-15 00:03:42 [scrapy.utils.log] INFO: Scrapy 2.12.0 started (bot: scrapybot)
[2025-04-15T00:03:42.387+0000] {subprocess.py:106} INFO - 2025-04-15 00:03:42 [scrapy.utils.log] INFO: Versions: lxml 5.3.0.0, libxml2 2.12.9, cssselect 1.3.0, parsel 1.10.0, w3lib 2.3.1, Twisted 24.11.0, Python 3.12.9 (main, Feb  6 2025, 22:37:05) [GCC 12.2.0], pyOpenSSL 24.3.0 (OpenSSL 3.2.2 4 Jun 2024), cryptography 42.0.8, Platform Linux-5.10.76-linuxkit-x86_64-with-glibc2.36
[2025-04-15T00:03:42.395+0000] {subprocess.py:106} INFO - 2025-04-15 00:03:42 [scrapy.addons] INFO: Enabled addons:
[2025-04-15T00:03:42.398+0000] {subprocess.py:106} INFO - []
[2025-04-15T00:03:42.400+0000] {subprocess.py:106} INFO - 2025-04-15 00:03:42 [scrapy.utils.log] DEBUG: Using reactor: twisted.internet.epollreactor.EPollReactor
[2025-04-15T00:03:42.403+0000] {subprocess.py:106} INFO - 2025-04-15 00:03:42 [scrapy.extensions.telnet] INFO: Telnet Password: 8e14fd87c9f71d12
[2025-04-15T00:03:42.497+0000] {subprocess.py:106} INFO - 2025-04-15 00:03:42 [scrapy.middleware] INFO: Enabled extensions:
[2025-04-15T00:03:42.499+0000] {subprocess.py:106} INFO - ['scrapy.extensions.corestats.CoreStats',
[2025-04-15T00:03:42.501+0000] {subprocess.py:106} INFO -  'scrapy.extensions.telnet.TelnetConsole',
[2025-04-15T00:03:42.502+0000] {subprocess.py:106} INFO -  'scrapy.extensions.memusage.MemoryUsage',
[2025-04-15T00:03:42.504+0000] {subprocess.py:106} INFO -  'scrapy.extensions.feedexport.FeedExporter',
[2025-04-15T00:03:42.506+0000] {subprocess.py:106} INFO -  'scrapy.extensions.logstats.LogStats']
[2025-04-15T00:03:42.509+0000] {subprocess.py:106} INFO - 2025-04-15 00:03:42 [scrapy.crawler] INFO: Overridden settings:
[2025-04-15T00:03:42.512+0000] {subprocess.py:106} INFO - {'SPIDER_LOADER_WARN_ONLY': True,
[2025-04-15T00:03:42.513+0000] {subprocess.py:106} INFO -  'USER_AGENT': 'Mozilla/5.0 (X11; Linux x86_64) AppleWebKit/537.36 (KHTML, '
[2025-04-15T00:03:42.515+0000] {subprocess.py:106} INFO -                'like Gecko) Chrome/51.0.2704.103 Safari/537.36'}
[2025-04-15T00:03:42.815+0000] {subprocess.py:106} INFO - 2025-04-15 00:03:42 [scrapy.middleware] INFO: Enabled downloader middlewares:
[2025-04-15T00:03:42.817+0000] {subprocess.py:106} INFO - ['scrapy.downloadermiddlewares.offsite.OffsiteMiddleware',
[2025-04-15T00:03:42.819+0000] {subprocess.py:106} INFO -  'scrapy.downloadermiddlewares.httpauth.HttpAuthMiddleware',
[2025-04-15T00:03:42.822+0000] {subprocess.py:106} INFO -  'scrapy.downloadermiddlewares.downloadtimeout.DownloadTimeoutMiddleware',
[2025-04-15T00:03:42.825+0000] {subprocess.py:106} INFO -  'scrapy.downloadermiddlewares.defaultheaders.DefaultHeadersMiddleware',
[2025-04-15T00:03:42.828+0000] {subprocess.py:106} INFO -  'scrapy.downloadermiddlewares.useragent.UserAgentMiddleware',
[2025-04-15T00:03:42.831+0000] {subprocess.py:106} INFO -  'scrapy.downloadermiddlewares.retry.RetryMiddleware',
[2025-04-15T00:03:42.834+0000] {subprocess.py:106} INFO -  'scrapy.downloadermiddlewares.redirect.MetaRefreshMiddleware',
[2025-04-15T00:03:42.836+0000] {subprocess.py:106} INFO -  'scrapy.downloadermiddlewares.httpcompression.HttpCompressionMiddleware',
[2025-04-15T00:03:42.839+0000] {subprocess.py:106} INFO -  'scrapy.downloadermiddlewares.redirect.RedirectMiddleware',
[2025-04-15T00:03:42.841+0000] {subprocess.py:106} INFO -  'scrapy.downloadermiddlewares.cookies.CookiesMiddleware',
[2025-04-15T00:03:42.844+0000] {subprocess.py:106} INFO -  'scrapy.downloadermiddlewares.httpproxy.HttpProxyMiddleware',
[2025-04-15T00:03:42.847+0000] {subprocess.py:106} INFO -  'scrapy.downloadermiddlewares.stats.DownloaderStats']
[2025-04-15T00:03:42.850+0000] {subprocess.py:106} INFO - 2025-04-15 00:03:42 [scrapy.middleware] INFO: Enabled spider middlewares:
[2025-04-15T00:03:42.852+0000] {subprocess.py:106} INFO - ['scrapy.spidermiddlewares.httperror.HttpErrorMiddleware',
[2025-04-15T00:03:42.854+0000] {subprocess.py:106} INFO -  'scrapy.spidermiddlewares.referer.RefererMiddleware',
[2025-04-15T00:03:42.857+0000] {subprocess.py:106} INFO -  'scrapy.spidermiddlewares.urllength.UrlLengthMiddleware',
[2025-04-15T00:03:42.859+0000] {subprocess.py:106} INFO -  'scrapy.spidermiddlewares.depth.DepthMiddleware']
[2025-04-15T00:03:42.862+0000] {subprocess.py:106} INFO - 2025-04-15 00:03:42 [scrapy.middleware] INFO: Enabled item pipelines:
[2025-04-15T00:03:42.865+0000] {subprocess.py:106} INFO - []
[2025-04-15T00:03:42.871+0000] {subprocess.py:106} INFO - 2025-04-15 00:03:42 [scrapy.core.engine] INFO: Spider opened
[2025-04-15T00:03:42.874+0000] {subprocess.py:106} INFO - 2025-04-15 00:03:42 [scrapy.extensions.logstats] INFO: Crawled 0 pages (at 0 pages/min), scraped 0 items (at 0 items/min)
[2025-04-15T00:03:42.877+0000] {subprocess.py:106} INFO - 2025-04-15 00:03:42 [scrapy.extensions.telnet] INFO: Telnet console listening on 127.0.0.1:6023
[2025-04-15T00:03:44.482+0000] {subprocess.py:106} INFO - 2025-04-15 00:03:44 [scrapy.core.engine] DEBUG: Crawled (200) <GET https://www.magazineluiza.com.br/busca/garrafa+stanley+aerolight+fast+flow/?page=1> (referer: None)
[2025-04-15T00:03:46.224+0000] {subprocess.py:106} INFO - 2025-04-15 00:03:46 [scrapy.core.engine] DEBUG: Crawled (200) <GET https://www.magazineluiza.com.br/busca/garrafa+stanley+aerolight+fast+flow/?page=1?page=2> (referer: https://www.magazineluiza.com.br/busca/garrafa+stanley+aerolight+fast+flow/?page=1)
[2025-04-15T00:03:46.373+0000] {subprocess.py:106} INFO - 2025-04-15 00:03:46 [scrapy.core.scraper] DEBUG: Scraped from <200 https://www.magazineluiza.com.br/busca/garrafa+stanley+aerolight+fast+flow/?page=1?page=2>
[2025-04-15T00:03:46.378+0000] {subprocess.py:106} INFO - {'title': 'GARRAFA STANLEY AEROLIGHT FAST FLOW 1.1Lt ORIGINAL TODAS AS CORES', 'price': 'R$\xa0332,00', 'review': '4.2 (6)', 'store': 'Magazine Luiza'}
[2025-04-15T00:03:46.385+0000] {subprocess.py:106} INFO - 2025-04-15 00:03:46 [scrapy.core.scraper] DEBUG: Scraped from <200 https://www.magazineluiza.com.br/busca/garrafa+stanley+aerolight+fast+flow/?page=1?page=2>
[2025-04-15T00:03:46.389+0000] {subprocess.py:106} INFO - {'title': 'Garrafa stanley aerolight fast flow 710ml original todas as cores', 'price': 'R$\xa0304,10', 'review': '5.0 (1)', 'store': 'Magazine Luiza'}
[2025-04-15T00:03:46.394+0000] {subprocess.py:106} INFO - 2025-04-15 00:03:46 [scrapy.core.scraper] DEBUG: Scraped from <200 https://www.magazineluiza.com.br/busca/garrafa+stanley+aerolight+fast+flow/?page=1?page=2>
[2025-04-15T00:03:46.398+0000] {subprocess.py:106} INFO - {'title': 'Garrafa Térmica Aerolight Stanley Fast Flow 710ml - Matte Black', 'price': 'R$\xa0287,37', 'review': '5.0 (1)', 'store': 'Magazine Luiza'}
[2025-04-15T00:03:46.401+0000] {subprocess.py:106} INFO - 2025-04-15 00:03:46 [scrapy.core.scraper] DEBUG: Scraped from <200 https://www.magazineluiza.com.br/busca/garrafa+stanley+aerolight+fast+flow/?page=1?page=2>
[2025-04-15T00:03:46.405+0000] {subprocess.py:106} INFO - {'title': 'Garrafa Térmica Stanley Aerolight Fast Flow Lavender 710ML - STANLEY PMI', 'price': 'R$\xa0289,97', 'review': None, 'store': 'Magazine Luiza'}
[2025-04-15T00:03:46.408+0000] {subprocess.py:106} INFO - 2025-04-15 00:03:46 [scrapy.core.scraper] DEBUG: Scraped from <200 https://www.magazineluiza.com.br/busca/garrafa+stanley+aerolight+fast+flow/?page=1?page=2>
[2025-04-15T00:03:46.413+0000] {subprocess.py:106} INFO - {'title': 'Stanley Garrafa Térmica Aerolight Original Fast Flow Branco Polar 710ml', 'price': 'R$\xa0332,10', 'review': None, 'store': 'Magazine Luiza'}
[2025-04-15T00:03:46.419+0000] {subprocess.py:106} INFO - 2025-04-15 00:03:46 [scrapy.core.scraper] DEBUG: Scraped from <200 https://www.magazineluiza.com.br/busca/garrafa+stanley+aerolight+fast+flow/?page=1?page=2>
[2025-04-15T00:03:46.424+0000] {subprocess.py:106} INFO - {'title': 'Garrafa Térmica Aerolight Stanley Fast Flow 1,1L - Tigerlily', 'price': 'R$\xa0315,27', 'review': '5.0 (1)', 'store': 'Magazine Luiza'}
[2025-04-15T00:03:46.428+0000] {subprocess.py:106} INFO - 2025-04-15 00:03:46 [scrapy.core.scraper] DEBUG: Scraped from <200 https://www.magazineluiza.com.br/busca/garrafa+stanley+aerolight+fast+flow/?page=1?page=2>
[2025-04-15T00:03:46.433+0000] {subprocess.py:106} INFO - {'title': 'Garrafa Térmica Stanley Aerolight Fast Flow 1.1L Pink', 'price': 'R$\xa0289,23', 'review': None, 'store': 'Magazine Luiza'}
[2025-04-15T00:03:46.437+0000] {subprocess.py:106} INFO - 2025-04-15 00:03:46 [scrapy.core.scraper] DEBUG: Scraped from <200 https://www.magazineluiza.com.br/busca/garrafa+stanley+aerolight+fast+flow/?page=1?page=2>
[2025-04-15T00:03:46.441+0000] {subprocess.py:106} INFO - {'title': 'Garrafa Térmica Aerolight Fast Flow Matte Black 1,1L Stanley', 'price': 'R$\xa0351,23', 'review': '4.2 (6)', 'store': 'Magazine Luiza'}
[2025-04-15T00:03:46.444+0000] {subprocess.py:106} INFO - 2025-04-15 00:03:46 [scrapy.core.scraper] DEBUG: Scraped from <200 https://www.magazineluiza.com.br/busca/garrafa+stanley+aerolight+fast+flow/?page=1?page=2>
[2025-04-15T00:03:46.448+0000] {subprocess.py:106} INFO - {'title': 'Garrafa Térmica Stanley Aerolight Fast Flow Matte Black 710ML', 'price': 'R$\xa0272,49', 'review': '5.0 (1)', 'store': 'Magazine Luiza'}
[2025-04-15T00:03:46.453+0000] {subprocess.py:106} INFO - 2025-04-15 00:03:46 [scrapy.core.scraper] DEBUG: Scraped from <200 https://www.magazineluiza.com.br/busca/garrafa+stanley+aerolight+fast+flow/?page=1?page=2>
[2025-04-15T00:03:46.456+0000] {subprocess.py:106} INFO - {'title': 'Garrafa Térmica Aerolight Stanley Fast Flow 710ml - Lavender', 'price': 'R$\xa0287,37', 'review': None, 'store': 'Magazine Luiza'}
[2025-04-15T00:03:46.458+0000] {subprocess.py:106} INFO - 2025-04-15 00:03:46 [scrapy.core.scraper] DEBUG: Scraped from <200 https://www.magazineluiza.com.br/busca/garrafa+stanley+aerolight+fast+flow/?page=1?page=2>
[2025-04-15T00:03:46.461+0000] {subprocess.py:106} INFO - {'title': 'Garrafa Térmica Stanley Aerolight Fast Flow Branco Polar 1,1 Litros', 'price': 'R$\xa0299,46', 'review': None, 'store': 'Magazine Luiza'}
[2025-04-15T00:03:46.463+0000] {subprocess.py:106} INFO - 2025-04-15 00:03:46 [scrapy.core.scraper] DEBUG: Scraped from <200 https://www.magazineluiza.com.br/busca/garrafa+stanley+aerolight+fast+flow/?page=1?page=2>
[2025-04-15T00:03:46.466+0000] {subprocess.py:106} INFO - {'title': 'Garrafa Térmica Aerolight Stanley Fast Flow 1,1L - Citron', 'price': 'R$\xa0315,27', 'review': None, 'store': 'Magazine Luiza'}
[2025-04-15T00:03:46.469+0000] {subprocess.py:106} INFO - 2025-04-15 00:03:46 [scrapy.core.scraper] DEBUG: Scraped from <200 https://www.magazineluiza.com.br/busca/garrafa+stanley+aerolight+fast+flow/?page=1?page=2>
[2025-04-15T00:03:46.471+0000] {subprocess.py:106} INFO - {'title': 'Garrafa Térmica Aerolight Stanley Fast Flow 1,1L - Polar', 'price': 'R$\xa0315,27', 'review': None, 'store': 'Magazine Luiza'}
[2025-04-15T00:03:46.473+0000] {subprocess.py:106} INFO - 2025-04-15 00:03:46 [scrapy.core.scraper] DEBUG: Scraped from <200 https://www.magazineluiza.com.br/busca/garrafa+stanley+aerolight+fast+flow/?page=1?page=2>
[2025-04-15T00:03:46.476+0000] {subprocess.py:106} INFO - {'title': 'Garrafa Térmica Stanley Aerolight Fast Flow Citron 710ML', 'price': 'R$\xa0272,49', 'review': None, 'store': 'Magazine Luiza'}
[2025-04-15T00:03:46.478+0000] {subprocess.py:106} INFO - 2025-04-15 00:03:46 [scrapy.core.scraper] DEBUG: Scraped from <200 https://www.magazineluiza.com.br/busca/garrafa+stanley+aerolight+fast+flow/?page=1?page=2>
[2025-04-15T00:03:46.480+0000] {subprocess.py:106} INFO - {'title': 'Garrafa Térmica Stanley Aerolight Fast Flow Original Laranja Tigerlily 1,1 L', 'price': 'R$\xa0379,00', 'review': '5.0 (1)', 'store': 'Magazine Luiza'}
[2025-04-15T00:03:46.482+0000] {subprocess.py:106} INFO - 2025-04-15 00:03:46 [scrapy.core.engine] DEBUG: Crawled (200) <GET https://www.magazineluiza.com.br/busca/garrafa+stanley+aerolight+fast+flow/?page=1?page=1> (referer: https://www.magazineluiza.com.br/busca/garrafa+stanley+aerolight+fast+flow/?page=1)
[2025-04-15T00:03:46.485+0000] {subprocess.py:106} INFO - 2025-04-15 00:03:46 [scrapy.core.scraper] DEBUG: Scraped from <200 https://www.magazineluiza.com.br/busca/garrafa+stanley+aerolight+fast+flow/?page=1?page=2>
[2025-04-15T00:03:46.487+0000] {subprocess.py:106} INFO - {'title': 'Garrafa Térmica Aerolight Laranja Fast Flow Tigerlily 1,1L Stanley', 'price': 'R$\xa0344,01', 'review': '5.0 (1)', 'store': 'Magazine Luiza'}
[2025-04-15T00:03:46.493+0000] {subprocess.py:106} INFO - 2025-04-15 00:03:46 [scrapy.core.scraper] DEBUG: Scraped from <200 https://www.magazineluiza.com.br/busca/garrafa+stanley+aerolight+fast+flow/?page=1?page=2>
[2025-04-15T00:03:46.497+0000] {subprocess.py:106} INFO - {'title': 'Garrafa stanley térmica aerolight fast flow em aço inox 710ml lavender 08241-00', 'price': 'R$\xa0324,57', 'review': None, 'store': 'Magazine Luiza'}
[2025-04-15T00:03:46.500+0000] {subprocess.py:106} INFO - 2025-04-15 00:03:46 [scrapy.core.scraper] DEBUG: Scraped from <200 https://www.magazineluiza.com.br/busca/garrafa+stanley+aerolight+fast+flow/?page=1?page=2>
[2025-04-15T00:03:46.503+0000] {subprocess.py:106} INFO - {'title': 'Garrafa stanley térmica aerolight fast flow 1,1 litros laranja tigerlily 08242-00', 'price': 'R$\xa0343,17', 'review': '5.0 (1)', 'store': 'Magazine Luiza'}
[2025-04-15T00:03:46.506+0000] {subprocess.py:106} INFO - 2025-04-15 00:03:46 [scrapy.core.scraper] DEBUG: Scraped from <200 https://www.magazineluiza.com.br/busca/garrafa+stanley+aerolight+fast+flow/?page=1?page=2>
[2025-04-15T00:03:46.508+0000] {subprocess.py:106} INFO - {'title': 'Garrafa Térmica Stanley Aerolight Fast Flow 710ml Rosa Claro', 'price': 'R$\xa0268,57', 'review': None, 'store': 'Magazine Luiza'}
[2025-04-15T00:03:46.511+0000] {subprocess.py:106} INFO - 2025-04-15 00:03:46 [scrapy.core.scraper] DEBUG: Scraped from <200 https://www.magazineluiza.com.br/busca/garrafa+stanley+aerolight+fast+flow/?page=1?page=2>
[2025-04-15T00:03:46.516+0000] {subprocess.py:106} INFO - {'title': 'Garrafa Térmica Stanley Aerolight Fast Flow 1.1L Verde Água', 'price': 'R$\xa0289,23', 'review': None, 'store': 'Magazine Luiza'}
[2025-04-15T00:03:46.519+0000] {subprocess.py:106} INFO - 2025-04-15 00:03:46 [scrapy.core.scraper] DEBUG: Scraped from <200 https://www.magazineluiza.com.br/busca/garrafa+stanley+aerolight+fast+flow/?page=1?page=2>
[2025-04-15T00:03:46.521+0000] {subprocess.py:106} INFO - {'title': 'Garrafa Térmica Stanley Aerolight Fast Flow Branco Polar 1,1 Litros - STANLEY PMI', 'price': 'R$\xa0399,00', 'review': None, 'store': 'Magazine Luiza'}
[2025-04-15T00:03:46.525+0000] {subprocess.py:106} INFO - 2025-04-15 00:03:46 [scrapy.core.scraper] DEBUG: Scraped from <200 https://www.magazineluiza.com.br/busca/garrafa+stanley+aerolight+fast+flow/?page=1?page=2>
[2025-04-15T00:03:46.527+0000] {subprocess.py:106} INFO - {'title': 'Garrafa Térmica Stanley Aerolight Fast Flow Matte Black 710ML - STANLEY PMI', 'price': 'R$\xa0365,00', 'review': '5.0 (1)', 'store': 'Magazine Luiza'}
[2025-04-15T00:03:46.530+0000] {subprocess.py:106} INFO - 2025-04-15 00:03:46 [scrapy.core.scraper] DEBUG: Scraped from <200 https://www.magazineluiza.com.br/busca/garrafa+stanley+aerolight+fast+flow/?page=1?page=2>
[2025-04-15T00:03:46.535+0000] {subprocess.py:106} INFO - {'title': 'Garrafa stanley térmica aerolight fast flow em aço inox 710ml laranja tigerlily 08204-00', 'price': 'R$\xa0324,57', 'review': None, 'store': 'Magazine Luiza'}
[2025-04-15T00:03:46.538+0000] {subprocess.py:106} INFO - **************************************************
[2025-04-15T00:03:46.541+0000] {subprocess.py:106} INFO - 2
[2025-04-15T00:03:46.545+0000] {subprocess.py:106} INFO - **************************************************
[2025-04-15T00:03:46.549+0000] {subprocess.py:106} INFO - https://www.magazineluiza.com.br/busca/garrafa+stanley+aerolight+fast+flow/?page=1?page=2
[2025-04-15T00:03:46.552+0000] {subprocess.py:106} INFO - blocos
[2025-04-15T00:03:46.555+0000] {subprocess.py:106} INFO - [<Selector query='//div[@data-testid="product-list"]//li' data='<li class="sc-hwhrDX ghzctf"><a href=...'>, <Selector query='//div[@data-testid="product-list"]//li' data='<li class="sc-hwhrDX ghzctf"><a href=...'>, <Selector query='//div[@data-testid="product-list"]//li' data='<li class="sc-hwhrDX ghzctf"><a href=...'>, <Selector query='//div[@data-testid="product-list"]//li' data='<li class="sc-hwhrDX ghzctf"><a href=...'>, <Selector query='//div[@data-testid="product-list"]//li' data='<li class="sc-hwhrDX ghzctf"><a href=...'>, <Selector query='//div[@data-testid="product-list"]//li' data='<li class="sc-hwhrDX ghzctf"><a href=...'>, <Selector query='//div[@data-testid="product-list"]//li' data='<li class="sc-hwhrDX ghzctf"><a href=...'>, <Selector query='//div[@data-testid="product-list"]//li' data='<li class="sc-hwhrDX ghzctf"><a href=...'>, <Selector query='//div[@data-testid="product-list"]//li' data='<li class="sc-hwhrDX ghzctf"><a href=...'>, <Selector query='//div[@data-testid="product-list"]//li' data='<li class="sc-hwhrDX ghzctf"><a href=...'>, <Selector query='//div[@data-testid="product-list"]//li' data='<li class="sc-hwhrDX ghzctf"><a href=...'>, <Selector query='//div[@data-testid="product-list"]//li' data='<li class="sc-hwhrDX ghzctf"><a href=...'>, <Selector query='//div[@data-testid="product-list"]//li' data='<li class="sc-hwhrDX ghzctf"><a href=...'>, <Selector query='//div[@data-testid="product-list"]//li' data='<li class="sc-hwhrDX ghzctf"><a href=...'>, <Selector query='//div[@data-testid="product-list"]//li' data='<li class="sc-hwhrDX ghzctf"><a href=...'>, <Selector query='//div[@data-testid="product-list"]//li' data='<li class="sc-hwhrDX ghzctf"><a href=...'>, <Selector query='//div[@data-testid="product-list"]//li' data='<li class="sc-hwhrDX ghzctf"><a href=...'>, <Selector query='//div[@data-testid="product-list"]//li' data='<li class="sc-hwhrDX ghzctf"><a href=...'>, <Selector query='//div[@data-testid="product-list"]//li' data='<li class="sc-hwhrDX ghzctf"><a href=...'>, <Selector query='//div[@data-testid="product-list"]//li' data='<li class="sc-hwhrDX ghzctf"><a href=...'>, <Selector query='//div[@data-testid="product-list"]//li' data='<li class="sc-hwhrDX ghzctf"><a href=...'>, <Selector query='//div[@data-testid="product-list"]//li' data='<li class="sc-hwhrDX ghzctf"><a href=...'>, <Selector query='//div[@data-testid="product-list"]//li' data='<li class="sc-hwhrDX ghzctf"><a href=...'>, <Selector query='//div[@data-testid="product-list"]//li' data='<li class="sc-hwhrDX ghzctf"><a href=...'>, <Selector query='//div[@data-testid="product-list"]//li' data='<li class="sc-hwhrDX ghzctf"><a href=...'>, <Selector query='//div[@data-testid="product-list"]//li' data='<li class="sc-hwhrDX ghzctf"><a href=...'>, <Selector query='//div[@data-testid="product-list"]//li' data='<li class="sc-hwhrDX ghzctf"><a href=...'>, <Selector query='//div[@data-testid="product-list"]//li' data='<li class="sc-hwhrDX ghzctf"><a href=...'>, <Selector query='//div[@data-testid="product-list"]//li' data='<li class="sc-hwhrDX ghzctf"><a href=...'>, <Selector query='//div[@data-testid="product-list"]//li' data='<li class="sc-hwhrDX ghzctf"><a href=...'>, <Selector query='//div[@data-testid="product-list"]//li' data='<li class="sc-hwhrDX ghzctf"><a href=...'>, <Selector query='//div[@data-testid="product-list"]//li' data='<li class="sc-hwhrDX ghzctf"><a href=...'>, <Selector query='//div[@data-testid="product-list"]//li' data='<li class="sc-hwhrDX ghzctf"><a href=...'>, <Selector query='//div[@data-testid="product-list"]//li' data='<li class="sc-hwhrDX ghzctf"><a href=...'>, <Selector query='//div[@data-testid="product-list"]//li' data='<li class="sc-hwhrDX ghzctf"><a href=...'>, <Selector query='//div[@data-testid="product-list"]//li' data='<li class="sc-hwhrDX ghzctf"><a href=...'>, <Selector query='//div[@data-testid="product-list"]//li' data='<li class="sc-hwhrDX ghzctf"><a href=...'>, <Selector query='//div[@data-testid="product-list"]//li' data='<li class="sc-hwhrDX ghzctf"><a href=...'>, <Selector query='//div[@data-testid="product-list"]//li' data='<li class="sc-hwhrDX ghzctf"><a href=...'>, <Selector query='//div[@data-testid="product-list"]//li' data='<li class="sc-hwhrDX ghzctf"><a href=...'>, <Selector query='//div[@data-testid="product-list"]//li' data='<li class="sc-hwhrDX ghzctf"><a href=...'>, <Selector query='//div[@data-testid="product-list"]//li' data='<li class="sc-hwhrDX ghzctf"><a href=...'>, <Selector query='//div[@data-testid="product-list"]//li' data='<li class="sc-hwhrDX ghzctf"><a href=...'>, <Selector query='//div[@data-testid="product-list"]//li' data='<li class="sc-hwhrDX ghzctf"><a href=...'>, <Selector query='//div[@data-testid="product-list"]//li' data='<li class="sc-hwhrDX ghzctf"><a href=...'>, <Selector query='//div[@data-testid="product-list"]//li' data='<li class="sc-hwhrDX ghzctf"><a href=...'>, <Selector query='//div[@data-testid="product-list"]//li' data='<li class="sc-hwhrDX ghzctf"><a href=...'>, <Selector query='//div[@data-testid="product-list"]//li' data='<li class="sc-hwhrDX ghzctf"><a href=...'>, <Selector query='//div[@data-testid="product-list"]//li' data='<li class="sc-hwhrDX ghzctf"><a href=...'>, <Selector query='//div[@data-testid="product-list"]//li' data='<li class="sc-hwhrDX ghzctf"><a href=...'>, <Selector query='//div[@data-testid="product-list"]//li' data='<li class="sc-hwhrDX ghzctf"><a href=...'>, <Selector query='//div[@data-testid="product-list"]//li' data='<li class="sc-hwhrDX ghzctf"><a href=...'>, <Selector query='//div[@data-testid="product-list"]//li' data='<li class="sc-hwhrDX ghzctf"><a href=...'>, <Selector query='//div[@data-testid="product-list"]//li' data='<li class="sc-hwhrDX ghzctf"><a href=...'>, <Selector query='//div[@data-testid="product-list"]//li' data='<li class="sc-hwhrDX ghzctf"><a href=...'>]
[2025-04-15T00:03:46.570+0000] {subprocess.py:106} INFO - GARRAFA STANLEY AEROLIGHT FAST FLOW 1.1Lt ORIGINAL TODAS AS CORES
[2025-04-15T00:03:46.585+0000] {subprocess.py:106} INFO - [R$ 332,00]
[2025-04-15T00:03:46.591+0000] {subprocess.py:106} INFO - 4.2 (6)
[2025-04-15T00:03:46.598+0000] {subprocess.py:106} INFO - Garrafa stanley aerolight fast flow 710ml original todas as cores
[2025-04-15T00:03:46.601+0000] {subprocess.py:106} INFO - [R$ 304,10]
[2025-04-15T00:03:46.609+0000] {subprocess.py:106} INFO - 5.0 (1)
[2025-04-15T00:03:46.615+0000] {subprocess.py:106} INFO - Garrafa Térmica Aerolight Stanley Fast Flow 710ml - Matte Black
[2025-04-15T00:03:46.623+0000] {subprocess.py:106} INFO - [R$ 287,37]
[2025-04-15T00:03:46.628+0000] {subprocess.py:106} INFO - 5.0 (1)
[2025-04-15T00:03:46.631+0000] {subprocess.py:106} INFO - Garrafa Térmica Stanley Aerolight Fast Flow Lavender 710ML - STANLEY PMI
[2025-04-15T00:03:46.636+0000] {subprocess.py:106} INFO - [R$ 289,97]
[2025-04-15T00:03:46.640+0000] {subprocess.py:106} INFO - None
[2025-04-15T00:03:46.643+0000] {subprocess.py:106} INFO - Stanley Garrafa Térmica Aerolight Original Fast Flow Branco Polar 710ml
[2025-04-15T00:03:46.646+0000] {subprocess.py:106} INFO - [R$ 332,10]
[2025-04-15T00:03:46.653+0000] {subprocess.py:106} INFO - None
[2025-04-15T00:03:46.658+0000] {subprocess.py:106} INFO - Garrafa Térmica Aerolight Stanley Fast Flow 1,1L - Tigerlily
[2025-04-15T00:03:46.663+0000] {subprocess.py:106} INFO - [R$ 315,27]
[2025-04-15T00:03:46.675+0000] {subprocess.py:106} INFO - 5.0 (1)
[2025-04-15T00:03:46.679+0000] {subprocess.py:106} INFO - Garrafa Térmica Stanley Aerolight Fast Flow 1.1L Pink
[2025-04-15T00:03:46.687+0000] {subprocess.py:106} INFO - [R$ 289,23]
[2025-04-15T00:03:46.692+0000] {subprocess.py:106} INFO - None
[2025-04-15T00:03:46.696+0000] {subprocess.py:106} INFO - Garrafa Térmica Aerolight Fast Flow Matte Black 1,1L Stanley
[2025-04-15T00:03:46.699+0000] {subprocess.py:106} INFO - [R$ 351,23]
[2025-04-15T00:03:46.705+0000] {subprocess.py:106} INFO - 4.2 (6)
[2025-04-15T00:03:46.709+0000] {subprocess.py:106} INFO - Garrafa Térmica Stanley Aerolight Fast Flow Matte Black 710ML
[2025-04-15T00:03:46.713+0000] {subprocess.py:106} INFO - [R$ 272,49]
[2025-04-15T00:03:46.719+0000] {subprocess.py:106} INFO - 5.0 (1)
[2025-04-15T00:03:46.723+0000] {subprocess.py:106} INFO - Garrafa Térmica Aerolight Stanley Fast Flow 710ml - Lavender
[2025-04-15T00:03:46.727+0000] {subprocess.py:106} INFO - [R$ 287,37]
[2025-04-15T00:03:46.729+0000] {subprocess.py:106} INFO - None
[2025-04-15T00:03:46.732+0000] {subprocess.py:106} INFO - Garrafa Térmica Stanley Aerolight Fast Flow Branco Polar 1,1 Litros
[2025-04-15T00:03:46.735+0000] {subprocess.py:106} INFO - [R$ 299,46]
[2025-04-15T00:03:46.738+0000] {subprocess.py:106} INFO - None
[2025-04-15T00:03:46.740+0000] {subprocess.py:106} INFO - Garrafa Térmica Aerolight Stanley Fast Flow 1,1L - Citron
[2025-04-15T00:03:46.744+0000] {subprocess.py:106} INFO - [R$ 315,27]
[2025-04-15T00:03:46.749+0000] {subprocess.py:106} INFO - None
[2025-04-15T00:03:46.757+0000] {subprocess.py:106} INFO - Garrafa Térmica Aerolight Stanley Fast Flow 1,1L - Polar
[2025-04-15T00:03:46.761+0000] {subprocess.py:106} INFO - [R$ 315,27]
[2025-04-15T00:03:46.765+0000] {subprocess.py:106} INFO - None
[2025-04-15T00:03:46.773+0000] {subprocess.py:106} INFO - Garrafa Térmica Stanley Aerolight Fast Flow Citron 710ML
[2025-04-15T00:03:46.776+0000] {subprocess.py:106} INFO - [R$ 272,49]
[2025-04-15T00:03:46.778+0000] {subprocess.py:106} INFO - None
[2025-04-15T00:03:46.781+0000] {subprocess.py:106} INFO - Garrafa Térmica Stanley Aerolight Fast Flow Original Laranja Tigerlily 1,1 L
[2025-04-15T00:03:46.784+0000] {subprocess.py:106} INFO - [R$ 379,00]
[2025-04-15T00:03:46.788+0000] {subprocess.py:106} INFO - 5.0 (1)
[2025-04-15T00:03:46.798+0000] {subprocess.py:106} INFO - Garrafa Térmica Aerolight Laranja Fast Flow Tigerlily 1,1L Stanley
[2025-04-15T00:03:46.801+0000] {subprocess.py:106} INFO - [R$ 344,01]
[2025-04-15T00:03:46.804+0000] {subprocess.py:106} INFO - 5.0 (1)
[2025-04-15T00:03:46.807+0000] {subprocess.py:106} INFO - Garrafa stanley térmica aerolight fast flow em aço inox 710ml lavender 08241-00
[2025-04-15T00:03:46.811+0000] {subprocess.py:106} INFO - [R$ 324,57]
[2025-04-15T00:03:46.814+0000] {subprocess.py:106} INFO - None
[2025-04-15T00:03:46.820+0000] {subprocess.py:106} INFO - Garrafa stanley térmica aerolight fast flow 1,1 litros laranja tigerlily 08242-00
[2025-04-15T00:03:46.825+0000] {subprocess.py:106} INFO - [R$ 343,17]
[2025-04-15T00:03:46.829+0000] {subprocess.py:106} INFO - 5.0 (1)
[2025-04-15T00:03:46.834+0000] {subprocess.py:106} INFO - Garrafa Térmica Stanley Aerolight Fast Flow 710ml Rosa Claro
[2025-04-15T00:03:46.837+0000] {subprocess.py:106} INFO - [R$ 268,57]
[2025-04-15T00:03:46.841+0000] {subprocess.py:106} INFO - None
[2025-04-15T00:03:46.844+0000] {subprocess.py:106} INFO - Garrafa Térmica Stanley Aerolight Fast Flow 1.1L Verde Água
[2025-04-15T00:03:46.847+0000] {subprocess.py:106} INFO - [R$ 289,23]
[2025-04-15T00:03:46.850+0000] {subprocess.py:106} INFO - None
[2025-04-15T00:03:46.853+0000] {subprocess.py:106} INFO - Garrafa Térmica Stanley Aerolight Fast Flow Branco Polar 1,1 Litros - STANLEY PMI
[2025-04-15T00:03:46.856+0000] {subprocess.py:106} INFO - [R$ 399,00]
[2025-04-15T00:03:46.859+0000] {subprocess.py:106} INFO - None
[2025-04-15T00:03:46.861+0000] {subprocess.py:106} INFO - Garrafa Térmica Stanley Aerolight Fast Flow Matte Black 710ML - STANLEY PMI
[2025-04-15T00:03:46.865+0000] {subprocess.py:106} INFO - [R$ 365,00]
[2025-04-15T00:03:46.869+0000] {subprocess.py:106} INFO - 5.0 (1)
[2025-04-15T00:03:46.872+0000] {subprocess.py:106} INFO - Garrafa stanley térmica aerolight fast flow em aço inox 710ml laranja tigerlily 08204-00
[2025-04-15T00:03:46.874+0000] {subprocess.py:106} INFO - [R$ 324,57]
[2025-04-15T00:03:46.878+0000] {subprocess.py:106} INFO - None
[2025-04-15T00:03:46.881+0000] {subprocess.py:106} INFO - Garrafa stanley térmica aerolight fast flow em aço inox 710ml vivid violet 08405-002025-04-15 00:03:46 [scrapy.core.scraper] DEBUG: Scraped from <200 https://www.magazineluiza.com.br/busca/garrafa+stanley+aerolight+fast+flow/?page=1?page=2>
[2025-04-15T00:03:46.886+0000] {subprocess.py:106} INFO - {'title': 'Garrafa stanley térmica aerolight fast flow em aço inox 710ml vivid violet 08405-00', 'price': 'R$\xa0324,57', 'review': None, 'store': 'Magazine Luiza'}
[2025-04-15T00:03:46.889+0000] {subprocess.py:106} INFO - 2025-04-15 00:03:46 [scrapy.core.scraper] DEBUG: Scraped from <200 https://www.magazineluiza.com.br/busca/garrafa+stanley+aerolight+fast+flow/?page=1?page=2>
[2025-04-15T00:03:46.891+0000] {subprocess.py:106} INFO - {'title': 'Garrafa Térmica Stanley Aerolight Fast Flow 710ml Lilás', 'price': 'R$\xa0268,57', 'review': None, 'store': 'Magazine Luiza'}
[2025-04-15T00:03:46.893+0000] {subprocess.py:106} INFO - 2025-04-15 00:03:46 [scrapy.core.scraper] DEBUG: Scraped from <200 https://www.magazineluiza.com.br/busca/garrafa+stanley+aerolight+fast+flow/?page=1?page=2>
[2025-04-15T00:03:46.896+0000] {subprocess.py:106} INFO - {'title': 'Garrafa Térmica Stanley Aerolight Fast Flow Branco Polar 1,1 Litros - STANLEY PMI', 'price': 'R$\xa0385,90', 'review': None, 'store': 'Magazine Luiza'}
[2025-04-15T00:03:46.899+0000] {subprocess.py:106} INFO - 2025-04-15 00:03:46 [scrapy.core.scraper] DEBUG: Scraped from <200 https://www.magazineluiza.com.br/busca/garrafa+stanley+aerolight+fast+flow/?page=1?page=2>
[2025-04-15T00:03:46.901+0000] {subprocess.py:106} INFO - {'title': 'Garrafa Térmica Stanley Aerolight Fast Flow 710 ML Azul 0838', 'price': 'R$\xa0369,90', 'review': None, 'store': 'Magazine Luiza'}
[2025-04-15T00:03:46.904+0000] {subprocess.py:106} INFO - 2025-04-15 00:03:46 [scrapy.core.scraper] DEBUG: Scraped from <200 https://www.magazineluiza.com.br/busca/garrafa+stanley+aerolight+fast+flow/?page=1?page=2>
[2025-04-15T00:03:46.907+0000] {subprocess.py:106} INFO - {'title': 'Garrafa stanley térmica aerolight fast flow 1,1 litros branco polar 08207-00', 'price': 'R$\xa0343,17', 'review': None, 'store': 'Magazine Luiza'}
[2025-04-15T00:03:46.909+0000] {subprocess.py:106} INFO - 2025-04-15 00:03:46 [scrapy.core.scraper] DEBUG: Scraped from <200 https://www.magazineluiza.com.br/busca/garrafa+stanley+aerolight+fast+flow/?page=1?page=2>
[2025-04-15T00:03:46.913+0000] {subprocess.py:106} INFO - {'title': 'Garrafa Térmica Stanley Aerolight Fast Flow 710ml Azul Claro', 'price': 'R$\xa0268,57', 'review': None, 'store': 'Magazine Luiza'}
[2025-04-15T00:03:46.918+0000] {subprocess.py:106} INFO - 2025-04-15 00:03:46 [scrapy.core.scraper] DEBUG: Scraped from <200 https://www.magazineluiza.com.br/busca/garrafa+stanley+aerolight+fast+flow/?page=1?page=2>
[2025-04-15T00:03:46.923+0000] {subprocess.py:106} INFO - {'title': 'Garrafa termica stanley aerolight fast flow tigerlily 1,1l cod8208 cx6', 'price': 'R$\xa0434,37', 'review': '5.0 (1)', 'store': 'Magazine Luiza'}
[2025-04-15T00:03:46.926+0000] {subprocess.py:106} INFO - 2025-04-15 00:03:46 [scrapy.core.scraper] DEBUG: Scraped from <200 https://www.magazineluiza.com.br/busca/garrafa+stanley+aerolight+fast+flow/?page=1?page=2>
[2025-04-15T00:03:46.929+0000] {subprocess.py:106} INFO - {'title': 'Garrafa Térmica Stanley Aerolight Fast Flow Branco Polar 710', 'price': 'R$\xa0361,00', 'review': None, 'store': 'Magazine Luiza'}
[2025-04-15T00:03:46.931+0000] {subprocess.py:106} INFO - 2025-04-15 00:03:46 [scrapy.core.scraper] DEBUG: Scraped from <200 https://www.magazineluiza.com.br/busca/garrafa+stanley+aerolight+fast+flow/?page=1?page=2>
[2025-04-15T00:03:46.934+0000] {subprocess.py:106} INFO - {'title': 'Garrafa Térmica Stanley IceFlow Aerolight Fast Flow 700ml - Cinza', 'price': 'R$\xa0448,45', 'review': None, 'store': 'Magazine Luiza'}
[2025-04-15T00:03:46.936+0000] {subprocess.py:106} INFO - 2025-04-15 00:03:46 [scrapy.core.scraper] DEBUG: Scraped from <200 https://www.magazineluiza.com.br/busca/garrafa+stanley+aerolight+fast+flow/?page=1?page=2>
[2025-04-15T00:03:46.939+0000] {subprocess.py:106} INFO - {'title': 'Garrafa Térmica STanley Aerolight Fast Flow 1,1L', 'price': 'R$\xa0368,18', 'review': None, 'store': 'Magazine Luiza'}
[2025-04-15T00:03:46.952+0000] {subprocess.py:106} INFO - 2025-04-15 00:03:46 [scrapy.core.scraper] DEBUG: Scraped from <200 https://www.magazineluiza.com.br/busca/garrafa+stanley+aerolight+fast+flow/?page=1?page=2>
[2025-04-15T00:03:46.955+0000] {subprocess.py:106} INFO - {'title': 'Garrafa Térmica Stanley Aerolight Fast Flow Citron 1,1 Litros - STANLEY PMI', 'price': 'R$\xa0359,43', 'review': None, 'store': 'Magazine Luiza'}
[2025-04-15T00:03:46.957+0000] {subprocess.py:106} INFO - 2025-04-15 00:03:46 [scrapy.core.scraper] DEBUG: Scraped from <200 https://www.magazineluiza.com.br/busca/garrafa+stanley+aerolight+fast+flow/?page=1?page=2>
[2025-04-15T00:03:46.959+0000] {subprocess.py:106} INFO - {'title': 'Garrafa Térmica Aerolight Fast Flow 1,1L Polar Stanley', 'price': 'R$\xa0379,00', 'review': None, 'store': 'Magazine Luiza'}
[2025-04-15T00:03:46.961+0000] {subprocess.py:106} INFO - 2025-04-15 00:03:46 [scrapy.core.scraper] DEBUG: Scraped from <200 https://www.magazineluiza.com.br/busca/garrafa+stanley+aerolight+fast+flow/?page=1?page=2>
[2025-04-15T00:03:46.964+0000] {subprocess.py:106} INFO - {'title': 'Garrafa Térmica Aerolight Fast Flow Tigerlily 710ml Stanley', 'price': 'R$\xa0289,23', 'review': None, 'store': 'Magazine Luiza'}
[2025-04-15T00:03:46.967+0000] {subprocess.py:106} INFO - 2025-04-15 00:03:46 [scrapy.core.scraper] DEBUG: Scraped from <200 https://www.magazineluiza.com.br/busca/garrafa+stanley+aerolight+fast+flow/?page=1?page=2>
[2025-04-15T00:03:46.969+0000] {subprocess.py:106} INFO - {'title': 'Garrafa stanley térmica aerolight fast flow em aço inox 710ml azul tropical teal 08406-00', 'price': 'R$\xa0324,57', 'review': None, 'store': 'Magazine Luiza'}
[2025-04-15T00:03:46.972+0000] {subprocess.py:106} INFO - 2025-04-15 00:03:46 [scrapy.core.scraper] DEBUG: Scraped from <200 https://www.magazineluiza.com.br/busca/garrafa+stanley+aerolight+fast+flow/?page=1?page=2>
[2025-04-15T00:03:46.975+0000] {subprocess.py:106} INFO - {'title': 'Garrafa Térmica Stanley Aerolight Fast Flow Citron 1,1 Litros - STANLEY PMI', 'price': 'R$\xa0385,90', 'review': None, 'store': 'Magazine Luiza'}
[2025-04-15T00:03:46.979+0000] {subprocess.py:106} INFO - 2025-04-15 00:03:46 [scrapy.core.scraper] DEBUG: Scraped from <200 https://www.magazineluiza.com.br/busca/garrafa+stanley+aerolight+fast+flow/?page=1?page=2>
[2025-04-15T00:03:46.983+0000] {subprocess.py:106} INFO - {'title': 'Garrafa Térmica Stanley Aerolight Fast Flow 710ml Verde Água', 'price': 'R$\xa0268,57', 'review': None, 'store': 'Magazine Luiza'}
[2025-04-15T00:03:46.987+0000] {subprocess.py:106} INFO - 2025-04-15 00:03:46 [scrapy.core.scraper] DEBUG: Scraped from <200 https://www.magazineluiza.com.br/busca/garrafa+stanley+aerolight+fast+flow/?page=1?page=2>
[2025-04-15T00:03:46.990+0000] {subprocess.py:106} INFO - {'title': 'Garrafa Térmica Aerolight Fast Flow Stanley 710ML', 'price': 'R$\xa0359,91', 'review': None, 'store': 'Magazine Luiza'}
[2025-04-15T00:03:46.993+0000] {subprocess.py:106} INFO - 2025-04-15 00:03:46 [scrapy.core.scraper] DEBUG: Scraped from <200 https://www.magazineluiza.com.br/busca/garrafa+stanley+aerolight+fast+flow/?page=1?page=2>
[2025-04-15T00:03:46.995+0000] {subprocess.py:106} INFO - {'title': 'Garrafa Térmica Aerolight Fast Flow Polar 1,1L Stanley', 'price': 'R$\xa0351,23', 'review': None, 'store': 'Magazine Luiza'}
[2025-04-15T00:03:46.998+0000] {subprocess.py:106} INFO - 2025-04-15 00:03:46 [scrapy.core.scraper] DEBUG: Scraped from <200 https://www.magazineluiza.com.br/busca/garrafa+stanley+aerolight+fast+flow/?page=1?page=2>
[2025-04-15T00:03:47.001+0000] {subprocess.py:106} INFO - {'title': 'Garrafa Térmica Stanley Aerolight Fast Flow Citron 710ML - STANLEY PMI', 'price': 'R$\xa0419,90', 'review': None, 'store': 'Magazine Luiza'}
[2025-04-15T00:03:47.003+0000] {subprocess.py:106} INFO - 2025-04-15 00:03:46 [scrapy.core.scraper] DEBUG: Scraped from <200 https://www.magazineluiza.com.br/busca/garrafa+stanley+aerolight+fast+flow/?page=1?page=2>
[2025-04-15T00:03:47.006+0000] {subprocess.py:106} INFO - {'title': 'Garrafa Térmica Aerolight Fast Flow Heat Wave Passion Pink 710ML Stanley', 'price': 'R$\xa0306,81', 'review': None, 'store': 'Magazine Luiza'}
[2025-04-15T00:03:47.008+0000] {subprocess.py:106} INFO - 2025-04-15 00:03:46 [scrapy.core.scraper] DEBUG: Scraped from <200 https://www.magazineluiza.com.br/busca/garrafa+stanley+aerolight+fast+flow/?page=1?page=2>
[2025-04-15T00:03:47.010+0000] {subprocess.py:106} INFO - {'title': 'Garrafa stanley térmica aerolight fast flow em aço inox 710ml passion pink 08404-00', 'price': 'R$\xa0324,57', 'review': None, 'store': 'Magazine Luiza'}
[2025-04-15T00:03:47.013+0000] {subprocess.py:106} INFO - 2025-04-15 00:03:46 [scrapy.core.scraper] DEBUG: Scraped from <200 https://www.magazineluiza.com.br/busca/garrafa+stanley+aerolight+fast+flow/?page=1?page=2>
[2025-04-15T00:03:47.017+0000] {subprocess.py:106} INFO - {'title': 'Garrafa Térmica STanley Aerolight Fast Flow 1,1L', 'price': 'R$\xa0368,18', 'review': None, 'store': 'Magazine Luiza'}
[2025-04-15T00:03:47.020+0000] {subprocess.py:106} INFO - 2025-04-15 00:03:46 [scrapy.core.scraper] DEBUG: Scraped from <200 https://www.magazineluiza.com.br/busca/garrafa+stanley+aerolight+fast+flow/?page=1?page=2>
[2025-04-15T00:03:47.023+0000] {subprocess.py:106} INFO - {'title': 'Garrafa Térmica Stanley Aerolight Fast Flow Citron 1,1 Litros - STANLEY PMI', 'price': 'R$\xa0371,07', 'review': None, 'store': 'Magazine Luiza'}
[2025-04-15T00:03:47.025+0000] {subprocess.py:106} INFO - 2025-04-15 00:03:46 [scrapy.core.scraper] DEBUG: Scraped from <200 https://www.magazineluiza.com.br/busca/garrafa+stanley+aerolight+fast+flow/?page=1?page=2>
[2025-04-15T00:03:47.028+0000] {subprocess.py:106} INFO - {'title': 'Garrafa stanley térmica aerolight fast flow 710ml matte black 08202-00', 'price': 'R$\xa0324,57', 'review': '5.0 (1)', 'store': 'Magazine Luiza'}
[2025-04-15T00:03:47.030+0000] {subprocess.py:106} INFO - 2025-04-15 00:03:46 [scrapy.core.scraper] DEBUG: Scraped from <200 https://www.magazineluiza.com.br/busca/garrafa+stanley+aerolight+fast+flow/?page=1?page=2>
[2025-04-15T00:03:47.035+0000] {subprocess.py:106} INFO - {'title': 'Garrafa Térmica Stanley Aerolight Fast Flow 710ml Verde Limão', 'price': 'R$\xa0268,57', 'review': None, 'store': 'Magazine Luiza'}
[2025-04-15T00:03:47.038+0000] {subprocess.py:106} INFO - 2025-04-15 00:03:46 [scrapy.core.scraper] DEBUG: Scraped from <200 https://www.magazineluiza.com.br/busca/garrafa+stanley+aerolight+fast+flow/?page=1?page=2>
[2025-04-15T00:03:47.041+0000] {subprocess.py:106} INFO - {'title': 'Garrafa Térmica Stanley Aerolight Fast Flow Branco Polar 710ML - STANLEY PMI', 'price': 'R$\xa0369,90', 'review': None, 'store': 'Magazine Luiza'}
[2025-04-15T00:03:47.043+0000] {subprocess.py:106} INFO - 2025-04-15 00:03:46 [scrapy.core.scraper] DEBUG: Scraped from <200 https://www.magazineluiza.com.br/busca/garrafa+stanley+aerolight+fast+flow/?page=1?page=2>
[2025-04-15T00:03:47.045+0000] {subprocess.py:106} INFO - {'title': 'Garrafa Térmica Aerolight Fast Flow Stanley Citron 710 Ml', 'price': 'R$\xa0365,00', 'review': None, 'store': 'Magazine Luiza'}
[2025-04-15T00:03:47.048+0000] {subprocess.py:106} INFO - 2025-04-15 00:03:46 [scrapy.core.scraper] DEBUG: Scraped from <200 https://www.magazineluiza.com.br/busca/garrafa+stanley+aerolight+fast+flow/?page=1?page=2>
[2025-04-15T00:03:47.053+0000] {subprocess.py:106} INFO - {'title': 'Garrafa Térmica Stanley Aerolight Fast Flow Citron 1,1 Litros - STANLEY PMI', 'price': 'R$\xa0489,00', 'review': None, 'store': 'Magazine Luiza'}
[2025-04-15T00:03:47.056+0000] {subprocess.py:106} INFO - 2025-04-15 00:03:46 [scrapy.core.scraper] DEBUG: Scraped from <200 https://www.magazineluiza.com.br/busca/garrafa+stanley+aerolight+fast+flow/?page=1?page=2>
[2025-04-15T00:03:47.058+0000] {subprocess.py:106} INFO - {'title': 'Garrafa Térmica Stanley Aerolight Fast Flow 0.7L Verde 08205', 'price': 'R$\xa0344,01', 'review': None, 'store': 'Magazine Luiza'}
[2025-04-15T00:03:47.067+0000] {subprocess.py:106} INFO - 2025-04-15 00:03:46 [scrapy.core.scraper] DEBUG: Scraped from <200 https://www.magazineluiza.com.br/busca/garrafa+stanley+aerolight+fast+flow/?page=1?page=2>
[2025-04-15T00:03:47.073+0000] {subprocess.py:106} INFO - {'title': 'Garrafa Térmico Aerolight Fast Flow 710 Ml Citron Stanley', 'price': 'R$\xa0329,57', 'review': None, 'store': 'Magazine Luiza'}
[2025-04-15T00:03:47.076+0000] {subprocess.py:106} INFO - 2025-04-15 00:03:46 [scrapy.core.scraper] DEBUG: Scraped from <200 https://www.magazineluiza.com.br/busca/garrafa+stanley+aerolight+fast+flow/?page=1?page=2>
[2025-04-15T00:03:47.079+0000] {subprocess.py:106} INFO - {'title': 'Garrafa Térmica Aerolight Fast Flow Polar 1,1L', 'price': 'R$\xa0479,99', 'review': None, 'store': 'Magazine Luiza'}
[2025-04-15T00:03:47.082+0000] {subprocess.py:106} INFO - 2025-04-15 00:03:46 [scrapy.core.scraper] DEBUG: Scraped from <200 https://www.magazineluiza.com.br/busca/garrafa+stanley+aerolight+fast+flow/?page=1?page=2>
[2025-04-15T00:03:47.086+0000] {subprocess.py:106} INFO - {'title': 'Garrafa Térmica Stanley Aerolight Fast Flow Lavender 710ML - STANLEY PMI', 'price': 'R$\xa0361,77', 'review': None, 'store': 'Magazine Luiza'}
[2025-04-15T00:03:47.091+0000] {subprocess.py:106} INFO - 
[2025-04-15T00:03:47.094+0000] {subprocess.py:106} INFO - [R$ 324,57]
[2025-04-15T00:03:47.097+0000] {subprocess.py:106} INFO - None
[2025-04-15T00:03:47.101+0000] {subprocess.py:106} INFO - Garrafa Térmica Stanley Aerolight Fast Flow 710ml Lilás
[2025-04-15T00:03:47.104+0000] {subprocess.py:106} INFO - [R$ 268,57]
[2025-04-15T00:03:47.108+0000] {subprocess.py:106} INFO - None
[2025-04-15T00:03:47.112+0000] {subprocess.py:106} INFO - Garrafa Térmica Stanley Aerolight Fast Flow Branco Polar 1,1 Litros - STANLEY PMI
[2025-04-15T00:03:47.115+0000] {subprocess.py:106} INFO - [R$ 385,90]
[2025-04-15T00:03:47.118+0000] {subprocess.py:106} INFO - None
[2025-04-15T00:03:47.121+0000] {subprocess.py:106} INFO - Garrafa Térmica Stanley Aerolight Fast Flow 710 ML Azul 0838
[2025-04-15T00:03:47.124+0000] {subprocess.py:106} INFO - [R$ 369,90]
[2025-04-15T00:03:47.127+0000] {subprocess.py:106} INFO - None
[2025-04-15T00:03:47.130+0000] {subprocess.py:106} INFO - Garrafa stanley térmica aerolight fast flow 1,1 litros branco polar 08207-00
[2025-04-15T00:03:47.133+0000] {subprocess.py:106} INFO - [R$ 343,17]
[2025-04-15T00:03:47.135+0000] {subprocess.py:106} INFO - None
[2025-04-15T00:03:47.137+0000] {subprocess.py:106} INFO - Garrafa Térmica Stanley Aerolight Fast Flow 710ml Azul Claro
[2025-04-15T00:03:47.139+0000] {subprocess.py:106} INFO - [R$ 268,57]
[2025-04-15T00:03:47.142+0000] {subprocess.py:106} INFO - None
[2025-04-15T00:03:47.144+0000] {subprocess.py:106} INFO - Garrafa termica stanley aerolight fast flow tigerlily 1,1l cod8208 cx6
[2025-04-15T00:03:47.146+0000] {subprocess.py:106} INFO - [R$ 434,37]
[2025-04-15T00:03:47.148+0000] {subprocess.py:106} INFO - 5.0 (1)
[2025-04-15T00:03:47.152+0000] {subprocess.py:106} INFO - Garrafa Térmica Stanley Aerolight Fast Flow Branco Polar 710
[2025-04-15T00:03:47.154+0000] {subprocess.py:106} INFO - [R$ 361,00]
[2025-04-15T00:03:47.157+0000] {subprocess.py:106} INFO - None
[2025-04-15T00:03:47.158+0000] {subprocess.py:106} INFO - Garrafa Térmica Stanley IceFlow Aerolight Fast Flow 700ml - Cinza
[2025-04-15T00:03:47.160+0000] {subprocess.py:106} INFO - [R$ 448,45]
[2025-04-15T00:03:47.163+0000] {subprocess.py:106} INFO - None
[2025-04-15T00:03:47.166+0000] {subprocess.py:106} INFO - Garrafa Térmica STanley Aerolight Fast Flow 1,1L
[2025-04-15T00:03:47.168+0000] {subprocess.py:106} INFO - [R$ 368,18]
[2025-04-15T00:03:47.171+0000] {subprocess.py:106} INFO - None
[2025-04-15T00:03:47.173+0000] {subprocess.py:106} INFO - Garrafa Térmica Stanley Aerolight Fast Flow Citron 1,1 Litros - STANLEY PMI
[2025-04-15T00:03:47.175+0000] {subprocess.py:106} INFO - [R$ 359,43]
[2025-04-15T00:03:47.189+0000] {subprocess.py:106} INFO - None
[2025-04-15T00:03:47.191+0000] {subprocess.py:106} INFO - Garrafa Térmica Aerolight Fast Flow 1,1L Polar Stanley
[2025-04-15T00:03:47.194+0000] {subprocess.py:106} INFO - [R$ 379,00]
[2025-04-15T00:03:47.196+0000] {subprocess.py:106} INFO - None
[2025-04-15T00:03:47.199+0000] {subprocess.py:106} INFO - Garrafa Térmica Aerolight Fast Flow Tigerlily 710ml Stanley
[2025-04-15T00:03:47.201+0000] {subprocess.py:106} INFO - [R$ 289,23]
[2025-04-15T00:03:47.203+0000] {subprocess.py:106} INFO - None
[2025-04-15T00:03:47.206+0000] {subprocess.py:106} INFO - Garrafa stanley térmica aerolight fast flow em aço inox 710ml azul tropical teal 08406-00
[2025-04-15T00:03:47.207+0000] {subprocess.py:106} INFO - [R$ 324,57]
[2025-04-15T00:03:47.216+0000] {subprocess.py:106} INFO - None
[2025-04-15T00:03:47.219+0000] {subprocess.py:106} INFO - Garrafa Térmica Stanley Aerolight Fast Flow Citron 1,1 Litros - STANLEY PMI
[2025-04-15T00:03:47.224+0000] {subprocess.py:106} INFO - [R$ 385,90]
[2025-04-15T00:03:47.227+0000] {subprocess.py:106} INFO - None
[2025-04-15T00:03:47.230+0000] {subprocess.py:106} INFO - Garrafa Térmica Stanley Aerolight Fast Flow 710ml Verde Água
[2025-04-15T00:03:47.232+0000] {subprocess.py:106} INFO - [R$ 268,57]
[2025-04-15T00:03:47.235+0000] {subprocess.py:106} INFO - None
[2025-04-15T00:03:47.237+0000] {subprocess.py:106} INFO - Garrafa Térmica Aerolight Fast Flow Stanley 710ML
[2025-04-15T00:03:47.239+0000] {subprocess.py:106} INFO - [R$ 359,91]
[2025-04-15T00:03:47.241+0000] {subprocess.py:106} INFO - None
[2025-04-15T00:03:47.243+0000] {subprocess.py:106} INFO - Garrafa Térmica Aerolight Fast Flow Polar 1,1L Stanley
[2025-04-15T00:03:47.245+0000] {subprocess.py:106} INFO - [R$ 351,23]
[2025-04-15T00:03:47.247+0000] {subprocess.py:106} INFO - None
[2025-04-15T00:03:47.251+0000] {subprocess.py:106} INFO - Garrafa Térmica Stanley Aerolight Fast Flow Citron 710ML - STANLEY PMI
[2025-04-15T00:03:47.254+0000] {subprocess.py:106} INFO - [R$ 419,90]
[2025-04-15T00:03:47.256+0000] {subprocess.py:106} INFO - None
[2025-04-15T00:03:47.259+0000] {subprocess.py:106} INFO - Garrafa Térmica Aerolight Fast Flow Heat Wave Passion Pink 710ML Stanley
[2025-04-15T00:03:47.261+0000] {subprocess.py:106} INFO - [R$ 306,81]
[2025-04-15T00:03:47.265+0000] {subprocess.py:106} INFO - None
[2025-04-15T00:03:47.268+0000] {subprocess.py:106} INFO - Garrafa stanley térmica aerolight fast flow em aço inox 710ml passion pink 08404-00
[2025-04-15T00:03:47.271+0000] {subprocess.py:106} INFO - [R$ 324,57]
[2025-04-15T00:03:47.273+0000] {subprocess.py:106} INFO - None
[2025-04-15T00:03:47.275+0000] {subprocess.py:106} INFO - Garrafa Térmica STanley Aerolight Fast Flow 1,1L
[2025-04-15T00:03:47.278+0000] {subprocess.py:106} INFO - [R$ 368,18]
[2025-04-15T00:03:47.280+0000] {subprocess.py:106} INFO - None
[2025-04-15T00:03:47.283+0000] {subprocess.py:106} INFO - Garrafa Térmica Stanley Aerolight Fast Flow Citron 1,1 Litros - STANLEY PMI
[2025-04-15T00:03:47.286+0000] {subprocess.py:106} INFO - [R$ 371,07]
[2025-04-15T00:03:47.289+0000] {subprocess.py:106} INFO - None
[2025-04-15T00:03:47.291+0000] {subprocess.py:106} INFO - Garrafa stanley térmica aerolight fast flow 710ml matte black 08202-00
[2025-04-15T00:03:47.293+0000] {subprocess.py:106} INFO - [R$ 324,57]
[2025-04-15T00:03:47.295+0000] {subprocess.py:106} INFO - 5.0 (1)
[2025-04-15T00:03:47.297+0000] {subprocess.py:106} INFO - Garrafa Térmica Stanley Aerolight Fast Flow 710ml Verde Limão
[2025-04-15T00:03:47.299+0000] {subprocess.py:106} INFO - [R$ 268,57]
[2025-04-15T00:03:47.302+0000] {subprocess.py:106} INFO - None
[2025-04-15T00:03:47.304+0000] {subprocess.py:106} INFO - Garrafa Térmica Stanley Aerolight Fast Flow Branco Polar 710ML - STANLEY PMI
[2025-04-15T00:03:47.306+0000] {subprocess.py:106} INFO - [R$ 369,90]
[2025-04-15T00:03:47.308+0000] {subprocess.py:106} INFO - None
[2025-04-15T00:03:47.311+0000] {subprocess.py:106} INFO - Garrafa Térmica Aerolight Fast Flow Stanley Citron 710 Ml
[2025-04-15T00:03:47.313+0000] {subprocess.py:106} INFO - [R$ 365,00]
[2025-04-15T00:03:47.316+0000] {subprocess.py:106} INFO - None
[2025-04-15T00:03:47.319+0000] {subprocess.py:106} INFO - Garrafa Térmica Stanley Aerolight Fast Flow Citron 1,1 Litros - STANLEY PMI
[2025-04-15T00:03:47.322+0000] {subprocess.py:106} INFO - [R$ 489,00]
[2025-04-15T00:03:47.324+0000] {subprocess.py:106} INFO - None
[2025-04-15T00:03:47.326+0000] {subprocess.py:106} INFO - Garrafa Térmica Stanley Aerolight Fast Flow 0.7L Verde 08205
[2025-04-15T00:03:47.328+0000] {subprocess.py:106} INFO - [R$ 344,01]
[2025-04-15T00:03:47.330+0000] {subprocess.py:106} INFO - None
[2025-04-15T00:03:47.333+0000] {subprocess.py:106} INFO - Garrafa Térmico Aerolight Fast Flow 710 Ml Citron Stanley
[2025-04-15T00:03:47.337+0000] {subprocess.py:106} INFO - [R$ 329,57]
[2025-04-15T00:03:47.343+0000] {subprocess.py:106} INFO - None
[2025-04-15T00:03:47.353+0000] {subprocess.py:106} INFO - Garrafa Térmica Aerolight Fast Flow Polar 1,1L
[2025-04-15T00:03:47.356+0000] {subprocess.py:106} INFO - [R$ 479,99]
[2025-04-15T00:03:47.360+0000] {subprocess.py:106} INFO - None
[2025-04-15T00:03:47.362+0000] {subprocess.py:106} INFO - Garrafa Térmica Stanley Aerolight Fast Flow Lavender 710ML - STANLEY PMI
[2025-04-15T00:03:47.365+0000] {subprocess.py:106} INFO - [R$ 361,77]
[2025-04-15T00:03:47.368+0000] {subprocess.py:106} INFO - None
[2025-04-15T00:03:47.370+0000] {subprocess.py:106} INFO - https://www.magazineluiza.com.br/busca/garrafa+stanley+aerolight+fast+flow/?page=1?page=1
[2025-04-15T00:03:47.373+0000] {subprocess.py:106} INFO - blocos
[2025-04-15T00:03:47.376+0000] {subprocess.py:106} INFO - [<Selector query='//div[@data-testid="product-list"]//li' data='<li class="sc-hwhrDX ghzctf"><a href=...'>, <Selector query='//div[@data-testid="product-list"]//li' data='<li class="sc-hwhrDX ghzctf"><a href=...'>, <Selector query='//div[@data-testid="product-list"]//li' data='<li class="sc-hwhrDX ghzctf"><a href=...'>, <Selector query='//div[@data-testid="product-list"]//li' data='<li class="sc-hwhrDX ghzctf"><a href=...'>, <Selector query='//div[@data-testid="product-list"]//li' data='<li class="sc-hwhrDX ghzctf"><a href=...'>, <Selector query='//div[@data-testid="product-list"]//li' data='<li class="sc-hwhrDX ghzctf"><a href=...'>, <Selector query='//div[@data-testid="product-list"]//li' data='<li class="sc-hwhrDX ghzctf"><a href=...'>, <Selector query='//div[@data-testid="product-list"]//li' data='<li class="sc-hwhrDX ghzctf"><a href=...'>, <Selector query='//div[@data-testid="product-list"]//li' data='<li class="sc-hwhrDX ghzctf"><a href=...'>, <Selector query='//div[@data-testid="product-list"]//li' data='<li class="sc-hwhrDX ghzctf"><a href=...'>, <Selector query='//div[@data-testid="product-list"]//li' data='<li class="sc-hwhrDX ghzctf"><a href=...'>, <Selector query='//div[@data-testid="product-list"]//li' data='<li class="sc-hwhrDX ghzctf"><a href=...'>, <Selector query='//div[@data-testid="product-list"]//li' data='<li class="sc-hwhrDX ghzctf"><a href=...'>, <Selector query='//div[@data-testid="product-list"]//li' data='<li class="sc-hwhrDX ghzctf"><a href=...'>, <Selector query='//div[@data-testid="product-list"]//li' data='<li class="sc-hwhrDX ghzctf"><a href=...'>, <Selector query='//div[@data-testid="product-list"]//li' data='<li class="sc-hwhrDX ghzctf"><a href=...'>, <Selector query='//div[@data-testid="product-list"]//li' data='<li class="sc-hwhrDX ghzctf"><a href=...'>, <Selector query='//div[@data-testid="product-list"]//li' data='<li class="sc-hwhrDX ghzctf"><a href=...'>, <Selector query='//div[@data-testid="product-list"]//li' data='<li class="sc-hwhrDX ghzctf"><a href=...'>, <Selector query='//div[@data-testid="product-list"]//li' data='<li class="sc-hwhrDX ghzctf"><a href=...'>, <Selector query='//div[@data-testid="product-list"]//li' data='<li class="sc-hwhrDX ghzctf"><a href=...'>, <Selector query='//div[@data-testid="product-list"]//li' data='<li class="sc-hwhrDX ghzctf"><a href=...'>, <Selector query='//div[@data-testid="product-list"]//li' data='<li class="sc-hwhrDX ghzctf"><a href=...'>, <Selector query='//div[@data-testid="product-list"]//li' data='<li class="sc-hwhrDX ghzctf"><a href=...'>, <Selector query='//div[@data-testid="product-list"]//li' data='<li class="sc-hwhrDX ghzctf"><a href=...'>, <Selector query='//div[@data-testid="product-list"]//li' data='<li class="sc-hwhrDX ghzctf"><a href=...'>, <Selector query='//div[@data-testid="product-list"]//li' data='<li class="sc-hwhrDX ghzctf"><a href=...'>, <Selector query='//div[@data-testid="product-list"]//li' data='<li class="sc-hwhrDX ghzctf"><a href=...'>, <Selector query='//div[@data-testid="product-list"]//li' data='<li class="sc-hwhrDX ghzctf"><a href=...'>, <Selector query='//div[@data-testid="product-list"]//li' data='<li class="sc-hwhrDX ghzctf"><a href=...'>, <Selector query='//div[@data-testid="product-list"]//li' data='<li class="sc-hwhrDX ghzctf"><a href=...'>, <Selector query='//div[@data-testid="product-list"]//li' data='<li class="sc-hwhrDX ghzctf"><a href=...'>, <Selector query='//div[@data-testid="product-list"]//li' data='<li class="sc-hwhrDX ghzctf"><a href=...'>, <Selector query='//div[@data-testid="product-list"]//li' data='<li class="sc-hwhrDX ghzctf"><a href=...'>, <Selector query='//div[@data-testid="product-list"]//li' data='<li class="sc-hwhrDX ghzctf"><a href=...'>, <Selector query='//div[@data-testid="product-list"]//li' data='<li class="sc-hwhrDX ghzctf"><a href=...'>, <Selector query='//div[@data-testid="product-list"]//li' data='<li class="sc-hwhrDX ghzctf"><a href=...'>, <Selector query='//div[@data-testid="product-list"]//li' data='<li class="sc-hwhrDX ghzctf"><a href=...'>, <Selector query='//div[@data-testid="product-list"]//li' data='<li class="sc-hwhrDX ghzctf"><a href=...'>, <Selector query='//div[@data-testid="product-list"]//li' data='<li class="sc-hwhrDX ghzctf"><a href=...'>, <Selector query='//div[@data-testid="product-list"]//li' data='<li class="sc-hwhrDX ghzctf"><a href=...'>, <Selector query='//div[@data-testid="product-list"]//li' data='<li class="sc-hwhrDX ghzctf"><a href=...'>, <Selector query='//div[@data-testid="product-list"]//li' data='<li class="sc-hwhrDX ghzctf"><a href=...'>, <Selector query='//div[@data-testid="product-list"]//li' data='<li class="sc-hwhrDX ghzctf"><a href=...'>, <Selector query='//div[@data-testid="product-list"]//li' data='<li class="sc-hwhrDX ghzctf"><a href=...'>, <Selector query='//div[@data-testid="product-list"]//li' data='<li class="sc-hwhrDX ghzctf"><a href=...'>, <Selector query='//div[@data-testid="product-list"]//li' data='<li class="sc-hwhrDX ghzctf"><a href=...'>, <Selector query='//div[@data-testid="product-list"]//li' data='<li class="sc-hwhrDX ghzctf"><a href=...'>, <Selector query='//div[@data-testid="product-list"]//li' data='<li class="sc-hwhrDX ghzctf"><a href=...'>, <Selector query='//div[@data-testid="product-list"]//li' data='<li class="sc-hwhrDX ghzctf"><a href=...'>, <Selector query='//div[@data-testid="product-list"]//li' data='<li class="sc-hwhrDX ghzctf"><a href=...'>, <Selector query='//div[@data-testid="product-list"]//li' data='<li class="sc-hwhrDX ghzctf"><a href=...'>, <Selector query='//div[@data-testid="product-list"]//li' data='<li class="sc-hwhrDX ghzctf"><a href=...'>, <Selector query='//div[@data-testid="product-list"]//li' data='<li class="sc-hwhrDX ghzctf"><a href=...'>, <Selector query='//div[@data-testid="product-list"]//li' data='<li class="sc-hwhrDX ghzctf"><a href=...'>]2025-04-15 00:03:46 [scrapy.core.scraper] DEBUG: Scraped from <200 https://www.magazineluiza.com.br/busca/garrafa+stanley+aerolight+fast+flow/?page=1?page=1>
[2025-04-15T00:03:47.380+0000] {subprocess.py:106} INFO - {'title': 'GARRAFA STANLEY AEROLIGHT FAST FLOW 1.1Lt ORIGINAL TODAS AS CORES', 'price': 'R$\xa0332,00', 'review': '4.2 (6)', 'store': 'Magazine Luiza'}
[2025-04-15T00:03:47.383+0000] {subprocess.py:106} INFO - 2025-04-15 00:03:46 [scrapy.core.scraper] DEBUG: Scraped from <200 https://www.magazineluiza.com.br/busca/garrafa+stanley+aerolight+fast+flow/?page=1?page=1>
[2025-04-15T00:03:47.386+0000] {subprocess.py:106} INFO - {'title': 'Garrafa stanley aerolight fast flow 710ml original todas as cores', 'price': 'R$\xa0304,10', 'review': '5.0 (1)', 'store': 'Magazine Luiza'}
[2025-04-15T00:03:47.388+0000] {subprocess.py:106} INFO - 2025-04-15 00:03:46 [scrapy.core.scraper] DEBUG: Scraped from <200 https://www.magazineluiza.com.br/busca/garrafa+stanley+aerolight+fast+flow/?page=1?page=1>
[2025-04-15T00:03:47.390+0000] {subprocess.py:106} INFO - {'title': 'Garrafa Térmica Aerolight Stanley Fast Flow 710ml - Matte Black', 'price': 'R$\xa0287,37', 'review': '5.0 (1)', 'store': 'Magazine Luiza'}
[2025-04-15T00:03:47.393+0000] {subprocess.py:106} INFO - 2025-04-15 00:03:46 [scrapy.core.scraper] DEBUG: Scraped from <200 https://www.magazineluiza.com.br/busca/garrafa+stanley+aerolight+fast+flow/?page=1?page=1>
[2025-04-15T00:03:47.396+0000] {subprocess.py:106} INFO - {'title': 'Garrafa Térmica Stanley Aerolight Fast Flow Lavender 710ML - STANLEY PMI', 'price': 'R$\xa0289,97', 'review': None, 'store': 'Magazine Luiza'}
[2025-04-15T00:03:47.398+0000] {subprocess.py:106} INFO - 2025-04-15 00:03:46 [scrapy.core.scraper] DEBUG: Scraped from <200 https://www.magazineluiza.com.br/busca/garrafa+stanley+aerolight+fast+flow/?page=1?page=1>
[2025-04-15T00:03:47.401+0000] {subprocess.py:106} INFO - {'title': 'Stanley Garrafa Térmica Aerolight Original Fast Flow Branco Polar 710ml', 'price': 'R$\xa0332,10', 'review': None, 'store': 'Magazine Luiza'}
[2025-04-15T00:03:47.403+0000] {subprocess.py:106} INFO - 2025-04-15 00:03:46 [scrapy.core.scraper] DEBUG: Scraped from <200 https://www.magazineluiza.com.br/busca/garrafa+stanley+aerolight+fast+flow/?page=1?page=1>
[2025-04-15T00:03:47.406+0000] {subprocess.py:106} INFO - {'title': 'Garrafa Térmica Aerolight Stanley Fast Flow 1,1L - Tigerlily', 'price': 'R$\xa0315,27', 'review': '5.0 (1)', 'store': 'Magazine Luiza'}
[2025-04-15T00:03:47.408+0000] {subprocess.py:106} INFO - 2025-04-15 00:03:46 [scrapy.core.scraper] DEBUG: Scraped from <200 https://www.magazineluiza.com.br/busca/garrafa+stanley+aerolight+fast+flow/?page=1?page=1>
[2025-04-15T00:03:47.410+0000] {subprocess.py:106} INFO - {'title': 'Garrafa Térmica Stanley Aerolight Fast Flow 1.1L Pink', 'price': 'R$\xa0289,23', 'review': None, 'store': 'Magazine Luiza'}
[2025-04-15T00:03:47.415+0000] {subprocess.py:106} INFO - 2025-04-15 00:03:46 [scrapy.core.scraper] DEBUG: Scraped from <200 https://www.magazineluiza.com.br/busca/garrafa+stanley+aerolight+fast+flow/?page=1?page=1>
[2025-04-15T00:03:47.417+0000] {subprocess.py:106} INFO - {'title': 'Garrafa Térmica Aerolight Fast Flow Matte Black 1,1L Stanley', 'price': 'R$\xa0351,23', 'review': '4.2 (6)', 'store': 'Magazine Luiza'}
[2025-04-15T00:03:47.419+0000] {subprocess.py:106} INFO - 2025-04-15 00:03:46 [scrapy.core.scraper] DEBUG: Scraped from <200 https://www.magazineluiza.com.br/busca/garrafa+stanley+aerolight+fast+flow/?page=1?page=1>
[2025-04-15T00:03:47.421+0000] {subprocess.py:106} INFO - {'title': 'Garrafa Térmica Stanley Aerolight Fast Flow Matte Black 710ML', 'price': 'R$\xa0272,49', 'review': '5.0 (1)', 'store': 'Magazine Luiza'}
[2025-04-15T00:03:47.424+0000] {subprocess.py:106} INFO - 2025-04-15 00:03:46 [scrapy.core.scraper] DEBUG: Scraped from <200 https://www.magazineluiza.com.br/busca/garrafa+stanley+aerolight+fast+flow/?page=1?page=1>
[2025-04-15T00:03:47.426+0000] {subprocess.py:106} INFO - {'title': 'Garrafa Térmica Aerolight Stanley Fast Flow 710ml - Lavender', 'price': 'R$\xa0287,37', 'review': None, 'store': 'Magazine Luiza'}
[2025-04-15T00:03:47.428+0000] {subprocess.py:106} INFO - 2025-04-15 00:03:46 [scrapy.core.scraper] DEBUG: Scraped from <200 https://www.magazineluiza.com.br/busca/garrafa+stanley+aerolight+fast+flow/?page=1?page=1>
[2025-04-15T00:03:47.430+0000] {subprocess.py:106} INFO - {'title': 'Garrafa Térmica Stanley Aerolight Fast Flow Branco Polar 1,1 Litros', 'price': 'R$\xa0299,46', 'review': None, 'store': 'Magazine Luiza'}
[2025-04-15T00:03:47.432+0000] {subprocess.py:106} INFO - 2025-04-15 00:03:46 [scrapy.core.scraper] DEBUG: Scraped from <200 https://www.magazineluiza.com.br/busca/garrafa+stanley+aerolight+fast+flow/?page=1?page=1>
[2025-04-15T00:03:47.435+0000] {subprocess.py:106} INFO - {'title': 'Garrafa Térmica Aerolight Stanley Fast Flow 1,1L - Citron', 'price': 'R$\xa0315,27', 'review': None, 'store': 'Magazine Luiza'}
[2025-04-15T00:03:47.437+0000] {subprocess.py:106} INFO - 2025-04-15 00:03:46 [scrapy.core.scraper] DEBUG: Scraped from <200 https://www.magazineluiza.com.br/busca/garrafa+stanley+aerolight+fast+flow/?page=1?page=1>
[2025-04-15T00:03:47.439+0000] {subprocess.py:106} INFO - {'title': 'Garrafa Térmica Aerolight Stanley Fast Flow 1,1L - Polar', 'price': 'R$\xa0315,27', 'review': None, 'store': 'Magazine Luiza'}
[2025-04-15T00:03:47.441+0000] {subprocess.py:106} INFO - 2025-04-15 00:03:46 [scrapy.core.scraper] DEBUG: Scraped from <200 https://www.magazineluiza.com.br/busca/garrafa+stanley+aerolight+fast+flow/?page=1?page=1>
[2025-04-15T00:03:47.443+0000] {subprocess.py:106} INFO - {'title': 'Garrafa Térmica Stanley Aerolight Fast Flow Citron 710ML', 'price': 'R$\xa0272,49', 'review': None, 'store': 'Magazine Luiza'}
[2025-04-15T00:03:47.445+0000] {subprocess.py:106} INFO - 2025-04-15 00:03:46 [scrapy.core.scraper] DEBUG: Scraped from <200 https://www.magazineluiza.com.br/busca/garrafa+stanley+aerolight+fast+flow/?page=1?page=1>
[2025-04-15T00:03:47.450+0000] {subprocess.py:106} INFO - {'title': 'Garrafa Térmica Stanley Aerolight Fast Flow Original Laranja Tigerlily 1,1 L', 'price': 'R$\xa0379,00', 'review': '5.0 (1)', 'store': 'Magazine Luiza'}
[2025-04-15T00:03:47.454+0000] {subprocess.py:106} INFO - 2025-04-15 00:03:46 [scrapy.core.scraper] DEBUG: Scraped from <200 https://www.magazineluiza.com.br/busca/garrafa+stanley+aerolight+fast+flow/?page=1?page=1>
[2025-04-15T00:03:47.456+0000] {subprocess.py:106} INFO - {'title': 'Garrafa Térmica Aerolight Laranja Fast Flow Tigerlily 1,1L Stanley', 'price': 'R$\xa0344,01', 'review': '5.0 (1)', 'store': 'Magazine Luiza'}
[2025-04-15T00:03:47.457+0000] {subprocess.py:106} INFO - 2025-04-15 00:03:46 [scrapy.core.scraper] DEBUG: Scraped from <200 https://www.magazineluiza.com.br/busca/garrafa+stanley+aerolight+fast+flow/?page=1?page=1>
[2025-04-15T00:03:47.459+0000] {subprocess.py:106} INFO - {'title': 'Garrafa stanley térmica aerolight fast flow em aço inox 710ml lavender 08241-00', 'price': 'R$\xa0324,57', 'review': None, 'store': 'Magazine Luiza'}
[2025-04-15T00:03:47.465+0000] {subprocess.py:106} INFO - 2025-04-15 00:03:46 [scrapy.core.scraper] DEBUG: Scraped from <200 https://www.magazineluiza.com.br/busca/garrafa+stanley+aerolight+fast+flow/?page=1?page=1>
[2025-04-15T00:03:47.469+0000] {subprocess.py:106} INFO - {'title': 'Garrafa stanley térmica aerolight fast flow 1,1 litros laranja tigerlily 08242-00', 'price': 'R$\xa0343,17', 'review': '5.0 (1)', 'store': 'Magazine Luiza'}
[2025-04-15T00:03:47.472+0000] {subprocess.py:106} INFO - 2025-04-15 00:03:46 [scrapy.core.scraper] DEBUG: Scraped from <200 https://www.magazineluiza.com.br/busca/garrafa+stanley+aerolight+fast+flow/?page=1?page=1>
[2025-04-15T00:03:47.474+0000] {subprocess.py:106} INFO - {'title': 'Garrafa Térmica Stanley Aerolight Fast Flow 710ml Rosa Claro', 'price': 'R$\xa0268,57', 'review': None, 'store': 'Magazine Luiza'}
[2025-04-15T00:03:47.477+0000] {subprocess.py:106} INFO - 2025-04-15 00:03:46 [scrapy.core.scraper] DEBUG: Scraped from <200 https://www.magazineluiza.com.br/busca/garrafa+stanley+aerolight+fast+flow/?page=1?page=1>
[2025-04-15T00:03:47.479+0000] {subprocess.py:106} INFO - {'title': 'Garrafa Térmica Stanley Aerolight Fast Flow 1.1L Verde Água', 'price': 'R$\xa0289,23', 'review': None, 'store': 'Magazine Luiza'}
[2025-04-15T00:03:47.482+0000] {subprocess.py:106} INFO - 2025-04-15 00:03:46 [scrapy.core.scraper] DEBUG: Scraped from <200 https://www.magazineluiza.com.br/busca/garrafa+stanley+aerolight+fast+flow/?page=1?page=1>
[2025-04-15T00:03:47.485+0000] {subprocess.py:106} INFO - {'title': 'Garrafa Térmica Stanley Aerolight Fast Flow Branco Polar 1,1 Litros - STANLEY PMI', 'price': 'R$\xa0399,00', 'review': None, 'store': 'Magazine Luiza'}
[2025-04-15T00:03:47.487+0000] {subprocess.py:106} INFO - 2025-04-15 00:03:46 [scrapy.core.scraper] DEBUG: Scraped from <200 https://www.magazineluiza.com.br/busca/garrafa+stanley+aerolight+fast+flow/?page=1?page=1>
[2025-04-15T00:03:47.490+0000] {subprocess.py:106} INFO - {'title': 'Garrafa Térmica Stanley Aerolight Fast Flow Matte Black 710ML - STANLEY PMI', 'price': 'R$\xa0365,00', 'review': '5.0 (1)', 'store': 'Magazine Luiza'}
[2025-04-15T00:03:47.492+0000] {subprocess.py:106} INFO - 2025-04-15 00:03:46 [scrapy.core.scraper] DEBUG: Scraped from <200 https://www.magazineluiza.com.br/busca/garrafa+stanley+aerolight+fast+flow/?page=1?page=1>
[2025-04-15T00:03:47.495+0000] {subprocess.py:106} INFO - {'title': 'Garrafa stanley térmica aerolight fast flow em aço inox 710ml laranja tigerlily 08204-00', 'price': 'R$\xa0324,57', 'review': None, 'store': 'Magazine Luiza'}
[2025-04-15T00:03:47.497+0000] {subprocess.py:106} INFO - 2025-04-15 00:03:46 [scrapy.core.scraper] DEBUG: Scraped from <200 https://www.magazineluiza.com.br/busca/garrafa+stanley+aerolight+fast+flow/?page=1?page=1>
[2025-04-15T00:03:47.501+0000] {subprocess.py:106} INFO - {'title': 'Garrafa stanley térmica aerolight fast flow em aço inox 710ml vivid violet 08405-00', 'price': 'R$\xa0324,57', 'review': None, 'store': 'Magazine Luiza'}
[2025-04-15T00:03:47.504+0000] {subprocess.py:106} INFO - 2025-04-15 00:03:46 [scrapy.core.scraper] DEBUG: Scraped from <200 https://www.magazineluiza.com.br/busca/garrafa+stanley+aerolight+fast+flow/?page=1?page=1>
[2025-04-15T00:03:47.506+0000] {subprocess.py:106} INFO - {'title': 'Garrafa Térmica Stanley Aerolight Fast Flow 710ml Lilás', 'price': 'R$\xa0268,57', 'review': None, 'store': 'Magazine Luiza'}
[2025-04-15T00:03:47.508+0000] {subprocess.py:106} INFO - 2025-04-15 00:03:46 [scrapy.core.scraper] DEBUG: Scraped from <200 https://www.magazineluiza.com.br/busca/garrafa+stanley+aerolight+fast+flow/?page=1?page=1>
[2025-04-15T00:03:47.511+0000] {subprocess.py:106} INFO - {'title': 'Garrafa Térmica Stanley Aerolight Fast Flow Branco Polar 1,1 Litros - STANLEY PMI', 'price': 'R$\xa0385,90', 'review': None, 'store': 'Magazine Luiza'}
[2025-04-15T00:03:47.515+0000] {subprocess.py:106} INFO - 2025-04-15 00:03:46 [scrapy.core.scraper] DEBUG: Scraped from <200 https://www.magazineluiza.com.br/busca/garrafa+stanley+aerolight+fast+flow/?page=1?page=1>
[2025-04-15T00:03:47.519+0000] {subprocess.py:106} INFO - {'title': 'Garrafa Térmica Stanley Aerolight Fast Flow 710 ML Azul 0838', 'price': 'R$\xa0369,90', 'review': None, 'store': 'Magazine Luiza'}
[2025-04-15T00:03:47.521+0000] {subprocess.py:106} INFO - 2025-04-15 00:03:46 [scrapy.core.scraper] DEBUG: Scraped from <200 https://www.magazineluiza.com.br/busca/garrafa+stanley+aerolight+fast+flow/?page=1?page=1>
[2025-04-15T00:03:47.523+0000] {subprocess.py:106} INFO - {'title': 'Garrafa stanley térmica aerolight fast flow 1,1 litros branco polar 08207-00', 'price': 'R$\xa0343,17', 'review': None, 'store': 'Magazine Luiza'}
[2025-04-15T00:03:47.525+0000] {subprocess.py:106} INFO - 2025-04-15 00:03:46 [scrapy.core.scraper] DEBUG: Scraped from <200 https://www.magazineluiza.com.br/busca/garrafa+stanley+aerolight+fast+flow/?page=1?page=1>
[2025-04-15T00:03:47.527+0000] {subprocess.py:106} INFO - {'title': 'Garrafa Térmica Stanley Aerolight Fast Flow 710ml Azul Claro', 'price': 'R$\xa0268,57', 'review': None, 'store': 'Magazine Luiza'}
[2025-04-15T00:03:47.529+0000] {subprocess.py:106} INFO - 2025-04-15 00:03:46 [scrapy.core.scraper] DEBUG: Scraped from <200 https://www.magazineluiza.com.br/busca/garrafa+stanley+aerolight+fast+flow/?page=1?page=1>
[2025-04-15T00:03:47.531+0000] {subprocess.py:106} INFO - {'title': 'Garrafa termica stanley aerolight fast flow tigerlily 1,1l cod8208 cx6', 'price': 'R$\xa0434,37', 'review': '5.0 (1)', 'store': 'Magazine Luiza'}
[2025-04-15T00:03:47.534+0000] {subprocess.py:106} INFO - 2025-04-15 00:03:46 [scrapy.core.scraper] DEBUG: Scraped from <200 https://www.magazineluiza.com.br/busca/garrafa+stanley+aerolight+fast+flow/?page=1?page=1>
[2025-04-15T00:03:47.536+0000] {subprocess.py:106} INFO - {'title': 'Garrafa Térmica Stanley Aerolight Fast Flow Branco Polar 710', 'price': 'R$\xa0361,00', 'review': None, 'store': 'Magazine Luiza'}
[2025-04-15T00:03:47.538+0000] {subprocess.py:106} INFO - 2025-04-15 00:03:46 [scrapy.core.scraper] DEBUG: Scraped from <200 https://www.magazineluiza.com.br/busca/garrafa+stanley+aerolight+fast+flow/?page=1?page=1>
[2025-04-15T00:03:47.540+0000] {subprocess.py:106} INFO - {'title': 'Garrafa Térmica Stanley IceFlow Aerolight Fast Flow 700ml - Cinza', 'price': 'R$\xa0448,45', 'review': None, 'store': 'Magazine Luiza'}
[2025-04-15T00:03:47.542+0000] {subprocess.py:106} INFO - 2025-04-15 00:03:46 [scrapy.core.scraper] DEBUG: Scraped from <200 https://www.magazineluiza.com.br/busca/garrafa+stanley+aerolight+fast+flow/?page=1?page=1>
[2025-04-15T00:03:47.543+0000] {subprocess.py:106} INFO - {'title': 'Garrafa Térmica STanley Aerolight Fast Flow 1,1L', 'price': 'R$\xa0368,18', 'review': None, 'store': 'Magazine Luiza'}
[2025-04-15T00:03:47.545+0000] {subprocess.py:106} INFO - 2025-04-15 00:03:46 [scrapy.core.scraper] DEBUG: Scraped from <200 https://www.magazineluiza.com.br/busca/garrafa+stanley+aerolight+fast+flow/?page=1?page=1>
[2025-04-15T00:03:47.547+0000] {subprocess.py:106} INFO - {'title': 'Garrafa Térmica Stanley Aerolight Fast Flow Citron 1,1 Litros - STANLEY PMI', 'price': 'R$\xa0359,43', 'review': None, 'store': 'Magazine Luiza'}
[2025-04-15T00:03:47.550+0000] {subprocess.py:106} INFO - 2025-04-15 00:03:46 [scrapy.core.scraper] DEBUG: Scraped from <200 https://www.magazineluiza.com.br/busca/garrafa+stanley+aerolight+fast+flow/?page=1?page=1>
[2025-04-15T00:03:47.552+0000] {subprocess.py:106} INFO - {'title': 'Garrafa Térmica Aerolight Fast Flow 1,1L Polar Stanley', 'price': 'R$\xa0379,00', 'review': None, 'store': 'Magazine Luiza'}
[2025-04-15T00:03:47.554+0000] {subprocess.py:106} INFO - 2025-04-15 00:03:46 [scrapy.core.scraper] DEBUG: Scraped from <200 https://www.magazineluiza.com.br/busca/garrafa+stanley+aerolight+fast+flow/?page=1?page=1>
[2025-04-15T00:03:47.555+0000] {subprocess.py:106} INFO - {'title': 'Garrafa Térmica Aerolight Fast Flow Tigerlily 710ml Stanley', 'price': 'R$\xa0289,23', 'review': None, 'store': 'Magazine Luiza'}
[2025-04-15T00:03:47.558+0000] {subprocess.py:106} INFO - 2025-04-15 00:03:46 [scrapy.core.scraper] DEBUG: Scraped from <200 https://www.magazineluiza.com.br/busca/garrafa+stanley+aerolight+fast+flow/?page=1?page=1>
[2025-04-15T00:03:47.560+0000] {subprocess.py:106} INFO - {'title': 'Garrafa stanley térmica aerolight fast flow em aço inox 710ml azul tropical teal 08406-00', 'price': 'R$\xa0324,57', 'review': None, 'store': 'Magazine Luiza'}
[2025-04-15T00:03:47.562+0000] {subprocess.py:106} INFO - 2025-04-15 00:03:46 [scrapy.core.scraper] DEBUG: Scraped from <200 https://www.magazineluiza.com.br/busca/garrafa+stanley+aerolight+fast+flow/?page=1?page=1>
[2025-04-15T00:03:47.565+0000] {subprocess.py:106} INFO - {'title': 'Garrafa Térmica Stanley Aerolight Fast Flow Citron 1,1 Litros - STANLEY PMI', 'price': 'R$\xa0385,90', 'review': None, 'store': 'Magazine Luiza'}
[2025-04-15T00:03:47.568+0000] {subprocess.py:106} INFO - 2025-04-15 00:03:46 [scrapy.core.scraper] DEBUG: Scraped from <200 https://www.magazineluiza.com.br/busca/garrafa+stanley+aerolight+fast+flow/?page=1?page=1>
[2025-04-15T00:03:47.569+0000] {subprocess.py:106} INFO - {'title': 'Garrafa Térmica Stanley Aerolight Fast Flow 710ml Verde Água', 'price': 'R$\xa0268,57', 'review': None, 'store': 'Magazine Luiza'}
[2025-04-15T00:03:47.572+0000] {subprocess.py:106} INFO - 2025-04-15 00:03:46 [scrapy.core.scraper] DEBUG: Scraped from <200 https://www.magazineluiza.com.br/busca/garrafa+stanley+aerolight+fast+flow/?page=1?page=1>
[2025-04-15T00:03:47.574+0000] {subprocess.py:106} INFO - {'title': 'Garrafa Térmica Aerolight Fast Flow Stanley 710ML', 'price': 'R$\xa0359,91', 'review': None, 'store': 'Magazine Luiza'}
[2025-04-15T00:03:47.576+0000] {subprocess.py:106} INFO - 2025-04-15 00:03:46 [scrapy.core.scraper] DEBUG: Scraped from <200 https://www.magazineluiza.com.br/busca/garrafa+stanley+aerolight+fast+flow/?page=1?page=1>
[2025-04-15T00:03:47.578+0000] {subprocess.py:106} INFO - {'title': 'Garrafa Térmica Aerolight Fast Flow Polar 1,1L Stanley', 'price': 'R$\xa0351,23', 'review': None, 'store': 'Magazine Luiza'}
[2025-04-15T00:03:47.580+0000] {subprocess.py:106} INFO - 2025-04-15 00:03:46 [scrapy.core.scraper] DEBUG: Scraped from <200 https://www.magazineluiza.com.br/busca/garrafa+stanley+aerolight+fast+flow/?page=1?page=1>
[2025-04-15T00:03:47.583+0000] {subprocess.py:106} INFO - {'title': 'Garrafa Térmica Stanley Aerolight Fast Flow Citron 710ML - STANLEY PMI', 'price': 'R$\xa0419,90', 'review': None, 'store': 'Magazine Luiza'}
[2025-04-15T00:03:47.585+0000] {subprocess.py:106} INFO - 2025-04-15 00:03:46 [scrapy.core.scraper] DEBUG: Scraped from <200 https://www.magazineluiza.com.br/busca/garrafa+stanley+aerolight+fast+flow/?page=1?page=1>
[2025-04-15T00:03:47.587+0000] {subprocess.py:106} INFO - {'title': 'Garrafa Térmica Aerolight Fast Flow Heat Wave Passion Pink 710ML Stanley', 'price': 'R$\xa0306,81', 'review': None, 'store': 'Magazine Luiza'}
[2025-04-15T00:03:47.590+0000] {subprocess.py:106} INFO - 2025-04-15 00:03:46 [scrapy.core.scraper] DEBUG: Scraped from <200 https://www.magazineluiza.com.br/busca/garrafa+stanley+aerolight+fast+flow/?page=1?page=1>
[2025-04-15T00:03:47.592+0000] {subprocess.py:106} INFO - {'title': 'Garrafa stanley térmica aerolight fast flow em aço inox 710ml passion pink 08404-00', 'price': 'R$\xa0324,57', 'review': None, 'store': 'Magazine Luiza'}
[2025-04-15T00:03:47.594+0000] {subprocess.py:106} INFO - 2025-04-15 00:03:46 [scrapy.core.scraper] DEBUG: Scraped from <200 https://www.magazineluiza.com.br/busca/garrafa+stanley+aerolight+fast+flow/?page=1?page=1>
[2025-04-15T00:03:47.595+0000] {subprocess.py:106} INFO - {'title': 'Garrafa Térmica STanley Aerolight Fast Flow 1,1L', 'price': 'R$\xa0368,18', 'review': None, 'store': 'Magazine Luiza'}
[2025-04-15T00:03:47.598+0000] {subprocess.py:106} INFO - 2025-04-15 00:03:46 [scrapy.core.scraper] DEBUG: Scraped from <200 https://www.magazineluiza.com.br/busca/garrafa+stanley+aerolight+fast+flow/?page=1?page=1>
[2025-04-15T00:03:47.600+0000] {subprocess.py:106} INFO - {'title': 'Garrafa Térmica Stanley Aerolight Fast Flow Citron 1,1 Litros - STANLEY PMI', 'price': 'R$\xa0371,07', 'review': None, 'store': 'Magazine Luiza'}
[2025-04-15T00:03:47.603+0000] {subprocess.py:106} INFO - 2025-04-15 00:03:46 [scrapy.core.scraper] DEBUG: Scraped from <200 https://www.magazineluiza.com.br/busca/garrafa+stanley+aerolight+fast+flow/?page=1?page=1>
[2025-04-15T00:03:47.605+0000] {subprocess.py:106} INFO - {'title': 'Garrafa stanley térmica aerolight fast flow 710ml matte black 08202-00', 'price': 'R$\xa0324,57', 'review': '5.0 (1)', 'store': 'Magazine Luiza'}
[2025-04-15T00:03:47.607+0000] {subprocess.py:106} INFO - 2025-04-15 00:03:46 [scrapy.core.scraper] DEBUG: Scraped from <200 https://www.magazineluiza.com.br/busca/garrafa+stanley+aerolight+fast+flow/?page=1?page=1>
[2025-04-15T00:03:47.609+0000] {subprocess.py:106} INFO - {'title': 'Garrafa Térmica Stanley Aerolight Fast Flow 710ml Verde Limão', 'price': 'R$\xa0268,57', 'review': None, 'store': 'Magazine Luiza'}
[2025-04-15T00:03:47.612+0000] {subprocess.py:106} INFO - 2025-04-15 00:03:46 [scrapy.core.scraper] DEBUG: Scraped from <200 https://www.magazineluiza.com.br/busca/garrafa+stanley+aerolight+fast+flow/?page=1?page=1>
[2025-04-15T00:03:47.614+0000] {subprocess.py:106} INFO - {'title': 'Garrafa Térmica Stanley Aerolight Fast Flow Branco Polar 710ML - STANLEY PMI', 'price': 'R$\xa0369,90', 'review': None, 'store': 'Magazine Luiza'}
[2025-04-15T00:03:47.617+0000] {subprocess.py:106} INFO - 2025-04-15 00:03:46 [scrapy.core.scraper] DEBUG: Scraped from <200 https://www.magazineluiza.com.br/busca/garrafa+stanley+aerolight+fast+flow/?page=1?page=1>
[2025-04-15T00:03:47.619+0000] {subprocess.py:106} INFO - {'title': 'Garrafa Térmica Aerolight Fast Flow Stanley Citron 710 Ml', 'price': 'R$\xa0365,00', 'review': None, 'store': 'Magazine Luiza'}
[2025-04-15T00:03:47.622+0000] {subprocess.py:106} INFO - 2025-04-15 00:03:46 [scrapy.core.scraper] DEBUG: Scraped from <200 https://www.magazineluiza.com.br/busca/garrafa+stanley+aerolight+fast+flow/?page=1?page=1>
[2025-04-15T00:03:47.625+0000] {subprocess.py:106} INFO - {'title': 'Garrafa Térmica Stanley Aerolight Fast Flow Citron 1,1 Litros - STANLEY PMI', 'price': 'R$\xa0489,00', 'review': None, 'store': 'Magazine Luiza'}
[2025-04-15T00:03:47.627+0000] {subprocess.py:106} INFO - 2025-04-15 00:03:46 [scrapy.core.scraper] DEBUG: Scraped from <200 https://www.magazineluiza.com.br/busca/garrafa+stanley+aerolight+fast+flow/?page=1?page=1>
[2025-04-15T00:03:47.629+0000] {subprocess.py:106} INFO - {'title': 'Garrafa Térmica Stanley Aerolight Fast Flow 0.7L Verde 08205', 'price': 'R$\xa0344,01', 'review': None, 'store': 'Magazine Luiza'}
[2025-04-15T00:03:47.631+0000] {subprocess.py:106} INFO - 2025-04-15 00:03:46 [scrapy.core.scraper] DEBUG: Scraped from <200 https://www.magazineluiza.com.br/busca/garrafa+stanley+aerolight+fast+flow/?page=1?page=1>
[2025-04-15T00:03:47.634+0000] {subprocess.py:106} INFO - {'title': 'Garrafa Térmico Aerolight Fast Flow 710 Ml Citron Stanley', 'price': 'R$\xa0329,57', 'review': None, 'store': 'Magazine Luiza'}
[2025-04-15T00:03:47.636+0000] {subprocess.py:106} INFO - 2025-04-15 00:03:46 [scrapy.core.scraper] DEBUG: Scraped from <200 https://www.magazineluiza.com.br/busca/garrafa+stanley+aerolight+fast+flow/?page=1?page=1>
[2025-04-15T00:03:47.638+0000] {subprocess.py:106} INFO - {'title': 'Garrafa Térmica Aerolight Fast Flow Polar 1,1L', 'price': 'R$\xa0479,99', 'review': None, 'store': 'Magazine Luiza'}
[2025-04-15T00:03:47.640+0000] {subprocess.py:106} INFO - 2025-04-15 00:03:46 [scrapy.core.scraper] DEBUG: Scraped from <200 https://www.magazineluiza.com.br/busca/garrafa+stanley+aerolight+fast+flow/?page=1?page=1>
[2025-04-15T00:03:47.643+0000] {subprocess.py:106} INFO - {'title': 'Garrafa Térmica Stanley Aerolight Fast Flow Lavender 710ML - STANLEY PMI', 'price': 'R$\xa0361,77', 'review': None, 'store': 'Magazine Luiza'}
[2025-04-15T00:03:47.645+0000] {subprocess.py:106} INFO - 2025-04-15 00:03:46 [scrapy.core.engine] INFO: Closing spider (finished)
[2025-04-15T00:03:47.650+0000] {subprocess.py:106} INFO - 2025-04-15 00:03:46 [scrapy.extensions.feedexport] INFO: Stored csv feed (110 items) in: /opt/***/dags/scrap_result.csv
[2025-04-15T00:03:47.652+0000] {subprocess.py:106} INFO - 2025-04-15 00:03:46 [scrapy.statscollectors] INFO: Dumping Scrapy stats:
[2025-04-15T00:03:47.655+0000] {subprocess.py:106} INFO - {'downloader/request_bytes': 2458,
[2025-04-15T00:03:47.658+0000] {subprocess.py:106} INFO -  'downloader/request_count': 3,
[2025-04-15T00:03:47.660+0000] {subprocess.py:106} INFO -  'downloader/request_method_count/GET': 3,
[2025-04-15T00:03:47.663+0000] {subprocess.py:106} INFO -  'downloader/response_bytes': 283754,
[2025-04-15T00:03:47.666+0000] {subprocess.py:106} INFO -  'downloader/response_count': 3,
[2025-04-15T00:03:47.669+0000] {subprocess.py:106} INFO -  'downloader/response_status_count/200': 3,
[2025-04-15T00:03:47.672+0000] {subprocess.py:106} INFO -  'elapsed_time_seconds': 3.922976,
[2025-04-15T00:03:47.675+0000] {subprocess.py:106} INFO -  'feedexport/success_count/FileFeedStorage': 1,
[2025-04-15T00:03:47.677+0000] {subprocess.py:106} INFO -  'finish_reason': 'finished',
[2025-04-15T00:03:47.680+0000] {subprocess.py:106} INFO -  'finish_time': datetime.datetime(2025, 4, 15, 0, 3, 46, 773537, tzinfo=datetime.timezone.utc),
[2025-04-15T00:03:47.683+0000] {subprocess.py:106} INFO -  'httpcompression/response_bytes': 2092413,
[2025-04-15T00:03:47.686+0000] {subprocess.py:106} INFO -  'httpcompression/response_count': 3,
[2025-04-15T00:03:47.688+0000] {subprocess.py:106} INFO -  'item_scraped_count': 110,
[2025-04-15T00:03:47.691+0000] {subprocess.py:106} INFO -  'items_per_minute': None,
[2025-04-15T00:03:47.693+0000] {subprocess.py:106} INFO -  'log_count/DEBUG': 114,
[2025-04-15T00:03:47.696+0000] {subprocess.py:106} INFO -  'log_count/INFO': 11,
[2025-04-15T00:03:47.698+0000] {subprocess.py:106} INFO -  'memusage/max': 218742784,
[2025-04-15T00:03:47.702+0000] {subprocess.py:106} INFO -  'memusage/startup': 218742784,
[2025-04-15T00:03:47.704+0000] {subprocess.py:106} INFO -  'request_depth_max': 1,
[2025-04-15T00:03:47.706+0000] {subprocess.py:106} INFO -  'response_received_count': 3,
[2025-04-15T00:03:47.708+0000] {subprocess.py:106} INFO -  'responses_per_minute': None,
[2025-04-15T00:03:47.710+0000] {subprocess.py:106} INFO -  'scheduler/dequeued': 3,
[2025-04-15T00:03:47.713+0000] {subprocess.py:106} INFO -  'scheduler/dequeued/memory': 3,
[2025-04-15T00:03:47.718+0000] {subprocess.py:106} INFO -  'scheduler/enqueued': 3,
[2025-04-15T00:03:47.723+0000] {subprocess.py:106} INFO -  'scheduler/enqueued/memory': 3,
[2025-04-15T00:03:47.726+0000] {subprocess.py:106} INFO -  'start_time': datetime.datetime(2025, 4, 15, 0, 3, 42, 850561, tzinfo=datetime.timezone.utc)}
[2025-04-15T00:03:47.730+0000] {subprocess.py:106} INFO - 2025-04-15 00:03:46 [scrapy.core.engine] INFO: Spider closed (finished)
[2025-04-15T00:03:47.734+0000] {subprocess.py:106} INFO - 
[2025-04-15T00:03:47.736+0000] {subprocess.py:106} INFO - GARRAFA STANLEY AEROLIGHT FAST FLOW 1.1Lt ORIGINAL TODAS AS CORES
[2025-04-15T00:03:47.740+0000] {subprocess.py:106} INFO - [R$ 332,00]
[2025-04-15T00:03:47.742+0000] {subprocess.py:106} INFO - 4.2 (6)
[2025-04-15T00:03:47.745+0000] {subprocess.py:106} INFO - Garrafa stanley aerolight fast flow 710ml original todas as cores
[2025-04-15T00:03:47.747+0000] {subprocess.py:106} INFO - [R$ 304,10]
[2025-04-15T00:03:47.750+0000] {subprocess.py:106} INFO - 5.0 (1)
[2025-04-15T00:03:47.752+0000] {subprocess.py:106} INFO - Garrafa Térmica Aerolight Stanley Fast Flow 710ml - Matte Black
[2025-04-15T00:03:47.755+0000] {subprocess.py:106} INFO - [R$ 287,37]
[2025-04-15T00:03:47.758+0000] {subprocess.py:106} INFO - 5.0 (1)
[2025-04-15T00:03:47.760+0000] {subprocess.py:106} INFO - Garrafa Térmica Stanley Aerolight Fast Flow Lavender 710ML - STANLEY PMI
[2025-04-15T00:03:47.763+0000] {subprocess.py:106} INFO - [R$ 289,97]
[2025-04-15T00:03:47.767+0000] {subprocess.py:106} INFO - None
[2025-04-15T00:03:47.770+0000] {subprocess.py:106} INFO - Stanley Garrafa Térmica Aerolight Original Fast Flow Branco Polar 710ml
[2025-04-15T00:03:47.774+0000] {subprocess.py:106} INFO - [R$ 332,10]
[2025-04-15T00:03:47.777+0000] {subprocess.py:106} INFO - None
[2025-04-15T00:03:47.780+0000] {subprocess.py:106} INFO - Garrafa Térmica Aerolight Stanley Fast Flow 1,1L - Tigerlily
[2025-04-15T00:03:47.782+0000] {subprocess.py:106} INFO - [R$ 315,27]
[2025-04-15T00:03:47.785+0000] {subprocess.py:106} INFO - 5.0 (1)
[2025-04-15T00:03:47.787+0000] {subprocess.py:106} INFO - Garrafa Térmica Stanley Aerolight Fast Flow 1.1L Pink
[2025-04-15T00:03:47.789+0000] {subprocess.py:106} INFO - [R$ 289,23]
[2025-04-15T00:03:47.792+0000] {subprocess.py:106} INFO - None
[2025-04-15T00:03:47.795+0000] {subprocess.py:106} INFO - Garrafa Térmica Aerolight Fast Flow Matte Black 1,1L Stanley
[2025-04-15T00:03:47.797+0000] {subprocess.py:106} INFO - [R$ 351,23]
[2025-04-15T00:03:47.799+0000] {subprocess.py:106} INFO - 4.2 (6)
[2025-04-15T00:03:47.802+0000] {subprocess.py:106} INFO - Garrafa Térmica Stanley Aerolight Fast Flow Matte Black 710ML
[2025-04-15T00:03:47.805+0000] {subprocess.py:106} INFO - [R$ 272,49]
[2025-04-15T00:03:47.807+0000] {subprocess.py:106} INFO - 5.0 (1)
[2025-04-15T00:03:47.810+0000] {subprocess.py:106} INFO - Garrafa Térmica Aerolight Stanley Fast Flow 710ml - Lavender
[2025-04-15T00:03:47.812+0000] {subprocess.py:106} INFO - [R$ 287,37]
[2025-04-15T00:03:47.816+0000] {subprocess.py:106} INFO - None
[2025-04-15T00:03:47.818+0000] {subprocess.py:106} INFO - Garrafa Térmica Stanley Aerolight Fast Flow Branco Polar 1,1 Litros
[2025-04-15T00:03:47.821+0000] {subprocess.py:106} INFO - [R$ 299,46]
[2025-04-15T00:03:47.823+0000] {subprocess.py:106} INFO - None
[2025-04-15T00:03:47.826+0000] {subprocess.py:106} INFO - Garrafa Térmica Aerolight Stanley Fast Flow 1,1L - Citron
[2025-04-15T00:03:47.828+0000] {subprocess.py:106} INFO - [R$ 315,27]
[2025-04-15T00:03:47.831+0000] {subprocess.py:106} INFO - None
[2025-04-15T00:03:47.833+0000] {subprocess.py:106} INFO - Garrafa Térmica Aerolight Stanley Fast Flow 1,1L - Polar
[2025-04-15T00:03:47.836+0000] {subprocess.py:106} INFO - [R$ 315,27]
[2025-04-15T00:03:47.838+0000] {subprocess.py:106} INFO - None
[2025-04-15T00:03:47.840+0000] {subprocess.py:106} INFO - Garrafa Térmica Stanley Aerolight Fast Flow Citron 710ML
[2025-04-15T00:03:47.843+0000] {subprocess.py:106} INFO - [R$ 272,49]
[2025-04-15T00:03:47.846+0000] {subprocess.py:106} INFO - None
[2025-04-15T00:03:47.848+0000] {subprocess.py:106} INFO - Garrafa Térmica Stanley Aerolight Fast Flow Original Laranja Tigerlily 1,1 L
[2025-04-15T00:03:47.852+0000] {subprocess.py:106} INFO - [R$ 379,00]
[2025-04-15T00:03:47.854+0000] {subprocess.py:106} INFO - 5.0 (1)
[2025-04-15T00:03:47.856+0000] {subprocess.py:106} INFO - Garrafa Térmica Aerolight Laranja Fast Flow Tigerlily 1,1L Stanley
[2025-04-15T00:03:47.859+0000] {subprocess.py:106} INFO - [R$ 344,01]
[2025-04-15T00:03:47.861+0000] {subprocess.py:106} INFO - 5.0 (1)
[2025-04-15T00:03:47.863+0000] {subprocess.py:106} INFO - Garrafa stanley térmica aerolight fast flow em aço inox 710ml lavender 08241-00
[2025-04-15T00:03:47.866+0000] {subprocess.py:106} INFO - [R$ 324,57]
[2025-04-15T00:03:47.869+0000] {subprocess.py:106} INFO - None
[2025-04-15T00:03:47.871+0000] {subprocess.py:106} INFO - Garrafa stanley térmica aerolight fast flow 1,1 litros laranja tigerlily 08242-00
[2025-04-15T00:03:47.873+0000] {subprocess.py:106} INFO - [R$ 343,17]
[2025-04-15T00:03:47.876+0000] {subprocess.py:106} INFO - 5.0 (1)
[2025-04-15T00:03:47.879+0000] {subprocess.py:106} INFO - Garrafa Térmica Stanley Aerolight Fast Flow 710ml Rosa Claro
[2025-04-15T00:03:47.882+0000] {subprocess.py:106} INFO - [R$ 268,57]
[2025-04-15T00:03:47.885+0000] {subprocess.py:106} INFO - None
[2025-04-15T00:03:47.887+0000] {subprocess.py:106} INFO - Garrafa Térmica Stanley Aerolight Fast Flow 1.1L Verde Água
[2025-04-15T00:03:47.889+0000] {subprocess.py:106} INFO - [R$ 289,23]
[2025-04-15T00:03:47.892+0000] {subprocess.py:106} INFO - None
[2025-04-15T00:03:47.896+0000] {subprocess.py:106} INFO - Garrafa Térmica Stanley Aerolight Fast Flow Branco Polar 1,1 Litros - STANLEY PMI
[2025-04-15T00:03:47.898+0000] {subprocess.py:106} INFO - [R$ 399,00]
[2025-04-15T00:03:47.901+0000] {subprocess.py:106} INFO - None
[2025-04-15T00:03:47.907+0000] {subprocess.py:106} INFO - Garrafa Térmica Stanley Aerolight Fast Flow Matte Black 710ML - STANLEY PMI
[2025-04-15T00:03:47.912+0000] {subprocess.py:106} INFO - [R$ 365,00]
[2025-04-15T00:03:47.914+0000] {subprocess.py:106} INFO - 5.0 (1)
[2025-04-15T00:03:47.918+0000] {subprocess.py:106} INFO - Garrafa stanley térmica aerolight fast flow em aço inox 710ml laranja tigerlily 08204-00
[2025-04-15T00:03:47.921+0000] {subprocess.py:106} INFO - [R$ 324,57]
[2025-04-15T00:03:47.924+0000] {subprocess.py:106} INFO - None
[2025-04-15T00:03:47.926+0000] {subprocess.py:106} INFO - Garrafa stanley térmica aerolight fast flow em aço inox 710ml vivid violet 08405-00
[2025-04-15T00:03:47.930+0000] {subprocess.py:106} INFO - [R$ 324,57]
[2025-04-15T00:03:47.933+0000] {subprocess.py:106} INFO - None
[2025-04-15T00:03:47.935+0000] {subprocess.py:106} INFO - Garrafa Térmica Stanley Aerolight Fast Flow 710ml Lilás
[2025-04-15T00:03:47.937+0000] {subprocess.py:106} INFO - [R$ 268,57]
[2025-04-15T00:03:47.940+0000] {subprocess.py:106} INFO - None
[2025-04-15T00:03:47.942+0000] {subprocess.py:106} INFO - Garrafa Térmica Stanley Aerolight Fast Flow Branco Polar 1,1 Litros - STANLEY PMI
[2025-04-15T00:03:47.945+0000] {subprocess.py:106} INFO - [R$ 385,90]
[2025-04-15T00:03:47.947+0000] {subprocess.py:106} INFO - None
[2025-04-15T00:03:47.952+0000] {subprocess.py:106} INFO - Garrafa Térmica Stanley Aerolight Fast Flow 710 ML Azul 0838
[2025-04-15T00:03:47.954+0000] {subprocess.py:106} INFO - [R$ 369,90]
[2025-04-15T00:03:47.957+0000] {subprocess.py:106} INFO - None
[2025-04-15T00:03:47.959+0000] {subprocess.py:106} INFO - Garrafa stanley térmica aerolight fast flow 1,1 litros branco polar 08207-00
[2025-04-15T00:03:47.961+0000] {subprocess.py:106} INFO - [R$ 343,17]
[2025-04-15T00:03:47.964+0000] {subprocess.py:106} INFO - None
[2025-04-15T00:03:47.967+0000] {subprocess.py:106} INFO - Garrafa Térmica Stanley Aerolight Fast Flow 710ml Azul Claro
[2025-04-15T00:03:47.969+0000] {subprocess.py:106} INFO - [R$ 268,57]
[2025-04-15T00:03:47.971+0000] {subprocess.py:106} INFO - None
[2025-04-15T00:03:47.973+0000] {subprocess.py:106} INFO - Garrafa termica stanley aerolight fast flow tigerlily 1,1l cod8208 cx6
[2025-04-15T00:03:47.976+0000] {subprocess.py:106} INFO - [R$ 434,37]
[2025-04-15T00:03:47.979+0000] {subprocess.py:106} INFO - 5.0 (1)
[2025-04-15T00:03:47.983+0000] {subprocess.py:106} INFO - Garrafa Térmica Stanley Aerolight Fast Flow Branco Polar 710
[2025-04-15T00:03:47.985+0000] {subprocess.py:106} INFO - [R$ 361,00]
[2025-04-15T00:03:47.988+0000] {subprocess.py:106} INFO - None
[2025-04-15T00:03:47.991+0000] {subprocess.py:106} INFO - Garrafa Térmica Stanley IceFlow Aerolight Fast Flow 700ml - Cinza
[2025-04-15T00:03:47.993+0000] {subprocess.py:106} INFO - [R$ 448,45]
[2025-04-15T00:03:47.996+0000] {subprocess.py:106} INFO - None
[2025-04-15T00:03:47.998+0000] {subprocess.py:106} INFO - Garrafa Térmica STanley Aerolight Fast Flow 1,1L
[2025-04-15T00:03:48.001+0000] {subprocess.py:106} INFO - [R$ 368,18]
[2025-04-15T00:03:48.004+0000] {subprocess.py:106} INFO - None
[2025-04-15T00:03:48.007+0000] {subprocess.py:106} INFO - Garrafa Térmica Stanley Aerolight Fast Flow Citron 1,1 Litros - STANLEY PMI
[2025-04-15T00:03:48.009+0000] {subprocess.py:106} INFO - [R$ 359,43]
[2025-04-15T00:03:48.012+0000] {subprocess.py:106} INFO - None
[2025-04-15T00:03:48.015+0000] {subprocess.py:106} INFO - Garrafa Térmica Aerolight Fast Flow 1,1L Polar Stanley
[2025-04-15T00:03:48.018+0000] {subprocess.py:106} INFO - [R$ 379,00]
[2025-04-15T00:03:48.021+0000] {subprocess.py:106} INFO - None
[2025-04-15T00:03:48.025+0000] {subprocess.py:106} INFO - Garrafa Térmica Aerolight Fast Flow Tigerlily 710ml Stanley
[2025-04-15T00:03:48.029+0000] {subprocess.py:106} INFO - [R$ 289,23]
[2025-04-15T00:03:48.035+0000] {subprocess.py:106} INFO - None
[2025-04-15T00:03:48.039+0000] {subprocess.py:106} INFO - Garrafa stanley térmica aerolight fast flow em aço inox 710ml azul tropical teal 08406-00
[2025-04-15T00:03:48.050+0000] {subprocess.py:106} INFO - [R$ 324,57]
[2025-04-15T00:03:48.056+0000] {subprocess.py:106} INFO - None
[2025-04-15T00:03:48.060+0000] {subprocess.py:106} INFO - Garrafa Térmica Stanley Aerolight Fast Flow Citron 1,1 Litros - STANLEY PMI
[2025-04-15T00:03:48.062+0000] {subprocess.py:106} INFO - [R$ 385,90]
[2025-04-15T00:03:48.066+0000] {subprocess.py:106} INFO - None
[2025-04-15T00:03:48.073+0000] {subprocess.py:106} INFO - Garrafa Térmica Stanley Aerolight Fast Flow 710ml Verde Água
[2025-04-15T00:03:48.077+0000] {subprocess.py:106} INFO - [R$ 268,57]
[2025-04-15T00:03:48.081+0000] {subprocess.py:106} INFO - None
[2025-04-15T00:03:48.086+0000] {subprocess.py:106} INFO - Garrafa Térmica Aerolight Fast Flow Stanley 710ML
[2025-04-15T00:03:48.088+0000] {subprocess.py:106} INFO - [R$ 359,91]
[2025-04-15T00:03:48.096+0000] {subprocess.py:106} INFO - None
[2025-04-15T00:03:48.100+0000] {subprocess.py:106} INFO - Garrafa Térmica Aerolight Fast Flow Polar 1,1L Stanley
[2025-04-15T00:03:48.103+0000] {subprocess.py:106} INFO - [R$ 351,23]
[2025-04-15T00:03:48.107+0000] {subprocess.py:106} INFO - None
[2025-04-15T00:03:48.117+0000] {subprocess.py:106} INFO - Garrafa Térmica Stanley Aerolight Fast Flow Citron 710ML - STANLEY PMI
[2025-04-15T00:03:48.124+0000] {subprocess.py:106} INFO - [R$ 419,90]
[2025-04-15T00:03:48.126+0000] {subprocess.py:106} INFO - None
[2025-04-15T00:03:48.129+0000] {subprocess.py:106} INFO - Garrafa Térmica Aerolight Fast Flow Heat Wave Passion Pink 710ML Stanley
[2025-04-15T00:03:48.131+0000] {subprocess.py:106} INFO - [R$ 306,81]
[2025-04-15T00:03:48.134+0000] {subprocess.py:106} INFO - None
[2025-04-15T00:03:48.136+0000] {subprocess.py:106} INFO - Garrafa stanley térmica aerolight fast flow em aço inox 710ml passion pink 08404-00
[2025-04-15T00:03:48.138+0000] {subprocess.py:106} INFO - [R$ 324,57]
[2025-04-15T00:03:48.142+0000] {subprocess.py:106} INFO - None
[2025-04-15T00:03:48.145+0000] {subprocess.py:106} INFO - Garrafa Térmica STanley Aerolight Fast Flow 1,1L
[2025-04-15T00:03:48.147+0000] {subprocess.py:106} INFO - [R$ 368,18]
[2025-04-15T00:03:48.150+0000] {subprocess.py:106} INFO - None
[2025-04-15T00:03:48.153+0000] {subprocess.py:106} INFO - Garrafa Térmica Stanley Aerolight Fast Flow Citron 1,1 Litros - STANLEY PMI
[2025-04-15T00:03:48.157+0000] {subprocess.py:106} INFO - [R$ 371,07]
[2025-04-15T00:03:48.160+0000] {subprocess.py:106} INFO - None
[2025-04-15T00:03:48.162+0000] {subprocess.py:106} INFO - Garrafa stanley térmica aerolight fast flow 710ml matte black 08202-00
[2025-04-15T00:03:48.164+0000] {subprocess.py:106} INFO - [R$ 324,57]
[2025-04-15T00:03:48.167+0000] {subprocess.py:106} INFO - 5.0 (1)
[2025-04-15T00:03:48.170+0000] {subprocess.py:106} INFO - Garrafa Térmica Stanley Aerolight Fast Flow 710ml Verde Limão
[2025-04-15T00:03:48.172+0000] {subprocess.py:106} INFO - [R$ 268,57]
[2025-04-15T00:03:48.175+0000] {subprocess.py:106} INFO - None
[2025-04-15T00:03:48.177+0000] {subprocess.py:106} INFO - Garrafa Térmica Stanley Aerolight Fast Flow Branco Polar 710ML - STANLEY PMI
[2025-04-15T00:03:48.180+0000] {subprocess.py:106} INFO - [R$ 369,90]
[2025-04-15T00:03:48.182+0000] {subprocess.py:106} INFO - None
[2025-04-15T00:03:48.185+0000] {subprocess.py:106} INFO - Garrafa Térmica Aerolight Fast Flow Stanley Citron 710 Ml
[2025-04-15T00:03:48.187+0000] {subprocess.py:106} INFO - [R$ 365,00]
[2025-04-15T00:03:48.189+0000] {subprocess.py:106} INFO - None
[2025-04-15T00:03:48.192+0000] {subprocess.py:106} INFO - Garrafa Térmica Stanley Aerolight Fast Flow Citron 1,1 Litros - STANLEY PMI
[2025-04-15T00:03:48.195+0000] {subprocess.py:106} INFO - [R$ 489,00]
[2025-04-15T00:03:48.202+0000] {subprocess.py:106} INFO - None
[2025-04-15T00:03:48.204+0000] {subprocess.py:106} INFO - Garrafa Térmica Stanley Aerolight Fast Flow 0.7L Verde 08205
[2025-04-15T00:03:48.208+0000] {subprocess.py:106} INFO - [R$ 344,01]
[2025-04-15T00:03:48.211+0000] {subprocess.py:106} INFO - None
[2025-04-15T00:03:48.213+0000] {subprocess.py:106} INFO - Garrafa Térmico Aerolight Fast Flow 710 Ml Citron Stanley
[2025-04-15T00:03:48.216+0000] {subprocess.py:106} INFO - [R$ 329,57]
[2025-04-15T00:03:48.218+0000] {subprocess.py:106} INFO - None
[2025-04-15T00:03:48.220+0000] {subprocess.py:106} INFO - Garrafa Térmica Aerolight Fast Flow Polar 1,1L
[2025-04-15T00:03:48.222+0000] {subprocess.py:106} INFO - [R$ 479,99]
[2025-04-15T00:03:48.225+0000] {subprocess.py:106} INFO - None
[2025-04-15T00:03:48.227+0000] {subprocess.py:106} INFO - Garrafa Térmica Stanley Aerolight Fast Flow Lavender 710ML - STANLEY PMI
[2025-04-15T00:03:48.229+0000] {subprocess.py:106} INFO - [R$ 361,77]
[2025-04-15T00:03:48.231+0000] {subprocess.py:106} INFO - None
[2025-04-15T00:03:48.234+0000] {subprocess.py:110} INFO - Command exited with return code 0
[2025-04-15T00:03:48.400+0000] {taskinstance.py:341} INFO - ::group::Post task execution logs
[2025-04-15T00:03:48.403+0000] {taskinstance.py:353} INFO - Marking task as SUCCESS. dag_id=pipeline_garrafa_stanley, task_id=scrap_magalu, run_id=manual__2025-04-15T00:03:36.030450+00:00, execution_date=20250415T000336, start_date=20250415T000339, end_date=20250415T000348
[2025-04-15T00:03:48.608+0000] {local_task_job_runner.py:266} INFO - Task exited with return code 0
[2025-04-15T00:03:48.736+0000] {taskinstance.py:3901} INFO - 1 downstream tasks scheduled from follow-on schedule check
[2025-04-15T00:03:48.743+0000] {local_task_job_runner.py:245} INFO - ::endgroup::
