[2025-04-15T00:47:43.746+0000] {local_task_job_runner.py:123} INFO - ::group::Pre task execution logs
[2025-04-15T00:47:43.848+0000] {taskinstance.py:2614} INFO - Dependencies all met for dep_context=non-requeueable deps ti=<TaskInstance: pipeline_garrafa_stanley.scrap_magalu manual__2025-04-15T00:47:39.458921+00:00 [queued]>
[2025-04-15T00:47:43.881+0000] {taskinstance.py:2614} INFO - Dependencies all met for dep_context=requeueable deps ti=<TaskInstance: pipeline_garrafa_stanley.scrap_magalu manual__2025-04-15T00:47:39.458921+00:00 [queued]>
[2025-04-15T00:47:43.883+0000] {taskinstance.py:2867} INFO - Starting attempt 1 of 1
[2025-04-15T00:47:43.931+0000] {taskinstance.py:2890} INFO - Executing <Task(BashOperator): scrap_magalu> on 2025-04-15 00:47:39.458921+00:00
[2025-04-15T00:47:43.952+0000] {warnings.py:112} WARNING - /home/***/.local/lib/python3.12/site-packages/***/task/task_runner/standard_task_runner.py:70: DeprecationWarning: This process (pid=4104) is multi-threaded, use of fork() may lead to deadlocks in the child.
  pid = os.fork()

[2025-04-15T00:47:43.958+0000] {standard_task_runner.py:72} INFO - Started process 4106 to run task
[2025-04-15T00:47:43.961+0000] {standard_task_runner.py:104} INFO - Running: ['***', 'tasks', 'run', 'pipeline_garrafa_stanley', 'scrap_magalu', 'manual__2025-04-15T00:47:39.458921+00:00', '--job-id', '138', '--raw', '--subdir', 'DAGS_FOLDER/pipeline.py', '--cfg-path', '/tmp/tmplgvf0mgi']
[2025-04-15T00:47:43.974+0000] {standard_task_runner.py:105} INFO - Job 138: Subtask scrap_magalu
[2025-04-15T00:47:44.257+0000] {task_command.py:467} INFO - Running <TaskInstance: pipeline_garrafa_stanley.scrap_magalu manual__2025-04-15T00:47:39.458921+00:00 [running]> on host a68e7f38875d
[2025-04-15T00:47:44.772+0000] {taskinstance.py:3134} INFO - Exporting env vars: AIRFLOW_CTX_DAG_OWNER='Mário Kojima' AIRFLOW_CTX_DAG_ID='pipeline_garrafa_stanley' AIRFLOW_CTX_TASK_ID='scrap_magalu' AIRFLOW_CTX_EXECUTION_DATE='2025-04-15T00:47:39.458921+00:00' AIRFLOW_CTX_TRY_NUMBER='1' AIRFLOW_CTX_DAG_RUN_ID='manual__2025-04-15T00:47:39.458921+00:00'
[2025-04-15T00:47:44.778+0000] {taskinstance.py:732} INFO - ::endgroup::
[2025-04-15T00:47:44.826+0000] {subprocess.py:78} INFO - Tmp dir root location: /tmp
[2025-04-15T00:47:44.829+0000] {subprocess.py:88} INFO - Running command: ['/usr/bin/bash', '-c', 'scrapy runspider /opt/***/dags/scrap_magalu.py -O /opt/***/dags/scrap_result.csv']
[2025-04-15T00:47:44.858+0000] {subprocess.py:99} INFO - Output:
[2025-04-15T00:47:47.857+0000] {subprocess.py:106} INFO - 2025-04-15 00:47:47 [scrapy.utils.log] INFO: Scrapy 2.12.0 started (bot: scrapybot)
[2025-04-15T00:47:47.868+0000] {subprocess.py:106} INFO - 2025-04-15 00:47:47 [scrapy.utils.log] INFO: Versions: lxml 5.3.0.0, libxml2 2.12.9, cssselect 1.3.0, parsel 1.10.0, w3lib 2.3.1, Twisted 24.11.0, Python 3.12.9 (main, Feb  6 2025, 22:37:05) [GCC 12.2.0], pyOpenSSL 24.3.0 (OpenSSL 3.2.2 4 Jun 2024), cryptography 42.0.8, Platform Linux-5.10.76-linuxkit-x86_64-with-glibc2.36
[2025-04-15T00:47:47.884+0000] {subprocess.py:106} INFO - 2025-04-15 00:47:47 [scrapy.addons] INFO: Enabled addons:
[2025-04-15T00:47:47.887+0000] {subprocess.py:106} INFO - []
[2025-04-15T00:47:47.889+0000] {subprocess.py:106} INFO - 2025-04-15 00:47:47 [scrapy.utils.log] DEBUG: Using reactor: twisted.internet.epollreactor.EPollReactor
[2025-04-15T00:47:47.895+0000] {subprocess.py:106} INFO - 2025-04-15 00:47:47 [scrapy.extensions.telnet] INFO: Telnet Password: b2f5467a26ce6bb0
[2025-04-15T00:47:48.035+0000] {subprocess.py:106} INFO - 2025-04-15 00:47:48 [scrapy.middleware] INFO: Enabled extensions:
[2025-04-15T00:47:48.038+0000] {subprocess.py:106} INFO - ['scrapy.extensions.corestats.CoreStats',
[2025-04-15T00:47:48.041+0000] {subprocess.py:106} INFO -  'scrapy.extensions.telnet.TelnetConsole',
[2025-04-15T00:47:48.044+0000] {subprocess.py:106} INFO -  'scrapy.extensions.memusage.MemoryUsage',
[2025-04-15T00:47:48.046+0000] {subprocess.py:106} INFO -  'scrapy.extensions.feedexport.FeedExporter',
[2025-04-15T00:47:48.048+0000] {subprocess.py:106} INFO -  'scrapy.extensions.logstats.LogStats']
[2025-04-15T00:47:48.055+0000] {subprocess.py:106} INFO - 2025-04-15 00:47:48 [scrapy.crawler] INFO: Overridden settings:
[2025-04-15T00:47:48.059+0000] {subprocess.py:106} INFO - {'SPIDER_LOADER_WARN_ONLY': True,
[2025-04-15T00:47:48.062+0000] {subprocess.py:106} INFO -  'USER_AGENT': 'Mozilla/5.0 (X11; Linux x86_64) AppleWebKit/537.36 (KHTML, '
[2025-04-15T00:47:48.069+0000] {subprocess.py:106} INFO -                'like Gecko) Chrome/51.0.2704.103 Safari/537.36'}
[2025-04-15T00:47:48.367+0000] {subprocess.py:106} INFO - 2025-04-15 00:47:48 [scrapy.middleware] INFO: Enabled downloader middlewares:
[2025-04-15T00:47:48.371+0000] {subprocess.py:106} INFO - ['scrapy.downloadermiddlewares.offsite.OffsiteMiddleware',
[2025-04-15T00:47:48.375+0000] {subprocess.py:106} INFO -  'scrapy.downloadermiddlewares.httpauth.HttpAuthMiddleware',
[2025-04-15T00:47:48.380+0000] {subprocess.py:106} INFO -  'scrapy.downloadermiddlewares.downloadtimeout.DownloadTimeoutMiddleware',
[2025-04-15T00:47:48.385+0000] {subprocess.py:106} INFO -  'scrapy.downloadermiddlewares.defaultheaders.DefaultHeadersMiddleware',
[2025-04-15T00:47:48.389+0000] {subprocess.py:106} INFO -  'scrapy.downloadermiddlewares.useragent.UserAgentMiddleware',
[2025-04-15T00:47:48.393+0000] {subprocess.py:106} INFO -  'scrapy.downloadermiddlewares.retry.RetryMiddleware',
[2025-04-15T00:47:48.398+0000] {subprocess.py:106} INFO -  'scrapy.downloadermiddlewares.redirect.MetaRefreshMiddleware',
[2025-04-15T00:47:48.404+0000] {subprocess.py:106} INFO -  'scrapy.downloadermiddlewares.httpcompression.HttpCompressionMiddleware',
[2025-04-15T00:47:48.409+0000] {subprocess.py:106} INFO -  'scrapy.downloadermiddlewares.redirect.RedirectMiddleware',
[2025-04-15T00:47:48.416+0000] {subprocess.py:106} INFO -  'scrapy.downloadermiddlewares.cookies.CookiesMiddleware',
[2025-04-15T00:47:48.420+0000] {subprocess.py:106} INFO -  'scrapy.downloadermiddlewares.httpproxy.HttpProxyMiddleware',
[2025-04-15T00:47:48.423+0000] {subprocess.py:106} INFO -  'scrapy.downloadermiddlewares.stats.DownloaderStats']
[2025-04-15T00:47:48.426+0000] {subprocess.py:106} INFO - 2025-04-15 00:47:48 [scrapy.middleware] INFO: Enabled spider middlewares:
[2025-04-15T00:47:48.428+0000] {subprocess.py:106} INFO - ['scrapy.spidermiddlewares.httperror.HttpErrorMiddleware',
[2025-04-15T00:47:48.430+0000] {subprocess.py:106} INFO -  'scrapy.spidermiddlewares.referer.RefererMiddleware',
[2025-04-15T00:47:48.432+0000] {subprocess.py:106} INFO -  'scrapy.spidermiddlewares.urllength.UrlLengthMiddleware',
[2025-04-15T00:47:48.442+0000] {subprocess.py:106} INFO -  'scrapy.spidermiddlewares.depth.DepthMiddleware']
[2025-04-15T00:47:48.448+0000] {subprocess.py:106} INFO - 2025-04-15 00:47:48 [scrapy.middleware] INFO: Enabled item pipelines:
[2025-04-15T00:47:48.450+0000] {subprocess.py:106} INFO - []
[2025-04-15T00:47:48.452+0000] {subprocess.py:106} INFO - 2025-04-15 00:47:48 [scrapy.core.engine] INFO: Spider opened
[2025-04-15T00:47:48.454+0000] {subprocess.py:106} INFO - 2025-04-15 00:47:48 [scrapy.extensions.logstats] INFO: Crawled 0 pages (at 0 pages/min), scraped 0 items (at 0 items/min)
[2025-04-15T00:47:48.457+0000] {subprocess.py:106} INFO - 2025-04-15 00:47:48 [scrapy.extensions.telnet] INFO: Telnet console listening on 127.0.0.1:6023
[2025-04-15T00:47:51.062+0000] {subprocess.py:106} INFO - 2025-04-15 00:47:51 [scrapy.core.engine] DEBUG: Crawled (200) <GET https://www.magazineluiza.com.br/busca/garrafa+stanley+aerolight+fast+flow/?page=1> (referer: None)
[2025-04-15T00:47:52.603+0000] {subprocess.py:106} INFO - 2025-04-15 00:47:52 [scrapy.core.engine] DEBUG: Crawled (200) <GET https://www.magazineluiza.com.br/busca/garrafa+stanley+aerolight+fast+flow/?page=1?page=1> (referer: https://www.magazineluiza.com.br/busca/garrafa+stanley+aerolight+fast+flow/?page=1)
[2025-04-15T00:47:52.775+0000] {subprocess.py:106} INFO - 2025-04-15 00:47:52 [scrapy.core.scraper] DEBUG: Scraped from <200 https://www.magazineluiza.com.br/busca/garrafa+stanley+aerolight+fast+flow/?page=1?page=1>
[2025-04-15T00:47:52.778+0000] {subprocess.py:106} INFO - {'title': 'GARRAFA STANLEY AEROLIGHT FAST FLOW 1.1Lt ORIGINAL TODAS AS CORES', 'price': 'R$\xa0332,00', 'review': '4.2 (6)', 'store': 'Magazine Luiza'}
[2025-04-15T00:47:52.798+0000] {subprocess.py:106} INFO - 2025-04-15 00:47:52 [scrapy.core.scraper] DEBUG: Scraped from <200 https://www.magazineluiza.com.br/busca/garrafa+stanley+aerolight+fast+flow/?page=1?page=1>
[2025-04-15T00:47:52.802+0000] {subprocess.py:106} INFO - {'title': 'Garrafa stanley aerolight fast flow 710ml original todas as cores', 'price': 'R$\xa0304,10', 'review': '5.0 (1)', 'store': 'Magazine Luiza'}
[2025-04-15T00:47:52.804+0000] {subprocess.py:106} INFO - 2025-04-15 00:47:52 [scrapy.core.scraper] DEBUG: Scraped from <200 https://www.magazineluiza.com.br/busca/garrafa+stanley+aerolight+fast+flow/?page=1?page=1>
[2025-04-15T00:47:52.808+0000] {subprocess.py:106} INFO - {'title': 'Garrafa Térmica Aerolight Stanley Fast Flow 710ml - Matte Black', 'price': 'R$\xa0287,37', 'review': '5.0 (1)', 'store': 'Magazine Luiza'}
[2025-04-15T00:47:52.813+0000] {subprocess.py:106} INFO - 2025-04-15 00:47:52 [scrapy.core.scraper] DEBUG: Scraped from <200 https://www.magazineluiza.com.br/busca/garrafa+stanley+aerolight+fast+flow/?page=1?page=1>
[2025-04-15T00:47:52.815+0000] {subprocess.py:106} INFO - {'title': 'Garrafa Térmica Stanley Aerolight Fast Flow Lavender 710ML - STANLEY PMI', 'price': 'R$\xa0289,97', 'review': None, 'store': 'Magazine Luiza'}
[2025-04-15T00:47:52.818+0000] {subprocess.py:106} INFO - 2025-04-15 00:47:52 [scrapy.core.scraper] DEBUG: Scraped from <200 https://www.magazineluiza.com.br/busca/garrafa+stanley+aerolight+fast+flow/?page=1?page=1>
[2025-04-15T00:47:52.822+0000] {subprocess.py:106} INFO - {'title': 'Stanley Garrafa Térmica Aerolight Original Fast Flow Branco Polar 710ml', 'price': 'R$\xa0332,10', 'review': None, 'store': 'Magazine Luiza'}
[2025-04-15T00:47:52.825+0000] {subprocess.py:106} INFO - 2025-04-15 00:47:52 [scrapy.core.scraper] DEBUG: Scraped from <200 https://www.magazineluiza.com.br/busca/garrafa+stanley+aerolight+fast+flow/?page=1?page=1>
[2025-04-15T00:47:52.827+0000] {subprocess.py:106} INFO - {'title': 'Garrafa Térmica Aerolight Stanley Fast Flow 1,1L - Tigerlily', 'price': 'R$\xa0315,27', 'review': '5.0 (1)', 'store': 'Magazine Luiza'}
[2025-04-15T00:47:52.830+0000] {subprocess.py:106} INFO - 2025-04-15 00:47:52 [scrapy.core.scraper] DEBUG: Scraped from <200 https://www.magazineluiza.com.br/busca/garrafa+stanley+aerolight+fast+flow/?page=1?page=1>
[2025-04-15T00:47:52.833+0000] {subprocess.py:106} INFO - {'title': 'Garrafa Térmica Stanley Aerolight Fast Flow 1.1L Pink', 'price': 'R$\xa0289,23', 'review': None, 'store': 'Magazine Luiza'}
[2025-04-15T00:47:52.835+0000] {subprocess.py:106} INFO - 2025-04-15 00:47:52 [scrapy.core.scraper] DEBUG: Scraped from <200 https://www.magazineluiza.com.br/busca/garrafa+stanley+aerolight+fast+flow/?page=1?page=1>
[2025-04-15T00:47:52.839+0000] {subprocess.py:106} INFO - {'title': 'Garrafa Térmica Aerolight Fast Flow Matte Black 1,1L Stanley', 'price': 'R$\xa0351,23', 'review': '4.2 (6)', 'store': 'Magazine Luiza'}
[2025-04-15T00:47:52.842+0000] {subprocess.py:106} INFO - 2025-04-15 00:47:52 [scrapy.core.engine] DEBUG: Crawled (200) <GET https://www.magazineluiza.com.br/busca/garrafa+stanley+aerolight+fast+flow/?page=1?page=2> (referer: https://www.magazineluiza.com.br/busca/garrafa+stanley+aerolight+fast+flow/?page=1)
[2025-04-15T00:47:52.845+0000] {subprocess.py:106} INFO - 2025-04-15 00:47:52 [scrapy.core.scraper] DEBUG: Scraped from <200 https://www.magazineluiza.com.br/busca/garrafa+stanley+aerolight+fast+flow/?page=1?page=1>
[2025-04-15T00:47:52.848+0000] {subprocess.py:106} INFO - {'title': 'Garrafa Térmica Aerolight Stanley Fast Flow 710ml - Lavender', 'price': 'R$\xa0287,37', 'review': None, 'store': 'Magazine Luiza'}
[2025-04-15T00:47:52.851+0000] {subprocess.py:106} INFO - 2025-04-15 00:47:52 [scrapy.core.scraper] DEBUG: Scraped from <200 https://www.magazineluiza.com.br/busca/garrafa+stanley+aerolight+fast+flow/?page=1?page=1>
[2025-04-15T00:47:52.856+0000] {subprocess.py:106} INFO - {'title': 'Garrafa Térmica Stanley Aerolight Fast Flow Branco Polar 1,1 Litros', 'price': 'R$\xa0299,46', 'review': None, 'store': 'Magazine Luiza'}
[2025-04-15T00:47:52.859+0000] {subprocess.py:106} INFO - 2025-04-15 00:47:52 [scrapy.core.scraper] DEBUG: Scraped from <200 https://www.magazineluiza.com.br/busca/garrafa+stanley+aerolight+fast+flow/?page=1?page=1>
[2025-04-15T00:47:52.862+0000] {subprocess.py:106} INFO - {'title': 'Garrafa Térmica Aerolight Stanley Fast Flow 1,1L - Citron', 'price': 'R$\xa0315,27', 'review': None, 'store': 'Magazine Luiza'}
[2025-04-15T00:47:52.865+0000] {subprocess.py:106} INFO - 2025-04-15 00:47:52 [scrapy.core.scraper] DEBUG: Scraped from <200 https://www.magazineluiza.com.br/busca/garrafa+stanley+aerolight+fast+flow/?page=1?page=1>
[2025-04-15T00:47:52.868+0000] {subprocess.py:106} INFO - {'title': 'Garrafa Térmica Aerolight Stanley Fast Flow 1,1L - Polar', 'price': 'R$\xa0315,27', 'review': None, 'store': 'Magazine Luiza'}
[2025-04-15T00:47:52.872+0000] {subprocess.py:106} INFO - 2025-04-15 00:47:52 [scrapy.core.scraper] DEBUG: Scraped from <200 https://www.magazineluiza.com.br/busca/garrafa+stanley+aerolight+fast+flow/?page=1?page=1>
[2025-04-15T00:47:52.876+0000] {subprocess.py:106} INFO - {'title': 'Garrafa Térmica Stanley Aerolight Fast Flow Citron 710ML', 'price': 'R$\xa0272,49', 'review': None, 'store': 'Magazine Luiza'}
[2025-04-15T00:47:52.879+0000] {subprocess.py:106} INFO - 2025-04-15 00:47:52 [scrapy.core.scraper] DEBUG: Scraped from <200 https://www.magazineluiza.com.br/busca/garrafa+stanley+aerolight+fast+flow/?page=1?page=1>
[2025-04-15T00:47:52.882+0000] {subprocess.py:106} INFO - {'title': 'Garrafa Térmica Stanley Aerolight Fast Flow Original Laranja Tigerlily 1,1 L', 'price': 'R$\xa0379,00', 'review': '5.0 (1)', 'store': 'Magazine Luiza'}
[2025-04-15T00:47:52.885+0000] {subprocess.py:106} INFO - 2025-04-15 00:47:52 [scrapy.core.scraper] DEBUG: Scraped from <200 https://www.magazineluiza.com.br/busca/garrafa+stanley+aerolight+fast+flow/?page=1?page=1>
[2025-04-15T00:47:52.888+0000] {subprocess.py:106} INFO - {'title': 'Garrafa Térmica Aerolight Laranja Fast Flow Tigerlily 1,1L Stanley', 'price': 'R$\xa0344,01', 'review': '5.0 (1)', 'store': 'Magazine Luiza'}
[2025-04-15T00:47:52.891+0000] {subprocess.py:106} INFO - 2025-04-15 00:47:52 [scrapy.core.scraper] DEBUG: Scraped from <200 https://www.magazineluiza.com.br/busca/garrafa+stanley+aerolight+fast+flow/?page=1?page=1>
[2025-04-15T00:47:52.894+0000] {subprocess.py:106} INFO - {'title': 'Garrafa stanley térmica aerolight fast flow em aço inox 710ml lavender 08241-00', 'price': 'R$\xa0324,57', 'review': None, 'store': 'Magazine Luiza'}
[2025-04-15T00:47:52.897+0000] {subprocess.py:106} INFO - 2025-04-15 00:47:52 [scrapy.core.scraper] DEBUG: Scraped from <200 https://www.magazineluiza.com.br/busca/garrafa+stanley+aerolight+fast+flow/?page=1?page=1>
[2025-04-15T00:47:52.900+0000] {subprocess.py:106} INFO - {'title': 'Garrafa stanley térmica aerolight fast flow 1,1 litros laranja tigerlily 08242-00', 'price': 'R$\xa0343,17', 'review': '5.0 (1)', 'store': 'Magazine Luiza'}
[2025-04-15T00:47:52.908+0000] {subprocess.py:106} INFO - 2025-04-15 00:47:52 [scrapy.core.scraper] DEBUG: Scraped from <200 https://www.magazineluiza.com.br/busca/garrafa+stanley+aerolight+fast+flow/?page=1?page=1>
[2025-04-15T00:47:52.911+0000] {subprocess.py:106} INFO - {'title': 'Garrafa Térmica Stanley Aerolight Fast Flow 710ml Rosa Claro', 'price': 'R$\xa0268,57', 'review': None, 'store': 'Magazine Luiza'}
[2025-04-15T00:47:52.914+0000] {subprocess.py:106} INFO - 2025-04-15 00:47:52 [scrapy.core.scraper] DEBUG: Scraped from <200 https://www.magazineluiza.com.br/busca/garrafa+stanley+aerolight+fast+flow/?page=1?page=1>
[2025-04-15T00:47:52.916+0000] {subprocess.py:106} INFO - {'title': 'Garrafa Térmica Stanley Aerolight Fast Flow 1.1L Verde Água', 'price': 'R$\xa0289,23', 'review': None, 'store': 'Magazine Luiza'}
[2025-04-15T00:47:52.919+0000] {subprocess.py:106} INFO - 2025-04-15 00:47:52 [scrapy.core.scraper] DEBUG: Scraped from <200 https://www.magazineluiza.com.br/busca/garrafa+stanley+aerolight+fast+flow/?page=1?page=1>
[2025-04-15T00:47:52.923+0000] {subprocess.py:106} INFO - {'title': 'Garrafa Térmica Stanley Aerolight Fast Flow Branco Polar 1,1 Litros - STANLEY PMI', 'price': 'R$\xa0399,00', 'review': None, 'store': 'Magazine Luiza'}
[2025-04-15T00:47:52.926+0000] {subprocess.py:106} INFO - 2025-04-15 00:47:52 [scrapy.core.scraper] DEBUG: Scraped from <200 https://www.magazineluiza.com.br/busca/garrafa+stanley+aerolight+fast+flow/?page=1?page=1>
[2025-04-15T00:47:52.930+0000] {subprocess.py:106} INFO - {'title': 'Garrafa Térmica Stanley Aerolight Fast Flow Matte Black 710ML - STANLEY PMI', 'price': 'R$\xa0365,00', 'review': '5.0 (1)', 'store': 'Magazine Luiza'}
[2025-04-15T00:47:52.936+0000] {subprocess.py:106} INFO - 2025-04-15 00:47:52 [scrapy.core.scraper] DEBUG: Scraped from <200 https://www.magazineluiza.com.br/busca/garrafa+stanley+aerolight+fast+flow/?page=1?page=1>
[2025-04-15T00:47:52.939+0000] {subprocess.py:106} INFO - {'title': 'Garrafa stanley térmica aerolight fast flow em aço inox 710ml laranja tigerlily 08204-00', 'price': 'R$\xa0324,57', 'review': None, 'store': 'Magazine Luiza'}
[2025-04-15T00:47:52.943+0000] {subprocess.py:106} INFO - 2025-04-15 00:47:52 [scrapy.core.scraper] DEBUG: Scraped from <200 https://www.magazineluiza.com.br/busca/garrafa+stanley+aerolight+fast+flow/?page=1?page=1>
[2025-04-15T00:47:52.945+0000] {subprocess.py:106} INFO - {'title': 'Garrafa stanley térmica aerolight fast flow em aço inox 710ml vivid violet 08405-00', 'price': 'R$\xa0324,57', 'review': None, 'store': 'Magazine Luiza'}
[2025-04-15T00:47:52.949+0000] {subprocess.py:106} INFO - **************************************************
[2025-04-15T00:47:52.952+0000] {subprocess.py:106} INFO - 2
[2025-04-15T00:47:52.954+0000] {subprocess.py:106} INFO - **************************************************
[2025-04-15T00:47:52.958+0000] {subprocess.py:106} INFO - https://www.magazineluiza.com.br/busca/garrafa+stanley+aerolight+fast+flow/?page=1?page=1
[2025-04-15T00:47:52.960+0000] {subprocess.py:106} INFO - blocos
[2025-04-15T00:47:52.963+0000] {subprocess.py:106} INFO - [<Selector query='//div[@data-testid="product-list"]//li' data='<li class="sc-hwhrDX ghzctf"><a href=...'>, <Selector query='//div[@data-testid="product-list"]//li' data='<li class="sc-hwhrDX ghzctf"><a href=...'>, <Selector query='//div[@data-testid="product-list"]//li' data='<li class="sc-hwhrDX ghzctf"><a href=...'>, <Selector query='//div[@data-testid="product-list"]//li' data='<li class="sc-hwhrDX ghzctf"><a href=...'>, <Selector query='//div[@data-testid="product-list"]//li' data='<li class="sc-hwhrDX ghzctf"><a href=...'>, <Selector query='//div[@data-testid="product-list"]//li' data='<li class="sc-hwhrDX ghzctf"><a href=...'>, <Selector query='//div[@data-testid="product-list"]//li' data='<li class="sc-hwhrDX ghzctf"><a href=...'>, <Selector query='//div[@data-testid="product-list"]//li' data='<li class="sc-hwhrDX ghzctf"><a href=...'>, <Selector query='//div[@data-testid="product-list"]//li' data='<li class="sc-hwhrDX ghzctf"><a href=...'>, <Selector query='//div[@data-testid="product-list"]//li' data='<li class="sc-hwhrDX ghzctf"><a href=...'>, <Selector query='//div[@data-testid="product-list"]//li' data='<li class="sc-hwhrDX ghzctf"><a href=...'>, <Selector query='//div[@data-testid="product-list"]//li' data='<li class="sc-hwhrDX ghzctf"><a href=...'>, <Selector query='//div[@data-testid="product-list"]//li' data='<li class="sc-hwhrDX ghzctf"><a href=...'>, <Selector query='//div[@data-testid="product-list"]//li' data='<li class="sc-hwhrDX ghzctf"><a href=...'>, <Selector query='//div[@data-testid="product-list"]//li' data='<li class="sc-hwhrDX ghzctf"><a href=...'>, <Selector query='//div[@data-testid="product-list"]//li' data='<li class="sc-hwhrDX ghzctf"><a href=...'>, <Selector query='//div[@data-testid="product-list"]//li' data='<li class="sc-hwhrDX ghzctf"><a href=...'>, <Selector query='//div[@data-testid="product-list"]//li' data='<li class="sc-hwhrDX ghzctf"><a href=...'>, <Selector query='//div[@data-testid="product-list"]//li' data='<li class="sc-hwhrDX ghzctf"><a href=...'>, <Selector query='//div[@data-testid="product-list"]//li' data='<li class="sc-hwhrDX ghzctf"><a href=...'>, <Selector query='//div[@data-testid="product-list"]//li' data='<li class="sc-hwhrDX ghzctf"><a href=...'>, <Selector query='//div[@data-testid="product-list"]//li' data='<li class="sc-hwhrDX ghzctf"><a href=...'>, <Selector query='//div[@data-testid="product-list"]//li' data='<li class="sc-hwhrDX ghzctf"><a href=...'>, <Selector query='//div[@data-testid="product-list"]//li' data='<li class="sc-hwhrDX ghzctf"><a href=...'>, <Selector query='//div[@data-testid="product-list"]//li' data='<li class="sc-hwhrDX ghzctf"><a href=...'>, <Selector query='//div[@data-testid="product-list"]//li' data='<li class="sc-hwhrDX ghzctf"><a href=...'>, <Selector query='//div[@data-testid="product-list"]//li' data='<li class="sc-hwhrDX ghzctf"><a href=...'>, <Selector query='//div[@data-testid="product-list"]//li' data='<li class="sc-hwhrDX ghzctf"><a href=...'>, <Selector query='//div[@data-testid="product-list"]//li' data='<li class="sc-hwhrDX ghzctf"><a href=...'>, <Selector query='//div[@data-testid="product-list"]//li' data='<li class="sc-hwhrDX ghzctf"><a href=...'>, <Selector query='//div[@data-testid="product-list"]//li' data='<li class="sc-hwhrDX ghzctf"><a href=...'>, <Selector query='//div[@data-testid="product-list"]//li' data='<li class="sc-hwhrDX ghzctf"><a href=...'>, <Selector query='//div[@data-testid="product-list"]//li' data='<li class="sc-hwhrDX ghzctf"><a href=...'>, <Selector query='//div[@data-testid="product-list"]//li' data='<li class="sc-hwhrDX ghzctf"><a href=...'>, <Selector query='//div[@data-testid="product-list"]//li' data='<li class="sc-hwhrDX ghzctf"><a href=...'>, <Selector query='//div[@data-testid="product-list"]//li' data='<li class="sc-hwhrDX ghzctf"><a href=...'>, <Selector query='//div[@data-testid="product-list"]//li' data='<li class="sc-hwhrDX ghzctf"><a href=...'>, <Selector query='//div[@data-testid="product-list"]//li' data='<li class="sc-hwhrDX ghzctf"><a href=...'>, <Selector query='//div[@data-testid="product-list"]//li' data='<li class="sc-hwhrDX ghzctf"><a href=...'>, <Selector query='//div[@data-testid="product-list"]//li' data='<li class="sc-hwhrDX ghzctf"><a href=...'>, <Selector query='//div[@data-testid="product-list"]//li' data='<li class="sc-hwhrDX ghzctf"><a href=...'>, <Selector query='//div[@data-testid="product-list"]//li' data='<li class="sc-hwhrDX ghzctf"><a href=...'>, <Selector query='//div[@data-testid="product-list"]//li' data='<li class="sc-hwhrDX ghzctf"><a href=...'>, <Selector query='//div[@data-testid="product-list"]//li' data='<li class="sc-hwhrDX ghzctf"><a href=...'>, <Selector query='//div[@data-testid="product-list"]//li' data='<li class="sc-hwhrDX ghzctf"><a href=...'>, <Selector query='//div[@data-testid="product-list"]//li' data='<li class="sc-hwhrDX ghzctf"><a href=...'>, <Selector query='//div[@data-testid="product-list"]//li' data='<li class="sc-hwhrDX ghzctf"><a href=...'>, <Selector query='//div[@data-testid="product-list"]//li' data='<li class="sc-hwhrDX ghzctf"><a href=...'>, <Selector query='//div[@data-testid="product-list"]//li' data='<li class="sc-hwhrDX ghzctf"><a href=...'>, <Selector query='//div[@data-testid="product-list"]//li' data='<li class="sc-hwhrDX ghzctf"><a href=...'>, <Selector query='//div[@data-testid="product-list"]//li' data='<li class="sc-hwhrDX ghzctf"><a href=...'>, <Selector query='//div[@data-testid="product-list"]//li' data='<li class="sc-hwhrDX ghzctf"><a href=...'>, <Selector query='//div[@data-testid="product-list"]//li' data='<li class="sc-hwhrDX ghzctf"><a href=...'>, <Selector query='//div[@data-testid="product-list"]//li' data='<li class="sc-hwhrDX ghzctf"><a href=...'>, <Selector query='//div[@data-testid="product-list"]//li' data='<li class="sc-hwhrDX ghzctf"><a href=...'>]
[2025-04-15T00:47:52.968+0000] {subprocess.py:106} INFO - GARRAFA STANLEY AEROLIGHT FAST FLOW 1.1Lt ORIGINAL TODAS AS CORES
[2025-04-15T00:47:52.973+0000] {subprocess.py:106} INFO - [R$ 332,00]
[2025-04-15T00:47:52.977+0000] {subprocess.py:106} INFO - 4.2 (6)
[2025-04-15T00:47:52.980+0000] {subprocess.py:106} INFO - Garrafa stanley aerolight fast flow 710ml original todas as cores
[2025-04-15T00:47:52.983+0000] {subprocess.py:106} INFO - [R$ 304,10]
[2025-04-15T00:47:52.986+0000] {subprocess.py:106} INFO - 5.0 (1)
[2025-04-15T00:47:52.989+0000] {subprocess.py:106} INFO - Garrafa Térmica Aerolight Stanley Fast Flow 710ml - Matte Black
[2025-04-15T00:47:52.991+0000] {subprocess.py:106} INFO - [R$ 287,37]
[2025-04-15T00:47:52.994+0000] {subprocess.py:106} INFO - 5.0 (1)
[2025-04-15T00:47:52.997+0000] {subprocess.py:106} INFO - Garrafa Térmica Stanley Aerolight Fast Flow Lavender 710ML - STANLEY PMI
[2025-04-15T00:47:52.999+0000] {subprocess.py:106} INFO - [R$ 289,97]
[2025-04-15T00:47:53.004+0000] {subprocess.py:106} INFO - None
[2025-04-15T00:47:53.007+0000] {subprocess.py:106} INFO - Stanley Garrafa Térmica Aerolight Original Fast Flow Branco Polar 710ml
[2025-04-15T00:47:53.010+0000] {subprocess.py:106} INFO - [R$ 332,10]
[2025-04-15T00:47:53.012+0000] {subprocess.py:106} INFO - None
[2025-04-15T00:47:53.015+0000] {subprocess.py:106} INFO - Garrafa Térmica Aerolight Stanley Fast Flow 1,1L - Tigerlily
[2025-04-15T00:47:53.018+0000] {subprocess.py:106} INFO - [R$ 315,27]
[2025-04-15T00:47:53.021+0000] {subprocess.py:106} INFO - 5.0 (1)
[2025-04-15T00:47:53.024+0000] {subprocess.py:106} INFO - Garrafa Térmica Stanley Aerolight Fast Flow 1.1L Pink
[2025-04-15T00:47:53.027+0000] {subprocess.py:106} INFO - [R$ 289,23]
[2025-04-15T00:47:53.030+0000] {subprocess.py:106} INFO - None
[2025-04-15T00:47:53.033+0000] {subprocess.py:106} INFO - Garrafa Térmica Aerolight Fast Flow Matte Black 1,1L Stanley
[2025-04-15T00:47:53.036+0000] {subprocess.py:106} INFO - [R$ 351,23]
[2025-04-15T00:47:53.039+0000] {subprocess.py:106} INFO - 4.2 (6)
[2025-04-15T00:47:53.042+0000] {subprocess.py:106} INFO - Garrafa Térmica Aerolight Stanley Fast Flow 710ml - Lavender
[2025-04-15T00:47:53.045+0000] {subprocess.py:106} INFO - [R$ 287,37]
[2025-04-15T00:47:53.048+0000] {subprocess.py:106} INFO - None
[2025-04-15T00:47:53.050+0000] {subprocess.py:106} INFO - Garrafa Térmica Stanley Aerolight Fast Flow Branco Polar 1,1 Litros
[2025-04-15T00:47:53.053+0000] {subprocess.py:106} INFO - [R$ 299,46]
[2025-04-15T00:47:53.056+0000] {subprocess.py:106} INFO - None
[2025-04-15T00:47:53.059+0000] {subprocess.py:106} INFO - Garrafa Térmica Aerolight Stanley Fast Flow 1,1L - Citron
[2025-04-15T00:47:53.062+0000] {subprocess.py:106} INFO - [R$ 315,27]
[2025-04-15T00:47:53.064+0000] {subprocess.py:106} INFO - None
[2025-04-15T00:47:53.067+0000] {subprocess.py:106} INFO - Garrafa Térmica Aerolight Stanley Fast Flow 1,1L - Polar
[2025-04-15T00:47:53.070+0000] {subprocess.py:106} INFO - [R$ 315,27]
[2025-04-15T00:47:53.074+0000] {subprocess.py:106} INFO - None
[2025-04-15T00:47:53.077+0000] {subprocess.py:106} INFO - Garrafa Térmica Stanley Aerolight Fast Flow Citron 710ML
[2025-04-15T00:47:53.080+0000] {subprocess.py:106} INFO - [R$ 272,49]
[2025-04-15T00:47:53.082+0000] {subprocess.py:106} INFO - None
[2025-04-15T00:47:53.085+0000] {subprocess.py:106} INFO - Garrafa Térmica Stanley Aerolight Fast Flow Original Laranja Tigerlily 1,1 L
[2025-04-15T00:47:53.088+0000] {subprocess.py:106} INFO - [R$ 379,00]
[2025-04-15T00:47:53.090+0000] {subprocess.py:106} INFO - 5.0 (1)
[2025-04-15T00:47:53.093+0000] {subprocess.py:106} INFO - Garrafa Térmica Aerolight Laranja Fast Flow Tigerlily 1,1L Stanley
[2025-04-15T00:47:53.095+0000] {subprocess.py:106} INFO - [R$ 344,01]
[2025-04-15T00:47:53.098+0000] {subprocess.py:106} INFO - 5.0 (1)
[2025-04-15T00:47:53.101+0000] {subprocess.py:106} INFO - Garrafa stanley térmica aerolight fast flow em aço inox 710ml lavender 08241-00
[2025-04-15T00:47:53.105+0000] {subprocess.py:106} INFO - [R$ 324,57]
[2025-04-15T00:47:53.113+0000] {subprocess.py:106} INFO - None
[2025-04-15T00:47:53.116+0000] {subprocess.py:106} INFO - Garrafa stanley térmica aerolight fast flow 1,1 litros laranja tigerlily 08242-00
[2025-04-15T00:47:53.119+0000] {subprocess.py:106} INFO - [R$ 343,17]
[2025-04-15T00:47:53.122+0000] {subprocess.py:106} INFO - 5.0 (1)
[2025-04-15T00:47:53.125+0000] {subprocess.py:106} INFO - Garrafa Térmica Stanley Aerolight Fast Flow 710ml Rosa Claro
[2025-04-15T00:47:53.128+0000] {subprocess.py:106} INFO - [R$ 268,57]
[2025-04-15T00:47:53.130+0000] {subprocess.py:106} INFO - None
[2025-04-15T00:47:53.133+0000] {subprocess.py:106} INFO - Garrafa Térmica Stanley Aerolight Fast Flow 1.1L Verde Água
[2025-04-15T00:47:53.135+0000] {subprocess.py:106} INFO - [R$ 289,23]
[2025-04-15T00:47:53.139+0000] {subprocess.py:106} INFO - None
[2025-04-15T00:47:53.142+0000] {subprocess.py:106} INFO - Garrafa Térmica Stanley Aerolight Fast Flow Branco Polar 1,1 Litros - STANLEY PMI
[2025-04-15T00:47:53.145+0000] {subprocess.py:106} INFO - [R$ 399,00]
[2025-04-15T00:47:53.148+0000] {subprocess.py:106} INFO - None
[2025-04-15T00:47:53.150+0000] {subprocess.py:106} INFO - Garrafa Térmica Stanley Aerolight Fast Flow Matte Black 710ML - STANLEY PMI
[2025-04-15T00:47:53.152+0000] {subprocess.py:106} INFO - [R$ 365,00]
[2025-04-15T00:47:53.154+0000] {subprocess.py:106} INFO - 5.0 (1)
[2025-04-15T00:47:53.157+0000] {subprocess.py:106} INFO - Garrafa stanley térmica aerolight fast flow em aço inox 710ml laranja tigerlily 08204-00
[2025-04-15T00:47:53.159+0000] {subprocess.py:106} INFO - [R$ 324,57]
[2025-04-15T00:47:53.162+0000] {subprocess.py:106} INFO - None
[2025-04-15T00:47:53.165+0000] {subprocess.py:106} INFO - Garrafa stanley térmica aerolight fast flow em aço inox 710ml vivid violet 08405-00
[2025-04-15T00:47:53.167+0000] {subprocess.py:106} INFO - [R$ 324,57]
[2025-04-15T00:47:53.170+0000] {subprocess.py:106} INFO - None
[2025-04-15T00:47:53.173+0000] {subprocess.py:106} INFO - Garrafa Térmica Stanley Aerolight Fast Flow 710ml Lilás
[2025-04-15T00:47:53.176+0000] {subprocess.py:106} INFO - [R$ 268,57]2025-04-15 00:47:52 [scrapy.core.scraper] DEBUG: Scraped from <200 https://www.magazineluiza.com.br/busca/garrafa+stanley+aerolight+fast+flow/?page=1?page=1>
[2025-04-15T00:47:53.179+0000] {subprocess.py:106} INFO - {'title': 'Garrafa Térmica Stanley Aerolight Fast Flow 710ml Lilás', 'price': 'R$\xa0268,57', 'review': None, 'store': 'Magazine Luiza'}
[2025-04-15T00:47:53.182+0000] {subprocess.py:106} INFO - 2025-04-15 00:47:52 [scrapy.core.scraper] DEBUG: Scraped from <200 https://www.magazineluiza.com.br/busca/garrafa+stanley+aerolight+fast+flow/?page=1?page=1>
[2025-04-15T00:47:53.186+0000] {subprocess.py:106} INFO - {'title': 'Garrafa Térmica Stanley Aerolight Fast Flow Branco Polar 1,1 Litros - STANLEY PMI', 'price': 'R$\xa0385,90', 'review': None, 'store': 'Magazine Luiza'}
[2025-04-15T00:47:53.188+0000] {subprocess.py:106} INFO - 2025-04-15 00:47:52 [scrapy.core.scraper] DEBUG: Scraped from <200 https://www.magazineluiza.com.br/busca/garrafa+stanley+aerolight+fast+flow/?page=1?page=1>
[2025-04-15T00:47:53.191+0000] {subprocess.py:106} INFO - {'title': 'Garrafa Térmica Stanley Aerolight Fast Flow 710 ML Azul 0838', 'price': 'R$\xa0369,90', 'review': None, 'store': 'Magazine Luiza'}
[2025-04-15T00:47:53.194+0000] {subprocess.py:106} INFO - 2025-04-15 00:47:52 [scrapy.core.scraper] DEBUG: Scraped from <200 https://www.magazineluiza.com.br/busca/garrafa+stanley+aerolight+fast+flow/?page=1?page=1>
[2025-04-15T00:47:53.197+0000] {subprocess.py:106} INFO - {'title': 'Garrafa stanley térmica aerolight fast flow 1,1 litros branco polar 08207-00', 'price': 'R$\xa0343,17', 'review': None, 'store': 'Magazine Luiza'}
[2025-04-15T00:47:53.199+0000] {subprocess.py:106} INFO - 2025-04-15 00:47:52 [scrapy.core.scraper] DEBUG: Scraped from <200 https://www.magazineluiza.com.br/busca/garrafa+stanley+aerolight+fast+flow/?page=1?page=1>
[2025-04-15T00:47:53.201+0000] {subprocess.py:106} INFO - {'title': 'Garrafa Térmica Stanley Aerolight Fast Flow 710ml Azul Claro', 'price': 'R$\xa0268,57', 'review': None, 'store': 'Magazine Luiza'}
[2025-04-15T00:47:53.206+0000] {subprocess.py:106} INFO - 2025-04-15 00:47:52 [scrapy.core.scraper] DEBUG: Scraped from <200 https://www.magazineluiza.com.br/busca/garrafa+stanley+aerolight+fast+flow/?page=1?page=1>
[2025-04-15T00:47:53.210+0000] {subprocess.py:106} INFO - {'title': 'Garrafa termica stanley aerolight fast flow tigerlily 1,1l cod8208 cx6', 'price': 'R$\xa0434,37', 'review': '5.0 (1)', 'store': 'Magazine Luiza'}
[2025-04-15T00:47:53.214+0000] {subprocess.py:106} INFO - 2025-04-15 00:47:52 [scrapy.core.scraper] DEBUG: Scraped from <200 https://www.magazineluiza.com.br/busca/garrafa+stanley+aerolight+fast+flow/?page=1?page=1>
[2025-04-15T00:47:53.216+0000] {subprocess.py:106} INFO - {'title': 'Garrafa Térmica Stanley Aerolight Fast Flow Branco Polar 710', 'price': 'R$\xa0361,00', 'review': None, 'store': 'Magazine Luiza'}
[2025-04-15T00:47:53.219+0000] {subprocess.py:106} INFO - 2025-04-15 00:47:52 [scrapy.core.scraper] DEBUG: Scraped from <200 https://www.magazineluiza.com.br/busca/garrafa+stanley+aerolight+fast+flow/?page=1?page=1>
[2025-04-15T00:47:53.222+0000] {subprocess.py:106} INFO - {'title': 'Garrafa Térmica Stanley IceFlow Aerolight Fast Flow 700ml - Cinza', 'price': 'R$\xa0448,45', 'review': None, 'store': 'Magazine Luiza'}
[2025-04-15T00:47:53.226+0000] {subprocess.py:106} INFO - 2025-04-15 00:47:52 [scrapy.core.scraper] DEBUG: Scraped from <200 https://www.magazineluiza.com.br/busca/garrafa+stanley+aerolight+fast+flow/?page=1?page=1>
[2025-04-15T00:47:53.229+0000] {subprocess.py:106} INFO - {'title': 'Garrafa Térmica STanley Aerolight Fast Flow 1,1L', 'price': 'R$\xa0368,18', 'review': None, 'store': 'Magazine Luiza'}
[2025-04-15T00:47:53.231+0000] {subprocess.py:106} INFO - 2025-04-15 00:47:52 [scrapy.core.scraper] DEBUG: Scraped from <200 https://www.magazineluiza.com.br/busca/garrafa+stanley+aerolight+fast+flow/?page=1?page=1>
[2025-04-15T00:47:53.234+0000] {subprocess.py:106} INFO - {'title': 'Garrafa Térmica Stanley Aerolight Fast Flow Citron 1,1 Litros - STANLEY PMI', 'price': 'R$\xa0359,43', 'review': None, 'store': 'Magazine Luiza'}
[2025-04-15T00:47:53.237+0000] {subprocess.py:106} INFO - 2025-04-15 00:47:52 [scrapy.core.scraper] DEBUG: Scraped from <200 https://www.magazineluiza.com.br/busca/garrafa+stanley+aerolight+fast+flow/?page=1?page=1>
[2025-04-15T00:47:53.241+0000] {subprocess.py:106} INFO - {'title': 'Garrafa Térmica Aerolight Fast Flow 1,1L Polar Stanley', 'price': 'R$\xa0379,00', 'review': None, 'store': 'Magazine Luiza'}
[2025-04-15T00:47:53.244+0000] {subprocess.py:106} INFO - 2025-04-15 00:47:52 [scrapy.core.scraper] DEBUG: Scraped from <200 https://www.magazineluiza.com.br/busca/garrafa+stanley+aerolight+fast+flow/?page=1?page=1>
[2025-04-15T00:47:53.246+0000] {subprocess.py:106} INFO - {'title': 'Garrafa Térmica Aerolight Fast Flow Tigerlily 710ml Stanley', 'price': 'R$\xa0289,23', 'review': None, 'store': 'Magazine Luiza'}
[2025-04-15T00:47:53.249+0000] {subprocess.py:106} INFO - 2025-04-15 00:47:52 [scrapy.core.scraper] DEBUG: Scraped from <200 https://www.magazineluiza.com.br/busca/garrafa+stanley+aerolight+fast+flow/?page=1?page=1>
[2025-04-15T00:47:53.252+0000] {subprocess.py:106} INFO - {'title': 'Garrafa stanley térmica aerolight fast flow em aço inox 710ml azul tropical teal 08406-00', 'price': 'R$\xa0324,57', 'review': None, 'store': 'Magazine Luiza'}
[2025-04-15T00:47:53.255+0000] {subprocess.py:106} INFO - 2025-04-15 00:47:52 [scrapy.core.scraper] DEBUG: Scraped from <200 https://www.magazineluiza.com.br/busca/garrafa+stanley+aerolight+fast+flow/?page=1?page=1>
[2025-04-15T00:47:53.257+0000] {subprocess.py:106} INFO - {'title': 'Garrafa Térmica Stanley Aerolight Fast Flow Citron 1,1 Litros - STANLEY PMI', 'price': 'R$\xa0385,90', 'review': None, 'store': 'Magazine Luiza'}
[2025-04-15T00:47:53.259+0000] {subprocess.py:106} INFO - 2025-04-15 00:47:52 [scrapy.core.scraper] DEBUG: Scraped from <200 https://www.magazineluiza.com.br/busca/garrafa+stanley+aerolight+fast+flow/?page=1?page=1>
[2025-04-15T00:47:53.262+0000] {subprocess.py:106} INFO - {'title': 'Garrafa Térmica Stanley Aerolight Fast Flow 710ml Verde Água', 'price': 'R$\xa0268,57', 'review': None, 'store': 'Magazine Luiza'}
[2025-04-15T00:47:53.266+0000] {subprocess.py:106} INFO - 2025-04-15 00:47:52 [scrapy.core.scraper] DEBUG: Scraped from <200 https://www.magazineluiza.com.br/busca/garrafa+stanley+aerolight+fast+flow/?page=1?page=1>
[2025-04-15T00:47:53.269+0000] {subprocess.py:106} INFO - {'title': 'Garrafa Térmica Aerolight Fast Flow Stanley 710ML', 'price': 'R$\xa0359,91', 'review': None, 'store': 'Magazine Luiza'}
[2025-04-15T00:47:53.272+0000] {subprocess.py:106} INFO - 2025-04-15 00:47:52 [scrapy.core.scraper] DEBUG: Scraped from <200 https://www.magazineluiza.com.br/busca/garrafa+stanley+aerolight+fast+flow/?page=1?page=1>
[2025-04-15T00:47:53.277+0000] {subprocess.py:106} INFO - {'title': 'Garrafa Térmica Aerolight Fast Flow Polar 1,1L Stanley', 'price': 'R$\xa0351,23', 'review': None, 'store': 'Magazine Luiza'}
[2025-04-15T00:47:53.280+0000] {subprocess.py:106} INFO - 2025-04-15 00:47:52 [scrapy.core.scraper] DEBUG: Scraped from <200 https://www.magazineluiza.com.br/busca/garrafa+stanley+aerolight+fast+flow/?page=1?page=1>
[2025-04-15T00:47:53.283+0000] {subprocess.py:106} INFO - {'title': 'Garrafa Térmica Stanley Aerolight Fast Flow Citron 710ML - STANLEY PMI', 'price': 'R$\xa0419,90', 'review': None, 'store': 'Magazine Luiza'}
[2025-04-15T00:47:53.286+0000] {subprocess.py:106} INFO - 2025-04-15 00:47:52 [scrapy.core.scraper] DEBUG: Scraped from <200 https://www.magazineluiza.com.br/busca/garrafa+stanley+aerolight+fast+flow/?page=1?page=1>
[2025-04-15T00:47:53.288+0000] {subprocess.py:106} INFO - {'title': 'Garrafa Térmica Aerolight Fast Flow Heat Wave Passion Pink 710ML Stanley', 'price': 'R$\xa0306,81', 'review': None, 'store': 'Magazine Luiza'}
[2025-04-15T00:47:53.295+0000] {subprocess.py:106} INFO - 2025-04-15 00:47:52 [scrapy.core.scraper] DEBUG: Scraped from <200 https://www.magazineluiza.com.br/busca/garrafa+stanley+aerolight+fast+flow/?page=1?page=1>
[2025-04-15T00:47:53.299+0000] {subprocess.py:106} INFO - {'title': 'Garrafa stanley térmica aerolight fast flow em aço inox 710ml passion pink 08404-00', 'price': 'R$\xa0324,57', 'review': None, 'store': 'Magazine Luiza'}
[2025-04-15T00:47:53.303+0000] {subprocess.py:106} INFO - 2025-04-15 00:47:52 [scrapy.core.scraper] DEBUG: Scraped from <200 https://www.magazineluiza.com.br/busca/garrafa+stanley+aerolight+fast+flow/?page=1?page=1>
[2025-04-15T00:47:53.307+0000] {subprocess.py:106} INFO - {'title': 'Garrafa Térmica STanley Aerolight Fast Flow 1,1L', 'price': 'R$\xa0368,18', 'review': None, 'store': 'Magazine Luiza'}
[2025-04-15T00:47:53.310+0000] {subprocess.py:106} INFO - 2025-04-15 00:47:52 [scrapy.core.scraper] DEBUG: Scraped from <200 https://www.magazineluiza.com.br/busca/garrafa+stanley+aerolight+fast+flow/?page=1?page=1>
[2025-04-15T00:47:53.313+0000] {subprocess.py:106} INFO - {'title': 'Garrafa Térmica Stanley Aerolight Fast Flow Citron 1,1 Litros - STANLEY PMI', 'price': 'R$\xa0371,07', 'review': None, 'store': 'Magazine Luiza'}
[2025-04-15T00:47:53.316+0000] {subprocess.py:106} INFO - 2025-04-15 00:47:52 [scrapy.core.scraper] DEBUG: Scraped from <200 https://www.magazineluiza.com.br/busca/garrafa+stanley+aerolight+fast+flow/?page=1?page=1>
[2025-04-15T00:47:53.359+0000] {subprocess.py:106} INFO - {'title': 'Garrafa stanley térmica aerolight fast flow 710ml matte black 08202-00', 'price': 'R$\xa0324,57', 'review': '5.0 (1)', 'store': 'Magazine Luiza'}
[2025-04-15T00:47:53.362+0000] {subprocess.py:106} INFO - 2025-04-15 00:47:52 [scrapy.core.scraper] DEBUG: Scraped from <200 https://www.magazineluiza.com.br/busca/garrafa+stanley+aerolight+fast+flow/?page=1?page=1>
[2025-04-15T00:47:53.364+0000] {subprocess.py:106} INFO - {'title': 'Garrafa Térmica Stanley Aerolight Fast Flow 710ml Verde Limão', 'price': 'R$\xa0268,57', 'review': None, 'store': 'Magazine Luiza'}
[2025-04-15T00:47:53.367+0000] {subprocess.py:106} INFO - 2025-04-15 00:47:52 [scrapy.core.scraper] DEBUG: Scraped from <200 https://www.magazineluiza.com.br/busca/garrafa+stanley+aerolight+fast+flow/?page=1?page=1>
[2025-04-15T00:47:53.371+0000] {subprocess.py:106} INFO - {'title': 'Garrafa Térmica Stanley Aerolight Fast Flow Branco Polar 710ML - STANLEY PMI', 'price': 'R$\xa0369,90', 'review': None, 'store': 'Magazine Luiza'}
[2025-04-15T00:47:53.375+0000] {subprocess.py:106} INFO - 2025-04-15 00:47:52 [scrapy.core.scraper] DEBUG: Scraped from <200 https://www.magazineluiza.com.br/busca/garrafa+stanley+aerolight+fast+flow/?page=1?page=1>
[2025-04-15T00:47:53.378+0000] {subprocess.py:106} INFO - {'title': 'Garrafa Térmica Aerolight Fast Flow Stanley Citron 710 Ml', 'price': 'R$\xa0365,00', 'review': None, 'store': 'Magazine Luiza'}
[2025-04-15T00:47:53.380+0000] {subprocess.py:106} INFO - 2025-04-15 00:47:52 [scrapy.core.scraper] DEBUG: Scraped from <200 https://www.magazineluiza.com.br/busca/garrafa+stanley+aerolight+fast+flow/?page=1?page=1>
[2025-04-15T00:47:53.382+0000] {subprocess.py:106} INFO - {'title': 'Garrafa Térmica Stanley Aerolight Fast Flow Citron 1,1 Litros - STANLEY PMI', 'price': 'R$\xa0489,00', 'review': None, 'store': 'Magazine Luiza'}
[2025-04-15T00:47:53.385+0000] {subprocess.py:106} INFO - 2025-04-15 00:47:52 [scrapy.core.scraper] DEBUG: Scraped from <200 https://www.magazineluiza.com.br/busca/garrafa+stanley+aerolight+fast+flow/?page=1?page=1>
[2025-04-15T00:47:53.387+0000] {subprocess.py:106} INFO - {'title': 'Garrafa Térmica Stanley Aerolight Fast Flow 0.7L Verde 08205', 'price': 'R$\xa0344,01', 'review': None, 'store': 'Magazine Luiza'}
[2025-04-15T00:47:53.389+0000] {subprocess.py:106} INFO - 2025-04-15 00:47:52 [scrapy.core.scraper] DEBUG: Scraped from <200 https://www.magazineluiza.com.br/busca/garrafa+stanley+aerolight+fast+flow/?page=1?page=1>
[2025-04-15T00:47:53.391+0000] {subprocess.py:106} INFO - {'title': 'Garrafa Térmico Aerolight Fast Flow 710 Ml Citron Stanley', 'price': 'R$\xa0329,57', 'review': None, 'store': 'Magazine Luiza'}
[2025-04-15T00:47:53.394+0000] {subprocess.py:106} INFO - 2025-04-15 00:47:52 [scrapy.core.scraper] DEBUG: Scraped from <200 https://www.magazineluiza.com.br/busca/garrafa+stanley+aerolight+fast+flow/?page=1?page=1>
[2025-04-15T00:47:53.396+0000] {subprocess.py:106} INFO - {'title': 'Garrafa Térmica Aerolight Fast Flow Polar 1,1L', 'price': 'R$\xa0479,99', 'review': None, 'store': 'Magazine Luiza'}
[2025-04-15T00:47:53.398+0000] {subprocess.py:106} INFO - 2025-04-15 00:47:52 [scrapy.core.scraper] DEBUG: Scraped from <200 https://www.magazineluiza.com.br/busca/garrafa+stanley+aerolight+fast+flow/?page=1?page=1>
[2025-04-15T00:47:53.401+0000] {subprocess.py:106} INFO - {'title': 'Garrafa Térmica Stanley Aerolight Fast Flow Lavender 710ML - STANLEY PMI', 'price': 'R$\xa0361,77', 'review': None, 'store': 'Magazine Luiza'}
[2025-04-15T00:47:53.404+0000] {subprocess.py:106} INFO - 2025-04-15 00:47:52 [scrapy.core.scraper] DEBUG: Scraped from <200 https://www.magazineluiza.com.br/busca/garrafa+stanley+aerolight+fast+flow/?page=1?page=1>
[2025-04-15T00:47:53.408+0000] {subprocess.py:106} INFO - {'title': 'Garrafa Térmica Stanley Aerolight Fast Flow Tigerlily 710ML - STANLEY PMI', 'price': 'R$\xa0365,00', 'review': None, 'store': 'Magazine Luiza'}
[2025-04-15T00:47:53.410+0000] {subprocess.py:106} INFO - 
[2025-04-15T00:47:53.413+0000] {subprocess.py:106} INFO - None
[2025-04-15T00:47:53.415+0000] {subprocess.py:106} INFO - Garrafa Térmica Stanley Aerolight Fast Flow Branco Polar 1,1 Litros - STANLEY PMI
[2025-04-15T00:47:53.417+0000] {subprocess.py:106} INFO - [R$ 385,90]
[2025-04-15T00:47:53.420+0000] {subprocess.py:106} INFO - None
[2025-04-15T00:47:53.422+0000] {subprocess.py:106} INFO - Garrafa Térmica Stanley Aerolight Fast Flow 710 ML Azul 0838
[2025-04-15T00:47:53.425+0000] {subprocess.py:106} INFO - [R$ 369,90]
[2025-04-15T00:47:53.428+0000] {subprocess.py:106} INFO - None
[2025-04-15T00:47:53.430+0000] {subprocess.py:106} INFO - Garrafa stanley térmica aerolight fast flow 1,1 litros branco polar 08207-00
[2025-04-15T00:47:53.433+0000] {subprocess.py:106} INFO - [R$ 343,17]
[2025-04-15T00:47:53.437+0000] {subprocess.py:106} INFO - None
[2025-04-15T00:47:53.440+0000] {subprocess.py:106} INFO - Garrafa Térmica Stanley Aerolight Fast Flow 710ml Azul Claro
[2025-04-15T00:47:53.443+0000] {subprocess.py:106} INFO - [R$ 268,57]
[2025-04-15T00:47:53.445+0000] {subprocess.py:106} INFO - None
[2025-04-15T00:47:53.447+0000] {subprocess.py:106} INFO - Garrafa termica stanley aerolight fast flow tigerlily 1,1l cod8208 cx6
[2025-04-15T00:47:53.448+0000] {subprocess.py:106} INFO - [R$ 434,37]
[2025-04-15T00:47:53.450+0000] {subprocess.py:106} INFO - 5.0 (1)
[2025-04-15T00:47:53.452+0000] {subprocess.py:106} INFO - Garrafa Térmica Stanley Aerolight Fast Flow Branco Polar 710
[2025-04-15T00:47:53.454+0000] {subprocess.py:106} INFO - [R$ 361,00]
[2025-04-15T00:47:53.457+0000] {subprocess.py:106} INFO - None
[2025-04-15T00:47:53.459+0000] {subprocess.py:106} INFO - Garrafa Térmica Stanley IceFlow Aerolight Fast Flow 700ml - Cinza
[2025-04-15T00:47:53.461+0000] {subprocess.py:106} INFO - [R$ 448,45]
[2025-04-15T00:47:53.463+0000] {subprocess.py:106} INFO - None
[2025-04-15T00:47:53.466+0000] {subprocess.py:106} INFO - Garrafa Térmica STanley Aerolight Fast Flow 1,1L
[2025-04-15T00:47:53.468+0000] {subprocess.py:106} INFO - [R$ 368,18]
[2025-04-15T00:47:53.470+0000] {subprocess.py:106} INFO - None
[2025-04-15T00:47:53.473+0000] {subprocess.py:106} INFO - Garrafa Térmica Stanley Aerolight Fast Flow Citron 1,1 Litros - STANLEY PMI
[2025-04-15T00:47:53.476+0000] {subprocess.py:106} INFO - [R$ 359,43]
[2025-04-15T00:47:53.479+0000] {subprocess.py:106} INFO - None
[2025-04-15T00:47:53.482+0000] {subprocess.py:106} INFO - Garrafa Térmica Aerolight Fast Flow 1,1L Polar Stanley
[2025-04-15T00:47:53.484+0000] {subprocess.py:106} INFO - [R$ 379,00]
[2025-04-15T00:47:53.486+0000] {subprocess.py:106} INFO - None
[2025-04-15T00:47:53.488+0000] {subprocess.py:106} INFO - Garrafa Térmica Aerolight Fast Flow Tigerlily 710ml Stanley
[2025-04-15T00:47:53.491+0000] {subprocess.py:106} INFO - [R$ 289,23]
[2025-04-15T00:47:53.493+0000] {subprocess.py:106} INFO - None
[2025-04-15T00:47:53.495+0000] {subprocess.py:106} INFO - Garrafa stanley térmica aerolight fast flow em aço inox 710ml azul tropical teal 08406-00
[2025-04-15T00:47:53.497+0000] {subprocess.py:106} INFO - [R$ 324,57]
[2025-04-15T00:47:53.499+0000] {subprocess.py:106} INFO - None
[2025-04-15T00:47:53.501+0000] {subprocess.py:106} INFO - Garrafa Térmica Stanley Aerolight Fast Flow Citron 1,1 Litros - STANLEY PMI
[2025-04-15T00:47:53.503+0000] {subprocess.py:106} INFO - [R$ 385,90]
[2025-04-15T00:47:53.505+0000] {subprocess.py:106} INFO - None
[2025-04-15T00:47:53.508+0000] {subprocess.py:106} INFO - Garrafa Térmica Stanley Aerolight Fast Flow 710ml Verde Água
[2025-04-15T00:47:53.510+0000] {subprocess.py:106} INFO - [R$ 268,57]
[2025-04-15T00:47:53.512+0000] {subprocess.py:106} INFO - None
[2025-04-15T00:47:53.515+0000] {subprocess.py:106} INFO - Garrafa Térmica Aerolight Fast Flow Stanley 710ML
[2025-04-15T00:47:53.517+0000] {subprocess.py:106} INFO - [R$ 359,91]
[2025-04-15T00:47:53.519+0000] {subprocess.py:106} INFO - None
[2025-04-15T00:47:53.522+0000] {subprocess.py:106} INFO - Garrafa Térmica Aerolight Fast Flow Polar 1,1L Stanley
[2025-04-15T00:47:53.524+0000] {subprocess.py:106} INFO - [R$ 351,23]
[2025-04-15T00:47:53.525+0000] {subprocess.py:106} INFO - None
[2025-04-15T00:47:53.528+0000] {subprocess.py:106} INFO - Garrafa Térmica Stanley Aerolight Fast Flow Citron 710ML - STANLEY PMI
[2025-04-15T00:47:53.531+0000] {subprocess.py:106} INFO - [R$ 419,90]
[2025-04-15T00:47:53.534+0000] {subprocess.py:106} INFO - None
[2025-04-15T00:47:53.536+0000] {subprocess.py:106} INFO - Garrafa Térmica Aerolight Fast Flow Heat Wave Passion Pink 710ML Stanley
[2025-04-15T00:47:53.538+0000] {subprocess.py:106} INFO - [R$ 306,81]
[2025-04-15T00:47:53.541+0000] {subprocess.py:106} INFO - None
[2025-04-15T00:47:53.544+0000] {subprocess.py:106} INFO - Garrafa stanley térmica aerolight fast flow em aço inox 710ml passion pink 08404-00
[2025-04-15T00:47:53.548+0000] {subprocess.py:106} INFO - [R$ 324,57]
[2025-04-15T00:47:53.551+0000] {subprocess.py:106} INFO - None
[2025-04-15T00:47:53.553+0000] {subprocess.py:106} INFO - Garrafa Térmica STanley Aerolight Fast Flow 1,1L
[2025-04-15T00:47:53.556+0000] {subprocess.py:106} INFO - [R$ 368,18]
[2025-04-15T00:47:53.558+0000] {subprocess.py:106} INFO - None
[2025-04-15T00:47:53.561+0000] {subprocess.py:106} INFO - Garrafa Térmica Stanley Aerolight Fast Flow Citron 1,1 Litros - STANLEY PMI
[2025-04-15T00:47:53.564+0000] {subprocess.py:106} INFO - [R$ 371,07]
[2025-04-15T00:47:53.566+0000] {subprocess.py:106} INFO - None
[2025-04-15T00:47:53.568+0000] {subprocess.py:106} INFO - Garrafa stanley térmica aerolight fast flow 710ml matte black 08202-00
[2025-04-15T00:47:53.570+0000] {subprocess.py:106} INFO - [R$ 324,57]
[2025-04-15T00:47:53.573+0000] {subprocess.py:106} INFO - 5.0 (1)
[2025-04-15T00:47:53.576+0000] {subprocess.py:106} INFO - Garrafa Térmica Stanley Aerolight Fast Flow 710ml Verde Limão
[2025-04-15T00:47:53.579+0000] {subprocess.py:106} INFO - [R$ 268,57]
[2025-04-15T00:47:53.581+0000] {subprocess.py:106} INFO - None
[2025-04-15T00:47:53.587+0000] {subprocess.py:106} INFO - Garrafa Térmica Stanley Aerolight Fast Flow Branco Polar 710ML - STANLEY PMI
[2025-04-15T00:47:53.592+0000] {subprocess.py:106} INFO - [R$ 369,90]
[2025-04-15T00:47:53.595+0000] {subprocess.py:106} INFO - None
[2025-04-15T00:47:53.596+0000] {subprocess.py:106} INFO - Garrafa Térmica Aerolight Fast Flow Stanley Citron 710 Ml
[2025-04-15T00:47:53.599+0000] {subprocess.py:106} INFO - [R$ 365,00]
[2025-04-15T00:47:53.602+0000] {subprocess.py:106} INFO - None
[2025-04-15T00:47:53.604+0000] {subprocess.py:106} INFO - Garrafa Térmica Stanley Aerolight Fast Flow Citron 1,1 Litros - STANLEY PMI
[2025-04-15T00:47:53.607+0000] {subprocess.py:106} INFO - [R$ 489,00]
[2025-04-15T00:47:53.610+0000] {subprocess.py:106} INFO - None
[2025-04-15T00:47:53.614+0000] {subprocess.py:106} INFO - Garrafa Térmica Stanley Aerolight Fast Flow 0.7L Verde 08205
[2025-04-15T00:47:53.619+0000] {subprocess.py:106} INFO - [R$ 344,01]
[2025-04-15T00:47:53.621+0000] {subprocess.py:106} INFO - None
[2025-04-15T00:47:53.624+0000] {subprocess.py:106} INFO - Garrafa Térmico Aerolight Fast Flow 710 Ml Citron Stanley
[2025-04-15T00:47:53.626+0000] {subprocess.py:106} INFO - [R$ 329,57]
[2025-04-15T00:47:53.628+0000] {subprocess.py:106} INFO - None
[2025-04-15T00:47:53.630+0000] {subprocess.py:106} INFO - Garrafa Térmica Aerolight Fast Flow Polar 1,1L
[2025-04-15T00:47:53.633+0000] {subprocess.py:106} INFO - [R$ 479,99]
[2025-04-15T00:47:53.635+0000] {subprocess.py:106} INFO - None
[2025-04-15T00:47:53.637+0000] {subprocess.py:106} INFO - Garrafa Térmica Stanley Aerolight Fast Flow Lavender 710ML - STANLEY PMI
[2025-04-15T00:47:53.640+0000] {subprocess.py:106} INFO - [R$ 361,77]
[2025-04-15T00:47:53.643+0000] {subprocess.py:106} INFO - None
[2025-04-15T00:47:53.645+0000] {subprocess.py:106} INFO - Garrafa Térmica Stanley Aerolight Fast Flow Tigerlily 710ML - STANLEY PMI
[2025-04-15T00:47:53.647+0000] {subprocess.py:106} INFO - [R$ 365,00]
[2025-04-15T00:47:53.649+0000] {subprocess.py:106} INFO - None
[2025-04-15T00:47:53.651+0000] {subprocess.py:106} INFO - https://www.magazineluiza.com.br/busca/garrafa+stanley+aerolight+fast+flow/?page=1?page=2
[2025-04-15T00:47:53.653+0000] {subprocess.py:106} INFO - blocos
[2025-04-15T00:47:53.656+0000] {subprocess.py:106} INFO - [<Selector query='//div[@data-testid="product-list"]//li' data='<li class="sc-hwhrDX ghzctf"><a href=...'>, <Selector query='//div[@data-testid="product-list"]//li' data='<li class="sc-hwhrDX ghzctf"><a href=...'>, <Selector query='//div[@data-testid="product-list"]//li' data='<li class="sc-hwhrDX ghzctf"><a href=...'>, <Selector query='//div[@data-testid="product-list"]//li' data='<li class="sc-hwhrDX ghzctf"><a href=...'>, <Selector query='//div[@data-testid="product-list"]//li' data='<li class="sc-hwhrDX ghzctf"><a href=...'>, <Selector query='//div[@data-testid="product-list"]//li' data='<li class="sc-hwhrDX ghzctf"><a href=...'>, <Selector query='//div[@data-testid="product-list"]//li' data='<li class="sc-hwhrDX ghzctf"><a href=...'>, <Selector query='//div[@data-testid="product-list"]//li' data='<li class="sc-hwhrDX ghzctf"><a href=...'>, <Selector query='//div[@data-testid="product-list"]//li' data='<li class="sc-hwhrDX ghzctf"><a href=...'>, <Selector query='//div[@data-testid="product-list"]//li' data='<li class="sc-hwhrDX ghzctf"><a href=...'>, <Selector query='//div[@data-testid="product-list"]//li' data='<li class="sc-hwhrDX ghzctf"><a href=...'>, <Selector query='//div[@data-testid="product-list"]//li' data='<li class="sc-hwhrDX ghzctf"><a href=...'>, <Selector query='//div[@data-testid="product-list"]//li' data='<li class="sc-hwhrDX ghzctf"><a href=...'>, <Selector query='//div[@data-testid="product-list"]//li' data='<li class="sc-hwhrDX ghzctf"><a href=...'>, <Selector query='//div[@data-testid="product-list"]//li' data='<li class="sc-hwhrDX ghzctf"><a href=...'>, <Selector query='//div[@data-testid="product-list"]//li' data='<li class="sc-hwhrDX ghzctf"><a href=...'>, <Selector query='//div[@data-testid="product-list"]//li' data='<li class="sc-hwhrDX ghzctf"><a href=...'>, <Selector query='//div[@data-testid="product-list"]//li' data='<li class="sc-hwhrDX ghzctf"><a href=...'>, <Selector query='//div[@data-testid="product-list"]//li' data='<li class="sc-hwhrDX ghzctf"><a href=...'>, <Selector query='//div[@data-testid="product-list"]//li' data='<li class="sc-hwhrDX ghzctf"><a href=...'>, <Selector query='//div[@data-testid="product-list"]//li' data='<li class="sc-hwhrDX ghzctf"><a href=...'>, <Selector query='//div[@data-testid="product-list"]//li' data='<li class="sc-hwhrDX ghzctf"><a href=...'>, <Selector query='//div[@data-testid="product-list"]//li' data='<li class="sc-hwhrDX ghzctf"><a href=...'>, <Selector query='//div[@data-testid="product-list"]//li' data='<li class="sc-hwhrDX ghzctf"><a href=...'>, <Selector query='//div[@data-testid="product-list"]//li' data='<li class="sc-hwhrDX ghzctf"><a href=...'>, <Selector query='//div[@data-testid="product-list"]//li' data='<li class="sc-hwhrDX ghzctf"><a href=...'>, <Selector query='//div[@data-testid="product-list"]//li' data='<li class="sc-hwhrDX ghzctf"><a href=...'>, <Selector query='//div[@data-testid="product-list"]//li' data='<li class="sc-hwhrDX ghzctf"><a href=...'>, <Selector query='//div[@data-testid="product-list"]//li' data='<li class="sc-hwhrDX ghzctf"><a href=...'>, <Selector query='//div[@data-testid="product-list"]//li' data='<li class="sc-hwhrDX ghzctf"><a href=...'>, <Selector query='//div[@data-testid="product-list"]//li' data='<li class="sc-hwhrDX ghzctf"><a href=...'>, <Selector query='//div[@data-testid="product-list"]//li' data='<li class="sc-hwhrDX ghzctf"><a href=...'>, <Selector query='//div[@data-testid="product-list"]//li' data='<li class="sc-hwhrDX ghzctf"><a href=...'>, <Selector query='//div[@data-testid="product-list"]//li' data='<li class="sc-hwhrDX ghzctf"><a href=...'>, <Selector query='//div[@data-testid="product-list"]//li' data='<li class="sc-hwhrDX ghzctf"><a href=...'>, <Selector query='//div[@data-testid="product-list"]//li' data='<li class="sc-hwhrDX ghzctf"><a href=...'>, <Selector query='//div[@data-testid="product-list"]//li' data='<li class="sc-hwhrDX ghzctf"><a href=...'>, <Selector query='//div[@data-testid="product-list"]//li' data='<li class="sc-hwhrDX ghzctf"><a href=...'>, <Selector query='//div[@data-testid="product-list"]//li' data='<li class="sc-hwhrDX ghzctf"><a href=...'>, <Selector query='//div[@data-testid="product-list"]//li' data='<li class="sc-hwhrDX ghzctf"><a href=...'>, <Selector query='//div[@data-testid="product-list"]//li' data='<li class="sc-hwhrDX ghzctf"><a href=...'>, <Selector query='//div[@data-testid="product-list"]//li' data='<li class="sc-hwhrDX ghzctf"><a href=...'>, <Selector query='//div[@data-testid="product-list"]//li' data='<li class="sc-hwhrDX ghzctf"><a href=...'>, <Selector query='//div[@data-testid="product-list"]//li' data='<li class="sc-hwhrDX ghzctf"><a href=...'>, <Selector query='//div[@data-testid="product-list"]//li' data='<li class="sc-hwhrDX ghzctf"><a href=...'>, <Selector query='//div[@data-testid="product-list"]//li' data='<li class="sc-hwhrDX ghzctf"><a href=...'>, <Selector query='//div[@data-testid="product-list"]//li' data='<li class="sc-hwhrDX ghzctf"><a href=...'>, <Selector query='//div[@data-testid="product-list"]//li' data='<li class="sc-hwhrDX ghzctf"><a href=...'>, <Selector query='//div[@data-testid="product-list"]//li' data='<li class="sc-hwhrDX ghzctf"><a href=...'>, <Selector query='//div[@data-testid="product-list"]//li' data='<li class="sc-hwhrDX ghzctf"><a href=...'>, <Selector query='//div[@data-testid="product-list"]//li' data='<li class="sc-hwhrDX ghzctf"><a href=...'>, <Selector query='//div[@data-testid="product-list"]//li' data='<li class="sc-hwhrDX ghzctf"><a href=...'>, <Selector query='//div[@data-testid="product-list"]//li' data='<li class="sc-hwhrDX ghzctf"><a href=...'>, <Selector query='//div[@data-testid="product-list"]//li' data='<li class="sc-hwhrDX ghzctf"><a href=...'>, <Selector query='//div[@data-testid="product-list"]//li' data='<li class="sc-hwhrDX ghzctf"><a href=...'>]2025-04-15 00:47:53 [scrapy.core.scraper] DEBUG: Scraped from <200 https://www.magazineluiza.com.br/busca/garrafa+stanley+aerolight+fast+flow/?page=1?page=2>
[2025-04-15T00:47:53.659+0000] {subprocess.py:106} INFO - {'title': 'GARRAFA STANLEY AEROLIGHT FAST FLOW 1.1Lt ORIGINAL TODAS AS CORES', 'price': 'R$\xa0332,00', 'review': '4.2 (6)', 'store': 'Magazine Luiza'}
[2025-04-15T00:47:53.661+0000] {subprocess.py:106} INFO - 2025-04-15 00:47:53 [scrapy.core.scraper] DEBUG: Scraped from <200 https://www.magazineluiza.com.br/busca/garrafa+stanley+aerolight+fast+flow/?page=1?page=2>
[2025-04-15T00:47:53.663+0000] {subprocess.py:106} INFO - {'title': 'Garrafa stanley aerolight fast flow 710ml original todas as cores', 'price': 'R$\xa0304,10', 'review': '5.0 (1)', 'store': 'Magazine Luiza'}
[2025-04-15T00:47:53.665+0000] {subprocess.py:106} INFO - 2025-04-15 00:47:53 [scrapy.core.scraper] DEBUG: Scraped from <200 https://www.magazineluiza.com.br/busca/garrafa+stanley+aerolight+fast+flow/?page=1?page=2>
[2025-04-15T00:47:53.667+0000] {subprocess.py:106} INFO - {'title': 'Garrafa Térmica Aerolight Stanley Fast Flow 710ml - Matte Black', 'price': 'R$\xa0287,37', 'review': '5.0 (1)', 'store': 'Magazine Luiza'}
[2025-04-15T00:47:53.669+0000] {subprocess.py:106} INFO - 2025-04-15 00:47:53 [scrapy.core.scraper] DEBUG: Scraped from <200 https://www.magazineluiza.com.br/busca/garrafa+stanley+aerolight+fast+flow/?page=1?page=2>
[2025-04-15T00:47:53.671+0000] {subprocess.py:106} INFO - {'title': 'Garrafa Térmica Stanley Aerolight Fast Flow Lavender 710ML - STANLEY PMI', 'price': 'R$\xa0289,97', 'review': None, 'store': 'Magazine Luiza'}
[2025-04-15T00:47:53.673+0000] {subprocess.py:106} INFO - 2025-04-15 00:47:53 [scrapy.core.scraper] DEBUG: Scraped from <200 https://www.magazineluiza.com.br/busca/garrafa+stanley+aerolight+fast+flow/?page=1?page=2>
[2025-04-15T00:47:53.676+0000] {subprocess.py:106} INFO - {'title': 'Stanley Garrafa Térmica Aerolight Original Fast Flow Branco Polar 710ml', 'price': 'R$\xa0332,10', 'review': None, 'store': 'Magazine Luiza'}
[2025-04-15T00:47:53.677+0000] {subprocess.py:106} INFO - 2025-04-15 00:47:53 [scrapy.core.scraper] DEBUG: Scraped from <200 https://www.magazineluiza.com.br/busca/garrafa+stanley+aerolight+fast+flow/?page=1?page=2>
[2025-04-15T00:47:53.679+0000] {subprocess.py:106} INFO - {'title': 'Garrafa Térmica Aerolight Stanley Fast Flow 1,1L - Tigerlily', 'price': 'R$\xa0315,27', 'review': '5.0 (1)', 'store': 'Magazine Luiza'}
[2025-04-15T00:47:53.681+0000] {subprocess.py:106} INFO - 2025-04-15 00:47:53 [scrapy.core.scraper] DEBUG: Scraped from <200 https://www.magazineluiza.com.br/busca/garrafa+stanley+aerolight+fast+flow/?page=1?page=2>
[2025-04-15T00:47:53.683+0000] {subprocess.py:106} INFO - {'title': 'Garrafa Térmica Stanley Aerolight Fast Flow 1.1L Pink', 'price': 'R$\xa0289,23', 'review': None, 'store': 'Magazine Luiza'}
[2025-04-15T00:47:53.686+0000] {subprocess.py:106} INFO - 2025-04-15 00:47:53 [scrapy.core.scraper] DEBUG: Scraped from <200 https://www.magazineluiza.com.br/busca/garrafa+stanley+aerolight+fast+flow/?page=1?page=2>
[2025-04-15T00:47:53.689+0000] {subprocess.py:106} INFO - {'title': 'Garrafa Térmica Aerolight Fast Flow Matte Black 1,1L Stanley', 'price': 'R$\xa0351,23', 'review': '4.2 (6)', 'store': 'Magazine Luiza'}
[2025-04-15T00:47:53.691+0000] {subprocess.py:106} INFO - 2025-04-15 00:47:53 [scrapy.core.scraper] DEBUG: Scraped from <200 https://www.magazineluiza.com.br/busca/garrafa+stanley+aerolight+fast+flow/?page=1?page=2>
[2025-04-15T00:47:53.693+0000] {subprocess.py:106} INFO - {'title': 'Garrafa Térmica Aerolight Stanley Fast Flow 710ml - Lavender', 'price': 'R$\xa0287,37', 'review': None, 'store': 'Magazine Luiza'}
[2025-04-15T00:47:53.695+0000] {subprocess.py:106} INFO - 2025-04-15 00:47:53 [scrapy.core.scraper] DEBUG: Scraped from <200 https://www.magazineluiza.com.br/busca/garrafa+stanley+aerolight+fast+flow/?page=1?page=2>
[2025-04-15T00:47:53.698+0000] {subprocess.py:106} INFO - {'title': 'Garrafa Térmica Stanley Aerolight Fast Flow Branco Polar 1,1 Litros', 'price': 'R$\xa0299,46', 'review': None, 'store': 'Magazine Luiza'}
[2025-04-15T00:47:53.700+0000] {subprocess.py:106} INFO - 2025-04-15 00:47:53 [scrapy.core.scraper] DEBUG: Scraped from <200 https://www.magazineluiza.com.br/busca/garrafa+stanley+aerolight+fast+flow/?page=1?page=2>
[2025-04-15T00:47:53.702+0000] {subprocess.py:106} INFO - {'title': 'Garrafa Térmica Aerolight Stanley Fast Flow 1,1L - Citron', 'price': 'R$\xa0315,27', 'review': None, 'store': 'Magazine Luiza'}
[2025-04-15T00:47:53.704+0000] {subprocess.py:106} INFO - 2025-04-15 00:47:53 [scrapy.core.scraper] DEBUG: Scraped from <200 https://www.magazineluiza.com.br/busca/garrafa+stanley+aerolight+fast+flow/?page=1?page=2>
[2025-04-15T00:47:53.708+0000] {subprocess.py:106} INFO - {'title': 'Garrafa Térmica Aerolight Stanley Fast Flow 1,1L - Polar', 'price': 'R$\xa0315,27', 'review': None, 'store': 'Magazine Luiza'}
[2025-04-15T00:47:53.710+0000] {subprocess.py:106} INFO - 2025-04-15 00:47:53 [scrapy.core.scraper] DEBUG: Scraped from <200 https://www.magazineluiza.com.br/busca/garrafa+stanley+aerolight+fast+flow/?page=1?page=2>
[2025-04-15T00:47:53.713+0000] {subprocess.py:106} INFO - {'title': 'Garrafa Térmica Stanley Aerolight Fast Flow Citron 710ML', 'price': 'R$\xa0272,49', 'review': None, 'store': 'Magazine Luiza'}
[2025-04-15T00:47:53.715+0000] {subprocess.py:106} INFO - 2025-04-15 00:47:53 [scrapy.core.scraper] DEBUG: Scraped from <200 https://www.magazineluiza.com.br/busca/garrafa+stanley+aerolight+fast+flow/?page=1?page=2>
[2025-04-15T00:47:53.717+0000] {subprocess.py:106} INFO - {'title': 'Garrafa Térmica Stanley Aerolight Fast Flow Original Laranja Tigerlily 1,1 L', 'price': 'R$\xa0379,00', 'review': '5.0 (1)', 'store': 'Magazine Luiza'}
[2025-04-15T00:47:53.719+0000] {subprocess.py:106} INFO - 2025-04-15 00:47:53 [scrapy.core.scraper] DEBUG: Scraped from <200 https://www.magazineluiza.com.br/busca/garrafa+stanley+aerolight+fast+flow/?page=1?page=2>
[2025-04-15T00:47:53.721+0000] {subprocess.py:106} INFO - {'title': 'Garrafa Térmica Aerolight Laranja Fast Flow Tigerlily 1,1L Stanley', 'price': 'R$\xa0344,01', 'review': '5.0 (1)', 'store': 'Magazine Luiza'}
[2025-04-15T00:47:53.724+0000] {subprocess.py:106} INFO - 2025-04-15 00:47:53 [scrapy.core.scraper] DEBUG: Scraped from <200 https://www.magazineluiza.com.br/busca/garrafa+stanley+aerolight+fast+flow/?page=1?page=2>
[2025-04-15T00:47:53.726+0000] {subprocess.py:106} INFO - {'title': 'Garrafa stanley térmica aerolight fast flow em aço inox 710ml lavender 08241-00', 'price': 'R$\xa0324,57', 'review': None, 'store': 'Magazine Luiza'}
[2025-04-15T00:47:53.728+0000] {subprocess.py:106} INFO - 2025-04-15 00:47:53 [scrapy.core.scraper] DEBUG: Scraped from <200 https://www.magazineluiza.com.br/busca/garrafa+stanley+aerolight+fast+flow/?page=1?page=2>
[2025-04-15T00:47:53.730+0000] {subprocess.py:106} INFO - {'title': 'Garrafa stanley térmica aerolight fast flow 1,1 litros laranja tigerlily 08242-00', 'price': 'R$\xa0343,17', 'review': '5.0 (1)', 'store': 'Magazine Luiza'}
[2025-04-15T00:47:53.734+0000] {subprocess.py:106} INFO - 2025-04-15 00:47:53 [scrapy.core.scraper] DEBUG: Scraped from <200 https://www.magazineluiza.com.br/busca/garrafa+stanley+aerolight+fast+flow/?page=1?page=2>
[2025-04-15T00:47:53.737+0000] {subprocess.py:106} INFO - {'title': 'Garrafa Térmica Stanley Aerolight Fast Flow 710ml Rosa Claro', 'price': 'R$\xa0268,57', 'review': None, 'store': 'Magazine Luiza'}
[2025-04-15T00:47:53.742+0000] {subprocess.py:106} INFO - 2025-04-15 00:47:53 [scrapy.core.scraper] DEBUG: Scraped from <200 https://www.magazineluiza.com.br/busca/garrafa+stanley+aerolight+fast+flow/?page=1?page=2>
[2025-04-15T00:47:53.744+0000] {subprocess.py:106} INFO - {'title': 'Garrafa Térmica Stanley Aerolight Fast Flow 1.1L Verde Água', 'price': 'R$\xa0289,23', 'review': None, 'store': 'Magazine Luiza'}
[2025-04-15T00:47:53.746+0000] {subprocess.py:106} INFO - 2025-04-15 00:47:53 [scrapy.core.scraper] DEBUG: Scraped from <200 https://www.magazineluiza.com.br/busca/garrafa+stanley+aerolight+fast+flow/?page=1?page=2>
[2025-04-15T00:47:53.748+0000] {subprocess.py:106} INFO - {'title': 'Garrafa Térmica Stanley Aerolight Fast Flow Branco Polar 1,1 Litros - STANLEY PMI', 'price': 'R$\xa0399,00', 'review': None, 'store': 'Magazine Luiza'}
[2025-04-15T00:47:53.750+0000] {subprocess.py:106} INFO - 2025-04-15 00:47:53 [scrapy.core.scraper] DEBUG: Scraped from <200 https://www.magazineluiza.com.br/busca/garrafa+stanley+aerolight+fast+flow/?page=1?page=2>
[2025-04-15T00:47:53.752+0000] {subprocess.py:106} INFO - {'title': 'Garrafa Térmica Stanley Aerolight Fast Flow Matte Black 710ML - STANLEY PMI', 'price': 'R$\xa0365,00', 'review': '5.0 (1)', 'store': 'Magazine Luiza'}
[2025-04-15T00:47:53.754+0000] {subprocess.py:106} INFO - 2025-04-15 00:47:53 [scrapy.core.scraper] DEBUG: Scraped from <200 https://www.magazineluiza.com.br/busca/garrafa+stanley+aerolight+fast+flow/?page=1?page=2>
[2025-04-15T00:47:53.756+0000] {subprocess.py:106} INFO - {'title': 'Garrafa stanley térmica aerolight fast flow em aço inox 710ml laranja tigerlily 08204-00', 'price': 'R$\xa0324,57', 'review': None, 'store': 'Magazine Luiza'}
[2025-04-15T00:47:53.758+0000] {subprocess.py:106} INFO - 2025-04-15 00:47:53 [scrapy.core.scraper] DEBUG: Scraped from <200 https://www.magazineluiza.com.br/busca/garrafa+stanley+aerolight+fast+flow/?page=1?page=2>
[2025-04-15T00:47:53.760+0000] {subprocess.py:106} INFO - {'title': 'Garrafa stanley térmica aerolight fast flow em aço inox 710ml vivid violet 08405-00', 'price': 'R$\xa0324,57', 'review': None, 'store': 'Magazine Luiza'}
[2025-04-15T00:47:53.762+0000] {subprocess.py:106} INFO - 2025-04-15 00:47:53 [scrapy.core.scraper] DEBUG: Scraped from <200 https://www.magazineluiza.com.br/busca/garrafa+stanley+aerolight+fast+flow/?page=1?page=2>
[2025-04-15T00:47:53.764+0000] {subprocess.py:106} INFO - {'title': 'Garrafa Térmica Stanley Aerolight Fast Flow 710ml Lilás', 'price': 'R$\xa0268,57', 'review': None, 'store': 'Magazine Luiza'}
[2025-04-15T00:47:53.766+0000] {subprocess.py:106} INFO - 2025-04-15 00:47:53 [scrapy.core.scraper] DEBUG: Scraped from <200 https://www.magazineluiza.com.br/busca/garrafa+stanley+aerolight+fast+flow/?page=1?page=2>
[2025-04-15T00:47:53.768+0000] {subprocess.py:106} INFO - {'title': 'Garrafa Térmica Stanley Aerolight Fast Flow Branco Polar 1,1 Litros - STANLEY PMI', 'price': 'R$\xa0385,90', 'review': None, 'store': 'Magazine Luiza'}
[2025-04-15T00:47:53.770+0000] {subprocess.py:106} INFO - 2025-04-15 00:47:53 [scrapy.core.scraper] DEBUG: Scraped from <200 https://www.magazineluiza.com.br/busca/garrafa+stanley+aerolight+fast+flow/?page=1?page=2>
[2025-04-15T00:47:53.774+0000] {subprocess.py:106} INFO - {'title': 'Garrafa Térmica Stanley Aerolight Fast Flow 710 ML Azul 0838', 'price': 'R$\xa0369,90', 'review': None, 'store': 'Magazine Luiza'}
[2025-04-15T00:47:53.777+0000] {subprocess.py:106} INFO - 2025-04-15 00:47:53 [scrapy.core.scraper] DEBUG: Scraped from <200 https://www.magazineluiza.com.br/busca/garrafa+stanley+aerolight+fast+flow/?page=1?page=2>
[2025-04-15T00:47:53.782+0000] {subprocess.py:106} INFO - {'title': 'Garrafa stanley térmica aerolight fast flow 1,1 litros branco polar 08207-00', 'price': 'R$\xa0343,17', 'review': None, 'store': 'Magazine Luiza'}
[2025-04-15T00:47:53.785+0000] {subprocess.py:106} INFO - 2025-04-15 00:47:53 [scrapy.core.scraper] DEBUG: Scraped from <200 https://www.magazineluiza.com.br/busca/garrafa+stanley+aerolight+fast+flow/?page=1?page=2>
[2025-04-15T00:47:53.787+0000] {subprocess.py:106} INFO - {'title': 'Garrafa Térmica Stanley Aerolight Fast Flow 710ml Azul Claro', 'price': 'R$\xa0268,57', 'review': None, 'store': 'Magazine Luiza'}
[2025-04-15T00:47:53.790+0000] {subprocess.py:106} INFO - 2025-04-15 00:47:53 [scrapy.core.scraper] DEBUG: Scraped from <200 https://www.magazineluiza.com.br/busca/garrafa+stanley+aerolight+fast+flow/?page=1?page=2>
[2025-04-15T00:47:53.793+0000] {subprocess.py:106} INFO - {'title': 'Garrafa termica stanley aerolight fast flow tigerlily 1,1l cod8208 cx6', 'price': 'R$\xa0434,37', 'review': '5.0 (1)', 'store': 'Magazine Luiza'}
[2025-04-15T00:47:53.795+0000] {subprocess.py:106} INFO - 2025-04-15 00:47:53 [scrapy.core.scraper] DEBUG: Scraped from <200 https://www.magazineluiza.com.br/busca/garrafa+stanley+aerolight+fast+flow/?page=1?page=2>
[2025-04-15T00:47:53.798+0000] {subprocess.py:106} INFO - {'title': 'Garrafa Térmica Stanley Aerolight Fast Flow Branco Polar 710', 'price': 'R$\xa0361,00', 'review': None, 'store': 'Magazine Luiza'}
[2025-04-15T00:47:53.804+0000] {subprocess.py:106} INFO - 2025-04-15 00:47:53 [scrapy.core.scraper] DEBUG: Scraped from <200 https://www.magazineluiza.com.br/busca/garrafa+stanley+aerolight+fast+flow/?page=1?page=2>
[2025-04-15T00:47:53.810+0000] {subprocess.py:106} INFO - {'title': 'Garrafa Térmica Stanley IceFlow Aerolight Fast Flow 700ml - Cinza', 'price': 'R$\xa0448,45', 'review': None, 'store': 'Magazine Luiza'}
[2025-04-15T00:47:53.813+0000] {subprocess.py:106} INFO - 2025-04-15 00:47:53 [scrapy.core.scraper] DEBUG: Scraped from <200 https://www.magazineluiza.com.br/busca/garrafa+stanley+aerolight+fast+flow/?page=1?page=2>
[2025-04-15T00:47:53.817+0000] {subprocess.py:106} INFO - {'title': 'Garrafa Térmica STanley Aerolight Fast Flow 1,1L', 'price': 'R$\xa0368,18', 'review': None, 'store': 'Magazine Luiza'}
[2025-04-15T00:47:53.826+0000] {subprocess.py:106} INFO - 2025-04-15 00:47:53 [scrapy.core.scraper] DEBUG: Scraped from <200 https://www.magazineluiza.com.br/busca/garrafa+stanley+aerolight+fast+flow/?page=1?page=2>
[2025-04-15T00:47:53.845+0000] {subprocess.py:106} INFO - {'title': 'Garrafa Térmica Stanley Aerolight Fast Flow Citron 1,1 Litros - STANLEY PMI', 'price': 'R$\xa0359,43', 'review': None, 'store': 'Magazine Luiza'}
[2025-04-15T00:47:53.850+0000] {subprocess.py:106} INFO - 2025-04-15 00:47:53 [scrapy.core.scraper] DEBUG: Scraped from <200 https://www.magazineluiza.com.br/busca/garrafa+stanley+aerolight+fast+flow/?page=1?page=2>
[2025-04-15T00:47:53.853+0000] {subprocess.py:106} INFO - {'title': 'Garrafa Térmica Aerolight Fast Flow 1,1L Polar Stanley', 'price': 'R$\xa0379,00', 'review': None, 'store': 'Magazine Luiza'}
[2025-04-15T00:47:53.857+0000] {subprocess.py:106} INFO - 2025-04-15 00:47:53 [scrapy.core.scraper] DEBUG: Scraped from <200 https://www.magazineluiza.com.br/busca/garrafa+stanley+aerolight+fast+flow/?page=1?page=2>
[2025-04-15T00:47:53.865+0000] {subprocess.py:106} INFO - {'title': 'Garrafa Térmica Aerolight Fast Flow Tigerlily 710ml Stanley', 'price': 'R$\xa0289,23', 'review': None, 'store': 'Magazine Luiza'}
[2025-04-15T00:47:53.875+0000] {subprocess.py:106} INFO - 2025-04-15 00:47:53 [scrapy.core.scraper] DEBUG: Scraped from <200 https://www.magazineluiza.com.br/busca/garrafa+stanley+aerolight+fast+flow/?page=1?page=2>
[2025-04-15T00:47:53.879+0000] {subprocess.py:106} INFO - {'title': 'Garrafa stanley térmica aerolight fast flow em aço inox 710ml azul tropical teal 08406-00', 'price': 'R$\xa0324,57', 'review': None, 'store': 'Magazine Luiza'}
[2025-04-15T00:47:53.884+0000] {subprocess.py:106} INFO - 2025-04-15 00:47:53 [scrapy.core.scraper] DEBUG: Scraped from <200 https://www.magazineluiza.com.br/busca/garrafa+stanley+aerolight+fast+flow/?page=1?page=2>
[2025-04-15T00:47:53.887+0000] {subprocess.py:106} INFO - {'title': 'Garrafa Térmica Stanley Aerolight Fast Flow Citron 1,1 Litros - STANLEY PMI', 'price': 'R$\xa0385,90', 'review': None, 'store': 'Magazine Luiza'}
[2025-04-15T00:47:53.891+0000] {subprocess.py:106} INFO - 2025-04-15 00:47:53 [scrapy.core.scraper] DEBUG: Scraped from <200 https://www.magazineluiza.com.br/busca/garrafa+stanley+aerolight+fast+flow/?page=1?page=2>
[2025-04-15T00:47:53.894+0000] {subprocess.py:106} INFO - {'title': 'Garrafa Térmica Stanley Aerolight Fast Flow 710ml Verde Água', 'price': 'R$\xa0268,57', 'review': None, 'store': 'Magazine Luiza'}
[2025-04-15T00:47:53.898+0000] {subprocess.py:106} INFO - 2025-04-15 00:47:53 [scrapy.core.scraper] DEBUG: Scraped from <200 https://www.magazineluiza.com.br/busca/garrafa+stanley+aerolight+fast+flow/?page=1?page=2>
[2025-04-15T00:47:53.901+0000] {subprocess.py:106} INFO - {'title': 'Garrafa Térmica Aerolight Fast Flow Stanley 710ML', 'price': 'R$\xa0359,91', 'review': None, 'store': 'Magazine Luiza'}
[2025-04-15T00:47:53.904+0000] {subprocess.py:106} INFO - 2025-04-15 00:47:53 [scrapy.core.scraper] DEBUG: Scraped from <200 https://www.magazineluiza.com.br/busca/garrafa+stanley+aerolight+fast+flow/?page=1?page=2>
[2025-04-15T00:47:53.908+0000] {subprocess.py:106} INFO - {'title': 'Garrafa Térmica Aerolight Fast Flow Polar 1,1L Stanley', 'price': 'R$\xa0351,23', 'review': None, 'store': 'Magazine Luiza'}
[2025-04-15T00:47:53.943+0000] {subprocess.py:106} INFO - 2025-04-15 00:47:53 [scrapy.core.scraper] DEBUG: Scraped from <200 https://www.magazineluiza.com.br/busca/garrafa+stanley+aerolight+fast+flow/?page=1?page=2>
[2025-04-15T00:47:53.951+0000] {subprocess.py:106} INFO - {'title': 'Garrafa Térmica Stanley Aerolight Fast Flow Citron 710ML - STANLEY PMI', 'price': 'R$\xa0419,90', 'review': None, 'store': 'Magazine Luiza'}
[2025-04-15T00:47:53.963+0000] {subprocess.py:106} INFO - 2025-04-15 00:47:53 [scrapy.core.scraper] DEBUG: Scraped from <200 https://www.magazineluiza.com.br/busca/garrafa+stanley+aerolight+fast+flow/?page=1?page=2>
[2025-04-15T00:47:53.970+0000] {subprocess.py:106} INFO - {'title': 'Garrafa Térmica Aerolight Fast Flow Heat Wave Passion Pink 710ML Stanley', 'price': 'R$\xa0306,81', 'review': None, 'store': 'Magazine Luiza'}
[2025-04-15T00:47:53.976+0000] {subprocess.py:106} INFO - 2025-04-15 00:47:53 [scrapy.core.scraper] DEBUG: Scraped from <200 https://www.magazineluiza.com.br/busca/garrafa+stanley+aerolight+fast+flow/?page=1?page=2>
[2025-04-15T00:47:53.984+0000] {subprocess.py:106} INFO - {'title': 'Garrafa stanley térmica aerolight fast flow em aço inox 710ml passion pink 08404-00', 'price': 'R$\xa0324,57', 'review': None, 'store': 'Magazine Luiza'}
[2025-04-15T00:47:53.988+0000] {subprocess.py:106} INFO - 2025-04-15 00:47:53 [scrapy.core.scraper] DEBUG: Scraped from <200 https://www.magazineluiza.com.br/busca/garrafa+stanley+aerolight+fast+flow/?page=1?page=2>
[2025-04-15T00:47:53.992+0000] {subprocess.py:106} INFO - {'title': 'Garrafa Térmica STanley Aerolight Fast Flow 1,1L', 'price': 'R$\xa0368,18', 'review': None, 'store': 'Magazine Luiza'}
[2025-04-15T00:47:53.997+0000] {subprocess.py:106} INFO - 2025-04-15 00:47:53 [scrapy.core.scraper] DEBUG: Scraped from <200 https://www.magazineluiza.com.br/busca/garrafa+stanley+aerolight+fast+flow/?page=1?page=2>
[2025-04-15T00:47:54.005+0000] {subprocess.py:106} INFO - {'title': 'Garrafa Térmica Stanley Aerolight Fast Flow Citron 1,1 Litros - STANLEY PMI', 'price': 'R$\xa0371,07', 'review': None, 'store': 'Magazine Luiza'}
[2025-04-15T00:47:54.008+0000] {subprocess.py:106} INFO - 2025-04-15 00:47:53 [scrapy.core.scraper] DEBUG: Scraped from <200 https://www.magazineluiza.com.br/busca/garrafa+stanley+aerolight+fast+flow/?page=1?page=2>
[2025-04-15T00:47:54.015+0000] {subprocess.py:106} INFO - {'title': 'Garrafa stanley térmica aerolight fast flow 710ml matte black 08202-00', 'price': 'R$\xa0324,57', 'review': '5.0 (1)', 'store': 'Magazine Luiza'}
[2025-04-15T00:47:54.023+0000] {subprocess.py:106} INFO - 2025-04-15 00:47:53 [scrapy.core.scraper] DEBUG: Scraped from <200 https://www.magazineluiza.com.br/busca/garrafa+stanley+aerolight+fast+flow/?page=1?page=2>
[2025-04-15T00:47:54.027+0000] {subprocess.py:106} INFO - {'title': 'Garrafa Térmica Stanley Aerolight Fast Flow 710ml Verde Limão', 'price': 'R$\xa0268,57', 'review': None, 'store': 'Magazine Luiza'}
[2025-04-15T00:47:54.029+0000] {subprocess.py:106} INFO - 2025-04-15 00:47:53 [scrapy.core.scraper] DEBUG: Scraped from <200 https://www.magazineluiza.com.br/busca/garrafa+stanley+aerolight+fast+flow/?page=1?page=2>
[2025-04-15T00:47:54.033+0000] {subprocess.py:106} INFO - {'title': 'Garrafa Térmica Stanley Aerolight Fast Flow Branco Polar 710ML - STANLEY PMI', 'price': 'R$\xa0369,90', 'review': None, 'store': 'Magazine Luiza'}
[2025-04-15T00:47:54.040+0000] {subprocess.py:106} INFO - 2025-04-15 00:47:53 [scrapy.core.scraper] DEBUG: Scraped from <200 https://www.magazineluiza.com.br/busca/garrafa+stanley+aerolight+fast+flow/?page=1?page=2>
[2025-04-15T00:47:54.044+0000] {subprocess.py:106} INFO - {'title': 'Garrafa Térmica Aerolight Fast Flow Stanley Citron 710 Ml', 'price': 'R$\xa0365,00', 'review': None, 'store': 'Magazine Luiza'}
[2025-04-15T00:47:54.047+0000] {subprocess.py:106} INFO - 2025-04-15 00:47:53 [scrapy.core.scraper] DEBUG: Scraped from <200 https://www.magazineluiza.com.br/busca/garrafa+stanley+aerolight+fast+flow/?page=1?page=2>
[2025-04-15T00:47:54.050+0000] {subprocess.py:106} INFO - {'title': 'Garrafa Térmica Stanley Aerolight Fast Flow Citron 1,1 Litros - STANLEY PMI', 'price': 'R$\xa0489,00', 'review': None, 'store': 'Magazine Luiza'}
[2025-04-15T00:47:54.054+0000] {subprocess.py:106} INFO - 2025-04-15 00:47:53 [scrapy.core.scraper] DEBUG: Scraped from <200 https://www.magazineluiza.com.br/busca/garrafa+stanley+aerolight+fast+flow/?page=1?page=2>
[2025-04-15T00:47:54.059+0000] {subprocess.py:106} INFO - {'title': 'Garrafa Térmica Stanley Aerolight Fast Flow 0.7L Verde 08205', 'price': 'R$\xa0344,01', 'review': None, 'store': 'Magazine Luiza'}
[2025-04-15T00:47:54.062+0000] {subprocess.py:106} INFO - 2025-04-15 00:47:53 [scrapy.core.scraper] DEBUG: Scraped from <200 https://www.magazineluiza.com.br/busca/garrafa+stanley+aerolight+fast+flow/?page=1?page=2>
[2025-04-15T00:47:54.064+0000] {subprocess.py:106} INFO - {'title': 'Garrafa Térmico Aerolight Fast Flow 710 Ml Citron Stanley', 'price': 'R$\xa0329,57', 'review': None, 'store': 'Magazine Luiza'}
[2025-04-15T00:47:54.067+0000] {subprocess.py:106} INFO - 2025-04-15 00:47:53 [scrapy.core.scraper] DEBUG: Scraped from <200 https://www.magazineluiza.com.br/busca/garrafa+stanley+aerolight+fast+flow/?page=1?page=2>
[2025-04-15T00:47:54.070+0000] {subprocess.py:106} INFO - {'title': 'Garrafa Térmica Aerolight Fast Flow Polar 1,1L', 'price': 'R$\xa0479,99', 'review': None, 'store': 'Magazine Luiza'}
[2025-04-15T00:47:54.075+0000] {subprocess.py:106} INFO - 2025-04-15 00:47:53 [scrapy.core.scraper] DEBUG: Scraped from <200 https://www.magazineluiza.com.br/busca/garrafa+stanley+aerolight+fast+flow/?page=1?page=2>
[2025-04-15T00:47:54.077+0000] {subprocess.py:106} INFO - {'title': 'Garrafa Térmica Stanley Aerolight Fast Flow Lavender 710ML - STANLEY PMI', 'price': 'R$\xa0361,77', 'review': None, 'store': 'Magazine Luiza'}
[2025-04-15T00:47:54.080+0000] {subprocess.py:106} INFO - 2025-04-15 00:47:53 [scrapy.core.scraper] DEBUG: Scraped from <200 https://www.magazineluiza.com.br/busca/garrafa+stanley+aerolight+fast+flow/?page=1?page=2>
[2025-04-15T00:47:54.082+0000] {subprocess.py:106} INFO - {'title': 'Garrafa Térmica Stanley Aerolight Fast Flow Tigerlily 710ML - STANLEY PMI', 'price': 'R$\xa0365,00', 'review': None, 'store': 'Magazine Luiza'}
[2025-04-15T00:47:54.087+0000] {subprocess.py:106} INFO - 2025-04-15 00:47:53 [scrapy.core.engine] INFO: Closing spider (finished)
[2025-04-15T00:47:54.093+0000] {subprocess.py:106} INFO - 2025-04-15 00:47:53 [scrapy.extensions.feedexport] INFO: Stored csv feed (110 items) in: /opt/***/dags/scrap_result.csv
[2025-04-15T00:47:54.096+0000] {subprocess.py:106} INFO - 2025-04-15 00:47:53 [scrapy.statscollectors] INFO: Dumping Scrapy stats:
[2025-04-15T00:47:54.102+0000] {subprocess.py:106} INFO - {'downloader/request_bytes': 2450,
[2025-04-15T00:47:54.111+0000] {subprocess.py:106} INFO -  'downloader/request_count': 3,
[2025-04-15T00:47:54.116+0000] {subprocess.py:106} INFO -  'downloader/request_method_count/GET': 3,
[2025-04-15T00:47:54.123+0000] {subprocess.py:106} INFO -  'downloader/response_bytes': 283756,
[2025-04-15T00:47:54.133+0000] {subprocess.py:106} INFO -  'downloader/response_count': 3,
[2025-04-15T00:47:54.158+0000] {subprocess.py:106} INFO -  'downloader/response_status_count/200': 3,
[2025-04-15T00:47:54.161+0000] {subprocess.py:106} INFO -  'elapsed_time_seconds': 4.791558,
[2025-04-15T00:47:54.164+0000] {subprocess.py:106} INFO -  'feedexport/success_count/FileFeedStorage': 1,
[2025-04-15T00:47:54.167+0000] {subprocess.py:106} INFO -  'finish_reason': 'finished',
[2025-04-15T00:47:54.173+0000] {subprocess.py:106} INFO -  'finish_time': datetime.datetime(2025, 4, 15, 0, 47, 53, 180726, tzinfo=datetime.timezone.utc),
[2025-04-15T00:47:54.176+0000] {subprocess.py:106} INFO -  'httpcompression/response_bytes': 2089008,
[2025-04-15T00:47:54.181+0000] {subprocess.py:106} INFO -  'httpcompression/response_count': 3,
[2025-04-15T00:47:54.194+0000] {subprocess.py:106} INFO -  'item_scraped_count': 110,
[2025-04-15T00:47:54.199+0000] {subprocess.py:106} INFO -  'items_per_minute': None,
[2025-04-15T00:47:54.213+0000] {subprocess.py:106} INFO -  'log_count/DEBUG': 114,
[2025-04-15T00:47:54.224+0000] {subprocess.py:106} INFO -  'log_count/INFO': 11,
[2025-04-15T00:47:54.235+0000] {subprocess.py:106} INFO -  'memusage/max': 218718208,
[2025-04-15T00:47:54.254+0000] {subprocess.py:106} INFO -  'memusage/startup': 218718208,
[2025-04-15T00:47:54.263+0000] {subprocess.py:106} INFO -  'request_depth_max': 1,
[2025-04-15T00:47:54.285+0000] {subprocess.py:106} INFO -  'response_received_count': 3,
[2025-04-15T00:47:54.300+0000] {subprocess.py:106} INFO -  'responses_per_minute': None,
[2025-04-15T00:47:54.308+0000] {subprocess.py:106} INFO -  'scheduler/dequeued': 3,
[2025-04-15T00:47:54.314+0000] {subprocess.py:106} INFO -  'scheduler/dequeued/memory': 3,
[2025-04-15T00:47:54.320+0000] {subprocess.py:106} INFO -  'scheduler/enqueued': 3,
[2025-04-15T00:47:54.328+0000] {subprocess.py:106} INFO -  'scheduler/enqueued/memory': 3,
[2025-04-15T00:47:54.333+0000] {subprocess.py:106} INFO -  'start_time': datetime.datetime(2025, 4, 15, 0, 47, 48, 389168, tzinfo=datetime.timezone.utc)}
[2025-04-15T00:47:54.338+0000] {subprocess.py:106} INFO - 2025-04-15 00:47:53 [scrapy.core.engine] INFO: Spider closed (finished)
[2025-04-15T00:47:54.344+0000] {subprocess.py:106} INFO - 
[2025-04-15T00:47:54.351+0000] {subprocess.py:106} INFO - GARRAFA STANLEY AEROLIGHT FAST FLOW 1.1Lt ORIGINAL TODAS AS CORES
[2025-04-15T00:47:54.358+0000] {subprocess.py:106} INFO - [R$ 332,00]
[2025-04-15T00:47:54.362+0000] {subprocess.py:106} INFO - 4.2 (6)
[2025-04-15T00:47:54.371+0000] {subprocess.py:106} INFO - Garrafa stanley aerolight fast flow 710ml original todas as cores
[2025-04-15T00:47:54.374+0000] {subprocess.py:106} INFO - [R$ 304,10]
[2025-04-15T00:47:54.379+0000] {subprocess.py:106} INFO - 5.0 (1)
[2025-04-15T00:47:54.384+0000] {subprocess.py:106} INFO - Garrafa Térmica Aerolight Stanley Fast Flow 710ml - Matte Black
[2025-04-15T00:47:54.386+0000] {subprocess.py:106} INFO - [R$ 287,37]
[2025-04-15T00:47:54.390+0000] {subprocess.py:106} INFO - 5.0 (1)
[2025-04-15T00:47:54.394+0000] {subprocess.py:106} INFO - Garrafa Térmica Stanley Aerolight Fast Flow Lavender 710ML - STANLEY PMI
[2025-04-15T00:47:54.400+0000] {subprocess.py:106} INFO - [R$ 289,97]
[2025-04-15T00:47:54.407+0000] {subprocess.py:106} INFO - None
[2025-04-15T00:47:54.411+0000] {subprocess.py:106} INFO - Stanley Garrafa Térmica Aerolight Original Fast Flow Branco Polar 710ml
[2025-04-15T00:47:54.423+0000] {subprocess.py:106} INFO - [R$ 332,10]
[2025-04-15T00:47:54.426+0000] {subprocess.py:106} INFO - None
[2025-04-15T00:47:54.429+0000] {subprocess.py:106} INFO - Garrafa Térmica Aerolight Stanley Fast Flow 1,1L - Tigerlily
[2025-04-15T00:47:54.432+0000] {subprocess.py:106} INFO - [R$ 315,27]
[2025-04-15T00:47:54.435+0000] {subprocess.py:106} INFO - 5.0 (1)
[2025-04-15T00:47:54.437+0000] {subprocess.py:106} INFO - Garrafa Térmica Stanley Aerolight Fast Flow 1.1L Pink
[2025-04-15T00:47:54.439+0000] {subprocess.py:106} INFO - [R$ 289,23]
[2025-04-15T00:47:54.447+0000] {subprocess.py:106} INFO - None
[2025-04-15T00:47:54.459+0000] {subprocess.py:106} INFO - Garrafa Térmica Aerolight Fast Flow Matte Black 1,1L Stanley
[2025-04-15T00:47:54.466+0000] {subprocess.py:106} INFO - [R$ 351,23]
[2025-04-15T00:47:54.472+0000] {subprocess.py:106} INFO - 4.2 (6)
[2025-04-15T00:47:54.476+0000] {subprocess.py:106} INFO - Garrafa Térmica Aerolight Stanley Fast Flow 710ml - Lavender
[2025-04-15T00:47:54.480+0000] {subprocess.py:106} INFO - [R$ 287,37]
[2025-04-15T00:47:54.483+0000] {subprocess.py:106} INFO - None
[2025-04-15T00:47:54.486+0000] {subprocess.py:106} INFO - Garrafa Térmica Stanley Aerolight Fast Flow Branco Polar 1,1 Litros
[2025-04-15T00:47:54.489+0000] {subprocess.py:106} INFO - [R$ 299,46]
[2025-04-15T00:47:54.491+0000] {subprocess.py:106} INFO - None
[2025-04-15T00:47:54.494+0000] {subprocess.py:106} INFO - Garrafa Térmica Aerolight Stanley Fast Flow 1,1L - Citron
[2025-04-15T00:47:54.499+0000] {subprocess.py:106} INFO - [R$ 315,27]
[2025-04-15T00:47:54.502+0000] {subprocess.py:106} INFO - None
[2025-04-15T00:47:54.504+0000] {subprocess.py:106} INFO - Garrafa Térmica Aerolight Stanley Fast Flow 1,1L - Polar
[2025-04-15T00:47:54.509+0000] {subprocess.py:106} INFO - [R$ 315,27]
[2025-04-15T00:47:54.511+0000] {subprocess.py:106} INFO - None
[2025-04-15T00:47:54.514+0000] {subprocess.py:106} INFO - Garrafa Térmica Stanley Aerolight Fast Flow Citron 710ML
[2025-04-15T00:47:54.516+0000] {subprocess.py:106} INFO - [R$ 272,49]
[2025-04-15T00:47:54.519+0000] {subprocess.py:106} INFO - None
[2025-04-15T00:47:54.522+0000] {subprocess.py:106} INFO - Garrafa Térmica Stanley Aerolight Fast Flow Original Laranja Tigerlily 1,1 L
[2025-04-15T00:47:54.525+0000] {subprocess.py:106} INFO - [R$ 379,00]
[2025-04-15T00:47:54.528+0000] {subprocess.py:106} INFO - 5.0 (1)
[2025-04-15T00:47:54.531+0000] {subprocess.py:106} INFO - Garrafa Térmica Aerolight Laranja Fast Flow Tigerlily 1,1L Stanley
[2025-04-15T00:47:54.534+0000] {subprocess.py:106} INFO - [R$ 344,01]
[2025-04-15T00:47:54.536+0000] {subprocess.py:106} INFO - 5.0 (1)
[2025-04-15T00:47:54.538+0000] {subprocess.py:106} INFO - Garrafa stanley térmica aerolight fast flow em aço inox 710ml lavender 08241-00
[2025-04-15T00:47:54.542+0000] {subprocess.py:106} INFO - [R$ 324,57]
[2025-04-15T00:47:54.545+0000] {subprocess.py:106} INFO - None
[2025-04-15T00:47:54.547+0000] {subprocess.py:106} INFO - Garrafa stanley térmica aerolight fast flow 1,1 litros laranja tigerlily 08242-00
[2025-04-15T00:47:54.550+0000] {subprocess.py:106} INFO - [R$ 343,17]
[2025-04-15T00:47:54.553+0000] {subprocess.py:106} INFO - 5.0 (1)
[2025-04-15T00:47:54.555+0000] {subprocess.py:106} INFO - Garrafa Térmica Stanley Aerolight Fast Flow 710ml Rosa Claro
[2025-04-15T00:47:54.557+0000] {subprocess.py:106} INFO - [R$ 268,57]
[2025-04-15T00:47:54.560+0000] {subprocess.py:106} INFO - None
[2025-04-15T00:47:54.562+0000] {subprocess.py:106} INFO - Garrafa Térmica Stanley Aerolight Fast Flow 1.1L Verde Água
[2025-04-15T00:47:54.564+0000] {subprocess.py:106} INFO - [R$ 289,23]
[2025-04-15T00:47:54.566+0000] {subprocess.py:106} INFO - None
[2025-04-15T00:47:54.568+0000] {subprocess.py:106} INFO - Garrafa Térmica Stanley Aerolight Fast Flow Branco Polar 1,1 Litros - STANLEY PMI
[2025-04-15T00:47:54.570+0000] {subprocess.py:106} INFO - [R$ 399,00]
[2025-04-15T00:47:54.574+0000] {subprocess.py:106} INFO - None
[2025-04-15T00:47:54.578+0000] {subprocess.py:106} INFO - Garrafa Térmica Stanley Aerolight Fast Flow Matte Black 710ML - STANLEY PMI
[2025-04-15T00:47:54.581+0000] {subprocess.py:106} INFO - [R$ 365,00]
[2025-04-15T00:47:54.583+0000] {subprocess.py:106} INFO - 5.0 (1)
[2025-04-15T00:47:54.585+0000] {subprocess.py:106} INFO - Garrafa stanley térmica aerolight fast flow em aço inox 710ml laranja tigerlily 08204-00
[2025-04-15T00:47:54.587+0000] {subprocess.py:106} INFO - [R$ 324,57]
[2025-04-15T00:47:54.589+0000] {subprocess.py:106} INFO - None
[2025-04-15T00:47:54.591+0000] {subprocess.py:106} INFO - Garrafa stanley térmica aerolight fast flow em aço inox 710ml vivid violet 08405-00
[2025-04-15T00:47:54.594+0000] {subprocess.py:106} INFO - [R$ 324,57]
[2025-04-15T00:47:54.596+0000] {subprocess.py:106} INFO - None
[2025-04-15T00:47:54.598+0000] {subprocess.py:106} INFO - Garrafa Térmica Stanley Aerolight Fast Flow 710ml Lilás
[2025-04-15T00:47:54.601+0000] {subprocess.py:106} INFO - [R$ 268,57]
[2025-04-15T00:47:54.603+0000] {subprocess.py:106} INFO - None
[2025-04-15T00:47:54.605+0000] {subprocess.py:106} INFO - Garrafa Térmica Stanley Aerolight Fast Flow Branco Polar 1,1 Litros - STANLEY PMI
[2025-04-15T00:47:54.608+0000] {subprocess.py:106} INFO - [R$ 385,90]
[2025-04-15T00:47:54.611+0000] {subprocess.py:106} INFO - None
[2025-04-15T00:47:54.614+0000] {subprocess.py:106} INFO - Garrafa Térmica Stanley Aerolight Fast Flow 710 ML Azul 0838
[2025-04-15T00:47:54.617+0000] {subprocess.py:106} INFO - [R$ 369,90]
[2025-04-15T00:47:54.619+0000] {subprocess.py:106} INFO - None
[2025-04-15T00:47:54.621+0000] {subprocess.py:106} INFO - Garrafa stanley térmica aerolight fast flow 1,1 litros branco polar 08207-00
[2025-04-15T00:47:54.624+0000] {subprocess.py:106} INFO - [R$ 343,17]
[2025-04-15T00:47:54.626+0000] {subprocess.py:106} INFO - None
[2025-04-15T00:47:54.629+0000] {subprocess.py:106} INFO - Garrafa Térmica Stanley Aerolight Fast Flow 710ml Azul Claro
[2025-04-15T00:47:54.631+0000] {subprocess.py:106} INFO - [R$ 268,57]
[2025-04-15T00:47:54.633+0000] {subprocess.py:106} INFO - None
[2025-04-15T00:47:54.635+0000] {subprocess.py:106} INFO - Garrafa termica stanley aerolight fast flow tigerlily 1,1l cod8208 cx6
[2025-04-15T00:47:54.637+0000] {subprocess.py:106} INFO - [R$ 434,37]
[2025-04-15T00:47:54.639+0000] {subprocess.py:106} INFO - 5.0 (1)
[2025-04-15T00:47:54.642+0000] {subprocess.py:106} INFO - Garrafa Térmica Stanley Aerolight Fast Flow Branco Polar 710
[2025-04-15T00:47:54.645+0000] {subprocess.py:106} INFO - [R$ 361,00]
[2025-04-15T00:47:54.647+0000] {subprocess.py:106} INFO - None
[2025-04-15T00:47:54.649+0000] {subprocess.py:106} INFO - Garrafa Térmica Stanley IceFlow Aerolight Fast Flow 700ml - Cinza
[2025-04-15T00:47:54.651+0000] {subprocess.py:106} INFO - [R$ 448,45]
[2025-04-15T00:47:54.653+0000] {subprocess.py:106} INFO - None
[2025-04-15T00:47:54.655+0000] {subprocess.py:106} INFO - Garrafa Térmica STanley Aerolight Fast Flow 1,1L
[2025-04-15T00:47:54.657+0000] {subprocess.py:106} INFO - [R$ 368,18]
[2025-04-15T00:47:54.660+0000] {subprocess.py:106} INFO - None
[2025-04-15T00:47:54.662+0000] {subprocess.py:106} INFO - Garrafa Térmica Stanley Aerolight Fast Flow Citron 1,1 Litros - STANLEY PMI
[2025-04-15T00:47:54.664+0000] {subprocess.py:106} INFO - [R$ 359,43]
[2025-04-15T00:47:54.667+0000] {subprocess.py:106} INFO - None
[2025-04-15T00:47:54.669+0000] {subprocess.py:106} INFO - Garrafa Térmica Aerolight Fast Flow 1,1L Polar Stanley
[2025-04-15T00:47:54.671+0000] {subprocess.py:106} INFO - [R$ 379,00]
[2025-04-15T00:47:54.674+0000] {subprocess.py:106} INFO - None
[2025-04-15T00:47:54.677+0000] {subprocess.py:106} INFO - Garrafa Térmica Aerolight Fast Flow Tigerlily 710ml Stanley
[2025-04-15T00:47:54.679+0000] {subprocess.py:106} INFO - [R$ 289,23]
[2025-04-15T00:47:54.682+0000] {subprocess.py:106} INFO - None
[2025-04-15T00:47:54.685+0000] {subprocess.py:106} INFO - Garrafa stanley térmica aerolight fast flow em aço inox 710ml azul tropical teal 08406-00
[2025-04-15T00:47:54.688+0000] {subprocess.py:106} INFO - [R$ 324,57]
[2025-04-15T00:47:54.691+0000] {subprocess.py:106} INFO - None
[2025-04-15T00:47:54.693+0000] {subprocess.py:106} INFO - Garrafa Térmica Stanley Aerolight Fast Flow Citron 1,1 Litros - STANLEY PMI
[2025-04-15T00:47:54.695+0000] {subprocess.py:106} INFO - [R$ 385,90]
[2025-04-15T00:47:54.697+0000] {subprocess.py:106} INFO - None
[2025-04-15T00:47:54.699+0000] {subprocess.py:106} INFO - Garrafa Térmica Stanley Aerolight Fast Flow 710ml Verde Água
[2025-04-15T00:47:54.701+0000] {subprocess.py:106} INFO - [R$ 268,57]
[2025-04-15T00:47:54.703+0000] {subprocess.py:106} INFO - None
[2025-04-15T00:47:54.705+0000] {subprocess.py:106} INFO - Garrafa Térmica Aerolight Fast Flow Stanley 710ML
[2025-04-15T00:47:54.708+0000] {subprocess.py:106} INFO - [R$ 359,91]
[2025-04-15T00:47:54.710+0000] {subprocess.py:106} INFO - None
[2025-04-15T00:47:54.712+0000] {subprocess.py:106} INFO - Garrafa Térmica Aerolight Fast Flow Polar 1,1L Stanley
[2025-04-15T00:47:54.718+0000] {subprocess.py:106} INFO - [R$ 351,23]
[2025-04-15T00:47:54.720+0000] {subprocess.py:106} INFO - None
[2025-04-15T00:47:54.722+0000] {subprocess.py:106} INFO - Garrafa Térmica Stanley Aerolight Fast Flow Citron 710ML - STANLEY PMI
[2025-04-15T00:47:54.725+0000] {subprocess.py:106} INFO - [R$ 419,90]
[2025-04-15T00:47:54.728+0000] {subprocess.py:106} INFO - None
[2025-04-15T00:47:54.730+0000] {subprocess.py:106} INFO - Garrafa Térmica Aerolight Fast Flow Heat Wave Passion Pink 710ML Stanley
[2025-04-15T00:47:54.733+0000] {subprocess.py:106} INFO - [R$ 306,81]
[2025-04-15T00:47:54.735+0000] {subprocess.py:106} INFO - None
[2025-04-15T00:47:54.737+0000] {subprocess.py:106} INFO - Garrafa stanley térmica aerolight fast flow em aço inox 710ml passion pink 08404-00
[2025-04-15T00:47:54.741+0000] {subprocess.py:106} INFO - [R$ 324,57]
[2025-04-15T00:47:54.744+0000] {subprocess.py:106} INFO - None
[2025-04-15T00:47:54.747+0000] {subprocess.py:106} INFO - Garrafa Térmica STanley Aerolight Fast Flow 1,1L
[2025-04-15T00:47:54.750+0000] {subprocess.py:106} INFO - [R$ 368,18]
[2025-04-15T00:47:54.752+0000] {subprocess.py:106} INFO - None
[2025-04-15T00:47:54.757+0000] {subprocess.py:106} INFO - Garrafa Térmica Stanley Aerolight Fast Flow Citron 1,1 Litros - STANLEY PMI
[2025-04-15T00:47:54.759+0000] {subprocess.py:106} INFO - [R$ 371,07]
[2025-04-15T00:47:54.762+0000] {subprocess.py:106} INFO - None
[2025-04-15T00:47:54.764+0000] {subprocess.py:106} INFO - Garrafa stanley térmica aerolight fast flow 710ml matte black 08202-00
[2025-04-15T00:47:54.767+0000] {subprocess.py:106} INFO - [R$ 324,57]
[2025-04-15T00:47:54.770+0000] {subprocess.py:106} INFO - 5.0 (1)
[2025-04-15T00:47:54.774+0000] {subprocess.py:106} INFO - Garrafa Térmica Stanley Aerolight Fast Flow 710ml Verde Limão
[2025-04-15T00:47:54.778+0000] {subprocess.py:106} INFO - [R$ 268,57]
[2025-04-15T00:47:54.781+0000] {subprocess.py:106} INFO - None
[2025-04-15T00:47:54.783+0000] {subprocess.py:106} INFO - Garrafa Térmica Stanley Aerolight Fast Flow Branco Polar 710ML - STANLEY PMI
[2025-04-15T00:47:54.785+0000] {subprocess.py:106} INFO - [R$ 369,90]
[2025-04-15T00:47:54.788+0000] {subprocess.py:106} INFO - None
[2025-04-15T00:47:54.790+0000] {subprocess.py:106} INFO - Garrafa Térmica Aerolight Fast Flow Stanley Citron 710 Ml
[2025-04-15T00:47:54.792+0000] {subprocess.py:106} INFO - [R$ 365,00]
[2025-04-15T00:47:54.795+0000] {subprocess.py:106} INFO - None
[2025-04-15T00:47:54.797+0000] {subprocess.py:106} INFO - Garrafa Térmica Stanley Aerolight Fast Flow Citron 1,1 Litros - STANLEY PMI
[2025-04-15T00:47:54.800+0000] {subprocess.py:106} INFO - [R$ 489,00]
[2025-04-15T00:47:54.802+0000] {subprocess.py:106} INFO - None
[2025-04-15T00:47:54.804+0000] {subprocess.py:106} INFO - Garrafa Térmica Stanley Aerolight Fast Flow 0.7L Verde 08205
[2025-04-15T00:47:54.807+0000] {subprocess.py:106} INFO - [R$ 344,01]
[2025-04-15T00:47:54.810+0000] {subprocess.py:106} INFO - None
[2025-04-15T00:47:54.813+0000] {subprocess.py:106} INFO - Garrafa Térmico Aerolight Fast Flow 710 Ml Citron Stanley
[2025-04-15T00:47:54.818+0000] {subprocess.py:106} INFO - [R$ 329,57]
[2025-04-15T00:47:54.821+0000] {subprocess.py:106} INFO - None
[2025-04-15T00:47:54.825+0000] {subprocess.py:106} INFO - Garrafa Térmica Aerolight Fast Flow Polar 1,1L
[2025-04-15T00:47:54.828+0000] {subprocess.py:106} INFO - [R$ 479,99]
[2025-04-15T00:47:54.831+0000] {subprocess.py:106} INFO - None
[2025-04-15T00:47:54.834+0000] {subprocess.py:106} INFO - Garrafa Térmica Stanley Aerolight Fast Flow Lavender 710ML - STANLEY PMI
[2025-04-15T00:47:54.838+0000] {subprocess.py:106} INFO - [R$ 361,77]
[2025-04-15T00:47:54.842+0000] {subprocess.py:106} INFO - None
[2025-04-15T00:47:54.846+0000] {subprocess.py:106} INFO - Garrafa Térmica Stanley Aerolight Fast Flow Tigerlily 710ML - STANLEY PMI
[2025-04-15T00:47:54.849+0000] {subprocess.py:106} INFO - [R$ 365,00]
[2025-04-15T00:47:54.851+0000] {subprocess.py:106} INFO - None
[2025-04-15T00:47:54.853+0000] {subprocess.py:110} INFO - Command exited with return code 0
[2025-04-15T00:47:55.015+0000] {taskinstance.py:341} INFO - ::group::Post task execution logs
[2025-04-15T00:47:55.017+0000] {taskinstance.py:353} INFO - Marking task as SUCCESS. dag_id=pipeline_garrafa_stanley, task_id=scrap_magalu, run_id=manual__2025-04-15T00:47:39.458921+00:00, execution_date=20250415T004739, start_date=20250415T004743, end_date=20250415T004755
[2025-04-15T00:47:55.278+0000] {local_task_job_runner.py:266} INFO - Task exited with return code 0
[2025-04-15T00:47:55.427+0000] {taskinstance.py:3901} INFO - 1 downstream tasks scheduled from follow-on schedule check
[2025-04-15T00:47:55.437+0000] {local_task_job_runner.py:245} INFO - ::endgroup::
